# Original filename: 0010_KHI_2016-10-01.log
# Time unit: 100 us
# RARECAT=digit
#
# Time	HHGG	Event
37621	42	STIM=b
43848	42	RESP=2
52850	42	STIM=s
57973	42	RESP=1
68034	42	STIM=k
75947	42	RESP=1
85321	42	STIM=3
89593	42	RESP=1
100799	42	STIM=e
109831	42	RESP=1
118354	42	STIM=e
121693	42	RESP=1
136938	42	STIM=i
147506	42	RESP=1
155509	42	STIM=y
158643	42	RESP=1
172793	42	STIM=p
177648	42	RESP=1
189046	42	STIM=n
194203	42	RESP=1
204455	42	STIM=y
214656	42	RESP=1
220029	42	STIM=h
223244	42	RESP=1
235159	42	STIM=p
237877	42	RESP=1
251915	42	STIM=j
255467	42	RESP=1
270431	42	STIM=w
275171	42	RESP=1
288820	42	STIM=b
295297	42	RESP=1
304941	42	STIM=z
309686	42	RESP=1
322782	42	STIM=i
331177	42	RESP=2
339715	42	STIM=x
348861	42	RESP=1
356253	42	STIM=o
361341	42	RESP=1
374307	42	STIM=o
378499	42	RESP=1
392622	42	STIM=2
399054	42	RESP=1
411367	42	STIM=j
414220	42	RESP=1
427251	42	STIM=d
431018	42	RESP=1
445202	42	STIM=r
449311	42	RESP=1
464035	42	STIM=y
472850	42	RESP=1
480958	42	STIM=i
485004	42	RESP=1
496938	42	STIM=0
501561	42	RESP=2
515543	42	STIM=f
520051	42	RESP=1
533572	42	STIM=m
539377	42	RESP=1
552299	42	STIM=b
556389	42	RESP=1
569001	42	STIM=g
574740	42	RESP=1
587819	42	STIM=7
594167	42	RESP=2
603420	42	STIM=e
609190	42	RESP=1
619343	42	STIM=x
629062	42	RESP=1
636472	42	STIM=5
641138	42	RESP=2
651560	42	STIM=h
657020	42	RESP=1
670139	42	STIM=8
679022	42	RESP=2
686224	42	STIM=p
697471	42	RESP=1
702465	42	STIM=2
709402	42	RESP=2
717764	42	STIM=z
726395	42	RESP=1
735983	42	STIM=7
742935	42	RESP=2
753602	42	STIM=t
757143	42	RESP=1
770991	42	STIM=u
775837	42	RESP=1
788672	42	STIM=h
795110	42	RESP=1
807623	42	STIM=2
815096	42	RESP=2
824770	42	STIM=l
830813	42	RESP=1
841865	42	STIM=d
845779	42	RESP=1
860773	42	STIM=r
865277	42	RESP=1
878169	42	STIM=e
882788	42	RESP=1
896871	42	STIM=9
903182	42	RESP=2
914132	42	STIM=x
918214	42	RESP=1
931670	42	STIM=9
942280	42	RESP=2
947927	42	STIM=e
951047	42	RESP=1
966875	42	STIM=5
972713	42	RESP=2
981910	42	STIM=x
987660	42	RESP=1
999031	42	STIM=7
1005130	42	RESP=2
1015429	42	STIM=q
1020596	42	RESP=1
1033591	42	STIM=d
1037592	42	RESP=1
1050519	42	STIM=a
1054471	42	RESP=1
1069224	42	STIM=e
1075170	42	RESP=1
1086114	42	STIM=b
1091479	42	RESP=1
1105044	42	STIM=d
1110575	42	RESP=1
1120868	42	STIM=x
1125833	42	RESP=2
1136509	42	STIM=t
1143165	42	RESP=1
1153470	42	STIM=d
1162516	42	RESP=1
1169901	42	STIM=v
1174586	42	RESP=1
1187244	42	STIM=m
1196601	42	RESP=1
1202779	42	STIM=f
1210450	42	RESP=1
1221646	42	STIM=s
1226392	42	RESP=1
1236760	42	STIM=a
1240226	42	RESP=2
1253989	42	STIM=k
1258184	42	RESP=2
1269491	42	STIM=0
1274974	42	RESP=2
1285703	42	STIM=w
1292390	42	RESP=1
1302400	42	STIM=n
1307978	42	RESP=1
1320797	42	STIM=a
1325494	42	RESP=1
1337697	42	STIM=0
1345413	42	RESP=2
1354240	42	STIM=d
1362439	42	RESP=2
1370764	42	STIM=q
1376354	42	RESP=1
1387048	42	STIM=j
1396638	42	RESP=1
1402499	42	STIM=6
1407171	42	RESP=2
1418612	42	STIM=w
1425049	42	RESP=1
1435734	42	STIM=3
1443564	42	RESP=1
1451125	42	STIM=s
1458748	42	RESP=1
1469635	42	STIM=u
1476077	42	RESP=1
1487774	42	STIM=h
1491294	42	RESP=1
1503844	42	STIM=t
1507262	42	RESP=1
1520495	42	STIM=h
1523652	42	RESP=1
1538681	42	STIM=m
1546188	42	RESP=1
1557660	42	STIM=k
1564612	42	RESP=1
1573248	42	STIM=7
1578258	42	RESP=2
1589165	42	STIM=f
1593639	42	RESP=1
1605774	42	STIM=q
1611500	42	RESP=1
1623230	42	STIM=j
1627442	42	RESP=1
1640773	42	STIM=j
1645445	42	RESP=1
1656370	42	STIM=e
1661408	42	RESP=1
1673708	42	STIM=v
1680892	42	RESP=1
1690521	42	STIM=s
1695428	42	RESP=1
1708122	42	STIM=j
1716762	42	RESP=1
1726975	42	STIM=4
1732689	42	RESP=2
1742122	42	STIM=w
1748979	42	RESP=1
1760959	42	STIM=u
1765570	42	RESP=1
1778777	42	STIM=x
1789299	42	RESP=1
1796356	42	STIM=f
1799738	42	RESP=2
1812449	42	STIM=2
1818289	42	RESP=2
1829369	42	STIM=v
1833146	42	RESP=1
1845036	42	STIM=w
1850240	42	RESP=1
1862433	42	STIM=f
1865966	42	RESP=1
1880551	42	STIM=1
1886642	42	RESP=2
1895593	42	STIM=8
1904598	42	RESP=1
1913355	42	STIM=z
1918567	42	RESP=1
1929138	42	STIM=2
1933911	42	RESP=2
1946405	42	STIM=j
1954085	42	RESP=1
1964881	42	STIM=k
1967806	42	RESP=1
1981319	42	STIM=u
1986626	42	RESP=1
1997557	42	STIM=d
2006145	42	RESP=1
2014457	42	STIM=7
2019245	42	RESP=2
2030610	42	STIM=0
2034823	42	RESP=1
2047169	42	STIM=n
2052720	42	RESP=1
2063221	42	STIM=e
2067767	42	RESP=1
2080281	42	STIM=j
2086136	42	RESP=1
2097396	42	STIM=h
2103518	42	RESP=1
2113826	42	STIM=w
2120727	42	RESP=1
2129473	42	STIM=n
2135542	42	RESP=1
2147346	42	STIM=m
2152692	42	RESP=1
2165651	42	STIM=g
2169041	42	RESP=1
2181695	42	STIM=b
2189033	42	RESP=1
2199912	42	STIM=k
2207423	42	RESP=1
2216914	42	STIM=z
2219996	42	RESP=1
2232977	42	STIM=f
2236757	42	RESP=1
2250315	42	STIM=k
2254490	42	RESP=1
2269103	42	STIM=i
2273926	42	RESP=1
2287491	42	STIM=f
2293092	42	RESP=1
2304665	42	STIM=2
2312201	42	RESP=2
2321069	42	STIM=l
2323629	42	RESP=1
2339729	42	STIM=s
2344076	42	RESP=1
2355291	42	STIM=4
2365062	42	RESP=2
2372299	42	STIM=d
2376493	42	RESP=1
2389576	42	STIM=k
2392647	42	RESP=2
2404870	42	STIM=5
2412961	42	RESP=2
2422998	42	STIM=j
2427444	42	RESP=1
2439142	42	STIM=j
2443439	42	RESP=1
2457301	42	STIM=e
2464378	42	RESP=1
2476123	42	STIM=m
2479471	42	RESP=1
2494501	42	STIM=5
2502599	42	RESP=2
2513288	42	STIM=a
2519900	42	RESP=1
2531074	42	STIM=f
2535725	42	RESP=1
2547120	42	STIM=u
2551108	42	RESP=1
2565406	42	STIM=r
2568135	42	RESP=1
2581434	42	STIM=x
2585144	42	RESP=1
2599385	42	STIM=m
2610367	42	RESP=1
2616045	42	STIM=6
2621266	42	RESP=1
2632659	42	STIM=1
2643653	42	RESP=2
2647689	42	STIM=p
2654508	42	RESP=1
2663680	42	STIM=w
2668698	42	RESP=1
2679594	42	STIM=c
2691235	42	RESP=2
2697976	42	STIM=r
2702034	42	RESP=1
2716616	42	STIM=m
2720256	42	RESP=1
2732787	42	STIM=4
2738033	42	RESP=1
2750348	42	STIM=e
2755054	42	RESP=1
2768973	42	STIM=e
2772992	42	RESP=1
2786646	42	STIM=n
2790766	42	RESP=1
2802602	42	STIM=n
2808515	42	RESP=1
2817940	42	STIM=i
2824191	42	RESP=1
2833915	42	STIM=u
2838182	42	RESP=1
2848998	42	STIM=r
2858246	42	RESP=1
2865954	42	STIM=4
2872726	42	RESP=2
2884905	42	STIM=e
2891369	42	RESP=1
2901695	42	STIM=o
2906226	42	RESP=1
2918017	42	STIM=n
2923347	42	RESP=1
2935444	42	STIM=f
2940571	42	RESP=1
2952858	42	STIM=q
2963528	42	RESP=1
2970513	42	STIM=r
2976236	42	RESP=1
2986706	42	STIM=g
2991678	42	RESP=1
3004493	42	STIM=o
3009500	42	RESP=1
3021881	42	STIM=b
3030114	42	RESP=1
3038598	42	STIM=r
3043818	42	RESP=1
3054098	42	STIM=g
3058269	42	RESP=1
3072163	42	STIM=h
3079802	42	RESP=1
3087653	42	STIM=x
3094757	42	RESP=1
3106640	42	STIM=h
3112726	42	RESP=1
3124825	42	STIM=1
3131072	42	RESP=2
3143095	42	STIM=x
3150222	42	RESP=1
3158455	42	STIM=z
3163046	42	RESP=1
3173550	42	STIM=k
3177366	42	RESP=1
3190808	42	STIM=p
3196777	42	RESP=1
3207421	42	STIM=e
3212374	42	RESP=1
3223286	42	STIM=u
3227074	42	RESP=1
3242271	42	STIM=a
3246258	42	RESP=1
3259923	42	STIM=c
3263613	42	RESP=1
3276784	42	STIM=7
3281990	42	RESP=1
3295513	42	STIM=k
3303268	42	RESP=1
3313834	42	STIM=p
3324851	42	RESP=1
3329300	42	STIM=x
3333149	42	RESP=1
3347133	42	STIM=d
3353128	42	RESP=1
3364889	42	STIM=z
3372375	42	RESP=1
3381696	42	STIM=r
3388850	42	RESP=1
3399373	42	STIM=j
3411877	42	RESP=1
3415013	42	STIM=b
3418671	42	RESP=1
3433850	42	STIM=m
3440793	42	RESP=1
3451100	42	STIM=l
3454612	42	RESP=1
3467181	42	STIM=0
3472193	42	RESP=1
3485016	42	STIM=e
3489589	42	RESP=1
3501993	42	STIM=g
3505044	42	RESP=1
3518520	42	STIM=z
3526160	42	RESP=1
3533629	42	STIM=f
3541932	42	RESP=1
3551279	42	STIM=q
3553947	42	RESP=1
3568413	42	STIM=f
3573118	42	RESP=1
3586925	42	STIM=a
3592374	42	RESP=1
3605551	42	STIM=q
3610204	42	RESP=1
3622458	42	STIM=g
3626327	42	RESP=1
3637677	42	STIM=9
3645764	42	RESP=2
3654828	42	STIM=z
3661756	42	RESP=1
3673032	42	STIM=k
3677400	42	RESP=1
3688953	42	STIM=a
3695592	42	RESP=1
3704469	42	STIM=7
3714440	42	RESP=1
3722231	42	STIM=o
3725842	42	RESP=1
3738302	42	STIM=v
3741111	42	RESP=1
3755080	42	STIM=q
3759553	42	RESP=1
3772379	42	STIM=i
3779136	42	RESP=1
3790300	42	STIM=h
3796886	42	RESP=1
3806584	42	STIM=9
3811989	42	RESP=1
3823274	42	STIM=t
3831422	42	RESP=1
3840089	42	STIM=g
3847674	42	RESP=1
3857031	42	STIM=8
3863359	42	RESP=1
3875771	42	STIM=1
3881876	42	RESP=2
3892614	42	STIM=w
3899607	42	RESP=1
3907915	42	STIM=m
3912523	42	RESP=1
3925577	42	STIM=5
3932275	42	RESP=2
3941084	42	STIM=q
3949116	42	RESP=1
3959294	42	STIM=p
3965366	42	RESP=1
3976536	42	STIM=9
3988287	42	RESP=2
3991763	42	STIM=v
3995728	42	RESP=1
4007925	42	STIM=6
4015515	42	RESP=2
4023872	42	STIM=u
4030095	42	RESP=1
4041977	42	STIM=t
4047694	42	RESP=1
4058352	42	STIM=o
4071279	42	RESP=1
4074551	42	STIM=n
4085275	42	RESP=2
4092997	42	STIM=b
4100413	42	RESP=1
4110385	42	STIM=t
4114046	42	RESP=1
4126529	42	STIM=9
4135133	42	RESP=2
4144160	42	STIM=h
4147384	42	RESP=1
4162472	42	STIM=w
4169169	42	RESP=1
4179559	42	STIM=c
4187195	42	RESP=1
4196297	42	STIM=i
4203222	42	RESP=2
4214783	42	STIM=w
4219063	42	RESP=1
4233654	42	STIM=r
4242799	42	RESP=1
4251539	42	STIM=2
4260141	42	RESP=2
4267686	42	STIM=g
4272209	42	RESP=1
4286540	42	STIM=l
4291336	42	RESP=1
4305208	42	STIM=l
4308128	42	RESP=1
4320309	42	STIM=l
4325652	42	RESP=1
4336061	42	STIM=j
4341588	42	RESP=1
4353490	42	STIM=g
4356895	42	RESP=1
4372277	42	STIM=s
4376039	42	RESP=1
4389422	42	STIM=8
4394297	42	RESP=2
4405493	42	STIM=4
4410163	42	RESP=2
4423385	42	STIM=i
4428611	42	RESP=1
4440163	42	STIM=i
4448875	42	RESP=1
4455646	42	STIM=z
4462131	42	RESP=1
4473516	42	STIM=c
4477034	42	RESP=1
4491634	42	STIM=f
4497431	42	RESP=1
4507095	42	STIM=u
4514500	42	RESP=1
4523104	42	STIM=t
4526499	42	RESP=1
4540822	42	STIM=v
4545056	42	RESP=1
4558831	42	STIM=t
4562244	42	RESP=1
4574086	42	STIM=j
4581348	42	RESP=1
4589555	42	STIM=j
4593619	42	RESP=1
4605034	42	STIM=y
4613750	42	RESP=1
4622207	42	STIM=1
4626660	42	RESP=2
4637712	42	STIM=l
4641986	42	RESP=1
4656096	42	STIM=p
4659709	42	RESP=2
4674733	42	STIM=o
4681384	42	RESP=1
4691698	42	STIM=v
4699136	42	RESP=1
4707879	42	STIM=l
4713245	42	RESP=1
4722947	42	STIM=o
4727391	42	RESP=2
4738758	42	STIM=n
4743413	42	RESP=1
4756599	42	STIM=6
4762616	42	RESP=1
4773700	42	STIM=b
4778996	42	RESP=1
4788852	42	STIM=c
4794321	42	RESP=1
4805659	42	STIM=e
4812414	42	RESP=1
4823874	42	STIM=v
4832689	42	RESP=1
4841628	42	STIM=5
4849080	42	RESP=2
4859110	42	STIM=c
4862470	42	RESP=1
4876872	42	STIM=2
4882143	42	RESP=2
4894262	42	STIM=p
4903299	42	RESP=1
4911691	42	STIM=4
4917325	42	RESP=2
4930567	42	STIM=z
4935314	42	RESP=1
4947035	42	STIM=x
4955993	42	RESP=1
4964327	42	STIM=j
4968927	42	RESP=1
4982782	42	STIM=o
4988894	42	RESP=1
4998689	42	STIM=6
5003901	42	RESP=2
5017682	42	STIM=d
5022005	42	RESP=1
5033398	42	STIM=z
5038793	42	RESP=1
5050362	42	STIM=m
5059566	42	RESP=1
5065682	42	STIM=h
5069756	42	RESP=1
5081500	42	STIM=n
5087563	42	RESP=1
5098174	42	STIM=8
5103717	42	RESP=2
5117007	42	STIM=s
5121892	42	RESP=1
5133857	42	STIM=3
5143881	42	RESP=2
5150818	42	STIM=x
5158108	42	RESP=1
5169271	42	STIM=n
5173408	42	RESP=1
5185234	42	STIM=6
5189989	42	RESP=1
5201451	42	STIM=2
5208588	42	RESP=2
5218802	42	STIM=6
5225045	42	RESP=2
5234354	42	STIM=v
5240804	42	RESP=1
5251614	42	STIM=6
5256823	42	RESP=2
5267160	42	STIM=7
5273072	42	RESP=2
5284783	42	STIM=w
5290105	42	RESP=1
5302547	42	STIM=c
5308132	42	RESP=1
5321493	42	STIM=h
5324522	42	RESP=1
5337884	42	STIM=j
5345450	42	RESP=1
5353022	42	STIM=a
5358387	42	RESP=1
5368693	42	STIM=l
5386890	42	RESP=1
5386990	42	STIM=2
5391420	42	RESP=2
5405956	42	STIM=d
5409351	42	RESP=1
5421692	42	STIM=3
5429787	42	RESP=1
5438445	42	STIM=3
5444888	42	RESP=2
5453644	42	STIM=u
5456410	42	RESP=1
5472038	42	STIM=h
5475821	42	RESP=1
5490477	42	STIM=i
5495291	42	RESP=1
5507769	42	STIM=e
5511431	42	RESP=2
5523845	42	STIM=0
5528241	42	RESP=2
5539936	42	STIM=k
5542849	42	RESP=1
5557509	42	STIM=b
5560792	42	RESP=1
5574846	42	STIM=s
5579854	42	RESP=1
5593520	42	STIM=v
5597273	42	RESP=1
5609104	42	STIM=3
5613874	42	RESP=2
5627506	42	STIM=l
5635704	42	RESP=1
5644594	42	STIM=z
5647205	42	RESP=1
5662677	42	STIM=o
5669732	42	RESP=1
5679016	42	STIM=6
5690334	42	RESP=2
5695154	42	STIM=n
5698622	42	RESP=1
5711168	42	STIM=u
5722905	42	RESP=1
5726380	42	STIM=d
5730830	42	RESP=1
5744305	42	STIM=r
5749399	42	RESP=1
5761568	42	STIM=8
5767380	42	RESP=2
5776798	42	STIM=e
5782869	42	RESP=1
5794379	42	STIM=w
5800905	42	RESP=1
5810062	42	STIM=2
5814596	42	RESP=2
5826524	42	STIM=i
5829686	42	RESP=2
5844056	42	STIM=e
5848261	42	RESP=1
5860489	42	STIM=0
5866189	42	RESP=2
5879437	42	STIM=p
5883855	42	RESP=1
5894952	42	STIM=q
5899800	42	RESP=1
5913739	42	STIM=z
5920010	42	RESP=1
5930525	42	STIM=r
5938578	42	RESP=1
5947306	42	STIM=1
5954817	42	RESP=2
5964039	42	STIM=m
5967969	42	RESP=1
5980753	42	STIM=x
5984515	42	RESP=1
5996540	42	STIM=i
6004662	42	RESP=1
6012632	42	STIM=6
6023734	42	RESP=1
6029208	42	STIM=f
6035802	42	RESP=1
6048174	42	STIM=g
6051055	42	RESP=1
6063328	42	STIM=n
6068800	42	RESP=1
6078695	42	STIM=a
6083889	42	RESP=1
6095614	42	STIM=l
6101972	42	RESP=1
6111830	42	STIM=y
6118492	42	RESP=1
6128649	42	STIM=t
6132312	42	RESP=1
6145117	42	STIM=g
6150885	42	RESP=1
6161814	42	STIM=j
6174007	42	RESP=1
6180067	42	STIM=g
6185638	42	RESP=1
6198531	42	STIM=u
6204327	42	RESP=1
6214786	42	STIM=k
6219156	42	RESP=1
6232000	42	STIM=o
6234615	42	RESP=1
6248575	42	STIM=p
6253358	42	RESP=1
6264078	42	STIM=y
6269036	42	RESP=1
6282246	42	STIM=w
6289678	42	RESP=1
6300768	42	STIM=u
6304261	42	RESP=1
6317933	42	STIM=9
6322811	42	RESP=2
6336028	42	STIM=i
6340424	42	RESP=1
6352031	42	STIM=m
6358167	42	RESP=1
6370250	42	STIM=3
6377328	42	RESP=2
6386513	42	STIM=c
6389578	42	RESP=1
6405341	42	STIM=l
6410516	42	RESP=1
6420427	42	STIM=3
6425165	42	RESP=1
6435772	42	STIM=t
6441829	42	RESP=1
6453915	42	STIM=k
6460168	42	RESP=1
6471691	42	STIM=0
6481567	42	RESP=2
6490311	42	STIM=3
6495501	42	RESP=2
6505789	42	STIM=v
6509996	42	RESP=1
6521038	42	STIM=k
6530506	42	RESP=1
6539910	42	STIM=x
6544331	42	RESP=1
6555369	42	STIM=f
6565313	42	RESP=1
6571367	42	STIM=z
6574918	42	RESP=1
6587079	42	STIM=7
6593079	42	RESP=2
6603533	42	STIM=0
6615646	42	RESP=2
6621543	42	STIM=0
6627224	42	RESP=2
6638249	42	STIM=w
6641808	42	RESP=2
6654701	42	STIM=2
6660704	42	RESP=2
6669800	42	STIM=x
6673731	42	RESP=1
6686869	42	STIM=d
6693660	42	RESP=1
6702300	42	STIM=z
6710047	42	RESP=1
6721086	42	STIM=8
6734086	42	RESP=1
6737042	42	STIM=p
6744384	42	RESP=1
6755000	42	STIM=a
6758901	42	RESP=1
6771306	42	STIM=5
6782894	42	RESP=2
6788362	42	STIM=4
6797139	42	RESP=2
6804854	42	STIM=r
6814757	42	RESP=1
6823806	42	STIM=v
6827280	42	RESP=1
6841823	42	STIM=0
6847250	42	RESP=2
6857525	42	STIM=b
6862235	42	RESP=1
6875636	42	STIM=d
6884292	42	RESP=1
6893918	42	STIM=x
6898562	42	RESP=1
6908966	42	STIM=g
6914300	42	RESP=1
6923996	42	STIM=3
6928375	42	RESP=2
6940448	42	STIM=h
6947300	42	RESP=1
6958370	42	STIM=3
6965736	42	RESP=2
6975439	42	STIM=w
6980888	42	RESP=1
6991623	42	STIM=5
6995957	42	RESP=2
7007134	42	STIM=q
7012867	42	RESP=1
7022720	42	STIM=h
7026006	42	RESP=1
7038019	42	STIM=y
7044112	42	RESP=1
7056033	42	STIM=j
7061210	42	RESP=1
7072607	42	STIM=5
7079450	42	RESP=2
7091278	42	STIM=j
7096465	42	RESP=1
7108669	42	STIM=b
7114357	42	RESP=1
7125392	42	STIM=a
7129401	42	RESP=1
7140722	42	STIM=o
7148391	42	RESP=1
7158959	42	STIM=3
7164901	42	RESP=1
7174359	42	STIM=0
7182408	42	RESP=2
7193205	42	STIM=t
7200074	42	RESP=1
7209896	42	STIM=q
7214014	42	RESP=2
7226067	42	STIM=b
7228757	42	RESP=1
7243327	42	STIM=u
7247382	42	RESP=1
7258665	42	STIM=n
7263548	42	RESP=1
7274265	42	STIM=3
7283240	42	RESP=2
7290897	42	STIM=4
7295432	42	RESP=2
7307227	42	STIM=q
7317424	42	RESP=1
7323788	42	STIM=s
7330065	42	RESP=1
7340455	42	STIM=z
7345488	42	RESP=1
7356980	42	STIM=2
7362619	42	RESP=2
7372352	42	STIM=f
7381129	42	RESP=1
7390954	42	STIM=y
7395497	42	RESP=2
7407715	42	STIM=z
7415359	42	RESP=1
7422958	42	STIM=s
7427298	42	RESP=1
7438242	42	STIM=b
7451189	42	RESP=1
7456846	42	STIM=k
7464641	42	RESP=1
7473078	42	STIM=0
7477314	42	RESP=2
7490528	42	STIM=y
7495026	42	RESP=1
7507836	42	STIM=y
7517034	42	RESP=1
7526014	42	STIM=8
7531990	42	RESP=1
7541422	42	STIM=d
7546801	42	RESP=1
7557210	42	STIM=t
7561497	42	RESP=1
7572248	42	STIM=j
7576900	42	RESP=1
7589093	42	STIM=n
7593550	42	RESP=1
7607018	42	STIM=q
7610807	42	RESP=1
7622258	42	STIM=3
7626586	42	RESP=2
7639204	42	STIM=u
7643364	42	RESP=1
7656951	42	STIM=j
7660958	42	RESP=2
7674238	42	STIM=z
7679630	42	RESP=1
7689399	42	STIM=o
7692742	42	RESP=2
7707797	42	STIM=q
7712478	42	RESP=1
7726344	42	STIM=w
7731739	42	RESP=1
7745312	42	STIM=d
7748510	42	RESP=1
7762089	42	STIM=0
7772173	42	RESP=2
7779711	42	STIM=x
7784865	42	RESP=1
7797938	42	STIM=u
7804353	42	RESP=1
7815743	42	STIM=2
7822247	42	RESP=2
7832391	42	STIM=m
7836304	42	RESP=1
7851167	42	STIM=8
7856345	42	RESP=1
7869816	42	STIM=k
7876609	42	RESP=1
7887945	42	STIM=b
7891891	42	RESP=1
7906884	42	STIM=a
7917523	42	RESP=1
7922577	42	STIM=1
7927919	42	RESP=2
7937652	42	STIM=0
7947485	42	RESP=2
7954544	42	STIM=p
7959761	42	RESP=1
7970174	42	STIM=d
7976335	42	RESP=1
7986453	42	STIM=b
7991104	42	RESP=1
8003168	42	STIM=s
8007686	42	RESP=1
8020857	42	STIM=w
8024845	42	RESP=1
8037449	42	STIM=k
8042115	42	RESP=1
8054551	42	STIM=k
8057772	42	RESP=2
8071459	42	STIM=x
8078124	42	RESP=1
8090149	42	STIM=5
8100074	42	RESP=2
8108238	42	STIM=4
8116842	42	RESP=2
8124905	42	STIM=n
8130572	42	RESP=1
8140980	42	STIM=m
8144420	42	RESP=1
8156386	42	STIM=b
8160803	42	RESP=1
8174604	42	STIM=1
8180906	42	RESP=2
8191630	42	STIM=p
8197192	42	RESP=1
8208767	42	STIM=p
8213309	42	RESP=1
8225438	42	STIM=u
8230679	42	RESP=1
8241882	42	STIM=g
8248585	42	RESP=1
8258227	42	STIM=s
8265400	42	RESP=1
8273350	42	STIM=b
8284571	42	RESP=1
8291708	42	STIM=o
8298253	42	RESP=1
8310647	42	STIM=b
8318112	42	RESP=1
8327959	42	STIM=5
8335954	42	RESP=2
8343364	42	STIM=a
8348320	42	RESP=1
8362285	42	STIM=l
8365719	42	RESP=1
8378582	42	STIM=b
8388393	42	RESP=1
8396423	42	STIM=m
8403086	42	RESP=1
8413052	42	STIM=p
8422043	42	RESP=1
8429788	42	STIM=t
8436161	42	RESP=1
8446463	42	STIM=3
8452788	42	RESP=2
8462313	42	STIM=0
8470639	42	RESP=2
8480978	42	STIM=c
8491006	42	RESP=1
8499353	42	STIM=p
8505542	42	RESP=1
8517981	42	STIM=g
8523775	42	RESP=1
8533689	42	STIM=p
8543442	42	RESP=1
8552341	42	STIM=3
8556798	42	RESP=2
8570471	42	STIM=k
8575810	42	RESP=1
8587967	42	STIM=j
8597917	42	RESP=1
8605109	42	STIM=4
8609703	42	RESP=2
8620239	42	STIM=0
8627547	42	RESP=2
8636072	42	STIM=z
8641266	42	RESP=1
8653402	42	STIM=k
8658227	42	RESP=1
8671502	42	STIM=7
8679906	42	RESP=2
8687290	42	STIM=e
8690762	42	RESP=1
8703063	42	STIM=d
8707706	42	RESP=1
8720954	42	STIM=q
8731282	42	RESP=1
8736604	42	STIM=s
8745300	42	RESP=1
8753498	42	STIM=6
8758271	42	RESP=2
8769823	42	STIM=u
8774933	42	RESP=1
8786589	42	STIM=z
8797322	42	RESP=1
8801753	42	STIM=c
8815085	42	RESP=1
8817401	42	STIM=o
8822518	42	RESP=1
8836304	42	STIM=o
8841487	42	RESP=1
8855281	42	STIM=7
8861593	42	RESP=2
8871052	42	STIM=b
8878509	42	RESP=1
8888217	42	STIM=t
8892057	42	RESP=1
8904737	42	STIM=5
8913503	42	RESP=2
8920357	42	STIM=j
8925295	42	RESP=1
8938975	42	STIM=4
8943865	42	RESP=2
8957320	42	STIM=q
8961887	42	RESP=1
8974645	42	STIM=d
8978518	42	RESP=1
8992232	42	STIM=n
9002878	42	RESP=1
9010305	42	STIM=i
9015368	42	RESP=1
9025797	42	STIM=n
9034137	42	RESP=1
9042855	42	STIM=k
9047751	42	RESP=1
9059193	42	STIM=u
9068952	42	RESP=1
9074232	42	STIM=l
9077782	42	RESP=1
9092702	42	STIM=k
9102893	42	RESP=1
9110333	42	STIM=h
9114797	42	RESP=1
9128761	42	STIM=g
9132014	42	RESP=1
9146967	42	STIM=1
9154097	42	RESP=2
9165010	42	STIM=g
9170523	42	RESP=1
9180826	42	STIM=r
9188416	42	RESP=1
9197470	42	STIM=8
9204147	42	RESP=2
9214320	42	STIM=2
9220347	42	RESP=2
9232894	42	STIM=0
9240253	42	RESP=2
9251666	42	STIM=l
9256423	42	RESP=1
9268464	42	STIM=v
9274429	42	RESP=1
9286735	42	STIM=0
9295605	42	RESP=2
9304552	42	STIM=p
9309624	42	RESP=1
9321074	42	STIM=n
9329417	42	RESP=1
9338402	42	STIM=x
9341710	42	RESP=1
9354817	42	STIM=j
9359987	42	RESP=1
9372956	42	STIM=p
9380669	42	RESP=1
9391204	42	STIM=s
9398192	42	RESP=1
9406620	42	STIM=v
9412635	42	RESP=2
9422706	42	STIM=d
9426854	42	RESP=1
9440355	42	STIM=5
9447153	42	RESP=2
9458292	42	STIM=o
9461627	42	RESP=1
9475805	42	STIM=2
9481945	42	RESP=1
9490884	42	STIM=u
9495355	42	RESP=1
9508573	42	STIM=p
9517992	42	RESP=1
9524213	42	STIM=m
9533603	42	RESP=1
9541642	42	STIM=a
9554099	42	RESP=1
9557490	42	STIM=r
9564918	42	RESP=1
9575291	42	STIM=p
9579038	42	RESP=1
9591811	42	STIM=p
9600037	42	RESP=1
9610554	42	STIM=w
9614670	42	RESP=1
9628206	42	STIM=u
9632688	42	RESP=1
9644015	42	STIM=e
9647092	42	RESP=1
9662202	42	STIM=x
9666636	42	RESP=1
9681107	42	STIM=7
9686133	42	RESP=2
9698882	42	STIM=f
9703746	42	RESP=1
9715551	42	STIM=6
9721528	42	RESP=2
9733663	42	STIM=5
9740688	42	RESP=2
9750881	42	STIM=o
9757487	42	RESP=1
9766148	42	STIM=w
9772407	42	RESP=1
9784603	42	STIM=9
9789896	42	RESP=2
9800673	42	STIM=v
9804746	42	RESP=1
9816611	42	STIM=k
9822839	42	RESP=2
9833695	42	STIM=w
9839047	42	RESP=1
9849520	42	STIM=8
9855098	42	RESP=2
9865889	42	STIM=c
9871436	42	RESP=1
9882143	42	STIM=t
9887332	42	RESP=1
9899837	42	STIM=m
9905420	42	RESP=1
9917781	42	STIM=s
9921834	42	RESP=1
9933556	42	STIM=1
9941417	42	RESP=2
9951656	42	STIM=b
9956640	42	RESP=1
9967512	42	STIM=w
9974234	42	RESP=1
9985817	42	STIM=l
9991106	42	RESP=1
10001062	42	STIM=s
10005430	42	RESP=1
10016734	42	STIM=r
10023794	42	RESP=1
10033655	42	STIM=j
10039310	42	RESP=1
10051349	42	STIM=j
10058543	42	RESP=1
10066608	42	STIM=i
10069830	42	RESP=1
10084354	42	STIM=t
10090193	42	RESP=1
10099839	42	STIM=a
10107309	42	RESP=1
10116585	42	STIM=w
10120431	42	RESP=1
10135046	42	STIM=t
10142837	42	RESP=1
10152084	42	STIM=k
10159478	42	RESP=1
10167603	42	STIM=a
10170720	42	RESP=1
10184687	42	STIM=p
10189040	42	RESP=1
10200621	42	STIM=k
10207038	42	RESP=1
10216102	42	STIM=s
10220430	42	RESP=1
10234368	42	STIM=m
10239560	42	RESP=1
10250637	42	STIM=t
10255860	42	RESP=1
10266770	42	STIM=k
10271126	42	RESP=1
10282477	42	STIM=n
10288907	42	RESP=1
10299020	42	STIM=j
10303983	42	RESP=1
10317603	42	STIM=t
10322354	42	RESP=1
10333176	42	STIM=1
10340072	42	RESP=1
10349821	42	STIM=m
10356464	42	RESP=1
10366640	42	STIM=g
10371513	42	RESP=1
10384934	42	STIM=p
10392250	42	RESP=1
10403704	42	STIM=i
10406846	42	RESP=1
10421078	42	STIM=4
10427171	42	RESP=2
10436270	42	STIM=b
10440877	42	RESP=1
10452945	42	STIM=m
10460867	42	RESP=1
10469426	42	STIM=q
10471871	42	RESP=1
10486084	42	STIM=y
10491361	42	RESP=1
10503405	42	STIM=f
10512432	42	RESP=1
10519251	42	STIM=l
10522219	42	RESP=1
10536723	42	STIM=3
10542205	42	RESP=1
10555276	42	STIM=j
10566288	42	RESP=2
10574237	42	STIM=x
10579417	42	RESP=1
10589437	42	STIM=4
10597873	42	RESP=2
10606114	42	STIM=a
10614721	42	RESP=1
10624372	42	STIM=s
10628644	42	RESP=1
10642930	42	STIM=a
10649147	42	RESP=1
10661736	42	STIM=r
10665313	42	RESP=1
10677500	42	STIM=4
10683353	42	RESP=1
10694790	42	STIM=k
10700640	42	RESP=1
10711003	42	STIM=9
10719235	42	RESP=2
10729699	42	STIM=w
10735163	42	RESP=1
10747196	42	STIM=j
10752723	42	RESP=1
10763486	42	STIM=n
10768235	42	RESP=1
10780258	42	STIM=u
10785120	42	RESP=1
10797835	42	STIM=z
10804544	42	RESP=1
10813217	42	STIM=m
10819610	42	RESP=1
10831911	42	STIM=n
10835916	42	RESP=1
10847631	42	STIM=r
10856900	42	RESP=1
10863159	42	STIM=h
10870986	42	RESP=1
10881552	42	STIM=n
10886145	42	RESP=1
10897042	42	STIM=d
10904240	42	RESP=2
10914046	42	STIM=c
10917244	42	RESP=1
10931572	42	STIM=e
10935479	42	RESP=1
10950157	42	STIM=m
10955858	42	RESP=1
10967876	42	STIM=3
10973736	42	RESP=1
10984117	42	STIM=h
10990212	42	RESP=1
11000912	42	STIM=a
11006671	42	RESP=1
11018222	42	STIM=x
11024442	42	RESP=1
11033476	42	STIM=v
11038742	42	RESP=1
11049996	42	STIM=o
11054756	42	RESP=1
11065213	42	STIM=d
11070335	42	RESP=1
11080926	42	STIM=m
11086221	42	RESP=1
11098902	42	STIM=1
11107680	42	RESP=1
11115077	42	STIM=q
11119934	42	RESP=1
11130447	42	STIM=y
11137303	42	RESP=1
11148684	42	STIM=a
11151696	42	RESP=1
11163753	42	STIM=b
11167691	42	RESP=1
11181961	42	STIM=t
11187439	42	RESP=1
11199615	42	STIM=o
11202602	42	RESP=1
11218438	42	STIM=p
11223533	42	RESP=1
11236223	42	STIM=y
11241627	42	RESP=1
11253298	42	STIM=h
11260330	42	RESP=1
11269165	42	STIM=h
11278066	42	RESP=1
11288148	42	STIM=0
11294310	42	RESP=2
11306697	42	STIM=a
11312513	42	RESP=1
11323431	42	STIM=s
11329653	42	RESP=1
11341642	42	STIM=t
11346687	42	RESP=1
11359250	42	STIM=1
11366156	42	RESP=2
11374745	42	STIM=b
11381328	42	RESP=1
11391375	42	STIM=o
11397791	42	RESP=1
11409381	42	STIM=a
11417852	42	RESP=1
11427143	42	STIM=r
11431597	42	RESP=1
11445966	42	STIM=2
11454024	42	RESP=2
11463003	42	STIM=x
11466581	42	RESP=1
11478363	42	STIM=v
11482251	42	RESP=1
11497214	42	STIM=a
11503447	42	RESP=1
11515892	42	STIM=e
11522779	42	RESP=1
11531073	42	STIM=l
11534946	42	RESP=1
11547443	42	STIM=1
11555346	42	RESP=2
11563221	42	STIM=3
11567818	42	RESP=2
11580675	42	STIM=p
11585442	42	RESP=1
11597958	42	STIM=l
11602580	42	RESP=1
11615159	42	STIM=2
11619493	42	RESP=2
11632317	42	STIM=3
11637648	42	RESP=1
11649052	42	STIM=s
11653036	42	RESP=1
11666061	42	STIM=s
11674495	42	RESP=1
11684116	42	STIM=x
11691745	42	RESP=1
11702002	42	STIM=j
11711458	42	RESP=1
11720486	42	STIM=t
11724414	42	RESP=1
11736021	42	STIM=s
11745559	42	RESP=1
11754172	42	STIM=8
11765962	42	RESP=1
11772173	42	STIM=l
11777552	42	RESP=1
11789356	42	STIM=f
11793142	42	RESP=1
11807718	42	STIM=a
11814316	42	RESP=1
11825564	42	STIM=y
11832602	42	RESP=1
11841876	42	STIM=v
11848112	42	RESP=1
11860616	42	STIM=8
11865963	42	RESP=2
11878293	42	STIM=b
11884279	42	RESP=1
11893595	42	STIM=5
11899251	42	RESP=2
11911738	42	STIM=1
11916591	42	RESP=1
11928695	42	STIM=k
11935388	42	RESP=1
11944396	42	STIM=b
11948394	42	RESP=1
11961671	42	STIM=d
11966219	42	RESP=1
11979824	42	STIM=p
11984040	42	RESP=1
11996685	42	STIM=a
12001052	42	RESP=1
12015267	42	STIM=t
12018420	42	RESP=1
12032983	42	STIM=j
12035966	42	RESP=1
12048736	42	STIM=l
12056616	42	RESP=1
12065068	42	STIM=h
12070155	42	RESP=1
12082749	42	STIM=h
12087301	42	RESP=1
12101486	42	STIM=4
12109905	42	RESP=2
12118360	42	STIM=o
12124624	42	RESP=1
12134220	42	STIM=f
12138797	42	RESP=1
12152200	42	STIM=f
12160617	42	RESP=1
12170111	42	STIM=s
12178830	42	RESP=1
12188104	42	STIM=s
12192156	42	RESP=1
12206429	42	STIM=m
12211408	42	RESP=1
12224599	42	STIM=n
12228235	42	RESP=1
12239604	42	STIM=p
12248565	42	RESP=1
12256947	42	STIM=s
12262578	42	RESP=1
12273359	42	STIM=b
12280860	42	RESP=1
12289010	42	STIM=z
12294433	42	RESP=1
12305716	42	STIM=g
12315600	42	RESP=1
12324496	42	STIM=g
12327948	42	RESP=1
12342899	42	STIM=r
12347989	42	RESP=1
12359285	42	STIM=e
12363718	42	RESP=1
12375835	42	STIM=8
12379916	42	RESP=1
12391120	42	STIM=b
12401685	42	RESP=1
12408741	42	STIM=a
12415495	42	RESP=1
12424004	42	STIM=p
12432137	42	RESP=1
12442094	42	STIM=v
12446096	42	RESP=1
12458851	42	STIM=3
12466005	42	RESP=2
12476454	42	STIM=l
12480366	42	RESP=1
12492622	42	STIM=z
12499652	42	RESP=1
12510926	42	STIM=b
12516252	42	RESP=1
12526583	42	STIM=j
12531871	42	RESP=1
12543933	42	STIM=m
12548977	42	RESP=1
12559167	42	STIM=t
12565733	42	RESP=1
12574564	42	STIM=3
12581529	42	RESP=2
12590779	42	STIM=v
12596218	42	RESP=1
12607971	42	STIM=d
12612560	42	RESP=1
12623698	42	STIM=v
12629274	42	RESP=1
12641991	42	STIM=y
12646427	42	RESP=1
12658413	42	STIM=b
12661814	42	RESP=1
12673552	42	STIM=s
12679263	42	RESP=1
12690070	42	STIM=l
12694088	42	RESP=2
12708544	42	STIM=d
12713256	42	RESP=1
12725230	42	STIM=9
12732853	42	RESP=2
12740346	42	STIM=2
12746064	42	RESP=2
12757043	42	STIM=d
12763227	42	RESP=1
12772927	42	STIM=9
12782988	42	RESP=1
12790046	42	STIM=z
12796724	42	RESP=1
12807204	42	STIM=v
12812688	42	RESP=1
12825096	42	STIM=y
12829885	42	RESP=1
12843298	42	STIM=a
12849376	42	RESP=1
12860341	42	STIM=k
12865827	42	RESP=1
12876704	42	STIM=1
12882458	42	RESP=2
12895647	42	STIM=9
12903829	42	RESP=2
12910789	42	STIM=n
12918019	42	RESP=1
12926320	42	STIM=o
12931051	42	RESP=1
12943928	42	STIM=d
12947852	42	RESP=1
12962579	42	STIM=j
12965983	42	RESP=1
12980393	42	STIM=5
12987121	42	RESP=1
12998069	42	STIM=s
13002447	42	RESP=1
13013377	42	STIM=i
13019061	42	RESP=1
13030304	42	STIM=n
13046626	42	RESP=1
13047414	42	STIM=d
13054979	42	RESP=1
13062888	42	STIM=w
13068857	42	RESP=1
13078794	42	STIM=6
13085278	42	RESP=2
13095496	42	STIM=f
13101624	42	RESP=1
13112037	42	STIM=2
13117384	42	RESP=1
13130859	42	STIM=b
13137122	42	RESP=1
13147609	42	STIM=p
13152683	42	RESP=2
13163068	42	STIM=l
13167357	42	RESP=1
13181746	42	STIM=z
13185101	42	RESP=1
13200120	42	STIM=j
13205878	42	RESP=1
13217233	42	STIM=e
13223395	42	RESP=1
13234026	42	STIM=b
13238176	42	RESP=1
13250470	42	STIM=c
13256356	42	RESP=1
13266230	42	STIM=a
13271654	42	RESP=1
13281896	42	STIM=k
13289603	42	RESP=1
13300526	42	STIM=z
13304776	42	RESP=1
13318488	42	STIM=0
13327230	42	RESP=2
13337388	42	STIM=x
13343537	42	RESP=1
13353789	42	STIM=e
13357252	42	RESP=1
13370389	42	STIM=p
13375819	42	RESP=2
13387280	42	STIM=c
13394862	42	RESP=1
13405941	42	STIM=s
13413590	42	RESP=1
13420951	42	STIM=3
13428222	42	RESP=2
13439399	42	STIM=y
13447151	42	RESP=1
13457289	42	STIM=0
13462155	42	RESP=2
13474190	42	STIM=r
13481203	42	RESP=1
13490223	42	STIM=8
13496278	42	RESP=2
13508384	42	STIM=u
13511597	42	RESP=1
13524663	42	STIM=1
13528783	42	RESP=1
13540365	42	STIM=m
13544068	42	RESP=1
13555464	42	STIM=2
13560223	42	RESP=2
13570783	42	STIM=i
13575247	42	RESP=1
13589092	42	STIM=x
13598268	42	RESP=1
13606485	42	STIM=c
13610941	42	RESP=1
13621994	42	STIM=j
13627499	42	RESP=1
13638288	42	STIM=4
13646074	42	RESP=2
13654492	42	STIM=q
13661586	42	RESP=1
13669723	42	STIM=w
13674376	42	RESP=1
13688225	42	STIM=p
13693041	42	RESP=1
13704644	42	STIM=g
13708744	42	RESP=1
13722718	42	STIM=w
13726422	42	RESP=1
13740464	42	STIM=v
13743712	42	RESP=1
13757176	42	STIM=h
13761771	42	RESP=1
13774296	42	STIM=r
13779560	42	RESP=1
13790792	42	STIM=p
13795326	42	RESP=1
13807846	42	STIM=t
13817912	42	RESP=1
13825264	42	STIM=y
13831485	42	RESP=2
13842661	42	STIM=m
13851568	42	RESP=1
13859828	42	STIM=5
13865892	42	RESP=2
13877193	42	STIM=e
13882558	42	RESP=1
13892489	42	STIM=s
13897809	42	RESP=1
13909842	42	STIM=i
13917538	42	RESP=1
13926920	42	STIM=s
13930149	42	RESP=2
13945113	42	STIM=o
13952291	42	RESP=1
13963300	42	STIM=q
13966750	42	RESP=1
13978652	42	STIM=t
13984725	42	RESP=1
13993960	42	STIM=q
14000775	42	RESP=1
14012561	42	STIM=y
14017590	42	RESP=1
14030582	42	STIM=t
14034471	42	RESP=1
14045782	42	STIM=g
14053413	42	RESP=1
14061222	42	STIM=r
14064947	42	RESP=1
14078622	42	STIM=f
14081795	42	RESP=1
14096976	42	STIM=1
14102182	42	RESP=1
14112769	42	STIM=j
14119242	42	RESP=1
14129154	42	STIM=m
14134796	42	RESP=1
14145727	42	STIM=l
14150433	42	RESP=1
14164462	42	STIM=j
14171476	42	RESP=1
14182522	42	STIM=y
14188162	42	RESP=1
14200866	42	STIM=y
14207018	42	RESP=1
14218645	42	STIM=r
14222566	42	RESP=1
14236296	42	STIM=c
14240865	42	RESP=1
14252919	42	STIM=h
14259990	42	RESP=1
14271824	42	STIM=5
14277255	42	RESP=2
14288313	42	STIM=q
14292958	42	RESP=1
14306041	42	STIM=r
14313691	42	RESP=1
14324106	42	STIM=p
14328242	42	RESP=1
14342772	42	STIM=k
14347612	42	RESP=1
14360485	42	STIM=1
14369715	42	RESP=2
14379399	42	STIM=t
14386941	42	RESP=1
14398215	42	STIM=3
14405823	42	RESP=2
14414260	42	STIM=v
14420416	42	RESP=1
14431313	42	STIM=k
14440207	42	RESP=1
14446859	42	STIM=3
14452670	42	RESP=2
14462424	42	STIM=6
14469595	42	RESP=2
14480203	42	STIM=9
14486554	42	RESP=2
14496901	42	STIM=f
14506992	42	RESP=1
14515773	42	STIM=8
14525723	42	RESP=2
14534598	42	STIM=h
14538375	42	RESP=1
14552760	42	STIM=t
14556269	42	RESP=1
14570301	42	STIM=y
14575576	42	RESP=2
14587739	42	STIM=x
14591519	42	RESP=1
14605739	42	STIM=l
14614772	42	RESP=1
14622235	42	STIM=i
14625875	42	RESP=1
14637479	42	STIM=a
14645397	42	RESP=1
14654735	42	STIM=d
14661318	42	RESP=1
14670676	42	STIM=u
14676862	42	RESP=1
14686796	42	STIM=o
14690468	42	RESP=1
14702282	42	STIM=d
14706756	42	RESP=1
14721257	42	STIM=6
14726418	42	RESP=2
14736795	42	STIM=a
14746253	42	RESP=1
14751804	42	STIM=f
14756054	42	RESP=1
14769725	42	STIM=l
14775487	42	RESP=1
14788682	42	STIM=s
14795872	42	RESP=2
14803800	42	STIM=c
14807320	42	RESP=1
14821961	42	STIM=o
14828390	42	RESP=1
14840536	42	STIM=y
14845895	42	RESP=1
14858259	42	STIM=k
14863330	42	RESP=1
14874312	42	STIM=x
14882042	42	RESP=1
14890783	42	STIM=i
14894962	42	RESP=1
14908641	42	STIM=3
14914455	42	RESP=1
14927011	42	STIM=v
14929925	42	RESP=1
14945965	42	STIM=y
14952257	42	RESP=1
14963302	42	STIM=l
14967539	42	RESP=1
14981001	42	STIM=c
14987108	42	RESP=1
14999896	42	STIM=a
15004729	42	RESP=2
15016582	42	STIM=u
15019865	42	RESP=1
15034900	42	STIM=f
15039148	42	RESP=1
15053250	42	STIM=n
15056348	42	RESP=1
15069951	42	STIM=t
15077428	42	RESP=1
15086056	42	STIM=d
15092025	42	RESP=1
15104348	42	STIM=f
15108531	42	RESP=1
15120868	42	STIM=x
15131301	42	RESP=1
15139387	42	STIM=y
15147704	42	RESP=1
15155263	42	STIM=x
15163022	42	RESP=1
15173086	42	STIM=s
15179762	42	RESP=1
15190565	42	STIM=m
15197816	42	RESP=1
15209167	42	STIM=4
15216144	42	RESP=2
15225586	42	STIM=n
15229198	42	RESP=1
15242841	42	STIM=c
15248311	42	RESP=1
15260195	42	STIM=a
15266953	42	RESP=1
15277614	42	STIM=e
15281620	42	RESP=1
15293609	42	STIM=9
15299113	42	RESP=1
15309767	42	STIM=s
15313656	42	RESP=1
15326416	42	STIM=r
15332092	42	RESP=1
15342436	42	STIM=k
15350873	42	RESP=1
15361312	42	STIM=g
15366977	42	RESP=1
15379228	42	STIM=v
15388717	42	RESP=1
15397307	42	STIM=f
15402564	42	RESP=1
15414555	42	STIM=h
15419116	42	RESP=1
15432391	42	STIM=c
15440776	42	RESP=1
15449645	42	STIM=n
15453018	42	RESP=1
15468236	42	STIM=4
15472883	42	RESP=2
15483757	42	STIM=l
15489381	42	RESP=1
15499740	42	STIM=r
15505574	42	RESP=1
15515155	42	STIM=p
15519277	42	RESP=1
15532049	42	STIM=p
15537758	42	RESP=1
15549624	42	STIM=i
15558015	42	RESP=1
15567946	42	STIM=j
15573578	42	RESP=1
15584095	42	STIM=s
15587899	42	RESP=1
15602549	42	STIM=x
15608221	42	RESP=1
15618431	42	STIM=h
15623126	42	RESP=2
15634488	42	STIM=e
15639376	42	RESP=1
15651146	42	STIM=v
15655100	42	RESP=1
15668156	42	STIM=y
15674707	42	RESP=1
15686273	42	STIM=e
15691764	42	RESP=1
15703563	42	STIM=w
15709468	42	RESP=1
15719524	42	STIM=4
15726118	42	RESP=2
15735489	42	STIM=2
15744083	42	RESP=2
15752755	42	STIM=r
15760365	42	RESP=1
15770814	42	STIM=s
15774256	42	RESP=1
15789130	42	STIM=z
15794507	42	RESP=1
15805834	42	STIM=v
15811821	42	RESP=1
15821526	42	STIM=u
15827795	42	RESP=1
15839603	42	STIM=1
15843808	42	RESP=2
15855032	42	STIM=s
15858823	42	RESP=1
15870723	42	STIM=p
15875822	42	RESP=1
15889363	42	STIM=y
15894852	42	RESP=1
15907553	42	STIM=3
15915691	42	RESP=2
15924240	42	STIM=i
15929622	42	RESP=1
15943175	42	STIM=d
15947532	42	RESP=1
15958717	42	STIM=e
15966322	42	RESP=1
15975885	42	STIM=i
15980241	42	RESP=1
15994232	42	STIM=v
15998747	42	RESP=1
16010846	42	STIM=i
16015288	42	RESP=1
16028222	42	STIM=k
16031664	42	RESP=1
16043527	42	STIM=2
16049423	42	RESP=2
16059406	42	STIM=r
16064642	42	RESP=1
16077615	42	STIM=i
16080789	42	RESP=1
16093497	42	STIM=p
16106780	42	RESP=1
16110213	42	STIM=v
16114527	42	RESP=1
16129110	42	STIM=1
16133533	42	RESP=2
16145913	42	STIM=p
16151953	42	RESP=1
16163715	42	STIM=e
16170654	42	RESP=1
16180272	42	STIM=v
16183867	42	RESP=1
16197732	42	STIM=u
16202030	42	RESP=1
16214475	42	STIM=q
16218298	42	RESP=1
16230204	42	STIM=l
16236276	42	RESP=1
16247510	42	STIM=b
16250587	42	RESP=1
16264223	42	STIM=j
16275977	42	RESP=1
16279305	42	STIM=q
16285363	42	RESP=1
16296609	42	STIM=0
16301826	42	RESP=2
16314409	42	STIM=p
16321720	42	RESP=2
16330321	42	STIM=e
16334861	42	RESP=1
16347686	42	STIM=q
16353003	42	RESP=1
16366615	42	STIM=a
16370086	42	RESP=1
16382248	42	STIM=y
16394787	42	RESP=1
16397393	42	STIM=m
16402571	42	RESP=1
16415100	42	STIM=u
16422200	42	RESP=1
16430480	42	STIM=b
16434556	42	RESP=1
16447827	42	STIM=x
16452975	42	RESP=1
16463269	42	STIM=y
16467258	42	RESP=1
16479954	42	STIM=6
16486190	42	RESP=1
16495703	42	STIM=i
16500982	42	RESP=1
16513458	42	STIM=b
16518804	42	RESP=1
16532179	42	STIM=j
16537443	42	RESP=1
16548092	42	STIM=x
16551854	42	RESP=1
16565880	42	STIM=a
16573537	42	RESP=1
16583492	42	STIM=k
16588313	42	RESP=1
16599857	42	STIM=k
16607477	42	RESP=1
16618789	42	STIM=l
16622363	42	RESP=1
16634708	42	STIM=u
16637331	42	RESP=1
16653431	42	STIM=4
16658640	42	RESP=2
16668437	42	STIM=m
16678620	42	RESP=1
16684284	42	STIM=m
16689387	42	RESP=1
16700676	42	STIM=7
16707020	42	RESP=2
16716393	42	STIM=7
16727788	42	RESP=2
16731516	42	STIM=s
16738904	42	RESP=1
16750503	42	STIM=s
16753268	42	RESP=1
16768086	42	STIM=k
16773672	42	RESP=1
16785122	42	STIM=i
16792078	42	RESP=1
16800469	42	STIM=0
16806934	42	RESP=2
16816897	42	STIM=z
16824008	42	RESP=1
16834510	42	STIM=k
16840326	42	RESP=1
16849687	42	STIM=2
16858146	42	RESP=2
16866016	42	STIM=g
16873853	42	RESP=1
16881266	42	STIM=d
16889390	42	RESP=1
16897169	42	STIM=x
16906011	42	RESP=1
16913879	42	STIM=c
16921638	42	RESP=1
16929646	42	STIM=z
16937560	42	RESP=1
16947593	42	STIM=d
16951101	42	RESP=1
16964390	42	STIM=o
16971520	42	RESP=1
16981621	42	STIM=e
16986227	42	RESP=1
16999453	42	STIM=a
17002498	42	RESP=1
17014920	42	STIM=d
17024020	42	RESP=1
17031088	42	STIM=h
17034518	42	RESP=1
17049566	42	STIM=z
17061484	42	RESP=1
17068388	42	STIM=2
17075485	42	RESP=2
17086567	42	STIM=7
17090042	42	RESP=2
17102202	42	STIM=o
17106489	42	RESP=1
17120307	42	STIM=u
17124060	42	RESP=1
17139297	42	STIM=3
17146089	42	RESP=2
17154975	42	STIM=v
17158874	42	RESP=1
17171249	42	STIM=a
17180013	42	RESP=1
17190206	42	STIM=8
17200339	42	RESP=2
17207205	42	STIM=0
17212529	42	RESP=2
17222817	42	STIM=r
17226645	42	RESP=1
17239339	42	STIM=5
17246028	42	RESP=2
17257440	42	STIM=j
17261997	42	RESP=1
17272541	42	STIM=s
17279460	42	RESP=1
17288534	42	STIM=u
17296531	42	RESP=1
17305327	42	STIM=w
17309615	42	RESP=1
17322113	42	STIM=v
17326005	42	RESP=1
17338916	42	STIM=3
17346791	42	RESP=2
17356286	42	STIM=b
17366137	42	RESP=1
17374609	42	STIM=u
17380747	42	RESP=1
17391411	42	STIM=q
17398656	42	RESP=1
17410135	42	STIM=a
17418984	42	RESP=1
17428656	42	STIM=r
17432342	42	RESP=1
17446446	42	STIM=c
17452244	42	RESP=1
17463668	42	STIM=4
17471965	42	RESP=2
17482139	42	STIM=h
17488434	42	RESP=1
17498795	42	STIM=s
17511831	42	RESP=1
17514433	42	STIM=f
17519980	42	RESP=1
17532239	42	STIM=l
17536158	42	RESP=2
17551140	42	STIM=r
17557143	42	RESP=1
17568311	42	STIM=a
17572788	42	RESP=1
17586436	42	STIM=q
17593449	42	RESP=1
17603648	42	STIM=s
17609259	42	RESP=1
17620493	42	STIM=u
17624809	42	RESP=1
17638255	42	STIM=i
17643469	42	RESP=1
17654734	42	STIM=u
17661392	42	RESP=1
17673596	42	STIM=h
17681977	42	RESP=2
17690810	42	STIM=m
17695901	42	RESP=1
17707927	42	STIM=9
17713091	42	RESP=2
17724801	42	STIM=n
17729550	42	RESP=1
17743180	42	STIM=s
17749591	42	RESP=1
17760936	42	STIM=f
17765408	42	RESP=1
17779826	42	STIM=a
17788797	42	RESP=1
17796703	42	STIM=0
17807343	42	RESP=2
17812490	42	STIM=8
17818045	42	RESP=2
17827862	42	STIM=n
17833840	42	RESP=1
17846619	42	STIM=z
17851096	42	RESP=1
17863706	42	STIM=r
17870446	42	RESP=1
17882539	42	STIM=k
17885637	42	RESP=1
17901299	42	STIM=v
17906845	42	RESP=1
17918760	42	STIM=g
17922192	42	RESP=1
17933925	42	STIM=m
17940357	42	RESP=1
17949643	42	STIM=2
17957457	42	RESP=2
17965347	42	STIM=w
17973297	42	RESP=1
17981992	42	STIM=u
17986672	42	RESP=1
18000168	42	STIM=n
18004583	42	RESP=1
18018553	42	STIM=6
18030276	42	RESP=2
18037045	42	STIM=4
18045099	42	RESP=2
18055594	42	STIM=1
18066235	42	RESP=2
18074098	42	STIM=b
18078762	42	RESP=1
18089371	42	STIM=v
18094237	42	RESP=1
18106139	42	STIM=l
18118695	42	RESP=1
18123649	42	STIM=1
18131408	42	RESP=2
18140432	42	STIM=e
18145355	42	RESP=1
18156192	42	STIM=a
18159859	42	RESP=1
18172136	42	STIM=7
18177011	42	RESP=1
18188156	42	STIM=g
18193673	42	RESP=1
18204170	42	STIM=8
18212208	42	RESP=2
18221580	42	STIM=w
18228232	42	RESP=1
18240137	42	STIM=e
18245285	42	RESP=2
18257381	42	STIM=y
18264034	42	RESP=1
18276345	42	STIM=w
18284663	42	RESP=1
18295017	42	STIM=x
18302049	42	RESP=1
18312182	42	STIM=u
18317158	42	RESP=1
18328991	42	STIM=e
18332283	42	RESP=2
18347934	42	STIM=1
18354064	42	RESP=1
18363838	42	STIM=k
18368220	42	RESP=1
18382827	42	STIM=v
18390127	42	RESP=1
18400287	42	STIM=x
18403884	42	RESP=1
18416373	42	STIM=i
18419208	42	RESP=1
18432279	42	STIM=3
18437718	42	RESP=2
18447371	42	STIM=q
18453171	42	RESP=1
18465452	42	STIM=c
18471339	42	RESP=1
18483924	42	STIM=q
18489236	42	RESP=1
18498986	42	STIM=6
18505058	42	RESP=2
18516273	42	STIM=l
18521731	42	RESP=1
18534937	42	STIM=q
18542004	42	RESP=1
18553217	42	STIM=i
18560299	42	RESP=1
18571606	42	STIM=3
18578651	42	RESP=2
18586815	42	STIM=x
18591536	42	RESP=1
18603698	42	STIM=j
18607796	42	RESP=1
18622586	42	STIM=m
18626304	42	RESP=1
18637762	42	STIM=3
18644037	42	RESP=2
18653773	42	STIM=i
18659857	42	RESP=1
18668978	42	STIM=g
18672592	42	RESP=1
18684691	42	STIM=j
18693164	42	RESP=1
18700610	42	STIM=a
18707384	42	RESP=1
18717731	42	STIM=o
18721883	42	RESP=1
18736327	42	STIM=7
18741765	42	RESP=1
18753589	42	STIM=s
18758208	42	RESP=1
18772383	42	STIM=w
18780620	42	RESP=1
18789648	42	STIM=0
18798062	42	RESP=1
18807390	42	STIM=c
18814280	42	RESP=1
18823123	42	STIM=p
18832402	42	RESP=1
18841026	42	STIM=j
18846995	42	RESP=1
18858145	42	STIM=s
18864993	42	RESP=1
18873987	42	STIM=2
18880143	42	RESP=2
18890549	42	STIM=w
18897556	42	RESP=1
18907930	42	STIM=v
18911392	42	RESP=1
18926782	42	STIM=6
18934572	42	RESP=2
18945309	42	STIM=h
18951178	42	RESP=1
18961840	42	STIM=z
18966972	42	RESP=1
18978036	42	STIM=v
18981436	42	RESP=1
18994176	42	STIM=t
18998752	42	RESP=1
19010363	42	STIM=f
19013928	42	RESP=1
19028696	42	STIM=1
19033376	42	RESP=2
19046274	42	STIM=y
19050700	42	RESP=1
19064413	42	STIM=r
19069009	42	RESP=2
19081524	42	STIM=a
19086835	42	RESP=2
19099371	42	STIM=t
19105998	42	RESP=1
19116061	42	STIM=x
19120628	42	RESP=1
19134075	42	STIM=b
19141174	42	RESP=1
19149420	42	STIM=t
19157668	42	RESP=1
19165088	42	STIM=m
19169622	42	RESP=1
19180242	42	STIM=3
19186549	42	RESP=1
19196066	42	STIM=f
19200618	42	RESP=1
19212361	42	STIM=a
19217563	42	RESP=1
19229711	42	STIM=l
19235099	42	RESP=1
19248285	42	STIM=b
19252592	42	RESP=1
19266585	42	STIM=3
19276094	42	RESP=2
19282365	42	STIM=u
19289517	42	RESP=1
19299619	42	STIM=0
19309319	42	RESP=2
19318442	42	STIM=o
19324006	42	RESP=1
19337169	42	STIM=a
19340721	42	RESP=1
19355837	42	STIM=m
19362548	42	RESP=1
19370869	42	STIM=n
19374725	42	RESP=1
19386790	42	STIM=h
19390232	42	RESP=1
19402304	42	STIM=k
19406957	42	RESP=1
19421115	42	STIM=8
19426961	42	RESP=2
19436905	42	STIM=u
19440898	42	RESP=2
19452692	42	STIM=x
19459812	42	RESP=1
19470635	42	STIM=l
19477168	42	RESP=1
19488647	42	STIM=n
19496253	42	RESP=1
19506065	42	STIM=w
19515273	42	RESP=1
19522725	42	STIM=r
19528706	42	RESP=1
19540165	42	STIM=3
19545755	42	RESP=2
19558193	42	STIM=r
19566963	42	RESP=1
19574457	42	STIM=r
19582651	42	RESP=1
19590309	42	STIM=4
19594345	42	RESP=2
19605507	42	STIM=y
19610820	42	RESP=1
19624112	42	STIM=7
19629265	42	RESP=2
19639280	42	STIM=x
19644246	42	RESP=1
19656895	42	STIM=7
19664795	42	RESP=2
19674672	42	STIM=u
19683008	42	RESP=1
19690512	42	STIM=0
19700253	42	RESP=2
19708513	42	STIM=7
19717100	42	RESP=1
19725985	42	STIM=4
19731716	42	RESP=2
19742113	42	STIM=e
19746755	42	RESP=1
19759939	42	STIM=w
19766029	42	RESP=1
19777707	42	STIM=n
19782134	42	RESP=1
19795226	42	STIM=k
19797911	42	RESP=1
19812991	42	STIM=8
19817418	42	RESP=2
19829609	42	STIM=r
19834318	42	RESP=1
19846829	42	STIM=t
19853569	42	RESP=1
19862190	42	STIM=2
19871743	42	RESP=2
19877208	42	STIM=x
19883617	42	RESP=1
19893812	42	STIM=j
19898914	42	RESP=1
19910848	42	STIM=4
19917714	42	RESP=2
19929216	42	STIM=j
19933558	42	RESP=1
19947978	42	STIM=5
19954293	42	RESP=2
19966170	42	STIM=n
19969607	42	RESP=1
19981671	42	STIM=m
19986715	42	RESP=1
20000205	42	STIM=h
20005163	42	RESP=1
20016931	42	STIM=h
20020209	42	RESP=1
20035217	42	STIM=o
20039345	42	RESP=1
20052247	42	STIM=q
20056148	42	RESP=1
20070442	42	STIM=d
20076841	42	RESP=1
20086672	42	STIM=v
20093125	42	RESP=1
20103145	42	STIM=w
20108665	42	RESP=1
20120626	42	STIM=c
20125061	42	RESP=1
20137071	42	STIM=m
20144508	42	RESP=1
20153268	42	STIM=1
20159196	42	RESP=2
20171115	42	STIM=2
20179259	42	RESP=2
20187405	42	STIM=d
20191481	42	RESP=1
20203173	42	STIM=l
20207621	42	RESP=1
20221393	42	STIM=1
20231738	42	RESP=2
20236782	42	STIM=x
20244846	42	RESP=1
20253829	42	STIM=0
20265220	42	RESP=2
20271523	42	STIM=b
20277081	42	RESP=1
20290076	42	STIM=g
20293727	42	RESP=2
20306506	42	STIM=y
20314371	42	RESP=1
20325499	42	STIM=r
20331226	42	RESP=1
20341963	42	STIM=x
20344415	42	RESP=1
20359244	42	STIM=k
20366820	42	RESP=1
20377391	42	STIM=g
20382989	42	RESP=1
20395230	42	STIM=v
20398384	42	RESP=1
20413840	42	STIM=3
20418890	42	RESP=2
20429386	42	STIM=k
20432620	42	RESP=1
20447384	42	STIM=g
20450850	42	RESP=1
20465881	42	STIM=e
20470762	42	RESP=1
20481123	42	STIM=5
20485995	42	RESP=2
20497557	42	STIM=q
20503023	42	RESP=1
20514218	42	STIM=9
20518800	42	RESP=2
20532062	42	STIM=x
20539101	42	RESP=1
20549964	42	STIM=l
20555808	42	RESP=1
20566469	42	STIM=r
20577163	42	RESP=1
20582028	42	STIM=l
20588541	42	RESP=1
20598329	42	STIM=d
20603521	42	RESP=1
20613812	42	STIM=t
20617813	42	RESP=1
20629167	42	STIM=7
20635004	42	RESP=2
20646839	42	STIM=o
20651548	42	RESP=1
20662239	42	STIM=e
20666826	42	RESP=1
20680661	42	STIM=t
20687804	42	RESP=1
20697299	42	STIM=s
20700775	42	RESP=1
20715873	42	STIM=i
20721280	42	RESP=1
20733886	42	STIM=c
20738082	42	RESP=1
20751953	42	STIM=q
20761112	42	RESP=1
20770157	42	STIM=v
20773758	42	RESP=1
20789087	42	STIM=5
20797481	42	RESP=2
20806242	42	STIM=k
20810087	42	RESP=1
20824702	42	STIM=b
20831439	42	RESP=1
20840827	42	STIM=w
20845880	42	RESP=1
20858683	42	STIM=o
20863982	42	RESP=1
20876985	42	STIM=y
20882851	42	RESP=1
20895107	42	STIM=d
20898205	42	RESP=1
20911286	42	STIM=j
20924814	42	RESP=1
20926995	42	STIM=o
20930885	42	RESP=1
20945683	42	STIM=0
20954203	42	RESP=2
20964067	42	STIM=n
20971624	42	RESP=1
20982497	42	STIM=r
20986126	42	RESP=1
21000769	42	STIM=5
21005841	42	RESP=2
21016402	42	STIM=s
21020940	42	RESP=2
21032281	42	STIM=e
21037625	42	RESP=1
21050531	42	STIM=z
21054460	42	RESP=1
21068337	42	STIM=g
21074662	42	RESP=1
21084698	42	STIM=v
21088026	42	RESP=1
21103575	42	STIM=v
21112856	42	RESP=1
21120923	42	STIM=5
21125714	42	RESP=2
21137362	42	STIM=h
21142932	42	RESP=1
21152540	42	STIM=y
21157944	42	RESP=1
21171476	42	STIM=3
21179476	42	RESP=2
21188392	42	STIM=f
21196073	42	RESP=1
21203699	42	STIM=h
21208903	42	RESP=1
21220235	42	STIM=b
21231329	42	RESP=1
21238666	42	STIM=e
21242250	42	RESP=1
21254196	42	STIM=r
21259121	42	RESP=1
21273059	42	STIM=i
21281903	42	RESP=1
21291375	42	STIM=g
21296616	42	RESP=1
21309996	42	STIM=m
21313724	42	RESP=1
21326604	42	STIM=s
21333650	42	RESP=1
21341805	42	STIM=n
21345069	42	RESP=1
21357658	42	STIM=p
21363049	42	RESP=1
21374441	42	STIM=1
21383518	42	RESP=2
21391236	42	STIM=6
21398128	42	RESP=2
21406547	42	STIM=c
21410577	42	RESP=2
21423765	42	STIM=8
21427748	42	RESP=2
21441806	42	STIM=y
21447008	42	RESP=1
21460632	42	STIM=y
21465457	42	RESP=1
21478235	42	STIM=p
21484268	42	RESP=2
21497012	42	STIM=9
21503437	42	RESP=2
21513792	42	STIM=p
21518685	42	RESP=1
21529263	42	STIM=c
21535680	42	RESP=1
21544930	42	STIM=9
21549855	42	RESP=2
21563188	42	STIM=j
21568375	42	RESP=1
21579102	42	STIM=y
21586628	42	RESP=1
21595142	42	STIM=x
21600278	42	RESP=1
21613338	42	STIM=z
21617477	42	RESP=1
21629882	42	STIM=n
21632317	42	RESP=1
21645015	42	STIM=b
21653283	42	RESP=1
21662837	42	STIM=c
21667751	42	RESP=1
21678830	42	STIM=u
21683931	42	RESP=1
21696006	42	STIM=e
21704275	42	RESP=1
21712741	42	STIM=g
21718476	42	RESP=1
21729425	42	STIM=o
21733625	42	RESP=1
21747323	42	STIM=l
21760359	42	RESP=1
21763788	42	STIM=u
21767814	42	RESP=1
21780877	42	STIM=6
21786290	42	RESP=2
21799304	42	STIM=t
21807310	42	RESP=1
21815616	42	STIM=y
21820192	42	RESP=2
21833008	42	STIM=y
21838723	42	RESP=1
