# Original filename: 0011_LTQ_2017-05-08.log
# Time unit: 100 us
# RARECAT=digit
#
# Time	HHGG	Event
36395	42	STIM=d
40611	42	RESP=1
52139	42	STIM=c
56276	42	RESP=1
70094	42	STIM=e
75665	42	RESP=1
87146	42	STIM=e
94862	42	RESP=1
104875	42	STIM=5
109885	42	RESP=2
122683	42	STIM=d
126758	42	RESP=1
141651	42	STIM=z
147311	42	RESP=1
157232	42	STIM=e
167086	42	RESP=1
175154	42	STIM=r
178209	42	RESP=1
190510	42	STIM=j
199794	42	RESP=1
207377	42	STIM=x
213290	42	RESP=1
225858	42	STIM=r
233081	42	RESP=1
241260	42	STIM=9
247023	42	RESP=2
256379	42	STIM=u
261192	42	RESP=1
275235	42	STIM=h
279588	42	RESP=1
292498	42	STIM=m
295742	42	RESP=1
309637	42	STIM=7
320576	42	RESP=2
327326	42	STIM=n
330425	42	RESP=1
343547	42	STIM=e
347846	42	RESP=1
360557	42	STIM=e
363633	42	RESP=1
378576	42	STIM=s
382263	42	RESP=1
397521	42	STIM=c
403767	42	RESP=2
414431	42	STIM=6
418858	42	RESP=2
433113	42	STIM=1
437059	42	RESP=2
451847	42	STIM=g
455172	42	RESP=1
467018	42	STIM=t
471964	42	RESP=1
485022	42	STIM=q
487690	42	RESP=1
501984	42	STIM=d
506380	42	RESP=1
517347	42	STIM=s
521497	42	RESP=1
533067	42	STIM=p
539803	42	RESP=1
548258	42	STIM=e
552369	42	RESP=1
564830	42	STIM=l
570822	42	RESP=1
583079	42	STIM=i
586168	42	RESP=1
601533	42	STIM=r
605021	42	RESP=1
617701	42	STIM=z
623233	42	RESP=1
634093	42	STIM=e
638309	42	RESP=1
652109	42	STIM=1
657269	42	RESP=2
669230	42	STIM=u
672660	42	RESP=1
685762	42	STIM=s
688963	42	RESP=1
702229	42	STIM=q
706931	42	RESP=1
719445	42	STIM=k
726397	42	RESP=1
737459	42	STIM=z
744208	42	RESP=1
756438	42	STIM=u
765764	42	RESP=1
773781	42	STIM=k
778435	42	RESP=1
792044	42	STIM=d
800330	42	RESP=1
807445	42	STIM=e
812739	42	RESP=1
825656	42	STIM=d
832258	42	RESP=1
842832	42	STIM=m
847153	42	RESP=1
860338	42	STIM=m
864555	42	RESP=1
875975	42	STIM=i
881977	42	RESP=1
891199	42	STIM=g
894869	42	RESP=1
909354	42	STIM=o
912883	42	RESP=1
925239	42	STIM=e
928689	42	RESP=1
940629	42	STIM=6
946414	42	RESP=2
956490	42	STIM=k
961508	42	RESP=1
975098	42	STIM=b
979042	42	RESP=1
991655	42	STIM=3
995679	42	RESP=2
1007657	42	STIM=p
1011884	42	RESP=1
1023975	42	STIM=t
1031232	42	RESP=1
1042861	42	STIM=9
1052979	42	RESP=2
1059665	42	STIM=l
1062763	42	RESP=1
1075739	42	STIM=o
1080897	42	RESP=1
1091533	42	STIM=e
1097863	42	RESP=1
1109597	42	STIM=f
1113918	42	RESP=1
1128309	42	STIM=q
1134719	42	RESP=1
1144066	42	STIM=3
1148951	42	RESP=2
1162379	42	STIM=7
1169449	42	RESP=2
1180388	42	STIM=o
1186447	42	RESP=1
1197271	42	STIM=7
1203643	42	RESP=2
1214616	42	STIM=p
1219938	42	RESP=1
1232537	42	STIM=b
1237272	42	RESP=1
1251298	42	STIM=g
1254365	42	RESP=1
1268141	42	STIM=u
1273187	42	RESP=1
1286080	42	STIM=i
1289719	42	RESP=1
1301130	42	STIM=2
1307148	42	RESP=1
1318808	42	STIM=z
1325556	42	RESP=1
1336736	42	STIM=6
1343257	42	RESP=2
1352343	42	STIM=w
1354940	42	RESP=1
1370122	42	STIM=p
1373487	42	RESP=1
1386537	42	STIM=9
1391738	42	RESP=2
1402180	42	STIM=1
1408897	42	RESP=2
1418037	42	STIM=6
1422428	42	RESP=2
1433280	42	STIM=b
1437922	42	RESP=1
1449501	42	STIM=d
1454345	42	RESP=1
1467540	42	STIM=n
1471891	42	RESP=1
1485739	42	STIM=c
1491266	42	RESP=1
1503348	42	STIM=4
1508429	42	RESP=2
1521844	42	STIM=g
1527183	42	RESP=1
1540736	42	STIM=n
1544110	42	RESP=1
1558657	42	STIM=a
1564639	42	RESP=1
1576060	42	STIM=t
1580341	42	RESP=1
1594652	42	STIM=d
1599164	42	RESP=1
1612216	42	STIM=3
1617123	42	RESP=2
1627553	42	STIM=v
1632799	42	RESP=1
1644717	42	STIM=s
1648400	42	RESP=1
1662969	42	STIM=k
1667323	42	RESP=1
1680470	42	STIM=x
1685282	42	RESP=1
1698089	42	STIM=h
1702623	42	RESP=1
1713829	42	STIM=8
1720611	42	RESP=2
1730360	42	STIM=s
1733122	42	RESP=1
1748943	42	STIM=l
1754329	42	RESP=1
1766488	42	STIM=o
1770883	42	RESP=1
1783891	42	STIM=x
1789588	42	RESP=1
1799080	42	STIM=2
1803220	42	RESP=2
1814806	42	STIM=q
1817776	42	RESP=1
1832750	42	STIM=p
1837487	42	RESP=1
1849660	42	STIM=o
1854573	42	RESP=1
1868356	42	STIM=x
1871441	42	RESP=1
1884991	42	STIM=e
1890117	42	RESP=1
1903250	42	STIM=m
1906473	42	RESP=1
1920656	42	STIM=z
1923390	42	RESP=1
1936240	42	STIM=z
1941718	42	RESP=1
1952252	42	STIM=e
1955258	42	RESP=1
1970613	42	STIM=0
1980520	42	RESP=2
1987622	42	STIM=o
1994997	42	RESP=1
2006423	42	STIM=j
2011278	42	RESP=1
2023938	42	STIM=r
2028317	42	RESP=1
2042656	42	STIM=z
2047298	42	RESP=1
2060943	42	STIM=o
2065005	42	RESP=1
2077598	42	STIM=v
2083292	42	RESP=1
2093880	42	STIM=w
2101144	42	RESP=1
2110490	42	STIM=l
2115737	42	RESP=1
2127242	42	STIM=w
2131683	42	RESP=1
2144847	42	STIM=q
2148335	42	RESP=1
2162150	42	STIM=r
2171109	42	RESP=2
2178885	42	STIM=h
2184771	42	RESP=1
2196556	42	STIM=l
2203573	42	RESP=1
2213238	42	STIM=k
2217007	42	RESP=1
2228734	42	STIM=w
2231741	42	RESP=1
2246556	42	STIM=v
2253604	42	RESP=2
2265500	42	STIM=p
2273939	42	RESP=1
2281749	42	STIM=k
2287880	42	RESP=1
2300553	42	STIM=m
2304439	42	RESP=1
2317926	42	STIM=q
2322875	42	RESP=1
2335370	42	STIM=w
2338899	42	RESP=1
2350900	42	STIM=f
2353546	42	RESP=1
2368633	42	STIM=p
2371596	42	RESP=1
2384084	42	STIM=k
2387182	42	RESP=1
2402911	42	STIM=y
2406433	42	RESP=1
2421425	42	STIM=3
2428116	42	RESP=1
2439252	42	STIM=a
2442594	42	RESP=1
2454509	42	STIM=g
2457144	42	RESP=2
2472307	42	STIM=7
2477095	42	RESP=2
2489775	42	STIM=j
2496552	42	RESP=1
2508433	42	STIM=c
2513377	42	RESP=1
2524495	42	STIM=d
2529506	42	RESP=1
2543321	42	STIM=f
2548675	42	RESP=1
2561490	42	STIM=y
2566506	42	RESP=1
2578207	42	STIM=r
2581976	42	RESP=1
2596073	42	STIM=o
2601735	42	RESP=1
2614803	42	STIM=z
2620616	42	RESP=1
2631904	42	STIM=u
2636942	42	RESP=1
2648152	42	STIM=g
2653500	42	RESP=1
2664010	42	STIM=g
2674300	42	RESP=1
2681216	42	STIM=y
2687944	42	RESP=1
2699501	42	STIM=z
2703281	42	RESP=1
2717471	42	STIM=f
2725222	42	RESP=1
2735666	42	STIM=k
2742342	42	RESP=1
2750932	42	STIM=v
2756738	42	RESP=1
2769720	42	STIM=n
2772776	42	RESP=1
2785591	42	STIM=g
2789487	42	RESP=1
2801093	42	STIM=a
2808661	42	RESP=1
2819758	42	STIM=m
2824346	42	RESP=1
2835682	42	STIM=z
2842881	42	RESP=1
2854628	42	STIM=0
2860082	42	RESP=2
2869759	42	STIM=b
2876895	42	RESP=1
2888264	42	STIM=2
2893045	42	RESP=2
2907044	42	STIM=t
2912503	42	RESP=1
2922344	42	STIM=q
2928226	42	RESP=1
2941229	42	STIM=h
2944861	42	RESP=1
2956835	42	STIM=a
2960919	42	RESP=1
2973129	42	STIM=q
2976780	42	RESP=1
2989457	42	STIM=w
2998282	42	RESP=1
3007628	42	STIM=3
3011497	42	RESP=2
3026225	42	STIM=i
3031445	42	RESP=1
3042543	42	STIM=3
3047395	42	RESP=2
3057653	42	STIM=9
3061436	42	RESP=2
3075410	42	STIM=v
3078485	42	RESP=1
3090566	42	STIM=z
3096873	42	RESP=1
3107256	42	STIM=l
3111119	42	RESP=1
3122722	42	STIM=j
3126006	42	RESP=1
3140089	42	STIM=o
3144300	42	RESP=1
3158342	42	STIM=z
3162329	42	RESP=1
3176163	42	STIM=g
3179842	42	RESP=1
3193749	42	STIM=k
3199703	42	RESP=1
3211676	42	STIM=d
3214660	42	RESP=1
3228009	42	STIM=e
3234108	42	RESP=1
3246320	42	STIM=o
3255882	42	RESP=1
3261527	42	STIM=y
3268198	42	RESP=1
3279983	42	STIM=z
3283049	42	RESP=1
3295283	42	STIM=a
3298968	42	RESP=1
3312554	42	STIM=l
3317148	42	RESP=1
3329440	42	STIM=0
3335308	42	RESP=2
3348118	42	STIM=r
3352797	42	RESP=1
3364169	42	STIM=w
3368910	42	RESP=1
3380676	42	STIM=0
3389471	42	RESP=2
3396962	42	STIM=y
3400992	42	RESP=1
3412037	42	STIM=u
3418168	42	RESP=1
3429139	42	STIM=t
3436985	42	RESP=1
3447534	42	STIM=h
3452504	42	RESP=2
3464429	42	STIM=n
3469103	42	RESP=1
3481556	42	STIM=f
3485773	42	RESP=1
3496829	42	STIM=h
3499763	42	RESP=1
3514532	42	STIM=d
3520398	42	RESP=1
3531499	42	STIM=1
3536499	42	RESP=1
3548415	42	STIM=9
3552706	42	RESP=2
3564142	42	STIM=b
3568219	42	RESP=1
3579645	42	STIM=p
3585112	42	RESP=1
3595548	42	STIM=z
3603564	42	RESP=1
3610600	42	STIM=v
3614741	42	RESP=1
3627715	42	STIM=s
3631496	42	RESP=1
3645440	42	STIM=i
3653986	42	RESP=1
3663004	42	STIM=i
3666828	42	RESP=1
3678233	42	STIM=4
3682015	42	RESP=2
3696597	42	STIM=9
3701374	42	RESP=2
3713321	42	STIM=2
3718548	42	RESP=2
3728927	42	STIM=g
3734048	42	RESP=1
3744283	42	STIM=k
3750452	42	RESP=1
3762004	42	STIM=d
3765263	42	RESP=1
3780930	42	STIM=z
3787225	42	RESP=1
3799087	42	STIM=1
3805486	42	RESP=2
3817285	42	STIM=q
3821354	42	RESP=1
3832990	42	STIM=t
3838074	42	RESP=1
3848244	42	STIM=8
3854583	42	RESP=2
3863274	42	STIM=h
3868483	42	RESP=1
3878536	42	STIM=9
3885528	42	RESP=2
3897039	42	STIM=l
3901496	42	RESP=1
3913976	42	STIM=9
3917181	42	RESP=2
3929628	42	STIM=h
3933700	42	RESP=1
3947486	42	STIM=d
3950739	42	RESP=1
3965806	42	STIM=a
3968855	42	RESP=1
3984267	42	STIM=d
3986855	42	RESP=1
4002941	42	STIM=u
4006254	42	RESP=1
4018869	42	STIM=r
4023526	42	RESP=1
4034971	42	STIM=x
4047089	42	RESP=1
4052638	42	STIM=z
4056437	42	RESP=1
4068142	42	STIM=y
4072341	42	RESP=1
4083728	42	STIM=m
4087708	42	RESP=1
4099109	42	STIM=d
4104855	42	RESP=1
4116986	42	STIM=e
4121905	42	RESP=1
4134397	42	STIM=j
4139603	42	RESP=1
4152906	42	STIM=0
4157838	42	RESP=2
4168884	42	STIM=f
4172473	42	RESP=1
4185403	42	STIM=r
4191253	42	RESP=1
4202241	42	STIM=q
4206618	42	RESP=1
4219522	42	STIM=m
4223358	42	RESP=1
4236462	42	STIM=1
4240188	42	RESP=2
4253793	42	STIM=m
4262053	42	RESP=1
4269102	42	STIM=6
4276091	42	RESP=2
4284237	42	STIM=g
4289943	42	RESP=1
4302144	42	STIM=v
4305151	42	RESP=1
4319195	42	STIM=a
4322968	42	RESP=1
4335391	42	STIM=t
4338268	42	RESP=1
4351254	42	STIM=c
4355492	42	RESP=1
4367659	42	STIM=8
4373160	42	RESP=2
4384649	42	STIM=n
4390808	42	RESP=1
4400773	42	STIM=g
4407322	42	RESP=1
4415966	42	STIM=6
4419609	42	RESP=2
4433174	42	STIM=z
4441081	42	RESP=1
4451086	42	STIM=4
4455135	42	RESP=2
4466963	42	STIM=n
4471835	42	RESP=1
4482174	42	STIM=t
4486401	42	RESP=1
4498620	42	STIM=r
4505382	42	RESP=1
4516925	42	STIM=y
4521893	42	RESP=1
4533713	42	STIM=v
4542195	42	RESP=2
4550204	42	STIM=i
4553073	42	RESP=1
4566449	42	STIM=j
4573490	42	RESP=1
4581591	42	STIM=y
4590773	42	RESP=1
4597393	42	STIM=m
4602766	42	RESP=1
4613641	42	STIM=p
4618464	42	RESP=1
4629917	42	STIM=k
4637275	42	RESP=1
4647067	42	STIM=8
4652905	42	RESP=2
4662741	42	STIM=d
4666312	42	RESP=1
4679709	42	STIM=4
4684128	42	RESP=2
4695884	42	STIM=x
4702415	42	RESP=1
4711778	42	STIM=e
4718137	42	RESP=1
4729114	42	STIM=f
4734776	42	RESP=1
4746509	42	STIM=1
4751535	42	RESP=2
4764539	42	STIM=u
4768327	42	RESP=1
4783242	42	STIM=d
4787413	42	RESP=1
4799990	42	STIM=z
4806346	42	RESP=1
4815141	42	STIM=2
4822534	42	RESP=2
4833606	42	STIM=r
4837893	42	RESP=1
4850361	42	STIM=o
4853392	42	RESP=1
4867519	42	STIM=b
4871553	42	RESP=1
4884615	42	STIM=q
4895655	42	RESP=1
4901888	42	STIM=2
4908102	42	RESP=2
4919595	42	STIM=c
4922785	42	RESP=1
4936618	42	STIM=n
4941256	42	RESP=1
4952365	42	STIM=l
4956949	42	RESP=1
4969470	42	STIM=2
4975649	42	RESP=2
4984600	42	STIM=u
4988940	42	RESP=1
5001721	42	STIM=l
5006254	42	RESP=1
5017477	42	STIM=l
5021224	42	RESP=1
5032865	42	STIM=u
5037241	42	RESP=1
5048429	42	STIM=t
5051550	42	RESP=1
5063878	42	STIM=k
5069906	42	RESP=1
5078884	42	STIM=n
5082412	42	RESP=1
5096464	42	STIM=g
5100673	42	RESP=1
5114644	42	STIM=2
5118669	42	RESP=2
5131156	42	STIM=s
5135890	42	RESP=1
5148970	42	STIM=5
5153596	42	RESP=2
5164717	42	STIM=r
5171943	42	RESP=1
5182876	42	STIM=a
5187240	42	RESP=1
5200780	42	STIM=4
5209221	42	RESP=2
5215868	42	STIM=1
5221123	42	RESP=2
5233696	42	STIM=f
5239833	42	RESP=1
5249704	42	STIM=h
5253066	42	RESP=1
5267351	42	STIM=y
5272058	42	RESP=1
5283860	42	STIM=t
5287785	42	RESP=1
5300663	42	STIM=j
5305593	42	RESP=1
5316982	42	STIM=a
5323940	42	RESP=1
5334348	42	STIM=h
5337666	42	RESP=1
5352526	42	STIM=u
5355592	42	RESP=1
5371359	42	STIM=n
5376039	42	RESP=1
5389835	42	STIM=7
5396252	42	RESP=2
5405726	42	STIM=a
5409823	42	RESP=1
5423226	42	STIM=3
5431404	42	RESP=2
5441329	42	STIM=s
5447172	42	RESP=2
5456966	42	STIM=o
5463632	42	RESP=1
5473004	42	STIM=z
5478031	42	RESP=1
5491833	42	STIM=a
5500796	42	RESP=1
5507327	42	STIM=j
5514785	42	RESP=1
5524290	42	STIM=0
5530318	42	RESP=2
5541202	42	STIM=k
5544830	42	RESP=1
5558470	42	STIM=g
5562109	42	RESP=1
5576204	42	STIM=g
5580259	42	RESP=1
5592481	42	STIM=a
5599532	42	RESP=1
5610018	42	STIM=w
5613249	42	RESP=1
5626690	42	STIM=c
5632873	42	RESP=1
5643604	42	STIM=w
5646644	42	RESP=1
5661275	42	STIM=i
5663807	42	RESP=1
5680074	42	STIM=b
5684572	42	RESP=1
5697681	42	STIM=1
5702498	42	RESP=2
5712895	42	STIM=c
5718548	42	RESP=1
5731059	42	STIM=6
5738063	42	RESP=2
5748164	42	STIM=4
5753923	42	RESP=2
5765244	42	STIM=f
5768973	42	RESP=1
5780324	42	STIM=9
5786428	42	RESP=2
5798106	42	STIM=4
5803443	42	RESP=2
5814837	42	STIM=n
5819373	42	RESP=1
5831549	42	STIM=v
5834717	42	RESP=1
5849426	42	STIM=k
5855062	42	RESP=1
5864824	42	STIM=7
5872456	42	RESP=2
5880719	42	STIM=5
5887790	42	RESP=2
5895986	42	STIM=f
5899030	42	RESP=1
5911461	42	STIM=a
5915927	42	RESP=1
5930368	42	STIM=l
5938183	42	RESP=1
5948063	42	STIM=s
5951909	42	RESP=1
5963434	42	STIM=u
5969164	42	RESP=1
5980049	42	STIM=d
5983677	42	RESP=1
5995521	42	STIM=a
6000652	42	RESP=1
6012687	42	STIM=h
6016592	42	RESP=1
6031614	42	STIM=e
6034541	42	RESP=1
6046830	42	STIM=y
6051467	42	RESP=1
6063199	42	STIM=h
6069099	42	RESP=1
6078520	42	STIM=t
6084394	42	RESP=1
6094128	42	STIM=i
6097497	42	RESP=1
6112783	42	STIM=j
6116224	42	RESP=1
6131724	42	STIM=6
6137700	42	RESP=2
6149973	42	STIM=c
6153384	42	RESP=1
6165394	42	STIM=o
6168899	42	RESP=1
6183147	42	STIM=z
6187042	42	RESP=2
6198778	42	STIM=c
6205778	42	RESP=1
6214203	42	STIM=b
6218113	42	RESP=1
6231673	42	STIM=e
6236114	42	RESP=1
6246886	42	STIM=m
6249745	42	RESP=1
6262177	42	STIM=c
6265263	42	RESP=1
6279872	42	STIM=c
6285368	42	RESP=1
6295886	42	STIM=6
6300122	42	RESP=2
6311700	42	STIM=w
6318180	42	RESP=1
6328709	42	STIM=w
6332764	42	RESP=1
6343771	42	STIM=q
6348287	42	RESP=1
6360782	42	STIM=g
6364784	42	RESP=1
6379732	42	STIM=u
6383339	42	RESP=1
6397922	42	STIM=o
6403232	42	RESP=1
6415296	42	STIM=1
6421492	42	RESP=2
6433467	42	STIM=l
6439144	42	RESP=1
6450734	42	STIM=a
6453527	42	RESP=1
6466067	42	STIM=k
6473680	42	RESP=1
6482883	42	STIM=x
6487805	42	RESP=1
6501194	42	STIM=p
6505830	42	RESP=1
6519788	42	STIM=u
6527381	42	RESP=1
6536670	42	STIM=p
6540287	42	RESP=1
6554944	42	STIM=3
6560457	42	RESP=2
6570581	42	STIM=d
6576390	42	RESP=1
6587536	42	STIM=u
6591824	42	RESP=1
6603051	42	STIM=a
6607428	42	RESP=1
6618387	42	STIM=x
6621854	42	RESP=1
6633685	42	STIM=6
6637609	42	RESP=2
6650150	42	STIM=5
6655603	42	RESP=2
6665866	42	STIM=k
6669924	42	RESP=1
6681889	42	STIM=e
6687554	42	RESP=1
6697289	42	STIM=w
6701415	42	RESP=1
6715799	42	STIM=e
6719688	42	RESP=1
6732575	42	STIM=r
6738371	42	RESP=1
6749440	42	STIM=w
6752469	42	RESP=1
6764920	42	STIM=e
6769103	42	RESP=1
6783513	42	STIM=q
6787780	42	RESP=1
6800331	42	STIM=q
6804319	42	RESP=1
6819036	42	STIM=p
6821749	42	RESP=1
6837270	42	STIM=l
6841759	42	RESP=1
6856180	42	STIM=h
6861143	42	RESP=1
6873338	42	STIM=e
6880349	42	RESP=1
6889816	42	STIM=l
6895640	42	RESP=1
6905585	42	STIM=n
6909550	42	RESP=1
6922181	42	STIM=y
6928938	42	RESP=2
6939628	42	STIM=g
6948147	42	RESP=1
6958329	42	STIM=b
6963786	42	RESP=1
6975174	42	STIM=z
6983792	42	RESP=1
6992647	42	STIM=s
6996382	42	RESP=1
7011524	42	STIM=t
7015324	42	RESP=1
7027992	42	STIM=c
7036819	42	RESP=1
7046310	42	STIM=d
7051547	42	RESP=2
7062240	42	STIM=j
7065671	42	RESP=1
7080259	42	STIM=s
7085151	42	RESP=1
7098078	42	STIM=b
7101720	42	RESP=1
7116511	42	STIM=t
7125247	42	RESP=1
7135328	42	STIM=p
7139644	42	RESP=1
7152038	42	STIM=e
7159196	42	RESP=1
7167339	42	STIM=s
7172171	42	RESP=1
7183880	42	STIM=o
7188264	42	RESP=1
7200828	42	STIM=c
7204564	42	RESP=1
7217791	42	STIM=l
7223497	42	RESP=1
7234820	42	STIM=v
7241719	42	RESP=1
7251809	42	STIM=q
7258567	42	RESP=1
7270523	42	STIM=d
7274145	42	RESP=1
7289404	42	STIM=z
7294799	42	RESP=1
7305483	42	STIM=i
7308454	42	RESP=1
7322381	42	STIM=m
7325153	42	RESP=1
7339644	42	STIM=r
7344359	42	RESP=1
7355120	42	STIM=j
7360973	42	RESP=1
7373401	42	STIM=5
7378578	42	RESP=2
7391326	42	STIM=u
7398660	42	RESP=1
7409142	42	STIM=h
7412807	42	RESP=1
7424509	42	STIM=p
7429680	42	RESP=1
7441617	42	STIM=h
7447557	42	RESP=1
7458026	42	STIM=v
7465389	42	RESP=1
7473096	42	STIM=5
7480076	42	RESP=2
7491227	42	STIM=n
7495105	42	RESP=1
7510184	42	STIM=a
7515230	42	RESP=1
7525734	42	STIM=1
7530717	42	RESP=2
7541637	42	STIM=s
7547124	42	RESP=1
7556690	42	STIM=7
7561097	42	RESP=2
7573297	42	STIM=c
7583093	42	RESP=1
7590811	42	STIM=i
7594986	42	RESP=1
7607390	42	STIM=j
7611915	42	RESP=1
7625358	42	STIM=h
7629211	42	RESP=1
7642320	42	STIM=u
7645536	42	RESP=1
7659101	42	STIM=h
7663156	42	RESP=1
7677004	42	STIM=c
7688078	42	RESP=1
7694062	42	STIM=k
7699646	42	RESP=2
7709698	42	STIM=n
7715247	42	RESP=1
7725296	42	STIM=f
7731617	42	RESP=1
7742176	42	STIM=t
7749672	42	RESP=1
7759931	42	STIM=f
7765140	42	RESP=1
7778766	42	STIM=r
7782756	42	RESP=1
7795746	42	STIM=9
7800033	42	RESP=2
7812097	42	STIM=l
7817364	42	RESP=1
7830658	42	STIM=z
7836213	42	RESP=1
7849337	42	STIM=m
7853942	42	RESP=1
7868103	42	STIM=8
7871939	42	RESP=2
7883145	42	STIM=f
7890669	42	RESP=1
7898217	42	STIM=q
7905317	42	RESP=1
7913860	42	STIM=w
7917868	42	RESP=1
7932210	42	STIM=6
7936224	42	RESP=2
7949630	42	STIM=q
7956249	42	RESP=1
7966691	42	STIM=o
7971474	42	RESP=1
7985049	42	STIM=4
7992938	42	RESP=2
8001293	42	STIM=h
8007370	42	RESP=1
8018686	42	STIM=i
8022217	42	RESP=1
8034821	42	STIM=w
8040441	42	RESP=1
8050538	42	STIM=i
8055362	42	RESP=1
8067439	42	STIM=2
8071099	42	RESP=2
8083211	42	STIM=4
8090848	42	RESP=1
8099008	42	STIM=f
8103098	42	RESP=1
8115340	42	STIM=n
8121883	42	RESP=1
8132387	42	STIM=o
8135999	42	RESP=1
8149278	42	STIM=t
8156489	42	RESP=1
8167937	42	STIM=i
8176772	42	RESP=1
8183851	42	STIM=h
8188499	42	RESP=1
8201446	42	STIM=n
8205919	42	RESP=1
8218827	42	STIM=3
8227606	42	RESP=1
8235832	42	STIM=6
8242930	42	RESP=2
8253466	42	STIM=g
8257632	42	RESP=2
8268610	42	STIM=h
8273985	42	RESP=1
8286788	42	STIM=k
8290925	42	RESP=1
8302879	42	STIM=b
8306552	42	RESP=1
8320935	42	STIM=q
8327657	42	RESP=1
8336674	42	STIM=e
8341791	42	RESP=1
8352957	42	STIM=m
8361722	42	RESP=1
8371152	42	STIM=o
8375310	42	RESP=1
8388789	42	STIM=i
8391210	42	RESP=1
8405471	42	STIM=b
8409954	42	RESP=1
8421969	42	STIM=a
8425036	42	RESP=1
8438730	42	STIM=i
8443568	42	RESP=1
8455384	42	STIM=0
8460120	42	RESP=2
8470450	42	STIM=l
8473660	42	RESP=1
8487286	42	STIM=1
8493918	42	RESP=2
8505270	42	STIM=y
8509066	42	RESP=1
8521729	42	STIM=h
8524940	42	RESP=1
8539221	42	STIM=m
8542577	42	RESP=1
8557349	42	STIM=o
8562240	42	RESP=1
8572798	42	STIM=g
8577714	42	RESP=1
8588540	42	STIM=6
8593274	42	RESP=2
8606753	42	STIM=f
8612294	42	RESP=1
8624765	42	STIM=z
8630549	42	RESP=1
8641289	42	STIM=8
8647721	42	RESP=2
8659990	42	STIM=d
8665019	42	RESP=1
8677847	42	STIM=w
8682446	42	RESP=1
8695905	42	STIM=t
8698928	42	RESP=1
8713027	42	STIM=z
8717189	42	RESP=1
8731954	42	STIM=q
8735849	42	RESP=1
8750665	42	STIM=5
8757899	42	RESP=2
8766213	42	STIM=x
8769573	42	RESP=1
8783420	42	STIM=l
8786634	42	RESP=1
8799704	42	STIM=c
8802707	42	RESP=1
8815654	42	STIM=a
8820239	42	RESP=1
8834491	42	STIM=u
8838705	42	RESP=1
8853421	42	STIM=a
8858025	42	RESP=1
8872019	42	STIM=r
8881539	42	RESP=1
8891002	42	STIM=1
8898950	42	RESP=1
8908188	42	STIM=1
8911796	42	RESP=2
8923734	42	STIM=8
8927985	42	RESP=1
8940332	42	STIM=7
8945355	42	RESP=2
8957387	42	STIM=k
8965950	42	RESP=1
8974623	42	STIM=f
8980610	42	RESP=1
8992318	42	STIM=x
8995372	42	RESP=1
9010238	42	STIM=s
9019375	42	RESP=1
9026899	42	STIM=2
9031479	42	RESP=2
9042968	42	STIM=r
9046046	42	RESP=1
9061654	42	STIM=7
9067628	42	RESP=2
9078413	42	STIM=m
9085984	42	RESP=1
9093935	42	STIM=k
9097374	42	RESP=1
9112603	42	STIM=v
9115292	42	RESP=1
9128273	42	STIM=6
9132053	42	RESP=2
9144869	42	STIM=p
9149055	42	RESP=1
9163496	42	STIM=r
9168700	42	RESP=1
9180715	42	STIM=m
9186140	42	RESP=1
9197712	42	STIM=x
9204166	42	RESP=1
9213333	42	STIM=c
9219791	42	RESP=1
9228567	42	STIM=l
9237152	42	RESP=1
9246050	42	STIM=9
9252404	42	RESP=1
9262539	42	STIM=z
9267945	42	RESP=1
9279209	42	STIM=q
9282478	42	RESP=1
9297249	42	STIM=v
9304107	42	RESP=1
9312522	42	STIM=8
9318898	42	RESP=2
9328163	42	STIM=e
9331022	42	RESP=1
9345053	42	STIM=6
9352515	42	RESP=2
9363676	42	STIM=m
9369808	42	RESP=1
9381012	42	STIM=0
9385609	42	RESP=2
9399572	42	STIM=p
9404855	42	RESP=1
9415933	42	STIM=w
9419815	42	RESP=1
9431733	42	STIM=e
9436477	42	RESP=1
9448071	42	STIM=n
9453224	42	RESP=1
9466426	42	STIM=b
9469781	42	RESP=1
9485089	42	STIM=e
9489311	42	RESP=1
9503868	42	STIM=j
9508528	42	RESP=1
9520643	42	STIM=i
9526245	42	RESP=1
9536330	42	STIM=z
9549628	42	RESP=1
9554589	42	STIM=g
9558726	42	RESP=1
9571103	42	STIM=e
9577887	42	RESP=1
9588683	42	STIM=e
9593059	42	RESP=1
9607187	42	STIM=3
9612543	42	RESP=2
9625722	42	STIM=x
9628573	42	RESP=1
9643704	42	STIM=u
9650337	42	RESP=1
9661124	42	STIM=9
9666349	42	RESP=2
9676620	42	STIM=n
9680872	42	RESP=1
9692094	42	STIM=4
9699361	42	RESP=2
9709573	42	STIM=s
9714913	42	RESP=1
9725557	42	STIM=r
9728531	42	RESP=1
9742841	42	STIM=n
9750798	42	RESP=1
9758504	42	STIM=6
9762935	42	RESP=1
9777476	42	STIM=7
9784574	42	RESP=1
9793021	42	STIM=r
9796675	42	RESP=1
9809481	42	STIM=t
9818223	42	RESP=1
9827896	42	STIM=m
9832327	42	RESP=1
9846581	42	STIM=x
9850957	42	RESP=1
9863129	42	STIM=s
9866363	42	RESP=1
9878737	42	STIM=i
9881324	42	RESP=1
9894826	42	STIM=g
9898606	42	RESP=1
9910668	42	STIM=5
9915021	42	RESP=2
9926834	42	STIM=r
9932007	42	RESP=1
9943026	42	STIM=s
9951328	42	RESP=1
9959979	42	STIM=u
9965977	42	RESP=1
9976059	42	STIM=j
9979044	42	RESP=1
9994000	42	STIM=c
9998312	42	RESP=1
10012125	42	STIM=u
10014857	42	RESP=1
10030420	42	STIM=6
10035469	42	RESP=2
10048314	42	STIM=6
10056046	42	RESP=2
10065729	42	STIM=d
10071644	42	RESP=1
10083815	42	STIM=4
10090265	42	RESP=2
10099638	42	STIM=5
10107125	42	RESP=2
10115699	42	STIM=j
10118687	42	RESP=1
10131765	42	STIM=0
10140070	42	RESP=2
10149673	42	STIM=o
10156032	42	RESP=1
10164909	42	STIM=4
10169298	42	RESP=2
10180876	42	STIM=s
10183852	42	RESP=1
10198809	42	STIM=0
10202387	42	RESP=2
10217074	42	STIM=v
10224951	42	RESP=1
10232479	42	STIM=q
10235917	42	RESP=1
10251169	42	STIM=r
10254616	42	RESP=1
10268472	42	STIM=2
10275950	42	RESP=2
10283843	42	STIM=l
10288293	42	RESP=1
10300004	42	STIM=s
10305667	42	RESP=1
10317375	42	STIM=q
10321409	42	RESP=1
10332981	42	STIM=g
10336781	42	RESP=1
10349381	42	STIM=g
10352186	42	RESP=1
10367760	42	STIM=u
10370879	42	RESP=1
10383858	42	STIM=e
10387490	42	RESP=1
10401573	42	STIM=4
10408936	42	RESP=1
10420414	42	STIM=r
10425224	42	RESP=1
10436819	42	STIM=b
10441763	42	RESP=1
10451969	42	STIM=z
10457155	42	RESP=1
10468992	42	STIM=c
10473558	42	RESP=1
10484302	42	STIM=r
10487588	42	RESP=1
10501612	42	STIM=8
10506800	42	RESP=2
10517692	42	STIM=b
10521410	42	RESP=1
10535156	42	STIM=7
10538822	42	RESP=2
10551320	42	STIM=u
10554478	42	RESP=1
10566755	42	STIM=n
10572326	42	RESP=1
10584500	42	STIM=s
10596646	42	RESP=1
10601523	42	STIM=u
10604863	42	RESP=1
10617055	42	STIM=y
10624448	42	RESP=1
10634850	42	STIM=b
10638603	42	RESP=1
10652514	42	STIM=j
10658166	42	RESP=1
10668980	42	STIM=0
10673663	42	RESP=2
10685454	42	STIM=p
10690083	42	RESP=1
10702560	42	STIM=d
10705802	42	RESP=1
10719513	42	STIM=9
10727800	42	RESP=2
10736116	42	STIM=9
10742948	42	RESP=2
10754734	42	STIM=7
10758790	42	RESP=2
10773586	42	STIM=z
10780840	42	RESP=1
10792464	42	STIM=3
10797358	42	RESP=2
10810265	42	STIM=j
10818702	42	RESP=1
10829190	42	STIM=a
10833240	42	RESP=1
10844980	42	STIM=3
10853289	42	RESP=2
10861861	42	STIM=u
10866274	42	RESP=1
10878073	42	STIM=l
10882191	42	RESP=1
10895185	42	STIM=p
10898156	42	RESP=1
10912269	42	STIM=d
10919380	42	RESP=1
10930904	42	STIM=c
10935065	42	RESP=1
10948453	42	STIM=e
10952822	42	RESP=2
10964842	42	STIM=1
10968791	42	RESP=2
10981932	42	STIM=y
10985422	42	RESP=1
10997718	42	STIM=6
11003705	42	RESP=2
11015182	42	STIM=9
11020693	42	RESP=2
11030724	42	STIM=c
11036165	42	RESP=1
11047802	42	STIM=a
11052799	42	RESP=1
11063310	42	STIM=b
11067388	42	RESP=1
11080880	42	STIM=u
11085810	42	RESP=2
11095927	42	STIM=s
11100454	42	RESP=1
11112155	42	STIM=q
11121485	42	RESP=1
11129764	42	STIM=k
11134676	42	RESP=1
11145456	42	STIM=y
11150374	42	RESP=1
11164055	42	STIM=w
11168468	42	RESP=1
11180819	42	STIM=x
11187844	42	RESP=1
11196111	42	STIM=v
11201166	42	RESP=1
11214808	42	STIM=z
11218963	42	RESP=1
11230313	42	STIM=k
11236797	42	RESP=1
11247712	42	STIM=4
11254551	42	RESP=2
11265854	42	STIM=p
11269214	42	RESP=1
11284767	42	STIM=z
11290822	42	RESP=1
11300282	42	STIM=j
11309044	42	RESP=1
11317909	42	STIM=2
11325705	42	RESP=2
11333396	42	STIM=q
11341469	42	RESP=1
11349761	42	STIM=q
11354289	42	RESP=1
11368310	42	STIM=5
11373465	42	RESP=2
11383661	42	STIM=h
11389735	42	RESP=1
11399853	42	STIM=d
11404067	42	RESP=1
11418251	42	STIM=d
11420975	42	RESP=1
11436659	42	STIM=t
11444123	42	RESP=1
11453522	42	STIM=0
11460841	42	RESP=2
11470409	42	STIM=k
11473362	42	RESP=1
11485880	42	STIM=9
11490514	42	RESP=2
11503704	42	STIM=e
11508107	42	RESP=1
11519518	42	STIM=n
11522558	42	RESP=1
11535021	42	STIM=d
11538395	42	RESP=1
11553935	42	STIM=0
11560983	42	RESP=2
11570042	42	STIM=r
11577586	42	RESP=1
11588148	42	STIM=f
11592617	42	RESP=1
11603816	42	STIM=o
11609627	42	RESP=1
11619000	42	STIM=g
11622916	42	RESP=1
11634930	42	STIM=t
11648278	42	RESP=1
11652333	42	STIM=j
11656988	42	RESP=1
11669937	42	STIM=1
11673564	42	RESP=2
11685507	42	STIM=u
11690937	42	RESP=1
11702295	42	STIM=k
11705695	42	RESP=1
11720352	42	STIM=s
11726567	42	RESP=1
11738350	42	STIM=h
11743157	42	RESP=1
11755501	42	STIM=6
11760950	42	RESP=2
11770969	42	STIM=x
11777171	42	RESP=1
11787586	42	STIM=e
11792298	42	RESP=1
11804433	42	STIM=n
11808184	42	RESP=1
11820042	42	STIM=k
11825722	42	RESP=1
11837332	42	STIM=p
11843409	42	RESP=1
11854848	42	STIM=g
11863780	42	RESP=1
11872764	42	STIM=l
11878942	42	RESP=1
11888640	42	STIM=k
11893249	42	RESP=1
11906190	42	STIM=6
11911448	42	RESP=2
11923738	42	STIM=m
11929945	42	RESP=1
11940500	42	STIM=e
11944641	42	RESP=1
11957648	42	STIM=6
11962928	42	RESP=2
11973730	42	STIM=v
11977122	42	RESP=1
11991891	42	STIM=d
11996641	42	RESP=1
12007866	42	STIM=a
12015256	42	RESP=1
12023361	42	STIM=w
12027164	42	RESP=1
12041134	42	STIM=q
12045308	42	RESP=1
12057404	42	STIM=v
12063967	42	RESP=1
12073083	42	STIM=v
12077333	42	RESP=1
12088618	42	STIM=d
12097629	42	RESP=1
12103631	42	STIM=5
12110543	42	RESP=2
12119570	42	STIM=v
12125509	42	RESP=1
12135440	42	STIM=n
12138104	42	RESP=1
12152072	42	STIM=8
12157415	42	RESP=2
12169654	42	STIM=k
12175936	42	RESP=1
12187865	42	STIM=d
12191750	42	RESP=1
12205385	42	STIM=0
12211255	42	RESP=2
12220618	42	STIM=8
12227514	42	RESP=1
12237472	42	STIM=l
12243407	42	RESP=1
12255479	42	STIM=y
12259978	42	RESP=1
12272759	42	STIM=k
12278356	42	RESP=1
12287955	42	STIM=p
12292857	42	RESP=1
12303469	42	STIM=a
12309037	42	RESP=1
12322071	42	STIM=h
12325316	42	RESP=1
12340691	42	STIM=f
12349461	42	RESP=1
12359263	42	STIM=1
12363358	42	RESP=1
12375205	42	STIM=i
12382100	42	RESP=1
12391953	42	STIM=k
12397581	42	RESP=1
12410523	42	STIM=y
12415802	42	RESP=1
12427751	42	STIM=g
12434482	42	RESP=1
12444420	42	STIM=2
12452325	42	RESP=2
12460212	42	STIM=r
12463290	42	RESP=1
12476620	42	STIM=h
12483048	42	RESP=1
12492851	42	STIM=l
12496900	42	RESP=1
12510838	42	STIM=f
12514357	42	RESP=1
12528972	42	STIM=z
12532953	42	RESP=1
12547005	42	STIM=m
12550111	42	RESP=1
12563012	42	STIM=c
12568494	42	RESP=1
12581651	42	STIM=q
12589373	42	RESP=1
12598016	42	STIM=f
12600936	42	RESP=1
12613535	42	STIM=f
12620380	42	RESP=1
12631428	42	STIM=b
12637229	42	RESP=1
12646510	42	STIM=x
12655263	42	RESP=1
12665444	42	STIM=k
12672719	42	RESP=1
12682360	42	STIM=8
12688856	42	RESP=2
12700294	42	STIM=x
12703871	42	RESP=1
12718374	42	STIM=1
12722414	42	RESP=2
12735627	42	STIM=i
12738534	42	RESP=2
12751534	42	STIM=s
12757213	42	RESP=1
12767225	42	STIM=z
12775019	42	RESP=1
12784177	42	STIM=n
12787901	42	RESP=1
12799364	42	STIM=1
12803892	42	RESP=2
12816473	42	STIM=1
12822286	42	RESP=2
12832646	42	STIM=a
12838152	42	RESP=1
12848445	42	STIM=p
12853837	42	RESP=1
12864390	42	STIM=m
12869926	42	RESP=1
12880571	42	STIM=u
12886076	42	RESP=1
12897603	42	STIM=b
12902170	42	RESP=1
12916382	42	STIM=2
12920629	42	RESP=2
12932075	42	STIM=4
12939228	42	RESP=2
12951009	42	STIM=v
12955733	42	RESP=1
12967056	42	STIM=7
12971706	42	RESP=2
12982496	42	STIM=c
12988893	42	RESP=2
13000673	42	STIM=4
13006809	42	RESP=2
13018315	42	STIM=x
13023973	42	RESP=1
13035219	42	STIM=s
13040468	42	RESP=1
13053989	42	STIM=9
13058425	42	RESP=2
13070369	42	STIM=j
13074322	42	RESP=2
13085526	42	STIM=r
13094323	42	RESP=1
13100933	42	STIM=d
13103449	42	RESP=1
13118711	42	STIM=i
13121685	42	RESP=1
13135943	42	STIM=i
13139948	42	RESP=1
13151587	42	STIM=9
13157433	42	RESP=2
13167133	42	STIM=q
13170196	42	RESP=1
13186005	42	STIM=e
13188753	42	RESP=1
13201611	42	STIM=b
13207395	42	RESP=1
13218275	42	STIM=4
13223298	42	RESP=2
13234269	42	STIM=4
13239756	42	RESP=2
13251932	42	STIM=e
13254993	42	RESP=1
13267320	42	STIM=h
13272302	42	RESP=1
13284022	42	STIM=h
13287760	42	RESP=1
13302757	42	STIM=o
13310866	42	RESP=1
13320277	42	STIM=m
13326934	42	RESP=1
13338708	42	STIM=w
13343277	42	RESP=1
13356532	42	STIM=o
13359915	42	RESP=1
13373654	42	STIM=j
13380024	42	RESP=1
13389916	42	STIM=n
13394832	42	RESP=1
13406708	42	STIM=j
13412777	42	RESP=1
13423643	42	STIM=c
13428674	42	RESP=1
13438724	42	STIM=1
13443147	42	RESP=2
13456769	42	STIM=b
13461372	42	RESP=1
13472109	42	STIM=g
13475650	42	RESP=1
13488786	42	STIM=5
13494385	42	RESP=2
13503799	42	STIM=o
13507017	42	RESP=1
13518911	42	STIM=i
13522699	42	RESP=1
13535079	42	STIM=t
13537414	42	RESP=1
13551505	42	STIM=d
13557829	42	RESP=1
13569808	42	STIM=1
13574756	42	RESP=2
13587496	42	STIM=y
13590861	42	RESP=1
13605071	42	STIM=s
13608657	42	RESP=2
13623819	42	STIM=n
13628417	42	RESP=1
13640338	42	STIM=x
13646047	42	RESP=1
13657572	42	STIM=4
13661728	42	RESP=1
13674790	42	STIM=r
13678052	42	RESP=1
13692377	42	STIM=o
13697034	42	RESP=1
13710190	42	STIM=l
13714372	42	RESP=1
13726057	42	STIM=c
13729599	42	RESP=1
13744476	42	STIM=q
13748430	42	RESP=1
13759963	42	STIM=3
13764784	42	RESP=1
13775253	42	STIM=b
13780157	42	RESP=1
13790995	42	STIM=6
13795980	42	RESP=2
13806209	42	STIM=n
13810675	42	RESP=1
13823552	42	STIM=a
13827730	42	RESP=1
13839772	42	STIM=x
13842791	42	RESP=1
13858276	42	STIM=u
13863432	42	RESP=1
13876018	42	STIM=k
13884565	42	RESP=1
13892708	42	STIM=s
13895993	42	RESP=1
13911005	42	STIM=m
13916700	42	RESP=1
13928572	42	STIM=h
13936809	42	RESP=1
13946600	42	STIM=w
13951898	42	RESP=1
13964779	42	STIM=y
13969034	42	RESP=1
13982139	42	STIM=v
13985522	42	RESP=1
13998858	42	STIM=b
14001887	42	RESP=1
14014309	42	STIM=w
14020740	42	RESP=1
14030788	42	STIM=l
14034152	42	RESP=1
14048228	42	STIM=t
14052482	42	RESP=1
14064253	42	STIM=r
14073083	42	RESP=2
14083079	42	STIM=q
14087144	42	RESP=1
14099559	42	STIM=b
14110358	42	RESP=1
14117083	42	STIM=f
14120420	42	RESP=1
14134670	42	STIM=m
14139790	42	RESP=1
14153341	42	STIM=2
14157959	42	RESP=2
14170985	42	STIM=a
14181425	42	RESP=1
14189010	42	STIM=o
14191826	42	RESP=1
14205722	42	STIM=1
14209514	42	RESP=2
14222190	42	STIM=o
14230476	42	RESP=1
14237901	42	STIM=c
14244551	42	RESP=1
14255253	42	STIM=o
14260794	42	RESP=2
14273522	42	STIM=k
14278290	42	RESP=1
14289281	42	STIM=q
14293276	42	RESP=1
14304319	42	STIM=3
14309835	42	RESP=2
14321168	42	STIM=h
14326902	42	RESP=1
14339254	42	STIM=o
14343785	42	RESP=1
14355463	42	STIM=3
14359787	42	RESP=2
14372245	42	STIM=1
14382335	42	RESP=2
14387305	42	STIM=o
14391871	42	RESP=1
14402479	42	STIM=w
14406665	42	RESP=1
14417731	42	STIM=l
14424104	42	RESP=1
14433050	42	STIM=h
14435967	42	RESP=1
14450436	42	STIM=m
14456524	42	RESP=1
14466445	42	STIM=n
14476080	42	RESP=1
14483849	42	STIM=f
14488458	42	RESP=1
14502359	42	STIM=4
14506786	42	RESP=2
14518186	42	STIM=o
14522544	42	RESP=1
14536012	42	STIM=r
14541443	42	RESP=1
14553885	42	STIM=7
14558935	42	RESP=2
14572816	42	STIM=n
14576920	42	RESP=1
14589789	42	STIM=d
14593683	42	RESP=1
14608585	42	STIM=3
14613654	42	RESP=1
14624804	42	STIM=b
14628997	42	RESP=1
14643803	42	STIM=m
14651065	42	RESP=1
14659319	42	STIM=r
14663157	42	RESP=1
14676667	42	STIM=0
14682438	42	RESP=2
14694503	42	STIM=g
14698869	42	RESP=1
14712973	42	STIM=n
14717768	42	RESP=2
14731796	42	STIM=t
14735943	42	RESP=1
14749717	42	STIM=9
14756730	42	RESP=2
14768316	42	STIM=z
14771774	42	RESP=1
14785531	42	STIM=o
14791220	42	RESP=1
14803784	42	STIM=w
14807294	42	RESP=1
14822513	42	STIM=e
14825782	42	RESP=1
14838168	42	STIM=q
14843275	42	RESP=1
14853263	42	STIM=x
14855754	42	RESP=1
14868755	42	STIM=3
14876003	42	RESP=2
14886303	42	STIM=y
14891097	42	RESP=1
14903847	42	STIM=p
14907029	42	RESP=1
14918966	42	STIM=a
14922339	42	RESP=1
14934698	42	STIM=4
14939333	42	RESP=2
14950998	42	STIM=r
14956277	42	RESP=1
14967068	42	STIM=m
14972527	42	RESP=1
14984479	42	STIM=o
14988548	42	RESP=1
14999612	42	STIM=d
15006903	42	RESP=1
15014830	42	STIM=5
15018476	42	RESP=1
15032834	42	STIM=0
15036808	42	RESP=2
15050887	42	STIM=a
15055464	42	RESP=1
15069391	42	STIM=3
15075138	42	RESP=2
15084549	42	STIM=y
15088803	42	RESP=1
15100859	42	STIM=y
15106185	42	RESP=1
15118696	42	STIM=8
15123707	42	RESP=1
15137405	42	STIM=9
15143019	42	RESP=2
15154894	42	STIM=u
15159257	42	RESP=1
15170527	42	STIM=s
15174575	42	RESP=1
15188908	42	STIM=g
15192393	42	RESP=2
15206575	42	STIM=s
15212219	42	RESP=1
15224139	42	STIM=0
15228853	42	RESP=1
15240721	42	STIM=p
15251646	42	RESP=1
15259352	42	STIM=w
15263169	42	RESP=1
15278100	42	STIM=a
15282832	42	RESP=1
15296220	42	STIM=7
15300785	42	RESP=2
15311589	42	STIM=h
15317496	42	RESP=1
15327912	42	STIM=c
15332788	42	RESP=1
15346034	42	STIM=3
15350747	42	RESP=1
15361196	42	STIM=0
15365045	42	RESP=2
15376669	42	STIM=4
15381054	42	RESP=1
15391959	42	STIM=r
15396475	42	RESP=1
15408692	42	STIM=y
15411974	42	RESP=1
15426172	42	STIM=2
15432381	42	RESP=2
15442533	42	STIM=o
15447286	42	RESP=1
15457672	42	STIM=x
15461501	42	RESP=1
15475224	42	STIM=p
15480502	42	RESP=1
15491707	42	STIM=w
15496680	42	RESP=1
15510570	42	STIM=z
15517763	42	RESP=1
15526923	42	STIM=v
15530832	42	RESP=1
15542633	42	STIM=y
15546515	42	RESP=1
15557915	42	STIM=7
15565305	42	RESP=2
15573792	42	STIM=s
15580937	42	RESP=1
15590227	42	STIM=g
15594927	42	RESP=1
15605610	42	STIM=m
15611325	42	RESP=1
15623757	42	STIM=h
15626963	42	RESP=1
15641826	42	STIM=s
15645100	42	RESP=1
15660336	42	STIM=g
15668659	42	RESP=1
15676143	42	STIM=d
15679515	42	RESP=1
15692201	42	STIM=8
15696217	42	RESP=2
15708693	42	STIM=l
15714595	42	RESP=1
15726670	42	STIM=g
15732713	42	RESP=1
15742604	42	STIM=l
15746802	42	RESP=1
15757861	42	STIM=u
15761323	42	RESP=1
15776321	42	STIM=i
15780978	42	RESP=1
15792348	42	STIM=t
15796055	42	RESP=1
15807567	42	STIM=p
15813282	42	RESP=1
15825134	42	STIM=q
15828204	42	RESP=1
15843267	42	STIM=1
15848652	42	RESP=1
15861623	42	STIM=f
15865946	42	RESP=1
15879748	42	STIM=7
15883731	42	RESP=2
15897003	42	STIM=2
15900947	42	RESP=2
15915053	42	STIM=6
15919660	42	RESP=2
15930595	42	STIM=y
15936102	42	RESP=1
15946562	42	STIM=8
15951883	42	RESP=2
15965495	42	STIM=z
15972373	42	RESP=1
15980657	42	STIM=n
15985030	42	RESP=1
15999349	42	STIM=a
16004473	42	RESP=1
16017589	42	STIM=m
16020715	42	RESP=1
16032747	42	STIM=t
16038733	42	RESP=1
16049189	42	STIM=d
16052910	42	RESP=1
16067347	42	STIM=k
16071339	42	RESP=1
16084124	42	STIM=2
16092422	42	RESP=2
16102794	42	STIM=h
16107472	42	RESP=1
16119332	42	STIM=u
16122351	42	RESP=1
16134632	42	STIM=j
16137232	42	RESP=1
16150260	42	STIM=6
16157269	42	RESP=2
16167174	42	STIM=l
16170925	42	RESP=1
16184255	42	STIM=w
16194211	42	RESP=1
16201347	42	STIM=s
16209533	42	RESP=1
16219419	42	STIM=r
16224361	42	RESP=1
16236091	42	STIM=a
16239307	42	RESP=1
16253384	42	STIM=h
16259465	42	RESP=1
16270237	42	STIM=v
16279348	42	RESP=1
16287136	42	STIM=5
16294335	42	RESP=2
16304398	42	STIM=4
16310988	42	RESP=2
16321378	42	STIM=4
16325075	42	RESP=2
16338504	42	STIM=u
16342056	42	RESP=1
16356380	42	STIM=y
16362064	42	RESP=1
16372584	42	STIM=p
16376970	42	RESP=1
16389668	42	STIM=u
16394101	42	RESP=1
16408176	42	STIM=f
16414354	42	RESP=1
16427053	42	STIM=a
16431321	42	RESP=1
16443533	42	STIM=e
16449272	42	RESP=1
16459875	42	STIM=8
16463678	42	RESP=2
16476254	42	STIM=3
16480242	42	RESP=2
16495077	42	STIM=d
16497830	42	RESP=1
16512213	42	STIM=t
16515882	42	RESP=1
16527495	42	STIM=e
16531759	42	RESP=1
16544857	42	STIM=b
16551549	42	RESP=1
16561602	42	STIM=x
16565772	42	RESP=1
16577922	42	STIM=s
16583255	42	RESP=1
16596474	42	STIM=d
16601584	42	RESP=1
16613864	42	STIM=c
16616683	42	RESP=1
16632255	42	STIM=i
16634993	42	RESP=1
16650486	42	STIM=e
16657934	42	RESP=1
16665549	42	STIM=6
16669660	42	RESP=2
16680938	42	STIM=o
16683680	42	RESP=1
16699303	42	STIM=m
16702270	42	RESP=1
16714366	42	STIM=9
16718474	42	RESP=2
16730893	42	STIM=d
16733981	42	RESP=1
16748726	42	STIM=a
16751864	42	RESP=1
16767626	42	STIM=i
16778261	42	RESP=1
16786535	42	STIM=s
16790943	42	RESP=1
16802375	42	STIM=n
16806171	42	RESP=1
16818141	42	STIM=q
16822235	42	RESP=1
16834250	42	STIM=o
16839949	42	RESP=1
16849301	42	STIM=s
16856016	42	RESP=1
16865235	42	STIM=q
16869078	42	RESP=1
16881226	42	STIM=6
16887553	42	RESP=2
16897015	42	STIM=2
16904678	42	RESP=2
16912918	42	STIM=e
16920445	42	RESP=1
16930536	42	STIM=7
16937476	42	RESP=2
16946998	42	STIM=o
16955644	42	RESP=1
16962848	42	STIM=b
16968233	42	RESP=1
16979438	42	STIM=h
16986562	42	RESP=1
16995692	42	STIM=o
16998253	42	RESP=1
17012800	42	STIM=m
17018276	42	RESP=1
17029256	42	STIM=x
17035550	42	RESP=1
17047929	42	STIM=h
17053539	42	RESP=1
17066897	42	STIM=y
17070195	42	RESP=1
17084470	42	STIM=p
17088336	42	RESP=1
17100097	42	STIM=g
17104300	42	RESP=1
17117482	42	STIM=3
17123420	42	RESP=1
17136339	42	STIM=7
17141206	42	RESP=2
17153933	42	STIM=u
17157722	42	RESP=1
17172921	42	STIM=d
17177769	42	RESP=1
17188446	42	STIM=r
17199583	42	RESP=1
17204089	42	STIM=n
17209286	42	RESP=1
17220350	42	STIM=t
17226790	42	RESP=1
17235490	42	STIM=6
17240138	42	RESP=2
17250682	42	STIM=2
17256112	42	RESP=2
17267477	42	STIM=4
17271489	42	RESP=2
17283008	42	STIM=d
17288098	42	RESP=1
17299250	42	STIM=r
17303670	42	RESP=1
17315163	42	STIM=5
17319425	42	RESP=2
17331067	42	STIM=i
17340609	42	RESP=1
17349554	42	STIM=g
17360533	42	RESP=1
17368531	42	STIM=z
17376615	42	RESP=1
17384002	42	STIM=u
17388340	42	RESP=1
17402513	42	STIM=y
17407239	42	RESP=1
17420461	42	STIM=m
17425272	42	RESP=1
17435650	42	STIM=d
17440272	42	RESP=2
17451204	42	STIM=o
17460293	42	RESP=1
17469149	42	STIM=l
17473206	42	RESP=1
17487690	42	STIM=l
17494140	42	RESP=1
17503276	42	STIM=s
17507210	42	RESP=2
17519976	42	STIM=7
17525795	42	RESP=2
17537378	42	STIM=i
17540610	42	RESP=1
17555848	42	STIM=o
17561668	42	RESP=1
17573588	42	STIM=q
17578317	42	RESP=1
17588632	42	STIM=z
17595589	42	RESP=1
17604128	42	STIM=s
17610183	42	RESP=1
17619686	42	STIM=n
17623071	42	RESP=1
17634945	42	STIM=g
17638830	42	RESP=1
17651089	42	STIM=m
17656818	42	RESP=1
17666432	42	STIM=b
17670476	42	RESP=1
17685008	42	STIM=6
17690557	42	RESP=2
17701533	42	STIM=3
17709852	42	RESP=2
17719945	42	STIM=y
17723940	42	RESP=1
17735571	42	STIM=3
17738681	42	RESP=1
17751781	42	STIM=l
17756095	42	RESP=2
17768838	42	STIM=y
17775116	42	RESP=1
17784201	42	STIM=i
17792489	42	RESP=1
17801785	42	STIM=d
17806209	42	RESP=1
17819331	42	STIM=v
17825304	42	RESP=1
17838266	42	STIM=5
17849523	42	RESP=1
17855028	42	STIM=f
17859029	42	RESP=1
17873251	42	STIM=j
17877774	42	RESP=1
17889410	42	STIM=w
17896528	42	RESP=1
17907059	42	STIM=j
17914614	42	RESP=1
17925558	42	STIM=6
17930044	42	RESP=1
17943526	42	STIM=j
17948530	42	RESP=1
17960865	42	STIM=g
17964919	42	RESP=1
17977174	42	STIM=n
17980058	42	RESP=1
17994493	42	STIM=a
17998616	42	RESP=1
18010395	42	STIM=4
18014267	42	RESP=2
18025536	42	STIM=i
18029536	42	RESP=1
18041907	42	STIM=q
18045578	42	RESP=2
18057378	42	STIM=h
18061080	42	RESP=1
18073584	42	STIM=7
18078295	42	RESP=2
18089662	42	STIM=6
18096145	42	RESP=2
18105738	42	STIM=x
18108681	42	RESP=1
18123390	42	STIM=7
18127148	42	RESP=2
18138701	42	STIM=u
18143183	42	RESP=1
18154444	42	STIM=i
18158576	42	RESP=1
18171541	42	STIM=i
18174501	42	RESP=1
18189656	42	STIM=g
18193675	42	RESP=1
18205063	42	STIM=p
18210294	42	RESP=1
18222231	42	STIM=0
18226844	42	RESP=2
18238446	42	STIM=p
18247767	42	RESP=1
18254901	42	STIM=0
18260206	42	RESP=2
18272202	42	STIM=j
18278493	42	RESP=1
18289567	42	STIM=5
18295891	42	RESP=2
18304682	42	STIM=5
18309799	42	RESP=1
18320351	42	STIM=3
18325056	42	RESP=2
18338739	42	STIM=f
18341788	42	RESP=1
18356719	42	STIM=k
18364196	42	RESP=1
18372249	42	STIM=m
18378657	42	RESP=1
18391058	42	STIM=r
18396491	42	RESP=1
18409483	42	STIM=o
18413891	42	RESP=1
18427469	42	STIM=f
18432506	42	RESP=1
18444971	42	STIM=l
18452169	42	RESP=1
18460799	42	STIM=w
18467161	42	RESP=1
18476856	42	STIM=1
18484441	42	RESP=2
18492207	42	STIM=n
18495773	42	RESP=1
18510372	42	STIM=d
18515341	42	RESP=1
18527295	42	STIM=x
18536096	42	RESP=1
18544616	42	STIM=m
18548453	42	RESP=1
18561314	42	STIM=k
18564294	42	RESP=1
18577413	42	STIM=o
18580159	42	RESP=1
18596136	42	STIM=g
18599992	42	RESP=1
18613947	42	STIM=g
18624952	42	RESP=1
18631027	42	STIM=s
18634454	42	RESP=1
18649652	42	STIM=z
18652575	42	RESP=1
18666884	42	STIM=i
18670935	42	RESP=1
18683689	42	STIM=j
18688910	42	RESP=1
18700344	42	STIM=g
18712746	42	RESP=1
18719025	42	STIM=5
18724609	42	RESP=2
18734913	42	STIM=g
18742236	42	RESP=1
18753517	42	STIM=q
18758521	42	RESP=1
18771228	42	STIM=b
18773896	42	RESP=1
18789139	42	STIM=4
18798507	42	RESP=2
18806264	42	STIM=l
18811187	42	RESP=1
18822442	42	STIM=x
18828760	42	RESP=1
18838764	42	STIM=w
18848967	42	RESP=1
18856125	42	STIM=v
18859591	42	RESP=1
18874988	42	STIM=s
18878941	42	RESP=1
18890161	42	STIM=b
18893351	42	RESP=1
18907836	42	STIM=k
18914110	42	RESP=1
18924214	42	STIM=m
18929241	42	RESP=1
18941211	42	STIM=c
18945603	42	RESP=1
18959796	42	STIM=q
18964484	42	RESP=1
18976151	42	STIM=r
18983085	42	RESP=1
18994755	42	STIM=4
18999873	42	RESP=2
19010668	42	STIM=g
19014189	42	RESP=1
19028552	42	STIM=7
19035722	42	RESP=2
19044415	42	STIM=x
19051077	42	RESP=1
19061217	42	STIM=m
19066949	42	RESP=1
19076790	42	STIM=g
19080174	42	RESP=1
19094452	42	STIM=e
19097463	42	RESP=1
19110936	42	STIM=p
19115100	42	RESP=1
19126478	42	STIM=w
19131285	42	RESP=1
19144482	42	STIM=t
19148297	42	RESP=1
19161068	42	STIM=2
19167960	42	RESP=2
19177225	42	STIM=0
19181755	42	RESP=2
19193248	42	STIM=p
19197753	42	RESP=1
19208700	42	STIM=6
19214018	42	RESP=2
19225595	42	STIM=x
19228186	42	RESP=1
19242271	42	STIM=j
19249398	42	RESP=1
19261224	42	STIM=w
19267720	42	RESP=1
19279623	42	STIM=h
19283714	42	RESP=1
19298281	42	STIM=7
19303894	42	RESP=2
19315346	42	STIM=l
19323070	42	RESP=1
19333441	42	STIM=9
19338935	42	RESP=2
19351956	42	STIM=j
19358986	42	RESP=1
19369515	42	STIM=r
19374908	42	RESP=1
19386296	42	STIM=4
19393326	42	RESP=2
19401381	42	STIM=s
19407456	42	RESP=1
19419450	42	STIM=c
19423962	42	RESP=1
19438168	42	STIM=p
19443549	42	RESP=1
19456471	42	STIM=i
19468267	42	RESP=1
19474671	42	STIM=x
19480525	42	RESP=1
19490786	42	STIM=z
19495897	42	RESP=1
19507310	42	STIM=3
19515380	42	RESP=2
19524204	42	STIM=8
19529835	42	RESP=2
19541061	42	STIM=l
19544025	42	RESP=1
19558536	42	STIM=e
19561344	42	RESP=1
19574937	42	STIM=l
19578098	42	RESP=1
19593627	42	STIM=h
19597331	42	RESP=1
19612261	42	STIM=7
19620070	42	RESP=2
19631105	42	STIM=0
19636332	42	RESP=2
19647949	42	STIM=u
19653020	42	RESP=1
19666551	42	STIM=p
19670514	42	RESP=1
19684052	42	STIM=i
19688535	42	RESP=1
19700852	42	STIM=9
19707470	42	RESP=2
19717920	42	STIM=s
19721972	42	RESP=1
19734656	42	STIM=f
19742719	42	RESP=1
19750349	42	STIM=o
19755363	42	RESP=1
19768305	42	STIM=a
19773925	42	RESP=1
19784003	42	STIM=l
19790520	42	RESP=1
19802342	42	STIM=j
19805568	42	RESP=1
19817778	42	STIM=p
19822514	42	RESP=1
19835584	42	STIM=q
19838897	42	RESP=1
19853527	42	STIM=e
19860268	42	RESP=1
19869008	42	STIM=z
19875706	42	RESP=1
19887170	42	STIM=d
19891687	42	RESP=1
19904251	42	STIM=y
19910028	42	RESP=1
19922649	42	STIM=p
19926450	42	RESP=1
19941393	42	STIM=k
19944454	42	RESP=1
19960316	42	STIM=j
19963837	42	RESP=1
19975850	42	STIM=0
19980086	42	RESP=2
19994206	42	STIM=i
19999975	42	RESP=1
20009223	42	STIM=8
20016268	42	RESP=2
20027584	42	STIM=o
20031288	42	RESP=1
20043677	42	STIM=i
20049119	42	RESP=1
20061625	42	STIM=n
20069000	42	RESP=1
20078712	42	STIM=4
20083722	42	RESP=2
20095896	42	STIM=g
20099841	42	RESP=1
20111014	42	STIM=x
20116164	42	RESP=1
20126511	42	STIM=h
20131562	42	RESP=2
20144234	42	STIM=e
20151933	42	RESP=1
20163221	42	STIM=m
20165816	42	RESP=1
20178723	42	STIM=0
20185819	42	RESP=2
20194945	42	STIM=s
20198741	42	RESP=1
20213313	42	STIM=d
20216877	42	RESP=1
20230308	42	STIM=e
20234444	42	RESP=1
20245504	42	STIM=z
20249030	42	RESP=1
20262285	42	STIM=r
20267539	42	RESP=1
20278367	42	STIM=a
20285883	42	RESP=1
20295531	42	STIM=c
20300387	42	RESP=1
20312951	42	STIM=8
20317837	42	RESP=2
20331454	42	STIM=v
20334994	42	RESP=1
20348404	42	STIM=p
20351541	42	RESP=1
20366874	42	STIM=p
20371987	42	RESP=1
20382136	42	STIM=x
20387145	42	RESP=1
20400677	42	STIM=i
20403955	42	RESP=1
20416744	42	STIM=8
20422575	42	RESP=2
20433413	42	STIM=y
20441064	42	RESP=1
20448619	42	STIM=b
20454808	42	RESP=1
20466273	42	STIM=u
20471071	42	RESP=1
20482458	42	STIM=5
20487549	42	RESP=2
20500969	42	STIM=n
20507622	42	RESP=1
20517300	42	STIM=2
20522181	42	RESP=2
20533731	42	STIM=p
20540706	42	RESP=1
20550105	42	STIM=v
20556446	42	RESP=1
20565468	42	STIM=g
20574999	42	RESP=1
20583305	42	STIM=b
20586209	42	RESP=1
20599360	42	STIM=c
20602320	42	RESP=1
20617054	42	STIM=j
20620700	42	RESP=1
20632174	42	STIM=b
20639638	42	RESP=1
20649127	42	STIM=x
20653534	42	RESP=1
20666132	42	STIM=w
20669730	42	RESP=1
20681414	42	STIM=i
20690202	42	RESP=1
20699339	42	STIM=r
20703059	42	RESP=1
20716898	42	STIM=m
20721470	42	RESP=1
20733711	42	STIM=u
20737521	42	RESP=1
20750546	42	STIM=9
20755930	42	RESP=2
20767738	42	STIM=a
20773427	42	RESP=1
20784141	42	STIM=i
20789500	42	RESP=1
20802004	42	STIM=m
20808332	42	RESP=1
20818610	42	STIM=z
20826197	42	RESP=1
20833933	42	STIM=d
20837952	42	RESP=1
20850635	42	STIM=i
20853230	42	RESP=1
20866191	42	STIM=s
20870395	42	RESP=1
20882629	42	STIM=d
20890562	42	RESP=1
20898606	42	STIM=7
20907559	42	RESP=2
20914653	42	STIM=b
20922085	42	RESP=1
20930455	42	STIM=s
20937337	42	RESP=2
20948036	42	STIM=k
20953467	42	RESP=1
20964760	42	STIM=f
20969906	42	RESP=1
20981792	42	STIM=m
20987525	42	RESP=1
20997461	42	STIM=a
21002234	42	RESP=1
21015396	42	STIM=9
21019664	42	RESP=1
21031799	42	STIM=j
21034675	42	RESP=1
21047045	42	STIM=7
21051357	42	RESP=2
21062998	42	STIM=a
21069963	42	RESP=1
21081098	42	STIM=9
21086593	42	RESP=2
21098848	42	STIM=s
21103654	42	RESP=1
21115439	42	STIM=r
21118866	42	RESP=1
21133660	42	STIM=5
21138167	42	RESP=1
21148847	42	STIM=0
21155632	42	RESP=2
21165565	42	STIM=y
21169472	42	RESP=1
21181693	42	STIM=h
21187232	42	RESP=1
21198383	42	STIM=y
21204365	42	RESP=1
21214712	42	STIM=i
21218912	42	RESP=1
21230138	42	STIM=t
21236950	42	RESP=1
21248231	42	STIM=u
21254230	42	RESP=2
21263954	42	STIM=b
21269181	42	RESP=1
21282421	42	STIM=d
21285897	42	RESP=1
21299124	42	STIM=y
21305322	42	RESP=1
21317525	42	STIM=e
21323761	42	RESP=1
21333529	42	STIM=i
21338598	42	RESP=1
21350269	42	STIM=e
21354710	42	RESP=1
21365823	42	STIM=v
21369276	42	RESP=1
21381751	42	STIM=h
21389103	42	RESP=1
21399285	42	STIM=u
21406063	42	RESP=2
21414316	42	STIM=b
21420823	42	RESP=1
21430354	42	STIM=w
21434090	42	RESP=1
21448447	42	STIM=0
21454143	42	RESP=2
21465986	42	STIM=b
21474351	42	RESP=1
21483195	42	STIM=3
21489267	42	RESP=2
21500672	42	STIM=x
21505309	42	RESP=1
21516867	42	STIM=q
21521840	42	RESP=1
21533852	42	STIM=l
21540521	42	RESP=1
21550897	42	STIM=f
21555251	42	RESP=2
21567200	42	STIM=q
21571834	42	RESP=1
21585803	42	STIM=f
21590830	42	RESP=1
21603753	42	STIM=k
21608781	42	RESP=1
21622728	42	STIM=t
21627090	42	RESP=1
21641656	42	STIM=t
21650790	42	RESP=1
21660103	42	STIM=p
21663489	42	RESP=1
21678044	42	STIM=i
21681810	42	RESP=1
21694061	42	STIM=i
21698840	42	RESP=1
21711315	42	STIM=p
21717569	42	RESP=1
21729867	42	STIM=u
21733806	42	RESP=1
