# Original filename: 0012_CGS_2016-09-30.log
# Time unit: 100 us
# RARECAT=digit
#
# Time	HHGG	Event
37006	42	STIM=p
43557	42	RESP=1
55626	42	STIM=x
60029	42	RESP=1
73471	42	STIM=7
80056	42	RESP=2
91940	42	STIM=a
97072	42	RESP=1
108799	42	STIM=u
112173	42	RESP=2
124615	42	STIM=l
131353	42	RESP=2
140409	42	STIM=z
144742	42	RESP=1
157272	42	STIM=k
161580	42	RESP=1
173730	42	STIM=z
179257	42	RESP=1
190862	42	STIM=q
197683	42	RESP=1
208943	42	STIM=g
218504	42	RESP=1
226877	42	STIM=u
229986	42	RESP=1
245719	42	STIM=q
250458	42	RESP=1
262632	42	STIM=y
266515	42	RESP=1
281441	42	STIM=2
286232	42	RESP=2
300239	42	STIM=b
304649	42	RESP=1
315445	42	STIM=l
320608	42	RESP=1
331043	42	STIM=l
337309	42	RESP=1
347936	42	STIM=g
353301	42	RESP=1
363631	42	STIM=w
375326	42	RESP=1
379011	42	STIM=f
387930	42	RESP=1
395450	42	STIM=5
401914	42	RESP=2
413240	42	STIM=m
418652	42	RESP=1
430266	42	STIM=r
437116	42	RESP=1
447991	42	STIM=1
453933	42	RESP=2
463257	42	STIM=7
469040	42	RESP=1
478535	42	STIM=p
483863	42	RESP=1
496031	42	STIM=w
502792	42	RESP=1
512806	42	STIM=4
517055	42	RESP=1
528924	42	STIM=h
535191	42	RESP=1
547850	42	STIM=n
554315	42	RESP=1
565397	42	STIM=5
569996	42	RESP=2
580723	42	STIM=b
586619	42	RESP=1
596575	42	STIM=z
600946	42	RESP=1
613250	42	STIM=m
617978	42	RESP=1
629984	42	STIM=2
638674	42	RESP=2
647495	42	STIM=z
651484	42	RESP=1
662811	42	STIM=6
670350	42	RESP=2
680260	42	STIM=p
687511	42	RESP=1
696720	42	STIM=f
700857	42	RESP=2
712963	42	STIM=q
719113	42	RESP=1
728112	42	STIM=a
734263	42	RESP=1
743620	42	STIM=2
752007	42	RESP=2
760204	42	STIM=c
767290	42	RESP=1
778961	42	STIM=b
783742	42	RESP=1
794458	42	STIM=k
799570	42	RESP=1
810741	42	STIM=9
817979	42	RESP=2
825899	42	STIM=v
830505	42	RESP=1
844291	42	STIM=3
849752	42	RESP=2
860472	42	STIM=l
866262	42	RESP=1
879307	42	STIM=f
887462	42	RESP=1
897995	42	STIM=w
903541	42	RESP=1
913866	42	STIM=p
917688	42	RESP=1
929926	42	STIM=t
933519	42	RESP=1
946907	42	STIM=z
953654	42	RESP=1
962045	42	STIM=j
966648	42	RESP=1
979785	42	STIM=1
985786	42	RESP=2
996293	42	STIM=7
1000312	42	RESP=2
1013169	42	STIM=6
1025508	42	RESP=1
1031503	42	STIM=5
1038272	42	RESP=2
1047760	42	STIM=l
1054056	42	RESP=1
1063687	42	STIM=n
1068630	42	RESP=1
1079835	42	STIM=r
1084734	42	RESP=1
1097574	42	STIM=y
1105159	42	RESP=1
1115523	42	STIM=d
1120139	42	RESP=1
1131322	42	STIM=8
1139745	42	RESP=2
1150307	42	STIM=5
1156565	42	RESP=2
1168645	42	STIM=u
1175770	42	RESP=1
1184360	42	STIM=2
1188300	42	RESP=2
1202290	42	STIM=j
1205820	42	RESP=1
1218852	42	STIM=d
1221549	42	RESP=1
1233927	42	STIM=i
1236858	42	RESP=1
1252210	42	STIM=u
1259004	42	RESP=1
1268206	42	STIM=n
1276951	42	RESP=1
1284668	42	STIM=l
1292436	42	RESP=1
1299864	42	STIM=e
1311225	42	RESP=1
1317426	42	STIM=g
1321700	42	RESP=1
1335264	42	STIM=i
1340136	42	RESP=1
1352193	42	STIM=f
1356522	42	RESP=1
1367468	42	STIM=q
1371392	42	RESP=1
1382727	42	STIM=x
1392732	42	RESP=1
1397769	42	STIM=d
1405375	42	RESP=1
1413272	42	STIM=v
1416974	42	RESP=1
1430835	42	STIM=v
1434525	42	RESP=1
1446666	42	STIM=a
1453088	42	RESP=1
1462331	42	STIM=h
1466315	42	RESP=1
1477839	42	STIM=1
1485780	42	RESP=2
1494361	42	STIM=t
1501124	42	RESP=1
1512407	42	STIM=g
1515445	42	RESP=1
1530980	42	STIM=n
1536603	42	RESP=1
1547222	42	STIM=4
1553926	42	RESP=2
1564684	42	STIM=x
1571017	42	RESP=1
1580613	42	STIM=1
1585906	42	RESP=2
1599471	42	STIM=o
1604723	42	RESP=1
1617873	42	STIM=1
1623945	42	RESP=1
1634177	42	STIM=w
1641224	42	RESP=1
1652113	42	STIM=4
1659632	42	RESP=1
1668692	42	STIM=h
1675130	42	RESP=1
1687007	42	STIM=h
1693667	42	RESP=1
1702217	42	STIM=s
1706737	42	RESP=1
1717966	42	STIM=i
1723882	42	RESP=1
1735806	42	STIM=i
1742957	42	RESP=1
1753924	42	STIM=n
1760329	42	RESP=1
1772847	42	STIM=n
1780997	42	RESP=1
1790535	42	STIM=o
1801013	42	RESP=1
1806044	42	STIM=m
1811861	42	RESP=1
1823780	42	STIM=y
1830093	42	RESP=1
1840858	42	STIM=o
1844522	42	RESP=1
1858416	42	STIM=e
1862424	42	RESP=1
1877138	42	STIM=d
1881760	42	RESP=1
1895291	42	STIM=5
1900802	42	RESP=2
1911293	42	STIM=h
1917338	42	RESP=1
1927303	42	STIM=4
1932423	42	RESP=2
1945627	42	STIM=5
1949493	42	RESP=2
1963361	42	STIM=2
1969450	42	RESP=2
1980220	42	STIM=l
1989820	42	RESP=1
1995893	42	STIM=g
1999415	42	RESP=1
2013005	42	STIM=r
2017657	42	RESP=1
2030466	42	STIM=z
2038192	42	RESP=1
2045731	42	STIM=o
2049460	42	RESP=1
2061159	42	STIM=n
2071283	42	RESP=1
2078071	42	STIM=w
2086121	42	RESP=1
2095409	42	STIM=w
2100695	42	RESP=1
2111621	42	STIM=u
2118036	42	RESP=1
2127993	42	STIM=w
2131965	42	RESP=1
2146883	42	STIM=2
2154996	42	RESP=1
2163805	42	STIM=o
2172217	42	RESP=1
2181682	42	STIM=e
2188056	42	RESP=1
2200454	42	STIM=f
2209241	42	RESP=1
2216658	42	STIM=n
2222273	42	RESP=1
2234294	42	STIM=p
2242807	42	RESP=1
2250477	42	STIM=0
2257677	42	RESP=2
2267385	42	STIM=d
2271540	42	RESP=1
2284275	42	STIM=d
2290480	42	RESP=1
2302657	42	STIM=e
2308390	42	RESP=2
2321057	42	STIM=n
2324813	42	RESP=1
2339736	42	STIM=7
2345864	42	RESP=2
2357721	42	STIM=a
2360232	42	RESP=1
2375527	42	STIM=2
2379405	42	RESP=2
2393060	42	STIM=5
2402267	42	RESP=1
2410292	42	STIM=5
2415485	42	RESP=2
2426141	42	STIM=k
2434129	42	RESP=1
2443742	42	STIM=9
2450145	42	RESP=2
2462572	42	STIM=t
2466005	42	RESP=1
2478076	42	STIM=d
2483339	42	RESP=1
2496434	42	STIM=6
2503440	42	RESP=2
2512004	42	STIM=p
2515755	42	RESP=1
2528157	42	STIM=y
2536641	42	RESP=1
2544464	42	STIM=g
2548792	42	RESP=1
2562934	42	STIM=a
2569575	42	RESP=1
2578067	42	STIM=i
2580817	42	RESP=1
2594380	42	STIM=v
2598953	42	RESP=1
2610152	42	STIM=x
2617695	42	RESP=1
2625720	42	STIM=e
2631240	42	RESP=1
2643755	42	STIM=h
2648939	42	RESP=1
2659054	42	STIM=k
2666477	42	RESP=1
2676396	42	STIM=g
2682303	42	RESP=2
2692905	42	STIM=j
2698590	42	RESP=1
2710113	42	STIM=t
2713387	42	RESP=1
2727693	42	STIM=q
2731795	42	RESP=1
2745074	42	STIM=m
2748946	42	RESP=1
2764068	42	STIM=q
2769200	42	RESP=2
2781360	42	STIM=a
2790500	42	RESP=1
2796742	42	STIM=i
2803229	42	RESP=1
2814071	42	STIM=g
2818577	42	RESP=1
2829240	42	STIM=k
2835312	42	RESP=1
2846423	42	STIM=f
2852453	42	RESP=1
2862589	42	STIM=g
2869801	42	RESP=1
2880387	42	STIM=y
2893019	42	RESP=1
2897091	42	STIM=p
2901928	42	RESP=1
2914921	42	STIM=6
2921321	42	RESP=2
2930009	42	STIM=e
2937261	42	RESP=1
2946962	42	STIM=w
2952531	42	RESP=1
2963990	42	STIM=o
2969842	42	RESP=1
2980448	42	STIM=s
2990391	42	RESP=1
2999444	42	STIM=t
3004483	42	RESP=1
3014979	42	STIM=k
3017944	42	RESP=1
3033247	42	STIM=w
3038237	42	RESP=1
3049896	42	STIM=y
3054481	42	RESP=1
3067246	42	STIM=a
3071539	42	RESP=1
3085855	42	STIM=y
3091222	42	RESP=1
3104300	42	STIM=8
3110656	42	RESP=2
3122680	42	STIM=z
3128332	42	RESP=1
3138868	42	STIM=0
3144350	42	RESP=2
3157473	42	STIM=t
3160696	42	RESP=1
3175050	42	STIM=c
3182002	42	RESP=1
3193980	42	STIM=j
3210848	42	RESP=1
3210948	42	STIM=9
3216858	42	RESP=2
3226458	42	STIM=2
3231055	42	RESP=2
3242429	42	STIM=e
3252213	42	RESP=1
3261215	42	STIM=u
3269034	42	RESP=1
3276685	42	STIM=3
3282083	42	RESP=1
3291776	42	STIM=7
3297359	42	RESP=2
3307802	42	STIM=4
3314559	42	RESP=1
3325437	42	STIM=s
3329462	42	RESP=1
3340699	42	STIM=h
3353298	42	RESP=1
3356773	42	STIM=f
3361667	42	RESP=1
3375592	42	STIM=j
3380734	42	RESP=1
3393746	42	STIM=t
3398391	42	RESP=1
3412590	42	STIM=n
3422008	42	RESP=1
3428618	42	STIM=2
3435888	42	RESP=2
3445313	42	STIM=i
3450433	42	RESP=1
3461558	42	STIM=s
3469466	42	RESP=1
3478480	42	STIM=z
3483369	42	RESP=1
3497275	42	STIM=o
3502761	42	RESP=1
3513538	42	STIM=0
3523744	42	RESP=2
3531341	42	STIM=c
3536153	42	RESP=1
3547972	42	STIM=z
3552018	42	RESP=1
3564408	42	STIM=w
3572405	42	RESP=1
3580489	42	STIM=8
3589300	42	RESP=2
3598732	42	STIM=r
3603465	42	RESP=1
3616803	42	STIM=2
3628898	42	RESP=1
3634899	42	STIM=j
3643264	42	RESP=1
3652581	42	STIM=o
3661818	42	RESP=1
3668813	42	STIM=d
3674463	42	RESP=1
3684092	42	STIM=o
3689474	42	RESP=1
3699651	42	STIM=4
3704878	42	RESP=2
3716666	42	STIM=v
3722446	42	RESP=1
3733289	42	STIM=4
3744874	42	RESP=2
3750606	42	STIM=u
3757283	42	RESP=1
3769570	42	STIM=l
3774867	42	RESP=1
3786458	42	STIM=p
3791959	42	RESP=1
3803283	42	STIM=l
3806668	42	RESP=1
3819832	42	STIM=9
3827088	42	RESP=2
3837135	42	STIM=9
3842530	42	RESP=1
3855805	42	STIM=j
3861407	42	RESP=1
3874677	42	STIM=6
3885374	42	RESP=2
3891726	42	STIM=v
3896295	42	RESP=1
3908448	42	STIM=e
3914023	42	RESP=1
3927392	42	STIM=w
3932321	42	RESP=1
3943620	42	STIM=c
3949771	42	RESP=1
3959863	42	STIM=g
3963471	42	RESP=1
3975756	42	STIM=6
3984519	42	RESP=2
3993228	42	STIM=s
4001178	42	RESP=1
4010717	42	STIM=h
4017118	42	RESP=1
4028954	42	STIM=j
4032077	42	RESP=1
4046528	42	STIM=l
4049576	42	RESP=1
4063057	42	STIM=t
4068050	42	RESP=1
4081447	42	STIM=e
4086393	42	RESP=1
4096513	42	STIM=d
4099072	42	RESP=2
4115429	42	STIM=r
4119767	42	RESP=1
4130769	42	STIM=s
4134859	42	RESP=1
4146578	42	STIM=j
4153536	42	RESP=1
4163029	42	STIM=j
4166751	42	RESP=1
4180175	42	STIM=y
4184241	42	RESP=2
4195604	42	STIM=c
4198842	42	RESP=1
4211751	42	STIM=o
4216874	42	RESP=1
4228196	42	STIM=q
4232612	42	RESP=1
4244584	42	STIM=h
4249335	42	RESP=1
4262180	42	STIM=m
4267626	42	RESP=1
4279780	42	STIM=u
4286392	42	RESP=1
4297455	42	STIM=r
4304345	42	RESP=1
4313165	42	STIM=x
4319007	42	RESP=1
4328902	42	STIM=h
4334278	42	RESP=1
4347170	42	STIM=k
4353721	42	RESP=2
4362896	42	STIM=e
4372100	42	RESP=1
4379551	42	STIM=g
4385972	42	RESP=1
4397824	42	STIM=s
4403009	42	RESP=1
4415342	42	STIM=x
4418978	42	RESP=1
4430728	42	STIM=o
4435975	42	RESP=1
4447739	42	STIM=a
4450752	42	RESP=1
4466222	42	STIM=d
4471559	42	RESP=1
4485175	42	STIM=n
4493908	42	RESP=1
4502337	42	STIM=p
4512863	42	RESP=1
4520670	42	STIM=x
4525258	42	RESP=1
4536583	42	STIM=7
4544133	42	RESP=2
4552269	42	STIM=m
4561371	42	RESP=1
4569638	42	STIM=a
4579419	42	RESP=1
4587994	42	STIM=0
4594447	42	RESP=2
4606663	42	STIM=k
4611020	42	RESP=1
4622180	42	STIM=c
4633562	42	RESP=1
4639077	42	STIM=d
4642952	42	RESP=1
4656605	42	STIM=p
4661527	42	RESP=1
4671938	42	STIM=j
4675009	42	RESP=1
4689715	42	STIM=x
4697430	42	RESP=1
4708030	42	STIM=v
4713601	42	RESP=1
4724226	42	STIM=g
4730976	42	RESP=1
4742696	42	STIM=z
4748062	42	RESP=1
4759233	42	STIM=r
4762311	42	RESP=1
4777474	42	STIM=u
4781660	42	RESP=1
4793662	42	STIM=1
4800349	42	RESP=2
4812146	42	STIM=p
4820200	42	RESP=1
4830857	42	STIM=w
4834851	42	RESP=1
4845896	42	STIM=5
4853816	42	RESP=2
4863026	42	STIM=1
4867099	42	RESP=2
4880145	42	STIM=c
4888078	42	RESP=1
4896939	42	STIM=0
4901341	42	RESP=2
4912548	42	STIM=j
4915464	42	RESP=1
4930211	42	STIM=4
4938588	42	RESP=2
4948591	42	STIM=x
4955196	42	RESP=1
4964074	42	STIM=d
4973112	42	RESP=1
4980554	42	STIM=m
4986472	42	RESP=1
4998492	42	STIM=4
5005211	42	RESP=1
5015090	42	STIM=y
5020474	42	RESP=1
5032326	42	STIM=9
5038240	42	RESP=2
5049177	42	STIM=o
5060162	42	RESP=2
5065668	42	STIM=i
5069837	42	RESP=1
5081811	42	STIM=a
5089737	42	RESP=2
5098946	42	STIM=e
5102914	42	RESP=1
5114651	42	STIM=p
5119579	42	RESP=1
5132905	42	STIM=8
5138136	42	RESP=2
5148313	42	STIM=2
5153847	42	RESP=2
5166075	42	STIM=3
5174935	42	RESP=2
5182500	42	STIM=r
5185772	42	RESP=1
5200040	42	STIM=d
5203214	42	RESP=1
5216715	42	STIM=2
5223081	42	RESP=2
5233874	42	STIM=f
5238808	42	RESP=1
5250293	42	STIM=y
5260182	42	RESP=1
5268968	42	STIM=3
5272626	42	RESP=2
5286303	42	STIM=x
5295350	42	RESP=1
5304504	42	STIM=s
5309105	42	RESP=1
5321156	42	STIM=r
5325614	42	RESP=1
5339154	42	STIM=f
5347569	42	RESP=1
5355230	42	STIM=r
5362862	42	RESP=1
5370659	42	STIM=p
5374192	42	RESP=1
5386003	42	STIM=i
5391074	42	RESP=1
5401444	42	STIM=e
5407308	42	RESP=1
5417360	42	STIM=w
5421853	42	RESP=1
5432843	42	STIM=j
5442878	42	RESP=1
5451256	42	STIM=n
5456543	42	RESP=1
5467086	42	STIM=m
5477086	42	RESP=1
5483560	42	STIM=w
5487103	42	RESP=1
5500018	42	STIM=k
5505336	42	RESP=2
5516353	42	STIM=q
5521844	42	RESP=1
5535133	42	STIM=l
5542587	42	RESP=1
5552974	42	STIM=g
5559019	42	RESP=2
5569671	42	STIM=m
5572620	42	RESP=1
5587612	42	STIM=l
5593595	42	RESP=1
5603892	42	STIM=l
5607837	42	RESP=1
5620719	42	STIM=z
5625887	42	RESP=1
5637245	42	STIM=s
5645556	42	RESP=1
5653787	42	STIM=b
5657669	42	RESP=1
5671637	42	STIM=m
5676454	42	RESP=1
5688023	42	STIM=r
5693211	42	RESP=1
5703028	42	STIM=j
5710891	42	RESP=1
5718572	42	STIM=g
5722973	42	RESP=1
5737138	42	STIM=y
5743212	42	RESP=1
5755186	42	STIM=5
5764820	42	RESP=2
5772830	42	STIM=a
5780282	42	RESP=1
5788116	42	STIM=b
5792113	42	RESP=1
5804871	42	STIM=u
5811487	42	RESP=1
5821220	42	STIM=k
5828208	42	RESP=1
5836499	42	STIM=e
5844034	42	RESP=1
5854854	42	STIM=a
5860783	42	RESP=1
5870788	42	STIM=j
5877319	42	RESP=1
5887306	42	STIM=h
5891410	42	RESP=1
5906233	42	STIM=p
5911169	42	RESP=1
5923735	42	STIM=e
5930626	42	RESP=1
5942108	42	STIM=9
5946527	42	RESP=1
5960872	42	STIM=e
5966820	42	RESP=1
5976670	42	STIM=g
5984671	42	RESP=1
5992991	42	STIM=5
5997781	42	RESP=1
6010278	42	STIM=z
6013799	42	RESP=1
6028579	42	STIM=f
6033327	42	RESP=1
6044981	42	STIM=f
6048595	42	RESP=1
6060702	42	STIM=u
6067924	42	RESP=2
6078851	42	STIM=h
6083591	42	RESP=1
6094463	42	STIM=9
6098379	42	RESP=2
6110864	42	STIM=9
6117472	42	RESP=2
6126185	42	STIM=i
6129410	42	RESP=1
6144560	42	STIM=1
6153601	42	RESP=2
6162097	42	STIM=g
6169224	42	RESP=1
6179403	42	STIM=e
6185848	42	RESP=1
6195155	42	STIM=7
6205107	42	RESP=2
6211741	42	STIM=2
6218240	42	RESP=2
6227107	42	STIM=s
6233400	42	RESP=1
6242957	42	STIM=p
6250255	42	RESP=1
6258773	42	STIM=m
6264013	42	RESP=1
6274795	42	STIM=0
6286172	42	RESP=2
6293339	42	STIM=s
6296364	42	RESP=1
6308836	42	STIM=i
6317413	42	RESP=1
6325013	42	STIM=7
6331384	42	RESP=2
6342551	42	STIM=r
6347365	42	RESP=1
6358544	42	STIM=b
6364787	42	RESP=1
6376968	42	STIM=n
6383908	42	RESP=1
6392283	42	STIM=o
6399869	42	RESP=1
6407891	42	STIM=r
6411532	42	RESP=1
6424163	42	STIM=5
6434806	42	RESP=2
6440250	42	STIM=q
6446248	42	RESP=2
6455492	42	STIM=7
6462365	42	RESP=2
6473494	42	STIM=z
6479600	42	RESP=1
6489111	42	STIM=z
6492181	42	RESP=1
6505049	42	STIM=g
6511942	42	RESP=1
6520494	42	STIM=o
6525767	42	RESP=1
6539121	42	STIM=1
6546212	42	RESP=1
6557128	42	STIM=8
6563532	42	RESP=2
6573938	42	STIM=u
6584772	42	RESP=1
6590810	42	STIM=4
6596113	42	RESP=2
6608499	42	STIM=b
6612406	42	RESP=1
6627406	42	STIM=n
6632099	42	RESP=1
6645566	42	STIM=m
6651014	42	RESP=1
6663516	42	STIM=r
6670047	42	RESP=1
6681574	42	STIM=c
6689340	42	RESP=1
6698300	42	STIM=z
6702850	42	RESP=1
6716813	42	STIM=8
6725775	42	RESP=2
6735623	42	STIM=5
6741610	42	RESP=2
6751788	42	STIM=t
6760182	42	RESP=1
6770348	42	STIM=s
6777629	42	RESP=1
6787171	42	STIM=f
6790703	42	RESP=1
6804423	42	STIM=t
6808983	42	RESP=1
6821947	42	STIM=6
6828512	42	RESP=2
6837673	42	STIM=o
6846516	42	RESP=1
6856645	42	STIM=t
6860351	42	RESP=1
6872794	42	STIM=w
6878366	42	RESP=1
6887949	42	STIM=h
6892086	42	RESP=1
6904752	42	STIM=h
6912488	42	RESP=1
6919835	42	STIM=y
6929407	42	RESP=1
6936722	42	STIM=r
6947574	42	RESP=1
6953990	42	STIM=e
6958359	42	RESP=1
6972907	42	STIM=r
6977386	42	RESP=1
6988074	42	STIM=d
6994660	42	RESP=1
7007014	42	STIM=7
7013650	42	RESP=1
7026010	42	STIM=q
7032222	42	RESP=1
7042087	42	STIM=n
7045814	42	RESP=1
7060102	42	STIM=q
7066283	42	RESP=1
7078351	42	STIM=d
7085222	42	RESP=1
7095889	42	STIM=m
7101023	42	RESP=1
7113393	42	STIM=v
7117975	42	RESP=1
7130009	42	STIM=o
7135734	42	RESP=1
7145340	42	STIM=u
7151219	42	RESP=1
7160533	42	STIM=j
7167505	42	RESP=1
7176195	42	STIM=q
7180549	42	RESP=1
7193696	42	STIM=d
7199355	42	RESP=1
7210806	42	STIM=m
7218953	42	RESP=1
7227781	42	STIM=r
7232140	42	RESP=1
7245256	42	STIM=0
7253331	42	RESP=2
7261129	42	STIM=8
7268535	42	RESP=2
7276927	42	STIM=d
7279738	42	RESP=1
7292901	42	STIM=k
7300259	42	RESP=1
7308646	42	STIM=j
7317908	42	RESP=1
7327538	42	STIM=b
7334726	42	RESP=1
7342584	42	STIM=j
7347373	42	RESP=1
7359458	42	STIM=w
7367767	42	RESP=1
7377000	42	STIM=w
7382957	42	RESP=1
7392839	42	STIM=8
7398594	42	RESP=2
7409713	42	STIM=8
7417009	42	RESP=2
7426652	42	STIM=y
7436461	42	RESP=1
7442209	42	STIM=i
7446123	42	RESP=1
7457850	42	STIM=2
7466900	42	RESP=2
7474699	42	STIM=g
7477492	42	RESP=1
7491028	42	STIM=i
7494719	42	RESP=1
7509156	42	STIM=c
7512327	42	RESP=1
7526835	42	STIM=9
7533534	42	RESP=2
7541952	42	STIM=q
7547170	42	RESP=1
7557950	42	STIM=q
7564422	42	RESP=1
7572983	42	STIM=l
7577090	42	RESP=1
7588346	42	STIM=e
7591295	42	RESP=1
7606836	42	STIM=x
7613471	42	RESP=1
7623171	42	STIM=v
7626562	42	RESP=2
7638254	42	STIM=5
7644561	42	RESP=2
7654906	42	STIM=s
7658846	42	RESP=1
7670061	42	STIM=d
7675386	42	RESP=1
7687387	42	STIM=z
7695939	42	RESP=1
7702846	42	STIM=5
7708333	42	RESP=2
7718802	42	STIM=5
7724731	42	RESP=1
7736575	42	STIM=a
7742747	42	RESP=1
7754284	42	STIM=k
7758198	42	RESP=1
7772793	42	STIM=h
7778198	42	RESP=1
7790822	42	STIM=b
7799557	42	RESP=1
7806500	42	STIM=j
7813115	42	RESP=1
7822341	42	STIM=w
7827278	42	RESP=1
7838452	42	STIM=g
7843642	42	RESP=1
7855288	42	STIM=r
7859711	42	RESP=1
7870763	42	STIM=u
7876292	42	RESP=1
7888835	42	STIM=1
7895925	42	RESP=2
7905884	42	STIM=v
7911121	42	RESP=1
7922157	42	STIM=i
7925781	42	RESP=1
7939092	42	STIM=d
7944213	42	RESP=1
7956822	42	STIM=j
7961127	42	RESP=1
7971894	42	STIM=x
7974891	42	RESP=1
7987252	42	STIM=e
7990106	42	RESP=1
8005339	42	STIM=6
8013696	42	RESP=2
8021689	42	STIM=h
8026897	42	RESP=1
8038520	42	STIM=v
8044750	42	RESP=1
8053993	42	STIM=x
8059754	42	RESP=1
8071735	42	STIM=z
8075425	42	RESP=1
8090707	42	STIM=s
8095059	42	RESP=1
8105868	42	STIM=q
8114627	42	RESP=1
8124831	42	STIM=h
8128660	42	RESP=1
8141383	42	STIM=w
8145741	42	RESP=1
8157775	42	STIM=b
8162307	42	RESP=1
8172939	42	STIM=b
8184400	42	RESP=1
8188473	42	STIM=0
8193605	42	RESP=2
8206818	42	STIM=u
8210336	42	RESP=1
8224623	42	STIM=e
8231157	42	RESP=1
8243186	42	STIM=f
8247685	42	RESP=1
8260509	42	STIM=0
8266929	42	RESP=2
8277097	42	STIM=g
8281555	42	RESP=1
8294093	42	STIM=l
8302216	42	RESP=1
8309830	42	STIM=y
8316585	42	RESP=1
8328365	42	STIM=d
8334676	42	RESP=1
8344251	42	STIM=n
8348252	42	RESP=1
8362441	42	STIM=m
8368186	42	RESP=1
8379541	42	STIM=i
8383875	42	RESP=1
8395472	42	STIM=v
8400035	42	RESP=2
8410619	42	STIM=l
8414205	42	RESP=1
8427823	42	STIM=d
8431288	42	RESP=1
8444484	42	STIM=a
8450512	42	RESP=1
8461284	42	STIM=t
8464484	42	RESP=1
8478822	42	STIM=2
8488247	42	RESP=2
8496231	42	STIM=u
8501989	42	RESP=1
8512595	42	STIM=t
8518276	42	RESP=1
8528976	42	STIM=o
8535513	42	RESP=1
8546206	42	STIM=h
8550263	42	RESP=1
8564798	42	STIM=6
8576767	42	RESP=2
8580475	42	STIM=6
8586956	42	RESP=1
8596092	42	STIM=a
8603488	42	RESP=1
8612610	42	STIM=s
8617660	42	RESP=1
8630749	42	STIM=v
8634928	42	RESP=1
8649020	42	STIM=r
8653463	42	RESP=1
8665617	42	STIM=q
8669732	42	RESP=1
8683391	42	STIM=h
8688376	42	RESP=1
8700536	42	STIM=d
8704963	42	RESP=2
8715890	42	STIM=q
8721124	42	RESP=1
8731121	42	STIM=n
8735402	42	RESP=1
8748761	42	STIM=l
8753037	42	RESP=1
8765664	42	STIM=h
8770538	42	RESP=1
8782865	42	STIM=n
8786158	42	RESP=1
8798238	42	STIM=s
8808264	42	RESP=2
8816763	42	STIM=4
8823677	42	RESP=2
8831780	42	STIM=5
8836501	42	RESP=2
8847358	42	STIM=c
8851246	42	RESP=1
8864440	42	STIM=g
8869530	42	RESP=1
8880512	42	STIM=g
8886313	42	RESP=1
8897022	42	STIM=q
8899890	42	RESP=1
8913289	42	STIM=h
8921791	42	RESP=1
8930712	42	STIM=v
8936922	42	RESP=1
8946344	42	STIM=o
8951301	42	RESP=1
8962780	42	STIM=b
8966714	42	RESP=1
8980691	42	STIM=m
8983914	42	RESP=1
8998536	42	STIM=t
9002206	42	RESP=1
9015912	42	STIM=y
9019142	42	RESP=1
9031549	42	STIM=c
9038294	42	RESP=1
9048056	42	STIM=g
9060311	42	RESP=1
9063470	42	STIM=r
9068361	42	RESP=1
9079857	42	STIM=w
9084938	42	RESP=1
9096838	42	STIM=q
9101661	42	RESP=1
9114848	42	STIM=y
9125512	42	RESP=1
9131579	42	STIM=g
9137478	42	RESP=1
9148383	42	STIM=s
9153008	42	RESP=1
9164100	42	STIM=x
9167824	42	RESP=1
9180227	42	STIM=d
9184025	42	RESP=1
9198551	42	STIM=n
9204847	42	RESP=1
9215731	42	STIM=t
9224133	42	RESP=1
9232839	42	STIM=a
9236465	42	RESP=1
9251650	42	STIM=k
9256201	42	RESP=1
9266659	42	STIM=b
9274733	42	RESP=1
9283314	42	STIM=0
9293057	42	RESP=2
9300627	42	STIM=4
9306748	42	RESP=2
9319489	42	STIM=u
9325232	42	RESP=1
9337039	42	STIM=j
9342668	42	RESP=1
9355017	42	STIM=r
9360533	42	RESP=1
9373308	42	STIM=j
9378467	42	RESP=1
9388538	42	STIM=k
9393125	42	RESP=1
9406498	42	STIM=a
9413409	42	RESP=1
9422957	42	STIM=s
9427220	42	RESP=1
9439349	42	STIM=8
9446560	42	RESP=2
9458100	42	STIM=v
9463645	42	RESP=1
9476209	42	STIM=o
9479695	42	RESP=1
9492439	42	STIM=c
9497957	42	RESP=1
9509745	42	STIM=y
9517738	42	RESP=1
9526740	42	STIM=8
9532260	42	RESP=2
9542097	42	STIM=n
9551248	42	RESP=1
9559371	42	STIM=o
9564548	42	RESP=1
9574669	42	STIM=l
9581854	42	RESP=1
9591713	42	STIM=o
9597636	42	RESP=1
9609388	42	STIM=t
9613400	42	RESP=1
9627461	42	STIM=z
9633888	42	RESP=1
9643843	42	STIM=o
9648313	42	RESP=1
9662061	42	STIM=p
9667832	42	RESP=1
9680824	42	STIM=1
9690307	42	RESP=1
9698226	42	STIM=1
9704952	42	RESP=2
9714167	42	STIM=r
9719561	42	RESP=1
9731225	42	STIM=y
9736541	42	RESP=1
9749721	42	STIM=5
9755352	42	RESP=2
9766963	42	STIM=j
9771145	42	RESP=2
9783648	42	STIM=p
9790066	42	RESP=1
9801850	42	STIM=l
9806154	42	RESP=1
9819848	42	STIM=c
9823374	42	RESP=1
9838613	42	STIM=n
9841356	42	RESP=2
9854921	42	STIM=n
9859106	42	RESP=1
9870287	42	STIM=s
9875975	42	RESP=1
9887496	42	STIM=q
9893644	42	RESP=1
9905753	42	STIM=w
9909839	42	RESP=1
9921891	42	STIM=t
9924814	42	RESP=1
9938794	42	STIM=w
9942869	42	RESP=1
9955959	42	STIM=v
9964212	42	RESP=1
9971719	42	STIM=a
9979433	42	RESP=1
9988358	42	STIM=6
9998833	42	RESP=2
10004992	42	STIM=w
10013558	42	RESP=1
10023382	42	STIM=p
10029622	42	RESP=1
10038926	42	STIM=l
10042890	42	RESP=2
10055338	42	STIM=1
10065517	42	RESP=2
10073037	42	STIM=1
10078701	42	RESP=2
10088445	42	STIM=7
10094260	42	RESP=2
10107285	42	STIM=b
10113466	42	RESP=1
10125990	42	STIM=z
10133025	42	RESP=1
10141658	42	STIM=l
10145606	42	RESP=1
10156722	42	STIM=0
10163258	42	RESP=2
10174756	42	STIM=j
10179831	42	RESP=1
10193290	42	STIM=u
10201446	42	RESP=2
10208296	42	STIM=u
10219582	42	RESP=1
10223830	42	STIM=e
10228562	42	RESP=1
10241644	42	STIM=f
10248025	42	RESP=1
10258457	42	STIM=p
10264981	42	RESP=1
10273787	42	STIM=t
10279720	42	RESP=1
10289160	42	STIM=s
10292647	42	RESP=1
10306068	42	STIM=9
10316895	42	RESP=2
10322352	42	STIM=j
10326867	42	RESP=1
10339640	42	STIM=e
10345495	42	RESP=1
10356877	42	STIM=f
10362281	42	RESP=1
10372589	42	STIM=f
10378070	42	RESP=1
10391584	42	STIM=x
10397899	42	RESP=1
10409596	42	STIM=e
10416065	42	RESP=1
10425101	42	STIM=b
10428380	42	RESP=1
10442876	42	STIM=m
10450462	42	RESP=1
10460092	42	STIM=3
10464112	42	RESP=2
10478194	42	STIM=8
10484704	42	RESP=2
10493434	42	STIM=y
10499070	42	RESP=1
10510024	42	STIM=5
10517941	42	RESP=2
10528437	42	STIM=a
10533770	42	RESP=1
10544607	42	STIM=2
10550435	42	RESP=1
10559762	42	STIM=h
10564530	42	RESP=1
10578004	42	STIM=5
10586221	42	RESP=1
10593050	42	STIM=a
10597166	42	RESP=1
10609521	42	STIM=q
10616113	42	RESP=1
10628387	42	STIM=7
10634953	42	RESP=2
10645255	42	STIM=h
10650371	42	RESP=1
10661052	42	STIM=s
10666033	42	RESP=1
10677009	42	STIM=r
10682001	42	RESP=1
10696001	42	STIM=c
10700119	42	RESP=1
10714503	42	STIM=x
10721931	42	RESP=1
10731611	42	STIM=s
10737841	42	RESP=1
10748691	42	STIM=1
10755936	42	RESP=2
10764286	42	STIM=1
10771846	42	RESP=2
10782052	42	STIM=n
10787727	42	RESP=1
10798422	42	STIM=d
10804366	42	RESP=1
10815956	42	STIM=e
10819845	42	RESP=1
10832279	42	STIM=p
10838127	42	RESP=1
10848891	42	STIM=f
10852241	42	RESP=1
10866711	42	STIM=a
10874559	42	RESP=1
10882363	42	STIM=j
10886565	42	RESP=1
10898090	42	STIM=q
10903242	42	RESP=1
10913622	42	STIM=h
10919286	42	RESP=1
10929392	42	STIM=o
10933941	42	RESP=1
10948096	42	STIM=y
10954672	42	RESP=1
10966358	42	STIM=d
10970931	42	RESP=1
10982349	42	STIM=u
10987925	42	RESP=1
10999342	42	STIM=m
11005016	42	RESP=1
11016257	42	STIM=p
11020473	42	RESP=1
11031941	42	STIM=d
11041823	42	RESP=1
11049636	42	STIM=s
11054019	42	RESP=1
11068522	42	STIM=q
11071845	42	RESP=1
11084172	42	STIM=z
11092030	42	RESP=1
11102177	42	STIM=b
11109250	42	RESP=1
11120565	42	STIM=3
11127254	42	RESP=2
11136163	42	STIM=s
11142389	42	RESP=1
11153056	42	STIM=3
11159999	42	RESP=1
11170500	42	STIM=u
11178259	42	RESP=1
11189454	42	STIM=x
11196789	42	RESP=1
11207283	42	STIM=c
11210838	42	RESP=2
11225980	42	STIM=h
11232936	42	RESP=1
11242436	42	STIM=e
11248633	42	RESP=1
11258993	42	STIM=3
11263824	42	RESP=2
11275564	42	STIM=i
11279555	42	RESP=1
11293686	42	STIM=3
11300357	42	RESP=2
11308687	42	STIM=h
11315858	42	RESP=1
11324453	42	STIM=b
11329711	42	RESP=1
11342147	42	STIM=l
11352750	42	RESP=1
11358254	42	STIM=j
11361713	42	RESP=1
11373277	42	STIM=r
11378326	42	RESP=1
11390567	42	STIM=s
11394319	42	RESP=1
11406522	42	STIM=s
11412279	42	RESP=1
11422445	42	STIM=b
11428757	42	RESP=1
11439285	42	STIM=d
11441894	42	RESP=1
11456412	42	STIM=e
11460775	42	RESP=1
11474186	42	STIM=f
11486037	42	RESP=1
11492583	42	STIM=n
11495811	42	RESP=1
11510543	42	STIM=w
11524457	42	RESP=1
11527993	42	STIM=c
11531608	42	RESP=1
11546538	42	STIM=o
11550942	42	RESP=1
11563178	42	STIM=b
11571174	42	RESP=1
11580876	42	STIM=u
11591432	42	RESP=1
11598036	42	STIM=a
11605367	42	RESP=1
11613696	42	STIM=r
11622172	42	RESP=1
11629864	42	STIM=c
11639139	42	RESP=1
11648694	42	STIM=q
11655985	42	RESP=1
11664613	42	STIM=f
11670475	42	RESP=1
11681355	42	STIM=u
11685501	42	RESP=1
11698882	42	STIM=r
11707778	42	RESP=1
11715406	42	STIM=p
11724054	42	RESP=1
11734238	42	STIM=3
11739870	42	RESP=2
11752648	42	STIM=p
11760327	42	RESP=1
11769767	42	STIM=q
11775440	42	RESP=1
11785363	42	STIM=a
11790995	42	RESP=1
11800590	42	STIM=e
11803758	42	RESP=1
11817751	42	STIM=w
11822397	42	RESP=1
11836511	42	STIM=g
11840208	42	RESP=1
11851992	42	STIM=2
11856891	42	RESP=2
11869310	42	STIM=b
11874713	42	RESP=1
11887044	42	STIM=o
11893954	42	RESP=1
11905137	42	STIM=5
11910725	42	RESP=2
11923663	42	STIM=r
11928352	42	RESP=1
11942134	42	STIM=n
11948197	42	RESP=1
11960719	42	STIM=z
11966012	42	RESP=1
11976423	42	STIM=m
11983141	42	RESP=2
11994875	42	STIM=r
12001215	42	RESP=1
12012186	42	STIM=h
12018215	42	RESP=2
12027691	42	STIM=b
12031972	42	RESP=1
12044262	42	STIM=m
12053011	42	RESP=1
12060334	42	STIM=u
12066519	42	RESP=1
12079303	42	STIM=0
12083564	42	RESP=2
12097125	42	STIM=w
12107646	42	RESP=1
12112309	42	STIM=g
12118190	42	RESP=1
12128870	42	STIM=5
12136086	42	RESP=2
12143900	42	STIM=w
12151047	42	RESP=1
12159417	42	STIM=o
12162851	42	RESP=1
12175926	42	STIM=8
12181813	42	RESP=2
12193862	42	STIM=h
12199177	42	RESP=1
12209532	42	STIM=n
12212307	42	RESP=1
12227395	42	STIM=j
12230186	42	RESP=1
12245918	42	STIM=0
12250891	42	RESP=2
12261286	42	STIM=e
12265679	42	RESP=1
12279961	42	STIM=s
12285443	42	RESP=1
12295967	42	STIM=s
12299961	42	RESP=1
12313709	42	STIM=d
12317735	42	RESP=1
12330836	42	STIM=w
12337152	42	RESP=1
12348895	42	STIM=x
12354262	42	RESP=1
12367191	42	STIM=g
12373756	42	RESP=1
12383589	42	STIM=l
12389754	42	RESP=1
12399210	42	STIM=e
12404891	42	RESP=1
12414946	42	STIM=q
12418917	42	RESP=1
12430182	42	STIM=f
12435558	42	RESP=1
12448084	42	STIM=6
12451740	42	RESP=1
12464331	42	STIM=x
12468403	42	RESP=1
12480728	42	STIM=g
12487001	42	RESP=1
12496113	42	STIM=q
12503380	42	RESP=1
12514133	42	STIM=s
12518066	42	RESP=1
12531160	42	STIM=u
12534807	42	RESP=1
12549321	42	STIM=r
12557718	42	RESP=1
12568007	42	STIM=8
12575309	42	RESP=2
12583062	42	STIM=u
12589130	42	RESP=1
12601027	42	STIM=f
12605609	42	RESP=2
12617527	42	STIM=t
12621486	42	RESP=1
12635240	42	STIM=v
12638817	42	RESP=1
12650716	42	STIM=k
12654557	42	RESP=1
12668571	42	STIM=j
12672449	42	RESP=1
12687292	42	STIM=l
12693903	42	RESP=1
12706073	42	STIM=0
12712486	42	RESP=1
12722333	42	STIM=1
12727150	42	RESP=2
12738853	42	STIM=7
12745435	42	RESP=2
12756683	42	STIM=q
12759850	42	RESP=1
12773848	42	STIM=4
12783856	42	RESP=2
12790646	42	STIM=i
12799797	42	RESP=1
12808015	42	STIM=i
12813028	42	RESP=1
12824813	42	STIM=i
12829405	42	RESP=1
12841476	42	STIM=q
12846441	42	RESP=1
12859407	42	STIM=d
12862738	42	RESP=1
12875939	42	STIM=b
12879336	42	RESP=1
12891377	42	STIM=a
12894937	42	RESP=1
12910281	42	STIM=1
12918302	42	RESP=2
12926598	42	STIM=u
12931945	42	RESP=1
12943229	42	STIM=f
12950964	42	RESP=1
12959452	42	STIM=f
12963247	42	RESP=1
12978229	42	STIM=1
12984443	42	RESP=2
12994049	42	STIM=6
13000933	42	RESP=2
13010813	42	STIM=4
13017569	42	RESP=2
13027724	42	STIM=a
13035504	42	RESP=1
13045153	42	STIM=4
13050778	42	RESP=2
13061913	42	STIM=n
13067014	42	RESP=1
13077606	42	STIM=1
13087206	42	RESP=2
13096126	42	STIM=q
13101285	42	RESP=1
13112528	42	STIM=t
13116864	42	RESP=1
13130091	42	STIM=j
13133723	42	RESP=2
13146565	42	STIM=h
13152830	42	RESP=1
13164765	42	STIM=s
13167625	42	RESP=1
13181207	42	STIM=6
13187309	42	RESP=2
13198539	42	STIM=1
13207523	42	RESP=1
13215603	42	STIM=v
13221153	42	RESP=1
13231400	42	STIM=e
13236707	42	RESP=1
13248941	42	STIM=t
13251775	42	RESP=1
13266665	42	STIM=u
13272182	42	RESP=1
13284773	42	STIM=3
13290599	42	RESP=2
13303148	42	STIM=k
13306550	42	RESP=1
13321282	42	STIM=p
13328445	42	RESP=1
13338170	42	STIM=g
13344173	42	RESP=1
13356118	42	STIM=q
13364110	42	RESP=1
13372516	42	STIM=k
13375449	42	RESP=1
13388514	42	STIM=f
13395947	42	RESP=1
13406499	42	STIM=0
13410696	42	RESP=2
13424675	42	STIM=g
13431629	42	RESP=1
13441182	42	STIM=q
13445093	42	RESP=1
13458331	42	STIM=q
13463721	42	RESP=1
13475892	42	STIM=s
13480491	42	RESP=1
13492571	42	STIM=h
13497864	42	RESP=1
13507924	42	STIM=3
13512766	42	RESP=2
13524520	42	STIM=f
13530922	42	RESP=1
13542870	42	STIM=t
13549475	42	RESP=1
13559353	42	STIM=v
13562204	42	RESP=2
13575917	42	STIM=f
13579520	42	RESP=1
13593430	42	STIM=l
13600322	42	RESP=1
13611296	42	STIM=a
13615134	42	RESP=1
13627717	42	STIM=t
13634294	42	RESP=1
13642977	42	STIM=x
13647511	42	RESP=1
13658061	42	STIM=o
13664449	42	RESP=1
13676565	42	STIM=k
13682787	42	RESP=1
13694784	42	STIM=x
13701056	42	RESP=1
13711314	42	STIM=2
13720320	42	RESP=2
13729242	42	STIM=i
13736696	42	RESP=1
13744391	42	STIM=l
13749484	42	RESP=1
13761854	42	STIM=k
13767386	42	RESP=1
13778960	42	STIM=x
13783044	42	RESP=1
13794041	42	STIM=x
13799859	42	RESP=1
13811278	42	STIM=d
13818423	42	RESP=1
13827464	42	STIM=l
13832201	42	RESP=1
13842785	42	STIM=d
13848784	42	RESP=1
13860022	42	STIM=6
13866918	42	RESP=2
13875310	42	STIM=w
13882437	42	RESP=2
13892027	42	STIM=2
13895718	42	RESP=2
13908367	42	STIM=m
13913040	42	RESP=1
13923485	42	STIM=9
13928692	42	RESP=1
13941382	42	STIM=o
13948096	42	RESP=1
13959149	42	STIM=k
13963334	42	RESP=1
13976588	42	STIM=4
13983242	42	RESP=2
13992477	42	STIM=t
13998837	42	RESP=2
14010347	42	STIM=j
14016857	42	RESP=2
14026526	42	STIM=d
14031461	42	RESP=1
14041885	42	STIM=9
14051432	42	RESP=2
14058512	42	STIM=2
14064387	42	RESP=2
14074870	42	STIM=e
14080905	42	RESP=1
14091491	42	STIM=z
14096273	42	RESP=1
14107300	42	STIM=r
14110820	42	RESP=1
14124359	42	STIM=l
14131243	42	RESP=2
14142280	42	STIM=p
14147442	42	RESP=1
14158310	42	STIM=2
14166796	42	RESP=2
14176464	42	STIM=d
14186601	42	RESP=1
14194292	42	STIM=1
14209681	42	RESP=2
14210250	42	STIM=b
14217723	42	RESP=1
14228960	42	STIM=u
14237141	42	RESP=1
14246289	42	STIM=w
14249856	42	RESP=1
14262873	42	STIM=f
14269411	42	RESP=2
14278650	42	STIM=i
14285988	42	RESP=1
14295159	42	STIM=f
14300761	42	RESP=1
14313718	42	STIM=b
14316537	42	RESP=1
14329455	42	STIM=f
14337776	42	RESP=1
14347614	42	STIM=3
14352322	42	RESP=2
14365665	42	STIM=7
14371383	42	RESP=2
14382395	42	STIM=u
14388927	42	RESP=1
14399689	42	STIM=s
14407557	42	RESP=1
14418043	42	STIM=r
14424028	42	RESP=1
14434181	42	STIM=t
14439783	42	RESP=1
14451896	42	STIM=p
14457308	42	RESP=1
14470132	42	STIM=w
14475940	42	RESP=1
14485478	42	STIM=2
14493537	42	RESP=2
14502887	42	STIM=i
14508432	42	RESP=1
14521010	42	STIM=v
14524488	42	RESP=1
14537747	42	STIM=5
14543004	42	RESP=2
14553994	42	STIM=1
14558360	42	RESP=2
14572386	42	STIM=g
14575578	42	RESP=1
14590701	42	STIM=0
14594683	42	RESP=2
14607069	42	STIM=u
14614039	42	RESP=1
14623723	42	STIM=q
14629331	42	RESP=1
14640443	42	STIM=d
14647324	42	RESP=1
14658021	42	STIM=v
14664621	42	RESP=1
14675103	42	STIM=3
14679844	42	RESP=2
14693755	42	STIM=n
14697075	42	RESP=1
14712523	42	STIM=9
14717106	42	RESP=2
14728915	42	STIM=w
14734637	42	RESP=1
14744013	42	STIM=9
14755995	42	RESP=2
14759845	42	STIM=n
14764962	42	RESP=1
14777516	42	STIM=m
14781694	42	RESP=1
14793643	42	STIM=s
14798099	42	RESP=1
14811236	42	STIM=b
14816546	42	RESP=1
14829114	42	STIM=8
14835582	42	RESP=2
14846795	42	STIM=2
14853059	42	RESP=1
14864157	42	STIM=0
14874229	42	RESP=2
14881444	42	STIM=i
14884665	42	RESP=1
14896659	42	STIM=v
14903277	42	RESP=1
14914586	42	STIM=7
14921373	42	RESP=2
14929960	42	STIM=c
14937814	42	RESP=1
14946586	42	STIM=a
14949860	42	RESP=1
14962375	42	STIM=d
14966198	42	RESP=1
14978760	42	STIM=m
14983977	42	RESP=1
14994617	42	STIM=f
15004927	42	RESP=1
15013088	42	STIM=d
15017863	42	RESP=1
15029743	42	STIM=a
15034881	42	RESP=1
15047782	42	STIM=z
15051581	42	RESP=1
15065793	42	STIM=z
15073160	42	RESP=2
15083052	42	STIM=y
15085877	42	RESP=1
15098408	42	STIM=6
15109408	42	RESP=2
15113938	42	STIM=z
15120022	42	RESP=1
15129426	42	STIM=g
15134359	42	RESP=1
15144513	42	STIM=d
15155753	42	RESP=1
15161738	42	STIM=j
15166395	42	RESP=1
15178336	42	STIM=k
15183383	42	RESP=1
15196211	42	STIM=e
15205443	42	RESP=2
15212131	42	STIM=1
15218690	42	RESP=1
15227716	42	STIM=9
15232883	42	RESP=2
15243808	42	STIM=p
15247788	42	RESP=1
15262297	42	STIM=9
15268757	42	RESP=2
15279397	42	STIM=l
15287068	42	RESP=1
15298049	42	STIM=l
15304744	42	RESP=1
15314971	42	STIM=a
15319453	42	RESP=1
15332429	42	STIM=1
15336931	42	RESP=1
15351042	42	STIM=q
15356545	42	RESP=1
15367976	42	STIM=x
15372755	42	RESP=1
15386082	42	STIM=9
15393420	42	RESP=2
15402435	42	STIM=s
15407636	42	RESP=1
15420704	42	STIM=c
15424936	42	RESP=1
15439400	42	STIM=2
15443915	42	RESP=2
15455602	42	STIM=m
15458746	42	RESP=1
15472298	42	STIM=4
15480872	42	RESP=2
15490889	42	STIM=p
15497431	42	RESP=1
15508512	42	STIM=p
15513367	42	RESP=1
15526114	42	STIM=o
15531218	42	RESP=1
15543762	42	STIM=v
15548731	42	RESP=1
15562304	42	STIM=s
15569490	42	RESP=1
15581103	42	STIM=i
15587108	42	RESP=1
15597232	42	STIM=4
15601732	42	RESP=1
15616222	42	STIM=t
15625082	42	RESP=1
15634973	42	STIM=i
15640259	42	RESP=1
15652239	42	STIM=m
15659196	42	RESP=1
15670303	42	STIM=j
15679784	42	RESP=1
15686065	42	STIM=l
15690268	42	RESP=1
15704374	42	STIM=f
15709790	42	RESP=1
15721709	42	STIM=o
15726687	42	RESP=1
15738353	42	STIM=0
15744239	42	RESP=2
15755883	42	STIM=1
15770635	42	RESP=2
15774054	42	STIM=y
15782901	42	RESP=1
15789263	42	STIM=4
15795371	42	RESP=1
15805710	42	STIM=j
15813697	42	RESP=1
15821165	42	STIM=0
15826041	42	RESP=2
15840151	42	STIM=8
15848288	42	RESP=2
15855552	42	STIM=3
15860536	42	RESP=2
15873454	42	STIM=w
15882498	42	RESP=1
15889026	42	STIM=g
15895693	42	RESP=2
15905053	42	STIM=v
15909548	42	RESP=1
15923304	42	STIM=z
15930246	42	RESP=1
15941988	42	STIM=n
15946145	42	RESP=1
15960223	42	STIM=z
15967364	42	RESP=1
15979005	42	STIM=k
15985579	42	RESP=1
15995068	42	STIM=r
16000075	42	RESP=1
16010229	42	STIM=8
16015771	42	RESP=2
16028024	42	STIM=7
16034503	42	RESP=2
16044358	42	STIM=n
16051746	42	RESP=1
16060478	42	STIM=b
16065460	42	RESP=1
16078987	42	STIM=k
16082904	42	RESP=1
16096478	42	STIM=7
16100185	42	RESP=2
16115089	42	STIM=5
16121829	42	RESP=2
16133153	42	STIM=u
16140038	42	RESP=1
16151184	42	STIM=7
16155427	42	RESP=2
16169721	42	STIM=o
16173243	42	RESP=1
16186249	42	STIM=b
16195113	42	RESP=1
16201801	42	STIM=i
16207856	42	RESP=1
16217721	42	STIM=w
16221937	42	RESP=1
16233294	42	STIM=0
16237040	42	RESP=2
16252078	42	STIM=q
16255551	42	RESP=1
16267397	42	STIM=s
16270894	42	RESP=1
16284043	42	STIM=n
16289430	42	RESP=1
16299645	42	STIM=8
16304234	42	RESP=2
16318378	42	STIM=x
16321713	42	RESP=1
16334385	42	STIM=3
16338410	42	RESP=1
16350865	42	STIM=v
16356211	42	RESP=2
16367009	42	STIM=v
16371193	42	RESP=1
16382261	42	STIM=i
16385401	42	RESP=1
16400544	42	STIM=y
16404962	42	RESP=1
16417545	42	STIM=k
16422037	42	RESP=1
16435952	42	STIM=a
16442392	42	RESP=1
16451593	42	STIM=h
16456035	42	RESP=1
16467776	42	STIM=v
16473827	42	RESP=1
16486377	42	STIM=t
16491624	42	RESP=1
16502931	42	STIM=j
16506851	42	RESP=1
16521601	42	STIM=n
16530475	42	RESP=1
16538149	42	STIM=j
16542974	42	RESP=1
16553384	42	STIM=n
16557874	42	RESP=1
16571775	42	STIM=b
16577136	42	RESP=1
16588576	42	STIM=u
16596650	42	RESP=1
16607375	42	STIM=r
16615351	42	RESP=2
16624823	42	STIM=s
16628225	42	RESP=1
16641853	42	STIM=r
16648492	42	RESP=1
16657244	42	STIM=z
16661358	42	RESP=1
16675716	42	STIM=u
16679110	42	RESP=1
16693758	42	STIM=h
16697679	42	RESP=1
16709326	42	STIM=g
16713619	42	RESP=1
16727796	42	STIM=2
16732393	42	RESP=2
16744905	42	STIM=r
16749588	42	RESP=1
16760762	42	STIM=x
16765806	42	RESP=1
16778208	42	STIM=3
16783721	42	RESP=2
16796785	42	STIM=6
16803114	42	RESP=2
16813678	42	STIM=u
16819143	42	RESP=1
16829663	42	STIM=i
16835185	42	RESP=1
16848137	42	STIM=j
16853041	42	RESP=1
16863638	42	STIM=k
16868142	42	RESP=1
16880389	42	STIM=1
16888287	42	RESP=2
16895540	42	STIM=s
16903429	42	RESP=1
16911996	42	STIM=h
16916325	42	RESP=1
16928815	42	STIM=u
16935391	42	RESP=1
16946329	42	STIM=m
16950289	42	RESP=1
16962650	42	STIM=j
16967469	42	RESP=1
16980804	42	STIM=k
16986267	42	RESP=1
16996682	42	STIM=j
17002262	42	RESP=1
17013705	42	STIM=u
17022210	42	RESP=1
17030031	42	STIM=z
17034222	42	RESP=1
17045352	42	STIM=y
17051636	42	RESP=1
17060953	42	STIM=0
17070405	42	RESP=2
17076863	42	STIM=l
17081582	42	RESP=1
17092944	42	STIM=0
17100595	42	RESP=2
17108304	42	STIM=n
17117985	42	RESP=1
17126039	42	STIM=l
17132923	42	RESP=1
17141868	42	STIM=7
17146455	42	RESP=2
17159513	42	STIM=k
17162968	42	RESP=1
17176057	42	STIM=b
17184790	42	RESP=1
17192140	42	STIM=d
17197054	42	RESP=1
17207605	42	STIM=y
17214186	42	RESP=1
17225791	42	STIM=o
17235676	42	RESP=1
17241727	42	STIM=f
17245879	42	RESP=1
17259290	42	STIM=f
17263109	42	RESP=1
17276114	42	STIM=i
17291304	42	RESP=1
17294091	42	STIM=l
17305211	42	RESP=1
17309871	42	STIM=x
17316138	42	RESP=1
17328574	42	STIM=h
17336278	42	RESP=2
17347135	42	STIM=o
17350626	42	RESP=1
17364622	42	STIM=u
17373457	42	RESP=1
17381477	42	STIM=9
17385914	42	RESP=2
17396537	42	STIM=o
17400973	42	RESP=1
17413726	42	STIM=u
17418451	42	RESP=1
17431335	42	STIM=i
17439914	42	RESP=1
17450203	42	STIM=2
17458724	42	RESP=1
17467662	42	STIM=d
17473011	42	RESP=1
17486062	42	STIM=9
17492692	42	RESP=2
17501762	42	STIM=e
17510568	42	RESP=1
17516929	42	STIM=c
17521914	42	RESP=2
17532813	42	STIM=w
17539783	42	RESP=2
17548850	42	STIM=0
17554217	42	RESP=2
17567430	42	STIM=o
17574023	42	RESP=1
17584410	42	STIM=2
17588406	42	RESP=2
17601620	42	STIM=1
17606605	42	RESP=2
17617828	42	STIM=9
17621832	42	RESP=2
17635808	42	STIM=6
17640923	42	RESP=2
17651377	42	STIM=0
17656022	42	RESP=2
17669343	42	STIM=4
17673428	42	RESP=2
17687696	42	STIM=q
17694109	42	RESP=1
17704693	42	STIM=i
17708111	42	RESP=1
17723308	42	STIM=a
17731049	42	RESP=1
17740685	42	STIM=l
17746174	42	RESP=1
17756770	42	STIM=i
17762711	42	RESP=1
17773396	42	STIM=3
17779139	42	RESP=2
17789299	42	STIM=n
17794188	42	RESP=1
17806901	42	STIM=m
17810451	42	RESP=1
17823351	42	STIM=f
17826742	42	RESP=1
17838885	42	STIM=e
17846440	42	RESP=2
17855496	42	STIM=c
17860048	42	RESP=1
17871117	42	STIM=x
17875681	42	RESP=1
17888121	42	STIM=0
17894933	42	RESP=2
17906740	42	STIM=y
17913590	42	RESP=1
17923915	42	STIM=b
17926796	42	RESP=1
17939483	42	STIM=e
17942975	42	RESP=1
17956495	42	STIM=0
17961205	42	RESP=2
17972079	42	STIM=0
17980998	42	RESP=2
17989667	42	STIM=z
18001638	42	RESP=1
18005684	42	STIM=0
18013465	42	RESP=2
18021420	42	STIM=u
18024731	42	RESP=1
18038932	42	STIM=m
18048346	42	RESP=1
18055829	42	STIM=o
18064756	42	RESP=1
18074144	42	STIM=u
18079341	42	RESP=1
18092355	42	STIM=k
18098766	42	RESP=1
18110536	42	STIM=3
18116033	42	RESP=2
18126896	42	STIM=d
18129932	42	RESP=1
18145172	42	STIM=x
18152906	42	RESP=1
18160283	42	STIM=g
18164110	42	RESP=1
18177689	42	STIM=m
18184514	42	RESP=1
18193561	42	STIM=f
18197751	42	RESP=1
18210803	42	STIM=g
18215884	42	RESP=1
18228050	42	STIM=e
18233228	42	RESP=1
18243531	42	STIM=o
18247397	42	RESP=1
18260312	42	STIM=e
18265657	42	RESP=1
18279290	42	STIM=m
18283868	42	RESP=1
18295307	42	STIM=3
18305925	42	RESP=1
18310714	42	STIM=r
18316708	42	RESP=1
18325816	42	STIM=n
18329676	42	RESP=1
18343214	42	STIM=l
18353682	42	RESP=1
18360943	42	STIM=o
18367350	42	RESP=1
18377405	42	STIM=n
18381740	42	RESP=1
18394017	42	STIM=n
18397079	42	RESP=1
18412574	42	STIM=5
18419445	42	RESP=1
18428217	42	STIM=y
18435609	42	RESP=1
18443289	42	STIM=a
18446962	42	RESP=1
18460187	42	STIM=x
18464778	42	RESP=1
18477718	42	STIM=o
18482955	42	RESP=1
18495912	42	STIM=o
18501998	42	RESP=1
18511338	42	STIM=u
18518021	42	RESP=1
18526445	42	STIM=p
18529584	42	RESP=1
18544390	42	STIM=s
18554443	42	RESP=1
18561770	42	STIM=q
18566294	42	RESP=1
18579653	42	STIM=i
18587293	42	RESP=1
18595120	42	STIM=x
18603642	42	RESP=1
18613587	42	STIM=z
18620491	42	RESP=1
18629017	42	STIM=s
18632721	42	RESP=1
18645243	42	STIM=n
18651501	42	RESP=1
18662576	42	STIM=r
18667198	42	RESP=1
18680733	42	STIM=e
18690587	42	RESP=1
18696890	42	STIM=f
18699942	42	RESP=1
18712250	42	STIM=r
18717895	42	RESP=1
18730109	42	STIM=1
18738414	42	RESP=2
18745955	42	STIM=u
18757345	42	RESP=1
18764734	42	STIM=e
18768991	42	RESP=1
18780637	42	STIM=o
18784777	42	RESP=1
18797232	42	STIM=f
18802902	42	RESP=1
18812866	42	STIM=g
18815999	42	RESP=1
18830370	42	STIM=w
18842409	42	RESP=1
18846566	42	STIM=8
18854185	42	RESP=2
18864758	42	STIM=c
18869785	42	RESP=1
18879958	42	STIM=a
18884080	42	RESP=1
18896951	42	STIM=6
18901644	42	RESP=2
18913853	42	STIM=e
18918923	42	RESP=2
18928993	42	STIM=7
18936614	42	RESP=2
18944233	42	STIM=h
18952759	42	RESP=1
18962620	42	STIM=v
18974415	42	RESP=1
18979494	42	STIM=u
18983999	42	RESP=1
18996629	42	STIM=o
19000361	42	RESP=1
19012675	42	STIM=s
19021906	42	RESP=1
19030479	42	STIM=z
19034886	42	RESP=1
19046101	42	STIM=m
19054731	42	RESP=1
19063345	42	STIM=p
19068259	42	RESP=1
19081859	42	STIM=v
19088128	42	RESP=1
19098104	42	STIM=8
19105128	42	RESP=2
19114130	42	STIM=d
19119717	42	RESP=1
19130853	42	STIM=9
19138645	42	RESP=1
19147664	42	STIM=u
19153011	42	RESP=1
19163809	42	STIM=4
19169148	42	RESP=1
19181791	42	STIM=y
19186219	42	RESP=1
19196917	42	STIM=f
19201234	42	RESP=1
19211954	42	STIM=d
19219856	42	RESP=1
19229325	42	STIM=6
19237179	42	RESP=2
19248283	42	STIM=j
19252951	42	RESP=1
19264145	42	STIM=w
19271246	42	RESP=1
19280693	42	STIM=d
19284261	42	RESP=1
19296266	42	STIM=v
19301063	42	RESP=1
19314237	42	STIM=n
19318889	42	RESP=1
19329946	42	STIM=8
19337727	42	RESP=2
19346999	42	STIM=s
19352852	42	RESP=2
19363364	42	STIM=k
19366455	42	RESP=1
19381424	42	STIM=a
19389248	42	RESP=1
19398973	42	STIM=8
19404716	42	RESP=2
19416719	42	STIM=j
19424357	42	RESP=1
19431945	42	STIM=y
19438763	42	RESP=1
19449611	42	STIM=z
19454720	42	RESP=1
19465788	42	STIM=8
19473542	42	RESP=2
19481112	42	STIM=0
19490027	42	RESP=2
19497425	42	STIM=z
19505922	42	RESP=1
19515427	42	STIM=g
19521327	42	RESP=1
19533834	42	STIM=q
19539007	42	RESP=1
19550910	42	STIM=e
19560333	42	RESP=1
19566531	42	STIM=u
19570504	42	RESP=1
19584621	42	STIM=z
19590716	42	RESP=1
19603222	42	STIM=g
19606797	42	RESP=1
19619814	42	STIM=e
19624512	42	RESP=1
19638762	42	STIM=q
19643030	42	RESP=1
19655443	42	STIM=n
19662806	42	RESP=1
19671185	42	STIM=l
19675981	42	RESP=1
19687415	42	STIM=0
19692550	42	RESP=2
19706263	42	STIM=z
19712705	42	RESP=1
19723052	42	STIM=t
19738064	42	RESP=1
19739567	42	STIM=h
19745113	42	RESP=1
19755584	42	STIM=z
19760910	42	RESP=1
19771058	42	STIM=u
19776315	42	RESP=2
19788156	42	STIM=t
19793156	42	RESP=1
19806581	42	STIM=h
19813911	42	RESP=1
19824874	42	STIM=z
19837989	42	RESP=1
19842204	42	STIM=3
19847573	42	RESP=2
19859369	42	STIM=u
19862576	42	RESP=1
19876948	42	STIM=4
19885508	42	RESP=2
19893360	42	STIM=w
19900650	42	RESP=1
19909324	42	STIM=s
19913708	42	RESP=1
19924762	42	STIM=6
19929484	42	RESP=1
19943148	42	STIM=j
19946734	42	RESP=1
19961769	42	STIM=s
19966615	42	RESP=1
19978323	42	STIM=5
19985167	42	RESP=2
19994300	42	STIM=j
19998933	42	RESP=1
20012522	42	STIM=z
20020561	42	RESP=1
20027737	42	STIM=1
20034988	42	RESP=2
20045669	42	STIM=e
20051448	42	RESP=1
20062090	42	STIM=l
20067040	42	RESP=1
20079442	42	STIM=5
20084235	42	RESP=2
20095222	42	STIM=7
20102298	42	RESP=2
20113798	42	STIM=l
20116832	42	RESP=1
20130795	42	STIM=k
20135891	42	RESP=2
20149427	42	STIM=k
20152804	42	RESP=1
20166629	42	STIM=k
20171661	42	RESP=1
20184530	42	STIM=l
20192575	42	RESP=1
20201218	42	STIM=q
20204944	42	RESP=1
20218390	42	STIM=q
20224715	42	RESP=1
20237174	42	STIM=t
20244724	42	RESP=1
20252628	42	STIM=z
20258252	42	RESP=1
20271586	42	STIM=p
20276393	42	RESP=2
20287900	42	STIM=n
20295699	42	RESP=1
20306526	42	STIM=3
20313006	42	RESP=2
20323823	42	STIM=x
20328486	42	RESP=2
20340848	42	STIM=y
20347355	42	RESP=1
20358325	42	STIM=v
20360923	42	RESP=1
20375147	42	STIM=n
20380097	42	RESP=1
20392249	42	STIM=2
20397576	42	RESP=2
20410016	42	STIM=b
20414747	42	RESP=1
20427502	42	STIM=c
20430417	42	RESP=1
20446208	42	STIM=v
20452238	42	RESP=1
20462670	42	STIM=b
20470561	42	RESP=1
20480659	42	STIM=d
20486414	42	RESP=2
20497212	42	STIM=n
20500611	42	RESP=1
20512427	42	STIM=t
20521153	42	RESP=1
20528640	42	STIM=b
20531430	42	RESP=1
20545875	42	STIM=m
20550463	42	RESP=1
20563777	42	STIM=4
20570335	42	RESP=2
20580253	42	STIM=3
20584224	42	RESP=1
20597344	42	STIM=4
20603736	42	RESP=2
20615808	42	STIM=s
20619654	42	RESP=1
20632761	42	STIM=q
20637376	42	RESP=1
20651381	42	STIM=d
20658447	42	RESP=1
20669616	42	STIM=g
20673475	42	RESP=1
20688407	42	STIM=b
20694647	42	RESP=1
20704006	42	STIM=2
20710081	42	RESP=2
20722428	42	STIM=5
20729010	42	RESP=2
20740656	42	STIM=e
20746372	42	RESP=1
20756217	42	STIM=u
20762408	42	RESP=2
20771602	42	STIM=p
20779826	42	RESP=1
20788164	42	STIM=i
20795431	42	RESP=1
20803190	42	STIM=d
20808175	42	RESP=1
20820088	42	STIM=m
20824626	42	RESP=1
20835534	42	STIM=v
20839694	42	RESP=1
20853332	42	STIM=g
20857407	42	RESP=2
20869679	42	STIM=p
20873049	42	RESP=1
20885243	42	STIM=r
20890815	42	RESP=1
20902521	42	STIM=r
20907410	42	RESP=1
20918875	42	STIM=w
20923916	42	RESP=1
20935788	42	STIM=p
20939913	42	RESP=1
20952309	42	STIM=o
20956076	42	RESP=1
20967591	42	STIM=o
20974878	42	RESP=1
20986096	42	STIM=e
20988940	42	RESP=1
21002961	42	STIM=9
21008810	42	RESP=1
21019601	42	STIM=m
21025754	42	RESP=1
21035471	42	STIM=r
21044686	42	RESP=1
21053820	42	STIM=y
21060047	42	RESP=1
21070356	42	STIM=z
21074780	42	RESP=2
21087100	42	STIM=m
21091603	42	RESP=1
21105454	42	STIM=l
21112095	42	RESP=1
21124190	42	STIM=o
21129414	42	RESP=1
21142029	42	STIM=u
21147980	42	RESP=1
21159030	42	STIM=v
21165872	42	RESP=1
21176321	42	STIM=v
21186828	42	RESP=1
21195122	42	STIM=y
21198065	42	RESP=1
21210558	42	STIM=a
21217920	42	RESP=1
21226402	42	STIM=b
21229349	42	RESP=1
21242282	42	STIM=o
21248416	42	RESP=1
21260953	42	STIM=d
21265705	42	RESP=1
21277297	42	STIM=a
21282197	42	RESP=1
21295467	42	STIM=j
21303066	42	RESP=1
21312436	42	STIM=9
21322469	42	RESP=2
21328125	42	STIM=f
21335198	42	RESP=1
21346158	42	STIM=z
21351668	42	RESP=1
21363492	42	STIM=z
21368383	42	RESP=1
21380763	42	STIM=n
21384497	42	RESP=1
21397012	42	STIM=6
21402544	42	RESP=1
21415398	42	STIM=f
21421362	42	RESP=1
21431858	42	STIM=f
21435085	42	RESP=1
21447613	42	STIM=m
21454849	42	RESP=1
21466450	42	STIM=a
21469610	42	RESP=1
21482174	42	STIM=k
21494103	42	RESP=1
21499967	42	STIM=t
21505928	42	RESP=1
21516494	42	STIM=s
21523789	42	RESP=1
21533920	42	STIM=d
21536930	42	RESP=1
21552832	42	STIM=h
21557718	42	RESP=1
21568814	42	STIM=p
21573178	42	RESP=1
21585452	42	STIM=3
21591657	42	RESP=2
21600500	42	STIM=f
21607285	42	RESP=1
21617523	42	STIM=h
21622553	42	RESP=1
21634794	42	STIM=5
21639124	42	RESP=2
21650939	42	STIM=i
21660669	42	RESP=1
21666871	42	STIM=l
21673100	42	RESP=1
21681889	42	STIM=l
21687258	42	RESP=1
21697446	42	STIM=w
21702499	42	RESP=1
21713287	42	STIM=w
21717900	42	RESP=1
