# Original filename: 0013_GKH_2017-05-07.log
# Time unit: 100 us
# RARECAT=digit
#
# Time	HHGG	Event
36678	42	STIM=f
40229	42	RESP=1
53527	42	STIM=z
57030	42	RESP=1
70856	42	STIM=i
75983	42	RESP=1
88243	42	STIM=m
92234	42	RESP=1
106361	42	STIM=r
109395	42	RESP=1
122434	42	STIM=a
129447	42	RESP=1
137456	42	STIM=s
141805	42	RESP=1
155476	42	STIM=s
162281	42	RESP=1
171921	42	STIM=o
175527	42	RESP=1
189799	42	STIM=u
193268	42	RESP=1
208739	42	STIM=e
212732	42	RESP=1
225441	42	STIM=u
229687	42	RESP=1
243490	42	STIM=5
253479	42	RESP=2
261260	42	STIM=g
265007	42	RESP=1
277439	42	STIM=a
281091	42	RESP=1
295875	42	STIM=c
299377	42	RESP=1
312392	42	STIM=g
317177	42	RESP=1
327677	42	STIM=d
332558	42	RESP=1
345557	42	STIM=a
349772	42	RESP=1
360656	42	STIM=p
369121	42	RESP=1
377002	42	STIM=u
383005	42	RESP=1
392661	42	STIM=g
400666	42	RESP=1
407951	42	STIM=h
414688	42	RESP=1
423248	42	STIM=7
427599	42	RESP=2
441715	42	STIM=p
444434	42	RESP=1
456905	42	STIM=u
464674	42	RESP=1
475877	42	STIM=f
480073	42	RESP=1
493884	42	STIM=p
499866	42	RESP=1
511260	42	STIM=x
515729	42	RESP=1
529036	42	STIM=m
531760	42	RESP=1
546218	42	STIM=a
551348	42	RESP=1
565062	42	STIM=c
570633	42	RESP=1
581260	42	STIM=u
585538	42	RESP=1
598437	42	STIM=6
604017	42	RESP=2
615268	42	STIM=x
625000	42	RESP=1
632552	42	STIM=p
639963	42	RESP=1
647756	42	STIM=8
651623	42	RESP=1
663765	42	STIM=f
666740	42	RESP=1
679401	42	STIM=h
686453	42	RESP=1
696966	42	STIM=6
701082	42	RESP=2
713527	42	STIM=2
719489	42	RESP=2
731588	42	STIM=d
736881	42	RESP=1
748851	42	STIM=3
754319	42	RESP=2
765074	42	STIM=j
770313	42	RESP=1
783140	42	STIM=i
787948	42	RESP=1
800860	42	STIM=f
809554	42	RESP=1
817576	42	STIM=1
823787	42	RESP=2
835857	42	STIM=j
840183	42	RESP=1
852383	42	STIM=b
857751	42	RESP=1
870044	42	STIM=0
875159	42	RESP=2
888337	42	STIM=n
893228	42	RESP=1
906348	42	STIM=a
910969	42	RESP=1
923439	42	STIM=l
928250	42	RESP=1
940319	42	STIM=8
951131	42	RESP=2
957952	42	STIM=y
961554	42	RESP=1
976769	42	STIM=b
981941	42	RESP=1
995079	42	STIM=9
1000624	42	RESP=2
1012296	42	STIM=p
1016223	42	RESP=1
1027406	42	STIM=k
1030708	42	RESP=1
1043329	42	STIM=p
1046763	42	RESP=1
1059476	42	STIM=2
1065706	42	RESP=2
1074667	42	STIM=6
1078672	42	RESP=2
1092069	42	STIM=1
1095754	42	RESP=1
1110691	42	STIM=f
1114007	42	RESP=1
1127466	42	STIM=i
1133024	42	RESP=1
1145742	42	STIM=j
1149794	42	RESP=1
1164350	42	STIM=2
1169659	42	RESP=2
1181652	42	STIM=j
1188356	42	RESP=1
1198919	42	STIM=e
1202713	42	RESP=1
1215308	42	STIM=t
1220444	42	RESP=1
1230674	42	STIM=6
1236802	42	RESP=1
1248779	42	STIM=o
1257453	42	RESP=1
1263971	42	STIM=9
1269404	42	RESP=2
1281343	42	STIM=b
1286567	42	RESP=1
1299516	42	STIM=l
1305519	42	RESP=1
1316195	42	STIM=j
1321216	42	RESP=1
1334289	42	STIM=h
1338277	42	RESP=1
1352896	42	STIM=l
1359154	42	RESP=1
1371489	42	STIM=s
1374283	42	RESP=1
1388232	42	STIM=5
1392344	42	RESP=2
1404085	42	STIM=j
1408752	42	RESP=1
1421928	42	STIM=j
1425491	42	RESP=1
1440712	42	STIM=n
1446344	42	RESP=1
1459192	42	STIM=n
1463829	42	RESP=1
1475590	42	STIM=h
1479372	42	RESP=1
1492744	42	STIM=f
1499579	42	RESP=1
1508934	42	STIM=g
1516070	42	RESP=1
1527660	42	STIM=5
1532964	42	RESP=2
1543604	42	STIM=p
1552403	42	RESP=1
1562431	42	STIM=o
1566545	42	RESP=1
1579750	42	STIM=r
1584218	42	RESP=1
1595143	42	STIM=8
1603042	42	RESP=2
1613510	42	STIM=m
1616086	42	RESP=1
1631936	42	STIM=o
1635794	42	RESP=1
1650397	42	STIM=b
1653877	42	RESP=1
1665519	42	STIM=e
1670400	42	RESP=1
1683466	42	STIM=6
1687541	42	RESP=2
1701402	42	STIM=w
1707736	42	RESP=1
1718576	42	STIM=h
1723525	42	RESP=1
1736126	42	STIM=s
1744731	42	RESP=1
1755081	42	STIM=a
1758923	42	RESP=1
1773499	42	STIM=p
1780401	42	RESP=1
1791767	42	STIM=u
1798401	42	RESP=1
1808360	42	STIM=u
1811103	42	RESP=1
1826069	42	STIM=b
1829489	42	RESP=1
1843613	42	STIM=0
1850597	42	RESP=2
1862388	42	STIM=h
1868148	42	RESP=1
1880802	42	STIM=y
1885330	42	RESP=1
1897588	42	STIM=w
1900614	42	RESP=1
1916346	42	STIM=b
1922290	42	RESP=1
1933735	42	STIM=3
1939588	42	RESP=2
1952552	42	STIM=q
1957294	42	RESP=1
1971063	42	STIM=2
1977687	42	RESP=2
1989504	42	STIM=g
1996849	42	RESP=2
2006792	42	STIM=c
2010463	42	RESP=1
2025535	42	STIM=e
2029209	42	RESP=1
2043058	42	STIM=c
2048574	42	RESP=2
2060791	42	STIM=v
2064227	42	RESP=1
2078963	42	STIM=b
2085054	42	RESP=1
2096678	42	STIM=z
2100410	42	RESP=1
2112190	42	STIM=o
2116074	42	RESP=1
2127322	42	STIM=6
2132047	42	RESP=2
2143067	42	STIM=7
2146582	42	RESP=2
2159169	42	STIM=b
2162488	42	RESP=1
2175678	42	STIM=j
2179418	42	RESP=1
2193891	42	STIM=j
2199196	42	RESP=1
2209337	42	STIM=l
2213046	42	RESP=1
2227752	42	STIM=v
2232692	42	RESP=1
2242813	42	STIM=z
2247605	42	RESP=1
2259921	42	STIM=f
2262963	42	RESP=1
2276337	42	STIM=b
2279543	42	RESP=1
2295213	42	STIM=j
2302106	42	RESP=1
2314136	42	STIM=4
2320286	42	RESP=2
2332986	42	STIM=r
2338233	42	RESP=1
2348909	42	STIM=c
2352721	42	RESP=1
2364350	42	STIM=b
2367428	42	RESP=1
2380476	42	STIM=u
2385110	42	RESP=1
2396394	42	STIM=c
2400660	42	RESP=1
2414180	42	STIM=6
2419077	42	RESP=2
2432406	42	STIM=c
2442152	42	RESP=1
2451352	42	STIM=k
2456669	42	RESP=1
2467390	42	STIM=s
2472299	42	RESP=1
2484566	42	STIM=j
2490151	42	RESP=1
2500912	42	STIM=e
2503524	42	RESP=1
2516230	42	STIM=p
2519172	42	RESP=1
2533187	42	STIM=z
2537130	42	RESP=1
2550924	42	STIM=0
2557449	42	RESP=2
2569333	42	STIM=n
2573395	42	RESP=1
2584470	42	STIM=j
2589099	42	RESP=1
2600002	42	STIM=i
2608362	42	RESP=1
2618736	42	STIM=i
2622656	42	RESP=1
2634972	42	STIM=3
2640392	42	RESP=2
2652180	42	STIM=n
2658981	42	RESP=1
2670455	42	STIM=u
2676868	42	RESP=1
2689145	42	STIM=e
2693743	42	RESP=1
2704713	42	STIM=s
2707834	42	RESP=1
2720005	42	STIM=v
2724732	42	RESP=1
2737376	42	STIM=7
2746127	42	RESP=2
2756307	42	STIM=2
2761065	42	RESP=2
2773037	42	STIM=t
2777794	42	RESP=1
2789826	42	STIM=4
2795476	42	RESP=2
2808503	42	STIM=h
2812563	42	RESP=1
2824584	42	STIM=8
2831431	42	RESP=1
2840234	42	STIM=w
2843691	42	RESP=1
2856358	42	STIM=g
2863741	42	RESP=1
2875208	42	STIM=r
2878888	42	RESP=1
2891129	42	STIM=0
2894863	42	RESP=2
2909826	42	STIM=l
2914183	42	RESP=1
2927704	42	STIM=h
2935024	42	RESP=1
2944493	42	STIM=c
2948643	42	RESP=1
2961713	42	STIM=d
2966399	42	RESP=1
2977732	42	STIM=f
2982994	42	RESP=1
2996248	42	STIM=f
2999952	42	RESP=1
3013150	42	STIM=5
3019140	42	RESP=2
3031215	42	STIM=f
3034054	42	RESP=1
3046264	42	STIM=n
3051896	42	RESP=1
3063770	42	STIM=w
3069340	42	RESP=1
3079726	42	STIM=l
3087083	42	RESP=1
3096248	42	STIM=o
3101045	42	RESP=1
3113265	42	STIM=6
3119212	42	RESP=2
3128387	42	STIM=t
3135282	42	RESP=1
3145861	42	STIM=d
3149940	42	RESP=1
3164217	42	STIM=c
3170441	42	RESP=1
3179920	42	STIM=b
3189998	42	RESP=1
3197274	42	STIM=p
3201584	42	RESP=1
3213135	42	STIM=r
3218235	42	RESP=1
3231810	42	STIM=f
3238725	42	RESP=1
3248681	42	STIM=o
3253285	42	RESP=1
3265793	42	STIM=p
3268794	42	RESP=1
3283693	42	STIM=w
3293740	42	RESP=1
3301928	42	STIM=g
3306038	42	RESP=1
3318951	42	STIM=o
3323103	42	RESP=1
3336581	42	STIM=l
3339584	42	RESP=1
3355389	42	STIM=c
3358430	42	RESP=1
3373152	42	STIM=a
3378911	42	RESP=1
3388267	42	STIM=6
3393565	42	RESP=2
3403576	42	STIM=1
3408846	42	RESP=2
3422153	42	STIM=z
3426855	42	RESP=1
3437234	42	STIM=g
3442165	42	RESP=1
3454996	42	STIM=2
3461417	42	RESP=1
3472766	42	STIM=3
3476966	42	RESP=2
3489632	42	STIM=i
3492580	42	RESP=1
3507023	42	STIM=t
3512783	42	RESP=2
3525196	42	STIM=n
3530361	42	RESP=1
3542318	42	STIM=w
3546731	42	RESP=1
3560888	42	STIM=o
3566391	42	RESP=1
3578361	42	STIM=l
3581690	42	RESP=1
3594679	42	STIM=m
3599631	42	RESP=1
3611712	42	STIM=f
3614463	42	RESP=1
3627580	42	STIM=3
3633856	42	RESP=2
3645678	42	STIM=b
3650077	42	RESP=1
3661259	42	STIM=b
3668322	42	RESP=1
3679356	42	STIM=e
3688409	42	RESP=1
3697697	42	STIM=p
3703047	42	RESP=1
3713984	42	STIM=c
3717719	42	RESP=2
3732490	42	STIM=6
3738434	42	RESP=2
3748916	42	STIM=a
3752964	42	RESP=1
3764940	42	STIM=i
3771931	42	RESP=1
3782325	42	STIM=8
3789547	42	RESP=2
3800542	42	STIM=v
3805044	42	RESP=1
3819203	42	STIM=1
3829613	42	RESP=2
3835055	42	STIM=8
3843866	42	RESP=2
3851231	42	STIM=g
3854961	42	RESP=1
3869848	42	STIM=j
3876172	42	RESP=1
3884906	42	STIM=n
3889109	42	RESP=1
3901986	42	STIM=6
3910437	42	RESP=2
3920935	42	STIM=5
3924919	42	RESP=2
3937320	42	STIM=6
3943094	42	RESP=2
3953350	42	STIM=8
3958736	42	RESP=2
3972117	42	STIM=n
3981858	42	RESP=1
3990719	42	STIM=s
4000911	42	RESP=1
4008192	42	STIM=3
4011914	42	RESP=1
4026936	42	STIM=7
4032447	42	RESP=1
4045265	42	STIM=t
4049665	42	RESP=1
4063604	42	STIM=g
4067160	42	RESP=1
4080056	42	STIM=p
4084287	42	RESP=1
4098149	42	STIM=z
4104834	42	RESP=1
4116901	42	STIM=a
4123604	42	RESP=1
4133220	42	STIM=7
4138563	42	RESP=2
4149701	42	STIM=j
4155527	42	RESP=1
4165407	42	STIM=z
4168622	42	RESP=1
4183174	42	STIM=d
4187563	42	RESP=1
4200042	42	STIM=x
4204092	42	RESP=1
4216082	42	STIM=6
4222941	42	RESP=2
4232118	42	STIM=4
4237151	42	RESP=2
4249668	42	STIM=7
4256848	42	RESP=2
4265929	42	STIM=v
4269700	42	RESP=1
4281082	42	STIM=b
4285221	42	RESP=1
4298158	42	STIM=q
4302789	42	RESP=1
4314146	42	STIM=0
4319457	42	RESP=2
4332763	42	STIM=z
4337689	42	RESP=2
4350164	42	STIM=c
4354191	42	RESP=1
4367218	42	STIM=d
4374349	42	RESP=1
4384474	42	STIM=3
4390337	42	RESP=2
4400204	42	STIM=p
4407306	42	RESP=1
4417120	42	STIM=0
4422015	42	RESP=1
4434087	42	STIM=o
4441566	42	RESP=1
4449102	42	STIM=q
4456796	42	RESP=1
4468034	42	STIM=f
4475276	42	RESP=1
4483296	42	STIM=a
4485940	42	RESP=1
4499775	42	STIM=o
4508209	42	RESP=1
4515946	42	STIM=h
4521787	42	RESP=1
4533651	42	STIM=f
4543791	42	RESP=1
4550144	42	STIM=b
4560719	42	RESP=1
4566185	42	STIM=w
4569296	42	RESP=1
4584202	42	STIM=e
4587462	42	RESP=1
4599676	42	STIM=i
4603270	42	RESP=1
4615923	42	STIM=8
4620302	42	RESP=2
4630993	42	STIM=t
4635338	42	RESP=1
4647949	42	STIM=w
4654107	42	RESP=1
4663452	42	STIM=5
4667199	42	RESP=2
4678652	42	STIM=n
4682790	42	RESP=1
4696894	42	STIM=a
4700099	42	RESP=1
4713094	42	STIM=q
4719233	42	RESP=1
4728609	42	STIM=c
4732681	42	RESP=1
4744076	42	STIM=a
4748916	42	RESP=1
4760371	42	STIM=2
4764501	42	RESP=1
4775435	42	STIM=5
4780396	42	RESP=2
4793373	42	STIM=j
4806616	42	RESP=1
4811155	42	STIM=5
4816136	42	RESP=2
4827264	42	STIM=1
4832139	42	RESP=2
4845584	42	STIM=n
4850488	42	RESP=1
4862863	42	STIM=2
4871551	42	RESP=2
4879560	42	STIM=n
4885582	42	RESP=1
4898173	42	STIM=l
4902017	42	RESP=1
4914843	42	STIM=4
4918624	42	RESP=2
4930155	42	STIM=c
4934726	42	RESP=1
4945834	42	STIM=k
4949348	42	RESP=1
4961675	42	STIM=z
4964784	42	RESP=1
4976913	42	STIM=e
4982030	42	RESP=1
4993747	42	STIM=u
4998993	42	RESP=1
5009069	42	STIM=o
5014212	42	RESP=2
5026461	42	STIM=0
5031478	42	RESP=2
5044362	42	STIM=6
5049859	42	RESP=2
5062137	42	STIM=r
5066604	42	RESP=1
5079642	42	STIM=d
5084207	42	RESP=1
5095985	42	STIM=f
5102944	42	RESP=1
5111817	42	STIM=y
5119418	42	RESP=1
5130785	42	STIM=o
5134408	42	RESP=1
5149088	42	STIM=t
5153828	42	RESP=1
5168061	42	STIM=n
5173485	42	RESP=1
5183781	42	STIM=j
5188116	42	RESP=1
5200160	42	STIM=i
5203594	42	RESP=1
5216889	42	STIM=c
5224617	42	RESP=1
5234753	42	STIM=x
5238547	42	RESP=2
5253308	42	STIM=a
5257323	42	RESP=1
5271938	42	STIM=q
5275867	42	RESP=1
5290200	42	STIM=e
5295351	42	RESP=1
5306155	42	STIM=6
5312263	42	RESP=2
5324007	42	STIM=5
5329345	42	RESP=2
5340848	42	STIM=r
5349897	42	RESP=1
5356410	42	STIM=x
5359817	42	RESP=1
5371668	42	STIM=g
5375358	42	RESP=1
5388714	42	STIM=a
5395970	42	RESP=1
5406859	42	STIM=p
5410197	42	RESP=1
5422276	42	STIM=v
5426227	42	RESP=1
5440374	42	STIM=j
5443394	42	RESP=1
5455974	42	STIM=r
5461121	42	RESP=1
5473693	42	STIM=e
5478131	42	RESP=1
5489137	42	STIM=v
5493108	42	RESP=1
5505280	42	STIM=n
5510192	42	RESP=1
5521238	42	STIM=g
5525358	42	RESP=1
5539775	42	STIM=r
5544425	42	RESP=1
5555045	42	STIM=8
5562144	42	RESP=1
5573937	42	STIM=c
5577663	42	RESP=1
5590762	42	STIM=n
5595747	42	RESP=1
5606144	42	STIM=z
5611081	42	RESP=1
5624085	42	STIM=l
5632570	42	RESP=1
5640416	42	STIM=z
5644554	42	RESP=1
5657581	42	STIM=s
5660518	42	RESP=1
5676053	42	STIM=l
5678926	42	RESP=1
5692447	42	STIM=8
5697715	42	RESP=2
5707616	42	STIM=d
5711712	42	RESP=1
5723021	42	STIM=q
5725990	42	RESP=1
5739573	42	STIM=q
5746113	42	RESP=1
5755223	42	STIM=f
5760378	42	RESP=2
5770529	42	STIM=v
5773252	42	RESP=1
5787712	42	STIM=a
5794520	42	RESP=1
5804609	42	STIM=y
5811747	42	RESP=1
5820384	42	STIM=j
5825113	42	RESP=1
5838621	42	STIM=k
5841982	42	RESP=1
5854048	42	STIM=4
5858209	42	RESP=2
5870065	42	STIM=b
5874509	42	RESP=1
5886723	42	STIM=r
5890844	42	RESP=1
5902701	42	STIM=7
5910449	42	RESP=2
5919246	42	STIM=5
5925827	42	RESP=2
5934401	42	STIM=q
5939672	42	RESP=1
5951031	42	STIM=v
5956267	42	RESP=1
5967455	42	STIM=t
5971726	42	RESP=1
5984021	42	STIM=u
5989126	42	RESP=1
6001872	42	STIM=u
6005174	42	RESP=1
6018798	42	STIM=x
6021498	42	RESP=1
6036179	42	STIM=y
6040144	42	RESP=1
6052080	42	STIM=z
6059086	42	RESP=1
6067527	42	STIM=r
6074779	42	RESP=1
6086016	42	STIM=z
6091721	42	RESP=1
6101457	42	STIM=w
6105809	42	RESP=1
6118207	42	STIM=7
6124391	42	RESP=2
6135056	42	STIM=w
6139695	42	RESP=1
6151061	42	STIM=e
6157216	42	RESP=1
6168068	42	STIM=w
6178362	42	RESP=1
6185727	42	STIM=7
6191938	42	RESP=2
6204040	42	STIM=0
6209041	42	RESP=2
6220263	42	STIM=o
6228053	42	RESP=1
6235873	42	STIM=j
6243669	42	RESP=1
6253446	42	STIM=i
6256707	42	RESP=1
6271665	42	STIM=j
6281300	42	RESP=1
6289223	42	STIM=a
6292366	42	RESP=1
6307948	42	STIM=o
6311438	42	RESP=2
6324656	42	STIM=d
6328627	42	RESP=1
6340945	42	STIM=u
6349683	42	RESP=1
6357822	42	STIM=y
6361596	42	RESP=1
6373561	42	STIM=6
6379236	42	RESP=2
6389771	42	STIM=g
6396471	42	RESP=2
6404948	42	STIM=1
6411238	42	RESP=2
6422272	42	STIM=k
6425379	42	RESP=1
6439262	42	STIM=x
6443062	42	RESP=1
6457941	42	STIM=3
6461816	42	RESP=2
6476676	42	STIM=y
6480534	42	RESP=1
6495313	42	STIM=k
6498628	42	RESP=1
6510829	42	STIM=6
6515772	42	RESP=2
6526535	42	STIM=o
6529685	42	RESP=1
6544637	42	STIM=g
6550603	42	RESP=2
6560722	42	STIM=m
6564925	42	RESP=1
6578605	42	STIM=f
6581920	42	RESP=1
6594643	42	STIM=t
6604811	42	RESP=1
6610179	42	STIM=f
6613850	42	RESP=1
6627217	42	STIM=t
6631775	42	RESP=1
6645049	42	STIM=i
6653145	42	RESP=1
6661873	42	STIM=w
6671943	42	RESP=1
6680059	42	STIM=y
6682688	42	RESP=1
6696696	42	STIM=r
6702402	42	RESP=1
6712445	42	STIM=a
6718590	42	RESP=1
6729941	42	STIM=0
6734194	42	RESP=2
6748199	42	STIM=z
6751839	42	RESP=1
6766910	42	STIM=j
6776195	42	RESP=1
6785157	42	STIM=j
6790746	42	RESP=1
6801728	42	STIM=l
6805861	42	RESP=1
6820546	42	STIM=g
6825699	42	RESP=1
6837221	42	STIM=y
6841269	42	RESP=1
6853387	42	STIM=n
6857344	42	RESP=1
6870575	42	STIM=p
6876337	42	RESP=1
6885769	42	STIM=c
6891267	42	RESP=1
6901425	42	STIM=e
6905227	42	RESP=1
6919444	42	STIM=j
6922818	42	RESP=1
6934603	42	STIM=1
6940311	42	RESP=2
6950431	42	STIM=g
6955258	42	RESP=1
6968747	42	STIM=w
6973233	42	RESP=1
6984124	42	STIM=8
6988922	42	RESP=2
7002641	42	STIM=f
7006049	42	RESP=1
7021067	42	STIM=u
7025969	42	RESP=1
7036571	42	STIM=s
7041871	42	RESP=1
7054131	42	STIM=e
7060285	42	RESP=1
7071115	42	STIM=f
7075500	42	RESP=1
7089377	42	STIM=v
7092845	42	RESP=1
7106732	42	STIM=k
7112368	42	RESP=1
7123316	42	STIM=x
7126998	42	RESP=1
7139504	42	STIM=8
7144291	42	RESP=2
7155421	42	STIM=e
7159796	42	RESP=1
7170865	42	STIM=l
7176822	42	RESP=1
7186336	42	STIM=j
7189938	42	RESP=1
7204554	42	STIM=t
7211428	42	RESP=1
7221666	42	STIM=z
7224849	42	RESP=1
7238613	42	STIM=q
7244275	42	RESP=1
7253809	42	STIM=w
7256520	42	RESP=1
7272466	42	STIM=k
7275774	42	RESP=1
7291129	42	STIM=c
7298112	42	RESP=1
7308678	42	STIM=v
7311946	42	RESP=1
7325902	42	STIM=b
7330244	42	RESP=1
7341262	42	STIM=1
7346846	42	RESP=2
7358277	42	STIM=p
7362185	42	RESP=1
7373334	42	STIM=1
7380626	42	RESP=2
7390734	42	STIM=q
7393597	42	RESP=1
7408319	42	STIM=e
7412387	42	RESP=1
7425937	42	STIM=2
7433147	42	RESP=2
7443882	42	STIM=r
7450690	42	RESP=1
7461969	42	STIM=g
7466799	42	RESP=1
7479668	42	STIM=m
7489523	42	RESP=2
7496618	42	STIM=s
7503220	42	RESP=1
7511837	42	STIM=u
7519439	42	RESP=1
7529386	42	STIM=4
7534617	42	RESP=2
7545110	42	STIM=i
7550394	42	RESP=1
7560419	42	STIM=6
7564369	42	RESP=2
7578679	42	STIM=z
7582240	42	RESP=1
7596017	42	STIM=o
7601709	42	RESP=1
7613413	42	STIM=9
7619990	42	RESP=1
7631559	42	STIM=n
7634577	42	RESP=1
7647733	42	STIM=i
7650917	42	RESP=1
7666534	42	STIM=r
7670543	42	RESP=1
7685284	42	STIM=7
7693004	42	RESP=2
7701453	42	STIM=c
7705801	42	RESP=1
7718172	42	STIM=q
7721791	42	RESP=1
7734389	42	STIM=l
7737516	42	RESP=1
7751225	42	STIM=f
7755566	42	RESP=2
7770205	42	STIM=k
7778535	42	RESP=1
7786875	42	STIM=l
7792724	42	RESP=1
7801956	42	STIM=i
7806734	42	RESP=1
7818708	42	STIM=l
7823752	42	RESP=1
7837543	42	STIM=i
7842589	42	RESP=1
7854294	42	STIM=u
7858625	42	RESP=1
7873070	42	STIM=a
7884013	42	RESP=1
7890409	42	STIM=6
7897586	42	RESP=2
7907419	42	STIM=p
7911057	42	RESP=1
7926250	42	STIM=t
7931069	42	RESP=1
7941835	42	STIM=t
7944875	42	RESP=1
7960571	42	STIM=c
7965120	42	RESP=1
7975901	42	STIM=i
7979585	42	RESP=1
7990992	42	STIM=b
7997488	42	RESP=1
8006008	42	STIM=p
8014140	42	RESP=1
8021787	42	STIM=x
8027689	42	RESP=1
8037708	42	STIM=i
8042148	42	RESP=1
8056387	42	STIM=g
8060763	42	RESP=1
8075290	42	STIM=l
8078670	42	RESP=1
8093020	42	STIM=u
8097447	42	RESP=1
8109773	42	STIM=z
8113816	42	RESP=1
8125135	42	STIM=2
8131834	42	RESP=2
8143148	42	STIM=x
8146673	42	RESP=2
8161818	42	STIM=c
8166146	42	RESP=1
8179826	42	STIM=b
8183596	42	RESP=1
8198069	42	STIM=u
8201508	42	RESP=1
8215229	42	STIM=j
8221408	42	RESP=1
8231232	42	STIM=s
8234136	42	RESP=1
8248030	42	STIM=h
8250715	42	RESP=1
8263884	42	STIM=j
8272762	42	RESP=1
8282634	42	STIM=g
8288356	42	RESP=2
8299666	42	STIM=m
8305426	42	RESP=1
8316274	42	STIM=9
8320747	42	RESP=2
8334111	42	STIM=n
8338486	42	RESP=1
8350255	42	STIM=g
8353799	42	RESP=1
8368183	42	STIM=7
8374088	42	RESP=2
8385627	42	STIM=6
8391900	42	RESP=2
8402716	42	STIM=b
8407469	42	RESP=1
8420505	42	STIM=w
8427126	42	RESP=2
8437710	42	STIM=m
8443082	42	RESP=1
8454876	42	STIM=t
8460893	42	RESP=1
8472761	42	STIM=i
8477374	42	RESP=1
8487808	42	STIM=m
8494224	42	RESP=1
8502933	42	STIM=9
8507261	42	RESP=2
8518500	42	STIM=a
8524486	42	RESP=1
8535810	42	STIM=a
8538922	42	RESP=1
8551503	42	STIM=i
8555094	42	RESP=1
8567648	42	STIM=d
8572810	42	RESP=1
8583622	42	STIM=7
8591231	42	RESP=2
8602618	42	STIM=d
8606352	42	RESP=1
8619897	42	STIM=c
8623566	42	RESP=1
8636960	42	STIM=l
8641137	42	RESP=1
8652370	42	STIM=o
8655337	42	RESP=1
8670647	42	STIM=k
8676847	42	RESP=1
8689418	42	STIM=i
8697136	42	RESP=1
8707634	42	STIM=i
8710587	42	RESP=1
8724244	42	STIM=f
8728951	42	RESP=1
8741051	42	STIM=r
8743863	42	RESP=1
8757271	42	STIM=v
8761401	42	RESP=1
8772982	42	STIM=r
8777600	42	RESP=1
8788159	42	STIM=e
8792426	42	RESP=1
8803973	42	STIM=f
8812879	42	RESP=1
8820533	42	STIM=c
8825464	42	RESP=1
8837895	42	STIM=9
8843806	42	RESP=1
8854045	42	STIM=x
8860112	42	RESP=1
8869807	42	STIM=h
8872575	42	RESP=1
8887691	42	STIM=l
8892803	42	RESP=1
8906480	42	STIM=8
8916409	42	RESP=2
8925430	42	STIM=b
8931965	42	RESP=1
8944292	42	STIM=f
8948404	42	RESP=1
8961511	42	STIM=i
8967890	42	RESP=1
8978072	42	STIM=s
8984998	42	RESP=1
8995438	42	STIM=u
9001559	42	RESP=1
9010816	42	STIM=u
9021418	42	RESP=1
9027086	42	STIM=3
9031607	42	RESP=1
9046065	42	STIM=r
9050358	42	RESP=1
9064314	42	STIM=6
9070335	42	RESP=2
9083133	42	STIM=v
9086219	42	RESP=1
9101912	42	STIM=4
9107348	42	RESP=2
9117282	42	STIM=p
9127186	42	RESP=1
9132676	42	STIM=z
9136308	42	RESP=1
9150556	42	STIM=b
9157092	42	RESP=1
9169460	42	STIM=l
9172192	42	RESP=1
9184548	42	STIM=0
9189653	42	RESP=2
9199751	42	STIM=p
9203309	42	RESP=1
9217233	42	STIM=z
9220456	42	RESP=1
9235910	42	STIM=b
9241073	42	RESP=1
9252603	42	STIM=p
9258721	42	RESP=1
9270636	42	STIM=q
9277109	42	RESP=2
9288008	42	STIM=v
9292158	42	RESP=1
9303188	42	STIM=h
9307146	42	RESP=1
9321561	42	STIM=v
9324973	42	RESP=1
9340529	42	STIM=z
9343170	42	RESP=1
9356147	42	STIM=i
9359446	42	RESP=1
9373793	42	STIM=z
9378745	42	RESP=1
9390910	42	STIM=q
9395096	42	RESP=1
9408545	42	STIM=b
9411790	42	RESP=1
9426037	42	STIM=7
9440118	42	RESP=2
9444070	42	STIM=0
9449254	42	RESP=2
9462008	42	STIM=o
9467021	42	RESP=1
9478630	42	STIM=1
9483519	42	RESP=1
9495670	42	STIM=i
9500706	42	RESP=1
9513971	42	STIM=4
9518474	42	RESP=2
9531981	42	STIM=x
9537585	42	RESP=1
9549180	42	STIM=n
9556603	42	RESP=1
9564692	42	STIM=2
9573097	42	RESP=2
9580876	42	STIM=l
9584115	42	RESP=1
9599083	42	STIM=h
9604416	42	RESP=1
9617409	42	STIM=h
9621205	42	RESP=1
9634758	42	STIM=i
9641170	42	RESP=1
9653515	42	STIM=e
9659452	42	RESP=1
9669909	42	STIM=b
9673514	42	RESP=1
9685945	42	STIM=a
9692537	42	RESP=1
9704037	42	STIM=t
9707043	42	RESP=1
9721368	42	STIM=0
9726303	42	RESP=2
9738711	42	STIM=m
9743987	42	RESP=1
9754096	42	STIM=z
9759417	42	RESP=1
9771912	42	STIM=f
9779016	42	RESP=1
9788978	42	STIM=z
9793915	42	RESP=1
9804219	42	STIM=r
9806880	42	RESP=1
9822289	42	STIM=b
9827346	42	RESP=1
9838298	42	STIM=l
9843921	42	RESP=1
9856213	42	STIM=z
9859821	42	RESP=1
9874253	42	STIM=4
9878739	42	RESP=2
9891474	42	STIM=0
9896539	42	RESP=2
9909785	42	STIM=1
9916444	42	RESP=1
9927298	42	STIM=o
9930350	42	RESP=1
9942367	42	STIM=k
9946965	42	RESP=1
9959775	42	STIM=2
9963863	42	RESP=1
9976165	42	STIM=d
9980336	42	RESP=1
9991823	42	STIM=n
10000004	42	RESP=1
10008066	42	STIM=w
10012821	42	RESP=1
10026311	42	STIM=v
10031436	42	RESP=1
10043241	42	STIM=9
10050821	42	RESP=2
10060239	42	STIM=r
10065374	42	RESP=1
10075262	42	STIM=c
10079544	42	RESP=1
10092587	42	STIM=b
10098369	42	RESP=1
10109761	42	STIM=h
10114886	42	RESP=1
10127335	42	STIM=k
10130951	42	RESP=1
10143802	42	STIM=z
10149029	42	RESP=1
10161655	42	STIM=q
10165956	42	RESP=1
10177807	42	STIM=f
10180884	42	RESP=1
10196164	42	STIM=o
10199359	42	RESP=1
10212023	42	STIM=q
10216294	42	RESP=1
10229804	42	STIM=k
10235369	42	RESP=1
10247629	42	STIM=4
10254196	42	RESP=2
10265466	42	STIM=k
10268968	42	RESP=1
10281676	42	STIM=5
10285016	42	RESP=2
10297321	42	STIM=2
10301395	42	RESP=2
10316129	42	STIM=g
10319988	42	RESP=1
10332214	42	STIM=5
10337771	42	RESP=2
10350088	42	STIM=u
10355536	42	RESP=1
10365385	42	STIM=j
10373002	42	RESP=1
10382091	42	STIM=4
10388001	42	RESP=2
10401068	42	STIM=8
10405212	42	RESP=2
10416892	42	STIM=p
10422264	42	RESP=1
10435868	42	STIM=m
10444170	42	RESP=1
10454639	42	STIM=6
10461005	42	RESP=2
10473075	42	STIM=a
10478664	42	RESP=1
10491737	42	STIM=p
10497960	42	RESP=1
10510655	42	STIM=o
10513570	42	RESP=1
10529311	42	STIM=m
10534011	42	RESP=1
10546358	42	STIM=j
10549430	42	RESP=1
10562148	42	STIM=s
10565582	42	RESP=1
10579885	42	STIM=i
10586399	42	RESP=1
10597734	42	STIM=u
10602596	42	RESP=1
10614573	42	STIM=s
10618539	42	RESP=1
10631719	42	STIM=x
10637229	42	RESP=1
10647717	42	STIM=u
10653623	42	RESP=1
10664753	42	STIM=t
10670182	42	RESP=2
10680578	42	STIM=m
10683927	42	RESP=1
10699302	42	STIM=l
10703266	42	RESP=1
10715621	42	STIM=f
10720824	42	RESP=1
10730730	42	STIM=f
10738383	42	RESP=1
10746106	42	STIM=f
10751100	42	RESP=1
10761495	42	STIM=2
10766264	42	RESP=2
10777948	42	STIM=q
10782624	42	RESP=1
10796351	42	STIM=y
10800121	42	RESP=1
10813215	42	STIM=t
10816811	42	RESP=1
10830972	42	STIM=o
10835796	42	RESP=1
10847380	42	STIM=x
10851708	42	RESP=1
10863651	42	STIM=w
10868156	42	RESP=1
10880411	42	STIM=7
10886341	42	RESP=2
10896902	42	STIM=m
10899198	42	RESP=1
10914050	42	STIM=j
10919178	42	RESP=1
10930418	42	STIM=m
10934501	42	RESP=1
10948456	42	STIM=t
10953323	42	RESP=1
10965378	42	STIM=j
10970553	42	RESP=1
10981215	42	STIM=d
10992154	42	RESP=1
10996520	42	STIM=t
11001067	42	RESP=1
11012202	42	STIM=s
11015959	42	RESP=1
11030598	42	STIM=g
11035632	42	RESP=1
11048047	42	STIM=j
11052319	42	RESP=1
11064585	42	STIM=d
11068817	42	RESP=1
11081143	42	STIM=1
11086429	42	RESP=2
11096976	42	STIM=3
11100303	42	RESP=1
11113614	42	STIM=7
11119517	42	RESP=2
11132221	42	STIM=9
11137633	42	RESP=2
11149557	42	STIM=e
11152080	42	RESP=1
11165108	42	STIM=d
11169697	42	RESP=1
11181442	42	STIM=b
11184405	42	RESP=1
11197250	42	STIM=m
11201643	42	RESP=1
11214145	42	STIM=a
11219572	42	RESP=1
11232967	42	STIM=o
11236446	42	RESP=1
11251055	42	STIM=a
11255216	42	RESP=1
11269654	42	STIM=a
11275082	42	RESP=1
11284704	42	STIM=u
11290004	42	RESP=1
11300327	42	STIM=p
11304344	42	RESP=1
11319063	42	STIM=z
11324896	42	RESP=1
11334944	42	STIM=2
11339311	42	RESP=2
11349992	42	STIM=q
11355871	42	RESP=1
11365105	42	STIM=3
11369424	42	RESP=2
11383947	42	STIM=3
11392855	42	RESP=2
11402492	42	STIM=4
11407492	42	RESP=2
11420283	42	STIM=x
11423811	42	RESP=1
11436693	42	STIM=c
11441190	42	RESP=1
11455651	42	STIM=w
11459489	42	RESP=1
11472368	42	STIM=s
11475702	42	RESP=1
11487848	42	STIM=c
11494089	42	RESP=1
11503550	42	STIM=y
11509358	42	RESP=1
11518918	42	STIM=1
11523781	42	RESP=2
11536192	42	STIM=1
11542134	42	RESP=2
11552524	42	STIM=m
11555246	42	RESP=1
11569325	42	STIM=5
11574171	42	RESP=2
11584822	42	STIM=a
11589980	42	RESP=1
11600795	42	STIM=w
11603939	42	RESP=1
11619285	42	STIM=f
11622243	42	RESP=1
11635759	42	STIM=u
11640698	42	RESP=1
11654346	42	STIM=y
11659874	42	RESP=1
11670564	42	STIM=a
11676005	42	RESP=1
11688045	42	STIM=k
11691583	42	RESP=1
11706276	42	STIM=j
11710639	42	RESP=1
11723009	42	STIM=a
11726066	42	RESP=1
11738100	42	STIM=1
11742537	42	RESP=2
11753149	42	STIM=6
11759437	42	RESP=2
11771528	42	STIM=h
11781618	42	RESP=1
11787432	42	STIM=g
11791254	42	RESP=1
11804691	42	STIM=c
11813046	42	RESP=2
11822787	42	STIM=m
11825392	42	RESP=1
11840924	42	STIM=i
11848513	42	RESP=1
11856178	42	STIM=n
11860045	42	RESP=1
11873852	42	STIM=n
11877739	42	RESP=1
11889126	42	STIM=y
11894269	42	RESP=1
11905633	42	STIM=t
11910771	42	RESP=1
11922877	42	STIM=8
11926691	42	RESP=1
11938435	42	STIM=l
11942870	42	RESP=1
11954506	42	STIM=z
11962798	42	RESP=1
11973408	42	STIM=h
11977287	42	RESP=1
11988868	42	STIM=3
11993228	42	RESP=2
12006907	42	STIM=w
12011787	42	RESP=1
12023598	42	STIM=o
12033201	42	RESP=1
12040940	42	STIM=1
12048135	42	RESP=2
12055981	42	STIM=g
12060662	42	RESP=1
12074062	42	STIM=1
12080844	42	RESP=2
12091833	42	STIM=y
12097138	42	RESP=1
12108007	42	STIM=l
12115195	42	RESP=1
12126976	42	STIM=0
12133133	42	RESP=2
12143328	42	STIM=n
12147367	42	RESP=1
12158362	42	STIM=o
12162007	42	RESP=1
12174003	42	STIM=j
12181456	42	RESP=1
12190667	42	STIM=5
12195091	42	RESP=2
12207149	42	STIM=k
12210627	42	RESP=1
12223433	42	STIM=b
12227354	42	RESP=1
12242042	42	STIM=g
12247332	42	RESP=1
12258834	42	STIM=n
12263101	42	RESP=1
12274085	42	STIM=8
12283184	42	RESP=2
12291676	42	STIM=f
12296612	42	RESP=1
12308491	42	STIM=t
12312399	42	RESP=1
12326437	42	STIM=x
12330951	42	RESP=1
12342082	42	STIM=u
12349771	42	RESP=1
12358564	42	STIM=k
12363481	42	RESP=1
12377559	42	STIM=0
12385149	42	RESP=2
12394112	42	STIM=y
12398217	42	RESP=1
12411106	42	STIM=n
12414513	42	RESP=1
12429481	42	STIM=u
12432409	42	RESP=1
12447990	42	STIM=n
12455663	42	RESP=1
12463360	42	STIM=j
12467425	42	RESP=1
12481694	42	STIM=e
12486283	42	RESP=1
12498532	42	STIM=8
12505178	42	RESP=2
12515927	42	STIM=2
12519969	42	RESP=1
12533191	42	STIM=x
12536838	42	RESP=1
12550325	42	STIM=b
12556945	42	RESP=1
12566126	42	STIM=g
12569721	42	RESP=2
12583396	42	STIM=q
12587234	42	RESP=1
12600378	42	STIM=j
12606937	42	RESP=2
12616629	42	STIM=h
12619918	42	RESP=1
12633666	42	STIM=r
12638145	42	RESP=1
12648886	42	STIM=7
12654543	42	RESP=2
12664408	42	STIM=j
12667091	42	RESP=1
12682649	42	STIM=4
12686932	42	RESP=2
12699924	42	STIM=l
12705202	42	RESP=1
12716802	42	STIM=o
12722185	42	RESP=1
12732239	42	STIM=5
12738365	42	RESP=2
12750071	42	STIM=b
12752584	42	RESP=1
12765994	42	STIM=8
12772311	42	RESP=2
12783580	42	STIM=i
12789424	42	RESP=1
12798652	42	STIM=g
12805369	42	RESP=1
12816637	42	STIM=a
12824578	42	RESP=1
12835194	42	STIM=2
12839992	42	RESP=2
12852680	42	STIM=v
12857436	42	RESP=1
12867734	42	STIM=k
12877138	42	RESP=1
12886247	42	STIM=f
12889619	42	RESP=1
12903264	42	STIM=i
12911579	42	RESP=1
12920169	42	STIM=h
12923705	42	RESP=1
12936017	42	STIM=z
12942231	42	RESP=1
12954039	42	STIM=b
12958585	42	RESP=1
12972353	42	STIM=k
12977635	42	RESP=1
12989774	42	STIM=p
12993936	42	RESP=1
13005173	42	STIM=x
13010411	42	RESP=1
13022908	42	STIM=a
13028147	42	RESP=1
13040134	42	STIM=a
13044351	42	RESP=1
13055545	42	STIM=1
13060779	42	RESP=2
13072586	42	STIM=k
13075142	42	RESP=1
13089465	42	STIM=x
13095593	42	RESP=1
13105918	42	STIM=o
13108711	42	RESP=1
13124244	42	STIM=a
13134063	42	RESP=1
13140742	42	STIM=e
13144419	42	RESP=1
13157993	42	STIM=w
13163529	42	RESP=1
13174498	42	STIM=e
13180363	42	RESP=1
13189762	42	STIM=5
13195548	42	RESP=2
13208008	42	STIM=u
13212787	42	RESP=1
13226188	42	STIM=v
13234411	42	RESP=1
13243214	42	STIM=u
13247107	42	RESP=1
13261794	42	STIM=r
13267111	42	RESP=1
13280087	42	STIM=z
13285431	42	RESP=1
13298779	42	STIM=r
13301715	42	RESP=1
13315139	42	STIM=d
13319104	42	RESP=1
13330644	42	STIM=7
13334357	42	RESP=2
13349450	42	STIM=a
13353688	42	RESP=1
13364814	42	STIM=d
13368066	42	RESP=2
13380064	42	STIM=a
13385634	42	RESP=1
13396992	42	STIM=w
13400152	42	RESP=1
13412086	42	STIM=s
13416558	42	RESP=1
13430860	42	STIM=k
13434727	42	RESP=1
13449038	42	STIM=k
13453384	42	RESP=1
13464251	42	STIM=c
13469262	42	RESP=1
13481283	42	STIM=k
13485744	42	RESP=1
13499385	42	STIM=y
13505298	42	RESP=1
13517914	42	STIM=3
13522218	42	RESP=2
13533013	42	STIM=i
13541273	42	RESP=1
13550252	42	STIM=1
13555481	42	RESP=2
13567277	42	STIM=n
13572281	42	RESP=1
13585630	42	STIM=x
13590218	42	RESP=1
13600829	42	STIM=a
13605917	42	RESP=1
13618778	42	STIM=1
13624272	42	RESP=2
13635115	42	STIM=g
13638252	42	RESP=1
13654040	42	STIM=z
13661085	42	RESP=1
13672731	42	STIM=p
13678083	42	RESP=1
13688751	42	STIM=x
13701470	42	RESP=1
13707099	42	STIM=r
13712751	42	RESP=1
13725182	42	STIM=y
13735429	42	RESP=1
13742305	42	STIM=f
13748265	42	RESP=1
13759624	42	STIM=q
13764392	42	RESP=1
13775354	42	STIM=b
13781871	42	RESP=1
13790855	42	STIM=m
13795747	42	RESP=1
13807689	42	STIM=v
13813622	42	RESP=1
13825708	42	STIM=0
13833308	42	RESP=2
13842749	42	STIM=y
13846320	42	RESP=1
13859854	42	STIM=9
13865240	42	RESP=2
13878777	42	STIM=a
13889812	42	RESP=1
13897359	42	STIM=l
13900717	42	RESP=1
13916014	42	STIM=6
13924310	42	RESP=2
13933544	42	STIM=3
13941160	42	RESP=2
13950738	42	STIM=6
13954242	42	RESP=2
13966347	42	STIM=5
13971907	42	RESP=2
13984683	42	STIM=e
13988645	42	RESP=1
14001530	42	STIM=c
14005396	42	RESP=2
14016553	42	STIM=y
14023034	42	RESP=1
14031730	42	STIM=m
14039778	42	RESP=1
14048483	42	STIM=r
14053439	42	RESP=1
14064035	42	STIM=a
14067435	42	RESP=1
14081343	42	STIM=c
14087458	42	RESP=1
14097647	42	STIM=p
14101569	42	RESP=1
14114117	42	STIM=j
14120832	42	RESP=1
14130199	42	STIM=n
14136574	42	RESP=1
14147784	42	STIM=j
14151248	42	RESP=1
14165101	42	STIM=m
14169911	42	RESP=1
14182995	42	STIM=w
14187436	42	RESP=1
14200373	42	STIM=9
14207712	42	RESP=2
14215525	42	STIM=e
14218610	42	RESP=1
14233424	42	STIM=h
14240489	42	RESP=1
14249476	42	STIM=s
14253511	42	RESP=1
14264713	42	STIM=m
14269495	42	RESP=1
14282046	42	STIM=0
14286582	42	RESP=2
14299675	42	STIM=k
14305052	42	RESP=1
14317637	42	STIM=s
14320651	42	RESP=1
14335864	42	STIM=i
14340974	42	RESP=1
14352072	42	STIM=w
14358049	42	RESP=1
14367427	42	STIM=4
14372271	42	RESP=2
14382609	42	STIM=k
14385543	42	RESP=1
14400013	42	STIM=6
14404593	42	RESP=2
14416709	42	STIM=b
14420263	42	RESP=1
14434866	42	STIM=9
14442625	42	RESP=2
14453190	42	STIM=u
14457046	42	RESP=1
14471880	42	STIM=k
14475741	42	RESP=1
14490406	42	STIM=w
14495497	42	RESP=1
14507144	42	STIM=e
14519054	42	RESP=1
14524135	42	STIM=o
14531001	42	RESP=1
14542320	42	STIM=x
14546072	42	RESP=1
14559136	42	STIM=z
14563492	42	RESP=1
14576015	42	STIM=8
14581345	42	RESP=2
14593752	42	STIM=e
14596299	42	RESP=1
14610989	42	STIM=r
14616069	42	RESP=1
14629163	42	STIM=j
14633483	42	RESP=1
14646289	42	STIM=6
14651922	42	RESP=2
14661830	42	STIM=t
14665816	42	RESP=1
14679853	42	STIM=6
14687180	42	RESP=2
14698525	42	STIM=0
14703376	42	RESP=2
14714663	42	STIM=3
14720342	42	RESP=2
14731679	42	STIM=j
14737978	42	RESP=1
14750211	42	STIM=v
14756008	42	RESP=1
14766260	42	STIM=s
14770367	42	RESP=1
14784886	42	STIM=z
14790004	42	RESP=1
14802995	42	STIM=n
14806869	42	RESP=1
14821838	42	STIM=6
14827679	42	RESP=2
14840174	42	STIM=c
14846688	42	RESP=1
14855451	42	STIM=r
14862477	42	RESP=1
14870488	42	STIM=i
14877957	42	RESP=1
14886742	42	STIM=c
14899464	42	RESP=1
14902986	42	STIM=a
14910369	42	RESP=1
14918456	42	STIM=d
14924952	42	RESP=1
14935991	42	STIM=w
14944145	42	RESP=1
14952639	42	STIM=h
14957341	42	RESP=1
14970486	42	STIM=u
14979136	42	RESP=1
14985927	42	STIM=p
14989834	42	RESP=1
15004653	42	STIM=g
15008943	42	RESP=1
15021547	42	STIM=u
15025942	42	RESP=1
15039420	42	STIM=1
15045688	42	RESP=2
15055185	42	STIM=r
15058673	42	RESP=1
15072520	42	STIM=a
15075290	42	RESP=1
15088448	42	STIM=2
15093356	42	RESP=2
15104132	42	STIM=c
15107109	42	RESP=1
15119184	42	STIM=b
15126297	42	RESP=1
15136930	42	STIM=r
15140724	42	RESP=1
15152967	42	STIM=u
15156770	42	RESP=1
15170019	42	STIM=n
15173799	42	RESP=1
15186912	42	STIM=d
15190894	42	RESP=1
15204233	42	STIM=d
15207166	42	RESP=1
15219809	42	STIM=9
15224495	42	RESP=2
15236403	42	STIM=m
15240396	42	RESP=1
15251610	42	STIM=i
15255628	42	RESP=1
15269178	42	STIM=q
15273166	42	RESP=1
15284992	42	STIM=c
15288220	42	RESP=1
15300386	42	STIM=d
15305557	42	RESP=1
15315850	42	STIM=e
15319232	42	RESP=1
15332117	42	STIM=8
15336360	42	RESP=1
15348036	42	STIM=c
15353574	42	RESP=1
15365484	42	STIM=o
15373133	42	RESP=1
15380657	42	STIM=o
15383547	42	RESP=1
15399451	42	STIM=h
15406833	42	RESP=1
15417380	42	STIM=7
15421599	42	RESP=2
15433135	42	STIM=5
15439587	42	RESP=2
15448164	42	STIM=v
15453760	42	RESP=2
15463236	42	STIM=8
15471528	42	RESP=1
15480556	42	STIM=n
15483543	42	RESP=1
15497263	42	STIM=b
15500451	42	RESP=1
15514695	42	STIM=z
15521953	42	RESP=1
15533263	42	STIM=l
15539452	42	RESP=2
15549958	42	STIM=p
15556939	42	RESP=1
15567486	42	STIM=9
15572785	42	RESP=2
15585180	42	STIM=c
15589760	42	RESP=1
15600955	42	STIM=2
15605284	42	RESP=1
15616937	42	STIM=0
15622177	42	RESP=2
15635428	42	STIM=n
15640890	42	RESP=1
15653369	42	STIM=p
15656889	42	RESP=1
15670380	42	STIM=1
15675846	42	RESP=2
15686887	42	STIM=9
15694749	42	RESP=2
15704648	42	STIM=c
15708539	42	RESP=1
15721001	42	STIM=7
15725960	42	RESP=2
15739198	42	STIM=h
15742466	42	RESP=1
15756655	42	STIM=s
15761990	42	RESP=1
15772035	42	STIM=y
15775040	42	RESP=1
15790121	42	STIM=l
15795180	42	RESP=1
15805581	42	STIM=r
15814841	42	RESP=1
15822117	42	STIM=5
15828333	42	RESP=1
15838804	42	STIM=c
15844602	42	RESP=1
15854399	42	STIM=p
15859935	42	RESP=1
15872127	42	STIM=5
15877880	42	RESP=2
15889644	42	STIM=p
15900104	42	RESP=1
15907378	42	STIM=i
15914485	42	RESP=1
15926241	42	STIM=q
15931258	42	RESP=1
15944330	42	STIM=1
15951545	42	RESP=2
15961687	42	STIM=g
15968024	42	RESP=1
15978984	42	STIM=s
15985779	42	RESP=1
15996034	42	STIM=z
15998499	42	RESP=1
16011938	42	STIM=i
16016626	42	RESP=1
16030116	42	STIM=j
16033761	42	RESP=1
16048697	42	STIM=9
16057467	42	RESP=2
16066622	42	STIM=a
16070728	42	RESP=1
16083585	42	STIM=d
16090380	42	RESP=1
16100135	42	STIM=p
16111295	42	RESP=1
16116720	42	STIM=a
16123606	42	RESP=1
16132404	42	STIM=f
16136628	42	RESP=1
16151005	42	STIM=t
16155525	42	RESP=1
16169167	42	STIM=w
16176544	42	RESP=1
16187232	42	STIM=g
16192017	42	RESP=1
16205961	42	STIM=y
16209380	42	RESP=1
16224923	42	STIM=e
16231518	42	RESP=1
16239964	42	STIM=a
16249840	42	RESP=1
16255144	42	STIM=i
16258825	42	RESP=1
16271262	42	STIM=v
16275956	42	RESP=1
16288395	42	STIM=n
16295190	42	RESP=1
16307205	42	STIM=j
16311493	42	RESP=1
16324133	42	STIM=u
16329600	42	RESP=1
16340110	42	STIM=d
16345007	42	RESP=1
16356562	42	STIM=6
16360507	42	RESP=2
16373379	42	STIM=b
16376716	42	RESP=1
16389512	42	STIM=r
16394256	42	RESP=1
16405999	42	STIM=n
16410677	42	RESP=1
16423018	42	STIM=z
16427552	42	RESP=2
16440870	42	STIM=q
16445279	42	RESP=1
16458477	42	STIM=2
16463823	42	RESP=2
16475312	42	STIM=o
16478995	42	RESP=2
16492030	42	STIM=l
16497129	42	RESP=1
16508776	42	STIM=h
16511998	42	RESP=1
16524958	42	STIM=y
16529201	42	RESP=1
16543080	42	STIM=c
16545822	42	RESP=1
16561571	42	STIM=6
16566281	42	RESP=2
16576935	42	STIM=v
16582383	42	RESP=1
16595262	42	STIM=v
16598882	42	RESP=1
16610886	42	STIM=q
16615621	42	RESP=1
16629266	42	STIM=m
16633934	42	RESP=1
16646712	42	STIM=s
16651542	42	RESP=1
16663508	42	STIM=k
16667039	42	RESP=1
16678873	42	STIM=o
16682179	42	RESP=1
16695171	42	STIM=g
16702300	42	RESP=1
16710261	42	STIM=y
16714530	42	RESP=1
16725661	42	STIM=3
16729100	42	RESP=2
16741166	42	STIM=w
16745664	42	RESP=1
16757253	42	STIM=h
16762559	42	RESP=2
16773531	42	STIM=b
16776254	42	RESP=1
16791431	42	STIM=a
16794017	42	RESP=1
16808419	42	STIM=f
16813200	42	RESP=2
16824300	42	STIM=e
16829539	42	RESP=1
16841326	42	STIM=h
16845763	42	RESP=1
16860311	42	STIM=m
16863406	42	RESP=1
16878617	42	STIM=f
16882333	42	RESP=1
16895870	42	STIM=9
16899600	42	RESP=2
16912338	42	STIM=q
16923513	42	RESP=1
16927421	42	STIM=0
16933418	42	RESP=2
16944039	42	STIM=5
16948922	42	RESP=2
16962318	42	STIM=z
16966331	42	RESP=1
16979071	42	STIM=f
16982734	42	RESP=1
16997437	42	STIM=e
17002169	42	RESP=1
17013283	42	STIM=i
17019583	42	RESP=1
17030474	42	STIM=n
17036153	42	RESP=1
17048313	42	STIM=t
17058384	42	RESP=1
17066287	42	STIM=j
17071659	42	RESP=1
17082411	42	STIM=1
17086853	42	RESP=2
17098775	42	STIM=o
17102802	42	RESP=1
17114825	42	STIM=y
17117942	42	RESP=1
17133465	42	STIM=c
17141234	42	RESP=1
17150825	42	STIM=y
17156583	42	RESP=1
17167443	42	STIM=9
17174460	42	RESP=2
17186261	42	STIM=f
17189859	42	RESP=1
17203515	42	STIM=f
17206910	42	RESP=1
17221573	42	STIM=f
17227752	42	RESP=1
17239434	42	STIM=f
17243183	42	RESP=1
17257861	42	STIM=h
17261952	42	RESP=1
17276546	42	STIM=c
17279486	42	RESP=1
17291684	42	STIM=v
17297543	42	RESP=1
17307691	42	STIM=e
17310573	42	RESP=1
17325564	42	STIM=1
17330474	42	RESP=2
17344242	42	STIM=s
17347778	42	RESP=1
17361838	42	STIM=9
17367449	42	RESP=2
17378640	42	STIM=n
17382638	42	RESP=1
17395737	42	STIM=i
17400535	42	RESP=1
17413446	42	STIM=4
17419868	42	RESP=2
17429054	42	STIM=x
17435329	42	RESP=1
17446768	42	STIM=4
17451803	42	RESP=2
17464890	42	STIM=i
17471330	42	RESP=1
17482658	42	STIM=g
17486550	42	RESP=1
17501256	42	STIM=f
17512273	42	RESP=1
17518895	42	STIM=g
17524308	42	RESP=1
17534535	42	STIM=4
17544010	42	RESP=1
17551248	42	STIM=d
17554348	42	RESP=1
17568396	42	STIM=a
17572948	42	RESP=1
17583522	42	STIM=4
17590335	42	RESP=2
17600004	42	STIM=j
17604594	42	RESP=1
17618746	42	STIM=k
17625001	42	RESP=1
17636846	42	STIM=w
17639703	42	RESP=1
17653407	42	STIM=j
17657533	42	RESP=1
17669205	42	STIM=p
17672755	42	RESP=1
17686844	42	STIM=h
17691358	42	RESP=1
17702882	42	STIM=m
17708559	42	RESP=1
17720723	42	STIM=r
17728459	42	RESP=1
17739052	42	STIM=z
17744047	42	RESP=1
17754599	42	STIM=3
17763584	42	RESP=1
17771218	42	STIM=e
17775377	42	RESP=1
17789002	42	STIM=g
17793476	42	RESP=1
17807407	42	STIM=s
17815659	42	RESP=1
17826119	42	STIM=q
17834935	42	RESP=1
17842140	42	STIM=u
17849808	42	RESP=1
17857742	42	STIM=q
17863176	42	RESP=1
17873960	42	STIM=w
17882452	42	RESP=1
17892854	42	STIM=3
17900519	42	RESP=2
17908338	42	STIM=x
17911894	42	RESP=1
17926054	42	STIM=m
17932294	42	RESP=1
17941352	42	STIM=l
17947588	42	RESP=1
17960252	42	STIM=h
17964178	42	RESP=1
17976561	42	STIM=s
17987182	42	RESP=1
17993353	42	STIM=z
17996642	42	RESP=1
18010551	42	STIM=v
18016828	42	RESP=1
18027948	42	STIM=q
18036283	42	RESP=1
18045800	42	STIM=o
18049331	42	RESP=1
18063346	42	STIM=5
18072429	42	RESP=2
18082169	42	STIM=g
18085571	42	RESP=1
18098406	42	STIM=5
18103991	42	RESP=2
18117394	42	STIM=5
18123030	42	RESP=2
18132950	42	STIM=0
18138483	42	RESP=2
18150795	42	STIM=e
18156512	42	RESP=1
18166496	42	STIM=c
18170131	42	RESP=1
18183468	42	STIM=5
18191555	42	RESP=2
18200555	42	STIM=o
18206651	42	RESP=1
18217142	42	STIM=q
18219898	42	RESP=1
18235034	42	STIM=x
18239090	42	RESP=1
18253660	42	STIM=t
18259277	42	RESP=1
18271807	42	STIM=h
18276171	42	RESP=1
18288030	42	STIM=r
18293080	42	RESP=1
18305796	42	STIM=j
18308206	42	RESP=1
18322156	42	STIM=v
18328201	42	RESP=1
18339773	42	STIM=b
18343328	42	RESP=2
18357347	42	STIM=8
18362244	42	RESP=2
18374779	42	STIM=x
18379315	42	RESP=1
18390092	42	STIM=q
18394648	42	RESP=1
18405758	42	STIM=j
18411852	42	RESP=1
18422122	42	STIM=b
18425743	42	RESP=1
18439688	42	STIM=5
18446073	42	RESP=2
18458096	42	STIM=b
18465278	42	RESP=1
18474132	42	STIM=j
18478641	42	RESP=1
18491573	42	STIM=s
18496857	42	RESP=1
18506879	42	STIM=p
18510387	42	RESP=1
18524668	42	STIM=6
18530596	42	RESP=2
18540919	42	STIM=m
18550698	42	RESP=1
18557195	42	STIM=m
18560144	42	RESP=2
18575256	42	STIM=7
18580108	42	RESP=2
18593336	42	STIM=g
18599936	42	RESP=1
18609816	42	STIM=8
18618602	42	RESP=2
18626167	42	STIM=1
18632300	42	RESP=2
18643217	42	STIM=z
18647914	42	RESP=1
18658543	42	STIM=t
18664589	42	RESP=1
18673583	42	STIM=l
18677445	42	RESP=1
18690726	42	STIM=k
18695381	42	RESP=1
18708390	42	STIM=c
18713449	42	RESP=1
18727079	42	STIM=o
18731202	42	RESP=1
18744269	42	STIM=v
18750314	42	RESP=1
18760547	42	STIM=x
18764278	42	RESP=1
18777334	42	STIM=f
18781877	42	RESP=1
18793743	42	STIM=w
18798917	42	RESP=1
18810968	42	STIM=2
18818672	42	RESP=2
18827107	42	STIM=z
18830329	42	RESP=1
18844287	42	STIM=5
18848535	42	RESP=2
18862652	42	STIM=h
18868555	42	RESP=1
18878482	42	STIM=v
18883259	42	RESP=1
18895260	42	STIM=7
18899561	42	RESP=2
18913051	42	STIM=q
18916606	42	RESP=1
18928817	42	STIM=j
18931741	42	RESP=1
18947694	42	STIM=d
18951634	42	RESP=1
18965883	42	STIM=o
18971099	42	RESP=2
18981520	42	STIM=m
18984621	42	RESP=1
18999638	42	STIM=d
19008256	42	RESP=1
19017793	42	STIM=x
19025285	42	RESP=1
19035437	42	STIM=k
19041834	42	RESP=1
19052500	42	STIM=8
19056853	42	RESP=2
19069346	42	STIM=l
19078348	42	RESP=1
19085593	42	STIM=f
19088194	42	RESP=1
19101169	42	STIM=p
19109186	42	RESP=1
19117419	42	STIM=8
19122851	42	RESP=2
19136128	42	STIM=a
19139919	42	RESP=2
19152102	42	STIM=j
19155515	42	RESP=1
19170354	42	STIM=3
19178565	42	RESP=2
19188992	42	STIM=g
19192774	42	RESP=1
19205838	42	STIM=z
19208774	42	RESP=1
19221699	42	STIM=m
19227204	42	RESP=1
19239141	42	STIM=6
19244082	42	RESP=2
19256118	42	STIM=l
19260318	42	RESP=1
19274498	42	STIM=z
19282723	42	RESP=1
19289649	42	STIM=f
19293222	42	RESP=1
19306391	42	STIM=s
19308964	42	RESP=1
19321413	42	STIM=l
19329744	42	RESP=1
19336964	42	STIM=g
19346545	42	RESP=1
19353690	42	STIM=r
19356597	42	RESP=1
19370897	42	STIM=h
19374052	42	RESP=1
19387979	42	STIM=2
19391330	42	RESP=1
19404209	42	STIM=t
19410787	42	RESP=1
19419408	42	STIM=b
19426669	42	RESP=1
19434527	42	STIM=l
19438164	42	RESP=1
19449739	42	STIM=c
19454612	42	RESP=1
19468324	42	STIM=l
19471743	42	RESP=1
19484723	42	STIM=g
19490208	42	RESP=1
19500259	42	STIM=a
19506289	42	RESP=1
19516033	42	STIM=p
19521563	42	RESP=1
19533043	42	STIM=v
19538552	42	RESP=1
19548210	42	STIM=b
19555854	42	RESP=1
19564831	42	STIM=h
19570174	42	RESP=1
19582869	42	STIM=5
19586963	42	RESP=2
19601699	42	STIM=q
19606250	42	RESP=1
19617917	42	STIM=v
19622523	42	RESP=1
19635763	42	STIM=p
19639779	42	RESP=1
19653054	42	STIM=f
19657390	42	RESP=1
19671393	42	STIM=t
19677163	42	RESP=1
19690140	42	STIM=u
19695518	42	RESP=1
19708744	42	STIM=d
19714064	42	RESP=1
19726234	42	STIM=k
19730452	42	RESP=1
19741544	42	STIM=m
19745488	42	RESP=1
19757812	42	STIM=c
19765648	42	RESP=1
19775846	42	STIM=r
19780182	42	RESP=1
19790971	42	STIM=c
19793663	42	RESP=1
19808820	42	STIM=w
19814305	42	RESP=1
19824485	42	STIM=r
19828987	42	RESP=1
19843139	42	STIM=h
19849711	42	RESP=1
19860090	42	STIM=i
19866136	42	RESP=1
19878568	42	STIM=h
19884759	42	RESP=1
19897180	42	STIM=n
19901779	42	RESP=1
19915227	42	STIM=0
19922299	42	RESP=2
19933653	42	STIM=l
19938585	42	RESP=1
19952144	42	STIM=2
19956941	42	RESP=2
19969306	42	STIM=6
19976642	42	RESP=2
19987122	42	STIM=n
19990289	42	RESP=1
20005708	42	STIM=i
20008581	42	RESP=1
20024188	42	STIM=k
20030667	42	RESP=1
20041145	42	STIM=e
20050433	42	RESP=1
20059675	42	STIM=6
20066698	42	RESP=2
20078629	42	STIM=s
20083182	42	RESP=1
20096830	42	STIM=c
20101317	42	RESP=1
20113244	42	STIM=5
20120112	42	RESP=2
20129835	42	STIM=0
20134406	42	RESP=2
20147123	42	STIM=3
20151642	42	RESP=2
20163228	42	STIM=o
20166407	42	RESP=1
20179560	42	STIM=x
20182971	42	RESP=1
20196721	42	STIM=2
20204786	42	RESP=2
20212434	42	STIM=3
20221838	42	RESP=2
20228193	42	STIM=a
20233767	42	RESP=2
20246638	42	STIM=b
20251236	42	RESP=1
20262938	42	STIM=u
20266851	42	RESP=1
20279835	42	STIM=a
20283589	42	RESP=1
20295518	42	STIM=i
20300019	42	RESP=2
20312723	42	STIM=c
20319819	42	RESP=1
20330837	42	STIM=h
20334780	42	RESP=1
20348388	42	STIM=y
20355769	42	RESP=1
20367175	42	STIM=f
20373042	42	RESP=1
20385340	42	STIM=s
20389784	42	RESP=1
20403535	42	STIM=i
20408405	42	RESP=1
20421232	42	STIM=v
20424777	42	RESP=1
20436445	42	STIM=z
20443613	42	RESP=1
20454008	42	STIM=i
20458680	42	RESP=1
20471630	42	STIM=8
20476990	42	RESP=2
20487881	42	STIM=r
20491149	42	RESP=1
20504208	42	STIM=q
20509610	42	RESP=2
20521551	42	STIM=o
20529654	42	RESP=1
20539295	42	STIM=1
20542876	42	RESP=2
20555971	42	STIM=i
20561831	42	RESP=1
20574906	42	STIM=x
20578015	42	RESP=1
20592243	42	STIM=e
20596062	42	RESP=1
20609047	42	STIM=e
20613307	42	RESP=1
20625885	42	STIM=4
20630505	42	RESP=2
20642798	42	STIM=r
20647883	42	RESP=1
20661036	42	STIM=y
20664467	42	RESP=1
20678277	42	STIM=z
20684583	42	RESP=1
20696440	42	STIM=o
20701388	42	RESP=1
20712453	42	STIM=p
20716345	42	RESP=1
20730548	42	STIM=v
20735681	42	RESP=1
20747830	42	STIM=i
20754108	42	RESP=1
20764824	42	STIM=u
20769322	42	RESP=1
20782831	42	STIM=e
20788073	42	RESP=1
20801305	42	STIM=r
20804924	42	RESP=1
20817211	42	STIM=a
20822421	42	RESP=1
20832610	42	STIM=r
20837649	42	RESP=1
20848936	42	STIM=c
20852503	42	RESP=1
20867060	42	STIM=a
20870476	42	RESP=1
20882620	42	STIM=w
20886570	42	RESP=1
20899564	42	STIM=g
20903753	42	RESP=1
20916090	42	STIM=4
20923700	42	RESP=2
20934850	42	STIM=k
20939199	42	RESP=1
20952003	42	STIM=i
20956659	42	RESP=1
20967368	42	STIM=q
20976331	42	RESP=1
20985654	42	STIM=h
20992281	42	RESP=1
21003950	42	STIM=b
21011227	42	RESP=1
21019064	42	STIM=i
21027771	42	RESP=1
21035911	42	STIM=o
21040170	42	RESP=1
21051768	42	STIM=3
21060886	42	RESP=2
21069761	42	STIM=2
21078236	42	RESP=2
21087375	42	STIM=w
21092131	42	RESP=1
21102796	42	STIM=y
21107360	42	RESP=1
21119308	42	STIM=3
21124071	42	RESP=2
21135404	42	STIM=x
21142891	42	RESP=1
21151513	42	STIM=p
21156355	42	RESP=1
21168699	42	STIM=l
21171010	42	RESP=1
21184005	42	STIM=n
21187125	42	RESP=2
21199016	42	STIM=i
21206645	42	RESP=1
21216781	42	STIM=f
21222219	42	RESP=1
21234080	42	STIM=c
21238809	42	RESP=1
21252671	42	STIM=y
21256177	42	RESP=1
21269739	42	STIM=1
21276164	42	RESP=2
21284817	42	STIM=y
21289858	42	RESP=1
21303693	42	STIM=w
21307123	42	RESP=1
21322192	42	STIM=m
21326013	42	RESP=1
21340852	42	STIM=k
21345662	42	RESP=1
21356113	42	STIM=l
21361770	42	RESP=1
21371249	42	STIM=z
21377168	42	RESP=1
21389145	42	STIM=7
21394558	42	RESP=2
21405639	42	STIM=9
21409597	42	RESP=2
21423198	42	STIM=d
21426800	42	RESP=1
21438752	42	STIM=b
21442503	42	RESP=2
21456420	42	STIM=e
21459797	42	RESP=1
21475191	42	STIM=a
21480978	42	RESP=1
21491044	42	STIM=j
21496968	42	RESP=1
21508872	42	STIM=z
21514938	42	RESP=1
21526457	42	STIM=d
21529426	42	RESP=1
21545399	42	STIM=w
21553357	42	RESP=1
21563760	42	STIM=b
21568779	42	RESP=1
21579352	42	STIM=d
21583411	42	RESP=1
21597976	42	STIM=0
21603233	42	RESP=2
21616812	42	STIM=e
21623231	42	RESP=1
21633928	42	STIM=2
21638201	42	RESP=2
21652573	42	STIM=i
21663187	42	RESP=1
21669084	42	STIM=1
21674478	42	RESP=2
21686302	42	STIM=7
21691331	42	RESP=2
21703821	42	STIM=j
21711196	42	RESP=1
21721589	42	STIM=g
21728310	42	RESP=1
21738364	42	STIM=y
21747257	42	RESP=1
21756973	42	STIM=n
21760036	42	RESP=1
21775091	42	STIM=1
21780262	42	RESP=2
21792670	42	STIM=t
21796921	42	RESP=1
21807973	42	STIM=w
21814041	42	RESP=1
21824598	42	STIM=s
21830259	42	RESP=1
