# Original filename: 0014_EGU_2017-08-23.log
# Time unit: 100 us
# RARECAT=digit
#
# Time	HHGG	Event
38084	42	STIM=1
41796	42	RESP=2
56519	42	STIM=j
60416	42	RESP=1
72321	42	STIM=f
76711	42	RESP=1
87768	42	STIM=q
92247	42	RESP=1
105667	42	STIM=w
109823	42	RESP=1
123247	42	STIM=p
127538	42	RESP=1
141225	42	STIM=w
145132	42	RESP=1
157274	42	STIM=k
162126	42	RESP=1
173258	42	STIM=t
178088	42	RESP=1
190596	42	STIM=s
196561	42	RESP=1
207113	42	STIM=r
214400	42	RESP=1
224757	42	STIM=1
229575	42	RESP=2
243145	42	STIM=c
247004	42	RESP=1
258448	42	STIM=d
265901	42	RESP=1
275593	42	STIM=3
280044	42	RESP=2
292894	42	STIM=t
296295	42	RESP=1
309974	42	STIM=s
313421	42	RESP=1
327780	42	STIM=f
333564	42	RESP=1
344667	42	STIM=e
349691	42	RESP=1
363661	42	STIM=o
366836	42	RESP=2
380549	42	STIM=k
384395	42	RESP=1
398491	42	STIM=e
402573	42	RESP=1
415702	42	STIM=w
419011	42	RESP=1
434544	42	STIM=s
441291	42	RESP=2
452310	42	STIM=u
456213	42	RESP=2
469576	42	STIM=g
473139	42	RESP=1
485497	42	STIM=j
488402	42	RESP=1
501198	42	STIM=y
506199	42	RESP=1
519447	42	STIM=m
524140	42	RESP=1
536150	42	STIM=l
540502	42	RESP=1
551404	42	STIM=g
556562	42	RESP=1
568954	42	STIM=f
572465	42	RESP=1
587332	42	STIM=v
591763	42	RESP=1
603407	42	STIM=e
607633	42	RESP=1
618617	42	STIM=r
623091	42	RESP=1
634444	42	STIM=m
639306	42	RESP=1
652782	42	STIM=f
658725	42	RESP=1
668044	42	STIM=5
671977	42	RESP=2
683515	42	STIM=l
686470	42	RESP=1
698761	42	STIM=f
703156	42	RESP=1
715929	42	STIM=7
720484	42	RESP=2
734614	42	STIM=i
739658	42	RESP=1
749970	42	STIM=h
753555	42	RESP=1
765583	42	STIM=g
771029	42	RESP=1
784158	42	STIM=m
790672	42	RESP=1
802006	42	STIM=6
806038	42	RESP=2
818805	42	STIM=8
823348	42	RESP=2
833860	42	STIM=x
840143	42	RESP=1
849153	42	STIM=d
853743	42	RESP=1
865870	42	STIM=i
869729	42	RESP=2
883309	42	STIM=k
887763	42	RESP=1
901357	42	STIM=x
906531	42	RESP=1
917372	42	STIM=h
920224	42	RESP=1
932487	42	STIM=8
937989	42	RESP=2
948126	42	STIM=4
952422	42	RESP=2
964508	42	STIM=d
968705	42	RESP=1
983385	42	STIM=g
986496	42	RESP=2
999149	42	STIM=w
1004031	42	RESP=1
1016751	42	STIM=2
1020195	42	RESP=2
1032613	42	STIM=v
1035031	42	RESP=1
1050432	42	STIM=b
1055510	42	RESP=1
1066897	42	STIM=w
1070782	42	RESP=1
1084137	42	STIM=g
1089843	42	RESP=1
1099605	42	STIM=2
1106483	42	RESP=2
1116268	42	STIM=w
1119794	42	RESP=1
1134494	42	STIM=z
1143067	42	RESP=1
1150655	42	STIM=w
1154499	42	RESP=1
1168812	42	STIM=v
1174943	42	RESP=1
1186046	42	STIM=f
1195378	42	RESP=1
1202705	42	STIM=q
1209056	42	RESP=1
1220712	42	STIM=z
1229230	42	RESP=1
1236360	42	STIM=q
1240832	42	RESP=1
1252182	42	STIM=1
1255316	42	RESP=2
1270904	42	STIM=b
1274237	42	RESP=1
1286000	42	STIM=z
1293313	42	RESP=1
1303539	42	STIM=6
1313812	42	RESP=2
1321910	42	STIM=z
1326049	42	RESP=1
1338977	42	STIM=x
1345543	42	RESP=1
1356048	42	STIM=b
1361510	42	RESP=1
1374045	42	STIM=7
1381804	42	RESP=2
1390419	42	STIM=o
1394952	42	RESP=1
1406535	42	STIM=5
1412503	42	RESP=2
1425019	42	STIM=f
1427815	42	RESP=1
1442803	42	STIM=e
1448085	42	RESP=1
1458665	42	STIM=h
1463282	42	RESP=1
1475740	42	STIM=r
1479425	42	RESP=1
1490879	42	STIM=z
1497060	42	RESP=2
1507281	42	STIM=b
1510714	42	RESP=1
1522294	42	STIM=2
1526145	42	RESP=2
1538761	42	STIM=l
1542669	42	RESP=1
1555701	42	STIM=x
1561126	42	RESP=1
1570911	42	STIM=t
1574628	42	RESP=1
1586277	42	STIM=e
1591244	42	RESP=1
1603928	42	STIM=l
1606956	42	RESP=1
1619410	42	STIM=l
1621892	42	RESP=1
1637449	42	STIM=m
1640829	42	RESP=1
1654071	42	STIM=m
1659832	42	RESP=1
1672652	42	STIM=2
1677439	42	RESP=2
1690656	42	STIM=4
1694512	42	RESP=2
1705720	42	STIM=7
1712100	42	RESP=2
1724622	42	STIM=j
1730742	42	RESP=1
1741548	42	STIM=p
1745287	42	RESP=1
1757866	42	STIM=s
1764220	42	RESP=1
1776505	42	STIM=c
1782250	42	RESP=1
1794252	42	STIM=f
1797951	42	RESP=1
1811230	42	STIM=b
1817369	42	RESP=1
1828344	42	STIM=v
1833062	42	RESP=1
1846311	42	STIM=2
1855098	42	RESP=2
1864831	42	STIM=1
1868020	42	RESP=2
1880890	42	STIM=d
1886346	42	RESP=1
1897109	42	STIM=w
1900888	42	RESP=1
1914102	42	STIM=o
1920673	42	RESP=1
1930714	42	STIM=c
1936078	42	RESP=1
1947774	42	STIM=v
1952348	42	RESP=1
1962978	42	STIM=p
1970963	42	RESP=1
1978474	42	STIM=o
1984243	42	RESP=1
1996747	42	STIM=7
2001062	42	RESP=2
2013344	42	STIM=i
2018560	42	RESP=1
2029849	42	STIM=h
2033908	42	RESP=1
2046110	42	STIM=k
2052762	42	RESP=1
2061973	42	STIM=p
2067652	42	RESP=1
2080622	42	STIM=y
2087769	42	RESP=1
2099271	42	STIM=l
2102450	42	RESP=1
2117031	42	STIM=p
2119900	42	RESP=1
2133150	42	STIM=r
2142936	42	RESP=1
2151910	42	STIM=v
2156771	42	RESP=1
2168633	42	STIM=s
2175662	42	RESP=1
2183906	42	STIM=2
2191068	42	RESP=2
2199962	42	STIM=b
2205870	42	RESP=1
2215901	42	STIM=j
2219146	42	RESP=1
2233077	42	STIM=d
2236880	42	RESP=1
2251045	42	STIM=b
2257663	42	RESP=1
2268630	42	STIM=d
2272607	42	RESP=1
2283935	42	STIM=c
2288591	42	RESP=1
2302464	42	STIM=t
2305838	42	RESP=1
2320120	42	STIM=9
2325474	42	RESP=2
2336728	42	STIM=3
2341896	42	RESP=2
2354896	42	STIM=v
2360706	42	RESP=1
2373291	42	STIM=l
2377581	42	RESP=1
2388875	42	STIM=c
2392406	42	RESP=1
2405793	42	STIM=y
2409810	42	RESP=1
2424387	42	STIM=o
2430386	42	RESP=1
2443277	42	STIM=j
2449257	42	RESP=1
2461231	42	STIM=x
2466516	42	RESP=1
2476331	42	STIM=9
2481685	42	RESP=2
2492724	42	STIM=7
2499700	42	RESP=2
2508588	42	STIM=l
2513299	42	RESP=1
2524017	42	STIM=q
2528175	42	RESP=1
2541811	42	STIM=7
2547037	42	RESP=2
2557368	42	STIM=y
2560522	42	RESP=1
2572967	42	STIM=i
2577523	42	RESP=1
2589086	42	STIM=r
2593258	42	RESP=1
2604951	42	STIM=l
2609122	42	RESP=1
2620402	42	STIM=1
2625572	42	RESP=2
2638416	42	STIM=e
2645347	42	RESP=1
2655203	42	STIM=p
2663384	42	RESP=1
2670359	42	STIM=a
2673816	42	RESP=1
2686419	42	STIM=9
2692627	42	RESP=2
2703573	42	STIM=f
2708796	42	RESP=1
2722119	42	STIM=r
2725217	42	RESP=2
2740845	42	STIM=i
2744019	42	RESP=1
2759468	42	STIM=1
2764056	42	RESP=2
2775798	42	STIM=v
2784902	42	RESP=1
2791869	42	STIM=z
2795122	42	RESP=1
2809150	42	STIM=b
2815412	42	RESP=1
2824546	42	STIM=q
2829108	42	RESP=1
2842981	42	STIM=s
2847998	42	RESP=1
2860558	42	STIM=f
2865144	42	RESP=2
2876812	42	STIM=h
2880976	42	RESP=1
2894361	42	STIM=7
2897554	42	RESP=2
2911298	42	STIM=t
2916922	42	RESP=2
2929246	42	STIM=d
2931914	42	RESP=1
2947641	42	STIM=g
2950481	42	RESP=1
2963151	42	STIM=s
2967283	42	RESP=1
2978584	42	STIM=6
2982820	42	RESP=2
2997157	42	STIM=2
3003583	42	RESP=2
3013336	42	STIM=8
3023286	42	RESP=2
3028623	42	STIM=a
3033708	42	RESP=1
3045863	42	STIM=y
3049316	42	RESP=1
3063657	42	STIM=0
3067111	42	RESP=2
3081275	42	STIM=b
3086746	42	RESP=1
3098537	42	STIM=3
3104071	42	RESP=2
3117248	42	STIM=d
3122278	42	RESP=1
3133292	42	STIM=d
3136233	42	RESP=1
3149238	42	STIM=e
3152813	42	RESP=1
3167880	42	STIM=s
3171518	42	RESP=1
3185623	42	STIM=i
3188624	42	RESP=1
3202992	42	STIM=v
3206925	42	RESP=1
3221583	42	STIM=3
3228231	42	RESP=1
3238687	42	STIM=a
3246678	42	RESP=1
3256479	42	STIM=f
3260435	42	RESP=1
3274372	42	STIM=4
3278913	42	RESP=2
3292791	42	STIM=a
3298182	42	RESP=2
3309764	42	STIM=p
3313396	42	RESP=1
3328205	42	STIM=k
3331159	42	RESP=1
3345191	42	STIM=s
3348560	42	RESP=1
3362753	42	STIM=u
3368664	42	RESP=1
3381710	42	STIM=i
3385134	42	RESP=1
3400655	42	STIM=f
3406168	42	RESP=1
3416953	42	STIM=3
3420209	42	RESP=2
3435073	42	STIM=4
3440622	42	RESP=2
3452095	42	STIM=s
3457253	42	RESP=1
3469017	42	STIM=o
3472608	42	RESP=1
3486559	42	STIM=7
3491615	42	RESP=1
3503787	42	STIM=w
3510184	42	RESP=1
3519037	42	STIM=e
3526021	42	RESP=1
3534287	42	STIM=v
3539255	42	RESP=2
3552915	42	STIM=x
3563172	42	RESP=1
3570524	42	STIM=v
3577859	42	RESP=1
3588988	42	STIM=u
3593771	42	RESP=1
3607906	42	STIM=3
3616785	42	RESP=2
3626521	42	STIM=u
3630911	42	RESP=1
3641768	42	STIM=r
3648942	42	RESP=1
3659559	42	STIM=h
3665228	42	RESP=1
3675846	42	STIM=g
3679846	42	RESP=1
3691104	42	STIM=l
3695930	42	RESP=2
3707740	42	STIM=w
3712548	42	RESP=1
3725677	42	STIM=m
3732829	42	RESP=1
3744197	42	STIM=q
3748512	42	RESP=1
3760881	42	STIM=i
3769368	42	RESP=1
3779207	42	STIM=s
3785602	42	RESP=1
3794940	42	STIM=d
3800034	42	RESP=1
3812866	42	STIM=f
3815737	42	RESP=1
3828235	42	STIM=j
3831086	42	RESP=1
3845083	42	STIM=r
3848797	42	RESP=1
3862395	42	STIM=o
3867225	42	RESP=1
3880942	42	STIM=r
3888561	42	RESP=1
3896615	42	STIM=l
3902862	42	RESP=1
3914934	42	STIM=t
3919102	42	RESP=1
3930087	42	STIM=y
3935276	42	RESP=1
3945693	42	STIM=w
3949559	42	RESP=1
3961167	42	STIM=y
3965352	42	RESP=1
3978196	42	STIM=k
3982180	42	RESP=1
3995203	42	STIM=z
4001554	42	RESP=1
4014117	42	STIM=5
4019619	42	RESP=2
4029623	42	STIM=o
4036373	42	RESP=1
4048261	42	STIM=j
4051129	42	RESP=1
4064537	42	STIM=w
4069493	42	RESP=1
4082206	42	STIM=7
4087338	42	RESP=2
4100139	42	STIM=n
4107905	42	RESP=1
4118430	42	STIM=z
4123548	42	RESP=1
4134893	42	STIM=y
4140746	42	RESP=1
4152475	42	STIM=e
4156344	42	RESP=1
4168590	42	STIM=u
4172893	42	RESP=1
4184489	42	STIM=9
4190809	42	RESP=2
4199868	42	STIM=s
4205066	42	RESP=1
4215384	42	STIM=x
4219028	42	RESP=1
4232989	42	STIM=x
4236018	42	RESP=1
4251903	42	STIM=9
4256158	42	RESP=2
4269977	42	STIM=9
4277849	42	RESP=2
4285927	42	STIM=8
4292043	42	RESP=2
4303652	42	STIM=t
4306871	42	RESP=1
4318679	42	STIM=x
4321781	42	RESP=1
4334065	42	STIM=l
4337543	42	RESP=1
4349698	42	STIM=v
4355614	42	RESP=1
4367145	42	STIM=f
4372957	42	RESP=1
4384540	42	STIM=y
4387942	42	RESP=1
4403104	42	STIM=q
4406258	42	RESP=1
4420227	42	STIM=v
4427805	42	RESP=1
4438652	42	STIM=l
4443846	42	RESP=1
4456261	42	STIM=9
4463553	42	RESP=2
4474021	42	STIM=3
4480199	42	RESP=2
4489513	42	STIM=t
4494970	42	RESP=1
4506345	42	STIM=u
4509589	42	RESP=1
4521760	42	STIM=g
4529208	42	RESP=1
4538337	42	STIM=d
4542021	42	RESP=1
4556821	42	STIM=g
4562945	42	RESP=1
4575170	42	STIM=l
4579439	42	RESP=1
4592406	42	STIM=o
4595188	42	RESP=1
4608139	42	STIM=w
4612782	42	RESP=1
4624443	42	STIM=n
4629791	42	RESP=1
4642740	42	STIM=z
4648006	42	RESP=1
4658946	42	STIM=l
4666916	42	RESP=1
4677506	42	STIM=g
4683023	42	RESP=2
4696225	42	STIM=q
4701549	42	RESP=1
4712500	42	STIM=a
4715828	42	RESP=1
4731386	42	STIM=g
4736828	42	RESP=1
4750194	42	STIM=1
4759747	42	RESP=2
4767784	42	STIM=o
4770581	42	RESP=2
4785168	42	STIM=q
4787966	42	RESP=1
4802690	42	STIM=1
4807987	42	RESP=1
4821564	42	STIM=i
4825506	42	RESP=1
4839144	42	STIM=e
4842029	42	RESP=1
4856758	42	STIM=5
4864025	42	RESP=2
4873451	42	STIM=6
4879357	42	RESP=2
4892263	42	STIM=9
4897302	42	RESP=1
4908535	42	STIM=q
4914037	42	RESP=1
4927437	42	STIM=y
4931519	42	RESP=1
4944850	42	STIM=f
4948686	42	RESP=1
4963833	42	STIM=x
4966671	42	RESP=1
4981555	42	STIM=e
4985508	42	RESP=1
4998246	42	STIM=n
5006097	42	RESP=1
5014728	42	STIM=g
5019018	42	RESP=1
5031734	42	STIM=4
5037964	42	RESP=2
5049045	42	STIM=f
5053840	42	RESP=1
5066392	42	STIM=l
5071123	42	RESP=1
5081430	42	STIM=g
5087522	42	RESP=1
5097210	42	STIM=f
5103477	42	RESP=1
5115150	42	STIM=r
5119616	42	RESP=1
5133207	42	STIM=j
5136589	42	RESP=1
5151134	42	STIM=g
5157876	42	RESP=1
5166535	42	STIM=f
5170705	42	RESP=1
5182302	42	STIM=3
5192553	42	RESP=2
5200260	42	STIM=f
5204899	42	RESP=1
5219226	42	STIM=2
5227939	42	RESP=2
5235452	42	STIM=u
5242180	42	RESP=1
5254369	42	STIM=s
5257959	42	RESP=1
5273237	42	STIM=d
5278358	42	RESP=1
5290114	42	STIM=z
5293653	42	RESP=1
5308778	42	STIM=5
5315306	42	RESP=2
5323823	42	STIM=q
5330452	42	RESP=1
5339407	42	STIM=d
5345586	42	RESP=1
5355901	42	STIM=n
5363003	42	RESP=1
5373450	42	STIM=w
5378655	42	RESP=1
5391362	42	STIM=5
5397965	42	RESP=2
5409759	42	STIM=f
5412772	42	RESP=1
5426530	42	STIM=3
5432085	42	RESP=2
5445225	42	STIM=7
5450600	42	RESP=2
5463038	42	STIM=c
5467779	42	RESP=1
5481129	42	STIM=9
5485404	42	RESP=2
5497952	42	STIM=8
5506657	42	RESP=2
5513032	42	STIM=w
5519190	42	RESP=1
5531633	42	STIM=j
5536656	42	RESP=1
5548718	42	STIM=m
5551875	42	RESP=1
5567494	42	STIM=f
5570298	42	RESP=2
5586185	42	STIM=b
5590283	42	RESP=1
5602604	42	STIM=r
5609973	42	RESP=1
5618695	42	STIM=3
5622699	42	RESP=2
5635987	42	STIM=2
5642299	42	RESP=2
5651027	42	STIM=0
5654830	42	RESP=1
5666875	42	STIM=i
5670854	42	RESP=1
5685852	42	STIM=b
5690574	42	RESP=1
5703351	42	STIM=r
5709441	42	RESP=1
5721443	42	STIM=b
5725439	42	RESP=1
5737424	42	STIM=q
5742746	42	RESP=1
5755308	42	STIM=o
5758330	42	RESP=1
5773177	42	STIM=d
5777862	42	RESP=1
5789159	42	STIM=x
5794505	42	RESP=1
5806649	42	STIM=p
5811286	42	RESP=1
5821991	42	STIM=x
5827460	42	RESP=1
5837237	42	STIM=w
5843320	42	RESP=1
5855781	42	STIM=t
5859607	42	RESP=1
5874666	42	STIM=4
5880612	42	RESP=2
5893341	42	STIM=d
5897218	42	RESP=1
5910156	42	STIM=y
5913556	42	RESP=1
5928157	42	STIM=n
5932316	42	RESP=1
5946020	42	STIM=k
5950916	42	RESP=1
5961828	42	STIM=m
5965686	42	RESP=1
5977562	42	STIM=r
5982169	42	RESP=1
5993182	42	STIM=1
5999080	42	RESP=2
6011965	42	STIM=x
6014563	42	RESP=1
6030955	42	STIM=q
6035661	42	RESP=1
6049873	42	STIM=x
6053216	42	RESP=1
6068264	42	STIM=b
6073757	42	RESP=1
6084504	42	STIM=1
6088135	42	RESP=2
6099593	42	STIM=m
6111210	42	RESP=1
6115349	42	STIM=a
6121761	42	RESP=1
6130706	42	STIM=9
6135131	42	RESP=2
6148402	42	STIM=g
6153342	42	RESP=2
6164166	42	STIM=3
6171238	42	RESP=2
6180533	42	STIM=a
6186374	42	RESP=1
6198097	42	STIM=x
6202431	42	RESP=1
6215336	42	STIM=a
6221466	42	RESP=1
6230538	42	STIM=a
6235655	42	RESP=1
6247032	42	STIM=7
6250819	42	RESP=2
6263763	42	STIM=r
6267673	42	RESP=1
6281836	42	STIM=7
6286210	42	RESP=2
6298103	42	STIM=y
6304278	42	RESP=1
6313313	42	STIM=b
6319067	42	RESP=1
6332042	42	STIM=c
6341853	42	RESP=1
6347089	42	STIM=6
6352207	42	RESP=2
6364417	42	STIM=w
6368777	42	RESP=1
6380694	42	STIM=o
6385367	42	RESP=1
6398669	42	STIM=h
6403938	42	RESP=1
6414119	42	STIM=x
6418973	42	RESP=1
6430119	42	STIM=q
6435147	42	RESP=1
6446080	42	STIM=a
6454070	42	RESP=1
6464141	42	STIM=z
6468031	42	RESP=1
6482133	42	STIM=u
6484970	42	RESP=1
6497694	42	STIM=c
6503158	42	RESP=1
6515686	42	STIM=p
6519755	42	RESP=1
6533456	42	STIM=8
6539868	42	RESP=2
6549381	42	STIM=1
6554423	42	RESP=2
6566484	42	STIM=w
6571466	42	RESP=1
6581739	42	STIM=s
6584801	42	RESP=1
6600380	42	STIM=h
6604769	42	RESP=1
6615382	42	STIM=p
6619316	42	RESP=1
6630961	42	STIM=e
6638195	42	RESP=1
6648290	42	STIM=0
6656023	42	RESP=1
6663832	42	STIM=3
6669118	42	RESP=2
6681936	42	STIM=f
6686535	42	RESP=1
6698263	42	STIM=j
6703247	42	RESP=1
6715102	42	STIM=e
6721990	42	RESP=1
6733644	42	STIM=p
6738295	42	RESP=1
6749648	42	STIM=2
6755145	42	RESP=2
6764795	42	STIM=i
6770666	42	RESP=1
6782259	42	STIM=l
6786756	42	RESP=1
6799644	42	STIM=c
6804516	42	RESP=1
6815674	42	STIM=n
6820671	42	RESP=2
6832040	42	STIM=l
6837162	42	RESP=1
6848457	42	STIM=j
6852726	42	RESP=1
6863477	42	STIM=n
6869798	42	RESP=1
6881421	42	STIM=r
6887741	42	RESP=1
6896800	42	STIM=2
6903196	42	RESP=1
6913372	42	STIM=g
6918736	42	RESP=1
6931420	42	STIM=y
6936963	42	RESP=1
6947006	42	STIM=t
6951441	42	RESP=1
6964139	42	STIM=j
6968182	42	RESP=1
6980376	42	STIM=d
6983976	42	RESP=1
6996185	42	STIM=n
7001125	42	RESP=1
7011690	42	STIM=y
7017004	42	RESP=1
7029153	42	STIM=7
7035927	42	RESP=1
7044615	42	STIM=e
7048433	42	RESP=1
7062783	42	STIM=c
7065561	42	RESP=1
7078355	42	STIM=f
7088161	42	RESP=1
7095033	42	STIM=s
7098325	42	RESP=1
7110259	42	STIM=5
7118748	42	RESP=1
7127326	42	STIM=o
7131112	42	RESP=1
7142572	42	STIM=2
7148500	42	RESP=2
7158814	42	STIM=v
7163322	42	RESP=1
7176290	42	STIM=w
7183974	42	RESP=1
7192746	42	STIM=t
7196377	42	RESP=1
7210189	42	STIM=n
7215430	42	RESP=1
7226283	42	STIM=b
7230863	42	RESP=1
7242885	42	STIM=m
7246476	42	RESP=1
7259544	42	STIM=c
7265387	42	RESP=1
7278266	42	STIM=t
7283152	42	RESP=1
7297212	42	STIM=w
7301474	42	RESP=1
7313914	42	STIM=5
7320151	42	RESP=2
7330091	42	STIM=e
7333976	42	RESP=1
7347633	42	STIM=c
7353617	42	RESP=1
7364576	42	STIM=s
7369109	42	RESP=2
7381051	42	STIM=k
7385992	42	RESP=1
7396743	42	STIM=c
7407607	42	RESP=1
7412582	42	STIM=1
7417439	42	RESP=2
7428790	42	STIM=t
7435419	42	RESP=1
7445836	42	STIM=o
7449996	42	RESP=1
7464321	42	STIM=0
7469481	42	RESP=2
7482721	42	STIM=f
7490964	42	RESP=1
7498237	42	STIM=h
7505778	42	RESP=1
7514111	42	STIM=s
7517576	42	RESP=1
7531391	42	STIM=y
7534916	42	RESP=1
7549129	42	STIM=h
7552881	42	RESP=2
7565174	42	STIM=i
7570490	42	RESP=1
7583201	42	STIM=x
7587002	42	RESP=1
7600897	42	STIM=j
7604584	42	RESP=1
7616139	42	STIM=4
7623403	42	RESP=2
7631821	42	STIM=e
7637628	42	RESP=1
7650649	42	STIM=p
7654426	42	RESP=1
7666828	42	STIM=v
7672595	42	RESP=1
7685388	42	STIM=a
7690334	42	RESP=1
7700685	42	STIM=3
7708145	42	RESP=2
7716205	42	STIM=n
7719464	42	RESP=1
7732665	42	STIM=s
7738644	42	RESP=1
7751579	42	STIM=6
7755996	42	RESP=2
7769664	42	STIM=s
7775404	42	RESP=1
7787991	42	STIM=p
7793911	42	RESP=1
7805675	42	STIM=u
7809689	42	RESP=1
7822211	42	STIM=x
7828212	42	RESP=1
7839232	42	STIM=h
7844415	42	RESP=1
7854602	42	STIM=q
7857259	42	RESP=1
7870641	42	STIM=y
7874726	42	RESP=1
7889523	42	STIM=u
7893613	42	RESP=1
7908153	42	STIM=p
7913234	42	RESP=1
7924028	42	STIM=e
7927113	42	RESP=1
7940849	42	STIM=6
7945345	42	RESP=2
7957606	42	STIM=e
7962413	42	RESP=1
7975679	42	STIM=m
7980089	42	RESP=1
7990919	42	STIM=m
8000710	42	RESP=1
8008411	42	STIM=p
8015473	42	RESP=1
8024277	42	STIM=c
8029939	42	RESP=1
8039624	42	STIM=u
8044722	42	RESP=1
8057894	42	STIM=j
8065389	42	RESP=1
8076234	42	STIM=f
8083689	42	RESP=1
8093318	42	STIM=r
8099283	42	RESP=1
8111629	42	STIM=f
8118116	42	RESP=1
8128636	42	STIM=e
8135632	42	RESP=1
8146871	42	STIM=h
8150862	42	RESP=1
8162325	42	STIM=j
8167420	42	RESP=1
8180888	42	STIM=5
8184426	42	RESP=1
8196113	42	STIM=k
8198833	42	RESP=1
8211643	42	STIM=z
8215109	42	RESP=1
8228266	42	STIM=q
8231412	42	RESP=1
8244788	42	STIM=3
8251233	42	RESP=2
8263162	42	STIM=j
8269873	42	RESP=1
8280053	42	STIM=g
8282945	42	RESP=1
8297541	42	STIM=i
8303703	42	RESP=1
8316078	42	STIM=0
8321997	42	RESP=2
8334683	42	STIM=g
8340315	42	RESP=1
8350872	42	STIM=q
8359051	42	RESP=1
8367237	42	STIM=0
8372133	42	RESP=2
8384760	42	STIM=c
8389752	42	RESP=1
8400076	42	STIM=d
8405054	42	RESP=1
8416765	42	STIM=s
8419468	42	RESP=1
8435442	42	STIM=e
8439816	42	RESP=1
8453209	42	STIM=8
8461584	42	RESP=2
8471066	42	STIM=v
8476541	42	RESP=1
8488815	42	STIM=n
8492193	42	RESP=1
8504994	42	STIM=2
8511792	42	RESP=2
8522196	42	STIM=c
8527297	42	RESP=1
8538773	42	STIM=t
8542992	42	RESP=1
8556112	42	STIM=k
8559755	42	RESP=1
8571587	42	STIM=j
8574409	42	RESP=1
8590581	42	STIM=h
8597618	42	RESP=1
8606202	42	STIM=t
8609775	42	RESP=1
8624208	42	STIM=q
8630817	42	RESP=1
8639906	42	STIM=o
8644090	42	RESP=1
8655476	42	STIM=g
8659651	42	RESP=1
8674281	42	STIM=d
8679917	42	RESP=1
8691028	42	STIM=e
8694637	42	RESP=1
8708536	42	STIM=k
8714946	42	RESP=1
8725624	42	STIM=8
8730063	42	RESP=2
8741958	42	STIM=j
8746434	42	RESP=1
8757045	42	STIM=d
8765069	42	RESP=1
8772661	42	STIM=h
8776534	42	RESP=1
8789413	42	STIM=3
8795058	42	RESP=2
8806388	42	STIM=j
8812584	42	RESP=1
8825208	42	STIM=7
8830893	42	RESP=2
8840925	42	STIM=h
8845321	42	RESP=1
8856166	42	STIM=z
8860454	42	RESP=1
8874824	42	STIM=6
8881038	42	RESP=2
8893663	42	STIM=7
8900146	42	RESP=1
8909144	42	STIM=t
8914495	42	RESP=1
8926063	42	STIM=r
8929155	42	RESP=1
8941479	42	STIM=z
8947275	42	RESP=1
8958671	42	STIM=u
8961973	42	RESP=1
8973964	42	STIM=y
8978707	42	RESP=1
8990096	42	STIM=p
8996568	42	RESP=1
9005540	42	STIM=o
9014631	42	RESP=2
9020799	42	STIM=7
9027595	42	RESP=2
9036590	42	STIM=o
9039707	42	RESP=1
9053145	42	STIM=w
9058113	42	RESP=1
9071818	42	STIM=i
9076653	42	RESP=1
9090051	42	STIM=l
9094539	42	RESP=1
9105516	42	STIM=u
9108198	42	RESP=1
9122676	42	STIM=9
9127143	42	RESP=2
9139283	42	STIM=n
9144157	42	RESP=1
9155105	42	STIM=b
9160039	42	RESP=1
9172846	42	STIM=l
9177716	42	RESP=1
9188250	42	STIM=k
9192246	42	RESP=1
9205864	42	STIM=e
9210761	42	RESP=1
9224280	42	STIM=0
9229408	42	RESP=1
9240777	42	STIM=z
9246376	42	RESP=1
9256966	42	STIM=c
9259727	42	RESP=1
9272770	42	STIM=c
9277245	42	RESP=1
9287985	42	STIM=7
9293042	42	RESP=2
9304118	42	STIM=g
9307992	42	RESP=1
9319689	42	STIM=l
9324062	42	RESP=1
9336648	42	STIM=l
9342289	42	RESP=1
9353043	42	STIM=y
9356331	42	RESP=1
9369766	42	STIM=m
9373083	42	RESP=1
9385229	42	STIM=q
9393375	42	RESP=1
9401982	42	STIM=e
9406455	42	RESP=1
9420358	42	STIM=1
9427203	42	RESP=2
9439242	42	STIM=c
9442788	42	RESP=1
9454903	42	STIM=2
9460143	42	RESP=2
9471983	42	STIM=j
9477157	42	RESP=1
9489078	42	STIM=i
9495163	42	RESP=2
9505226	42	STIM=g
9509551	42	RESP=1
9522235	42	STIM=k
9531984	42	RESP=1
9537987	42	STIM=u
9541529	42	RESP=1
9554725	42	STIM=l
9558970	42	RESP=1
9570182	42	STIM=c
9575095	42	RESP=1
9586938	42	STIM=f
9593981	42	RESP=1
9601997	42	STIM=y
9607197	42	RESP=1
9617225	42	STIM=g
9623725	42	RESP=1
9634920	42	STIM=r
9638504	42	RESP=1
9650416	42	STIM=k
9653985	42	RESP=1
9665838	42	STIM=m
9669097	42	RESP=1
9683091	42	STIM=d
9686664	42	RESP=1
9701533	42	STIM=t
9707476	42	RESP=1
9717042	42	STIM=e
9721894	42	RESP=1
9732611	42	STIM=n
9737943	42	RESP=1
9749460	42	STIM=q
9752683	42	RESP=1
9765958	42	STIM=4
9772281	42	RESP=2
9782733	42	STIM=a
9785923	42	RESP=1
9799876	42	STIM=s
9804202	42	RESP=1
9817587	42	STIM=m
9823139	42	RESP=1
9833799	42	STIM=f
9840072	42	RESP=1
9849484	42	STIM=2
9853804	42	RESP=2
9866710	42	STIM=l
9874147	42	RESP=1
9882809	42	STIM=1
9889082	42	RESP=2
9898417	42	STIM=2
9904259	42	RESP=2
9915805	42	STIM=r
9923135	42	RESP=1
9931472	42	STIM=0
9936587	42	RESP=2
9948775	42	STIM=q
9955572	42	RESP=1
9966374	42	STIM=i
9970341	42	RESP=1
9982521	42	STIM=c
9987668	42	RESP=1
10000455	42	STIM=m
10005173	42	RESP=1
10016441	42	STIM=a
10019836	42	RESP=1
10034877	42	STIM=p
10038016	42	RESP=1
10053788	42	STIM=d
10058925	42	RESP=1
10068884	42	STIM=w
10072754	42	RESP=1
10084786	42	STIM=n
10090945	42	RESP=1
10100705	42	STIM=9
10105449	42	RESP=2
10119224	42	STIM=c
10127004	42	RESP=1
10137786	42	STIM=u
10145330	42	RESP=1
10156146	42	STIM=p
10163844	42	RESP=1
10173551	42	STIM=c
10179499	42	RESP=1
10191470	42	STIM=m
10196596	42	RESP=1
10207273	42	STIM=6
10213555	42	RESP=2
10224438	42	STIM=j
10230149	42	RESP=1
10241671	42	STIM=0
10247528	42	RESP=2
10257489	42	STIM=d
10260399	42	RESP=1
10275773	42	STIM=k
10279815	42	RESP=2
10294301	42	STIM=s
10300052	42	RESP=1
10309853	42	STIM=l
10312935	42	RESP=1
10324943	42	STIM=z
10328991	42	RESP=1
10343029	42	STIM=4
10353065	42	RESP=2
10358329	42	STIM=a
10365165	42	RESP=1
10377016	42	STIM=g
10381226	42	RESP=1
10395936	42	STIM=k
10401663	42	RESP=1
10413709	42	STIM=u
10420396	42	RESP=1
10429481	42	STIM=m
10432942	42	RESP=1
10445991	42	STIM=y
10451477	42	RESP=1
10463129	42	STIM=q
10467288	42	RESP=1
10478712	42	STIM=i
10481718	42	RESP=1
10497422	42	STIM=7
10504929	42	RESP=2
10515526	42	STIM=m
10520695	42	RESP=1
10532327	42	STIM=z
10540099	42	RESP=1
10551284	42	STIM=j
10555486	42	RESP=2
10567884	42	STIM=e
10573185	42	RESP=1
10583804	42	STIM=v
10586769	42	RESP=1
10600979	42	STIM=u
10605578	42	RESP=1
10617998	42	STIM=0
10621337	42	RESP=2
10633943	42	STIM=2
10640419	42	RESP=2
10649043	42	STIM=t
10653782	42	RESP=1
10667868	42	STIM=l
10673943	42	RESP=1
10684743	42	STIM=u
10688235	42	RESP=1
10701851	42	STIM=w
10705826	42	RESP=1
10719473	42	STIM=q
10725060	42	RESP=1
10736194	42	STIM=1
10743909	42	RESP=2
10753837	42	STIM=s
10758139	42	RESP=1
10770356	42	STIM=8
10774714	42	RESP=2
10787159	42	STIM=q
10792209	42	RESP=1
10803636	42	STIM=5
10809463	42	RESP=2
10820813	42	STIM=w
10826674	42	RESP=1
10837842	42	STIM=u
10843582	42	RESP=1
10854040	42	STIM=0
10861462	42	RESP=2
10872538	42	STIM=w
10876294	42	RESP=1
10888300	42	STIM=3
10893100	42	RESP=2
10906475	42	STIM=w
10910554	42	RESP=1
10923745	42	STIM=s
10928387	42	RESP=1
10939518	42	STIM=f
10944297	42	RESP=1
10958006	42	STIM=c
10963668	42	RESP=2
10976637	42	STIM=1
10982309	42	RESP=2
10995629	42	STIM=r
11001942	42	RESP=1
11013067	42	STIM=1
11017914	42	RESP=2
11029117	42	STIM=l
11033722	42	RESP=1
11047396	42	STIM=m
11052330	42	RESP=1
11063181	42	STIM=5
11067498	42	RESP=2
11079830	42	STIM=b
11089063	42	RESP=1
11097666	42	STIM=1
11102891	42	RESP=2
11116414	42	STIM=g
11122046	42	RESP=2
11132389	42	STIM=v
11135400	42	RESP=1
11150447	42	STIM=y
11157234	42	RESP=1
11167146	42	STIM=1
11171587	42	RESP=1
11184427	42	STIM=g
11188210	42	RESP=1
11200341	42	STIM=q
11209601	42	RESP=1
11218052	42	STIM=a
11222547	42	RESP=1
11234083	42	STIM=p
11237374	42	RESP=1
11249122	42	STIM=3
11256940	42	RESP=2
11266663	42	STIM=s
11270378	42	RESP=1
11283123	42	STIM=p
11289935	42	RESP=1
11301824	42	STIM=q
11305912	42	RESP=1
11319805	42	STIM=b
11324368	42	RESP=1
11334819	42	STIM=7
11338637	42	RESP=2
11351626	42	STIM=r
11357792	42	RESP=1
11370566	42	STIM=l
11375744	42	RESP=2
11387957	42	STIM=x
11398414	42	RESP=1
11404787	42	STIM=p
11409944	42	RESP=1
11421474	42	STIM=w
11425478	42	RESP=1
11437280	42	STIM=v
11441578	42	RESP=1
11453632	42	STIM=3
11459641	42	RESP=2
11471847	42	STIM=z
11475266	42	RESP=1
11487041	42	STIM=v
11492753	42	RESP=1
11503284	42	STIM=o
11516976	42	RESP=1
11520456	42	STIM=k
11522893	42	RESP=1
11536526	42	STIM=y
11540351	42	RESP=1
11551747	42	STIM=i
11556543	42	RESP=1
11567862	42	STIM=s
11573027	42	RESP=1
11585788	42	STIM=h
11589676	42	RESP=1
11602939	42	STIM=a
11608305	42	RESP=1
11618414	42	STIM=y
11625538	42	RESP=1
11635331	42	STIM=0
11641844	42	RESP=2
11653290	42	STIM=z
11662615	42	RESP=1
11672180	42	STIM=h
11678070	42	RESP=1
11687774	42	STIM=m
11691094	42	RESP=1
11702901	42	STIM=r
11708068	42	RESP=1
11721441	42	STIM=a
11726006	42	RESP=1
11736582	42	STIM=l
11739851	42	RESP=1
11755415	42	STIM=e
11759534	42	RESP=1
11770698	42	STIM=o
11776975	42	RESP=1
11786165	42	STIM=9
11791563	42	RESP=2
11801987	42	STIM=d
11809097	42	RESP=1
11817294	42	STIM=g
11822556	42	RESP=1
11832984	42	STIM=f
11839274	42	RESP=1
11848490	42	STIM=y
11856103	42	RESP=1
11866089	42	STIM=b
11869663	42	RESP=1
11884589	42	STIM=d
11890146	42	RESP=1
11902454	42	STIM=5
11910109	42	RESP=1
11917735	42	STIM=n
11923893	42	RESP=1
11934894	42	STIM=p
11939570	42	RESP=1
11952605	42	STIM=y
11956008	42	RESP=1
11969434	42	STIM=6
11976224	42	RESP=2
11986714	42	STIM=p
11990389	42	RESP=2
12002743	42	STIM=u
12007709	42	RESP=1
12021689	42	STIM=n
12024367	42	RESP=1
12037516	42	STIM=4
12045127	42	RESP=2
12054784	42	STIM=r
12060925	42	RESP=1
12071350	42	STIM=6
12078700	42	RESP=2
12089429	42	STIM=w
12093119	42	RESP=1
12104880	42	STIM=3
12111449	42	RESP=2
12120225	42	STIM=6
12127325	42	RESP=2
12137184	42	STIM=t
12144586	42	RESP=1
12153551	42	STIM=c
12160996	42	RESP=1
12171394	42	STIM=f
12175787	42	RESP=1
12190160	42	STIM=9
12195390	42	RESP=2
12206579	42	STIM=y
12211433	42	RESP=1
12224964	42	STIM=y
12231310	42	RESP=1
12242448	42	STIM=u
12245454	42	RESP=1
12257634	42	STIM=y
12263898	42	RESP=1
12275185	42	STIM=f
12277992	42	RESP=1
12294164	42	STIM=4
12297371	42	RESP=2
12310515	42	STIM=f
12313988	42	RESP=1
12325772	42	STIM=g
12330732	42	RESP=1
12343512	42	STIM=q
12346679	42	RESP=1
12359934	42	STIM=a
12364300	42	RESP=1
12376802	42	STIM=4
12382050	42	RESP=2
12393885	42	STIM=a
12404573	42	RESP=1
12411329	42	STIM=o
12415849	42	RESP=1
12428703	42	STIM=0
12432185	42	RESP=2
12446564	42	STIM=c
12451711	42	RESP=1
12462777	42	STIM=l
12465971	42	RESP=1
12479501	42	STIM=s
12483369	42	RESP=1
12495126	42	STIM=q
12506283	42	RESP=1
12511155	42	STIM=h
12516266	42	RESP=1
12526433	42	STIM=3
12531908	42	RESP=2
12542380	42	STIM=z
12546119	42	RESP=1
12560142	42	STIM=j
12568757	42	RESP=1
12578708	42	STIM=p
12586061	42	RESP=1
12593824	42	STIM=l
12597502	42	RESP=1
12610148	42	STIM=w
12614014	42	RESP=1
12625498	42	STIM=g
12628776	42	RESP=1
12640553	42	STIM=e
12643748	42	RESP=1
12658005	42	STIM=t
12663995	42	RESP=1
12673335	42	STIM=y
12678303	42	RESP=1
12688702	42	STIM=1
12694371	42	RESP=1
12704121	42	STIM=n
12707730	42	RESP=1
12722097	42	STIM=t
12726852	42	RESP=1
12740963	42	STIM=o
12747152	42	RESP=1
12756355	42	STIM=2
12760142	42	RESP=2
12772757	42	STIM=1
12776687	42	RESP=2
12790764	42	STIM=i
12793773	42	RESP=1
12808653	42	STIM=a
12812413	42	RESP=1
12824236	42	STIM=p
12828278	42	RESP=1
12840631	42	STIM=0
12847711	42	RESP=2
12855762	42	STIM=o
12859164	42	RESP=1
12874184	42	STIM=g
12879306	42	RESP=1
12890872	42	STIM=n
12894650	42	RESP=1
12908512	42	STIM=q
12914468	42	RESP=1
12925131	42	STIM=q
12932761	42	RESP=1
12941151	42	STIM=e
12946479	42	RESP=1
12959262	42	STIM=t
12964790	42	RESP=1
12976729	42	STIM=f
12980923	42	RESP=1
12992540	42	STIM=a
12997769	42	RESP=1
13008685	42	STIM=v
13012808	42	RESP=1
13025977	42	STIM=a
13033827	42	RESP=1
13044808	42	STIM=z
13050737	42	RESP=1
13062677	42	STIM=b
13068340	42	RESP=1
13079650	42	STIM=4
13086685	42	RESP=1
13096191	42	STIM=b
13099762	42	RESP=1
13115139	42	STIM=4
13120193	42	RESP=2
13131551	42	STIM=d
13136401	42	RESP=1
13147594	42	STIM=6
13153840	42	RESP=2
13162799	42	STIM=u
13168472	42	RESP=1
13178986	42	STIM=k
13184429	42	RESP=1
13197277	42	STIM=t
13201164	42	RESP=1
13215085	42	STIM=j
13220905	42	RESP=1
13233385	42	STIM=p
13238809	42	RESP=1
13252150	42	STIM=t
13256941	42	RESP=1
13269817	42	STIM=e
13275979	42	RESP=1
13285419	42	STIM=n
13292034	42	RESP=1
13301243	42	STIM=a
13306134	42	RESP=1
13317963	42	STIM=b
13321337	42	RESP=1
13336608	42	STIM=y
13342048	42	RESP=1
13353313	42	STIM=s
13358262	42	RESP=1
13369928	42	STIM=g
13372900	42	RESP=1
13386519	42	STIM=o
13391952	42	RESP=1
13403467	42	STIM=5
13407754	42	RESP=2
13418657	42	STIM=7
13429232	42	RESP=2
13436718	42	STIM=3
13440511	42	RESP=2
13452768	42	STIM=i
13457545	42	RESP=1
13469111	42	STIM=j
13471687	42	RESP=1
13486856	42	STIM=p
13490563	42	RESP=1
13503779	42	STIM=2
13508586	42	RESP=2
13521521	42	STIM=g
13527072	42	RESP=1
13539934	42	STIM=z
13542412	42	RESP=1
13557313	42	STIM=j
13562217	42	RESP=1
13575742	42	STIM=h
13578976	42	RESP=1
13592233	42	STIM=z
13598328	42	RESP=1
13608281	42	STIM=l
13611949	42	RESP=1
13626695	42	STIM=v
13635238	42	RESP=1
13642940	42	STIM=d
13647496	42	RESP=1
13658261	42	STIM=e
13664956	42	RESP=1
13673774	42	STIM=r
13677430	42	RESP=1
13688932	42	STIM=y
13692235	42	RESP=1
13705281	42	STIM=d
13710379	42	RESP=1
13722762	42	STIM=8
13726751	42	RESP=2
13740004	42	STIM=y
13746004	42	RESP=1
13758835	42	STIM=h
13762863	42	RESP=2
13776537	42	STIM=x
13780801	42	RESP=1
13792372	42	STIM=k
13797936	42	RESP=1
13809799	42	STIM=q
13813808	42	RESP=1
13824970	42	STIM=f
13829333	42	RESP=1
13841857	42	STIM=b
13846194	42	RESP=2
13860194	42	STIM=j
13864528	42	RESP=1
13875657	42	STIM=z
13878776	42	RESP=1
13891664	42	STIM=x
13897644	42	RESP=1
13907989	42	STIM=m
13911700	42	RESP=1
13925514	42	STIM=6
13929267	42	RESP=2
13944135	42	STIM=o
13948602	42	RESP=1
13961486	42	STIM=f
13964768	42	RESP=1
13977412	42	STIM=4
13981932	42	RESP=2
13993783	42	STIM=q
14000211	42	RESP=1
14011033	42	STIM=f
14015191	42	RESP=1
14027858	42	STIM=w
14033160	42	RESP=1
14042861	42	STIM=o
14046409	42	RESP=1
14060241	42	STIM=c
14065387	42	RESP=1
14076765	42	STIM=s
14079422	42	RESP=1
14094697	42	STIM=1
14100455	42	RESP=2
14110629	42	STIM=y
14115836	42	RESP=1
14128418	42	STIM=i
14133423	42	RESP=1
14145653	42	STIM=l
14152195	42	RESP=1
14161337	42	STIM=c
14165948	42	RESP=1
14179324	42	STIM=7
14184540	42	RESP=2
14197933	42	STIM=s
14202027	42	RESP=1
14215266	42	STIM=6
14221439	42	RESP=2
14232869	42	STIM=l
14238964	42	RESP=1
14248123	42	STIM=u
14252880	42	RESP=1
14264566	42	STIM=u
14268409	42	RESP=1
14282279	42	STIM=c
14287851	42	RESP=1
14300248	42	STIM=s
14304873	42	RESP=1
14315401	42	STIM=o
14319026	42	RESP=1
14334030	42	STIM=t
14339297	42	RESP=1
14349068	42	STIM=9
14354275	42	RESP=2
14367167	42	STIM=0
14374199	42	RESP=2
14384050	42	STIM=f
14390514	42	RESP=1
14401749	42	STIM=7
14406665	42	RESP=2
14416936	42	STIM=o
14421007	42	RESP=1
14433696	42	STIM=f
14440152	42	RESP=1
14451082	42	STIM=s
14456000	42	RESP=1
14469899	42	STIM=h
14476038	42	RESP=1
14486708	42	STIM=s
14489452	42	RESP=1
14504192	42	STIM=5
14508030	42	RESP=2
14519549	42	STIM=a
14522763	42	RESP=1
14537350	42	STIM=w
14540415	42	RESP=1
14553483	42	STIM=m
14558594	42	RESP=1
14569024	42	STIM=h
14576826	42	RESP=1
14587285	42	STIM=z
14592275	42	RESP=1
14605638	42	STIM=x
14609203	42	RESP=1
14621635	42	STIM=0
14629977	42	RESP=2
14639749	42	STIM=a
14646333	42	RESP=1
14655275	42	STIM=w
14659234	42	RESP=1
14673186	42	STIM=t
14676467	42	RESP=1
14691960	42	STIM=l
14696402	42	RESP=2
14707647	42	STIM=g
14711131	42	RESP=1
14723091	42	STIM=7
14728071	42	RESP=2
14740025	42	STIM=o
14744075	42	RESP=1
14755045	42	STIM=q
14759219	42	RESP=1
14770161	42	STIM=r
14773774	42	RESP=1
14786288	42	STIM=r
14794160	42	RESP=1
14803040	42	STIM=j
14807344	42	RESP=1
14820859	42	STIM=6
14832231	42	RESP=1
14836505	42	STIM=2
14841365	42	RESP=2
14852167	42	STIM=n
14859600	42	RESP=1
14869688	42	STIM=p
14876352	42	RESP=1
14885265	42	STIM=x
14891546	42	RESP=1
14903808	42	STIM=q
14907181	42	RESP=1
14922557	42	STIM=c
14927162	42	RESP=1
14940228	42	STIM=z
14945373	42	RESP=1
14958162	42	STIM=3
14962261	42	RESP=2
14977150	42	STIM=o
14983962	42	RESP=1
14992451	42	STIM=7
14997634	42	RESP=2
15008752	42	STIM=d
15013033	42	RESP=1
15026573	42	STIM=f
15030845	42	RESP=1
15045486	42	STIM=b
15050090	42	RESP=1
15063275	42	STIM=n
15075426	42	RESP=1
15081257	42	STIM=9
15086557	42	RESP=2
15098527	42	STIM=2
15105910	42	RESP=2
15115547	42	STIM=r
15119536	42	RESP=1
15133748	42	STIM=q
15138186	42	RESP=1
15148822	42	STIM=v
15156728	42	RESP=1
15167275	42	STIM=0
15172408	42	RESP=2
15186273	42	STIM=k
15189678	42	RESP=1
15201288	42	STIM=c
15205023	42	RESP=1
15216743	42	STIM=d
15223707	42	RESP=1
15235478	42	STIM=0
15241125	42	RESP=2
15251950	42	STIM=u
15256098	42	RESP=1
15268320	42	STIM=z
15271940	42	RESP=1
15286951	42	STIM=n
15291999	42	RESP=1
15302081	42	STIM=4
15306083	42	RESP=2
15318171	42	STIM=f
15323338	42	RESP=1
15334086	42	STIM=4
15338538	42	RESP=2
15351667	42	STIM=x
15356270	42	RESP=1
15367399	42	STIM=w
15373820	42	RESP=1
15383643	42	STIM=m
15386543	42	RESP=1
15401989	42	STIM=m
15405634	42	RESP=1
15417891	42	STIM=9
15425708	42	RESP=2
15436127	42	STIM=g
15440237	42	RESP=1
15453020	42	STIM=f
15455626	42	RESP=1
15468879	42	STIM=u
15479106	42	RESP=1
15486584	42	STIM=c
15490130	42	RESP=1
15504597	42	STIM=5
15512021	42	RESP=2
15519788	42	STIM=f
15524549	42	RESP=1
15535967	42	STIM=a
15540983	42	RESP=1
15554304	42	STIM=w
15559498	42	RESP=1
15572305	42	STIM=t
15576072	42	RESP=1
15588972	42	STIM=m
15591964	42	RESP=1
15605729	42	STIM=q
15610844	42	RESP=1
15622346	42	STIM=c
15627502	42	RESP=1
15639515	42	STIM=4
15645355	42	RESP=2
15655016	42	STIM=a
15660528	42	RESP=1
15672920	42	STIM=n
15677630	42	RESP=1
15691278	42	STIM=9
15695908	42	RESP=2
15710224	42	STIM=d
15716046	42	RESP=1
15726872	42	STIM=s
15730438	42	RESP=1
15743729	42	STIM=e
15748770	42	RESP=1
15762260	42	STIM=m
15766750	42	RESP=1
15777773	42	STIM=o
15782399	42	RESP=1
15795201	42	STIM=i
15799551	42	RESP=1
15811165	42	STIM=l
15816166	42	RESP=1
15828884	42	STIM=c
15832984	42	RESP=1
15845071	42	STIM=c
15851423	42	RESP=1
15862316	42	STIM=q
15867259	42	RESP=1
15881223	42	STIM=m
15897743	42	RESP=1
15898548	42	STIM=m
15902223	42	RESP=1
15917282	42	STIM=n
15921366	42	RESP=1
15935069	42	STIM=x
15938013	42	RESP=1
15952168	42	STIM=v
15955976	42	RESP=1
15969577	42	STIM=l
15973938	42	RESP=1
15986024	42	STIM=r
15991837	42	RESP=1
16003721	42	STIM=0
16007537	42	RESP=2
16020793	42	STIM=c
16024855	42	RESP=1
16035819	42	STIM=b
16041614	42	RESP=1
16051920	42	STIM=l
16057402	42	RESP=1
16068892	42	STIM=o
16073591	42	RESP=1
16085853	42	STIM=5
16090379	42	RESP=2
16103039	42	STIM=k
16113067	42	RESP=1
16121384	42	STIM=o
16124093	42	RESP=1
16139285	42	STIM=x
16142406	42	RESP=1
16155786	42	STIM=w
16162875	42	RESP=1
16170851	42	STIM=f
16175741	42	RESP=1
16187134	42	STIM=4
16193128	42	RESP=2
16205760	42	STIM=y
16211629	42	RESP=1
16224669	42	STIM=j
16229145	42	RESP=1
16243040	42	STIM=g
16247767	42	RESP=1
16259754	42	STIM=c
16267858	42	RESP=1
16278296	42	STIM=y
16283451	42	RESP=1
16294685	42	STIM=m
16298460	42	RESP=1
16309725	42	STIM=5
16314505	42	RESP=2
16325020	42	STIM=i
16329712	42	RESP=1
16340292	42	STIM=6
16346161	42	RESP=2
16357505	42	STIM=5
16362623	42	RESP=2
16374036	42	STIM=m
16379546	42	RESP=1
16392128	42	STIM=h
16397942	42	RESP=1
16409703	42	STIM=7
16416253	42	RESP=2
16427196	42	STIM=z
16431402	42	RESP=1
16443613	42	STIM=0
16449654	42	RESP=2
16460681	42	STIM=w
16465604	42	RESP=1
16475685	42	STIM=t
16482211	42	RESP=1
16493113	42	STIM=h
16499476	42	RESP=1
16510786	42	STIM=r
16517456	42	RESP=1
16528536	42	STIM=6
16534461	42	RESP=2
16544010	42	STIM=m
16548674	42	RESP=1
16561048	42	STIM=k
16566584	42	RESP=1
16576305	42	STIM=i
16580366	42	RESP=1
16595165	42	STIM=b
16599346	42	RESP=1
16612508	42	STIM=s
16615085	42	RESP=1
16629896	42	STIM=e
16633958	42	RESP=1
16647382	42	STIM=q
16651653	42	RESP=1
16663265	42	STIM=t
16668993	42	RESP=1
16679091	42	STIM=d
16687287	42	RESP=1
16695856	42	STIM=3
16700943	42	RESP=2
16712222	42	STIM=j
16720450	42	RESP=2
16727680	42	STIM=i
16732606	42	RESP=1
16743091	42	STIM=i
16748297	42	RESP=1
16759219	42	STIM=4
16764361	42	RESP=2
16776182	42	STIM=h
16779541	42	RESP=1
16793997	42	STIM=q
16797054	42	RESP=1
16810996	42	STIM=s
16814357	42	RESP=1
16826340	42	STIM=g
16832883	42	RESP=1
16844708	42	STIM=s
16855215	42	RESP=1
16860322	42	STIM=i
16863856	42	RESP=1
16875902	42	STIM=s
16880621	42	RESP=1
16891076	42	STIM=w
16894221	42	RESP=1
16909475	42	STIM=v
16913600	42	RESP=1
16928437	42	STIM=h
16933443	42	RESP=1
16947415	42	STIM=j
16956656	42	RESP=1
16963062	42	STIM=6
16967537	42	RESP=2
16980756	42	STIM=p
16984979	42	RESP=1
16999108	42	STIM=f
17005325	42	RESP=1
17015478	42	STIM=y
17018163	42	RESP=1
17034111	42	STIM=8
17038090	42	RESP=2
17051909	42	STIM=0
17056977	42	RESP=1
17068942	42	STIM=d
17071942	42	RESP=1
17084858	42	STIM=6
17090689	42	RESP=2
17101634	42	STIM=j
17108895	42	RESP=1
17119714	42	STIM=k
17125853	42	RESP=2
17136375	42	STIM=0
17141333	42	RESP=2
17154345	42	STIM=m
17157392	42	RESP=1
17171559	42	STIM=i
17175327	42	RESP=1
17189330	42	STIM=c
17196711	42	RESP=1
17207689	42	STIM=q
17214045	42	RESP=1
17226590	42	STIM=q
17229849	42	RESP=1
17244211	42	STIM=4
17248517	42	RESP=2
17259830	42	STIM=g
17265068	42	RESP=1
17278211	42	STIM=d
17282372	42	RESP=1
17296003	42	STIM=d
17300776	42	RESP=1
17313058	42	STIM=x
17316789	42	RESP=1
17328123	42	STIM=r
17331522	42	RESP=1
17345884	42	STIM=f
17349635	42	RESP=1
17362347	42	STIM=v
17365404	42	RESP=1
17379637	42	STIM=p
17383038	42	RESP=1
17397517	42	STIM=z
17402320	42	RESP=1
17415315	42	STIM=a
17417877	42	RESP=1
17431390	42	STIM=m
17436092	42	RESP=1
17447003	42	STIM=u
17450524	42	RESP=1
17463843	42	STIM=i
17471061	42	RESP=1
17482360	42	STIM=m
17488432	42	RESP=1
17501246	42	STIM=f
17505988	42	RESP=1
17517522	42	STIM=z
17525236	42	RESP=1
17533136	42	STIM=q
17538235	42	RESP=1
17551465	42	STIM=p
17557053	42	RESP=1
17570193	42	STIM=y
17573454	42	RESP=1
17587727	42	STIM=u
17593350	42	RESP=1
17603349	42	STIM=f
17607889	42	RESP=1
17618597	42	STIM=r
17623131	42	RESP=1
17636497	42	STIM=y
17639751	42	RESP=1
17652867	42	STIM=e
17657372	42	RESP=1
17669232	42	STIM=8
17673947	42	RESP=1
17685517	42	STIM=2
17692564	42	RESP=2
17701604	42	STIM=8
17705823	42	RESP=2
17719308	42	STIM=a
17725304	42	RESP=1
17736705	42	STIM=q
17741437	42	RESP=1
17755394	42	STIM=m
17758230	42	RESP=1
17771535	42	STIM=m
17775499	42	RESP=1
17787997	42	STIM=6
17793685	42	RESP=2
17805352	42	STIM=c
17814682	42	RESP=1
17823400	42	STIM=p
17829690	42	RESP=1
17841430	42	STIM=v
17850412	42	RESP=1
17858993	42	STIM=7
17864583	42	RESP=2
17877518	42	STIM=w
17881334	42	RESP=1
17893723	42	STIM=t
17899159	42	RESP=1
17910277	42	STIM=r
17918043	42	RESP=1
17926356	42	STIM=5
17931423	42	RESP=2
17945251	42	STIM=r
17948385	42	RESP=1
17962948	42	STIM=0
17968649	42	RESP=2
17979257	42	STIM=u
17984001	42	RESP=1
17996662	42	STIM=s
18002498	42	RESP=1
18014376	42	STIM=7
18020278	42	RESP=2
18031704	42	STIM=w
18037521	42	RESP=1
18047893	42	STIM=x
18052174	42	RESP=1
18065570	42	STIM=e
18069375	42	RESP=1
18083200	42	STIM=7
18090827	42	RESP=2
18098878	42	STIM=v
18103492	42	RESP=1
18114406	42	STIM=e
18117198	42	RESP=1
18132338	42	STIM=y
18136537	42	RESP=1
18148177	42	STIM=0
18152914	42	RESP=2
18164849	42	STIM=t
18169226	42	RESP=1
18180957	42	STIM=p
18187563	42	RESP=1
18199145	42	STIM=r
18204729	42	RESP=1
18217935	42	STIM=j
18221572	42	RESP=1
18236770	42	STIM=p
18240089	42	RESP=1
18253998	42	STIM=w
18258729	42	RESP=1
18270096	42	STIM=w
18277027	42	RESP=1
18288523	42	STIM=6
18294122	42	RESP=2
18305862	42	STIM=v
18310298	42	RESP=1
18321307	42	STIM=a
18325118	42	RESP=1
18337350	42	STIM=s
18342474	42	RESP=1
18352552	42	STIM=3
18357738	42	RESP=2
18368911	42	STIM=o
18378027	42	RESP=1
18387371	42	STIM=s
18392605	42	RESP=1
18405585	42	STIM=x
18410178	42	RESP=1
18421944	42	STIM=9
18425931	42	RESP=1
18437958	42	STIM=9
18445194	42	RESP=2
18454310	42	STIM=s
18457383	42	RESP=1
18472203	42	STIM=c
18476935	42	RESP=1
18489366	42	STIM=i
18495355	42	RESP=1
18507375	42	STIM=f
18514640	42	RESP=1
18522742	42	STIM=9
18529479	42	RESP=2
18537821	42	STIM=e
18542378	42	RESP=1
18555251	42	STIM=w
18560160	42	RESP=1
18570946	42	STIM=6
18574857	42	RESP=2
18587542	42	STIM=i
18590034	42	RESP=1
18604782	42	STIM=7
18612494	42	RESP=2
18622783	42	STIM=w
18627795	42	RESP=1
18638912	42	STIM=a
18644070	42	RESP=1
18655287	42	STIM=g
18661156	42	RESP=1
18671918	42	STIM=e
18674964	42	RESP=1
18688192	42	STIM=w
18694649	42	RESP=1
18706047	42	STIM=l
18712658	42	RESP=1
18722943	42	STIM=n
18727338	42	RESP=1
18741109	42	STIM=4
18751634	42	RESP=2
18756270	42	STIM=c
18761832	42	RESP=1
18774732	42	STIM=5
18780662	42	RESP=2
18790677	42	STIM=i
18794279	42	RESP=1
18807434	42	STIM=y
18813838	42	RESP=1
18823354	42	STIM=3
18828388	42	RESP=2
18839519	42	STIM=f
18843181	42	RESP=1
18855299	42	STIM=p
18861726	42	RESP=1
18873548	42	STIM=k
18877508	42	RESP=1
18889138	42	STIM=h
18893048	42	RESP=1
18907209	42	STIM=6
18912580	42	RESP=2
18922721	42	STIM=r
18926150	42	RESP=1
18941585	42	STIM=n
18943989	42	RESP=2
18957863	42	STIM=c
18962053	42	RESP=1
18976197	42	STIM=s
18982697	42	RESP=1
18992618	42	STIM=h
18997202	42	RESP=1
19010601	42	STIM=5
19016183	42	RESP=2
19028906	42	STIM=6
19036486	42	RESP=2
19047805	42	STIM=n
19055645	42	RESP=1
19064901	42	STIM=n
19069219	42	RESP=1
19083553	42	STIM=4
19087410	42	RESP=2
19100512	42	STIM=m
19108776	42	RESP=1
19118063	42	STIM=b
19122708	42	RESP=1
19133124	42	STIM=i
19136811	42	RESP=1
19152118	42	STIM=l
19158078	42	RESP=1
19169261	42	STIM=a
19172849	42	RESP=1
19187451	42	STIM=r
19193771	42	RESP=1
19202503	42	STIM=e
19211244	42	RESP=1
19220707	42	STIM=4
19227695	42	RESP=2
19237593	42	STIM=c
19244870	42	RESP=1
19252866	42	STIM=f
19255652	42	RESP=1
19271587	42	STIM=n
19274874	42	RESP=1
19288178	42	STIM=s
19291247	42	RESP=1
19306175	42	STIM=f
19309237	42	RESP=1
19323148	42	STIM=l
19328291	42	RESP=1
19338826	42	STIM=5
19343733	42	RESP=2
19356139	42	STIM=l
19361265	42	RESP=1
19374825	42	STIM=y
19378851	42	RESP=1
19390246	42	STIM=p
19393209	42	RESP=1
19408927	42	STIM=t
19415978	42	RESP=1
19425730	42	STIM=x
19428905	42	RESP=1
19444148	42	STIM=q
19447052	42	RESP=1
19461572	42	STIM=l
19467042	42	RESP=1
19479279	42	STIM=x
19485805	42	RESP=1
19494501	42	STIM=t
19500307	42	RESP=1
19511126	42	STIM=j
19514056	42	RESP=1
19528862	42	STIM=x
19533757	42	RESP=1
19547368	42	STIM=e
19551522	42	RESP=1
19565004	42	STIM=a
19568906	42	RESP=1
19581009	42	STIM=v
19584066	42	RESP=1
19599033	42	STIM=5
19602468	42	RESP=2
19615771	42	STIM=9
19621227	42	RESP=2
19633803	42	STIM=o
19637566	42	RESP=1
19651476	42	STIM=d
19655847	42	RESP=1
19669390	42	STIM=x
19672952	42	RESP=1
19686255	42	STIM=n
19698024	42	RESP=2
19701926	42	STIM=7
19707011	42	RESP=2
19718046	42	STIM=x
19723765	42	RESP=1
19735321	42	STIM=8
19739181	42	RESP=1
19751924	42	STIM=c
19755276	42	RESP=1
19767297	42	STIM=p
19772878	42	RESP=2
19783689	42	STIM=v
19786380	42	RESP=1
19801307	42	STIM=q
19806271	42	RESP=1
19817349	42	STIM=m
19821986	42	RESP=1
19834727	42	STIM=m
19842551	42	RESP=1
19852622	42	STIM=c
19859559	42	RESP=1
19870016	42	STIM=s
19875465	42	RESP=1
19888466	42	STIM=o
19892751	42	RESP=2
19906381	42	STIM=q
19909835	42	RESP=1
19921634	42	STIM=v
19929272	42	RESP=1
19938959	42	STIM=q
19943864	42	RESP=1
19955092	42	STIM=a
19958452	42	RESP=1
19971550	42	STIM=4
19975986	42	RESP=2
19988419	42	STIM=p
19992969	42	RESP=1
20005239	42	STIM=m
20012105	42	RESP=1
20022870	42	STIM=h
20026167	42	RESP=1
20037936	42	STIM=3
20042374	42	RESP=1
20056330	42	STIM=o
20059856	42	RESP=1
20072637	42	STIM=8
20077109	42	RESP=2
20088866	42	STIM=2
20093959	42	RESP=1
20105973	42	STIM=h
20108483	42	RESP=1
20121029	42	STIM=k
20126789	42	RESP=1
20137374	42	STIM=z
20145995	42	RESP=1
20153757	42	STIM=y
20157624	42	RESP=1
20171234	42	STIM=j
20175916	42	RESP=1
20188269	42	STIM=p
20195739	42	RESP=1
20206326	42	STIM=o
20211796	42	RESP=1
20224767	42	STIM=r
20228082	42	RESP=1
20243691	42	STIM=c
20247290	42	RESP=1
20260854	42	STIM=g
20266439	42	RESP=1
20279021	42	STIM=p
20283493	42	RESP=1
20296597	42	STIM=w
20302144	42	RESP=1
20312893	42	STIM=h
20316259	42	RESP=1
20329505	42	STIM=b
20332643	42	RESP=1
20345747	42	STIM=s
20348973	42	RESP=1
20361405	42	STIM=7
20365446	42	RESP=2
20377878	42	STIM=q
20382195	42	RESP=1
20396642	42	STIM=g
20401277	42	RESP=1
20411852	42	STIM=3
20417153	42	RESP=2
20426858	42	STIM=e
20431703	42	RESP=1
20443491	42	STIM=p
20449835	42	RESP=1
20461397	42	STIM=b
20467964	42	RESP=2
20479984	42	STIM=5
20488026	42	RESP=2
20495306	42	STIM=l
20497849	42	RESP=1
20511123	42	STIM=o
20515076	42	RESP=1
20526373	42	STIM=3
20534643	42	RESP=2
20542638	42	STIM=x
20546794	42	RESP=1
20560167	42	STIM=z
20564508	42	RESP=1
20578729	42	STIM=n
20586468	42	RESP=1
20597167	42	STIM=n
20603300	42	RESP=1
20615531	42	STIM=f
20618593	42	RESP=2
20634247	42	STIM=4
20638310	42	RESP=2
20650718	42	STIM=y
20656425	42	RESP=1
20669107	42	STIM=3
20677566	42	RESP=2
20686725	42	STIM=f
20691350	42	RESP=1
20703084	42	STIM=k
20705727	42	RESP=1
20718317	42	STIM=6
20726416	42	RESP=2
20735873	42	STIM=i
20740243	42	RESP=1
20752689	42	STIM=b
20758904	42	RESP=1
20771262	42	STIM=g
20775980	42	RESP=1
20788443	42	STIM=s
20792062	42	RESP=1
20806872	42	STIM=l
20810794	42	RESP=1
20825835	42	STIM=f
20832430	42	RESP=1
20843390	42	STIM=p
20851359	42	RESP=1
20860362	42	STIM=9
20865729	42	RESP=2
20879212	42	STIM=m
20884415	42	RESP=1
20895672	42	STIM=4
20900592	42	RESP=2
20912977	42	STIM=t
20918963	42	RESP=1
20930972	42	STIM=b
20936809	42	RESP=1
20949852	42	STIM=9
20955808	42	RESP=2
20966190	42	STIM=g
20972992	42	RESP=1
20981819	42	STIM=g
20984879	42	RESP=1
20999899	42	STIM=z
21004785	42	RESP=1
21018400	42	STIM=x
21023266	42	RESP=1
21034457	42	STIM=x
21043356	42	RESP=1
21052572	42	STIM=z
21057480	42	RESP=1
21069306	42	STIM=6
21075641	42	RESP=2
21088012	42	STIM=5
21091654	42	RESP=2
21105758	42	STIM=w
21112540	42	RESP=1
21122316	42	STIM=q
21126739	42	RESP=1
21137406	42	STIM=g
21140880	42	RESP=1
21153021	42	STIM=k
21156024	42	RESP=1
21169373	42	STIM=f
21175095	42	RESP=1
21185870	42	STIM=f
21189675	42	RESP=1
21201466	42	STIM=e
21205746	42	RESP=1
21220158	42	STIM=m
21228411	42	RESP=1
21236628	42	STIM=k
21241231	42	RESP=1
21255597	42	STIM=x
21261289	42	RESP=2
21270935	42	STIM=a
21274025	42	RESP=1
21288488	42	STIM=1
21296165	42	RESP=2
21306100	42	STIM=9
21315519	42	RESP=1
21321455	42	STIM=s
21326238	42	RESP=1
21336685	42	STIM=b
21340685	42	RESP=1
21355109	42	STIM=m
21358320	42	RESP=2
21370583	42	STIM=i
21375041	42	RESP=1
21386268	42	STIM=a
21392754	42	RESP=1
21405013	42	STIM=u
21410114	42	RESP=1
21420050	42	STIM=p
21424736	42	RESP=1
21435939	42	STIM=e
21440670	42	RESP=1
21451564	42	STIM=o
21455287	42	RESP=1
21467398	42	STIM=5
21473459	42	RESP=2
21482651	42	STIM=r
21490548	42	RESP=1
21500624	42	STIM=w
21507792	42	RESP=1
21519263	42	STIM=5
21525162	42	RESP=2
21537353	42	STIM=1
21542950	42	RESP=2
21555659	42	STIM=b
21559131	42	RESP=1
21572991	42	STIM=d
21578293	42	RESP=1
21589155	42	STIM=w
21595077	42	RESP=2
21605599	42	STIM=l
21609796	42	RESP=2
21623047	42	STIM=5
21627415	42	RESP=2
21638537	42	STIM=z
21642087	42	RESP=1
21657102	42	STIM=9
21660773	42	RESP=2
21675906	42	STIM=r
21679557	42	RESP=1
21692383	42	STIM=4
21697630	42	RESP=2
21708439	42	STIM=7
21714930	42	RESP=2
21726002	42	STIM=g
21731063	42	RESP=1
21744976	42	STIM=j
21749822	42	RESP=1
