# Original filename: 0015_TSP_2017-04-13.log
# Time unit: 100 us
# RARECAT=digit
#
# Time	HHGG	Event
37890	42	STIM=4
41223	42	RESP=2
54388	42	STIM=6
57977	42	RESP=2
72188	42	STIM=c
78722	42	RESP=1
90750	42	STIM=s
96151	42	RESP=1
107790	42	STIM=p
111082	42	RESP=1
126769	42	STIM=8
132607	42	RESP=2
142414	42	STIM=7
148014	42	RESP=2
157945	42	STIM=d
166045	42	RESP=1
176101	42	STIM=d
182327	42	RESP=1
191228	42	STIM=r
194236	42	RESP=1
209902	42	STIM=9
216746	42	RESP=1
225791	42	STIM=c
228955	42	RESP=1
242848	42	STIM=n
246211	42	RESP=1
260698	42	STIM=p
267055	42	RESP=1
279014	42	STIM=b
282457	42	RESP=1
296806	42	STIM=o
303388	42	RESP=1
313421	42	STIM=i
321733	42	RESP=1
331279	42	STIM=z
337394	42	RESP=1
349693	42	STIM=k
353536	42	RESP=1
367581	42	STIM=f
370435	42	RESP=1
385988	42	STIM=c
390678	42	RESP=1
402191	42	STIM=b
410639	42	RESP=1
420881	42	STIM=l
423932	42	RESP=2
436637	42	STIM=y
441816	42	RESP=1
451970	42	STIM=n
455286	42	RESP=1
468076	42	STIM=l
473744	42	RESP=1
484225	42	STIM=m
490406	42	RESP=1
503099	42	STIM=8
509894	42	RESP=2
520810	42	STIM=j
525348	42	RESP=1
539348	42	STIM=u
547127	42	RESP=1
557553	42	STIM=9
562076	42	RESP=2
572744	42	STIM=n
575337	42	RESP=1
590943	42	STIM=g
595631	42	RESP=1
605976	42	STIM=m
611559	42	RESP=1
622603	42	STIM=r
625628	42	RESP=1
638123	42	STIM=r
642905	42	RESP=1
656873	42	STIM=b
665934	42	RESP=1
673294	42	STIM=y
677166	42	RESP=1
690888	42	STIM=c
694633	42	RESP=1
709436	42	STIM=x
713607	42	RESP=1
727244	42	STIM=f
730041	42	RESP=1
744428	42	STIM=d
747433	42	RESP=1
763354	42	STIM=z
766289	42	RESP=1
779682	42	STIM=j
783901	42	RESP=1
796311	42	STIM=4
803098	42	RESP=2
812001	42	STIM=r
818754	42	RESP=1
830844	42	STIM=i
840011	42	RESP=1
847151	42	STIM=w
851249	42	RESP=1
865450	42	STIM=s
868646	42	RESP=1
881740	42	STIM=c
885265	42	RESP=1
899779	42	STIM=q
903704	42	RESP=1
916238	42	STIM=a
923660	42	RESP=1
931513	42	STIM=6
937442	42	RESP=2
946543	42	STIM=w
954778	42	RESP=1
963536	42	STIM=c
966029	42	RESP=1
981694	42	STIM=0
989313	42	RESP=2
997672	42	STIM=s
1003378	42	RESP=1
1014085	42	STIM=5
1023103	42	RESP=2
1031499	42	STIM=x
1036302	42	RESP=1
1047082	42	STIM=a
1050728	42	RESP=1
1065856	42	STIM=e
1070502	42	RESP=1
1084784	42	STIM=m
1089291	42	RESP=1
1101606	42	STIM=n
1105379	42	RESP=1
1117080	42	STIM=y
1120866	42	RESP=1
1132453	42	STIM=1
1136703	42	RESP=2
1150859	42	STIM=c
1155690	42	RESP=1
1169827	42	STIM=2
1175095	42	RESP=2
1187606	42	STIM=c
1191555	42	RESP=1
1205484	42	STIM=i
1212760	42	RESP=1
1222154	42	STIM=s
1225283	42	RESP=1
1239002	42	STIM=t
1241847	42	RESP=1
1257296	42	STIM=f
1260614	42	RESP=1
1273245	42	STIM=e
1277560	42	RESP=1
1288855	42	STIM=4
1293794	42	RESP=2
1307356	42	STIM=w
1313219	42	RESP=1
1323796	42	STIM=o
1327712	42	RESP=1
1342621	42	STIM=e
1350504	42	RESP=1
1360750	42	STIM=1
1364917	42	RESP=2
1377709	42	STIM=x
1381928	42	RESP=1
1395939	42	STIM=x
1400271	42	RESP=1
1410975	42	STIM=v
1415570	42	RESP=1
1429267	42	STIM=h
1433573	42	RESP=1
1444917	42	STIM=6
1448223	42	RESP=2
1462787	42	STIM=s
1466918	42	RESP=1
1481052	42	STIM=a
1484915	42	RESP=1
1499913	42	STIM=a
1506113	42	RESP=1
1515967	42	STIM=o
1524828	42	RESP=1
1533103	42	STIM=y
1538658	42	RESP=1
1551208	42	STIM=v
1554577	42	RESP=1
1569935	42	STIM=1
1573281	42	RESP=1
1588459	42	STIM=g
1593269	42	RESP=1
1604536	42	STIM=o
1607819	42	RESP=1
1622825	42	STIM=t
1627890	42	RESP=1
1640281	42	STIM=y
1645526	42	RESP=1
1656303	42	STIM=v
1663486	42	RESP=1
1673004	42	STIM=l
1677240	42	RESP=1
1691285	42	STIM=g
1697940	42	RESP=1
1710175	42	STIM=h
1713951	42	RESP=1
1729166	42	STIM=f
1732687	42	RESP=1
1746118	42	STIM=k
1749397	42	RESP=1
1762027	42	STIM=u
1769952	42	RESP=1
1778600	42	STIM=8
1782546	42	RESP=2
1794251	42	STIM=a
1800040	42	RESP=1
1810919	42	STIM=l
1816543	42	RESP=1
1827787	42	STIM=k
1835154	42	RESP=1
1846263	42	STIM=v
1850382	42	RESP=1
1864212	42	STIM=r
1871089	42	RESP=1
1882162	42	STIM=0
1888047	42	RESP=2
1898567	42	STIM=c
1905954	42	RESP=1
1915953	42	STIM=f
1919238	42	RESP=1
1933278	42	STIM=z
1939640	42	RESP=1
1949120	42	STIM=b
1952416	42	RESP=1
1966265	42	STIM=x
1972530	42	RESP=1
1981313	42	STIM=0
1987035	42	RESP=2
1998006	42	STIM=o
2001788	42	RESP=1
2016137	42	STIM=j
2019312	42	RESP=1
2034341	42	STIM=t
2038820	42	RESP=1
2049482	42	STIM=g
2052227	42	RESP=1
2068378	42	STIM=f
2074477	42	RESP=1
2086908	42	STIM=n
2093785	42	RESP=1
2102997	42	STIM=l
2108688	42	RESP=1
2119222	42	STIM=7
2123016	42	RESP=2
2135889	42	STIM=u
2140369	42	RESP=1
2151346	42	STIM=1
2156625	42	RESP=2
2168325	42	STIM=a
2171123	42	RESP=1
2186984	42	STIM=q
2193119	42	RESP=1
2203117	42	STIM=r
2208595	42	RESP=1
2220200	42	STIM=2
2226335	42	RESP=2
2238153	42	STIM=0
2242148	42	RESP=2
2256426	42	STIM=r
2265044	42	RESP=1
2274616	42	STIM=o
2280387	42	RESP=1
2291047	42	STIM=9
2296344	42	RESP=2
2308195	42	STIM=q
2311999	42	RESP=1
2323838	42	STIM=i
2328146	42	RESP=1
2338891	42	STIM=y
2344187	42	RESP=1
2354370	42	STIM=j
2358848	42	RESP=1
2372322	42	STIM=q
2376274	42	RESP=1
2389471	42	STIM=5
2396398	42	RESP=2
2406855	42	STIM=s
2410314	42	RESP=1
2421870	42	STIM=n
2425427	42	RESP=1
2440429	42	STIM=d
2445314	42	RESP=1
2458888	42	STIM=h
2464991	42	RESP=1
2474223	42	STIM=y
2479491	42	RESP=1
2491546	42	STIM=7
2495792	42	RESP=2
2508790	42	STIM=0
2515607	42	RESP=2
2526843	42	STIM=2
2529926	42	RESP=2
2542321	42	STIM=k
2545436	42	RESP=1
2559743	42	STIM=v
2565894	42	RESP=1
2577823	42	STIM=0
2585276	42	RESP=2
2592946	42	STIM=k
2597022	42	RESP=1
2610176	42	STIM=3
2616794	42	RESP=2
2625394	42	STIM=i
2629845	42	RESP=1
2640898	42	STIM=p
2646098	42	RESP=1
2658434	42	STIM=k
2663277	42	RESP=1
2673517	42	STIM=h
2678108	42	RESP=1
2691426	42	STIM=0
2698505	42	RESP=2
2710141	42	STIM=l
2714226	42	RESP=1
2726381	42	STIM=1
2730448	42	RESP=2
2741649	42	STIM=d
2750329	42	RESP=1
2758288	42	STIM=u
2762557	42	RESP=1
2776405	42	STIM=z
2781393	42	RESP=1
2794499	42	STIM=j
2798644	42	RESP=1
2810528	42	STIM=r
2815127	42	RESP=1
2827667	42	STIM=j
2836052	42	RESP=1
2846211	42	STIM=g
2849134	42	RESP=1
2863111	42	STIM=z
2869115	42	RESP=1
2881940	42	STIM=w
2884557	42	RESP=1
2898641	42	STIM=w
2902871	42	RESP=1
2914245	42	STIM=x
2917824	42	RESP=1
2929528	42	STIM=f
2935068	42	RESP=2
2946090	42	STIM=5
2952551	42	RESP=2
2963510	42	STIM=f
2972672	42	RESP=1
2982027	42	STIM=t
2985460	42	RESP=1
2998120	42	STIM=y
3003163	42	RESP=1
3013808	42	STIM=8
3018682	42	RESP=2
3029680	42	STIM=2
3036735	42	RESP=2
3045743	42	STIM=q
3049298	42	RESP=1
3061851	42	STIM=a
3067132	42	RESP=1
3079292	42	STIM=1
3084570	42	RESP=2
3097241	42	STIM=8
3105666	42	RESP=2
3114115	42	STIM=4
3122531	42	RESP=1
3131901	42	STIM=4
3136809	42	RESP=2
3147554	42	STIM=n
3152313	42	RESP=1
3163471	42	STIM=i
3167707	42	RESP=1
3180536	42	STIM=6
3184159	42	RESP=2
3196509	42	STIM=u
3201427	42	RESP=1
3213594	42	STIM=k
3216544	42	RESP=1
3231802	42	STIM=n
3236568	42	RESP=1
3250695	42	STIM=u
3259755	42	RESP=1
3267321	42	STIM=4
3273154	42	RESP=2
3284724	42	STIM=f
3290100	42	RESP=1
3301136	42	STIM=e
3308004	42	RESP=2
3317338	42	STIM=x
3320128	42	RESP=1
3335845	42	STIM=s
3338495	42	RESP=1
3352083	42	STIM=q
3357213	42	RESP=1
3369958	42	STIM=d
3376119	42	RESP=1
3387566	42	STIM=p
3392186	42	RESP=1
3403594	42	STIM=t
3407161	42	RESP=1
3421462	42	STIM=y
3425945	42	RESP=1
3437218	42	STIM=x
3444243	42	RESP=1
3455342	42	STIM=7
3460681	42	RESP=2
3470461	42	STIM=p
3474742	42	RESP=1
3487027	42	STIM=p
3491497	42	RESP=1
3502088	42	STIM=p
3506832	42	RESP=1
3519050	42	STIM=g
3522115	42	RESP=1
3537194	42	STIM=x
3540321	42	RESP=1
3553700	42	STIM=c
3558357	42	RESP=1
3569312	42	STIM=2
3574230	42	RESP=2
3586803	42	STIM=g
3593256	42	RESP=1
3604296	42	STIM=n
3609954	42	RESP=1
3622346	42	STIM=s
3625075	42	RESP=1
3640699	42	STIM=v
3647754	42	RESP=1
3657823	42	STIM=j
3661754	42	RESP=1
3674234	42	STIM=u
3680975	42	RESP=1
3689817	42	STIM=s
3694933	42	RESP=1
3705885	42	STIM=o
3711700	42	RESP=1
3722488	42	STIM=x
3727703	42	RESP=1
3738602	42	STIM=0
3746176	42	RESP=2
3754903	42	STIM=h
3761388	42	RESP=1
3772478	42	STIM=r
3779366	42	RESP=1
3788098	42	STIM=g
3794283	42	RESP=1
3804741	42	STIM=8
3808570	42	RESP=2
3820428	42	STIM=s
3825289	42	RESP=1
3835998	42	STIM=y
3839149	42	RESP=1
3853971	42	STIM=x
3857754	42	RESP=1
3871279	42	STIM=3
3880190	42	RESP=2
3889641	42	STIM=v
3893990	42	RESP=1
3908497	42	STIM=g
3912496	42	RESP=1
3926815	42	STIM=t
3932228	42	RESP=1
3942297	42	STIM=d
3944888	42	RESP=1
3958708	42	STIM=t
3963879	42	RESP=1
3973972	42	STIM=3
3979544	42	RESP=2
3990035	42	STIM=k
3996253	42	RESP=1
4007095	42	STIM=1
4013148	42	RESP=2
4023956	42	STIM=v
4031806	42	RESP=1
4040729	42	STIM=q
4044164	42	RESP=1
4059608	42	STIM=t
4064596	42	RESP=1
4074863	42	STIM=o
4079862	42	RESP=1
4092427	42	STIM=b
4095784	42	RESP=1
4108298	42	STIM=d
4113902	42	RESP=1
4124740	42	STIM=h
4131670	42	RESP=1
4140296	42	STIM=x
4147305	42	RESP=1
4156999	42	STIM=u
4162035	42	RESP=1
4173315	42	STIM=c
4180292	42	RESP=1
4192100	42	STIM=s
4196944	42	RESP=1
4208051	42	STIM=r
4213537	42	RESP=1
4224517	42	STIM=f
4230598	42	RESP=1
4240195	42	STIM=n
4245822	42	RESP=2
4257720	42	STIM=s
4261518	42	RESP=1
4274991	42	STIM=c
4279867	42	RESP=1
4291852	42	STIM=n
4294792	42	RESP=1
4309020	42	STIM=5
4314930	42	RESP=2
4324287	42	STIM=1
4335123	42	RESP=2
4341137	42	STIM=c
4346638	42	RESP=1
4357834	42	STIM=a
4361846	42	RESP=1
4376112	42	STIM=6
4384728	42	RESP=2
4392890	42	STIM=o
4396559	42	RESP=1
4410090	42	STIM=c
4412543	42	RESP=1
4428295	42	STIM=h
4431875	42	RESP=1
4444009	42	STIM=c
4449572	42	RESP=1
4462673	42	STIM=h
4466238	42	RESP=1
4481176	42	STIM=w
4488451	42	RESP=1
4498329	42	STIM=k
4505461	42	RESP=1
4514928	42	STIM=r
4520945	42	RESP=1
4533671	42	STIM=r
4540775	42	RESP=1
4550008	42	STIM=t
4553303	42	RESP=1
4567597	42	STIM=9
4571594	42	RESP=2
4586582	42	STIM=g
4590934	42	RESP=1
4603511	42	STIM=t
4606693	42	RESP=1
4622121	42	STIM=8
4626673	42	RESP=2
4639625	42	STIM=a
4642192	42	RESP=1
4657506	42	STIM=5
4662947	42	RESP=2
4673302	42	STIM=a
4679146	42	RESP=1
4690390	42	STIM=p
4699363	42	RESP=1
4707869	42	STIM=i
4716802	42	RESP=1
4723871	42	STIM=v
4729575	42	RESP=1
4741202	42	STIM=k
4748881	42	RESP=1
4756675	42	STIM=i
4761088	42	RESP=1
4772345	42	STIM=g
4777791	42	RESP=1
4787851	42	STIM=c
4795313	42	RESP=1
4803929	42	STIM=d
4810074	42	RESP=1
4821381	42	STIM=s
4823909	42	RESP=2
4839175	42	STIM=h
4843236	42	RESP=1
4857282	42	STIM=a
4865953	42	RESP=1
4873763	42	STIM=d
4879442	42	RESP=1
4889665	42	STIM=q
4894439	42	RESP=1
4907555	42	STIM=u
4913802	42	RESP=1
4925564	42	STIM=b
4929024	42	RESP=1
4942803	42	STIM=h
4949143	42	RESP=1
4960859	42	STIM=b
4966248	42	RESP=1
4979715	42	STIM=6
4986860	42	RESP=2
4998306	42	STIM=y
5003609	42	RESP=1
5016963	42	STIM=d
5023129	42	RESP=1
5035011	42	STIM=o
5040135	42	RESP=1
5050317	42	STIM=1
5055074	42	RESP=1
5065525	42	STIM=t
5068529	42	RESP=1
5082480	42	STIM=6
5086120	42	RESP=2
5101450	42	STIM=6
5106790	42	RESP=2
5118962	42	STIM=v
5125694	42	RESP=1
5136758	42	STIM=q
5141216	42	RESP=1
5154331	42	STIM=t
5158329	42	RESP=1
5169387	42	STIM=m
5172972	42	RESP=1
5185027	42	STIM=w
5187765	42	RESP=1
5201631	42	STIM=u
5204190	42	RESP=1
5219582	42	STIM=e
5223713	42	RESP=1
5235966	42	STIM=c
5241021	42	RESP=1
5254361	42	STIM=o
5257235	42	RESP=1
5271989	42	STIM=b
5276688	42	RESP=1
5290965	42	STIM=w
5294962	42	RESP=1
5308138	42	STIM=6
5312310	42	RESP=2
5326380	42	STIM=j
5329452	42	RESP=1
5341728	42	STIM=v
5345307	42	RESP=1
5356759	42	STIM=l
5362651	42	RESP=1
5374167	42	STIM=3
5378094	42	RESP=2
5390618	42	STIM=n
5395599	42	RESP=1
5406157	42	STIM=4
5413133	42	RESP=2
5423722	42	STIM=g
5429246	42	RESP=1
5440585	42	STIM=5
5445060	42	RESP=2
5457788	42	STIM=c
5461339	42	RESP=1
5475779	42	STIM=u
5480102	42	RESP=1
5493885	42	STIM=i
5496630	42	RESP=1
5510763	42	STIM=g
5513966	42	RESP=1
5526074	42	STIM=y
5531767	42	RESP=1
5544965	42	STIM=9
5551885	42	RESP=1
5563023	42	STIM=x
5567738	42	RESP=1
5578324	42	STIM=q
5584891	42	RESP=1
5593723	42	STIM=w
5598296	42	RESP=1
5609879	42	STIM=y
5614358	42	RESP=1
5627009	42	STIM=f
5631529	42	RESP=1
5645438	42	STIM=u
5650542	42	RESP=1
5661534	42	STIM=e
5667395	42	RESP=1
5678128	42	STIM=l
5681396	42	RESP=1
5696159	42	STIM=p
5702748	42	RESP=1
5713859	42	STIM=f
5718311	42	RESP=1
5730932	42	STIM=n
5736113	42	RESP=1
5746246	42	STIM=3
5750637	42	RESP=2
5763315	42	STIM=w
5767370	42	RESP=1
5781955	42	STIM=i
5787178	42	RESP=1
5797548	42	STIM=d
5802941	42	RESP=1
5813192	42	STIM=f
5820154	42	RESP=1
5829588	42	STIM=r
5832406	42	RESP=1
5847058	42	STIM=a
5850320	42	RESP=1
5864232	42	STIM=a
5868554	42	RESP=1
5879886	42	STIM=o
5883614	42	RESP=1
5895533	42	STIM=q
5899098	42	RESP=1
5913443	42	STIM=8
5917692	42	RESP=2
5929807	42	STIM=q
5938302	42	RESP=1
5945260	42	STIM=e
5948508	42	RESP=1
5964220	42	STIM=e
5968487	42	RESP=1
5981222	42	STIM=6
5987486	42	RESP=2
5997208	42	STIM=n
6001046	42	RESP=1
6012902	42	STIM=7
6016945	42	RESP=1
6031421	42	STIM=p
6036254	42	RESP=1
6049445	42	STIM=z
6053258	42	RESP=1
6067248	42	STIM=k
6073580	42	RESP=1
6084839	42	STIM=k
6090811	42	RESP=1
6103231	42	STIM=l
6105908	42	RESP=1
6121473	42	STIM=3
6126271	42	RESP=2
6138149	42	STIM=z
6146134	42	RESP=1
6156661	42	STIM=6
6163239	42	RESP=2
6174636	42	STIM=w
6184421	42	RESP=1
6193216	42	STIM=g
6200308	42	RESP=1
6210670	42	STIM=w
6215505	42	RESP=1
6226531	42	STIM=c
6235349	42	RESP=1
6244578	42	STIM=o
6248449	42	RESP=1
6262309	42	STIM=e
6267572	42	RESP=1
6279722	42	STIM=8
6283340	42	RESP=2
6296613	42	STIM=6
6305036	42	RESP=2
6314375	42	STIM=s
6318627	42	RESP=1
6330568	42	STIM=s
6333109	42	RESP=1
6348795	42	STIM=a
6352038	42	RESP=1
6366357	42	STIM=q
6372409	42	RESP=1
6382801	42	STIM=j
6388433	42	RESP=1
6398823	42	STIM=l
6402012	42	RESP=1
6413866	42	STIM=j
6421893	42	RESP=1
6431180	42	STIM=m
6437960	42	RESP=1
6448474	42	STIM=5
6456582	42	RESP=2
6465849	42	STIM=7
6476696	42	RESP=2
6481079	42	STIM=a
6483556	42	RESP=1
6496270	42	STIM=w
6500459	42	RESP=1
6513519	42	STIM=6
6518740	42	RESP=2
6529391	42	STIM=x
6533766	42	RESP=2
6546726	42	STIM=3
6552729	42	RESP=2
6564956	42	STIM=u
6570173	42	RESP=1
6581445	42	STIM=n
6589246	42	RESP=1
6598258	42	STIM=l
6605789	42	RESP=1
6613537	42	STIM=c
6617503	42	RESP=1
6629091	42	STIM=k
6631876	42	RESP=1
6645234	42	STIM=f
6651355	42	RESP=1
6664187	42	STIM=4
6673072	42	RESP=2
6682087	42	STIM=p
6684756	42	RESP=1
6697315	42	STIM=r
6701255	42	RESP=1
6714439	42	STIM=y
6720239	42	RESP=1
6732622	42	STIM=m
6739769	42	RESP=1
6750848	42	STIM=4
6756552	42	RESP=2
6768101	42	STIM=w
6772367	42	RESP=1
6785468	42	STIM=o
6791303	42	RESP=1
6803934	42	STIM=b
6809228	42	RESP=1
6821095	42	STIM=r
6825899	42	RESP=1
6839038	42	STIM=l
6843713	42	RESP=1
6854069	42	STIM=m
6858557	42	RESP=1
6869699	42	STIM=o
6872753	42	RESP=1
6886449	42	STIM=w
6891835	42	RESP=1
6903288	42	STIM=y
6907743	42	RESP=1
6919578	42	STIM=x
6922472	42	RESP=1
6936444	42	STIM=w
6941513	42	RESP=1
6954936	42	STIM=6
6960568	42	RESP=2
6971477	42	STIM=p
6975054	42	RESP=1
6987481	42	STIM=0
6994707	42	RESP=2
7004693	42	STIM=t
7009866	42	RESP=2
7023525	42	STIM=s
7028015	42	RESP=1
7041825	42	STIM=v
7044901	42	RESP=1
7059294	42	STIM=w
7066065	42	RESP=1
7074895	42	STIM=r
7079962	42	RESP=1
7093105	42	STIM=a
7096983	42	RESP=1
7110255	42	STIM=m
7113646	42	RESP=1
7128799	42	STIM=n
7133077	42	RESP=1
7144725	42	STIM=7
7150930	42	RESP=1
7162949	42	STIM=q
7166904	42	RESP=1
7181418	42	STIM=y
7186135	42	RESP=1
7196771	42	STIM=r
7201803	42	RESP=1
7212405	42	STIM=v
7217677	42	RESP=1
7227923	42	STIM=a
7233475	42	RESP=1
7243847	42	STIM=z
7251798	42	RESP=1
7262512	42	STIM=b
7269350	42	RESP=1
7278270	42	STIM=h
7282420	42	RESP=1
7294229	42	STIM=s
7298554	42	RESP=1
7310906	42	STIM=w
7314220	42	RESP=1
7329637	42	STIM=7
7338983	42	RESP=2
7346305	42	STIM=n
7353454	42	RESP=1
7361433	42	STIM=t
7369954	42	RESP=1
7377473	42	STIM=m
7381982	42	RESP=1
7394580	42	STIM=0
7400274	42	RESP=2
7411037	42	STIM=v
7416427	42	RESP=1
7429885	42	STIM=4
7436720	42	RESP=2
7445878	42	STIM=2
7451112	42	RESP=2
7461772	42	STIM=i
7465363	42	RESP=1
7477705	42	STIM=9
7487157	42	RESP=2
7492892	42	STIM=j
7496670	42	RESP=1
7510461	42	STIM=h
7515617	42	RESP=1
7525817	42	STIM=g
7530643	42	RESP=1
7541329	42	STIM=b
7544705	42	RESP=1
7559767	42	STIM=b
7568254	42	RESP=1
7577351	42	STIM=c
7580296	42	RESP=1
7592788	42	STIM=x
7600158	42	RESP=1
7609788	42	STIM=4
7615256	42	RESP=2
7628710	42	STIM=8
7632885	42	RESP=2
7645694	42	STIM=r
7649232	42	RESP=1
7662915	42	STIM=x
7667668	42	RESP=1
7680228	42	STIM=y
7683742	42	RESP=1
7698990	42	STIM=i
7702761	42	RESP=1
7715842	42	STIM=m
7719162	42	RESP=1
7734763	42	STIM=y
7739365	42	RESP=1
7753280	42	STIM=t
7756624	42	RESP=1
7772259	42	STIM=a
7774840	42	RESP=1
7791144	42	STIM=r
7801222	42	RESP=1
7810014	42	STIM=i
7817834	42	RESP=1
7825560	42	STIM=s
7829869	42	RESP=2
7844289	42	STIM=p
7848630	42	RESP=1
7862688	42	STIM=2
7867583	42	RESP=2
7879000	42	STIM=a
7882152	42	RESP=1
7894327	42	STIM=v
7901796	42	RESP=1
7910894	42	STIM=i
7914131	42	RESP=1
7926460	42	STIM=a
7931368	42	RESP=1
7943645	42	STIM=y
7948641	42	RESP=1
7960570	42	STIM=g
7964928	42	RESP=1
7976613	42	STIM=o
7984744	42	RESP=1
7995010	42	STIM=m
8001975	42	RESP=1
8011136	42	STIM=5
8017919	42	RESP=2
8028090	42	STIM=k
8033671	42	RESP=1
8046786	42	STIM=m
8049580	42	RESP=1
8064537	42	STIM=7
8068979	42	RESP=2
8080435	42	STIM=z
8084687	42	RESP=1
8096773	42	STIM=z
8100856	42	RESP=1
8115377	42	STIM=w
8121537	42	RESP=1
8132068	42	STIM=m
8135971	42	RESP=1
8147746	42	STIM=s
8150964	42	RESP=1
8163693	42	STIM=d
8167349	42	RESP=1
8180770	42	STIM=p
8183823	42	RESP=1
8199494	42	STIM=7
8203698	42	RESP=2
8217321	42	STIM=8
8223789	42	RESP=2
8232421	42	STIM=w
8236668	42	RESP=1
8248505	42	STIM=e
8255288	42	RESP=1
8267162	42	STIM=w
8273607	42	RESP=1
8285982	42	STIM=k
8293568	42	RESP=1
8302334	42	STIM=d
8305768	42	RESP=1
8319911	42	STIM=l
8323333	42	RESP=1
8335046	42	STIM=q
8339659	42	RESP=1
8351489	42	STIM=7
8360959	42	RESP=2
8369426	42	STIM=m
8374215	42	RESP=1
8388317	42	STIM=r
8392174	42	RESP=1
8406436	42	STIM=x
8412337	42	RESP=1
8424481	42	STIM=m
8430531	42	RESP=1
8443282	42	STIM=d
8447519	42	RESP=1
8462255	42	STIM=t
8467755	42	RESP=1
8479746	42	STIM=i
8485552	42	RESP=1
8495280	42	STIM=l
8504956	42	RESP=1
8511083	42	STIM=d
8517404	42	RESP=1
8528743	42	STIM=y
8533594	42	RESP=1
8546330	42	STIM=1
8552554	42	RESP=2
8563121	42	STIM=r
8566139	42	RESP=1
8578334	42	STIM=m
8585836	42	RESP=1
8594917	42	STIM=n
8599031	42	RESP=1
8613243	42	STIM=k
8616823	42	RESP=1
8630444	42	STIM=s
8633941	42	RESP=1
8645985	42	STIM=t
8650116	42	RESP=2
8661836	42	STIM=1
8666659	42	RESP=2
8678929	42	STIM=l
8689979	42	RESP=1
8693978	42	STIM=8
8698657	42	RESP=2
8711534	42	STIM=2
8716121	42	RESP=2
8730177	42	STIM=o
8733374	42	RESP=1
8747850	42	STIM=7
8751896	42	RESP=2
8766628	42	STIM=x
8771184	42	RESP=1
8781711	42	STIM=h
8786525	42	RESP=1
8798953	42	STIM=o
8803001	42	RESP=1
8817519	42	STIM=c
8820225	42	RESP=1
8836324	42	STIM=c
8843067	42	RESP=1
8854696	42	STIM=r
8858037	42	RESP=1
8870377	42	STIM=n
8875792	42	RESP=2
8888604	42	STIM=o
8892136	42	RESP=1
8906291	42	STIM=l
8910455	42	RESP=1
8923033	42	STIM=e
8927382	42	RESP=1
8939360	42	STIM=g
8944317	42	RESP=1
8955261	42	STIM=s
8960543	42	RESP=1
8971583	42	STIM=e
8974272	42	RESP=1
8987185	42	STIM=z
8991632	42	RESP=1
9004860	42	STIM=8
9009614	42	RESP=2
9022915	42	STIM=m
9026966	42	RESP=1
9041645	42	STIM=u
9046555	42	RESP=1
9056889	42	STIM=z
9061994	42	RESP=1
9075778	42	STIM=v
9079062	42	RESP=1
9093855	42	STIM=2
9099667	42	RESP=2
9110826	42	STIM=a
9116312	42	RESP=1
9128333	42	STIM=v
9131967	42	RESP=1
9146043	42	STIM=o
9149935	42	RESP=1
9161213	42	STIM=1
9167516	42	RESP=2
9179805	42	STIM=d
9186922	42	RESP=1
9195385	42	STIM=i
9201569	42	RESP=1
9213278	42	STIM=2
9220727	42	RESP=2
9230760	42	STIM=q
9234119	42	RESP=1
9248441	42	STIM=m
9252511	42	RESP=1
9264431	42	STIM=h
9269049	42	RESP=1
9283384	42	STIM=m
9287097	42	RESP=1
9301546	42	STIM=o
9304473	42	RESP=1
9319009	42	STIM=2
9324648	42	RESP=2
9337656	42	STIM=i
9340139	42	RESP=1
9353763	42	STIM=e
9357383	42	RESP=1
9371539	42	STIM=w
9380079	42	RESP=1
9388950	42	STIM=c
9392543	42	RESP=1
9407475	42	STIM=9
9411249	42	RESP=1
9422716	42	STIM=i
9428503	42	RESP=1
9438776	42	STIM=m
9442065	42	RESP=1
9455561	42	STIM=z
9461353	42	RESP=1
9470860	42	STIM=7
9475904	42	RESP=2
9486571	42	STIM=n
9490060	42	RESP=1
9503538	42	STIM=e
9508053	42	RESP=1
9522253	42	STIM=8
9527837	42	RESP=2
9539394	42	STIM=a
9544361	42	RESP=1
9557158	42	STIM=p
9561732	42	RESP=1
9574000	42	STIM=e
9581352	42	RESP=1
9591183	42	STIM=r
9594533	42	RESP=1
9607638	42	STIM=b
9613583	42	RESP=1
9626353	42	STIM=e
9633595	42	RESP=1
9643099	42	STIM=j
9646339	42	RESP=1
9659216	42	STIM=9
9664873	42	RESP=2
9675510	42	STIM=j
9682301	42	RESP=1
9693513	42	STIM=y
9698644	42	RESP=1
9710848	42	STIM=x
9715899	42	RESP=1
9725993	42	STIM=d
9730725	42	RESP=1
9741064	42	STIM=b
9745274	42	RESP=1
9757086	42	STIM=k
9761293	42	RESP=1
9772514	42	STIM=d
9783120	42	RESP=1
9789559	42	STIM=7
9799197	42	RESP=1
9805279	42	STIM=c
9809151	42	RESP=1
9820448	42	STIM=7
9824985	42	RESP=2
9839227	42	STIM=l
9843554	42	RESP=1
9854277	42	STIM=b
9857496	42	RESP=1
9869349	42	STIM=m
9874326	42	RESP=1
9886373	42	STIM=i
9889572	42	RESP=1
9902023	42	STIM=n
9907840	42	RESP=1
9918018	42	STIM=t
9925687	42	RESP=1
9935132	42	STIM=e
9939344	42	RESP=1
9951009	42	STIM=d
9954720	42	RESP=1
9969308	42	STIM=t
9973122	42	RESP=1
9984743	42	STIM=l
9991503	42	RESP=1
10002827	42	STIM=i
10006727	42	RESP=1
10019510	42	STIM=r
10023024	42	RESP=1
10034530	42	STIM=i
10038971	42	RESP=1
10052111	42	STIM=x
10057343	42	RESP=1
10070323	42	STIM=0
10075081	42	RESP=2
10087269	42	STIM=g
10091502	42	RESP=1
10102850	42	STIM=8
10110738	42	RESP=2
10119005	42	STIM=0
10127242	42	RESP=2
10137524	42	STIM=y
10142010	42	RESP=1
10154779	42	STIM=6
10161054	42	RESP=2
10171819	42	STIM=8
10177133	42	RESP=2
10189364	42	STIM=u
10196295	42	RESP=1
10204929	42	STIM=7
10208408	42	RESP=2
10222597	42	STIM=7
10226423	42	RESP=2
10241078	42	STIM=1
10245486	42	RESP=2
10257704	42	STIM=k
10261701	42	RESP=1
10275685	42	STIM=y
10281442	42	RESP=1
10292650	42	STIM=s
10298339	42	RESP=1
10311416	42	STIM=f
10314320	42	RESP=1
10329555	42	STIM=y
10337301	42	RESP=1
10346818	42	STIM=0
10351199	42	RESP=2
10363871	42	STIM=u
10367908	42	RESP=1
10379379	42	STIM=p
10382390	42	RESP=1
10397296	42	STIM=c
10402881	42	RESP=1
10415388	42	STIM=k
10420815	42	RESP=2
10432194	42	STIM=4
10436622	42	RESP=2
10450918	42	STIM=5
10455486	42	RESP=2
10467275	42	STIM=t
10470644	42	RESP=1
10485023	42	STIM=s
10488415	42	RESP=1
10502739	42	STIM=2
10506726	42	RESP=2
10521623	42	STIM=2
10528273	42	RESP=2
10540223	42	STIM=c
10544379	42	RESP=1
10556647	42	STIM=5
10561684	42	RESP=2
10574192	42	STIM=6
10578302	42	RESP=2
10592370	42	STIM=j
10599156	42	RESP=1
10611090	42	STIM=b
10614187	42	RESP=1
10628624	42	STIM=d
10634077	42	RESP=1
10644917	42	STIM=9
10650545	42	RESP=2
10662119	42	STIM=r
10671306	42	RESP=1
10678270	42	STIM=q
10681842	42	RESP=1
10694277	42	STIM=v
10697046	42	RESP=1
10711706	42	STIM=d
10718988	42	RESP=1
10730312	42	STIM=3
10737470	42	RESP=2
10745775	42	STIM=x
10751626	42	RESP=1
10764556	42	STIM=a
10767600	42	RESP=1
10780518	42	STIM=v
10787109	42	RESP=1
10799128	42	STIM=d
10801704	42	RESP=1
10817028	42	STIM=h
10821265	42	RESP=1
10834611	42	STIM=c
10838439	42	RESP=1
10852722	42	STIM=f
10855863	42	RESP=1
10869725	42	STIM=c
10874310	42	RESP=1
10887850	42	STIM=q
10891099	42	RESP=1
10905595	42	STIM=k
10910581	42	RESP=1
10923065	42	STIM=m
10927669	42	RESP=1
10940531	42	STIM=l
10946050	42	RESP=1
10958666	42	STIM=3
10962500	42	RESP=2
10974147	42	STIM=e
10980298	42	RESP=1
10990196	42	STIM=d
10995623	42	RESP=1
11005344	42	STIM=z
11008997	42	RESP=1
11023586	42	STIM=z
11027120	42	RESP=1
11040573	42	STIM=h
11043898	42	RESP=1
11058766	42	STIM=y
11062136	42	RESP=1
11076674	42	STIM=4
11083810	42	RESP=2
11094523	42	STIM=2
11098684	42	RESP=1
11109685	42	STIM=0
11114363	42	RESP=2
11125160	42	STIM=w
11129874	42	RESP=1
11143207	42	STIM=k
11149574	42	RESP=1
11159715	42	STIM=i
11163985	42	RESP=1
11177117	42	STIM=c
11180646	42	RESP=1
11195819	42	STIM=y
11200368	42	RESP=1
11212330	42	STIM=s
11216664	42	RESP=1
11230827	42	STIM=4
11234897	42	RESP=2
11247826	42	STIM=2
11251404	42	RESP=2
11266039	42	STIM=a
11271939	42	RESP=1
11283326	42	STIM=q
11294308	42	RESP=1
11299208	42	STIM=4
11303693	42	RESP=2
11318070	42	STIM=e
11322997	42	RESP=1
11333354	42	STIM=o
11337038	42	RESP=1
11348731	42	STIM=m
11354107	42	RESP=1
11365925	42	STIM=g
11370669	42	RESP=1
11381427	42	STIM=5
11386144	42	RESP=2
11399650	42	STIM=w
11402964	42	RESP=1
11415797	42	STIM=3
11420398	42	RESP=1
11432407	42	STIM=f
11436228	42	RESP=1
11451314	42	STIM=l
11454057	42	RESP=1
11469700	42	STIM=q
11472821	42	RESP=1
11488312	42	STIM=2
11494172	42	RESP=2
11506487	42	STIM=2
11511529	42	RESP=2
11522020	42	STIM=n
11527912	42	RESP=1
11540785	42	STIM=t
11547474	42	RESP=1
11555832	42	STIM=8
11560308	42	RESP=2
11574605	42	STIM=e
11581501	42	RESP=1
11592248	42	STIM=o
11595637	42	RESP=1
11609260	42	STIM=p
11614706	42	RESP=1
11625929	42	STIM=t
11629675	42	RESP=1
11644102	42	STIM=j
11647631	42	RESP=1
11662096	42	STIM=0
11673016	42	RESP=2
11680002	42	STIM=k
11684868	42	RESP=1
11697813	42	STIM=m
11701189	42	RESP=1
11715780	42	STIM=w
11721728	42	RESP=1
11734292	42	STIM=s
11741726	42	RESP=1
11751568	42	STIM=7
11758587	42	RESP=2
11767877	42	STIM=2
11772580	42	RESP=2
11785407	42	STIM=c
11792295	42	RESP=1
11803865	42	STIM=k
11808084	42	RESP=1
11821585	42	STIM=8
11827267	42	RESP=2
11838226	42	STIM=y
11841231	42	RESP=1
11856588	42	STIM=v
11860099	42	RESP=1
11873126	42	STIM=7
11878448	42	RESP=2
11889641	42	STIM=x
11894432	42	RESP=1
11906734	42	STIM=a
11913545	42	RESP=1
11925548	42	STIM=f
11929819	42	RESP=1
11943421	42	STIM=g
11947692	42	RESP=1
11958553	42	STIM=g
11968239	42	RESP=1
11973711	42	STIM=7
11981130	42	RESP=2
11991479	42	STIM=t
11994865	42	RESP=1
12008796	42	STIM=m
12015149	42	RESP=1
12024733	42	STIM=b
12029991	42	RESP=1
12039753	42	STIM=r
12044174	42	RESP=1
12058340	42	STIM=q
12062007	42	RESP=1
12073925	42	STIM=6
12082750	42	RESP=2
12092780	42	STIM=a
12097529	42	RESP=1
12110349	42	STIM=c
12113647	42	RESP=1
12125930	42	STIM=f
12130708	42	RESP=1
12142839	42	STIM=8
12146785	42	RESP=2
12159515	42	STIM=v
12162612	42	RESP=1
12175544	42	STIM=m
12181557	42	RESP=1
12192003	42	STIM=2
12197295	42	RESP=2
12209640	42	STIM=u
12213039	42	RESP=1
12227699	42	STIM=y
12231471	42	RESP=1
12243367	42	STIM=o
12247644	42	RESP=1
12259616	42	STIM=n
12262381	42	RESP=1
12275158	42	STIM=t
12279721	42	RESP=1
12291197	42	STIM=j
12296760	42	RESP=1
12309235	42	STIM=x
12315812	42	RESP=1
12324611	42	STIM=a
12332433	42	RESP=1
12343347	42	STIM=o
12348443	42	RESP=1
12362072	42	STIM=b
12365419	42	RESP=1
12379836	42	STIM=r
12385257	42	RESP=1
12398379	42	STIM=n
12404166	42	RESP=1
12415997	42	STIM=j
12419968	42	RESP=1
12431131	42	STIM=w
12436113	42	RESP=1
12447177	42	STIM=1
12452265	42	RESP=2
12465310	42	STIM=i
12468901	42	RESP=1
12484209	42	STIM=4
12487860	42	RESP=2
12499731	42	STIM=0
12503008	42	RESP=2
12518544	42	STIM=9
12523837	42	RESP=2
12536700	42	STIM=l
12539920	42	RESP=1
12553329	42	STIM=e
12559123	42	RESP=1
12570003	42	STIM=q
12574466	42	RESP=1
12588574	42	STIM=i
12595244	42	RESP=1
12607089	42	STIM=q
12611551	42	RESP=2
12623678	42	STIM=a
12627435	42	RESP=1
12641211	42	STIM=w
12646497	42	RESP=1
12658577	42	STIM=f
12665358	42	RESP=1
12676095	42	STIM=x
12681835	42	RESP=1
12694070	42	STIM=y
12700177	42	RESP=1
12712600	42	STIM=s
12718583	42	RESP=1
12729100	42	STIM=d
12732862	42	RESP=1
12746767	42	STIM=8
12750643	42	RESP=2
12763649	42	STIM=a
12770576	42	RESP=1
12780557	42	STIM=y
12786477	42	RESP=1
12795730	42	STIM=1
12800507	42	RESP=2
12813018	42	STIM=j
12816935	42	RESP=1
12828603	42	STIM=a
12835578	42	RESP=1
12846309	42	STIM=z
12850365	42	RESP=1
12862536	42	STIM=b
12865118	42	RESP=1
12879005	42	STIM=5
12887885	42	RESP=2
12896817	42	STIM=5
12901805	42	RESP=2
12911973	42	STIM=k
12923351	42	RESP=1
12927361	42	STIM=v
12931747	42	RESP=1
12943811	42	STIM=o
12946853	42	RESP=1
12961817	42	STIM=6
12968122	42	RESP=2
12980073	42	STIM=0
12990235	42	RESP=2
12996865	42	STIM=f
13002406	42	RESP=1
13012888	42	STIM=x
13018560	42	RESP=1
13031488	42	STIM=8
13035722	42	RESP=2
13047672	42	STIM=f
13055484	42	RESP=1
13063573	42	STIM=a
13067379	42	RESP=1
13080093	42	STIM=s
13085121	42	RESP=1
13095893	42	STIM=z
13099428	42	RESP=1
13111933	42	STIM=m
13120074	42	RESP=1
13127517	42	STIM=b
13131939	42	RESP=1
13143096	42	STIM=x
13149487	42	RESP=1
13161691	42	STIM=h
13165999	42	RESP=1
13177687	42	STIM=6
13184176	42	RESP=1
13194367	42	STIM=z
13197641	42	RESP=1
13210042	42	STIM=o
13215029	42	RESP=1
13228517	42	STIM=u
13232987	42	RESP=1
13243761	42	STIM=6
13247371	42	RESP=2
13262580	42	STIM=u
13268286	42	RESP=1
13279234	42	STIM=1
13282573	42	RESP=2
13295941	42	STIM=k
13299415	42	RESP=1
13312738	42	STIM=k
13316395	42	RESP=1
13328510	42	STIM=t
13334685	42	RESP=1
13346714	42	STIM=f
13353220	42	RESP=1
13365012	42	STIM=u
13371356	42	RESP=1
13380917	42	STIM=d
13383491	42	RESP=1
13397680	42	STIM=g
13403141	42	RESP=1
13415569	42	STIM=q
13419648	42	RESP=1
13432648	42	STIM=0
13439121	42	RESP=2
13451599	42	STIM=z
13457394	42	RESP=1
13467124	42	STIM=d
13471154	42	RESP=1
13486025	42	STIM=1
13490025	42	RESP=2
13504909	42	STIM=w
13509101	42	RESP=1
13520970	42	STIM=l
13524365	42	RESP=1
13538127	42	STIM=t
13542590	42	RESP=1
13554410	42	STIM=x
13558473	42	RESP=1
13571097	42	STIM=q
13573574	42	RESP=2
13586102	42	STIM=g
13590958	42	RESP=1
13603403	42	STIM=v
13607051	42	RESP=1
13620354	42	STIM=0
13628349	42	RESP=2
13639233	42	STIM=m
13648497	42	RESP=1
13655371	42	STIM=z
13662251	42	RESP=1
13670924	42	STIM=q
13675907	42	RESP=1
13688895	42	STIM=d
13693457	42	RESP=1
13705431	42	STIM=t
13710269	42	RESP=1
13723549	42	STIM=r
13727556	42	RESP=1
13739319	42	STIM=1
13747452	42	RESP=2
13756309	42	STIM=z
13762622	42	RESP=1
13772419	42	STIM=n
13778828	42	RESP=1
13787888	42	STIM=q
13793171	42	RESP=1
13806857	42	STIM=h
13813750	42	RESP=1
13825591	42	STIM=8
13830895	42	RESP=1
13841848	42	STIM=u
13845849	42	RESP=1
13860618	42	STIM=9
13867644	42	RESP=2
13876253	42	STIM=q
13880964	42	RESP=1
13895239	42	STIM=7
13902313	42	RESP=2
13910418	42	STIM=o
13919278	42	RESP=1
13926710	42	STIM=e
13930252	42	RESP=1
13943692	42	STIM=w
13947097	42	RESP=1
13960275	42	STIM=i
13966523	42	RESP=1
13979079	42	STIM=t
13984667	42	RESP=1
13994458	42	STIM=v
13998114	42	RESP=1
14013158	42	STIM=o
14017649	42	RESP=1
14031072	42	STIM=v
14036264	42	RESP=1
14046855	42	STIM=1
14051529	42	RESP=2
14064751	42	STIM=o
14069766	42	RESP=1
14081198	42	STIM=r
14084130	42	RESP=1
14100027	42	STIM=e
14108341	42	RESP=1
14115227	42	STIM=j
14118970	42	RESP=1
14131984	42	STIM=x
14136755	42	RESP=1
14147772	42	STIM=o
14152313	42	RESP=1
14164501	42	STIM=m
14170742	42	RESP=1
14181768	42	STIM=2
14185492	42	RESP=1
14197225	42	STIM=r
14203930	42	RESP=1
14212714	42	STIM=8
14225218	42	RESP=2
14229210	42	STIM=n
14233059	42	RESP=1
14246833	42	STIM=b
14251240	42	RESP=1
14263515	42	STIM=8
14267354	42	RESP=2
14279503	42	STIM=a
14287683	42	RESP=1
14296828	42	STIM=w
14299705	42	RESP=1
14314204	42	STIM=n
14319618	42	RESP=1
14330466	42	STIM=h
14335962	42	RESP=1
14347324	42	STIM=h
14353727	42	RESP=1
14362564	42	STIM=x
14366471	42	RESP=1
14380832	42	STIM=c
14384111	42	RESP=1
14397121	42	STIM=c
14401822	42	RESP=2
14412187	42	STIM=g
14417779	42	RESP=1
14430279	42	STIM=x
14433285	42	RESP=1
14446076	42	STIM=0
14450080	42	RESP=1
14463731	42	STIM=q
14469520	42	RESP=1
14481816	42	STIM=q
14489478	42	RESP=1
14497661	42	STIM=h
14505068	42	RESP=2
14513262	42	STIM=m
14517965	42	RESP=1
14529035	42	STIM=y
14536964	42	RESP=1
14544758	42	STIM=n
14548372	42	RESP=1
14560839	42	STIM=u
14565709	42	RESP=1
14579347	42	STIM=j
14583678	42	RESP=1
14594499	42	STIM=8
14599330	42	RESP=2
14611433	42	STIM=i
14615060	42	RESP=1
14627048	42	STIM=b
14630825	42	RESP=1
14645746	42	STIM=y
14650567	42	RESP=1
14661174	42	STIM=1
14668283	42	RESP=2
14678008	42	STIM=2
14682353	42	RESP=2
14693966	42	STIM=s
14698941	42	RESP=1
14712565	42	STIM=e
14715350	42	RESP=1
14731179	42	STIM=0
14735999	42	RESP=2
14746690	42	STIM=d
14750548	42	RESP=1
14764485	42	STIM=8
14769588	42	RESP=2
14780560	42	STIM=r
14788135	42	RESP=1
14799171	42	STIM=w
14805711	42	RESP=1
14815564	42	STIM=v
14821873	42	RESP=1
14834209	42	STIM=b
14837333	42	RESP=1
14849979	42	STIM=9
14857452	42	RESP=2
14865385	42	STIM=b
14870161	42	RESP=1
14882413	42	STIM=n
14889966	42	RESP=1
14901308	42	STIM=u
14908658	42	RESP=1
14916437	42	STIM=r
14920979	42	RESP=1
14931529	42	STIM=o
14935211	42	RESP=1
14950484	42	STIM=l
14954334	42	RESP=1
14968144	42	STIM=g
14972416	42	RESP=1
14983882	42	STIM=q
14988495	42	RESP=1
15000121	42	STIM=s
15004569	42	RESP=2
15018895	42	STIM=v
15026566	42	RESP=1
15037604	42	STIM=b
15041497	42	RESP=1
15053405	42	STIM=s
15057929	42	RESP=1
15072151	42	STIM=8
15079711	42	RESP=1
15088900	42	STIM=l
15092568	42	RESP=1
15107714	42	STIM=q
15113494	42	RESP=1
15125647	42	STIM=b
15128876	42	RESP=1
15141534	42	STIM=g
15147791	42	RESP=1
15158955	42	STIM=d
15163593	42	RESP=1
15177745	42	STIM=8
15182914	42	RESP=2
15192852	42	STIM=b
15197820	42	RESP=1
15207853	42	STIM=u
15210691	42	RESP=1
15224142	42	STIM=i
15227987	42	RESP=1
15242685	42	STIM=e
15249947	42	RESP=2
15259956	42	STIM=s
15265089	42	RESP=1
15277701	42	STIM=l
15283231	42	RESP=1
15295643	42	STIM=o
15301826	42	RESP=1
15312342	42	STIM=y
15315725	42	RESP=1
15328578	42	STIM=k
15336398	42	RESP=1
15344545	42	STIM=t
15350263	42	RESP=1
15362906	42	STIM=z
15368448	42	RESP=1
15379964	42	STIM=9
15384558	42	RESP=2
15398085	42	STIM=m
15402283	42	RESP=1
15416082	42	STIM=i
15421474	42	RESP=1
15431390	42	STIM=t
15436666	42	RESP=1
15449609	42	STIM=r
15453686	42	RESP=1
15465063	42	STIM=4
15471603	42	RESP=2
15482201	42	STIM=g
15484764	42	RESP=1
15498098	42	STIM=c
15501264	42	RESP=1
15516874	42	STIM=z
15520889	42	RESP=1
15532295	42	STIM=v
15538572	42	RESP=1
15549426	42	STIM=z
15556010	42	RESP=1
15567430	42	STIM=f
15571588	42	RESP=1
15582598	42	STIM=2
15587093	42	RESP=2
15600661	42	STIM=7
15607770	42	RESP=2
15618642	42	STIM=g
15624084	42	RESP=1
15634412	42	STIM=x
15637519	42	RESP=1
15651930	42	STIM=a
15657306	42	RESP=1
15668657	42	STIM=3
15674907	42	RESP=2
15686023	42	STIM=i
15689336	42	RESP=1
15704230	42	STIM=u
15708866	42	RESP=1
15722027	42	STIM=c
15731794	42	RESP=1
15738574	42	STIM=w
15743467	42	RESP=1
15755162	42	STIM=c
15758942	42	RESP=1
15773081	42	STIM=l
15775955	42	RESP=1
15790811	42	STIM=z
15796224	42	RESP=1
15806142	42	STIM=h
15811974	42	RESP=1
15822140	42	STIM=9
15825385	42	RESP=2
15837327	42	STIM=6
15844236	42	RESP=2
15854184	42	STIM=9
15859427	42	RESP=2
15870409	42	STIM=m
15875065	42	RESP=1
15887667	42	STIM=t
15893510	42	RESP=1
15903002	42	STIM=b
15906858	42	RESP=1
15918559	42	STIM=r
15924863	42	RESP=1
15933968	42	STIM=m
15941016	42	RESP=1
15949523	42	STIM=h
15952554	42	RESP=1
15965067	42	STIM=a
15968761	42	RESP=1
15982927	42	STIM=q
15990389	42	RESP=1
15999633	42	STIM=1
16007529	42	RESP=2
16017513	42	STIM=c
16023716	42	RESP=1
16032987	42	STIM=d
16037195	42	RESP=1
16051228	42	STIM=z
16061807	42	RESP=1
16068599	42	STIM=z
16074240	42	RESP=1
16086156	42	STIM=0
16097240	42	RESP=2
16101757	42	STIM=c
16106480	42	RESP=2
16118218	42	STIM=w
16121569	42	RESP=1
16134587	42	STIM=a
16138187	42	RESP=1
16152130	42	STIM=y
16156080	42	RESP=1
16170421	42	STIM=d
16175705	42	RESP=1
16188774	42	STIM=f
16193554	42	RESP=1
16203844	42	STIM=j
16207040	42	RESP=1
16218956	42	STIM=r
16225891	42	RESP=1
16234127	42	STIM=h
16237958	42	RESP=1
16250466	42	STIM=p
16254449	42	RESP=2
16267033	42	STIM=9
16273464	42	RESP=2
16284926	42	STIM=l
16289723	42	RESP=1
16300412	42	STIM=j
16303225	42	RESP=1
16318280	42	STIM=o
16326129	42	RESP=1
16334679	42	STIM=x
16337647	42	RESP=1
16350653	42	STIM=q
16355580	42	RESP=1
16369579	42	STIM=e
16373109	42	RESP=1
16387202	42	STIM=l
16392907	42	RESP=1
16403464	42	STIM=8
16407190	42	RESP=1
16420656	42	STIM=u
16424917	42	RESP=1
16436725	42	STIM=1
16441028	42	RESP=2
16452084	42	STIM=e
16460162	42	RESP=1
16468623	42	STIM=6
16474287	42	RESP=1
16484628	42	STIM=t
16488730	42	RESP=1
16500941	42	STIM=f
16507334	42	RESP=1
16518313	42	STIM=w
16521294	42	RESP=1
16534281	42	STIM=i
16538075	42	RESP=1
16549925	42	STIM=4
16554624	42	RESP=2
16568893	42	STIM=u
16574223	42	RESP=1
16586300	42	STIM=u
16591895	42	RESP=1
16601778	42	STIM=k
16606201	42	RESP=1
16619414	42	STIM=0
16623653	42	RESP=2
16635882	42	STIM=e
16640125	42	RESP=1
16653943	42	STIM=5
16659771	42	RESP=1
16669421	42	STIM=r
16672807	42	RESP=1
16685718	42	STIM=z
16697156	42	RESP=1
16701281	42	STIM=0
16705965	42	RESP=2
16718767	42	STIM=k
16727173	42	RESP=1
16734244	42	STIM=c
16738715	42	RESP=1
16752673	42	STIM=q
16756065	42	RESP=1
16771263	42	STIM=6
16776845	42	RESP=2
16789496	42	STIM=0
16794900	42	RESP=2
16805161	42	STIM=6
16809141	42	RESP=2
16822640	42	STIM=p
16826646	42	RESP=1
16837808	42	STIM=t
16843113	42	RESP=1
16852887	42	STIM=y
16856352	42	RESP=1
16870357	42	STIM=z
16876280	42	RESP=1
16886675	42	STIM=z
16893034	42	RESP=1
16905517	42	STIM=z
16908079	42	RESP=1
16923348	42	STIM=c
16933491	42	RESP=1
16939541	42	STIM=5
16946765	42	RESP=2
16957672	42	STIM=o
16964464	42	RESP=1
16973670	42	STIM=x
16977091	42	RESP=1
16990480	42	STIM=q
16996170	42	RESP=1
17005632	42	STIM=r
17010289	42	RESP=1
17024159	42	STIM=a
17029303	42	RESP=1
17039785	42	STIM=4
17044191	42	RESP=2
17055742	42	STIM=4
17060594	42	RESP=2
17073766	42	STIM=z
17076849	42	RESP=1
17092749	42	STIM=l
17099516	42	RESP=1
17111432	42	STIM=n
17115290	42	RESP=1
17127648	42	STIM=w
17131378	42	RESP=1
17145827	42	STIM=u
17149844	42	RESP=1
17161717	42	STIM=j
17166396	42	RESP=1
17180612	42	STIM=h
17186798	42	RESP=1
17199361	42	STIM=z
17203433	42	RESP=1
17217383	42	STIM=r
17221414	42	RESP=1
17233570	42	STIM=j
17237715	42	RESP=1
17248609	42	STIM=p
17254531	42	RESP=1
17266764	42	STIM=x
17271999	42	RESP=1
17282259	42	STIM=a
17288456	42	RESP=1
17300717	42	STIM=o
17306127	42	RESP=1
17316569	42	STIM=7
17321018	42	RESP=2
17334838	42	STIM=z
17339023	42	RESP=1
17353273	42	STIM=l
17359448	42	RESP=1
17370040	42	STIM=d
17373048	42	RESP=1
17385261	42	STIM=q
17389308	42	RESP=1
17402696	42	STIM=m
17409351	42	RESP=1
17417715	42	STIM=s
17421078	42	RESP=1
17435444	42	STIM=r
17440315	42	RESP=1
17453118	42	STIM=z
17456653	42	RESP=1
17470102	42	STIM=w
17478147	42	RESP=1
17486893	42	STIM=u
17490208	42	RESP=1
17504774	42	STIM=b
17508339	42	RESP=1
17521216	42	STIM=r
17524854	42	RESP=1
17539816	42	STIM=w
17543649	42	RESP=1
17557494	42	STIM=e
17560379	42	RESP=1
17573320	42	STIM=n
17578234	42	RESP=1
17591021	42	STIM=m
17595392	42	RESP=1
17609311	42	STIM=3
17614031	42	RESP=2
17624718	42	STIM=n
17632941	42	RESP=1
17642967	42	STIM=7
17648942	42	RESP=2
17658176	42	STIM=y
17660672	42	RESP=1
17673398	42	STIM=b
17677309	42	RESP=1
17690959	42	STIM=1
17697225	42	RESP=2
17706594	42	STIM=q
17710372	42	RESP=1
17723440	42	STIM=u
17727290	42	RESP=1
17739407	42	STIM=r
17749084	42	RESP=1
17757363	42	STIM=j
17762500	42	RESP=1
17774635	42	STIM=b
17777056	42	RESP=1
17790490	42	STIM=u
17794611	42	RESP=1
17806159	42	STIM=g
17811506	42	RESP=1
17825089	42	STIM=g
17828725	42	RESP=1
17840322	42	STIM=r
17845875	42	RESP=1
17856340	42	STIM=p
17859615	42	RESP=1
17873259	42	STIM=s
17879810	42	RESP=1
17889363	42	STIM=r
17896166	42	RESP=1
17905303	42	STIM=g
17910026	42	RESP=1
17920887	42	STIM=p
17926032	42	RESP=1
17936244	42	STIM=f
17939949	42	RESP=1
17954755	42	STIM=z
17957520	42	RESP=1
17972668	42	STIM=n
17977248	42	RESP=1
17989838	42	STIM=j
17994378	42	RESP=1
18007307	42	STIM=u
18010921	42	RESP=1
18022850	42	STIM=4
18027966	42	RESP=2
18039720	42	STIM=n
18043257	42	RESP=2
18056500	42	STIM=r
18063411	42	RESP=1
18073052	42	STIM=c
18075894	42	RESP=1
18091332	42	STIM=i
18097908	42	RESP=1
18108234	42	STIM=u
18120191	42	RESP=1
18126463	42	STIM=o
18130459	42	RESP=2
18144260	42	STIM=i
18150419	42	RESP=1
18160449	42	STIM=n
18167813	42	RESP=1
18178314	42	STIM=y
18182531	42	RESP=1
18197193	42	STIM=y
18202838	42	RESP=1
18215178	42	STIM=a
18218687	42	RESP=1
18233616	42	STIM=m
18237420	42	RESP=1
18250347	42	STIM=n
18254901	42	RESP=1
18265957	42	STIM=a
18270420	42	RESP=1
18281353	42	STIM=k
18284972	42	RESP=1
18298293	42	STIM=g
18303968	42	RESP=1
18314307	42	STIM=w
18318122	42	RESP=1
18330536	42	STIM=j
18336580	42	RESP=1
18346887	42	STIM=q
18350217	42	RESP=1
18362179	42	STIM=p
18365893	42	RESP=1
18379519	42	STIM=g
18383268	42	RESP=1
18395936	42	STIM=k
18401224	42	RESP=1
18411870	42	STIM=e
18417366	42	RESP=1
18429069	42	STIM=j
18435041	42	RESP=1
18447807	42	STIM=s
18453054	42	RESP=1
18464156	42	STIM=i
18468702	42	RESP=1
18480816	42	STIM=7
18487678	42	RESP=2
18497813	42	STIM=2
18502056	42	RESP=2
18514640	42	STIM=h
18518358	42	RESP=1
18531346	42	STIM=9
18535559	42	RESP=2
18546558	42	STIM=w
18552657	42	RESP=1
18563703	42	STIM=p
18572812	42	RESP=1
18579431	42	STIM=z
18584151	42	RESP=1
18594809	42	STIM=m
18599060	42	RESP=1
18613770	42	STIM=k
18616546	42	RESP=1
18631453	42	STIM=n
18635348	42	RESP=1
18647731	42	STIM=a
18652744	42	RESP=2
18665547	42	STIM=c
18669114	42	RESP=1
18683629	42	STIM=5
18687697	42	RESP=2
18700093	42	STIM=j
18703309	42	RESP=1
18718181	42	STIM=g
18721119	42	RESP=1
18737041	42	STIM=g
18740838	42	RESP=1
18752315	42	STIM=o
18756252	42	RESP=1
18770318	42	STIM=p
18775924	42	RESP=1
18785980	42	STIM=k
18789813	42	RESP=1
18804504	42	STIM=b
18809933	42	RESP=1
18821190	42	STIM=b
18826923	42	RESP=1
18837293	42	STIM=w
18840967	42	RESP=1
18853156	42	STIM=a
18859890	42	RESP=1
18871453	42	STIM=h
18875130	42	RESP=1
18887371	42	STIM=e
18894789	42	RESP=1
18905681	42	STIM=l
18910119	42	RESP=1
18923030	42	STIM=g
18925936	42	RESP=1
18940679	42	STIM=8
18949314	42	RESP=1
18958893	42	STIM=6
18965069	42	RESP=2
18975044	42	STIM=4
18978865	42	RESP=2
18993867	42	STIM=c
18998045	42	RESP=1
19011681	42	STIM=0
19015651	42	RESP=2
19030633	42	STIM=x
19034463	42	RESP=1
19046508	42	STIM=z
19050643	42	RESP=1
19064418	42	STIM=e
19071308	42	RESP=1
19083333	42	STIM=o
19088521	42	RESP=1
19102035	42	STIM=v
19104627	42	RESP=1
19120631	42	STIM=9
19126339	42	RESP=2
19137753	42	STIM=a
19142871	42	RESP=1
19155731	42	STIM=l
19160667	42	RESP=1
19172604	42	STIM=l
19176111	42	RESP=1
19187644	42	STIM=f
19191990	42	RESP=1
19203773	42	STIM=l
19207410	42	RESP=1
19219511	42	STIM=3
19228464	42	RESP=2
19234862	42	STIM=b
19237685	42	RESP=1
19250779	42	STIM=3
19257998	42	RESP=2
19266004	42	STIM=h
19270104	42	RESP=1
19283992	42	STIM=9
19288364	42	RESP=2
19301976	42	STIM=r
19306121	42	RESP=1
19320470	42	STIM=f
19325312	42	RESP=1
19337536	42	STIM=o
19340610	42	RESP=1
19353497	42	STIM=9
19358571	42	RESP=2
19371150	42	STIM=h
19377266	42	RESP=1
19386214	42	STIM=l
19393686	42	RESP=1
19402810	42	STIM=4
19408657	42	RESP=2
19421375	42	STIM=u
19425792	42	RESP=1
19436644	42	STIM=7
19442505	42	RESP=2
19451691	42	STIM=o
19462401	42	RESP=1
19467053	42	STIM=e
19471956	42	RESP=1
19484025	42	STIM=f
19487464	42	RESP=1
19499283	42	STIM=1
19504643	42	RESP=2
19516342	42	STIM=m
19520950	42	RESP=1
19532920	42	STIM=h
19537293	42	RESP=1
19550540	42	STIM=t
19560916	42	RESP=1
19567218	42	STIM=s
19572620	42	RESP=1
19583228	42	STIM=n
19589639	42	RESP=1
19600994	42	STIM=s
19610881	42	RESP=1
19619463	42	STIM=m
19626249	42	RESP=1
19635720	42	STIM=4
19643018	42	RESP=1
19652111	42	STIM=x
19655771	42	RESP=1
19670362	42	STIM=4
19677048	42	RESP=2
19687453	42	STIM=6
19694531	42	RESP=2
19704090	42	STIM=m
19710590	42	RESP=2
19722144	42	STIM=7
19725748	42	RESP=2
19738698	42	STIM=d
19745897	42	RESP=1
19755803	42	STIM=r
19760312	42	RESP=1
19772693	42	STIM=i
19777116	42	RESP=1
19791483	42	STIM=a
19794822	42	RESP=1
19809526	42	STIM=g
19813572	42	RESP=1
19825789	42	STIM=e
19830255	42	RESP=1
19843839	42	STIM=0
19848960	42	RESP=2
19859904	42	STIM=4
19865324	42	RESP=2
19878709	42	STIM=9
19884483	42	RESP=1
19897546	42	STIM=a
19902451	42	RESP=1
19914806	42	STIM=x
19918276	42	RESP=1
19933294	42	STIM=r
19939770	42	RESP=1
19950258	42	STIM=7
19954821	42	RESP=2
19968467	42	STIM=i
19974491	42	RESP=1
19986519	42	STIM=r
19989956	42	RESP=1
20002094	42	STIM=l
20008787	42	RESP=1
20017885	42	STIM=7
20022302	42	RESP=2
20034565	42	STIM=r
20037796	42	RESP=1
20053168	42	STIM=f
20059005	42	RESP=1
20071728	42	STIM=9
20079549	42	RESP=2
20090672	42	STIM=q
20094770	42	RESP=1
20108915	42	STIM=2
20115689	42	RESP=2
20126478	42	STIM=j
20130358	42	RESP=1
20142904	42	STIM=n
20147478	42	RESP=1
20161553	42	STIM=z
20166765	42	RESP=1
20177179	42	STIM=u
20181737	42	RESP=1
20193420	42	STIM=9
20199597	42	RESP=2
20210940	42	STIM=r
20214304	42	RESP=1
20229936	42	STIM=i
20233881	42	RESP=1
20248477	42	STIM=z
20255744	42	RESP=1
20266857	42	STIM=1
20272412	42	RESP=2
20282273	42	STIM=b
20286702	42	RESP=1
20300110	42	STIM=s
20302744	42	RESP=1
20318756	42	STIM=o
20323731	42	RESP=2
20335569	42	STIM=d
20338865	42	RESP=2
20352112	42	STIM=1
20356397	42	RESP=2
20368631	42	STIM=a
20377355	42	RESP=1
20385722	42	STIM=5
20391336	42	RESP=2
20402077	42	STIM=3
20409370	42	RESP=2
20421061	42	STIM=m
20426334	42	RESP=1
20438215	42	STIM=i
20441143	42	RESP=1
20455879	42	STIM=r
20459273	42	RESP=1
20472276	42	STIM=h
20478202	42	RESP=1
20491220	42	STIM=d
20498639	42	RESP=1
20507373	42	STIM=k
20513075	42	RESP=1
20526187	42	STIM=s
20531525	42	RESP=1
20543401	42	STIM=r
20547331	42	RESP=1
20561576	42	STIM=g
20566865	42	RESP=1
20578689	42	STIM=t
20582243	42	RESP=1
20595315	42	STIM=1
20599861	42	RESP=2
20612160	42	STIM=e
20614850	42	RESP=1
20629428	42	STIM=7
20635669	42	RESP=2
20645018	42	STIM=s
20648339	42	RESP=1
20660074	42	STIM=w
20665161	42	RESP=1
20676539	42	STIM=z
20680669	42	RESP=1
20693434	42	STIM=g
20698996	42	RESP=1
20708838	42	STIM=o
20711757	42	RESP=1
20724171	42	STIM=d
20727172	42	RESP=1
20740589	42	STIM=l
20744471	42	RESP=1
20755790	42	STIM=6
20762285	42	RESP=2
20773420	42	STIM=j
20776041	42	RESP=1
20790344	42	STIM=t
20794137	42	RESP=1
20805375	42	STIM=b
20808575	42	RESP=1
20822289	42	STIM=i
20828130	42	RESP=1
20837689	42	STIM=v
20843775	42	RESP=1
20852828	42	STIM=q
20858456	42	RESP=1
20869313	42	STIM=o
20872994	42	RESP=1
20888113	42	STIM=k
20891435	42	RESP=1
20906302	42	STIM=y
20909486	42	RESP=1
20923706	42	STIM=j
20929228	42	RESP=2
20938786	42	STIM=o
20942313	42	RESP=1
20957594	42	STIM=b
20961513	42	RESP=1
20976465	42	STIM=h
20982840	42	RESP=1
20995416	42	STIM=2
20999567	42	RESP=1
21013980	42	STIM=1
21018130	42	RESP=2
21031908	42	STIM=9
21037343	42	RESP=1
21049934	42	STIM=p
21056014	42	RESP=1
21065849	42	STIM=r
21072787	42	RESP=1
21081380	42	STIM=l
21091774	42	RESP=1
21096499	42	STIM=d
21101495	42	RESP=1
21115231	42	STIM=n
21118429	42	RESP=1
21133964	42	STIM=s
21138632	42	RESP=1
21151033	42	STIM=d
21155390	42	RESP=1
21166451	42	STIM=t
21170399	42	RESP=1
21182553	42	STIM=x
21185534	42	RESP=1
21200145	42	STIM=b
21206563	42	RESP=1
21217940	42	STIM=3
21222584	42	RESP=2
21233422	42	STIM=n
21237290	42	RESP=1
21252199	42	STIM=h
21255626	42	RESP=1
21268716	42	STIM=v
21273362	42	RESP=1
21286430	42	STIM=w
21289921	42	RESP=1
21304347	42	STIM=a
21307758	42	RESP=1
21319723	42	STIM=j
21322428	42	RESP=1
21338440	42	STIM=l
21343654	42	RESP=1
21354506	42	STIM=h
21363172	42	RESP=1
21370413	42	STIM=v
21376659	42	RESP=1
21385921	42	STIM=u
21394217	42	RESP=1
21404700	42	STIM=t
21408377	42	RESP=1
21423374	42	STIM=8
21427590	42	RESP=2
21440507	42	STIM=p
21443121	42	RESP=1
21458687	42	STIM=j
21463975	42	RESP=1
21474466	42	STIM=f
21478278	42	RESP=1
21492524	42	STIM=r
21496740	42	RESP=2
21508842	42	STIM=9
21513375	42	RESP=2
21524065	42	STIM=c
21527919	42	RESP=2
21540579	42	STIM=c
21543303	42	RESP=1
21558595	42	STIM=d
21563470	42	RESP=1
21576057	42	STIM=u
21583396	42	RESP=1
21593328	42	STIM=4
21596720	42	RESP=2
21612125	42	STIM=h
21615904	42	RESP=1
21627672	42	STIM=2
21635091	42	RESP=2
21643567	42	STIM=y
21650268	42	RESP=1
21661570	42	STIM=x
21664249	42	RESP=2
21676961	42	STIM=0
21682713	42	RESP=2
21694579	42	STIM=r
21701175	42	RESP=1
21712964	42	STIM=u
21720377	42	RESP=1
21731857	42	STIM=6
21736665	42	RESP=2
21746908	42	STIM=h
21750408	42	RESP=1
21764263	42	STIM=q
21767654	42	RESP=1
21780682	42	STIM=i
21785016	42	RESP=1
21796473	42	STIM=i
21800193	42	RESP=1
21813036	42	STIM=v
21819824	42	RESP=1
