# Original filename: 0017_UQL_2016-12-15.log
# Time unit: 100 us
# RARECAT=digit
#
# Time	HHGG	Event
38161	42	STIM=u
41766	42	RESP=1
55001	42	STIM=f
59546	42	RESP=1
71361	42	STIM=5
76554	42	RESP=2
89880	42	STIM=z
98246	42	RESP=1
106728	42	STIM=v
115126	42	RESP=1
123632	42	STIM=6
128152	42	RESP=2
140706	42	STIM=3
146426	42	RESP=1
157601	42	STIM=f
163745	42	RESP=2
173757	42	STIM=v
176467	42	RESP=1
190139	42	STIM=h
193611	42	RESP=1
208041	42	STIM=d
212201	42	RESP=1
226536	42	STIM=f
230593	42	RESP=1
245318	42	STIM=g
248940	42	RESP=1
261290	42	STIM=h
264685	42	RESP=1
277248	42	STIM=i
284982	42	RESP=1
293078	42	STIM=y
296827	42	RESP=1
309692	42	STIM=t
312718	42	RESP=1
326909	42	STIM=o
330439	42	RESP=1
343533	42	STIM=r
347623	42	RESP=1
361125	42	STIM=4
368142	42	RESP=2
379402	42	STIM=n
387609	42	RESP=1
394957	42	STIM=q
401238	42	RESP=1
411009	42	STIM=q
419150	42	RESP=1
426818	42	STIM=r
430642	42	RESP=2
443576	42	STIM=6
449885	42	RESP=2
461253	42	STIM=t
466332	42	RESP=2
476780	42	STIM=6
481975	42	RESP=2
492969	42	STIM=h
500614	42	RESP=1
509364	42	STIM=9
513752	42	RESP=2
526269	42	STIM=m
530472	42	RESP=1
543249	42	STIM=r
548660	42	RESP=1
558748	42	STIM=2
565025	42	RESP=2
573824	42	STIM=u
580135	42	RESP=1
589561	42	STIM=e
594739	42	RESP=1
607017	42	STIM=7
612554	42	RESP=2
624506	42	STIM=v
629578	42	RESP=1
640471	42	STIM=m
643457	42	RESP=1
656297	42	STIM=u
663551	42	RESP=1
673268	42	STIM=c
677840	42	RESP=1
689785	42	STIM=m
695879	42	RESP=1
706348	42	STIM=r
712509	42	RESP=1
723474	42	STIM=r
729108	42	RESP=1
739937	42	STIM=r
745379	42	RESP=1
758932	42	STIM=8
764673	42	RESP=2
776593	42	STIM=3
784746	42	RESP=2
795031	42	STIM=8
802043	42	RESP=2
812353	42	STIM=6
815438	42	RESP=2
827696	42	STIM=b
831903	42	RESP=1
843112	42	STIM=z
847613	42	RESP=1
860569	42	STIM=t
865058	42	RESP=1
876671	42	STIM=n
880969	42	RESP=1
895357	42	STIM=g
899468	42	RESP=1
910853	42	STIM=p
913434	42	RESP=1
928377	42	STIM=w
932722	42	RESP=1
943875	42	STIM=4
952877	42	RESP=1
962065	42	STIM=q
967099	42	RESP=1
980980	42	STIM=n
984807	42	RESP=1
999298	42	STIM=2
1004428	42	RESP=2
1015838	42	STIM=z
1021424	42	RESP=1
1034231	42	STIM=e
1038250	42	RESP=1
1050492	42	STIM=d
1054169	42	RESP=1
1065666	42	STIM=n
1070505	42	RESP=1
1082894	42	STIM=1
1086330	42	RESP=1
1100049	42	STIM=8
1104602	42	RESP=1
1116059	42	STIM=6
1122271	42	RESP=2
1133857	42	STIM=5
1138105	42	RESP=2
1152277	42	STIM=l
1155102	42	RESP=1
1170250	42	STIM=d
1178261	42	RESP=1
1187453	42	STIM=q
1191429	42	RESP=1
1203214	42	STIM=5
1211730	42	RESP=2
1221442	42	STIM=v
1230737	42	RESP=1
1240028	42	STIM=t
1245325	42	RESP=1
1257935	42	STIM=5
1266289	42	RESP=2
1273684	42	STIM=e
1277768	42	RESP=1
1292469	42	STIM=x
1298066	42	RESP=1
1308629	42	STIM=1
1314982	42	RESP=2
1326500	42	STIM=o
1333341	42	RESP=1
1342634	42	STIM=b
1345354	42	RESP=1
1359215	42	STIM=o
1369745	42	RESP=1
1376084	42	STIM=6
1383527	42	RESP=1
1391143	42	STIM=h
1395022	42	RESP=1
1406668	42	STIM=s
1412605	42	RESP=1
1424786	42	STIM=r
1428873	42	RESP=1
1442740	42	STIM=3
1447022	42	RESP=2
1459049	42	STIM=j
1462854	42	RESP=1
1476172	42	STIM=t
1480385	42	RESP=1
1492601	42	STIM=i
1496342	42	RESP=1
1510396	42	STIM=y
1514733	42	RESP=1
1527022	42	STIM=u
1529705	42	RESP=1
1544940	42	STIM=6
1549636	42	RESP=2
1562166	42	STIM=t
1567223	42	RESP=1
1580912	42	STIM=q
1583887	42	RESP=1
1599050	42	STIM=0
1605857	42	RESP=2
1617023	42	STIM=1
1621255	42	RESP=2
1634519	42	STIM=t
1637757	42	RESP=1
1650669	42	STIM=6
1655245	42	RESP=1
1668023	42	STIM=h
1672801	42	RESP=1
1683116	42	STIM=x
1686205	42	RESP=1
1700410	42	STIM=8
1705037	42	RESP=2
1717489	42	STIM=h
1723366	42	RESP=1
1733615	42	STIM=o
1738414	42	RESP=1
1751807	42	STIM=y
1759874	42	RESP=1
1769528	42	STIM=x
1775391	42	RESP=1
1787368	42	STIM=c
1796511	42	RESP=1
1805596	42	STIM=6
1810056	42	RESP=2
1821170	42	STIM=7
1829629	42	RESP=2
1838321	42	STIM=i
1842143	42	RESP=1
1856246	42	STIM=0
1862426	42	RESP=2
1873616	42	STIM=e
1876786	42	RESP=1
1891784	42	STIM=t
1897011	42	RESP=1
1907870	42	STIM=3
1912596	42	RESP=2
1926402	42	STIM=f
1936720	42	RESP=2
1943203	42	STIM=c
1948788	42	RESP=1
1958520	42	STIM=h
1966597	42	RESP=1
1973996	42	STIM=p
1977250	42	RESP=1
1991964	42	STIM=q
1998410	42	RESP=1
2009012	42	STIM=k
2015965	42	RESP=1
2026432	42	STIM=h
2030067	42	RESP=1
2043733	42	STIM=5
2050253	42	RESP=2
2060722	42	STIM=g
2063822	42	RESP=1
2077848	42	STIM=r
2081873	42	RESP=1
2096034	42	STIM=k
2101891	42	RESP=1
2113293	42	STIM=z
2119006	42	RESP=1
2129466	42	STIM=i
2132700	42	RESP=1
2145011	42	STIM=6
2149416	42	RESP=2
2163599	42	STIM=u
2167588	42	RESP=1
2179790	42	STIM=b
2184052	42	RESP=1
2198015	42	STIM=r
2201496	42	RESP=1
2216907	42	STIM=o
2220455	42	RESP=1
2232552	42	STIM=d
2239646	42	RESP=1
2249553	42	STIM=z
2254109	42	RESP=1
2265189	42	STIM=0
2271999	42	RESP=2
2281830	42	STIM=i
2287532	42	RESP=1
2299133	42	STIM=5
2306551	42	RESP=2
2317965	42	STIM=b
2324670	42	RESP=1
2335521	42	STIM=b
2343636	42	RESP=1
2351035	42	STIM=z
2355407	42	RESP=1
2369125	42	STIM=o
2376634	42	RESP=1
2384598	42	STIM=n
2387231	42	RESP=1
2400632	42	STIM=m
2406191	42	RESP=1
2417381	42	STIM=e
2425239	42	RESP=1
2433854	42	STIM=c
2440294	42	RESP=1
2451329	42	STIM=c
2456837	42	RESP=1
2469181	42	STIM=8
2474360	42	RESP=2
2484523	42	STIM=f
2491462	42	RESP=1
2502458	42	STIM=e
2507249	42	RESP=1
2519939	42	STIM=g
2526219	42	RESP=1
2537293	42	STIM=x
2547335	42	RESP=1
2556175	42	STIM=d
2559813	42	RESP=1
2571244	42	STIM=f
2578735	42	RESP=1
2589570	42	STIM=d
2596712	42	RESP=1
2608253	42	STIM=3
2616702	42	RESP=2
2627003	42	STIM=5
2632401	42	RESP=2
2644967	42	STIM=b
2649026	42	RESP=1
2660812	42	STIM=p
2664303	42	RESP=1
2676828	42	STIM=o
2681353	42	RESP=1
2694187	42	STIM=3
2702480	42	RESP=2
2709239	42	STIM=o
2715536	42	RESP=2
2726871	42	STIM=o
2731262	42	RESP=1
2744320	42	STIM=0
2751617	42	RESP=2
2760146	42	STIM=r
2766181	42	RESP=1
2775866	42	STIM=p
2782733	42	RESP=1
2790879	42	STIM=5
2795356	42	RESP=2
2807457	42	STIM=4
2816633	42	RESP=1
2824727	42	STIM=w
2829181	42	RESP=1
2840011	42	STIM=r
2842874	42	RESP=1
2855041	42	STIM=p
2857875	42	RESP=1
2872294	42	STIM=g
2877656	42	RESP=1
2890604	42	STIM=r
2894784	42	RESP=1
2908043	42	STIM=w
2915329	42	RESP=1
2925407	42	STIM=1
2930253	42	RESP=2
2942869	42	STIM=r
2948294	42	RESP=1
2958411	42	STIM=v
2963243	42	RESP=1
2977333	42	STIM=9
2982775	42	RESP=2
2996182	42	STIM=o
3001979	42	RESP=1
3011910	42	STIM=m
3015066	42	RESP=1
3028811	42	STIM=a
3031577	42	RESP=1
3044647	42	STIM=h
3048896	42	RESP=1
3061818	42	STIM=v
3068174	42	RESP=1
3077325	42	STIM=2
3081866	42	RESP=2
3093084	42	STIM=m
3098982	42	RESP=1
3110083	42	STIM=h
3113141	42	RESP=1
3128433	42	STIM=f
3132644	42	RESP=1
3146569	42	STIM=p
3149847	42	RESP=1
3163605	42	STIM=g
3168577	42	RESP=1
3181980	42	STIM=z
3185275	42	RESP=1
3198623	42	STIM=j
3204257	42	RESP=1
3217562	42	STIM=r
3224167	42	RESP=1
3233385	42	STIM=h
3237931	42	RESP=1
3251138	42	STIM=s
3254429	42	RESP=1
3268326	42	STIM=q
3271883	42	RESP=1
3285712	42	STIM=n
3288308	42	RESP=1
3303522	42	STIM=5
3309921	42	RESP=2
3319628	42	STIM=3
3325915	42	RESP=2
3337224	42	STIM=u
3344700	42	RESP=1
3352977	42	STIM=0
3357897	42	RESP=2
3371325	42	STIM=t
3377322	42	RESP=1
3389959	42	STIM=e
3395781	42	RESP=1
3405719	42	STIM=s
3410690	42	RESP=1
3424593	42	STIM=t
3427163	42	RESP=1
3440927	42	STIM=h
3447142	42	RESP=1
3459341	42	STIM=v
3463345	42	RESP=1
3477465	42	STIM=p
3480688	42	RESP=1
3494620	42	STIM=7
3501045	42	RESP=1
3513539	42	STIM=6
3520491	42	RESP=2
3530431	42	STIM=7
3537608	42	RESP=2
3547427	42	STIM=6
3561313	42	RESP=1
3564236	42	STIM=q
3569597	42	RESP=2
3583136	42	STIM=g
3586610	42	RESP=1
3599387	42	STIM=d
3604907	42	RESP=1
3614407	42	STIM=h
3618648	42	RESP=1
3630073	42	STIM=n
3633294	42	RESP=1
3645279	42	STIM=z
3648847	42	RESP=1
3661076	42	STIM=k
3663756	42	RESP=1
3677853	42	STIM=2
3681542	42	RESP=2
3694156	42	STIM=1
3698385	42	RESP=2
3711874	42	STIM=p
3717941	42	RESP=1
3728751	42	STIM=z
3733120	42	RESP=1
3745443	42	STIM=v
3751963	42	RESP=1
3763153	42	STIM=d
3768830	42	RESP=1
3781389	42	STIM=e
3786434	42	RESP=1
3796826	42	STIM=l
3801839	42	RESP=1
3811918	42	STIM=z
3821835	42	RESP=1
3830437	42	STIM=j
3835118	42	RESP=1
3847997	42	STIM=y
3850765	42	RESP=1
3865702	42	STIM=h
3873134	42	RESP=1
3881050	42	STIM=s
3885539	42	RESP=1
3897093	42	STIM=c
3904737	42	RESP=1
3913745	42	STIM=h
3918342	42	RESP=1
3931835	42	STIM=i
3935431	42	RESP=1
3948518	42	STIM=a
3955889	42	RESP=1
3965408	42	STIM=d
3969113	42	RESP=1
3982356	42	STIM=s
3985303	42	RESP=1
3999268	42	STIM=2
4004277	42	RESP=2
4017407	42	STIM=y
4020985	42	RESP=1
4035849	42	STIM=o
4040731	42	RESP=1
4051704	42	STIM=l
4055471	42	RESP=1
4068420	42	STIM=n
4072032	42	RESP=1
4085467	42	STIM=p
4091623	42	RESP=1
4102255	42	STIM=i
4106377	42	RESP=1
4121043	42	STIM=p
4124858	42	RESP=1
4138536	42	STIM=6
4142548	42	RESP=2
4155147	42	STIM=c
4161045	42	RESP=1
4173910	42	STIM=s
4181195	42	RESP=1
4191009	42	STIM=i
4195345	42	RESP=1
4209901	42	STIM=b
4218499	42	RESP=1
4228737	42	STIM=o
4233982	42	RESP=1
4245809	42	STIM=2
4254152	42	RESP=2
4263982	42	STIM=e
4268211	42	RESP=1
4279430	42	STIM=3
4287017	42	RESP=2
4297667	42	STIM=u
4300568	42	RESP=1
4312776	42	STIM=i
4319898	42	RESP=1
4329963	42	STIM=n
4333617	42	RESP=1
4345520	42	STIM=e
4352235	42	RESP=1
4363247	42	STIM=k
4367316	42	RESP=2
4381842	42	STIM=i
4384546	42	RESP=1
4398717	42	STIM=e
4402079	42	RESP=1
4414784	42	STIM=n
4419332	42	RESP=1
4430833	42	STIM=m
4434443	42	RESP=1
4447816	42	STIM=7
4455146	42	RESP=1
4465558	42	STIM=x
4472632	42	RESP=1
4481435	42	STIM=p
4484983	42	RESP=1
4500311	42	STIM=y
4504916	42	RESP=1
4518576	42	STIM=v
4525326	42	RESP=1
4534400	42	STIM=w
4538893	42	RESP=1
4552897	42	STIM=s
4564065	42	RESP=1
4569684	42	STIM=d
4573297	42	RESP=1
4585278	42	STIM=8
4590379	42	RESP=2
4603262	42	STIM=k
4608207	42	RESP=1
4619856	42	STIM=5
4625731	42	RESP=2
4636835	42	STIM=q
4641681	42	RESP=2
4655700	42	STIM=z
4659962	42	RESP=1
4673191	42	STIM=e
4679943	42	RESP=1
4689398	42	STIM=l
4692511	42	RESP=1
4706114	42	STIM=d
4708470	42	RESP=1
4723852	42	STIM=c
4729042	42	RESP=1
4741529	42	STIM=o
4745405	42	RESP=1
4756532	42	STIM=w
4759410	42	RESP=2
4773810	42	STIM=o
4780562	42	RESP=1
4790820	42	STIM=z
4798873	42	RESP=1
4806013	42	STIM=p
4811742	42	RESP=1
4821102	42	STIM=y
4825914	42	RESP=1
4838823	42	STIM=g
4842787	42	RESP=1
4855888	42	STIM=f
4860963	42	RESP=1
4872011	42	STIM=u
4882429	42	RESP=1
4890500	42	STIM=f
4896238	42	RESP=1
4906725	42	STIM=5
4912452	42	RESP=2
4922476	42	STIM=j
4927707	42	RESP=1
4939069	42	STIM=d
4942675	42	RESP=1
4958059	42	STIM=d
4964748	42	RESP=1
4976240	42	STIM=t
4979768	42	RESP=1
4994379	42	STIM=x
5001231	42	RESP=1
5011615	42	STIM=y
5016122	42	RESP=1
5029497	42	STIM=x
5032932	42	RESP=1
5045781	42	STIM=y
5049614	42	RESP=1
5060981	42	STIM=x
5063653	42	RESP=1
5079713	42	STIM=b
5084188	42	RESP=1
5097967	42	STIM=6
5103741	42	RESP=2
5113960	42	STIM=i
5119367	42	RESP=2
5132352	42	STIM=9
5138882	42	RESP=2
5149875	42	STIM=x
5153765	42	RESP=2
5167820	42	STIM=l
5171981	42	RESP=1
5186620	42	STIM=y
5191901	42	RESP=1
5204584	42	STIM=h
5208574	42	RESP=1
5220093	42	STIM=4
5228494	42	RESP=2
5239016	42	STIM=7
5247079	42	RESP=2
5256397	42	STIM=h
5263539	42	RESP=1
5272757	42	STIM=q
5276999	42	RESP=1
5288600	42	STIM=e
5292698	42	RESP=1
5304667	42	STIM=z
5308237	42	RESP=1
5320267	42	STIM=f
5323252	42	RESP=1
5339164	42	STIM=c
5342358	42	RESP=1
5357928	42	STIM=t
5361473	42	RESP=1
5374960	42	STIM=q
5381114	42	RESP=1
5391139	42	STIM=1
5397978	42	RESP=2
5406393	42	STIM=a
5411009	42	RESP=1
5421813	42	STIM=a
5426045	42	RESP=1
5439225	42	STIM=i
5442646	42	RESP=1
5455842	42	STIM=o
5463970	42	RESP=1
5474198	42	STIM=b
5482895	42	RESP=1
5493113	42	STIM=o
5496617	42	RESP=1
5511688	42	STIM=8
5519172	42	RESP=2
5528933	42	STIM=w
5532218	42	RESP=1
5544840	42	STIM=j
5548199	42	RESP=1
5562617	42	STIM=t
5569654	42	RESP=1
5580303	42	STIM=3
5592558	42	RESP=2
5596245	42	STIM=m
5599667	42	RESP=1
5613522	42	STIM=x
5619967	42	RESP=1
5630413	42	STIM=u
5636214	42	RESP=1
5646247	42	STIM=c
5654090	42	RESP=1
5661517	42	STIM=c
5665503	42	RESP=1
5677829	42	STIM=n
5683440	42	RESP=1
5693460	42	STIM=3
5701329	42	RESP=2
5708567	42	STIM=d
5712428	42	RESP=1
5724123	42	STIM=t
5727245	42	RESP=2
5741766	42	STIM=e
5744555	42	RESP=1
5756834	42	STIM=f
5760305	42	RESP=1
5775032	42	STIM=d
5778730	42	RESP=1
5792696	42	STIM=n
5798441	42	RESP=1
5811255	42	STIM=c
5817247	42	RESP=1
5826940	42	STIM=0
5830785	42	RESP=2
5844922	42	STIM=9
5850458	42	RESP=2
5862053	42	STIM=b
5866207	42	RESP=1
5879105	42	STIM=u
5885597	42	RESP=1
5894270	42	STIM=t
5897708	42	RESP=1
5913258	42	STIM=6
5917787	42	RESP=1
5931876	42	STIM=0
5939429	42	RESP=2
5948790	42	STIM=2
5952803	42	RESP=2
5964794	42	STIM=k
5968646	42	RESP=1
5981910	42	STIM=6
5988426	42	RESP=2
5999349	42	STIM=a
6004320	42	RESP=1
6016049	42	STIM=2
6022210	42	RESP=2
6034375	42	STIM=o
6041106	42	RESP=1
6052654	42	STIM=o
6058412	42	RESP=1
6069751	42	STIM=a
6072789	42	RESP=1
6085138	42	STIM=0
6090123	42	RESP=2
6103254	42	STIM=b
6110029	42	RESP=1
6118937	42	STIM=0
6126768	42	RESP=2
6134432	42	STIM=x
6138741	42	RESP=1
6151137	42	STIM=p
6156260	42	RESP=1
6169743	42	STIM=h
6175476	42	RESP=1
6187800	42	STIM=0
6194485	42	RESP=2
6203142	42	STIM=r
6211998	42	RESP=1
6221847	42	STIM=n
6226533	42	RESP=1
6236935	42	STIM=n
6240518	42	RESP=1
6252037	42	STIM=l
6256105	42	RESP=1
6267961	42	STIM=g
6272591	42	RESP=1
6286775	42	STIM=h
6289170	42	RESP=1
6302800	42	STIM=m
6306470	42	RESP=1
6319821	42	STIM=p
6324044	42	RESP=1
6334831	42	STIM=z
6341367	42	RESP=1
6353232	42	STIM=3
6358813	42	RESP=2
6369221	42	STIM=9
6373898	42	RESP=2
6387706	42	STIM=2
6391632	42	RESP=2
6405087	42	STIM=u
6410079	42	RESP=1
6420512	42	STIM=z
6423762	42	RESP=1
6436080	42	STIM=1
6441752	42	RESP=2
6454400	42	STIM=d
6457246	42	RESP=1
6472871	42	STIM=e
6477493	42	RESP=1
6489591	42	STIM=r
6495256	42	RESP=1
6507882	42	STIM=o
6514863	42	RESP=2
6522955	42	STIM=r
6527834	42	RESP=1
6539101	42	STIM=s
6544610	42	RESP=1
6556554	42	STIM=v
6559511	42	RESP=1
6575445	42	STIM=q
6580839	42	RESP=1
6594096	42	STIM=2
6602983	42	RESP=2
6612845	42	STIM=e
6617762	42	RESP=1
6627919	42	STIM=5
6632331	42	RESP=2
6643441	42	STIM=y
6650426	42	RESP=1
6662295	42	STIM=q
6666504	42	RESP=1
6678306	42	STIM=o
6683229	42	RESP=1
6693361	42	STIM=p
6697931	42	RESP=1
6711501	42	STIM=j
6715120	42	RESP=1
6730081	42	STIM=y
6734081	42	RESP=1
6746216	42	STIM=o
6753282	42	RESP=1
6762746	42	STIM=x
6766829	42	RESP=1
6780644	42	STIM=x
6787072	42	RESP=1
6795965	42	STIM=y
6800151	42	RESP=1
6812755	42	STIM=k
6816716	42	RESP=1
6828564	42	STIM=m
6833479	42	RESP=1
6843973	42	STIM=8
6848476	42	RESP=2
6860715	42	STIM=x
6865480	42	RESP=1
6877352	42	STIM=q
6881264	42	RESP=1
6894071	42	STIM=x
6898667	42	RESP=1
6909435	42	STIM=5
6914341	42	RESP=2
6927827	42	STIM=j
6933091	42	RESP=1
6943338	42	STIM=t
6952770	42	RESP=1
6959227	42	STIM=5
6964173	42	RESP=2
6976879	42	STIM=v
6980725	42	RESP=1
6995420	42	STIM=0
7002391	42	RESP=2
7010994	42	STIM=p
7016907	42	RESP=1
7026209	42	STIM=k
7030896	42	RESP=2
7041728	42	STIM=3
7047475	42	RESP=2
7059707	42	STIM=i
7066160	42	RESP=1
7076089	42	STIM=m
7082002	42	RESP=1
7093435	42	STIM=a
7098380	42	RESP=1
7111820	42	STIM=6
7116959	42	RESP=2
7127064	42	STIM=d
7130995	42	RESP=1
7144312	42	STIM=a
7148914	42	RESP=1
7160322	42	STIM=b
7164726	42	RESP=1
7178842	42	STIM=w
7183611	42	RESP=2
7195004	42	STIM=9
7202714	42	RESP=2
7213788	42	STIM=u
7223467	42	RESP=1
7229965	42	STIM=n
7236302	42	RESP=1
7248746	42	STIM=5
7252594	42	RESP=2
7264501	42	STIM=x
7269132	42	RESP=1
7282424	42	STIM=a
7289408	42	RESP=1
7299777	42	STIM=v
7305630	42	RESP=1
7315827	42	STIM=n
7319907	42	RESP=2
7331529	42	STIM=u
7335833	42	RESP=1
7349157	42	STIM=y
7358333	42	RESP=1
7367961	42	STIM=s
7373596	42	RESP=1
7383425	42	STIM=z
7387411	42	RESP=1
7398785	42	STIM=g
7404712	42	RESP=1
7417468	42	STIM=p
7427115	42	RESP=1
7432526	42	STIM=5
7441027	42	RESP=2
7447650	42	STIM=q
7450911	42	RESP=1
7463621	42	STIM=0
7468644	42	RESP=2
7480403	42	STIM=3
7486061	42	RESP=2
7499282	42	STIM=7
7502925	42	RESP=2
7516290	42	STIM=e
7523894	42	RESP=1
7534584	42	STIM=x
7539091	42	RESP=1
7552741	42	STIM=h
7560104	42	RESP=1
7570738	42	STIM=4
7575408	42	RESP=2
7588352	42	STIM=l
7592986	42	RESP=1
7606690	42	STIM=2
7615626	42	RESP=2
7622715	42	STIM=f
7629110	42	RESP=1
7640503	42	STIM=a
7645343	42	RESP=1
7658626	42	STIM=b
7663529	42	RESP=1
7674374	42	STIM=q
7684892	42	RESP=1
7691973	42	STIM=p
7698037	42	RESP=1
7708982	42	STIM=n
7714305	42	RESP=1
7726053	42	STIM=0
7731280	42	RESP=2
7743543	42	STIM=5
7755915	42	RESP=2
7762500	42	STIM=f
7767654	42	RESP=1
7780270	42	STIM=h
7787360	42	RESP=1
7796916	42	STIM=b
7804258	42	RESP=1
7813124	42	STIM=e
7817324	42	RESP=1
7830393	42	STIM=6
7841724	42	RESP=2
7849134	42	STIM=o
7853273	42	RESP=2
7864843	42	STIM=7
7870119	42	RESP=2
7883178	42	STIM=6
7889110	42	RESP=2
7899608	42	STIM=o
7904759	42	RESP=1
7917817	42	STIM=b
7924087	42	RESP=1
7935958	42	STIM=9
7940609	42	RESP=2
7952425	42	STIM=h
7955290	42	RESP=1
7969982	42	STIM=5
7976473	42	RESP=2
7988030	42	STIM=3
7996158	42	RESP=2
8004340	42	STIM=g
8008946	42	RESP=1
8020223	42	STIM=h
8026370	42	RESP=1
8035689	42	STIM=e
8039302	42	RESP=1
8052376	42	STIM=w
8058140	42	RESP=1
8067524	42	STIM=r
8072900	42	RESP=1
8085327	42	STIM=h
8088243	42	RESP=1
8101562	42	STIM=z
8107420	42	RESP=1
8116926	42	STIM=t
8122752	42	RESP=1
8133810	42	STIM=g
8142047	42	RESP=1
8149524	42	STIM=4
8153503	42	RESP=2
8166670	42	STIM=b
8171537	42	RESP=1
8182630	42	STIM=n
8185842	42	RESP=1
8197711	42	STIM=4
8203939	42	RESP=2
8214749	42	STIM=q
8221656	42	RESP=1
8229817	42	STIM=d
8233771	42	RESP=1
8246770	42	STIM=p
8252980	42	RESP=1
8264363	42	STIM=2
8272453	42	RESP=1
8279770	42	STIM=0
8286626	42	RESP=2
8298575	42	STIM=q
8308279	42	RESP=1
8314605	42	STIM=q
8318502	42	RESP=1
8331526	42	STIM=g
8341244	42	RESP=1
8346807	42	STIM=2
8351969	42	RESP=2
8365070	42	STIM=b
8368506	42	RESP=1
8381445	42	STIM=m
8384821	42	RESP=1
8397625	42	STIM=z
8402101	42	RESP=1
8412667	42	STIM=y
8415748	42	RESP=1
8430780	42	STIM=m
8437191	42	RESP=1
8447026	42	STIM=t
8450258	42	RESP=1
8463819	42	STIM=s
8467577	42	RESP=1
8481306	42	STIM=5
8486109	42	RESP=2
8496562	42	STIM=y
8501216	42	RESP=1
8512946	42	STIM=5
8516600	42	RESP=2
8529307	42	STIM=b
8532598	42	RESP=1
8548275	42	STIM=m
8553446	42	RESP=1
8563570	42	STIM=m
8571817	42	RESP=1
8580132	42	STIM=g
8586584	42	RESP=1
8595440	42	STIM=m
8598664	42	RESP=1
8611800	42	STIM=a
8615521	42	RESP=1
8628898	42	STIM=8
8634637	42	RESP=2
8645574	42	STIM=v
8651814	42	RESP=1
8661610	42	STIM=s
8666808	42	RESP=1
8680151	42	STIM=d
8684102	42	RESP=1
8695681	42	STIM=p
8699085	42	RESP=1
8713404	42	STIM=b
8718344	42	RESP=1
8730879	42	STIM=p
8734455	42	RESP=1
8747195	42	STIM=d
8751367	42	RESP=1
8763901	42	STIM=v
8768979	42	RESP=1
8781284	42	STIM=z
8787280	42	RESP=1
8797887	42	STIM=r
8802085	42	RESP=1
8816185	42	STIM=p
8821215	42	RESP=1
8833420	42	STIM=z
8836549	42	RESP=1
8851890	42	STIM=n
8854420	42	RESP=1
8870419	42	STIM=6
8875880	42	RESP=2
8885533	42	STIM=l
8888273	42	RESP=1
8901333	42	STIM=t
8906265	42	RESP=1
8918742	42	STIM=n
8924186	42	RESP=1
8935708	42	STIM=j
8940148	42	RESP=1
8951400	42	STIM=m
8957366	42	RESP=1
8966649	42	STIM=6
8970049	42	RESP=2
8982766	42	STIM=h
8987089	42	RESP=1
9000560	42	STIM=g
9004337	42	RESP=1
9016636	42	STIM=q
9024191	42	RESP=1
9035627	42	STIM=m
9039652	42	RESP=1
9051785	42	STIM=y
9056066	42	RESP=1
9070469	42	STIM=x
9074770	42	RESP=1
9088185	42	STIM=c
9094597	42	RESP=2
9104416	42	STIM=a
9107935	42	RESP=1
9121801	42	STIM=r
9125792	42	RESP=1
9139769	42	STIM=f
9142183	42	RESP=1
9158184	42	STIM=l
9161380	42	RESP=1
9177072	42	STIM=p
9181641	42	RESP=1
9192558	42	STIM=q
9195905	42	RESP=1
9210030	42	STIM=j
9214276	42	RESP=2
9227389	42	STIM=y
9231126	42	RESP=1
9245478	42	STIM=k
9248790	42	RESP=1
9262290	42	STIM=i
9268402	42	RESP=1
9280172	42	STIM=6
9286271	42	RESP=2
9296076	42	STIM=c
9301299	42	RESP=1
9313045	42	STIM=m
9316014	42	RESP=1
9329908	42	STIM=l
9334467	42	RESP=1
9346748	42	STIM=v
9351182	42	RESP=1
9362488	42	STIM=c
9366335	42	RESP=1
9377559	42	STIM=9
9381302	42	RESP=2
9394667	42	STIM=p
9398102	42	RESP=1
9411176	42	STIM=4
9415326	42	RESP=2
9427298	42	STIM=c
9431672	42	RESP=1
9445660	42	STIM=7
9449391	42	RESP=1
9462845	42	STIM=s
9469557	42	RESP=1
9480999	42	STIM=w
9484338	42	RESP=1
9498891	42	STIM=b
9503039	42	RESP=1
9514193	42	STIM=y
9519899	42	RESP=1
9532849	42	STIM=v
9538016	42	RESP=1
9548870	42	STIM=f
9554153	42	RESP=1
9566489	42	STIM=i
9570376	42	RESP=1
9583686	42	STIM=y
9586586	42	RESP=1
9601513	42	STIM=v
9604961	42	RESP=1
9616582	42	STIM=7
9621609	42	RESP=2
9631804	42	STIM=g
9639950	42	RESP=1
9647571	42	STIM=v
9658037	42	RESP=1
9665304	42	STIM=w
9668841	42	RESP=1
9681561	42	STIM=r
9686046	42	RESP=1
9700091	42	STIM=g
9704517	42	RESP=1
9716434	42	STIM=8
9724474	42	RESP=1
9732520	42	STIM=g
9743688	42	RESP=1
9749804	42	STIM=v
9753960	42	RESP=1
9768181	42	STIM=q
9771952	42	RESP=1
9783458	42	STIM=2
9791845	42	RESP=2
9801647	42	STIM=7
9807065	42	RESP=2
9819294	42	STIM=f
9823972	42	RESP=1
9835700	42	STIM=l
9840291	42	RESP=1
9854327	42	STIM=c
9859410	42	RESP=1
9869689	42	STIM=s
9875912	42	RESP=1
9885294	42	STIM=d
9890203	42	RESP=1
9901320	42	STIM=i
9905752	42	RESP=1
9917305	42	STIM=l
9922288	42	RESP=1
9932660	42	STIM=t
9936965	42	RESP=1
9949392	42	STIM=o
9952626	42	RESP=1
9965429	42	STIM=e
9972356	42	RESP=1
9981295	42	STIM=e
9985743	42	RESP=1
9997561	42	STIM=m
10006845	42	RESP=1
10014270	42	STIM=0
10019112	42	RESP=2
10030932	42	STIM=9
10035042	42	RESP=2
10047023	42	STIM=u
10049892	42	RESP=1
10063042	42	STIM=6
10068255	42	RESP=2
10081853	42	STIM=p
10085190	42	RESP=1
10100179	42	STIM=v
10105043	42	RESP=1
10115332	42	STIM=n
10119627	42	RESP=1
10131716	42	STIM=j
10136642	42	RESP=1
10150408	42	STIM=h
10153655	42	RESP=1
10167434	42	STIM=m
10175562	42	RESP=1
10183169	42	STIM=r
10187249	42	RESP=1
10201585	42	STIM=f
10209242	42	RESP=1
10220364	42	STIM=s
10224508	42	RESP=1
10238832	42	STIM=q
10242297	42	RESP=1
10257096	42	STIM=b
10261107	42	RESP=1
10274979	42	STIM=l
10278634	42	RESP=1
10291472	42	STIM=a
10295792	42	RESP=1
10306762	42	STIM=q
10310654	42	RESP=2
10322120	42	STIM=6
10327217	42	RESP=2
10339179	42	STIM=b
10342177	42	RESP=1
10354926	42	STIM=f
10357878	42	RESP=1
10371662	42	STIM=6
10375341	42	RESP=2
10386686	42	STIM=8
10390942	42	RESP=2
10402580	42	STIM=y
10409774	42	RESP=1
10419409	42	STIM=x
10422959	42	RESP=1
10436328	42	STIM=c
10439974	42	RESP=1
10454402	42	STIM=g
10459747	42	RESP=1
10471814	42	STIM=t
10477972	42	RESP=1
10487752	42	STIM=a
10493740	42	RESP=1
10503928	42	STIM=0
10508787	42	RESP=1
10521988	42	STIM=b
10527455	42	RESP=1
10537673	42	STIM=x
10540444	42	RESP=1
10553748	42	STIM=o
10561992	42	RESP=1
10572027	42	STIM=c
10575790	42	RESP=1
10588249	42	STIM=b
10592384	42	RESP=1
10606732	42	STIM=1
10614328	42	RESP=2
10621752	42	STIM=5
10627552	42	RESP=2
10638830	42	STIM=m
10645479	42	RESP=1
10654772	42	STIM=5
10659825	42	RESP=2
10673769	42	STIM=q
10679386	42	RESP=1
10692764	42	STIM=a
10697423	42	RESP=1
10709597	42	STIM=e
10712027	42	RESP=1
10726031	42	STIM=l
10728633	42	RESP=1
10741667	42	STIM=m
10746724	42	RESP=1
10760291	42	STIM=q
10764458	42	RESP=1
10775603	42	STIM=n
10780500	42	RESP=1
10794437	42	STIM=y
10798625	42	RESP=1
10811433	42	STIM=w
10816198	42	RESP=1
10827399	42	STIM=i
10832609	42	RESP=1
10844969	42	STIM=t
10849778	42	RESP=1
10859972	42	STIM=g
10864686	42	RESP=1
10878173	42	STIM=n
10880774	42	RESP=1
10893715	42	STIM=3
10900237	42	RESP=2
10911031	42	STIM=s
10918922	42	RESP=1
10928390	42	STIM=q
10937828	42	RESP=1
10947249	42	STIM=p
10952841	42	RESP=1
10962471	42	STIM=z
10969117	42	RESP=1
10979145	42	STIM=v
10985041	42	RESP=1
10996370	42	STIM=b
11002014	42	RESP=1
11011716	42	STIM=e
11017409	42	RESP=1
11029703	42	STIM=o
11034204	42	RESP=1
11047519	42	STIM=z
11052312	42	RESP=1
11062996	42	STIM=8
11067717	42	RESP=2
11079093	42	STIM=i
11082445	42	RESP=1
11097774	42	STIM=7
11107522	42	RESP=2
11113492	42	STIM=e
11118351	42	RESP=1
11129204	42	STIM=g
11136219	42	RESP=1
11146369	42	STIM=x
11150046	42	RESP=1
11162940	42	STIM=k
11170892	42	RESP=1
11178794	42	STIM=u
11184974	42	RESP=1
11195688	42	STIM=c
11201103	42	RESP=1
11212103	42	STIM=r
11216084	42	RESP=1
11229073	42	STIM=s
11236696	42	RESP=1
11246113	42	STIM=3
11250060	42	RESP=2
11264440	42	STIM=d
11269406	42	RESP=1
11280439	42	STIM=p
11284157	42	RESP=1
11297648	42	STIM=o
11302742	42	RESP=1
11313150	42	STIM=v
11318186	42	RESP=1
11330538	42	STIM=2
11337425	42	RESP=1
11347567	42	STIM=c
11353790	42	RESP=1
11364364	42	STIM=3
11371402	42	RESP=2
11379685	42	STIM=j
11384656	42	RESP=1
11396774	42	STIM=4
11401628	42	RESP=2
11412358	42	STIM=h
11417170	42	RESP=1
11429366	42	STIM=v
11433980	42	RESP=1
11446468	42	STIM=j
11450664	42	RESP=1
11462069	42	STIM=r
11468427	42	RESP=1
11480537	42	STIM=t
11486417	42	RESP=1
11499171	42	STIM=w
11503742	42	RESP=1
11516747	42	STIM=n
11521207	42	RESP=1
11532603	42	STIM=s
11542377	42	RESP=1
11549197	42	STIM=z
11552047	42	RESP=1
11566441	42	STIM=1
11571152	42	RESP=2
11582874	42	STIM=i
11588873	42	RESP=1
11601836	42	STIM=p
11605877	42	RESP=1
11619647	42	STIM=z
11623384	42	RESP=1
11638487	42	STIM=a
11642146	42	RESP=2
11657037	42	STIM=c
11661836	42	RESP=1
11673951	42	STIM=w
11679751	42	RESP=1
11692573	42	STIM=n
11696862	42	RESP=1
11709452	42	STIM=6
11713893	42	RESP=1
11727784	42	STIM=z
11731400	42	RESP=1
11743727	42	STIM=j
11747441	42	RESP=1
11759144	42	STIM=b
11763669	42	RESP=1
11775976	42	STIM=o
11780553	42	RESP=1
11794582	42	STIM=d
11802448	42	RESP=1
11812960	42	STIM=i
11818685	42	RESP=1
11829929	42	STIM=i
11835046	42	RESP=1
11845791	42	STIM=x
11849694	42	RESP=1
11863963	42	STIM=d
11867890	42	RESP=1
11882268	42	STIM=j
11886858	42	RESP=1
11897955	42	STIM=1
11902626	42	RESP=2
11913746	42	STIM=o
11917946	42	RESP=1
11929688	42	STIM=p
11934421	42	RESP=1
11948673	42	STIM=k
11953039	42	RESP=1
11965970	42	STIM=w
11969459	42	RESP=1
11984689	42	STIM=q
11989853	42	RESP=1
12000585	42	STIM=b
12003353	42	RESP=1
12017314	42	STIM=a
12021024	42	RESP=1
12033472	42	STIM=x
12037447	42	RESP=1
12049064	42	STIM=2
12054108	42	RESP=2
12064131	42	STIM=r
12069663	42	RESP=1
12082004	42	STIM=c
12084790	42	RESP=1
12099802	42	STIM=p
12104607	42	RESP=1
12117820	42	STIM=9
12122188	42	RESP=2
12134172	42	STIM=4
12139031	42	RESP=2
12152988	42	STIM=k
12156559	42	RESP=1
12171939	42	STIM=x
12175161	42	RESP=1
12188396	42	STIM=g
12191418	42	RESP=2
12204142	42	STIM=d
12209256	42	RESP=1
12222117	42	STIM=i
12224697	42	RESP=1
12240132	42	STIM=d
12246621	42	RESP=1
12255315	42	STIM=j
12259866	42	RESP=1
12271905	42	STIM=q
12278886	42	RESP=1
12288618	42	STIM=9
12294474	42	RESP=2
12307451	42	STIM=h
12313661	42	RESP=1
12322510	42	STIM=r
12326855	42	RESP=1
12339545	42	STIM=c
12342736	42	RESP=1
12357960	42	STIM=w
12362944	42	RESP=1
12374195	42	STIM=h
12377666	42	RESP=1
12389924	42	STIM=u
12396437	42	RESP=1
12406669	42	STIM=u
12413027	42	RESP=1
12422824	42	STIM=p
12428059	42	RESP=1
12440513	42	STIM=p
12448758	42	RESP=1
12457309	42	STIM=w
12462310	42	RESP=1
12475381	42	STIM=l
12479866	42	RESP=1
12493959	42	STIM=f
12497436	42	RESP=1
12510998	42	STIM=9
12516427	42	RESP=2
12529388	42	STIM=k
12532709	42	RESP=1
12547982	42	STIM=u
12551423	42	RESP=1
12564196	42	STIM=z
12571409	42	RESP=1
12581816	42	STIM=h
12584836	42	RESP=1
12597085	42	STIM=m
12601923	42	RESP=1
12615245	42	STIM=c
12618902	42	RESP=1
12631039	42	STIM=w
12635516	42	RESP=1
12649587	42	STIM=c
12652759	42	RESP=1
12667888	42	STIM=c
12672005	42	RESP=1
12682916	42	STIM=h
12686965	42	RESP=1
12701573	42	STIM=a
12706526	42	RESP=1
12720471	42	STIM=c
12727658	42	RESP=1
12737651	42	STIM=p
12742724	42	RESP=2
12755731	42	STIM=b
12761851	42	RESP=1
12772100	42	STIM=2
12775949	42	RESP=2
12789279	42	STIM=a
12797764	42	RESP=1
12806773	42	STIM=6
12810982	42	RESP=2
12823437	42	STIM=f
12826547	42	RESP=1
12842249	42	STIM=e
12846465	42	RESP=1
12860919	42	STIM=y
12865547	42	RESP=1
12877334	42	STIM=l
12882524	42	RESP=1
12896137	42	STIM=v
12901012	42	RESP=1
12913182	42	STIM=b
12917804	42	RESP=1
12928827	42	STIM=z
12932490	42	RESP=1
12945734	42	STIM=t
12949915	42	RESP=1
12962124	42	STIM=l
12966321	42	RESP=1
12977283	42	STIM=3
12985411	42	RESP=1
12995707	42	STIM=o
13001689	42	RESP=1
13012734	42	STIM=0
13020311	42	RESP=1
13031649	42	STIM=f
13036341	42	RESP=1
13049757	42	STIM=d
13055369	42	RESP=2
13067703	42	STIM=m
13071469	42	RESP=1
13083823	42	STIM=6
13091441	42	RESP=2
13101361	42	STIM=m
13106358	42	RESP=1
13118291	42	STIM=q
13122349	42	RESP=1
13135569	42	STIM=z
13139546	42	RESP=1
13152548	42	STIM=t
13156326	42	RESP=1
13169091	42	STIM=0
13176539	42	RESP=2
13187021	42	STIM=z
13197159	42	RESP=1
13204296	42	STIM=n
13209798	42	RESP=1
13220667	42	STIM=0
13224883	42	RESP=2
13237872	42	STIM=b
13241200	42	RESP=1
13253047	42	STIM=a
13258239	42	RESP=1
13271343	42	STIM=t
13277297	42	RESP=1
13289255	42	STIM=5
13293753	42	RESP=2
13306359	42	STIM=2
13315186	42	RESP=2
13324912	42	STIM=u
13329674	42	RESP=1
13340709	42	STIM=8
13345217	42	RESP=2
13357491	42	STIM=m
13362337	42	RESP=2
13375029	42	STIM=o
13379154	42	RESP=1
13390688	42	STIM=g
13396474	42	RESP=1
13409123	42	STIM=h
13415443	42	RESP=1
13427683	42	STIM=j
13432378	42	RESP=1
13442853	42	STIM=o
13448194	42	RESP=1
13459337	42	STIM=g
13463159	42	RESP=1
13474908	42	STIM=e
13478368	42	RESP=1
13490985	42	STIM=e
13494426	42	RESP=1
13506562	42	STIM=l
13509276	42	RESP=1
13523292	42	STIM=e
13528717	42	RESP=1
13540642	42	STIM=g
13545866	42	RESP=1
13558419	42	STIM=z
13563996	42	RESP=1
13573885	42	STIM=q
13579159	42	RESP=1
13590495	42	STIM=9
13594309	42	RESP=2
13605840	42	STIM=5
13612224	42	RESP=2
13621845	42	STIM=u
13626582	42	RESP=1
13637502	42	STIM=q
13642813	42	RESP=1
13652932	42	STIM=8
13666583	42	RESP=2
13670406	42	STIM=g
13674301	42	RESP=1
13687550	42	STIM=z
13692047	42	RESP=1
13704343	42	STIM=2
13710145	42	RESP=2
13721793	42	STIM=k
13727850	42	RESP=1
13738199	42	STIM=g
13743066	42	RESP=1
13754694	42	STIM=q
13762915	42	RESP=1
13771824	42	STIM=o
13775372	42	RESP=1
13786885	42	STIM=i
13790715	42	RESP=1
13803897	42	STIM=4
13809067	42	RESP=2
13821462	42	STIM=q
13826667	42	RESP=1
13839431	42	STIM=c
13843634	42	RESP=1
13856699	42	STIM=m
13860570	42	RESP=1
13874702	42	STIM=k
13878753	42	RESP=1
13892484	42	STIM=m
13895489	42	RESP=1
13909271	42	STIM=v
13917793	42	RESP=1
13927199	42	STIM=t
13930382	42	RESP=1
13943909	42	STIM=h
13946707	42	RESP=1
13960319	42	STIM=i
13965046	42	RESP=1
13977726	42	STIM=b
13981371	42	RESP=1
13995208	42	STIM=b
14000903	42	RESP=1
14011828	42	STIM=l
14020715	42	RESP=1
14030221	42	STIM=h
14036906	42	RESP=1
14045954	42	STIM=u
14049869	42	RESP=1
14063057	42	STIM=u
14066888	42	RESP=1
14080737	42	STIM=m
14084335	42	RESP=1
14098624	42	STIM=w
14105151	42	RESP=1
14115382	42	STIM=5
14120379	42	RESP=2
14133363	42	STIM=r
14138107	42	RESP=1
14149411	42	STIM=v
14155878	42	RESP=1
14167334	42	STIM=r
14171996	42	RESP=1
14183789	42	STIM=l
14190276	42	RESP=1
14199971	42	STIM=n
14207106	42	RESP=1
14218930	42	STIM=f
14225492	42	RESP=1
14236744	42	STIM=g
14242359	42	RESP=1
14253586	42	STIM=1
14261729	42	RESP=2
14271862	42	STIM=7
14278781	42	RESP=2
14286995	42	STIM=f
14294890	42	RESP=1
14302130	42	STIM=q
14306873	42	RESP=1
14318793	42	STIM=p
14324517	42	RESP=1
14335028	42	STIM=i
14339087	42	RESP=1
14350529	42	STIM=y
14355463	42	RESP=1
14365940	42	STIM=7
14372298	42	RESP=1
14381528	42	STIM=r
14384594	42	RESP=1
14397355	42	STIM=r
14402948	42	RESP=1
14416200	42	STIM=9
14422167	42	RESP=1
14431555	42	STIM=d
14436692	42	RESP=1
14447479	42	STIM=v
14451054	42	RESP=1
14463055	42	STIM=y
14468602	42	RESP=1
14480065	42	STIM=m
14482904	42	RESP=1
14497460	42	STIM=s
14503091	42	RESP=1
14513509	42	STIM=h
14518044	42	RESP=1
14529813	42	STIM=d
14536234	42	RESP=1
14547912	42	STIM=z
14554839	42	RESP=1
14563667	42	STIM=o
14566969	42	RESP=1
14580903	42	STIM=8
14590353	42	RESP=2
14596096	42	STIM=g
14599386	42	RESP=1
14613224	42	STIM=2
14622090	42	RESP=1
14631401	42	STIM=d
14635364	42	RESP=1
14648389	42	STIM=y
14651815	42	RESP=1
14665141	42	STIM=v
14673257	42	RESP=1
14683768	42	STIM=x
14688499	42	RESP=1
14698922	42	STIM=m
14702979	42	RESP=1
14714468	42	STIM=0
14719571	42	RESP=2
14732533	42	STIM=z
14735837	42	RESP=1
14748854	42	STIM=h
14753819	42	RESP=1
14766249	42	STIM=c
14769625	42	RESP=1
14784290	42	STIM=k
14787389	42	RESP=1
14799865	42	STIM=u
14802427	42	RESP=1
14816208	42	STIM=n
14819852	42	RESP=1
14834142	42	STIM=c
14836885	42	RESP=1
14849803	42	STIM=x
14852762	42	RESP=2
14867620	42	STIM=t
14872701	42	RESP=1
14884869	42	STIM=8
14893347	42	RESP=2
14902237	42	STIM=y
14909082	42	RESP=1
14920935	42	STIM=m
14925058	42	RESP=1
14936153	42	STIM=i
14942189	42	RESP=1
14953834	42	STIM=t
14960381	42	RESP=1
14971159	42	STIM=s
14978453	42	RESP=1
14986422	42	STIM=g
14988821	42	RESP=1
15005043	42	STIM=3
15008443	42	RESP=2
15020381	42	STIM=n
15025453	42	RESP=1
15037477	42	STIM=f
15045700	42	RESP=1
15056203	42	STIM=z
15062572	42	RESP=1
15071733	42	STIM=r
15078932	42	RESP=1
15088297	42	STIM=b
15092400	42	RESP=1
15104350	42	STIM=y
15108858	42	RESP=1
15121263	42	STIM=q
15127793	42	RESP=1
15138536	42	STIM=4
15147799	42	RESP=2
15157408	42	STIM=4
15162683	42	RESP=2
15175717	42	STIM=h
15181993	42	RESP=1
15193170	42	STIM=m
15199782	42	RESP=1
15208830	42	STIM=h
15213606	42	RESP=1
15224453	42	STIM=m
15228502	42	RESP=1
15242262	42	STIM=n
15245055	42	RESP=1
15260313	42	STIM=s
15264455	42	RESP=1
15279000	42	STIM=j
15282218	42	RESP=1
15296354	42	STIM=7
15302129	42	RESP=2
15311871	42	STIM=3
15315939	42	RESP=2
15330206	42	STIM=q
15337097	42	RESP=1
15347499	42	STIM=e
15350895	42	RESP=1
15366300	42	STIM=b
15370723	42	RESP=1
15385067	42	STIM=f
15390356	42	RESP=1
15403177	42	STIM=y
15408686	42	RESP=1
15420151	42	STIM=s
15424267	42	RESP=1
15438813	42	STIM=3
15445533	42	RESP=2
15456212	42	STIM=6
15465259	42	RESP=2
15474749	42	STIM=h
15481661	42	RESP=1
15491511	42	STIM=a
15495959	42	RESP=1
15509289	42	STIM=g
15513434	42	RESP=2
15527799	42	STIM=p
15532187	42	RESP=1
15545729	42	STIM=e
15549399	42	RESP=1
15561468	42	STIM=h
15566503	42	RESP=1
15578068	42	STIM=j
15581409	42	RESP=1
15594234	42	STIM=2
15601944	42	RESP=2
15610084	42	STIM=7
15614831	42	RESP=2
15626812	42	STIM=m
15630676	42	RESP=1
15643974	42	STIM=a
15649494	42	RESP=1
15662140	42	STIM=z
15665819	42	RESP=1
15680055	42	STIM=a
15685731	42	RESP=1
15698348	42	STIM=u
15702653	42	RESP=1
15714681	42	STIM=h
15718599	42	RESP=1
15732398	42	STIM=z
15741296	42	RESP=1
15748044	42	STIM=w
15750742	42	RESP=2
15766178	42	STIM=v
15770790	42	RESP=1
15784499	42	STIM=c
15790174	42	RESP=1
15801580	42	STIM=s
15805103	42	RESP=1
15818152	42	STIM=d
15825951	42	RESP=1
15835129	42	STIM=8
15839390	42	RESP=1
15854086	42	STIM=m
15858392	42	RESP=1
15872794	42	STIM=j
15876245	42	RESP=1
15888802	42	STIM=m
15894555	42	RESP=1
15906041	42	STIM=8
15910967	42	RESP=2
15921764	42	STIM=b
15924937	42	RESP=1
15939719	42	STIM=i
15942919	42	RESP=1
15957136	42	STIM=a
15960238	42	RESP=1
15974018	42	STIM=s
15977236	42	RESP=1
15990373	42	STIM=s
15994180	42	RESP=1
16007889	42	STIM=7
16012685	42	RESP=2
16024165	42	STIM=k
16030669	42	RESP=2
16042389	42	STIM=b
16047070	42	RESP=1
16058699	42	STIM=7
16064252	42	RESP=2
16073924	42	STIM=w
16080351	42	RESP=1
16089336	42	STIM=t
16096813	42	RESP=1
16104774	42	STIM=l
16108781	42	RESP=1
16121619	42	STIM=r
16126359	42	RESP=1
16139548	42	STIM=6
16144118	42	RESP=2
16155934	42	STIM=l
16162220	42	RESP=1
16171653	42	STIM=n
16175735	42	RESP=1
16189113	42	STIM=e
16196982	42	RESP=1
16204818	42	STIM=m
16208111	42	RESP=1
16220839	42	STIM=y
16226927	42	RESP=1
16238678	42	STIM=4
16245493	42	RESP=2
16254723	42	STIM=f
16258938	42	RESP=1
16271784	42	STIM=y
16277769	42	RESP=1
16290229	42	STIM=d
16293960	42	RESP=1
16306784	42	STIM=u
16309435	42	RESP=1
16324937	42	STIM=4
16330119	42	RESP=2
16343280	42	STIM=o
16347758	42	RESP=1
16360729	42	STIM=k
16365482	42	RESP=1
16377437	42	STIM=y
16381491	42	RESP=1
16394729	42	STIM=v
16398471	42	RESP=2
16411678	42	STIM=7
16417063	42	RESP=2
16427875	42	STIM=s
16434602	42	RESP=1
16444494	42	STIM=i
16447477	42	RESP=1
16461253	42	STIM=a
16465716	42	RESP=1
16480160	42	STIM=l
16485592	42	RESP=2
16497027	42	STIM=k
16505321	42	RESP=1
16514414	42	STIM=g
16520469	42	RESP=1
16532366	42	STIM=n
16537285	42	RESP=1
16547993	42	STIM=c
16552368	42	RESP=1
16565167	42	STIM=h
16568443	42	RESP=1
16582096	42	STIM=5
16586287	42	RESP=2
16600168	42	STIM=d
16605761	42	RESP=1
16615326	42	STIM=b
16621136	42	RESP=1
16631479	42	STIM=p
16635313	42	RESP=1
16647777	42	STIM=g
16651536	42	RESP=1
16665062	42	STIM=d
16671093	42	RESP=1
16681426	42	STIM=2
16686400	42	RESP=2
16698223	42	STIM=q
16702233	42	RESP=1
16715996	42	STIM=7
16721423	42	RESP=2
16731518	42	STIM=2
16737420	42	RESP=2
16747872	42	STIM=8
16752710	42	RESP=2
16765090	42	STIM=1
16771637	42	RESP=2
16781133	42	STIM=h
16786960	42	RESP=1
16799630	42	STIM=t
16803570	42	RESP=1
16818621	42	STIM=b
16825287	42	RESP=1
16835003	42	STIM=c
16839046	42	RESP=1
16853899	42	STIM=w
16859483	42	RESP=1
16871242	42	STIM=6
16875846	42	RESP=2
16887032	42	STIM=f
16890759	42	RESP=1
16904813	42	STIM=8
16909811	42	RESP=2
16923051	42	STIM=j
16927710	42	RESP=1
16939685	42	STIM=p
16943825	42	RESP=1
16956957	42	STIM=b
16964887	42	RESP=1
16972870	42	STIM=o
16979302	42	RESP=1
16990329	42	STIM=5
16995402	42	RESP=2
17006008	42	STIM=k
17013884	42	RESP=1
17021405	42	STIM=3
17024864	42	RESP=1
17037926	42	STIM=y
17043642	42	RESP=1
17056333	42	STIM=v
17062038	42	RESP=1
17072898	42	STIM=9
17078005	42	RESP=2
17088743	42	STIM=0
17096545	42	RESP=2
17105293	42	STIM=q
17110746	42	RESP=1
17123307	42	STIM=1
17128125	42	RESP=1
17141000	42	STIM=t
17145870	42	RESP=1
17156306	42	STIM=s
17160668	42	RESP=1
17174588	42	STIM=u
17177701	42	RESP=1
17191795	42	STIM=n
17194420	42	RESP=1
17209256	42	STIM=e
17214032	42	RESP=1
17224962	42	STIM=l
17231566	42	RESP=1
17242527	42	STIM=i
17246973	42	RESP=1
17260429	42	STIM=f
17263972	42	RESP=1
17277838	42	STIM=n
17285447	42	RESP=1
17295220	42	STIM=4
17299672	42	RESP=2
17314139	42	STIM=a
17319391	42	RESP=1
17331360	42	STIM=j
17335776	42	RESP=1
17347428	42	STIM=k
17354864	42	RESP=1
17363756	42	STIM=k
17368693	42	RESP=1
17382030	42	STIM=a
17388217	42	RESP=1
17399851	42	STIM=k
17405418	42	RESP=1
17418805	42	STIM=3
17427535	42	RESP=2
17435262	42	STIM=z
17438260	42	RESP=1
17453407	42	STIM=o
17457140	42	RESP=1
17472316	42	STIM=o
17481306	42	RESP=1
17489754	42	STIM=f
17495143	42	RESP=1
17505779	42	STIM=y
17511926	42	RESP=1
17524414	42	STIM=h
17527937	42	RESP=1
17542613	42	STIM=h
17549641	42	RESP=1
17559687	42	STIM=p
17568406	42	RESP=1
17577482	42	STIM=d
17584386	42	RESP=2
17595080	42	STIM=n
17599423	42	RESP=1
17610557	42	STIM=j
17614695	42	RESP=1
17627319	42	STIM=a
17630647	42	RESP=1
17645116	42	STIM=k
17650941	42	RESP=1
17662362	42	STIM=b
17667491	42	RESP=1
17679127	42	STIM=2
17686365	42	RESP=2
17697701	42	STIM=i
17702987	42	RESP=1
17714680	42	STIM=g
17718494	42	RESP=1
17732596	42	STIM=s
17735612	42	RESP=1
17749984	42	STIM=r
17755449	42	RESP=1
17765084	42	STIM=2
17772127	42	RESP=2
17780740	42	STIM=h
17786251	42	RESP=1
17799287	42	STIM=g
17804452	42	RESP=2
17817552	42	STIM=8
17822118	42	RESP=2
17833568	42	STIM=w
17836637	42	RESP=1
17852079	42	STIM=s
17858814	42	RESP=1
17867535	42	STIM=g
17872537	42	RESP=1
17883594	42	STIM=s
17886725	42	RESP=1
17900203	42	STIM=i
17903123	42	RESP=1
17915577	42	STIM=8
17919678	42	RESP=2
17931693	42	STIM=t
17935584	42	RESP=1
17949627	42	STIM=q
17957966	42	RESP=1
17966116	42	STIM=l
17970991	42	RESP=1
17981997	42	STIM=s
17985728	42	RESP=1
17999005	42	STIM=h
18001684	42	RESP=1
18014725	42	STIM=j
18018805	42	RESP=1
18030166	42	STIM=j
18035497	42	RESP=1
18047216	42	STIM=o
18052247	42	RESP=1
18064001	42	STIM=w
18068493	42	RESP=1
18080222	42	STIM=b
18084723	42	RESP=1
18098857	42	STIM=m
18102013	42	RESP=1
18113970	42	STIM=v
18120329	42	RESP=1
18129793	42	STIM=b
18133713	42	RESP=2
18147725	42	STIM=1
18156558	42	RESP=2
18165758	42	STIM=r
18170376	42	RESP=1
18183594	42	STIM=o
18192074	42	RESP=1
18199565	42	STIM=o
18206521	42	RESP=1
18215767	42	STIM=m
18220967	42	RESP=1
18231830	42	STIM=b
18240016	42	RESP=1
18248582	42	STIM=c
18251639	42	RESP=1
18264739	42	STIM=c
18271113	42	RESP=2
18280203	42	STIM=x
18283855	42	RESP=1
18295860	42	STIM=0
18300049	42	RESP=2
18313596	42	STIM=u
18318702	42	RESP=1
18329606	42	STIM=1
18333228	42	RESP=2
18347696	42	STIM=a
18354556	42	RESP=1
18365530	42	STIM=f
18371107	42	RESP=1
18384297	42	STIM=j
18388442	42	RESP=1
18399354	42	STIM=y
18406285	42	RESP=1
18415112	42	STIM=g
18419392	42	RESP=1
18431704	42	STIM=h
18435881	42	RESP=1
18448523	42	STIM=o
18453135	42	RESP=1
18464421	42	STIM=v
18468770	42	RESP=1
18479805	42	STIM=c
18486211	42	RESP=1
18498388	42	STIM=q
18502817	42	RESP=2
18513866	42	STIM=i
18517464	42	RESP=1
18529124	42	STIM=w
18533349	42	RESP=1
18547828	42	STIM=1
18553674	42	RESP=2
18564320	42	STIM=g
18568592	42	RESP=1
18580079	42	STIM=0
18585424	42	RESP=2
18595518	42	STIM=4
18600886	42	RESP=2
18612557	42	STIM=3
18618529	42	RESP=2
18627886	42	STIM=m
18631172	42	RESP=1
18643281	42	STIM=n
18649159	42	RESP=1
18659303	42	STIM=q
18667783	42	RESP=1
18676188	42	STIM=0
18681892	42	RESP=2
18692692	42	STIM=b
18700305	42	RESP=1
18711222	42	STIM=j
18715684	42	RESP=1
18730031	42	STIM=1
18735589	42	RESP=2
18745704	42	STIM=b
18752913	42	RESP=1
18760906	42	STIM=e
18770836	42	RESP=1
18778446	42	STIM=o
18781918	42	RESP=1
18793633	42	STIM=q
18798668	42	RESP=1
18809386	42	STIM=d
18814938	42	RESP=1
18825982	42	STIM=c
18829746	42	RESP=1
18842145	42	STIM=d
18846388	42	RESP=1
18860752	42	STIM=f
18864895	42	RESP=1
18879234	42	STIM=n
18885233	42	RESP=1
18896270	42	STIM=r
18902698	42	RESP=1
18911730	42	STIM=q
18916907	42	RESP=1
18929035	42	STIM=p
18932957	42	RESP=1
18945285	42	STIM=e
18948400	42	RESP=1
18963266	42	STIM=t
18971869	42	RESP=1
18980984	42	STIM=4
18986556	42	RESP=2
18996133	42	STIM=a
19001151	42	RESP=1
19015055	42	STIM=x
19020427	42	RESP=1
19032885	42	STIM=n
19036132	42	RESP=1
19050212	42	STIM=n
19058601	42	RESP=1
19067912	42	STIM=2
19075260	42	RESP=2
19084864	42	STIM=t
19090666	42	RESP=1
19103783	42	STIM=6
19111740	42	RESP=2
19121436	42	STIM=8
19127045	42	RESP=2
19137565	42	STIM=1
19146463	42	RESP=1
19153440	42	STIM=t
19157759	42	RESP=1
19169566	42	STIM=l
19172773	42	RESP=2
19185795	42	STIM=x
19192882	42	RESP=2
19201809	42	STIM=l
19206109	42	RESP=1
19219793	42	STIM=5
19225861	42	RESP=2
19238188	42	STIM=w
19241032	42	RESP=1
19253656	42	STIM=a
19257184	42	RESP=1
19270451	42	STIM=a
19274247	42	RESP=1
19285898	42	STIM=d
19292706	42	RESP=1
19302663	42	STIM=x
19307106	42	RESP=1
19319445	42	STIM=m
19325217	42	RESP=1
19335675	42	STIM=a
19340053	42	RESP=1
19352282	42	STIM=c
19356423	42	RESP=1
19368061	42	STIM=j
19371731	42	RESP=1
19386564	42	STIM=6
19393637	42	RESP=2
19405098	42	STIM=m
19410706	42	RESP=1
19423048	42	STIM=2
19426927	42	RESP=2
19440663	42	STIM=6
19444691	42	RESP=2
19456867	42	STIM=e
19463061	42	RESP=1
19475322	42	STIM=x
19482340	42	RESP=1
19493190	42	STIM=e
19500353	42	RESP=1
19508347	42	STIM=c
19512120	42	RESP=1
19525385	42	STIM=u
19528201	42	RESP=1
19541283	42	STIM=q
19545318	42	RESP=1
19560001	42	STIM=l
19564311	42	RESP=1
19575769	42	STIM=k
19579250	42	RESP=1
19591130	42	STIM=d
19595775	42	RESP=1
19610125	42	STIM=d
19616714	42	RESP=1
19626708	42	STIM=l
19631541	42	RESP=1
19644668	42	STIM=1
19649388	42	RESP=2
19662071	42	STIM=s
19669516	42	RESP=1
19679786	42	STIM=i
19686614	42	RESP=1
19698481	42	STIM=w
19704157	42	RESP=1
19713624	42	STIM=w
19716892	42	RESP=1
19728902	42	STIM=w
19734953	42	RESP=1
19745174	42	STIM=e
19751823	42	RESP=1
19763042	42	STIM=g
19765987	42	RESP=1
19778736	42	STIM=9
19784487	42	RESP=2
19794494	42	STIM=a
19801340	42	RESP=1
19811658	42	STIM=c
19816471	42	RESP=1
19827865	42	STIM=w
19834335	42	RESP=1
19845952	42	STIM=6
19853287	42	RESP=2
19864456	42	STIM=p
19870540	42	RESP=1
19881634	42	STIM=a
19887025	42	RESP=1
19899753	42	STIM=e
19907908	42	RESP=2
19917720	42	STIM=1
19925571	42	RESP=2
19934743	42	STIM=a
19939403	42	RESP=1
19950747	42	STIM=e
19954367	42	RESP=1
19968805	42	STIM=2
19976586	42	RESP=1
19985350	42	STIM=a
19991056	42	RESP=1
20001101	42	STIM=v
20005227	42	RESP=1
20019324	42	STIM=e
20026027	42	RESP=1
20036503	42	STIM=6
20043050	42	RESP=2
20055116	42	STIM=z
20060235	42	RESP=1
20070525	42	STIM=f
20075124	42	RESP=1
20087203	42	STIM=u
20090184	42	RESP=1
20104064	42	STIM=h
20109574	42	RESP=1
20119065	42	STIM=1
20125045	42	RESP=2
20135658	42	STIM=d
20140308	42	RESP=1
20154324	42	STIM=g
20161672	42	RESP=1
20172574	42	STIM=e
20177836	42	RESP=1
20189323	42	STIM=n
20193727	42	RESP=1
20204799	42	STIM=9
20210527	42	RESP=2
20220569	42	STIM=e
20226832	42	RESP=1
20237901	42	STIM=c
20244747	42	RESP=1
20256007	42	STIM=p
20261487	42	RESP=1
20273357	42	STIM=l
20278901	42	RESP=1
20288482	42	STIM=t
20295226	42	RESP=1
20305994	42	STIM=m
20309624	42	RESP=1
20323735	42	STIM=b
20326952	42	RESP=1
20341431	42	STIM=e
20345730	42	RESP=1
20358971	42	STIM=m
20365885	42	RESP=1
20374057	42	STIM=y
20376682	42	RESP=1
20390785	42	STIM=4
20395232	42	RESP=2
20406923	42	STIM=j
20415880	42	RESP=1
20425350	42	STIM=9
20436631	42	RESP=2
20444241	42	STIM=x
20447929	42	RESP=1
20459509	42	STIM=a
20463707	42	RESP=1
20477931	42	STIM=3
20487283	42	RESP=2
20495040	42	STIM=l
20499742	42	RESP=1
20513297	42	STIM=x
20519147	42	RESP=1
20528407	42	STIM=q
20532748	42	RESP=1
20547193	42	STIM=i
20555775	42	RESP=1
20566110	42	STIM=c
20568865	42	RESP=1
20584722	42	STIM=y
20590070	42	RESP=1
20601506	42	STIM=d
20605234	42	RESP=1
20618634	42	STIM=l
20623972	42	RESP=1
20636229	42	STIM=q
20641878	42	RESP=1
20652168	42	STIM=2
20658666	42	RESP=2
20670819	42	STIM=b
20674207	42	RESP=1
20688305	42	STIM=2
20693099	42	RESP=2
20705521	42	STIM=1
20713510	42	RESP=2
20724089	42	STIM=c
20729423	42	RESP=1
20739472	42	STIM=w
20743844	42	RESP=1
20758123	42	STIM=c
20762411	42	RESP=1
20774446	42	STIM=2
20779576	42	RESP=2
20791052	42	STIM=x
20795619	42	RESP=1
20809184	42	STIM=y
20812153	42	RESP=1
20825494	42	STIM=h
20831109	42	RESP=1
20840756	42	STIM=1
20846193	42	RESP=2
20855787	42	STIM=x
20862958	42	RESP=1
20872503	42	STIM=s
20884449	42	RESP=1
20889837	42	STIM=8
20893454	42	RESP=2
20904997	42	STIM=v
20908899	42	RESP=1
20920254	42	STIM=e
20927029	42	RESP=1
20936192	42	STIM=x
20942590	42	RESP=1
20952302	42	STIM=f
20959456	42	RESP=1
20970244	42	STIM=n
20975328	42	RESP=1
20988059	42	STIM=m
20991975	42	RESP=1
21004129	42	STIM=x
21008200	42	RESP=1
21022628	42	STIM=z
21026359	42	RESP=2
21041538	42	STIM=h
21047268	42	RESP=1
21058897	42	STIM=a
21061665	42	RESP=1
21076794	42	STIM=o
21082097	42	RESP=1
21093563	42	STIM=z
21097767	42	RESP=1
21112509	42	STIM=q
21115732	42	RESP=1
21129074	42	STIM=j
21132334	42	RESP=1
21146672	42	STIM=g
21151188	42	RESP=1
21165342	42	STIM=x
21170854	42	RESP=1
21183222	42	STIM=r
21191243	42	RESP=1
21198393	42	STIM=o
21204141	42	RESP=1
21215912	42	STIM=x
21219840	42	RESP=1
21234708	42	STIM=7
21241590	42	RESP=1
21253463	42	STIM=q
21257902	42	RESP=1
21269119	42	STIM=q
21271939	42	RESP=1
21288046	42	STIM=r
21295276	42	RESP=1
21306557	42	STIM=h
21309209	42	RESP=1
21322578	42	STIM=i
21328500	42	RESP=1
21339358	42	STIM=5
21345975	42	RESP=2
21355684	42	STIM=6
21360833	42	RESP=2
21371520	42	STIM=g
21374830	42	RESP=1
21389549	42	STIM=a
21396718	42	RESP=1
21408097	42	STIM=9
21413311	42	RESP=2
21426658	42	STIM=a
21431676	42	RESP=1
21442692	42	STIM=c
21447288	42	RESP=1
21461053	42	STIM=b
21465891	42	RESP=1
21480022	42	STIM=p
21482683	42	RESP=1
21496992	42	STIM=m
21502194	42	RESP=1
21512885	42	STIM=v
21516718	42	RESP=1
21528392	42	STIM=i
21534019	42	RESP=1
21543548	42	STIM=n
21548702	42	RESP=2
21562327	42	STIM=2
21568601	42	RESP=2
21578772	42	STIM=g
21582976	42	RESP=1
21596604	42	STIM=t
21601506	42	RESP=1
21612747	42	STIM=s
21620317	42	RESP=1
21630668	42	STIM=e
21634895	42	RESP=1
21645963	42	STIM=w
21651163	42	RESP=1
21663667	42	STIM=5
21669495	42	RESP=2
21680841	42	STIM=e
21685143	42	RESP=1
21697710	42	STIM=4
21701685	42	RESP=2
21713010	42	STIM=y
21718614	42	RESP=1
21728123	42	STIM=9
21733607	42	RESP=2
21743339	42	STIM=s
21749835	42	RESP=1
21760760	42	STIM=u
21768800	42	RESP=1
