# Original filename: 0018_BPW_2017-02-07.log
# Time unit: 100 us
# RARECAT=digit
#
# Time	HHGG	Event
38196	42	STIM=v
43735	42	RESP=1
53398	42	STIM=5
57794	42	RESP=1
71146	42	STIM=s
73928	42	RESP=1
89919	42	STIM=8
97331	42	RESP=2
108242	42	STIM=2
114643	42	RESP=1
126710	42	STIM=i
135620	42	RESP=1
143824	42	STIM=5
150323	42	RESP=2
162470	42	STIM=n
171629	42	RESP=1
178960	42	STIM=x
185337	42	RESP=1
194543	42	STIM=x
199728	42	RESP=1
211631	42	STIM=z
219100	42	RESP=1
229208	42	STIM=8
235628	42	RESP=2
244574	42	STIM=o
250667	42	RESP=1
260559	42	STIM=i
272142	42	RESP=1
275734	42	STIM=w
279241	42	RESP=1
291866	42	STIM=a
296005	42	RESP=1
306931	42	STIM=o
311554	42	RESP=1
324585	42	STIM=r
331047	42	RESP=1
342374	42	STIM=s
353165	42	RESP=1
358796	42	STIM=4
366205	42	RESP=2
377434	42	STIM=1
382135	42	RESP=2
395952	42	STIM=h
402023	42	RESP=1
411971	42	STIM=7
421157	42	RESP=2
430145	42	STIM=j
434075	42	RESP=1
447381	42	STIM=n
454874	42	RESP=1
463286	42	STIM=f
469891	42	RESP=1
481927	42	STIM=d
492107	42	RESP=1
499326	42	STIM=g
502850	42	RESP=1
514565	42	STIM=q
526172	42	RESP=1
533159	42	STIM=j
537233	42	RESP=1
548496	42	STIM=y
551254	42	RESP=1
563750	42	STIM=z
569892	42	RESP=1
580216	42	STIM=5
584685	42	RESP=2
595310	42	STIM=j
599374	42	RESP=1
612458	42	STIM=t
621475	42	RESP=1
627574	42	STIM=a
632390	42	RESP=1
643906	42	STIM=k
655009	42	RESP=2
659601	42	STIM=b
666241	42	RESP=1
675488	42	STIM=v
679119	42	RESP=1
691347	42	STIM=a
696124	42	RESP=1
706385	42	STIM=y
712025	42	RESP=1
724876	42	STIM=z
728606	42	RESP=1
741916	42	STIM=u
749674	42	RESP=2
758005	42	STIM=h
764672	42	RESP=1
775043	42	STIM=d
789421	42	RESP=1
791656	42	STIM=i
794886	42	RESP=1
808926	42	STIM=a
813371	42	RESP=1
825478	42	STIM=q
834605	42	RESP=1
843332	42	STIM=e
848722	42	RESP=1
859820	42	STIM=v
866224	42	RESP=2
875420	42	STIM=w
881014	42	RESP=1
891994	42	STIM=b
898549	42	RESP=1
907348	42	STIM=l
910480	42	RESP=1
922694	42	STIM=b
929453	42	RESP=1
938580	42	STIM=j
947660	42	RESP=1
956286	42	STIM=t
962853	42	RESP=1
973634	42	STIM=3
983764	42	RESP=2
989071	42	STIM=k
994758	42	RESP=1
1005712	42	STIM=l
1009545	42	RESP=1
1023851	42	STIM=y
1028668	42	RESP=1
1041745	42	STIM=5
1050888	42	RESP=2
1056775	42	STIM=i
1061477	42	RESP=2
1072824	42	STIM=i
1079395	42	RESP=1
1091021	42	STIM=l
1093674	42	RESP=1
1107755	42	STIM=z
1112124	42	RESP=1
1126479	42	STIM=u
1133110	42	RESP=1
1145403	42	STIM=d
1153614	42	RESP=1
1163740	42	STIM=z
1166762	42	RESP=1
1182356	42	STIM=h
1187513	42	RESP=1
1200070	42	STIM=f
1203708	42	RESP=1
1216471	42	STIM=3
1223454	42	RESP=2
1232526	42	STIM=r
1236079	42	RESP=1
1250956	42	STIM=b
1256536	42	RESP=1
1266471	42	STIM=s
1275793	42	RESP=1
1285271	42	STIM=4
1294051	42	RESP=2
1301786	42	STIM=q
1307361	42	RESP=1
1319127	42	STIM=e
1323267	42	RESP=2
1336557	42	STIM=l
1342740	42	RESP=1
1354286	42	STIM=2
1366553	42	RESP=1
1371322	42	STIM=n
1375135	42	RESP=1
1387265	42	STIM=h
1391965	42	RESP=1
1406005	42	STIM=z
1410249	42	RESP=1
1421570	42	STIM=w
1431436	42	RESP=2
1437064	42	STIM=v
1442963	42	RESP=1
1455630	42	STIM=5
1460465	42	RESP=2
1472505	42	STIM=i
1478219	42	RESP=1
1488999	42	STIM=d
1491774	42	RESP=1
1506546	42	STIM=q
1511705	42	RESP=1
1525482	42	STIM=d
1528323	42	RESP=1
1543156	42	STIM=1
1552271	42	RESP=2
1559840	42	STIM=u
1568097	42	RESP=1
1578666	42	STIM=8
1586245	42	RESP=2
1594910	42	STIM=a
1603821	42	RESP=1
1610696	42	STIM=b
1615187	42	RESP=1
1626735	42	STIM=v
1633006	42	RESP=1
1645255	42	STIM=6
1650704	42	RESP=2
1663744	42	STIM=s
1669143	42	RESP=1
1682270	42	STIM=x
1691285	42	RESP=1
1699481	42	STIM=f
1703497	42	RESP=1
1717275	42	STIM=r
1723805	42	RESP=1
1736057	42	STIM=w
1744479	42	RESP=1
1753516	42	STIM=l
1758530	42	RESP=1
1771128	42	STIM=t
1774794	42	RESP=1
1789330	42	STIM=i
1793363	42	RESP=1
1807857	42	STIM=g
1818240	42	RESP=1
1823739	42	STIM=u
1828075	42	RESP=1
1839977	42	STIM=5
1845741	42	RESP=2
1858120	42	STIM=f
1862908	42	RESP=1
1876783	42	STIM=t
1880845	42	RESP=1
1892933	42	STIM=7
1900199	42	RESP=2
1909859	42	STIM=v
1915725	42	RESP=1
1925096	42	STIM=x
1933684	42	RESP=1
1943414	42	STIM=1
1947875	42	RESP=1
1961412	42	STIM=e
1966239	42	RESP=1
1977171	42	STIM=6
1983776	42	RESP=1
1992842	42	STIM=f
1995885	42	RESP=1
2008830	42	STIM=m
2014824	42	RESP=1
2026363	42	STIM=c
2034073	42	RESP=1
2042050	42	STIM=1
2047720	42	RESP=2
2059335	42	STIM=h
2064021	42	RESP=1
2075346	42	STIM=v
2084444	42	RESP=1
2094156	42	STIM=z
2102689	42	RESP=2
2112177	42	STIM=n
2116045	42	RESP=1
2130544	42	STIM=u
2138565	42	RESP=1
2147284	42	STIM=e
2151170	42	RESP=2
2163068	42	STIM=2
2169635	42	RESP=2
2178420	42	STIM=9
2185456	42	RESP=2
2196189	42	STIM=e
2199781	42	RESP=1
2212539	42	STIM=7
2223346	42	RESP=2
2230815	42	STIM=x
2236048	42	RESP=1
2247625	42	STIM=t
2252772	42	RESP=1
2266592	42	STIM=l
2273494	42	RESP=1
2284289	42	STIM=p
2288727	42	RESP=1
2303161	42	STIM=z
2307348	42	RESP=1
2319836	42	STIM=b
2328255	42	RESP=1
2337524	42	STIM=u
2341209	42	RESP=1
2355176	42	STIM=l
2359492	42	RESP=1
2371323	42	STIM=v
2378384	42	RESP=1
2387100	42	STIM=i
2391231	42	RESP=1
2402626	42	STIM=a
2408021	42	RESP=1
2418085	42	STIM=o
2423643	42	RESP=1
2436320	42	STIM=r
2440686	42	RESP=1
2453366	42	STIM=g
2457907	42	RESP=1
2471648	42	STIM=8
2478094	42	RESP=2
2488794	42	STIM=0
2497066	42	RESP=2
2504558	42	STIM=b
2509264	42	RESP=1
2520492	42	STIM=p
2526867	42	RESP=1
2537985	42	STIM=c
2542790	42	RESP=1
2553246	42	STIM=y
2558242	42	RESP=1
2568389	42	STIM=i
2571560	42	RESP=1
2587136	42	STIM=w
2591332	42	RESP=1
2605773	42	STIM=s
2609164	42	RESP=1
2621208	42	STIM=l
2625879	42	RESP=1
2637137	42	STIM=q
2644111	42	RESP=1
2654033	42	STIM=e
2657388	42	RESP=1
2669396	42	STIM=9
2675514	42	RESP=2
2684909	42	STIM=j
2692507	42	RESP=1
2703652	42	STIM=n
2709809	42	RESP=1
2720530	42	STIM=4
2728375	42	RESP=1
2737255	42	STIM=n
2744768	42	RESP=1
2754645	42	STIM=b
2760120	42	RESP=1
2771795	42	STIM=z
2775317	42	RESP=1
2789579	42	STIM=r
2797035	42	RESP=1
2808094	42	STIM=x
2813826	42	RESP=2
2825387	42	STIM=c
2831769	42	RESP=1
2841491	42	STIM=f
2849710	42	RESP=1
2856992	42	STIM=v
2862828	42	RESP=1
2872628	42	STIM=b
2879504	42	RESP=1
2887738	42	STIM=k
2891674	42	RESP=1
2905514	42	STIM=d
2913580	42	RESP=1
2923090	42	STIM=n
2929721	42	RESP=1
2938304	42	STIM=0
2943305	42	RESP=2
2954375	42	STIM=9
2958847	42	RESP=2
2971540	42	STIM=a
2977840	42	RESP=1
2988814	42	STIM=7
2995821	42	RESP=1
3003975	42	STIM=d
3011127	42	RESP=1
3021278	42	STIM=o
3027784	42	RESP=1
3037773	42	STIM=5
3046579	42	RESP=1
3056139	42	STIM=7
3061488	42	RESP=2
3075105	42	STIM=z
3078753	42	RESP=1
3091850	42	STIM=x
3095484	42	RESP=1
3107863	42	STIM=e
3116605	42	RESP=1
3126399	42	STIM=f
3133038	42	RESP=1
3144567	42	STIM=f
3151192	42	RESP=1
3161701	42	STIM=6
3168132	42	RESP=1
3178887	42	STIM=m
3182660	42	RESP=1
3195512	42	STIM=j
3199389	42	RESP=1
3210778	42	STIM=q
3214861	42	RESP=2
3228263	42	STIM=3
3233499	42	RESP=1
3247058	42	STIM=q
3258640	42	RESP=1
3262750	42	STIM=0
3268053	42	RESP=2
3280990	42	STIM=6
3288688	42	RESP=2
3298272	42	STIM=s
3302416	42	RESP=1
3314756	42	STIM=5
3319397	42	RESP=2
3331419	42	STIM=i
3337932	42	RESP=1
3346821	42	STIM=5
3355835	42	RESP=2
3362568	42	STIM=n
3368021	42	RESP=1
3379014	42	STIM=m
3386228	42	RESP=1
3395587	42	STIM=o
3401207	42	RESP=1
3414013	42	STIM=e
3417559	42	RESP=1
3430024	42	STIM=w
3433879	42	RESP=1
3446056	42	STIM=o
3450375	42	RESP=1
3463756	42	STIM=w
3472952	42	RESP=1
3478826	42	STIM=k
3486805	42	RESP=1
3495123	42	STIM=i
3499277	42	RESP=1
3512192	42	STIM=8
3516678	42	RESP=2
3530490	42	STIM=z
3537528	42	RESP=1
3547731	42	STIM=t
3551535	42	RESP=1
3564524	42	STIM=i
3570791	42	RESP=1
3581099	42	STIM=x
3587089	42	RESP=1
3597354	42	STIM=j
3601272	42	RESP=1
3613338	42	STIM=h
3617718	42	RESP=1
3628475	42	STIM=1
3634028	42	RESP=1
3644111	42	STIM=h
3649087	42	RESP=1
3661226	42	STIM=q
3665279	42	RESP=1
3680203	42	STIM=2
3685050	42	RESP=2
3698848	42	STIM=8
3704075	42	RESP=2
3717394	42	STIM=t
3723607	42	RESP=1
3736069	42	STIM=f
3743282	42	RESP=2
3752194	42	STIM=m
3755853	42	RESP=1
3769040	42	STIM=8
3775899	42	RESP=2
3786201	42	STIM=o
3793547	42	RESP=1
3804533	42	STIM=m
3810898	42	RESP=1
3820218	42	STIM=l
3829830	42	RESP=1
3838177	42	STIM=i
3842754	42	RESP=1
3856701	42	STIM=o
3861461	42	RESP=1
3873696	42	STIM=k
3878865	42	RESP=1
3888804	42	STIM=8
3893596	42	RESP=2
3904423	42	STIM=l
3912931	42	RESP=1
3920053	42	STIM=u
3927227	42	RESP=1
3936344	42	STIM=7
3941857	42	RESP=2
3951651	42	STIM=1
3955303	42	RESP=1
3969978	42	STIM=l
3974084	42	RESP=1
3985912	42	STIM=g
3991562	42	RESP=1
4003475	42	STIM=5
4008984	42	RESP=2
4021347	42	STIM=j
4034127	42	RESP=1
4038645	42	STIM=u
4045575	42	RESP=1
4054655	42	STIM=l
4058278	42	RESP=1
4070636	42	STIM=j
4075631	42	RESP=1
4086903	42	STIM=e
4094343	42	RESP=1
4104342	42	STIM=e
4110074	42	RESP=1
4121399	42	STIM=i
4126788	42	RESP=1
4140099	42	STIM=h
4145596	42	RESP=1
4155491	42	STIM=1
4161765	42	RESP=2
4172376	42	STIM=u
4175612	42	RESP=1
4188630	42	STIM=g
4198900	42	RESP=1
4205782	42	STIM=d
4212400	42	RESP=1
4224093	42	STIM=q
4234253	42	RESP=1
4241114	42	STIM=l
4244546	42	RESP=1
4257831	42	STIM=m
4263938	42	RESP=1
4275317	42	STIM=5
4280840	42	RESP=2
4294158	42	STIM=j
4299558	42	RESP=1
4309291	42	STIM=m
4315157	42	RESP=1
4328270	42	STIM=e
4334494	42	RESP=1
4344125	42	STIM=v
4350129	42	RESP=1
4362718	42	STIM=k
4366010	42	RESP=1
4378662	42	STIM=j
4389020	42	RESP=1
4394774	42	STIM=p
4399145	42	RESP=1
4412901	42	STIM=9
4420411	42	RESP=1
4429849	42	STIM=u
4434352	42	RESP=1
4447626	42	STIM=g
4450796	42	RESP=1
4463157	42	STIM=k
4466746	42	RESP=1
4480345	42	STIM=k
4484312	42	RESP=1
4497158	42	STIM=3
4503706	42	RESP=2
4514031	42	STIM=r
4520036	42	RESP=1
4531620	42	STIM=a
4535040	42	RESP=1
4550474	42	STIM=8
4557832	42	RESP=1
4565810	42	STIM=6
4579101	42	RESP=2
4581970	42	STIM=r
4586448	42	RESP=1
4597299	42	STIM=o
4600973	42	RESP=1
4613346	42	STIM=r
4620503	42	RESP=1
4631280	42	STIM=k
4634236	42	RESP=1
4650128	42	STIM=z
4656754	42	RESP=1
4668977	42	STIM=w
4673773	42	RESP=1
4684632	42	STIM=k
4689268	42	RESP=1
4702823	42	STIM=p
4706793	42	RESP=1
4719449	42	STIM=y
4726576	42	RESP=1
4735851	42	STIM=6
4742952	42	RESP=2
4751161	42	STIM=1
4760010	42	RESP=1
4767173	42	STIM=4
4774413	42	RESP=1
4784989	42	STIM=q
4791360	42	RESP=2
4803121	42	STIM=i
4809792	42	RESP=1
4820067	42	STIM=a
4823917	42	RESP=1
4837333	42	STIM=5
4844172	42	RESP=2
4854557	42	STIM=t
4857629	42	RESP=1
4872546	42	STIM=a
4880015	42	RESP=1
4888621	42	STIM=j
4897039	42	RESP=1
4905715	42	STIM=u
4911581	42	RESP=1
4921356	42	STIM=8
4931055	42	RESP=2
4939959	42	STIM=c
4942583	42	RESP=1
4957614	42	STIM=a
4964673	42	RESP=1
4974733	42	STIM=r
4980206	42	RESP=1
4992691	42	STIM=i
4997087	42	RESP=1
5009958	42	STIM=f
5019397	42	RESP=1
5026963	42	STIM=d
5033226	42	RESP=1
5042179	42	STIM=e
5051716	42	RESP=1
5060536	42	STIM=8
5066487	42	RESP=2
5076341	42	STIM=e
5080662	42	RESP=1
5093625	42	STIM=z
5099946	42	RESP=1
5109998	42	STIM=m
5114223	42	RESP=1
5125232	42	STIM=9
5130408	42	RESP=2
5143763	42	STIM=p
5147355	42	RESP=1
5159011	42	STIM=2
5169017	42	RESP=2
5174351	42	STIM=c
5181079	42	RESP=1
5192069	42	STIM=5
5199056	42	RESP=2
5209988	42	STIM=x
5213990	42	RESP=1
5228970	42	STIM=s
5235648	42	RESP=1
5247118	42	STIM=1
5251351	42	RESP=1
5264999	42	STIM=r
5272361	42	RESP=1
5281817	42	STIM=m
5285636	42	RESP=1
5297782	42	STIM=l
5301646	42	RESP=1
5312892	42	STIM=k
5317861	42	RESP=1
5329688	42	STIM=s
5336012	42	RESP=1
5345757	42	STIM=7
5352075	42	RESP=2
5361972	42	STIM=s
5369665	42	RESP=1
5380104	42	STIM=u
5384605	42	RESP=1
5395549	42	STIM=t
5398462	42	RESP=1
5411082	42	STIM=w
5418262	42	RESP=1
5429565	42	STIM=m
5436180	42	RESP=1
5448374	42	STIM=4
5457718	42	RESP=2
5464969	42	STIM=j
5470560	42	RESP=1
5482513	42	STIM=t
5488677	42	RESP=1
5500324	42	STIM=x
5505891	42	RESP=1
5515979	42	STIM=c
5521699	42	RESP=1
5534902	42	STIM=o
5539116	42	RESP=1
5550169	42	STIM=j
5556709	42	RESP=1
5568663	42	STIM=e
5573337	42	RESP=1
5586156	42	STIM=p
5594768	42	RESP=1
5601996	42	STIM=z
5611919	42	RESP=1
5618675	42	STIM=i
5625560	42	RESP=1
5636949	42	STIM=m
5646401	42	RESP=1
5654438	42	STIM=9
5660256	42	RESP=1
5669950	42	STIM=o
5673669	42	RESP=1
5688349	42	STIM=j
5692837	42	RESP=1
5706264	42	STIM=l
5711464	42	RESP=1
5723394	42	STIM=o
5728139	42	RESP=1
5739077	42	STIM=f
5742127	42	RESP=1
5757438	42	STIM=g
5766510	42	RESP=1
5774908	42	STIM=m
5779069	42	RESP=1
5792658	42	STIM=d
5797378	42	RESP=1
5809553	42	STIM=e
5816018	42	RESP=1
5827258	42	STIM=g
5835150	42	RESP=1
5844318	42	STIM=r
5848092	42	RESP=1
5860821	42	STIM=i
5864518	42	RESP=1
5878643	42	STIM=r
5883391	42	RESP=1
5895412	42	STIM=m
5898232	42	RESP=1
5911759	42	STIM=z
5917222	42	RESP=1
5928842	42	STIM=l
5932655	42	RESP=1
5945947	42	STIM=l
5952986	42	RESP=1
5964063	42	STIM=w
5975197	42	RESP=1
5980996	42	STIM=y
5987407	42	RESP=1
5998755	42	STIM=9
6006065	42	RESP=2
6014362	42	STIM=n
6020749	42	RESP=1
6030446	42	STIM=8
6041141	42	RESP=2
6047589	42	STIM=g
6051209	42	RESP=1
6063298	42	STIM=c
6069554	42	RESP=1
6079067	42	STIM=s
6082490	42	RESP=1
6096932	42	STIM=s
6099860	42	RESP=1
6114275	42	STIM=n
6121972	42	RESP=1
6129817	42	STIM=l
6135618	42	RESP=1
6145332	42	STIM=8
6149637	42	RESP=2
6160602	42	STIM=p
6163897	42	RESP=1
6177131	42	STIM=k
6182765	42	RESP=1
6195949	42	STIM=7
6201090	42	RESP=2
6212795	42	STIM=o
6218236	42	RESP=1
6230832	42	STIM=9
6235569	42	RESP=2
6247499	42	STIM=m
6251349	42	RESP=1
6265139	42	STIM=1
6273503	42	RESP=2
6280462	42	STIM=d
6283999	42	RESP=1
6295847	42	STIM=c
6300556	42	RESP=1
6313071	42	STIM=1
6319287	42	RESP=2
6330220	42	STIM=s
6336268	42	RESP=1
6346721	42	STIM=q
6351457	42	RESP=1
6363415	42	STIM=d
6369453	42	RESP=1
6382285	42	STIM=j
6386920	42	RESP=1
6397711	42	STIM=u
6402773	42	RESP=1
6412973	42	STIM=f
6417755	42	RESP=1
6430334	42	STIM=0
6438776	42	RESP=2
6448734	42	STIM=1
6452651	42	RESP=2
6464211	42	STIM=3
6471663	42	RESP=2
6480782	42	STIM=m
6489873	42	RESP=1
6498930	42	STIM=u
6506821	42	RESP=1
6517223	42	STIM=z
6522969	42	RESP=1
6533279	42	STIM=t
6538454	42	RESP=1
6550202	42	STIM=8
6554313	42	RESP=1
6566917	42	STIM=o
6574708	42	RESP=1
6582356	42	STIM=q
6588327	42	RESP=1
6598087	42	STIM=q
6602679	42	RESP=1
6614775	42	STIM=v
6620430	42	RESP=1
6632488	42	STIM=r
6641170	42	RESP=1
6650137	42	STIM=j
6657433	42	RESP=1
6668520	42	STIM=0
6675137	42	RESP=2
6685713	42	STIM=h
6693659	42	RESP=1
6704121	42	STIM=w
6717044	42	RESP=1
6721862	42	STIM=s
6728021	42	RESP=1
6739887	42	STIM=o
6758415	42	RESP=1
6758515	42	STIM=o
6762638	42	RESP=1
6774628	42	STIM=d
6781078	42	RESP=1
6792388	42	STIM=l
6798530	42	RESP=1
6809057	42	STIM=9
6814671	42	RESP=1
6825630	42	STIM=f
6830731	42	RESP=1
6841684	42	STIM=5
6846487	42	RESP=2
6860239	42	STIM=j
6864814	42	RESP=1
6876404	42	STIM=v
6880318	42	RESP=1
6894507	42	STIM=y
6898066	42	RESP=2
6910483	42	STIM=4
6918474	42	RESP=2
6928419	42	STIM=r
6933370	42	RESP=1
6944185	42	STIM=h
6956069	42	RESP=1
6960262	42	STIM=7
6966267	42	RESP=2
6975318	42	STIM=l
6978320	42	RESP=1
6991566	42	STIM=1
6997397	42	RESP=2
7007130	42	STIM=0
7013410	42	RESP=2
7023319	42	STIM=5
7029599	42	RESP=2
7041724	42	STIM=5
7049738	42	RESP=2
7057852	42	STIM=7
7061788	42	RESP=2
7074513	42	STIM=7
7082571	42	RESP=1
7090075	42	STIM=1
7102354	42	RESP=2
7107751	42	STIM=3
7113782	42	RESP=1
7125611	42	STIM=4
7137179	42	RESP=2
7144036	42	STIM=q
7147882	42	RESP=1
7159939	42	STIM=p
7164026	42	RESP=1
7175339	42	STIM=e
7181464	42	RESP=1
7190398	42	STIM=o
7198378	42	RESP=1
7207860	42	STIM=h
7212613	42	RESP=1
7223020	42	STIM=r
7230223	42	RESP=1
7240162	42	STIM=i
7244742	42	RESP=1
7256957	42	STIM=u
7261106	42	RESP=1
7272973	42	STIM=i
7278133	42	RESP=1
7289161	42	STIM=r
7296231	42	RESP=1
7307516	42	STIM=j
7310283	42	RESP=1
7326068	42	STIM=f
7334202	42	RESP=1
7342437	42	STIM=s
7348813	42	RESP=2
7357646	42	STIM=1
7365273	42	RESP=2
7373729	42	STIM=v
7377082	42	RESP=1
7391264	42	STIM=a
7394909	42	RESP=1
7406433	42	STIM=y
7414766	42	RESP=1
7424388	42	STIM=e
7430412	42	RESP=1
7441331	42	STIM=0
7450294	42	RESP=2
7458781	42	STIM=9
7463480	42	RESP=2
7476201	42	STIM=n
7487446	42	RESP=1
7491253	42	STIM=s
7495419	42	RESP=2
7509471	42	STIM=8
7518687	42	RESP=2
7524526	42	STIM=s
7531321	42	RESP=1
7539974	42	STIM=o
7545403	42	RESP=1
7555502	42	STIM=v
7559226	42	RESP=1
7570557	42	STIM=m
7575733	42	RESP=1
7586341	42	STIM=d
7593102	42	RESP=1
7602449	42	STIM=c
7605004	42	RESP=1
7621444	42	STIM=b
7625992	42	RESP=1
7638403	42	STIM=5
7644171	42	RESP=2
7655535	42	STIM=5
7661053	42	RESP=2
7672220	42	STIM=a
7679333	42	RESP=2
7688980	42	STIM=j
7692736	42	RESP=2
7706299	42	STIM=l
7711857	42	RESP=1
7721461	42	STIM=u
7732345	42	RESP=1
7739338	42	STIM=b
7745295	42	RESP=1
7754505	42	STIM=b
7761876	42	RESP=1
7773198	42	STIM=d
7777295	42	RESP=1
7789840	42	STIM=j
7794580	42	RESP=1
7805902	42	STIM=2
7812816	42	RESP=2
7822997	42	STIM=r
7829247	42	RESP=1
7839626	42	STIM=v
7845282	42	RESP=1
7854991	42	STIM=w
7865330	42	RESP=1
7873147	42	STIM=t
7885348	42	RESP=1
7888665	42	STIM=k
7893597	42	RESP=1
7907646	42	STIM=w
7915641	42	RESP=1
7926453	42	STIM=0
7931367	42	RESP=2
7943269	42	STIM=0
7951187	42	RESP=2
7959097	42	STIM=1
7964384	42	RESP=2
7976925	42	STIM=7
7983728	42	RESP=2
7994628	42	STIM=z
8008899	42	RESP=1
8012263	42	STIM=h
8020727	42	RESP=1
8031124	42	STIM=d
8036334	42	RESP=1
8047753	42	STIM=w
8052272	42	RESP=1
8063324	42	STIM=n
8068377	42	RESP=1
8081685	42	STIM=r
8088275	42	RESP=1
8097653	42	STIM=0
8105629	42	RESP=2
8115699	42	STIM=n
8121810	42	RESP=1
8132744	42	STIM=8
8139725	42	RESP=2
8149069	42	STIM=q
8153069	42	RESP=1
8166255	42	STIM=5
8176033	42	RESP=2
8184762	42	STIM=o
8192244	42	RESP=1
8203342	42	STIM=h
8210078	42	RESP=1
8220358	42	STIM=b
8225886	42	RESP=1
8238676	42	STIM=y
8247238	42	RESP=1
8254531	42	STIM=e
8258238	42	RESP=1
8269749	42	STIM=1
8275347	42	RESP=2
8288706	42	STIM=l
8292290	42	RESP=1
8307499	42	STIM=u
8318452	42	RESP=1
8326357	42	STIM=b
8331834	42	RESP=1
8341891	42	STIM=f
8346515	42	RESP=1
8360578	42	STIM=1
8366093	42	RESP=1
8377902	42	STIM=u
8387475	42	RESP=1
8393498	42	STIM=3
8399481	42	RESP=2
8409941	42	STIM=a
8415861	42	RESP=1
8426236	42	STIM=r
8435057	42	RESP=1
8442793	42	STIM=2
8446508	42	RESP=2
8458493	42	STIM=s
8462451	42	RESP=1
8476976	42	STIM=0
8486988	42	RESP=2
8494607	42	STIM=n
8500239	42	RESP=1
8513172	42	STIM=g
8518330	42	RESP=1
8529567	42	STIM=b
8535847	42	RESP=1
8545600	42	STIM=u
8551143	42	RESP=1
8561452	42	STIM=r
8575793	42	RESP=1
8578617	42	STIM=8
8584567	42	RESP=2
8594488	42	STIM=l
8599422	42	RESP=1
8611915	42	STIM=l
8625644	42	RESP=1
8627456	42	STIM=z
8631772	42	RESP=2
8642991	42	STIM=q
8649871	42	RESP=1
8658359	42	STIM=z
8663388	42	RESP=1
8673718	42	STIM=v
8680841	42	RESP=1
8690680	42	STIM=u
8694120	42	RESP=1
8709151	42	STIM=b
8711893	42	RESP=1
8727241	42	STIM=q
8733050	42	RESP=1
8743527	42	STIM=m
8753001	42	RESP=1
8760161	42	STIM=t
8765505	42	RESP=1
8775613	42	STIM=z
8780738	42	RESP=1
8793524	42	STIM=w
8798346	42	RESP=2
8810427	42	STIM=g
8818340	42	RESP=1
8829120	42	STIM=k
8832301	42	RESP=1
8844315	42	STIM=9
8849562	42	RESP=1
8862051	42	STIM=x
8866949	42	RESP=1
8877370	42	STIM=a
8881686	42	RESP=1
8894411	42	STIM=l
8902785	42	RESP=1
8909979	42	STIM=6
8917364	42	RESP=2
8927058	42	STIM=w
8934083	42	RESP=1
8943116	42	STIM=q
8947143	42	RESP=1
8959556	42	STIM=v
8963811	42	RESP=2
8976121	42	STIM=c
8980599	42	RESP=1
8993395	42	STIM=n
8999828	42	RESP=1
9008522	42	STIM=n
9013312	42	RESP=1
9025598	42	STIM=e
9030894	42	RESP=1
9041767	42	STIM=g
9046547	42	RESP=1
9057203	42	STIM=w
9064484	42	RESP=1
9074743	42	STIM=7
9080626	42	RESP=2
9092762	42	STIM=4
9102627	42	RESP=2
9110499	42	STIM=3
9114343	42	RESP=2
9126811	42	STIM=c
9133549	42	RESP=1
9145242	42	STIM=c
9152404	42	RESP=1
9161802	42	STIM=4
9166899	42	RESP=1
9178790	42	STIM=x
9184953	42	RESP=1
9197368	42	STIM=a
9202011	42	RESP=1
9215725	42	STIM=j
9224215	42	RESP=1
9234266	42	STIM=z
9239807	42	RESP=1
9250209	42	STIM=s
9255636	42	RESP=2
9269037	42	STIM=g
9272523	42	RESP=1
9286610	42	STIM=e
9294253	42	RESP=1
9301769	42	STIM=v
9307784	42	RESP=1
9319564	42	STIM=m
9325541	42	RESP=1
9334844	42	STIM=9
9340443	42	RESP=2
9351591	42	STIM=c
9355688	42	RESP=1
9367780	42	STIM=t
9377781	42	RESP=1
9384682	42	STIM=j
9389706	42	RESP=1
9399733	42	STIM=p
9404823	42	RESP=2
9415137	42	STIM=d
9419000	42	RESP=1
9433763	42	STIM=z
9436493	42	RESP=1
9451915	42	STIM=k
9456305	42	RESP=1
9467160	42	STIM=w
9477708	42	RESP=1
9484409	42	STIM=t
9487500	42	RESP=1
9500145	42	STIM=9
9507034	42	RESP=2
9518769	42	STIM=r
9526782	42	RESP=1
9533976	42	STIM=b
9540460	42	RESP=1
9552164	42	STIM=v
9556013	42	RESP=2
9567454	42	STIM=p
9572777	42	RESP=1
9586258	42	STIM=b
9591424	42	RESP=1
9602193	42	STIM=d
9607331	42	RESP=1
9617294	42	STIM=o
9622815	42	RESP=1
9635822	42	STIM=b
9638760	42	RESP=1
9654693	42	STIM=5
9659354	42	RESP=2
9671400	42	STIM=f
9678804	42	RESP=1
9687971	42	STIM=p
9691567	42	RESP=1
9704882	42	STIM=r
9709736	42	RESP=1
9722679	42	STIM=4
9727187	42	RESP=2
9739951	42	STIM=4
9746491	42	RESP=2
9757801	42	STIM=0
9762671	42	RESP=2
9776063	42	STIM=e
9784080	42	RESP=1
9794797	42	STIM=2
9799586	42	RESP=2
9812232	42	STIM=e
9818246	42	RESP=1
9828268	42	STIM=e
9832102	42	RESP=1
9845419	42	STIM=f
9848818	42	RESP=1
9860709	42	STIM=v
9866137	42	RESP=1
9876985	42	STIM=d
9887277	42	RESP=1
9892808	42	STIM=d
9896559	42	RESP=1
9911027	42	STIM=b
9919456	42	RESP=1
9928331	42	STIM=r
9936228	42	RESP=1
9943453	42	STIM=g
9949650	42	RESP=1
9961606	42	STIM=6
9966406	42	RESP=2
9976828	42	STIM=4
9986599	42	RESP=1
9995043	42	STIM=m
10001597	42	RESP=1
10013547	42	STIM=6
10022746	42	RESP=2
10030204	42	STIM=y
10035179	42	RESP=2
10045679	42	STIM=i
10052840	42	RESP=2
10060734	42	STIM=0
10067625	42	RESP=2
10075857	42	STIM=0
10080629	42	RESP=2
10092744	42	STIM=l
10100822	42	RESP=1
10109827	42	STIM=u
10115212	42	RESP=1
10125796	42	STIM=s
10129382	42	RESP=1
10140854	42	STIM=k
10145998	42	RESP=1
10158206	42	STIM=q
10165010	42	RESP=1
10176760	42	STIM=m
10185609	42	RESP=1
10194378	42	STIM=1
10203285	42	RESP=2
10211704	42	STIM=u
10217036	42	RESP=1
10229453	42	STIM=b
10234271	42	RESP=1
10245663	42	STIM=x
10249282	42	RESP=1
10262163	42	STIM=c
10266471	42	RESP=1
10280058	42	STIM=r
10286469	42	RESP=1
10298670	42	STIM=0
10305479	42	RESP=2
10313828	42	STIM=g
10317320	42	RESP=2
10332041	42	STIM=t
10336540	42	RESP=1
10350173	42	STIM=n
10355235	42	RESP=1
10366155	42	STIM=a
10372576	42	RESP=1
10382748	42	STIM=o
10390492	42	RESP=1
10400491	42	STIM=m
10408579	42	RESP=1
10418898	42	STIM=8
10425436	42	RESP=1
10437814	42	STIM=h
10448959	42	RESP=1
10454515	42	STIM=r
10459913	42	RESP=1
10471660	42	STIM=e
10476667	42	RESP=1
10487989	42	STIM=k
10493987	42	RESP=1
10503161	42	STIM=c
10509946	42	RESP=1
10521402	42	STIM=1
10532277	42	RESP=2
10539375	42	STIM=9
10552288	42	RESP=2
10555510	42	STIM=8
10565257	42	RESP=2
10570919	42	STIM=h
10576954	42	RESP=1
10588932	42	STIM=1
10597285	42	RESP=2
10605888	42	STIM=z
10609681	42	RESP=1
10623041	42	STIM=z
10628294	42	RESP=1
10641481	42	STIM=z
10646056	42	RESP=1
10657982	42	STIM=p
10663834	42	RESP=1
10674954	42	STIM=a
10678151	42	RESP=1
10690617	42	STIM=3
10698213	42	RESP=2
10708979	42	STIM=t
10712563	42	RESP=1
10726143	42	STIM=x
10732336	42	RESP=1
10741445	42	STIM=u
10745157	42	RESP=1
10757638	42	STIM=x
10762554	42	RESP=1
10775009	42	STIM=o
10779450	42	RESP=1
10791451	42	STIM=s
10797149	42	RESP=1
10809625	42	STIM=7
10813849	42	RESP=2
10826487	42	STIM=y
10839002	42	RESP=1
10842947	42	STIM=s
10850604	42	RESP=1
10861834	42	STIM=7
10870622	42	RESP=2
10878386	42	STIM=f
10883144	42	RESP=1
10894383	42	STIM=3
10900691	42	RESP=2
10912589	42	STIM=d
10919198	42	RESP=1
10927958	42	STIM=a
10939192	42	RESP=1
10945757	42	STIM=q
10951811	42	RESP=1
10961384	42	STIM=v
10967508	42	RESP=2
10976526	42	STIM=i
10983484	42	RESP=1
10994083	42	STIM=d
11002309	42	RESP=1
11011918	42	STIM=7
11020139	42	RESP=2
11030192	42	STIM=h
11035349	42	RESP=1
11045690	42	STIM=o
11053352	42	RESP=1
11061047	42	STIM=d
11064757	42	RESP=1
11079509	42	STIM=n
11083339	42	RESP=1
11096074	42	STIM=d
11108410	42	RESP=1
11113790	42	STIM=b
11118882	42	RESP=2
11129358	42	STIM=z
11135584	42	RESP=1
11145036	42	STIM=f
11151383	42	RESP=1
11160169	42	STIM=f
11166351	42	RESP=1
11177766	42	STIM=q
11182047	42	RESP=1
11193233	42	STIM=7
11200894	42	RESP=1
11210009	42	STIM=r
11217165	42	RESP=1
11225654	42	STIM=l
11232520	42	RESP=1
11244305	42	STIM=b
11251795	42	RESP=1
11260546	42	STIM=k
11268652	42	RESP=1
11277129	42	STIM=e
11285800	42	RESP=1
11295090	42	STIM=m
11300717	42	RESP=1
11311261	42	STIM=h
11315811	42	RESP=1
11328763	42	STIM=z
11336644	42	RESP=1
11344452	42	STIM=e
11347606	42	RESP=1
11362840	42	STIM=0
11368063	42	RESP=2
11378236	42	STIM=g
11383090	42	RESP=1
11394528	42	STIM=4
11404646	42	RESP=2
11410903	42	STIM=u
11416420	42	RESP=1
11429344	42	STIM=8
11436978	42	RESP=2
11446352	42	STIM=r
11452548	42	RESP=1
11462423	42	STIM=t
11472589	42	RESP=1
11479917	42	STIM=a
11486530	42	RESP=1
11497028	42	STIM=8
11503438	42	RESP=1
11514859	42	STIM=w
11521076	42	RESP=1
11531449	42	STIM=f
11534564	42	RESP=1
11548045	42	STIM=z
11550587	42	RESP=1
11566609	42	STIM=e
11572885	42	RESP=1
11582765	42	STIM=0
11589881	42	RESP=1
11598377	42	STIM=9
11604774	42	RESP=2
11614841	42	STIM=j
11620042	42	RESP=1
11631742	42	STIM=e
11639161	42	RESP=1
11648388	42	STIM=v
11653501	42	RESP=1
11666515	42	STIM=t
11674621	42	RESP=1
11684591	42	STIM=r
11690956	42	RESP=1
11700574	42	STIM=m
11708333	42	RESP=1
11718532	42	STIM=2
11724546	42	RESP=2
11736674	42	STIM=e
11739871	42	RESP=1
11753454	42	STIM=a
11758267	42	RESP=1
11769650	42	STIM=f
11775945	42	RESP=1
11787519	42	STIM=t
11800975	42	RESP=1
11804616	42	STIM=y
11808523	42	RESP=1
11822965	42	STIM=o
11827488	42	RESP=1
11840921	42	STIM=x
11843654	42	RESP=1
11855991	42	STIM=f
11861337	42	RESP=1
11873883	42	STIM=a
11878491	42	RESP=1
11889745	42	STIM=g
11893660	42	RESP=1
11907805	42	STIM=y
11913038	42	RESP=1
11925447	42	STIM=w
11929046	42	RESP=1
11942560	42	STIM=l
11946551	42	RESP=1
11959595	42	STIM=t
11964538	42	RESP=1
11975318	42	STIM=b
11981398	42	RESP=1
11992611	42	STIM=t
11998149	42	RESP=1
12008093	42	STIM=i
12013167	42	RESP=1
12023244	42	STIM=j
12027774	42	RESP=2
12040154	42	STIM=c
12044542	42	RESP=1
12058738	42	STIM=5
12064142	42	RESP=2
12073750	42	STIM=y
12081283	42	RESP=1
12090036	42	STIM=h
12098215	42	RESP=1
12107678	42	STIM=8
12114571	42	RESP=1
12122986	42	STIM=b
12130714	42	RESP=1
12138011	42	STIM=0
12142900	42	RESP=2
12153094	42	STIM=3
12163281	42	RESP=2
12169489	42	STIM=x
12173761	42	RESP=1
12185527	42	STIM=q
12190668	42	RESP=1
12203231	42	STIM=2
12211857	42	RESP=2
12221386	42	STIM=u
12229088	42	RESP=1
12238654	42	STIM=e
12242930	42	RESP=1
12254306	42	STIM=x
12258176	42	RESP=1
12271492	42	STIM=i
12274809	42	RESP=1
12288385	42	STIM=6
12294954	42	RESP=2
12306908	42	STIM=d
12312719	42	RESP=1
12324836	42	STIM=i
12331396	42	RESP=1
12340541	42	STIM=p
12348453	42	RESP=1
12358335	42	STIM=e
12361553	42	RESP=1
12374594	42	STIM=u
12379885	42	RESP=1
12390042	42	STIM=s
12394872	42	RESP=1
12407337	42	STIM=j
12413988	42	RESP=1
12424437	42	STIM=s
12430017	42	RESP=1
12440890	42	STIM=a
12445084	42	RESP=1
12459433	42	STIM=u
12466192	42	RESP=1
12474941	42	STIM=e
12482724	42	RESP=1
12493408	42	STIM=j
12496525	42	RESP=1
12509251	42	STIM=b
12517688	42	RESP=1
12526511	42	STIM=u
12533297	42	RESP=1
12544120	42	STIM=m
12549273	42	RESP=1
12561179	42	STIM=1
12568886	42	RESP=1
12576910	42	STIM=s
12581776	42	RESP=1
12592448	42	STIM=2
12598880	42	RESP=2
12611154	42	STIM=5
12617491	42	RESP=1
12627685	42	STIM=e
12631335	42	RESP=1
12643337	42	STIM=l
12653729	42	RESP=1
12660307	42	STIM=r
12665169	42	RESP=1
12676455	42	STIM=y
12681022	42	RESP=1
12692366	42	STIM=l
12698621	42	RESP=1
12709377	42	STIM=i
12712533	42	RESP=1
12724404	42	STIM=9
12731021	42	RESP=2
12739573	42	STIM=g
12747673	42	RESP=1
12757155	42	STIM=b
12761345	42	RESP=1
12775104	42	STIM=4
12783080	42	RESP=2
12791234	42	STIM=n
12795323	42	RESP=1
12807375	42	STIM=q
12814593	42	RESP=1
12823370	42	STIM=t
12827207	42	RESP=1
12841478	42	STIM=e
12846874	42	RESP=1
12859891	42	STIM=f
12864490	42	RESP=1
12874980	42	STIM=o
12879202	42	RESP=2
12891658	42	STIM=z
12897960	42	RESP=1
12907663	42	STIM=t
12915821	42	RESP=1
12923227	42	STIM=l
12928496	42	RESP=1
12938756	42	STIM=i
12945754	42	RESP=1
12953796	42	STIM=p
12958107	42	RESP=1
12972710	42	STIM=b
12983644	42	RESP=1
12991387	42	STIM=j
12994484	42	RESP=1
13006709	42	STIM=e
13011072	42	RESP=2
13022352	42	STIM=j
13026324	42	RESP=1
13039436	42	STIM=z
13043269	42	RESP=1
13056718	42	STIM=2
13065515	42	RESP=2
13075446	42	STIM=0
13083543	42	RESP=2
13093517	42	STIM=u
13098002	42	RESP=1
13110895	42	STIM=e
13116803	42	RESP=1
13127685	42	STIM=x
13133620	42	RESP=1
13143384	42	STIM=q
13149377	42	RESP=1
13159107	42	STIM=d
13163933	42	RESP=1
13175258	42	STIM=t
13180475	42	RESP=1
13194020	42	STIM=b
13209595	42	RESP=1
13209695	42	STIM=q
13214964	42	RESP=1
13227312	42	STIM=6
13235682	42	RESP=2
13244735	42	STIM=s
13256408	42	RESP=1
13263638	42	STIM=d
13268730	42	RESP=1
13282508	42	STIM=m
13287493	42	RESP=1
13299767	42	STIM=5
13305423	42	RESP=2
13316150	42	STIM=h
13322536	42	RESP=1
13332575	42	STIM=d
13337732	42	RESP=1
13348484	42	STIM=6
13353784	42	RESP=2
13364326	42	STIM=i
13369365	42	RESP=1
13382744	42	STIM=0
13387714	42	RESP=1
13400555	42	STIM=0
13405460	42	RESP=1
13417280	42	STIM=b
13423041	42	RESP=1
13434073	42	STIM=9
13443581	42	RESP=2
13450325	42	STIM=z
13454201	42	RESP=1
13467653	42	STIM=c
13475102	42	RESP=1
13485994	42	STIM=z
13491779	42	RESP=1
13502713	42	STIM=0
13510084	42	RESP=2
13520906	42	STIM=f
13526164	42	RESP=1
13537203	42	STIM=m
13540585	42	RESP=1
13553378	42	STIM=0
13558038	42	RESP=1
13569797	42	STIM=c
13574836	42	RESP=1
13586491	42	STIM=v
13592543	42	RESP=1
13604954	42	STIM=u
13608293	42	RESP=1
13621464	42	STIM=m
13628056	42	RESP=1
13636857	42	STIM=g
13640037	42	RESP=1
13655726	42	STIM=s
13661777	42	RESP=2
13672065	42	STIM=n
13681457	42	RESP=1
13691057	42	STIM=c
13695458	42	RESP=1
13708961	42	STIM=l
13713154	42	RESP=1
13725992	42	STIM=g
13737414	42	RESP=1
13744437	42	STIM=z
13748180	42	RESP=1
13760052	42	STIM=k
13766016	42	RESP=1
13776939	42	STIM=m
13783969	42	RESP=1
13794062	42	STIM=o
13798293	42	RESP=1
13810527	42	STIM=7
13818971	42	RESP=2
13826044	42	STIM=9
13830558	42	RESP=2
13844442	42	STIM=w
13848528	42	RESP=1
13860522	42	STIM=e
13867123	42	RESP=1
13876652	42	STIM=a
13880448	42	RESP=1
13893975	42	STIM=8
13898869	42	RESP=1
13911473	42	STIM=e
13922091	42	RESP=1
13930327	42	STIM=c
13936977	42	RESP=1
13948234	42	STIM=0
13954442	42	RESP=1
13967139	42	STIM=m
13971519	42	RESP=1
13983833	42	STIM=3
13990322	42	RESP=2
13998915	42	STIM=v
14005845	42	RESP=1
14014804	42	STIM=v
14017907	42	RESP=1
14031290	42	STIM=o
14034266	42	RESP=1
14049062	42	STIM=d
14055025	42	RESP=1
14067135	42	STIM=5
14075886	42	RESP=2
14084483	42	STIM=4
14092894	42	RESP=2
14099932	42	STIM=p
14106572	42	RESP=1
14117990	42	STIM=p
14121902	42	RESP=1
14133760	42	STIM=d
14140153	42	RESP=2
14152136	42	STIM=c
14156119	42	RESP=1
14167507	42	STIM=s
14176460	42	RESP=1
14185529	42	STIM=q
14197630	42	RESP=1
14204237	42	STIM=c
14211189	42	RESP=1
14223101	42	STIM=j
14226635	42	RESP=1
14241901	42	STIM=7
14248715	42	RESP=2
14259045	42	STIM=c
14263778	42	RESP=1
14276338	42	STIM=7
14281745	42	RESP=1
14293496	42	STIM=p
14297485	42	RESP=1
14310446	42	STIM=g
14314147	42	RESP=1
14328453	42	STIM=1
14336153	42	RESP=2
14346727	42	STIM=r
14354613	42	RESP=1
14362076	42	STIM=h
14366031	42	RESP=1
14379077	42	STIM=a
14384971	42	RESP=1
14397160	42	STIM=3
14402539	42	RESP=2
14413546	42	STIM=k
14420136	42	RESP=1
14429555	42	STIM=x
14434002	42	RESP=1
14446355	42	STIM=x
14451801	42	RESP=1
14462636	42	STIM=j
14470605	42	RESP=1
14477793	42	STIM=i
14482015	42	RESP=1
14493906	42	STIM=s
14501219	42	RESP=1
14510203	42	STIM=1
14515435	42	RESP=2
14526097	42	STIM=s
14531260	42	RESP=1
14544341	42	STIM=7
14548906	42	RESP=2
14560846	42	STIM=6
14567112	42	RESP=2
14579369	42	STIM=1
14583689	42	RESP=2
14597341	42	STIM=0
14606395	42	RESP=2
14614525	42	STIM=j
14623744	42	RESP=1
14632666	42	STIM=r
14638173	42	RESP=1
14651099	42	STIM=w
14658231	42	RESP=1
14666141	42	STIM=w
14672866	42	RESP=2
14684875	42	STIM=c
14691047	42	RESP=1
14703811	42	STIM=x
14712689	42	RESP=1
14719719	42	STIM=o
14724578	42	RESP=2
14735678	42	STIM=0
14742565	42	RESP=2
14752570	42	STIM=u
14759853	42	RESP=1
14767947	42	STIM=h
14774713	42	RESP=1
14785097	42	STIM=x
14788891	42	RESP=1
14802874	42	STIM=i
14808460	42	RESP=1
14819928	42	STIM=w
14825854	42	RESP=1
14837471	42	STIM=x
14841130	42	RESP=1
14852950	42	STIM=l
14863708	42	RESP=1
14871357	42	STIM=j
14877216	42	RESP=1
14890119	42	STIM=r
14893998	42	RESP=1
14906058	42	STIM=r
14913182	42	RESP=2
14924243	42	STIM=b
14928395	42	RESP=1
14940697	42	STIM=n
14946433	42	RESP=1
14958871	42	STIM=2
14966115	42	RESP=2
14976032	42	STIM=w
14980779	42	RESP=1
14992898	42	STIM=x
15000051	42	RESP=1
15011000	42	STIM=t
15013831	42	RESP=1
15027680	42	STIM=l
15032016	42	RESP=1
15044090	42	STIM=t
15055495	42	RESP=1
15062052	42	STIM=v
15068805	42	RESP=1
15080751	42	STIM=0
15085164	42	RESP=2
15098520	42	STIM=l
15102362	42	RESP=1
15115446	42	STIM=p
15119720	42	RESP=1
15132162	42	STIM=x
15137186	42	RESP=1
15149656	42	STIM=p
15156656	42	RESP=1
15167667	42	STIM=5
15173002	42	RESP=1
15183770	42	STIM=0
15191016	42	RESP=2
15199811	42	STIM=l
15203525	42	RESP=1
15216707	42	STIM=1
15223860	42	RESP=2
15234530	42	STIM=9
15238092	42	RESP=1
15252208	42	STIM=i
15257691	42	RESP=1
15271070	42	STIM=d
15275021	42	RESP=1
15289309	42	STIM=a
15293594	42	RESP=1
15307824	42	STIM=a
15314723	42	RESP=1
15326356	42	STIM=p
15330051	42	RESP=1
15343666	42	STIM=w
15348713	42	RESP=2
15361338	42	STIM=f
15365137	42	RESP=1
15376582	42	STIM=0
15382536	42	RESP=2
15391978	42	STIM=k
15397732	42	RESP=1
15408654	42	STIM=x
15414025	42	RESP=1
15427396	42	STIM=k
15432716	42	RESP=1
15444846	42	STIM=3
15450567	42	RESP=2
15460800	42	STIM=g
15464719	42	RESP=1
15478872	42	STIM=8
15483469	42	RESP=2
15495762	42	STIM=p
15503142	42	RESP=1
15513507	42	STIM=2
15518968	42	RESP=2
15531610	42	STIM=j
15535614	42	RESP=1
15548426	42	STIM=h
15552127	42	RESP=1
15565632	42	STIM=h
15569660	42	RESP=1
15583061	42	STIM=t
15590940	42	RESP=1
15600350	42	STIM=o
15605274	42	RESP=1
15615385	42	STIM=m
15619257	42	RESP=1
15630428	42	STIM=e
15635083	42	RESP=1
15645574	42	STIM=y
15649279	42	RESP=1
15663596	42	STIM=f
15669583	42	RESP=1
15680130	42	STIM=5
15688835	42	RESP=2
15695852	42	STIM=u
15705842	42	RESP=1
15711223	42	STIM=k
15713845	42	RESP=1
15727053	42	STIM=r
15735121	42	RESP=2
15743988	42	STIM=c
15749123	42	RESP=1
15761390	42	STIM=k
15769912	42	RESP=1
15779075	42	STIM=u
15782827	42	RESP=1
15795226	42	STIM=8
15799766	42	RESP=2
15813465	42	STIM=o
15817192	42	RESP=1
15828851	42	STIM=v
15833260	42	RESP=1
15844492	42	STIM=a
15848841	42	RESP=1
15861889	42	STIM=e
15866186	42	RESP=1
15876925	42	STIM=8
15880912	42	RESP=2
15894922	42	STIM=s
15900146	42	RESP=1
15911574	42	STIM=e
15917747	42	RESP=1
15929631	42	STIM=e
15933766	42	RESP=1
15946211	42	STIM=i
15951355	42	RESP=1
15963695	42	STIM=l
15968231	42	RESP=1
15981518	42	STIM=s
15986238	42	RESP=1
15997845	42	STIM=g
16001281	42	RESP=1
16012950	42	STIM=y
16019722	42	RESP=1
16031738	42	STIM=l
16035982	42	RESP=2
16047919	42	STIM=l
16055628	42	RESP=1
16064278	42	STIM=f
16068062	42	RESP=2
16081098	42	STIM=h
16084666	42	RESP=1
16099659	42	STIM=b
16108255	42	RESP=1
16115085	42	STIM=o
16119211	42	RESP=1
16130316	42	STIM=2
16135190	42	RESP=2
16148166	42	STIM=g
16154939	42	RESP=1
16166935	42	STIM=6
16176273	42	RESP=2
16184578	42	STIM=3
16190924	42	RESP=2
16199712	42	STIM=l
16202838	42	RESP=1
16215649	42	STIM=7
16222986	42	RESP=2
16232974	42	STIM=r
16240812	42	RESP=1
16249711	42	STIM=u
16258402	42	RESP=1
16266387	42	STIM=e
16270375	42	RESP=1
16282756	42	STIM=m
16290268	42	RESP=1
16299804	42	STIM=5
16307954	42	RESP=2
16316270	42	STIM=h
16320314	42	RESP=1
16334298	42	STIM=3
16338970	42	RESP=2
16352450	42	STIM=2
16360262	42	RESP=2
16370700	42	STIM=s
16374795	42	RESP=1
16388805	42	STIM=v
16395502	42	RESP=1
16404664	42	STIM=n
16411297	42	RESP=1
16421980	42	STIM=7
16428157	42	RESP=2
16439608	42	STIM=q
16446022	42	RESP=1
16457076	42	STIM=i
16464289	42	RESP=1
16474339	42	STIM=b
16478988	42	RESP=1
16489959	42	STIM=r
16499341	42	RESP=1
16505174	42	STIM=8
16509740	42	RESP=1
16520391	42	STIM=d
16526533	42	RESP=1
16538612	42	STIM=o
16541743	42	RESP=1
16556797	42	STIM=8
16562008	42	RESP=2
16572123	42	STIM=t
16577580	42	RESP=1
16587992	42	STIM=2
16595509	42	RESP=2
16606788	42	STIM=h
16617264	42	RESP=1
16624743	42	STIM=m
16630436	42	RESP=1
16640887	42	STIM=d
16649861	42	RESP=1
16658175	42	STIM=u
16662600	42	RESP=1
16675926	42	STIM=0
16684202	42	RESP=2
16693945	42	STIM=j
16700698	42	RESP=1
16711543	42	STIM=s
16719942	42	RESP=1
16727761	42	STIM=f
16737266	42	RESP=1
16743124	42	STIM=5
16749299	42	RESP=2
16759977	42	STIM=a
16764483	42	RESP=1
16775920	42	STIM=6
16784240	42	RESP=2
16791124	42	STIM=y
16798001	42	RESP=1
16809936	42	STIM=c
16815774	42	RESP=1
16827817	42	STIM=u
16831026	42	RESP=2
16844502	42	STIM=t
16853291	42	RESP=1
16861100	42	STIM=m
16868184	42	RESP=1
16879771	42	STIM=z
16886257	42	RESP=1
16895077	42	STIM=n
16899376	42	RESP=1
16911349	42	STIM=6
16916765	42	RESP=2
16929447	42	STIM=h
16933881	42	RESP=1
16945916	42	STIM=i
16952796	42	RESP=1
16964413	42	STIM=x
16971980	42	RESP=1
16982135	42	STIM=r
16986657	42	RESP=1
17000890	42	STIM=p
17005138	42	RESP=1
17019381	42	STIM=q
17027570	42	RESP=1
17035058	42	STIM=x
17040039	42	RESP=1
17053609	42	STIM=o
17058086	42	RESP=1
17069176	42	STIM=4
17074209	42	RESP=2
17086343	42	STIM=g
17094512	42	RESP=1
17102391	42	STIM=t
17111826	42	RESP=1
17120655	42	STIM=g
17125427	42	RESP=1
17137620	42	STIM=e
17143558	42	RESP=1
17153445	42	STIM=o
17161433	42	RESP=1
17170015	42	STIM=t
17175262	42	RESP=1
17187588	42	STIM=r
17194655	42	RESP=1
17204465	42	STIM=v
17209452	42	RESP=1
17222299	42	STIM=w
17226955	42	RESP=1
17237537	42	STIM=p
17240687	42	RESP=1
17254278	42	STIM=n
17257966	42	RESP=1
17272969	42	STIM=a
17282387	42	RESP=1
17289245	42	STIM=z
17295532	42	RESP=1
17306794	42	STIM=v
17314986	42	RESP=1
17324076	42	STIM=2
17331536	42	RESP=2
17342777	42	STIM=q
17345667	42	RESP=1
17361669	42	STIM=c
17369706	42	RESP=1
17378181	42	STIM=e
17386515	42	RESP=1
17397073	42	STIM=8
17405438	42	RESP=2
17415898	42	STIM=x
17423134	42	RESP=1
17432063	42	STIM=g
17435146	42	RESP=1
17450785	42	STIM=f
17455852	42	RESP=1
17469160	42	STIM=n
17478251	42	RESP=1
17484259	42	STIM=2
17489178	42	RESP=2
17499422	42	STIM=4
17506271	42	RESP=2
17518146	42	STIM=x
17525068	42	RESP=1
17534530	42	STIM=q
17539883	42	RESP=1
17552142	42	STIM=m
17555937	42	RESP=1
17569218	42	STIM=l
17573351	42	RESP=1
17584641	42	STIM=b
17590936	42	RESP=1
17602114	42	STIM=d
17605927	42	RESP=1
17618312	42	STIM=n
17628782	42	RESP=1
17634014	42	STIM=k
17639380	42	RESP=1
17652135	42	STIM=i
17658274	42	RESP=1
17670336	42	STIM=n
17677994	42	RESP=1
17689124	42	STIM=m
17695354	42	RESP=1
17706094	42	STIM=e
17711863	42	RESP=1
17724299	42	STIM=i
17728765	42	RESP=1
17743033	42	STIM=c
17751011	42	RESP=1
17761810	42	STIM=p
17766476	42	RESP=1
17780357	42	STIM=z
17789346	42	RESP=1
17796744	42	STIM=t
17800984	42	RESP=1
17811878	42	STIM=4
17817155	42	RESP=2
17829643	42	STIM=2
17836953	42	RESP=2
17848011	42	STIM=k
17852160	42	RESP=1
17864907	42	STIM=e
17870173	42	RESP=1
17882068	42	STIM=j
17891336	42	RESP=2
17900440	42	STIM=r
17907117	42	RESP=1
17916023	42	STIM=5
17920563	42	RESP=2
17933601	42	STIM=e
17939239	42	RESP=1
17951020	42	STIM=w
17954383	42	RESP=1
17967147	42	STIM=g
17975014	42	RESP=1
17986082	42	STIM=r
17989736	42	RESP=1
18001580	42	STIM=y
18006765	42	RESP=2
18018559	42	STIM=n
18024371	42	RESP=1
18037364	42	STIM=n
18041908	42	RESP=1
18054306	42	STIM=z
18060131	42	RESP=1
18070112	42	STIM=d
18073896	42	RESP=1
18085170	42	STIM=3
18090573	42	RESP=2
18103797	42	STIM=h
18111592	42	RESP=1
18122671	42	STIM=h
18126661	42	RESP=1
18138769	42	STIM=t
18144534	42	RESP=1
18157034	42	STIM=5
18160797	42	RESP=2
18175324	42	STIM=a
18177939	42	RESP=1
18191911	42	STIM=j
18200981	42	RESP=1
18210261	42	STIM=u
18216500	42	RESP=1
18227994	42	STIM=n
18233356	42	RESP=1
18243439	42	STIM=j
18252077	42	RESP=1
18258846	42	STIM=f
18264906	42	RESP=1
18277377	42	STIM=u
18282953	42	RESP=1
18295403	42	STIM=b
18300816	42	RESP=1
18312166	42	STIM=s
18315373	42	RESP=1
18328736	42	STIM=x
18332865	42	RESP=1
18345022	42	STIM=c
18358777	42	RESP=2
18361562	42	STIM=1
18366383	42	RESP=1
18378186	42	STIM=j
18382852	42	RESP=1
18394021	42	STIM=m
18397994	42	RESP=1
18412230	42	STIM=v
18420448	42	RESP=1
18427336	42	STIM=n
18435146	42	RESP=1
18445255	42	STIM=v
18449765	42	RESP=1
18461726	42	STIM=f
18466553	42	RESP=1
18479384	42	STIM=a
18482759	42	RESP=1
18497547	42	STIM=3
18506285	42	RESP=2
18516239	42	STIM=n
18519746	42	RESP=1
18533337	42	STIM=x
18538769	42	RESP=1
18551541	42	STIM=b
18555268	42	RESP=1
18568704	42	STIM=o
18572664	42	RESP=1
18585660	42	STIM=l
18588953	42	RESP=1
18603498	42	STIM=r
18614020	42	RESP=2
18621028	42	STIM=4
18630286	42	RESP=2
18639251	42	STIM=2
18650732	42	RESP=2
18657793	42	STIM=o
18663590	42	RESP=1
18673794	42	STIM=r
18678039	42	RESP=1
18689377	42	STIM=d
18696996	42	RESP=1
18707128	42	STIM=y
18715977	42	RESP=1
18722254	42	STIM=y
18728063	42	RESP=1
18737614	42	STIM=y
18743704	42	RESP=1
18753799	42	STIM=o
18763456	42	RESP=1
18769891	42	STIM=n
18778216	42	RESP=1
18786969	42	STIM=3
18791434	42	RESP=2
18803530	42	STIM=s
18806968	42	RESP=2
18819275	42	STIM=9
18824689	42	RESP=1
18834482	42	STIM=m
18839227	42	RESP=1
18851779	42	STIM=c
18857472	42	RESP=1
18869811	42	STIM=l
18873167	42	RESP=2
18887528	42	STIM=b
18891325	42	RESP=1
18904883	42	STIM=r
18910482	42	RESP=1
18922658	42	STIM=y
18929487	42	RESP=1
18938353	42	STIM=d
18941944	42	RESP=1
18955630	42	STIM=e
18959654	42	RESP=1
18971560	42	STIM=s
18976125	42	RESP=1
18987746	42	STIM=o
18995609	42	RESP=2
19004856	42	STIM=a
19016258	42	RESP=1
19021498	42	STIM=y
19033154	42	RESP=1
19036903	42	STIM=l
19051063	42	RESP=1
19053266	42	STIM=5
19062936	42	RESP=2
19069562	42	STIM=p
19082643	42	RESP=1
19085944	42	STIM=t
19092903	42	RESP=1
19103382	42	STIM=c
19108243	42	RESP=1
19119722	42	STIM=u
19126254	42	RESP=1
19137790	42	STIM=x
19142668	42	RESP=1
19155409	42	STIM=y
19158770	42	RESP=1
19171351	42	STIM=x
19177004	42	RESP=1
19188659	42	STIM=z
19193125	42	RESP=1
19204620	42	STIM=d
19209570	42	RESP=1
19219907	42	STIM=h
19225565	42	RESP=1
19236502	42	STIM=u
19241476	42	RESP=1
19251569	42	STIM=x
19257874	42	RESP=1
19268118	42	STIM=s
19271797	42	RESP=1
19283903	42	STIM=9
19290790	42	RESP=2
19299617	42	STIM=j
19303255	42	RESP=1
19318388	42	STIM=q
19324998	42	RESP=1
19333431	42	STIM=v
19336369	42	RESP=1
19348719	42	STIM=r
19355901	42	RESP=1
19364633	42	STIM=w
19371333	42	RESP=1
19380855	42	STIM=l
19387854	42	RESP=1
19397818	42	STIM=5
19406932	42	RESP=2
19413246	42	STIM=x
19426129	42	RESP=1
19429162	42	STIM=k
19432542	42	RESP=1
19444383	42	STIM=v
19449752	42	RESP=1
19462117	42	STIM=r
19465645	42	RESP=1
19479916	42	STIM=w
19485352	42	RESP=1
19498482	42	STIM=8
19502342	42	RESP=1
19514345	42	STIM=c
19518407	42	RESP=1
19530865	42	STIM=v
19538036	42	RESP=1
19549052	42	STIM=h
19552412	42	RESP=1
19565288	42	STIM=i
19568984	42	RESP=1
19582114	42	STIM=8
19586797	42	RESP=2
19599245	42	STIM=n
19603464	42	RESP=1
19614827	42	STIM=h
19620514	42	RESP=2
19630773	42	STIM=y
19635793	42	RESP=1
19646439	42	STIM=t
19653117	42	RESP=1
19664032	42	STIM=x
19675288	42	RESP=1
19682897	42	STIM=z
19686604	42	RESP=1
19699114	42	STIM=v
19705719	42	RESP=1
19715456	42	STIM=h
19720104	42	RESP=1
19734056	42	STIM=w
19738870	42	RESP=1
19750772	42	STIM=u
19760201	42	RESP=1
19766225	42	STIM=g
19775294	42	RESP=1
19783402	42	STIM=h
19787824	42	RESP=1
19800561	42	STIM=h
19805370	42	RESP=1
19818389	42	STIM=8
19826933	42	RESP=2
19834950	42	STIM=y
19843971	42	RESP=1
19853207	42	STIM=p
19860491	42	RESP=1
19871659	42	STIM=a
19876460	42	RESP=1
19889602	42	STIM=r
19894628	42	RESP=1
19907887	42	STIM=r
19911128	42	RESP=1
19924130	42	STIM=e
19929512	42	RESP=1
19942726	42	STIM=4
19950435	42	RESP=2
19960469	42	STIM=b
19968101	42	RESP=1
19977417	42	STIM=j
19986914	42	RESP=1
19993957	42	STIM=p
19997769	42	RESP=1
20009450	42	STIM=q
20017416	42	RESP=1
20027070	42	STIM=j
20030826	42	RESP=1
20044477	42	STIM=t
20052444	42	RESP=1
20060301	42	STIM=x
20064058	42	RESP=1
20078573	42	STIM=i
20082161	42	RESP=1
20096841	42	STIM=m
20104863	42	RESP=1
20112133	42	STIM=h
20121390	42	RESP=1
20130250	42	STIM=p
20142962	42	RESP=1
20148138	42	STIM=x
20156782	42	RESP=1
20166510	42	STIM=j
20170186	42	RESP=1
20185208	42	STIM=u
20191840	42	RESP=2
20203444	42	STIM=q
20210719	42	RESP=1
20221620	42	STIM=w
20226246	42	RESP=1
20239349	42	STIM=b
20243971	42	RESP=2
20255726	42	STIM=5
20260278	42	RESP=2
20272291	42	STIM=w
20280607	42	RESP=1
20290863	42	STIM=0
20295201	42	RESP=2
20305913	42	STIM=0
20312476	42	RESP=2
20322775	42	STIM=o
20328675	42	RESP=1
20339338	42	STIM=9
20345182	42	RESP=2
20354825	42	STIM=o
20358218	42	RESP=1
20372311	42	STIM=v
20375479	42	RESP=1
20389902	42	STIM=j
20394060	42	RESP=1
20405854	42	STIM=p
20411454	42	RESP=1
20423901	42	STIM=y
20431019	42	RESP=1
20441010	42	STIM=m
20446123	42	RESP=1
20456025	42	STIM=k
20460678	42	RESP=1
20472767	42	STIM=g
20477767	42	RESP=1
20491180	42	STIM=c
20494845	42	RESP=1
20509396	42	STIM=t
20512696	42	RESP=1
20526809	42	STIM=o
20531314	42	RESP=1
20543026	42	STIM=6
20548841	42	RESP=2
20560266	42	STIM=b
20563480	42	RESP=1
20578651	42	STIM=4
20584913	42	RESP=2
20595022	42	STIM=t
20600353	42	RESP=1
20613273	42	STIM=o
20618204	42	RESP=1
20629802	42	STIM=x
20636084	42	RESP=1
20647207	42	STIM=r
20655152	42	RESP=1
20663517	42	STIM=r
20671126	42	RESP=1
20679628	42	STIM=f
20683546	42	RESP=1
20696701	42	STIM=o
20703262	42	RESP=1
20712181	42	STIM=k
20716836	42	RESP=1
20730968	42	STIM=w
20734068	42	RESP=1
20747325	42	STIM=5
20756036	42	RESP=2
20762515	42	STIM=9
20774234	42	RESP=2
20778685	42	STIM=e
20789181	42	RESP=1
20796100	42	STIM=4
20808153	42	RESP=2
20811231	42	STIM=j
20819392	42	RESP=1
20830121	42	STIM=b
20840147	42	RESP=1
20846594	42	STIM=n
20851851	42	RESP=1
20863665	42	STIM=y
20869027	42	RESP=1
20879608	42	STIM=p
20885937	42	RESP=2
20895306	42	STIM=d
20899222	42	RESP=1
20914214	42	STIM=e
20920479	42	RESP=1
20932860	42	STIM=p
20937519	42	RESP=1
20948459	42	STIM=l
20959504	42	RESP=1
20963847	42	STIM=m
20969508	42	RESP=1
20981570	42	STIM=h
20991278	42	RESP=1
20997640	42	STIM=b
21006318	42	RESP=1
21014803	42	STIM=e
21021939	42	RESP=1
21029951	42	STIM=d
21043579	42	RESP=1
21048270	42	STIM=a
21058296	42	RESP=1
21066224	42	STIM=p
21071042	42	RESP=1
21085049	42	STIM=d
21089662	42	RESP=1
21101253	42	STIM=1
21108833	42	RESP=2
21117201	42	STIM=5
21125390	42	RESP=2
21134684	42	STIM=b
21138768	42	RESP=2
21152316	42	STIM=6
21158242	42	RESP=2
21168535	42	STIM=f
21173044	42	RESP=1
21186772	42	STIM=y
21190799	42	RESP=1
21204985	42	STIM=t
21208616	42	RESP=1
21222926	42	STIM=p
21227931	42	RESP=1
21241894	42	STIM=f
21250299	42	RESP=1
21260851	42	STIM=f
21265733	42	RESP=1
21279367	42	STIM=y
21284878	42	RESP=1
21296927	42	STIM=z
21300866	42	RESP=1
21313282	42	STIM=z
21317300	42	RESP=1
21329187	42	STIM=r
21334180	42	RESP=1
21345556	42	STIM=h
21349776	42	RESP=1
21360794	42	STIM=x
21365320	42	RESP=1
21377806	42	STIM=q
21381564	42	RESP=2
21394256	42	STIM=s
21397709	42	RESP=1
21410410	42	STIM=m
21418706	42	RESP=1
21426267	42	STIM=p
21431803	42	RESP=1
21441386	42	STIM=o
21447240	42	RESP=1
21458757	42	STIM=e
21462821	42	RESP=1
21477678	42	STIM=i
21483435	42	RESP=1
21495089	42	STIM=y
21503785	42	RESP=1
21510170	42	STIM=t
21516259	42	RESP=1
21526845	42	STIM=p
21535013	42	RESP=1
21542948	42	STIM=n
21546067	42	RESP=1
21558048	42	STIM=u
21561612	42	RESP=1
21576171	42	STIM=1
21579682	42	RESP=2
21594505	42	STIM=j
21598394	42	RESP=1
21610545	42	STIM=3
21615582	42	RESP=1
21627999	42	STIM=h
21632738	42	RESP=1
21645829	42	STIM=i
21652877	42	RESP=1
21661124	42	STIM=h
21664884	42	RESP=1
21676221	42	STIM=b
21680228	42	RESP=1
21691882	42	STIM=a
21694916	42	RESP=1
21709786	42	STIM=2
21715226	42	RESP=2
21725940	42	STIM=g
21731472	42	RESP=1
