# Original filename: 0019_EJM_2017-04-03.log
# Time unit: 100 us
# RARECAT=digit
#
# Time	HHGG	Event
38675	42	STIM=l
43692	42	RESP=1
56783	42	STIM=h
60436	42	RESP=1
75658	42	STIM=a
81663	42	RESP=1
94420	42	STIM=a
97767	42	RESP=1
110174	42	STIM=b
115682	42	RESP=1
126737	42	STIM=y
132771	42	RESP=1
144752	42	STIM=5
149306	42	RESP=2
162384	42	STIM=s
169393	42	RESP=1
178320	42	STIM=v
186390	42	RESP=1
194346	42	STIM=m
197613	42	RESP=1
210650	42	STIM=s
213729	42	RESP=1
225746	42	STIM=z
232921	42	RESP=1
242722	42	STIM=a
248956	42	RESP=1
260284	42	STIM=8
266590	42	RESP=2
278543	42	STIM=8
288446	42	RESP=2
296220	42	STIM=y
301266	42	RESP=1
313171	42	STIM=p
319932	42	RESP=1
329475	42	STIM=d
333960	42	RESP=1
345591	42	STIM=8
350045	42	RESP=2
362878	42	STIM=z
369422	42	RESP=1
380676	42	STIM=t
384844	42	RESP=1
398107	42	STIM=9
404162	42	RESP=2
414425	42	STIM=n
420959	42	RESP=1
432022	42	STIM=f
439565	42	RESP=1
450184	42	STIM=m
455291	42	RESP=1
466615	42	STIM=a
475507	42	RESP=1
482430	42	STIM=y
488905	42	RESP=2
500141	42	STIM=q
504725	42	RESP=1
517926	42	STIM=f
522813	42	RESP=1
535430	42	STIM=d
540399	42	RESP=1
553179	42	STIM=b
557330	42	RESP=1
570733	42	STIM=n
574127	42	RESP=1
588969	42	STIM=0
593977	42	RESP=2
605995	42	STIM=x
614099	42	RESP=1
624007	42	STIM=y
630630	42	RESP=1
639535	42	STIM=g
646889	42	RESP=1
656161	42	STIM=n
663471	42	RESP=1
671319	42	STIM=p
678605	42	RESP=1
689483	42	STIM=t
692357	42	RESP=2
707378	42	STIM=t
710815	42	RESP=2
725380	42	STIM=g
734146	42	RESP=1
740983	42	STIM=x
746254	42	RESP=1
759270	42	STIM=s
763302	42	RESP=1
776791	42	STIM=v
784093	42	RESP=1
792307	42	STIM=r
801721	42	RESP=1
811236	42	STIM=e
821761	42	RESP=1
829795	42	STIM=4
835266	42	RESP=1
848758	42	STIM=k
854003	42	RESP=1
863781	42	STIM=q
872153	42	RESP=1
879709	42	STIM=9
885003	42	RESP=2
897579	42	STIM=v
902813	42	RESP=1
914023	42	STIM=5
918597	42	RESP=2
929730	42	STIM=k
933541	42	RESP=1
946498	42	STIM=w
951721	42	RESP=1
963668	42	STIM=m
970300	42	RESP=1
982575	42	STIM=j
986858	42	RESP=1
998541	42	STIM=s
1001512	42	RESP=1
1014538	42	STIM=n
1017698	42	RESP=1
1032736	42	STIM=h
1036705	42	RESP=1
1049355	42	STIM=2
1054266	42	RESP=2
1067668	42	STIM=h
1074006	42	RESP=1
1084628	42	STIM=i
1088333	42	RESP=1
1099749	42	STIM=7
1104643	42	RESP=2
1115740	42	STIM=e
1119890	42	RESP=1
1131128	42	STIM=f
1136992	42	RESP=1
1146132	42	STIM=6
1154849	42	RESP=2
1163181	42	STIM=w
1168293	42	RESP=1
1178552	42	STIM=a
1184693	42	RESP=1
1195709	42	STIM=e
1199882	42	RESP=1
1211744	42	STIM=r
1217883	42	RESP=1
1229581	42	STIM=v
1236135	42	RESP=1
1245421	42	STIM=0
1256693	42	RESP=2
1260570	42	STIM=t
1268494	42	RESP=1
1278159	42	STIM=r
1285305	42	RESP=1
1294127	42	STIM=a
1300305	42	RESP=1
1310863	42	STIM=n
1314985	42	RESP=1
1326774	42	STIM=k
1334961	42	RESP=1
1343544	42	STIM=0
1351620	42	RESP=2
1359103	42	STIM=a
1367500	42	RESP=1
1374372	42	STIM=t
1377770	42	RESP=1
1390063	42	STIM=v
1395505	42	RESP=1
1407584	42	STIM=y
1417411	42	RESP=1
1425875	42	STIM=c
1431304	42	RESP=1
1441433	42	STIM=0
1445611	42	RESP=1
1457682	42	STIM=e
1463366	42	RESP=1
1475429	42	STIM=9
1481469	42	RESP=2
1494043	42	STIM=3
1500950	42	RESP=2
1511586	42	STIM=m
1520261	42	RESP=1
1528276	42	STIM=l
1531683	42	RESP=1
1543971	42	STIM=w
1548538	42	RESP=1
1559533	42	STIM=w
1563112	42	RESP=1
1576118	42	STIM=u
1581167	42	RESP=1
1594627	42	STIM=z
1600020	42	RESP=1
1611413	42	STIM=f
1619429	42	RESP=1
1629404	42	STIM=6
1635422	42	RESP=2
1644718	42	STIM=2
1653965	42	RESP=2
1663359	42	STIM=k
1669727	42	RESP=1
1679574	42	STIM=x
1684696	42	RESP=1
1697080	42	STIM=b
1704732	42	RESP=1
1712281	42	STIM=e
1717766	42	RESP=1
1729297	42	STIM=1
1736382	42	RESP=2
1746276	42	STIM=s
1750911	42	RESP=1
1762437	42	STIM=b
1770101	42	RESP=1
1779864	42	STIM=y
1784087	42	RESP=2
1798684	42	STIM=d
1804681	42	RESP=1
1814517	42	STIM=c
1818760	42	RESP=1
1833362	42	STIM=j
1837066	42	RESP=2
1852216	42	STIM=z
1859158	42	RESP=1
1867222	42	STIM=r
1871955	42	RESP=1
1886014	42	STIM=2
1895881	42	RESP=2
1904841	42	STIM=h
1912309	42	RESP=1
1923271	42	STIM=h
1926532	42	RESP=1
1939897	42	STIM=8
1951346	42	RESP=2
1958431	42	STIM=1
1965291	42	RESP=2
1976902	42	STIM=v
1981183	42	RESP=1
1994767	42	STIM=f
2001059	42	RESP=1
2013661	42	STIM=s
2017566	42	RESP=1
2030251	42	STIM=m
2038526	42	RESP=1
2046475	42	STIM=z
2049485	42	RESP=1
2064907	42	STIM=y
2074375	42	RESP=1
2079994	42	STIM=b
2086666	42	RESP=1
2096320	42	STIM=4
2102998	42	RESP=1
2112220	42	STIM=v
2116737	42	RESP=1
2130290	42	STIM=2
2137349	42	RESP=2
2145553	42	STIM=2
2157884	42	RESP=2
2162575	42	STIM=l
2170589	42	RESP=1
2179506	42	STIM=k
2189288	42	RESP=1
2197971	42	STIM=6
2202965	42	RESP=2
2214776	42	STIM=0
2220618	42	RESP=2
2230346	42	STIM=c
2235952	42	RESP=1
2246887	42	STIM=q
2249435	42	RESP=2
2261976	42	STIM=6
2270662	42	RESP=2
2277355	42	STIM=a
2282323	42	RESP=1
2295862	42	STIM=e
2299423	42	RESP=1
2314227	42	STIM=q
2321758	42	RESP=1
2329266	42	STIM=b
2336341	42	RESP=1
2347513	42	STIM=5
2356941	42	RESP=2
2365565	42	STIM=n
2369583	42	RESP=1
2380920	42	STIM=v
2386514	42	RESP=1
2397569	42	STIM=4
2404450	42	RESP=2
2413674	42	STIM=w
2418097	42	RESP=1
2428715	42	STIM=5
2433330	42	RESP=2
2445091	42	STIM=1
2449222	42	RESP=2
2462158	42	STIM=d
2468515	42	RESP=1
2478206	42	STIM=d
2484242	42	RESP=1
2495350	42	STIM=a
2506279	42	RESP=1
2513117	42	STIM=h
2520438	42	RESP=1
2528830	42	STIM=g
2534567	42	RESP=1
2546523	42	STIM=q
2554832	42	RESP=1
2563078	42	STIM=m
2567318	42	RESP=1
2579479	42	STIM=r
2585017	42	RESP=1
2598281	42	STIM=q
2603361	42	RESP=2
2615255	42	STIM=j
2619285	42	RESP=2
2632086	42	STIM=b
2639564	42	RESP=1
2649945	42	STIM=f
2657639	42	RESP=1
2668786	42	STIM=v
2673786	42	RESP=1
2684122	42	STIM=h
2691406	42	RESP=1
2700226	42	STIM=s
2708664	42	RESP=1
2718742	42	STIM=l
2722654	42	RESP=1
2735906	42	STIM=o
2739086	42	RESP=1
2751578	42	STIM=f
2757715	42	RESP=1
2766801	42	STIM=n
2771256	42	RESP=1
2783578	42	STIM=0
2789390	42	RESP=2
2798817	42	STIM=q
2805471	42	RESP=1
2816766	42	STIM=b
2829101	42	RESP=1
2831867	42	STIM=v
2838516	42	RESP=1
2848517	42	STIM=y
2854592	42	RESP=1
2864472	42	STIM=j
2869023	42	RESP=1
2881211	42	STIM=w
2885712	42	RESP=2
2898186	42	STIM=j
2910673	42	RESP=1
2914669	42	STIM=t
2918647	42	RESP=1
2931161	42	STIM=k
2940632	42	RESP=1
2946238	42	STIM=b
2951088	42	RESP=2
2965146	42	STIM=e
2969210	42	RESP=1
2983621	42	STIM=l
2987712	42	RESP=1
3002548	42	STIM=c
3007341	42	RESP=2
3017612	42	STIM=6
3025319	42	RESP=2
3035854	42	STIM=e
3041319	42	RESP=1
3053120	42	STIM=c
3057443	42	RESP=2
3071328	42	STIM=p
3083914	42	RESP=1
3088689	42	STIM=p
3092855	42	RESP=1
3105728	42	STIM=5
3111115	42	RESP=2
3121914	42	STIM=y
3130781	42	RESP=1
3139012	42	STIM=b
3142070	42	RESP=1
3155895	42	STIM=e
3163246	42	RESP=1
3172594	42	STIM=u
3176816	42	RESP=1
3188318	42	STIM=h
3192528	42	RESP=1
3204710	42	STIM=8
3210406	42	RESP=2
3222591	42	STIM=t
3231831	42	RESP=1
3240060	42	STIM=1
3248068	42	RESP=2
3258480	42	STIM=6
3265136	42	RESP=1
3275766	42	STIM=b
3280533	42	RESP=1
3293966	42	STIM=g
3298134	42	RESP=1
3312671	42	STIM=m
3318549	42	RESP=1
3327871	42	STIM=t
3333963	42	RESP=1
3344738	42	STIM=a
3350359	42	RESP=1
3362311	42	STIM=p
3369557	42	RESP=1
3378642	42	STIM=h
3384811	42	RESP=1
3396505	42	STIM=9
3402439	42	RESP=2
3411600	42	STIM=v
3416409	42	RESP=1
3429434	42	STIM=b
3435991	42	RESP=1
3447147	42	STIM=m
3454054	42	RESP=1
3462420	42	STIM=g
3467501	42	RESP=1
3480070	42	STIM=h
3484438	42	RESP=1
3497398	42	STIM=k
3502604	42	RESP=1
3514741	42	STIM=c
3518553	42	RESP=1
3533276	42	STIM=n
3537919	42	RESP=1
3549166	42	STIM=a
3557263	42	RESP=1
3567265	42	STIM=b
3575828	42	RESP=1
3585359	42	STIM=w
3589931	42	RESP=1
3600646	42	STIM=9
3607718	42	RESP=2
3617592	42	STIM=5
3623063	42	RESP=2
3632908	42	STIM=o
3640073	42	RESP=1
3651272	42	STIM=m
3657953	42	RESP=1
3668628	42	STIM=h
3673311	42	RESP=1
3684796	42	STIM=w
3692125	42	RESP=1
3700834	42	STIM=g
3705840	42	RESP=1
3719571	42	STIM=p
3723068	42	RESP=1
3735418	42	STIM=r
3740440	42	RESP=1
3752822	42	STIM=n
3756628	42	RESP=1
3768006	42	STIM=7
3775608	42	RESP=2
3784775	42	STIM=q
3789512	42	RESP=1
3802820	42	STIM=i
3812044	42	RESP=1
3821726	42	STIM=s
3827627	42	RESP=1
3837255	42	STIM=0
3842873	42	RESP=2
3855737	42	STIM=5
3862217	42	RESP=2
3871503	42	STIM=m
3875921	42	RESP=1
3889331	42	STIM=u
3895694	42	RESP=1
3906710	42	STIM=q
3910453	42	RESP=1
3921932	42	STIM=q
3926975	42	RESP=1
3939527	42	STIM=o
3942382	42	RESP=2
3955394	42	STIM=b
3959108	42	RESP=1
3972278	42	STIM=j
3978519	42	RESP=1
3991020	42	STIM=r
4002123	42	RESP=1
4007638	42	STIM=5
4011386	42	RESP=2
4026015	42	STIM=a
4032550	42	RESP=1
4044683	42	STIM=b
4057364	42	RESP=2
4060193	42	STIM=8
4068137	42	RESP=2
4076578	42	STIM=z
4080950	42	RESP=1
4095336	42	STIM=z
4101473	42	RESP=1
4112842	42	STIM=a
4116839	42	RESP=1
4130811	42	STIM=7
4135999	42	RESP=2
4149734	42	STIM=5
4156868	42	RESP=2
4164998	42	STIM=v
4169604	42	RESP=2
4180158	42	STIM=n
4190100	42	RESP=1
4198673	42	STIM=u
4204230	42	RESP=1
4214912	42	STIM=b
4221630	42	RESP=1
4233484	42	STIM=a
4239368	42	RESP=1
4249216	42	STIM=v
4256282	42	RESP=1
4265818	42	STIM=s
4269041	42	RESP=1
4284023	42	STIM=f
4293438	42	RESP=1
4302559	42	STIM=r
4307342	42	RESP=1
4320112	42	STIM=w
4328135	42	RESP=1
4338434	42	STIM=e
4343309	42	RESP=1
4354316	42	STIM=n
4357132	42	RESP=1
4370231	42	STIM=4
4381562	42	RESP=1
4388367	42	STIM=c
4393367	42	RESP=1
4406482	42	STIM=p
4412786	42	RESP=1
4422562	42	STIM=l
4427074	42	RESP=1
4441419	42	STIM=8
4447619	42	RESP=2
4459185	42	STIM=a
4463803	42	RESP=1
4474265	42	STIM=n
4484145	42	RESP=1
4492249	42	STIM=f
4500778	42	RESP=1
4510769	42	STIM=c
4516135	42	RESP=1
4526837	42	STIM=h
4533453	42	RESP=1
4545343	42	STIM=f
4553153	42	RESP=1
4564198	42	STIM=w
4572114	42	RESP=1
4582828	42	STIM=i
4587171	42	RESP=1
4600092	42	STIM=p
4607854	42	RESP=1
4616330	42	STIM=v
4619462	42	RESP=1
4634720	42	STIM=9
4644000	42	RESP=2
4653097	42	STIM=k
4657652	42	RESP=1
4669318	42	STIM=g
4674750	42	RESP=1
4685784	42	STIM=l
4697482	42	RESP=1
4703867	42	STIM=z
4707636	42	RESP=1
4722772	42	STIM=a
4726739	42	RESP=1
4740002	42	STIM=0
4749763	42	RESP=2
4757217	42	STIM=p
4762519	42	RESP=1
4774622	42	STIM=f
4781485	42	RESP=1
4790626	42	STIM=d
4797027	42	RESP=1
4806550	42	STIM=g
4818604	42	RESP=1
4823111	42	STIM=h
4828955	42	RESP=1
4839726	42	STIM=p
4847070	42	RESP=1
4855995	42	STIM=x
4862022	42	RESP=1
4873961	42	STIM=v
4877164	42	RESP=1
4890325	42	STIM=1
4895988	42	RESP=2
4908483	42	STIM=j
4912173	42	RESP=1
4926108	42	STIM=f
4933373	42	RESP=1
4944349	42	STIM=8
4954657	42	RESP=2
4963101	42	STIM=b
4970218	42	RESP=1
4980688	42	STIM=v
4985481	42	RESP=2
4997751	42	STIM=a
5002874	42	RESP=1
5015224	42	STIM=y
5019672	42	RESP=1
5030683	42	STIM=a
5037215	42	RESP=1
5049179	42	STIM=g
5057390	42	RESP=1
5064259	42	STIM=f
5071645	42	RESP=1
5080266	42	STIM=p
5085765	42	RESP=1
5097735	42	STIM=1
5103668	42	RESP=2
5113586	42	STIM=f
5116549	42	RESP=1
5129573	42	STIM=4
5137658	42	RESP=2
5145533	42	STIM=i
5151077	42	RESP=1
5161319	42	STIM=3
5169120	42	RESP=2
5179143	42	STIM=u
5183375	42	RESP=1
5196662	42	STIM=8
5200682	42	RESP=2
5214031	42	STIM=w
5217452	42	RESP=1
5230760	42	STIM=n
5235697	42	RESP=1
5248366	42	STIM=d
5254377	42	RESP=2
5266622	42	STIM=h
5277934	42	RESP=1
5281918	42	STIM=q
5286068	42	RESP=1
5297281	42	STIM=2
5303303	42	RESP=1
5315252	42	STIM=i
5325389	42	RESP=1
5332895	42	STIM=h
5338310	42	RESP=1
5350712	42	STIM=o
5355578	42	RESP=1
5368125	42	STIM=z
5371501	42	RESP=1
5386139	42	STIM=t
5391818	42	RESP=1
5404304	42	STIM=k
5409853	42	RESP=1
5420112	42	STIM=x
5428534	42	RESP=1
5435535	42	STIM=2
5440645	42	RESP=1
5451389	42	STIM=1
5459764	42	RESP=2
5467425	42	STIM=k
5471834	42	RESP=1
5483689	42	STIM=t
5488434	42	RESP=1
5499707	42	STIM=r
5506618	42	RESP=1
5516992	42	STIM=c
5522016	42	RESP=1
5535933	42	STIM=r
5542367	42	RESP=1
5551267	42	STIM=o
5558006	42	RESP=1
5568738	42	STIM=i
5580628	42	RESP=1
5585566	42	STIM=v
5588281	42	RESP=2
5604489	42	STIM=o
5608607	42	RESP=1
5623304	42	STIM=q
5627189	42	RESP=1
5641231	42	STIM=s
5649053	42	RESP=1
5659031	42	STIM=t
5663027	42	RESP=1
5677508	42	STIM=y
5681678	42	RESP=1
5693378	42	STIM=n
5698379	42	RESP=1
5710817	42	STIM=q
5717592	42	RESP=1
5729038	42	STIM=j
5735151	42	RESP=1
5745442	42	STIM=t
5750529	42	RESP=1
5764370	42	STIM=m
5770165	42	RESP=1
5782045	42	STIM=x
5787186	42	RESP=1
5798225	42	STIM=m
5801300	42	RESP=1
5813779	42	STIM=d
5820406	42	RESP=1
5829395	42	STIM=9
5837575	42	RESP=2
5845818	42	STIM=z
5850117	42	RESP=1
5864390	42	STIM=b
5868204	42	RESP=1
5883132	42	STIM=s
5887697	42	RESP=1
5899650	42	STIM=z
5905095	42	RESP=1
5916694	42	STIM=h
5920321	42	RESP=1
5934914	42	STIM=z
5938464	42	RESP=1
5951615	42	STIM=7
5957204	42	RESP=2
5969813	42	STIM=n
5975337	42	RESP=1
5985800	42	STIM=7
5992831	42	RESP=2
6001502	42	STIM=a
6007344	42	RESP=1
6016580	42	STIM=e
6019914	42	RESP=2
6033049	42	STIM=8
6037112	42	RESP=2
6049292	42	STIM=3
6055357	42	RESP=2
6065389	42	STIM=e
6072437	42	RESP=1
6081367	42	STIM=q
6091289	42	RESP=1
6099245	42	STIM=v
6112324	42	RESP=1
6115518	42	STIM=t
6118652	42	RESP=1
6132665	42	STIM=p
6135430	42	RESP=1
6149291	42	STIM=o
6155162	42	RESP=1
6166201	42	STIM=o
6173891	42	RESP=1
6184003	42	STIM=b
6186926	42	RESP=1
6201278	42	STIM=n
6208553	42	RESP=1
6216338	42	STIM=i
6220429	42	RESP=1
6231982	42	STIM=4
6239007	42	RESP=2
6250557	42	STIM=8
6259106	42	RESP=2
6268049	42	STIM=l
6272249	42	RESP=1
6285598	42	STIM=n
6289427	42	RESP=1
6303150	42	STIM=z
6307906	42	RESP=1
6318512	42	STIM=m
6323387	42	RESP=1
6336286	42	STIM=b
6341920	42	RESP=2
6353247	42	STIM=f
6357832	42	RESP=1
6370149	42	STIM=l
6372763	42	RESP=1
6385183	42	STIM=c
6390589	42	RESP=1
6403352	42	STIM=5
6408025	42	RESP=2
6421400	42	STIM=j
6427366	42	RESP=1
6438736	42	STIM=s
6442449	42	RESP=1
6455322	42	STIM=d
6468688	42	RESP=1
6471922	42	STIM=z
6477740	42	RESP=1
6489855	42	STIM=w
6494355	42	RESP=1
6508514	42	STIM=e
6518239	42	RESP=1
6524889	42	STIM=z
6529099	42	RESP=1
6540229	42	STIM=e
6546295	42	RESP=1
6558274	42	STIM=k
6561621	42	RESP=1
6574346	42	STIM=i
6578425	42	RESP=1
6592833	42	STIM=d
6596441	42	RESP=1
6610304	42	STIM=d
6613711	42	RESP=1
6625858	42	STIM=s
6636415	42	RESP=1
6642179	42	STIM=b
6652962	42	RESP=1
6660862	42	STIM=i
6670132	42	RESP=1
6679561	42	STIM=d
6683822	42	RESP=1
6696832	42	STIM=x
6700967	42	RESP=1
6713995	42	STIM=9
6719175	42	RESP=1
6732729	42	STIM=d
6740069	42	RESP=1
6749881	42	STIM=z
6758606	42	RESP=1
6765455	42	STIM=3
6770371	42	RESP=2
6783467	42	STIM=i
6786335	42	RESP=1
6800017	42	STIM=l
6804648	42	RESP=1
6816679	42	STIM=o
6820751	42	RESP=1
6834031	42	STIM=o
6841349	42	RESP=1
6849100	42	STIM=6
6858412	42	RESP=2
6865096	42	STIM=k
6869948	42	RESP=1
6881757	42	STIM=u
6888472	42	RESP=1
6900096	42	STIM=0
6905011	42	RESP=1
6915590	42	STIM=b
6921251	42	RESP=1
6931684	42	STIM=k
6938325	42	RESP=2
6948209	42	STIM=r
6951815	42	RESP=1
6966087	42	STIM=l
6973606	42	RESP=1
6983503	42	STIM=g
6987879	42	RESP=1
6998695	42	STIM=d
7005341	42	RESP=1
7013717	42	STIM=8
7018729	42	RESP=2
7032712	42	STIM=l
7038226	42	RESP=1
7049773	42	STIM=9
7057737	42	RESP=2
7067502	42	STIM=e
7074992	42	RESP=1
7086237	42	STIM=w
7090719	42	RESP=1
7103444	42	STIM=n
7107182	42	RESP=1
7118768	42	STIM=v
7125388	42	RESP=1
7137310	42	STIM=t
7143749	42	RESP=1
7153001	42	STIM=0
7157381	42	RESP=2
7169561	42	STIM=a
7173896	42	RESP=1
7188000	42	STIM=e
7192586	42	RESP=1
7205801	42	STIM=z
7211856	42	RESP=1
7223936	42	STIM=b
7229816	42	RESP=1
7242871	42	STIM=f
7247704	42	RESP=1
7261763	42	STIM=w
7264469	42	RESP=1
7278461	42	STIM=d
7283955	42	RESP=1
7294210	42	STIM=b
7303988	42	RESP=1
7309235	42	STIM=m
7313379	42	RESP=1
7324577	42	STIM=b
7328952	42	RESP=1
7342189	42	STIM=o
7346900	42	RESP=1
7361134	42	STIM=t
7365342	42	RESP=1
7378266	42	STIM=n
7382928	42	RESP=1
7394100	42	STIM=k
7399776	42	RESP=2
7410539	42	STIM=q
7417322	42	RESP=1
7429249	42	STIM=4
7436782	42	RESP=2
7447252	42	STIM=o
7453077	42	RESP=1
7463645	42	STIM=c
7472237	42	RESP=1
7481756	42	STIM=f
7488907	42	RESP=1
7498193	42	STIM=v
7502208	42	RESP=1
7514451	42	STIM=w
7519278	42	RESP=1
7530671	42	STIM=3
7538800	42	RESP=2
7547518	42	STIM=u
7552326	42	RESP=1
7564786	42	STIM=s
7569736	42	RESP=1
7580534	42	STIM=o
7586005	42	RESP=1
7595546	42	STIM=p
7601430	42	RESP=2
7613180	42	STIM=q
7616672	42	RESP=1
7630731	42	STIM=d
7636860	42	RESP=1
7647398	42	STIM=y
7652966	42	RESP=1
7663942	42	STIM=b
7670726	42	RESP=1
7679481	42	STIM=e
7683326	42	RESP=1
7695615	42	STIM=m
7699320	42	RESP=1
7712213	42	STIM=p
7716715	42	RESP=1
7729675	42	STIM=z
7735265	42	RESP=1
7744697	42	STIM=a
7749420	42	RESP=1
7762389	42	STIM=5
7766637	42	RESP=2
7780883	42	STIM=7
7785009	42	RESP=2
7797338	42	STIM=p
7802458	42	RESP=1
7814642	42	STIM=l
7818038	42	RESP=1
7832454	42	STIM=p
7838933	42	RESP=2
7849795	42	STIM=3
7854338	42	RESP=1
7866898	42	STIM=e
7870892	42	RESP=1
7883315	42	STIM=r
7887372	42	RESP=1
7899167	42	STIM=h
7901723	42	RESP=1
7916000	42	STIM=v
7923316	42	RESP=1
7931338	42	STIM=9
7938758	42	RESP=1
7950039	42	STIM=p
7954738	42	RESP=1
7967657	42	STIM=s
7976077	42	RESP=1
7983660	42	STIM=v
7987823	42	RESP=1
7999368	42	STIM=n
8005585	42	RESP=1
8017543	42	STIM=y
8022626	42	RESP=1
8032984	42	STIM=y
8039422	42	RESP=2
8050229	42	STIM=n
8053630	42	RESP=1
8066806	42	STIM=l
8072126	42	RESP=1
8084525	42	STIM=c
8087691	42	RESP=1
8100906	42	STIM=s
8105381	42	RESP=1
8118543	42	STIM=d
8128068	42	RESP=1
8134083	42	STIM=5
8140597	42	RESP=2
8149529	42	STIM=v
8155636	42	RESP=1
8168045	42	STIM=w
8173418	42	RESP=1
8184149	42	STIM=z
8189231	42	RESP=1
8199860	42	STIM=m
8208172	42	RESP=1
8217228	42	STIM=5
8224452	42	RESP=2
8234352	42	STIM=y
8240043	42	RESP=1
8251169	42	STIM=y
8259423	42	RESP=1
8269573	42	STIM=u
8282874	42	RESP=1
8287673	42	STIM=3
8295479	42	RESP=2
8304965	42	STIM=9
8312393	42	RESP=2
8323464	42	STIM=p
8326939	42	RESP=1
8341078	42	STIM=n
8351798	42	RESP=1
8358300	42	STIM=e
8364490	42	RESP=1
8374315	42	STIM=s
8378722	42	RESP=1
8391585	42	STIM=t
8397802	42	RESP=1
8408918	42	STIM=0
8413710	42	RESP=2
8425224	42	STIM=z
8431431	42	RESP=1
8443145	42	STIM=t
8447199	42	RESP=1
8460485	42	STIM=q
8465423	42	RESP=1
8478398	42	STIM=1
8485566	42	RESP=1
8493971	42	STIM=f
8496744	42	RESP=1
8510072	42	STIM=x
8516008	42	RESP=1
8528457	42	STIM=a
8531720	42	RESP=1
8547105	42	STIM=2
8553621	42	RESP=2
8565850	42	STIM=j
8570295	42	RESP=1
8581569	42	STIM=w
8588466	42	RESP=1
8600154	42	STIM=5
8607923	42	RESP=2
8615501	42	STIM=h
8623493	42	RESP=1
8634206	42	STIM=y
8638231	42	RESP=1
8649386	42	STIM=y
8654355	42	RESP=1
8667033	42	STIM=d
8672685	42	RESP=1
8683064	42	STIM=j
8687586	42	RESP=1
8701954	42	STIM=q
8705356	42	RESP=1
8720705	42	STIM=5
8726909	42	RESP=2
8739346	42	STIM=y
8742730	42	RESP=1
8754687	42	STIM=e
8763275	42	RESP=1
8772859	42	STIM=1
8777981	42	RESP=2
8787940	42	STIM=y
8794647	42	RESP=1
8805019	42	STIM=q
8808766	42	RESP=1
8823016	42	STIM=u
8825609	42	RESP=1
8839738	42	STIM=0
8848706	42	RESP=2
8856193	42	STIM=v
8863436	42	RESP=1
8873923	42	STIM=a
8879303	42	RESP=1
8890143	42	STIM=2
8894201	42	RESP=2
8906537	42	STIM=4
8915457	42	RESP=2
8924635	42	STIM=2
8934009	42	RESP=2
8940801	42	STIM=6
8946948	42	RESP=2
8959530	42	STIM=1
8964224	42	RESP=2
8974880	42	STIM=1
8981428	42	RESP=2
8990498	42	STIM=q
8994523	42	RESP=1
9006941	42	STIM=o
9010883	42	RESP=1
9023369	42	STIM=o
9027923	42	RESP=1
9038829	42	STIM=a
9041744	42	RESP=1
9056232	42	STIM=g
9060229	42	RESP=1
9072456	42	STIM=w
9077430	42	RESP=1
9087979	42	STIM=5
9093175	42	RESP=2
9106160	42	STIM=s
9113223	42	RESP=1
9122438	42	STIM=s
9127817	42	RESP=1
9140278	42	STIM=h
9143624	42	RESP=1
9157607	42	STIM=f
9164969	42	RESP=1
9175468	42	STIM=s
9192316	42	RESP=1
9192416	42	STIM=e
9199723	42	RESP=2
9209816	42	STIM=q
9213736	42	RESP=1
9225843	42	STIM=k
9229516	42	RESP=1
9242898	42	STIM=o
9246982	42	RESP=1
9261734	42	STIM=y
9267943	42	RESP=1
9279865	42	STIM=o
9287975	42	RESP=2
9295017	42	STIM=w
9301804	42	RESP=1
9313401	42	STIM=w
9321340	42	RESP=1
9330052	42	STIM=0
9341148	42	RESP=2
9348785	42	STIM=q
9356048	42	RESP=1
9367762	42	STIM=o
9371691	42	RESP=2
9384862	42	STIM=m
9393338	42	RESP=1
9401481	42	STIM=j
9408350	42	RESP=1
9420028	42	STIM=d
9426721	42	RESP=1
9436933	42	STIM=6
9448895	42	RESP=2
9453082	42	STIM=3
9462439	42	RESP=1
9471112	42	STIM=a
9476299	42	RESP=1
9487701	42	STIM=t
9497212	42	RESP=1
9504370	42	STIM=z
9510411	42	RESP=1
9523097	42	STIM=a
9527759	42	RESP=2
9541112	42	STIM=l
9550015	42	RESP=1
9558759	42	STIM=d
9565536	42	RESP=1
9577003	42	STIM=r
9579655	42	RESP=1
9593583	42	STIM=i
9598572	42	RESP=1
9610867	42	STIM=q
9616238	42	RESP=1
9628368	42	STIM=9
9633713	42	RESP=1
9644640	42	STIM=k
9649634	42	RESP=1
9663518	42	STIM=0
9674234	42	RESP=2
9681976	42	STIM=0
9688269	42	RESP=1
9698035	42	STIM=j
9703497	42	RESP=1
9713715	42	STIM=f
9717998	42	RESP=1
9729653	42	STIM=b
9737263	42	RESP=1
9746106	42	STIM=t
9753081	42	RESP=1
9763527	42	STIM=t
9770579	42	RESP=1
9778867	42	STIM=a
9797501	42	RESP=1
9797601	42	STIM=9
9803926	42	RESP=2
9812933	42	STIM=n
9817340	42	RESP=1
9829421	42	STIM=s
9841437	42	RESP=1
9845916	42	STIM=o
9849518	42	RESP=1
9863625	42	STIM=a
9867627	42	RESP=2
9882535	42	STIM=o
9886781	42	RESP=1
9898114	42	STIM=k
9905868	42	RESP=1
9915209	42	STIM=p
9919001	42	RESP=1
9934177	42	STIM=d
9942085	42	RESP=1
9949621	42	STIM=n
9955131	42	RESP=1
9964805	42	STIM=f
9972444	42	RESP=1
9983444	42	STIM=o
9988149	42	RESP=1
9999016	42	STIM=q
10002737	42	RESP=1
10016926	42	STIM=1
10023223	42	RESP=2
10033798	42	STIM=b
10038903	42	RESP=1
10049499	42	STIM=s
10052829	42	RESP=1
10067179	42	STIM=p
10074598	42	RESP=1
10084702	42	STIM=e
10087953	42	RESP=1
10103631	42	STIM=i
10107537	42	RESP=1
10118748	42	STIM=1
10132520	42	RESP=2
10137625	42	STIM=w
10142031	42	RESP=1
10155946	42	STIM=5
10170203	42	RESP=2
10173493	42	STIM=e
10182373	42	RESP=1
10190943	42	STIM=n
10196709	42	RESP=1
10207418	42	STIM=l
10211388	42	RESP=1
10225371	42	STIM=u
10229136	42	RESP=1
10241205	42	STIM=f
10245308	42	RESP=1
10256729	42	STIM=l
10260930	42	RESP=1
10274521	42	STIM=u
10278237	42	RESP=1
10291664	42	STIM=a
10295419	42	RESP=1
10308096	42	STIM=x
10311801	42	RESP=1
10326759	42	STIM=k
10331492	42	RESP=1
10345624	42	STIM=e
10351988	42	RESP=1
10363349	42	STIM=1
10368677	42	RESP=2
10379589	42	STIM=w
10384317	42	RESP=1
10398015	42	STIM=a
10412287	42	RESP=1
10416863	42	STIM=v
10422513	42	RESP=1
10432831	42	STIM=c
10437678	42	RESP=1
10449696	42	STIM=0
10454210	42	RESP=2
10468508	42	STIM=i
10476210	42	RESP=1
10486088	42	STIM=v
10493647	42	RESP=1
10504277	42	STIM=5
10509179	42	RESP=2
10521488	42	STIM=b
10526727	42	RESP=1
10540452	42	STIM=s
10546778	42	RESP=1
10558373	42	STIM=1
10562865	42	RESP=2
10576952	42	STIM=e
10580794	42	RESP=1
10595178	42	STIM=p
10602269	42	RESP=1
10612761	42	STIM=d
10617378	42	RESP=1
10631485	42	STIM=u
10640505	42	RESP=1
10648687	42	STIM=8
10654539	42	RESP=2
10664770	42	STIM=f
10677715	42	RESP=1
10683131	42	STIM=4
10687344	42	RESP=2
10701425	42	STIM=h
10706047	42	RESP=1
10718722	42	STIM=l
10721827	42	RESP=1
10735325	42	STIM=y
10747926	42	RESP=1
10751099	42	STIM=1
10759960	42	RESP=1
10766675	42	STIM=c
10773135	42	RESP=1
10785601	42	STIM=7
10790874	42	RESP=2
10801159	42	STIM=4
10808550	42	RESP=2
10817571	42	STIM=l
10822171	42	RESP=1
10832599	42	STIM=f
10837036	42	RESP=1
10849074	42	STIM=u
10852574	42	RESP=1
10866151	42	STIM=g
10874025	42	RESP=1
10883304	42	STIM=3
10895485	42	RESP=2
10900235	42	STIM=g
10904692	42	RESP=1
10917901	42	STIM=a
10921689	42	RESP=1
10936000	42	STIM=b
10943452	42	RESP=1
10953353	42	STIM=4
10962769	42	RESP=2
10969363	42	STIM=k
10975692	42	RESP=1
10986963	42	STIM=j
10994418	42	RESP=1
11003448	42	STIM=k
11008477	42	RESP=1
11021090	42	STIM=j
11030242	42	RESP=1
11037159	42	STIM=j
11042509	42	RESP=1
11055709	42	STIM=t
11060181	42	RESP=2
11073067	42	STIM=r
11079531	42	RESP=1
11091882	42	STIM=k
11098012	42	RESP=1
11110817	42	STIM=b
11116982	42	RESP=1
11127309	42	STIM=n
11133329	42	RESP=1
11145286	42	STIM=8
11150892	42	RESP=2
11160708	42	STIM=k
11170018	42	RESP=1
11178194	42	STIM=x
11187274	42	RESP=1
11196564	42	STIM=y
11205215	42	RESP=1
11213082	42	STIM=l
11218788	42	RESP=1
11229601	42	STIM=x
11232843	42	RESP=1
11247766	42	STIM=i
11253743	42	RESP=1
11264153	42	STIM=t
11269367	42	RESP=1
11281477	42	STIM=0
11289412	42	RESP=2
11296562	42	STIM=q
11301826	42	RESP=1
11314370	42	STIM=q
11318184	42	RESP=1
11332831	42	STIM=8
11346746	42	RESP=2
11349508	42	STIM=i
11353924	42	RESP=1
11365693	42	STIM=s
11378177	42	RESP=1
11384293	42	STIM=d
11389278	42	RESP=1
11400446	42	STIM=2
11409085	42	RESP=1
11416094	42	STIM=g
11422116	42	RESP=1
11433185	42	STIM=1
11438909	42	RESP=2
11448567	42	STIM=o
11452625	42	RESP=1
11466702	42	STIM=i
11471331	42	RESP=1
11484669	42	STIM=g
11494522	42	RESP=1
11502877	42	STIM=c
11506362	42	RESP=1
11521614	42	STIM=a
11527467	42	RESP=1
11540333	42	STIM=f
11548105	42	RESP=1
11557240	42	STIM=3
11562080	42	RESP=2
11576172	42	STIM=r
11581645	42	RESP=1
11594761	42	STIM=d
11603081	42	RESP=1
11612898	42	STIM=x
11617424	42	RESP=1
11629552	42	STIM=v
11633593	42	RESP=1
11647812	42	STIM=c
11655755	42	RESP=1
11665043	42	STIM=p
11669569	42	RESP=1
11683683	42	STIM=j
11692369	42	RESP=1
11699413	42	STIM=7
11709750	42	RESP=2
11716049	42	STIM=8
11720474	42	RESP=2
11731177	42	STIM=1
11742035	42	RESP=2
11749058	42	STIM=z
11756347	42	RESP=1
11767727	42	STIM=3
11780047	42	RESP=2
11785929	42	STIM=g
11789629	42	RESP=1
11804058	42	STIM=f
11808498	42	RESP=1
11821487	42	STIM=f
11828485	42	RESP=1
11837739	42	STIM=j
11853600	42	RESP=1
11855263	42	STIM=f
11860649	42	RESP=1
11872649	42	STIM=v
11879738	42	RESP=1
11888485	42	STIM=7
11895063	42	RESP=2
11903669	42	STIM=k
11909670	42	RESP=1
11918725	42	STIM=i
11924039	42	RESP=1
11934780	42	STIM=k
11941139	42	RESP=1
11952098	42	STIM=6
11956692	42	RESP=2
11969691	42	STIM=f
11973156	42	RESP=1
11986445	42	STIM=i
11995752	42	RESP=1
12003419	42	STIM=m
12006578	42	RESP=1
12022358	42	STIM=p
12027930	42	RESP=1
12037378	42	STIM=g
12045000	42	RESP=1
12055237	42	STIM=g
12060301	42	RESP=1
12071936	42	STIM=s
12077356	42	RESP=1
12090321	42	STIM=s
12097179	42	RESP=1
12108225	42	STIM=c
12114369	42	RESP=1
12124054	42	STIM=x
12130111	42	RESP=1
12142305	42	STIM=7
12147590	42	RESP=2
12161192	42	STIM=l
12167965	42	RESP=1
12176732	42	STIM=h
12181200	42	RESP=2
12193351	42	STIM=k
12201006	42	RESP=1
12211960	42	STIM=3
12222337	42	RESP=2
12228831	42	STIM=9
12236687	42	RESP=2
12245708	42	STIM=w
12250281	42	RESP=1
12263260	42	STIM=1
12269114	42	RESP=1
12281085	42	STIM=8
12285344	42	RESP=2
12297528	42	STIM=a
12306792	42	RESP=1
12313446	42	STIM=u
12320330	42	RESP=1
12328600	42	STIM=5
12333252	42	RESP=2
12344556	42	STIM=d
12354100	42	RESP=1
12361813	42	STIM=b
12366253	42	RESP=1
12378035	42	STIM=o
12382286	42	RESP=1
12396806	42	STIM=h
12405825	42	RESP=1
12414510	42	STIM=z
12419256	42	RESP=1
12432679	42	STIM=1
12440416	42	RESP=2
12449170	42	STIM=b
12460537	42	RESP=1
12465365	42	STIM=t
12471457	42	RESP=1
12482609	42	STIM=z
12486752	42	RESP=1
12501469	42	STIM=i
12506926	42	RESP=1
12519301	42	STIM=c
12525902	42	RESP=1
12535207	42	STIM=k
12540279	42	RESP=1
12551338	42	STIM=r
12557938	42	RESP=1
12567702	42	STIM=u
12572622	42	RESP=1
12585408	42	STIM=k
12589349	42	RESP=1
12603292	42	STIM=4
12608454	42	RESP=1
12621646	42	STIM=3
12629960	42	RESP=1
12637701	42	STIM=8
12644972	42	RESP=1
12653640	42	STIM=p
12659846	42	RESP=1
12669582	42	STIM=t
12674246	42	RESP=1
12685068	42	STIM=z
12690193	42	RESP=1
12701790	42	STIM=r
12707000	42	RESP=1
12716814	42	STIM=9
12722375	42	RESP=2
12735510	42	STIM=a
12739520	42	RESP=1
12754063	42	STIM=u
12760389	42	RESP=1
12771856	42	STIM=8
12780857	42	RESP=2
12789073	42	STIM=x
12797945	42	RESP=1
12805166	42	STIM=1
12810010	42	RESP=2
12823597	42	STIM=1
12831736	42	RESP=2
12840396	42	STIM=o
12845573	42	RESP=1
12858767	42	STIM=f
12862196	42	RESP=1
12875988	42	STIM=7
12883003	42	RESP=2
12893983	42	STIM=c
12898342	42	RESP=1
12909770	42	STIM=k
12915964	42	RESP=1
12928348	42	STIM=4
12939677	42	RESP=2
12943394	42	STIM=d
12951740	42	RESP=1
12962199	42	STIM=l
12968040	42	RESP=1
12980365	42	STIM=l
12988567	42	RESP=1
12998912	42	STIM=3
13005279	42	RESP=2
13015606	42	STIM=1
13022434	42	RESP=2
13033770	42	STIM=f
13040530	42	RESP=1
13051351	42	STIM=h
13057213	42	RESP=1
13070320	42	STIM=n
13076520	42	RESP=1
13087789	42	STIM=r
13093085	42	RESP=1
13103364	42	STIM=s
13112160	42	RESP=1
13121956	42	STIM=r
13126814	42	RESP=1
13137500	42	STIM=w
13144290	42	RESP=1
13154405	42	STIM=f
13159405	42	RESP=1
13173072	42	STIM=j
13182053	42	RESP=2
13188664	42	STIM=r
13193331	42	RESP=1
13207376	42	STIM=a
13213065	42	RESP=1
13224274	42	STIM=w
13230004	42	RESP=1
13241534	42	STIM=0
13246428	42	RESP=2
13258521	42	STIM=y
13262338	42	RESP=1
13274591	42	STIM=o
13277875	42	RESP=1
13291454	42	STIM=t
13297675	42	RESP=1
13307987	42	STIM=f
13321621	42	RESP=1
13323556	42	STIM=r
13331506	42	RESP=1
13339976	42	STIM=8
13350214	42	RESP=2
13355265	42	STIM=l
13361395	42	RESP=1
13370911	42	STIM=e
13375830	42	RESP=2
13386403	42	STIM=r
13391865	42	RESP=1
13404225	42	STIM=b
13410524	42	RESP=1
13421819	42	STIM=e
13426780	42	RESP=1
13438570	42	STIM=s
13446088	42	RESP=1
13453638	42	STIM=n
13462267	42	RESP=1
13472408	42	STIM=6
13476423	42	RESP=2
13489361	42	STIM=s
13495195	42	RESP=1
13506237	42	STIM=o
13512920	42	RESP=1
13521567	42	STIM=x
13526923	42	RESP=1
13536893	42	STIM=7
13546139	42	RESP=2
13553721	42	STIM=w
13559449	42	RESP=1
13570935	42	STIM=d
13574621	42	RESP=1
13589114	42	STIM=b
13592366	42	RESP=1
13607488	42	STIM=5
13617434	42	RESP=2
13622659	42	STIM=0
13627637	42	RESP=2
13640538	42	STIM=k
13644864	42	RESP=1
13655660	42	STIM=e
13659985	42	RESP=1
13670752	42	STIM=3
13679105	42	RESP=2
13689109	42	STIM=f
13695068	42	RESP=1
13706851	42	STIM=m
13713212	42	RESP=1
13725606	42	STIM=g
13731601	42	RESP=1
13744384	42	STIM=f
13749558	42	RESP=1
13762103	42	STIM=e
13767821	42	RESP=1
13780539	42	STIM=w
13783235	42	RESP=2
13798716	42	STIM=w
13802696	42	RESP=1
13816724	42	STIM=f
13823022	42	RESP=1
13832023	42	STIM=d
13839185	42	RESP=1
13848578	42	STIM=s
13852448	42	RESP=1
13865639	42	STIM=c
13873565	42	RESP=1
13883266	42	STIM=v
13888631	42	RESP=1
13899893	42	STIM=z
13909985	42	RESP=1
13915264	42	STIM=c
13918803	42	RESP=1
13933173	42	STIM=5
13939009	42	RESP=2
13951986	42	STIM=1
13958084	42	RESP=2
13968187	42	STIM=n
13973419	42	RESP=1
13983389	42	STIM=f
13993469	42	RESP=1
13998498	42	STIM=6
14003141	42	RESP=2
14013824	42	STIM=b
14021659	42	RESP=1
14029514	42	STIM=y
14033282	42	RESP=1
14044874	42	STIM=6
14055083	42	RESP=1
14061503	42	STIM=m
14066016	42	RESP=1
14077154	42	STIM=s
14081016	42	RESP=1
14095983	42	STIM=r
14103253	42	RESP=1
14113590	42	STIM=b
14121309	42	RESP=1
14128856	42	STIM=0
14136918	42	RESP=2
14146491	42	STIM=h
14151202	42	RESP=1
14163199	42	STIM=f
14166261	42	RESP=1
14181202	42	STIM=b
14189960	42	RESP=1
14196719	42	STIM=q
14203276	42	RESP=1
14214173	42	STIM=z
14223820	42	RESP=1
14229185	42	STIM=n
14233318	42	RESP=1
14244291	42	STIM=x
14249202	42	RESP=1
14261966	42	STIM=c
14266514	42	RESP=1
14280214	42	STIM=z
14286863	42	RESP=1
14295975	42	STIM=h
14300153	42	RESP=1
14313199	42	STIM=x
14318793	42	RESP=1
14330350	42	STIM=c
14336138	42	RESP=1
14348319	42	STIM=0
14353632	42	RESP=2
14365517	42	STIM=t
14369639	42	RESP=1
14383682	42	STIM=t
14389887	42	RESP=1
14401914	42	STIM=v
14405649	42	RESP=1
14419205	42	STIM=8
14424208	42	RESP=2
14434446	42	STIM=g
14443185	42	RESP=1
14450789	42	STIM=d
14455502	42	RESP=1
14468281	42	STIM=e
14471752	42	RESP=1
14487270	42	STIM=z
14491934	42	RESP=1
14502438	42	STIM=1
14508768	42	RESP=2
14517484	42	STIM=6
14521839	42	RESP=2
14534329	42	STIM=n
14540833	42	RESP=1
14551031	42	STIM=2
14555916	42	RESP=2
14568907	42	STIM=6
14574799	42	RESP=2
14585005	42	STIM=s
14592590	42	RESP=1
14601197	42	STIM=1
14605708	42	RESP=2
14616899	42	STIM=n
14621751	42	RESP=1
14634890	42	STIM=g
14639328	42	RESP=1
14651541	42	STIM=5
14656587	42	RESP=1
14668507	42	STIM=c
14677228	42	RESP=1
14686997	42	STIM=b
14691206	42	RESP=1
14703678	42	STIM=d
14708645	42	RESP=1
14719214	42	STIM=9
14726813	42	RESP=2
14736024	42	STIM=w
14744093	42	RESP=1
14751270	42	STIM=4
14756616	42	RESP=2
14767565	42	STIM=j
14771733	42	RESP=1
14784689	42	STIM=b
14792167	42	RESP=1
14799979	42	STIM=s
14804010	42	RESP=1
14816150	42	STIM=k
14822337	42	RESP=1
14834655	42	STIM=x
14840371	42	RESP=1
14850120	42	STIM=t
14854785	42	RESP=1
14868288	42	STIM=u
14878004	42	RESP=1
14886753	42	STIM=5
14894123	42	RESP=2
14902390	42	STIM=s
14907847	42	RESP=1
14917555	42	STIM=t
14922535	42	RESP=1
14933025	42	STIM=l
14940285	42	RESP=1
14950344	42	STIM=2
14959895	42	RESP=2
14966408	42	STIM=a
14973287	42	RESP=1
14983619	42	STIM=t
14990287	42	RESP=1
15000980	42	STIM=i
15007311	42	RESP=1
15017191	42	STIM=1
15024784	42	RESP=2
15034689	42	STIM=0
15040072	42	RESP=1
15051357	42	STIM=x
15058563	42	RESP=1
15069846	42	STIM=y
15074005	42	RESP=1
15085723	42	STIM=9
15091175	42	RESP=2
15103301	42	STIM=k
15106229	42	RESP=1
15119878	42	STIM=w
15124639	42	RESP=1
15137162	42	STIM=z
15148837	42	RESP=1
15154691	42	STIM=i
15158268	42	RESP=1
15172893	42	STIM=k
15176854	42	RESP=1
15190700	42	STIM=d
15193969	42	RESP=1
15209340	42	STIM=f
15214940	42	RESP=1
15224575	42	STIM=z
15232851	42	RESP=1
15243190	42	STIM=p
15247379	42	RESP=1
15259425	42	STIM=w
15268373	42	RESP=1
15276635	42	STIM=n
15285198	42	RESP=1
15292503	42	STIM=v
15298349	42	RESP=1
15308134	42	STIM=b
15312150	42	RESP=1
15323842	42	STIM=0
15330716	42	RESP=2
15340011	42	STIM=8
15345277	42	RESP=2
15356162	42	STIM=v
15363543	42	RESP=1
15375143	42	STIM=9
15382299	42	RESP=2
15394112	42	STIM=n
15397273	42	RESP=1
15409527	42	STIM=p
15413824	42	RESP=1
15425598	42	STIM=a
15431333	42	RESP=1
15443657	42	STIM=8
15449629	42	RESP=2
15459089	42	STIM=a
15463551	42	RESP=1
15474515	42	STIM=w
15480073	42	RESP=1
15491462	42	STIM=u
15497058	42	RESP=1
15510042	42	STIM=u
15513964	42	RESP=1
15526224	42	STIM=l
15530064	42	RESP=1
15544564	42	STIM=8
15552190	42	RESP=2
15561995	42	STIM=u
15566572	42	RESP=1
15579827	42	STIM=3
15586309	42	RESP=1
15596791	42	STIM=f
15600627	42	RESP=1
15615413	42	STIM=x
15620699	42	RESP=1
15630678	42	STIM=s
15637510	42	RESP=1
15649052	42	STIM=s
15654426	42	RESP=1
15665912	42	STIM=w
15670054	42	RESP=1
15683763	42	STIM=w
15688434	42	RESP=1
15699051	42	STIM=7
15703855	42	RESP=1
15716489	42	STIM=q
15727031	42	RESP=1
15732105	42	STIM=7
15737519	42	RESP=2
15748075	42	STIM=3
15754424	42	RESP=2
15766122	42	STIM=z
15770086	42	RESP=1
15782072	42	STIM=u
15788925	42	RESP=1
15800445	42	STIM=g
15808457	42	RESP=1
15815588	42	STIM=q
15823244	42	RESP=1
15832309	42	STIM=n
15838645	42	RESP=1
15847787	42	STIM=7
15852427	42	RESP=2
15864908	42	STIM=t
15870677	42	RESP=1
15881435	42	STIM=a
15885801	42	RESP=1
15898694	42	STIM=t
15907748	42	RESP=1
15914054	42	STIM=w
15916839	42	RESP=1
15932201	42	STIM=d
15936877	42	RESP=1
15948540	42	STIM=z
15955686	42	RESP=1
15964715	42	STIM=6
15975043	42	RESP=2
15982269	42	STIM=8
15989094	42	RESP=2
16000297	42	STIM=7
16006104	42	RESP=2
16018837	42	STIM=b
16022206	42	RESP=1
16033845	42	STIM=u
16041241	42	RESP=1
16051646	42	STIM=a
16054518	42	RESP=1
16066826	42	STIM=z
16071075	42	RESP=1
16083038	42	STIM=5
16092749	42	RESP=2
16101697	42	STIM=m
16110179	42	RESP=1
16118842	42	STIM=e
16125157	42	RESP=1
16135078	42	STIM=e
16141745	42	RESP=1
16150829	42	STIM=3
16156477	42	RESP=2
16167038	42	STIM=j
16171289	42	RESP=1
16185127	42	STIM=w
16191581	42	RESP=1
16203386	42	STIM=k
16207818	42	RESP=1
16221568	42	STIM=e
16228999	42	RESP=1
16236861	42	STIM=v
16245238	42	RESP=1
16253698	42	STIM=c
16257131	42	RESP=1
16270822	42	STIM=e
16275090	42	RESP=1
16288790	42	STIM=z
16295479	42	RESP=1
16306580	42	STIM=r
16310618	42	RESP=1
16321681	42	STIM=q
16329109	42	RESP=1
16338443	42	STIM=g
16343542	42	RESP=1
16354611	42	STIM=e
16359301	42	RESP=1
16372580	42	STIM=f
16377629	42	RESP=1
16388766	42	STIM=m
16393847	42	RESP=1
16406010	42	STIM=7
16410345	42	RESP=2
16422996	42	STIM=0
16427734	42	RESP=2
16441354	42	STIM=4
16446951	42	RESP=2
16459278	42	STIM=s
16464674	42	RESP=1
16477857	42	STIM=e
16482248	42	RESP=1
16496001	42	STIM=6
16502287	42	RESP=2
16512827	42	STIM=l
16517596	42	RESP=1
16530219	42	STIM=m
16536642	42	RESP=1
16545798	42	STIM=n
16551953	42	RESP=2
16560926	42	STIM=w
16566737	42	RESP=1
16577456	42	STIM=j
16582200	42	RESP=1
16594030	42	STIM=c
16596961	42	RESP=1
16610150	42	STIM=z
16614286	42	RESP=2
16626454	42	STIM=g
16632484	42	RESP=1
16641828	42	STIM=t
16645133	42	RESP=1
16659208	42	STIM=8
16664780	42	RESP=2
16674781	42	STIM=1
16679083	42	RESP=2
16690557	42	STIM=v
16699813	42	RESP=1
16707251	42	STIM=y
16714089	42	RESP=1
16724609	42	STIM=v
16733493	42	RESP=1
16742302	42	STIM=6
16747298	42	RESP=2
16759713	42	STIM=5
16763589	42	RESP=2
16776217	42	STIM=0
16784426	42	RESP=2
16793642	42	STIM=a
16798814	42	RESP=1
16809463	42	STIM=f
16816803	42	RESP=1
16828293	42	STIM=p
16831381	42	RESP=1
16846819	42	STIM=h
16853494	42	RESP=1
16863139	42	STIM=h
16870294	42	RESP=1
16881619	42	STIM=2
16890856	42	RESP=2
16897088	42	STIM=f
16900459	42	RESP=1
16913104	42	STIM=p
16916718	42	RESP=1
16930752	42	STIM=c
16940500	42	RESP=1
16947075	42	STIM=g
16950093	42	RESP=1
16963434	42	STIM=m
16966839	42	RESP=1
16981222	42	STIM=e
16990159	42	RESP=1
16998952	42	STIM=5
17007975	42	RESP=2
17017782	42	STIM=k
17023377	42	RESP=1
17034747	42	STIM=z
17039582	42	RESP=1
17050084	42	STIM=m
17056791	42	RESP=1
17065755	42	STIM=y
17071681	42	RESP=1
17081957	42	STIM=c
17086950	42	RESP=1
17100434	42	STIM=j
17104935	42	RESP=1
17116617	42	STIM=o
17119194	42	RESP=1
17133746	42	STIM=a
17137537	42	RESP=1
17150110	42	STIM=b
17153732	42	RESP=1
17168853	42	STIM=n
17173109	42	RESP=1
17185906	42	STIM=1
17197580	42	RESP=1
17201552	42	STIM=h
17209896	42	RESP=1
17219720	42	STIM=6
17226026	42	RESP=2
17235565	42	STIM=k
17242900	42	RESP=1
17253398	42	STIM=z
17259716	42	RESP=1
17269097	42	STIM=3
17274815	42	RESP=2
17286061	42	STIM=6
17293362	42	RESP=2
17304651	42	STIM=m
17307798	42	RESP=1
17319879	42	STIM=e
17325635	42	RESP=1
17338711	42	STIM=d
17342612	42	RESP=1
17355263	42	STIM=9
17362954	42	RESP=2
17371084	42	STIM=w
17376619	42	RESP=1
17388897	42	STIM=e
17396844	42	RESP=1
17406808	42	STIM=y
17409582	42	RESP=1
17422860	42	STIM=h
17430782	42	RESP=2
17441176	42	STIM=g
17450878	42	RESP=1
17457365	42	STIM=r
17462088	42	RESP=2
17474335	42	STIM=4
17479735	42	RESP=1
17489661	42	STIM=p
17495173	42	RESP=1
17504705	42	STIM=n
17507533	42	RESP=1
17521950	42	STIM=h
17529313	42	RESP=1
17537523	42	STIM=q
17541553	42	RESP=1
17555925	42	STIM=s
17559739	42	RESP=1
17572396	42	STIM=m
17578885	42	RESP=1
17590484	42	STIM=d
17598410	42	RESP=1
17607919	42	STIM=q
17615309	42	RESP=1
17623047	42	STIM=c
17628953	42	RESP=1
17640466	42	STIM=s
17643297	42	RESP=1
17657979	42	STIM=o
17663702	42	RESP=1
17673005	42	STIM=i
17678743	42	RESP=1
17690171	42	STIM=m
17696198	42	RESP=1
17705538	42	STIM=r
17709942	42	RESP=1
17723634	42	STIM=n
17730796	42	RESP=1
17739068	42	STIM=7
17750444	42	RESP=2
17757070	42	STIM=l
17764913	42	RESP=1
17772147	42	STIM=h
17776553	42	RESP=1
17789277	42	STIM=t
17795844	42	RESP=1
17805879	42	STIM=i
17811206	42	RESP=1
17824215	42	STIM=v
17828750	42	RESP=1
17840290	42	STIM=x
17845116	42	RESP=1
17855730	42	STIM=v
17862840	42	RESP=1
17872715	42	STIM=e
17878405	42	RESP=1
17889014	42	STIM=g
17892032	42	RESP=1
17907898	42	STIM=s
17916689	42	RESP=1
17924499	42	STIM=2
17929417	42	RESP=2
17941648	42	STIM=k
17949333	42	RESP=1
17958432	42	STIM=y
17961326	42	RESP=1
17976947	42	STIM=y
17981806	42	RESP=1
17992722	42	STIM=m
17998167	42	RESP=1
18009159	42	STIM=x
18014048	42	RESP=1
18025328	42	STIM=q
18030665	42	RESP=1
18042263	42	STIM=e
18045973	42	RESP=1
18060870	42	STIM=y
18066323	42	RESP=1
18076259	42	STIM=6
18080248	42	RESP=2
18094322	42	STIM=x
18100301	42	RESP=1
18112632	42	STIM=r
18116748	42	RESP=1
18129567	42	STIM=7
18138490	42	RESP=2
18145691	42	STIM=w
18152182	42	RESP=1
18161323	42	STIM=f
18165805	42	RESP=1
18179147	42	STIM=u
18183095	42	RESP=2
18194940	42	STIM=q
18203086	42	RESP=1
18213248	42	STIM=v
18219539	42	RESP=1
18230628	42	STIM=9
18239065	42	RESP=2
18248785	42	STIM=o
18252450	42	RESP=1
18265505	42	STIM=n
18271929	42	RESP=1
18280909	42	STIM=g
18287557	42	RESP=1
18298267	42	STIM=v
18303012	42	RESP=1
18315062	42	STIM=w
18318863	42	RESP=1
18331763	42	STIM=l
18335904	42	RESP=1
18348952	42	STIM=a
18352448	42	RESP=1
18367384	42	STIM=o
18370965	42	RESP=1
18383038	42	STIM=c
18386761	42	RESP=1
18398737	42	STIM=i
18407475	42	RESP=1
18416128	42	STIM=y
18424327	42	RESP=1
18432469	42	STIM=s
18443123	42	RESP=1
18449041	42	STIM=y
18457503	42	RESP=1
18466700	42	STIM=z
18470143	42	RESP=2
18482590	42	STIM=h
18486823	42	RESP=1
18498053	42	STIM=c
18503853	42	RESP=1
18513373	42	STIM=i
18519862	42	RESP=1
18530580	42	STIM=p
18539152	42	RESP=1
18546124	42	STIM=p
18555327	42	RESP=1
18562478	42	STIM=x
18570930	42	RESP=1
18577512	42	STIM=m
18582781	42	RESP=1
18593298	42	STIM=x
18600322	42	RESP=1
18609168	42	STIM=c
18613363	42	RESP=1
18626549	42	STIM=0
18631825	42	RESP=2
18642612	42	STIM=0
18646568	42	RESP=2
18659210	42	STIM=d
18664034	42	RESP=2
18676446	42	STIM=l
18681602	42	RESP=1
18691717	42	STIM=z
18699487	42	RESP=2
18707662	42	STIM=n
18713187	42	RESP=1
18722754	42	STIM=p
18727565	42	RESP=1
18737820	42	STIM=5
18747784	42	RESP=2
18755149	42	STIM=5
18761930	42	RESP=2
18770610	42	STIM=o
18775458	42	RESP=1
18786876	42	STIM=u
18792033	42	RESP=1
18805608	42	STIM=0
18809933	42	RESP=2
18822901	42	STIM=v
18827952	42	RESP=1
18838019	42	STIM=a
18845100	42	RESP=1
18854642	42	STIM=t
18859455	42	RESP=1
18870470	42	STIM=o
18875567	42	RESP=1
18886389	42	STIM=h
18889049	42	RESP=1
18902016	42	STIM=s
18906042	42	RESP=1
18918607	42	STIM=y
18926266	42	RESP=1
18935849	42	STIM=s
18940945	42	RESP=1
18952453	42	STIM=s
18956343	42	RESP=1
18968164	42	STIM=h
18973515	42	RESP=1
18984384	42	STIM=k
18989107	42	RESP=1
19001244	42	STIM=0
19007777	42	RESP=2
19018184	42	STIM=e
19025518	42	RESP=1
19035566	42	STIM=4
19044674	42	RESP=2
19051496	42	STIM=g
19055832	42	RESP=1
19067761	42	STIM=t
19072711	42	RESP=1
19083959	42	STIM=r
19088745	42	RESP=1
19100036	42	STIM=b
19107111	42	RESP=1
19116620	42	STIM=u
19121015	42	RESP=2
19134749	42	STIM=z
19138510	42	RESP=1
19153244	42	STIM=2
19161777	42	RESP=2
19168285	42	STIM=n
19177042	42	RESP=1
19185356	42	STIM=p
19192982	42	RESP=1
19203668	42	STIM=n
19211717	42	RESP=1
19220596	42	STIM=4
19225249	42	RESP=2
19235820	42	STIM=x
19239134	42	RESP=1
19254437	42	STIM=2
19261512	42	RESP=2
19269890	42	STIM=p
19277455	42	RESP=1
19285479	42	STIM=4
19290630	42	RESP=2
19303145	42	STIM=t
19309443	42	RESP=1
19319649	42	STIM=b
19324184	42	RESP=1
19337440	42	STIM=o
19342524	42	RESP=1
19354702	42	STIM=i
19358957	42	RESP=1
19371235	42	STIM=i
19374817	42	RESP=1
19387453	42	STIM=y
19393137	42	RESP=1
19403481	42	STIM=m
19407216	42	RESP=1
19419277	42	STIM=r
19428352	42	RESP=1
19434884	42	STIM=j
19439242	42	RESP=1
19450986	42	STIM=r
19455483	42	RESP=1
19469161	42	STIM=2
19475953	42	RESP=2
19488079	42	STIM=1
19494450	42	RESP=2
19503627	42	STIM=l
19510187	42	RESP=1
19519789	42	STIM=c
19526453	42	RESP=1
19537413	42	STIM=u
19545017	42	RESP=1
19553520	42	STIM=d
19557128	42	RESP=1
19570091	42	STIM=c
19583987	42	RESP=2
19587154	42	STIM=r
19593643	42	RESP=1
19605618	42	STIM=8
19616871	42	RESP=2
19624369	42	STIM=e
19627602	42	RESP=1
19643226	42	STIM=g
19648164	42	RESP=1
19660518	42	STIM=o
19668730	42	RESP=1
19678444	42	STIM=0
19682981	42	RESP=2
19694776	42	STIM=c
19702199	42	RESP=2
19712491	42	STIM=z
19718718	42	RESP=1
19727871	42	STIM=f
19732859	42	RESP=1
19743781	42	STIM=x
19748235	42	RESP=1
19762561	42	STIM=f
19766711	42	RESP=1
19778942	42	STIM=w
19786513	42	RESP=1
19796640	42	STIM=a
19800410	42	RESP=1
19813783	42	STIM=m
19819969	42	RESP=1
19829715	42	STIM=5
19838315	42	RESP=1
19844764	42	STIM=k
19849495	42	RESP=1
19862634	42	STIM=f
19869905	42	RESP=1
19877721	42	STIM=i
19882535	42	RESP=1
19894850	42	STIM=0
19898987	42	RESP=2
19913368	42	STIM=u
19919637	42	RESP=2
19929251	42	STIM=z
19933872	42	RESP=1
19946303	42	STIM=u
19952866	42	RESP=1
19963480	42	STIM=p
19973962	42	RESP=1
19981033	42	STIM=z
19986740	42	RESP=2
19996461	42	STIM=r
20001808	42	RESP=1
20012093	42	STIM=0
20021740	42	RESP=2
20030039	42	STIM=k
20040288	42	RESP=1
20045042	42	STIM=s
20050466	42	RESP=1
20063181	42	STIM=9
20067957	42	RESP=2
20078512	42	STIM=j
20081997	42	RESP=1
20096926	42	STIM=k
20100114	42	RESP=1
20112558	42	STIM=t
20118170	42	RESP=1
20129640	42	STIM=i
20134273	42	RESP=1
20148264	42	STIM=s
20156305	42	RESP=1
20167184	42	STIM=6
20174585	42	RESP=2
20183474	42	STIM=m
20189033	42	RESP=1
20200857	42	STIM=i
20206803	42	RESP=1
20218043	42	STIM=t
20221503	42	RESP=1
20235094	42	STIM=l
20240476	42	RESP=1
20251647	42	STIM=h
20256495	42	RESP=1
20267641	42	STIM=1
20274855	42	RESP=2
20283729	42	STIM=w
20287131	42	RESP=1
20302189	42	STIM=c
20317796	42	RESP=1
20320697	42	STIM=c
20323799	42	RESP=1
20336525	42	STIM=k
20339769	42	RESP=1
20351718	42	STIM=m
20357366	42	RESP=1
20369532	42	STIM=o
20377728	42	RESP=2
20385113	42	STIM=g
20392001	42	RESP=1
20402417	42	STIM=l
20406281	42	RESP=1
20419969	42	STIM=z
20425339	42	RESP=1
20437622	42	STIM=b
20445450	42	RESP=1
20455043	42	STIM=0
20460950	42	RESP=2
20471013	42	STIM=c
20475786	42	RESP=1
20486992	42	STIM=c
20489806	42	RESP=1
20504227	42	STIM=f
20509791	42	RESP=1
20522685	42	STIM=9
20530632	42	RESP=2
20538179	42	STIM=h
20542723	42	RESP=2
20557163	42	STIM=y
20563074	42	RESP=1
20575446	42	STIM=g
20579844	42	RESP=1
20590919	42	STIM=r
20597366	42	RESP=1
20606620	42	STIM=0
20612029	42	RESP=2
20622008	42	STIM=f
20626584	42	RESP=1
20640497	42	STIM=q
20643678	42	RESP=1
20657368	42	STIM=w
20665374	42	RESP=1
20672552	42	STIM=1
20677516	42	RESP=2
20690377	42	STIM=0
20698310	42	RESP=1
20706159	42	STIM=v
20708804	42	RESP=1
20723956	42	STIM=h
20727527	42	RESP=1
20741606	42	STIM=z
20747567	42	RESP=1
20758429	42	STIM=f
20766163	42	RESP=1
20776993	42	STIM=h
20781339	42	RESP=1
20795338	42	STIM=x
20806172	42	RESP=1
20810643	42	STIM=j
20819335	42	RESP=1
20826964	42	STIM=y
20830060	42	RESP=1
20843187	42	STIM=t
20847033	42	RESP=1
20861717	42	STIM=6
20868073	42	RESP=2
20877550	42	STIM=w
20881531	42	RESP=1
20893685	42	STIM=h
20897323	42	RESP=1
20911123	42	STIM=s
20915990	42	RESP=2
20929545	42	STIM=3
20933565	42	RESP=2
20948218	42	STIM=2
20953540	42	RESP=2
20966006	42	STIM=i
20970647	42	RESP=1
20981371	42	STIM=r
20984653	42	RESP=1
20999709	42	STIM=b
21003057	42	RESP=1
21018171	42	STIM=a
21025035	42	RESP=1
21035651	42	STIM=h
21040561	42	RESP=1
21054319	42	STIM=g
21058729	42	RESP=1
21071186	42	STIM=n
21080677	42	RESP=1
21089847	42	STIM=d
21093786	42	RESP=1
21105875	42	STIM=x
21111624	42	RESP=1
21123728	42	STIM=8
21129701	42	RESP=2
21140179	42	STIM=e
21144096	42	RESP=1
21158622	42	STIM=y
21166183	42	RESP=1
21173992	42	STIM=0
21178572	42	RESP=1
21189142	42	STIM=q
21194734	42	RESP=1
21205277	42	STIM=g
21209998	42	RESP=1
21224189	42	STIM=d
21229734	42	RESP=1
21242967	42	STIM=3
21248813	42	RESP=2
21259760	42	STIM=3
21265255	42	RESP=2
21275841	42	STIM=q
21279787	42	RESP=1
21291931	42	STIM=8
21299397	42	RESP=2
21309707	42	STIM=6
21314942	42	RESP=1
21326757	42	STIM=g
21330386	42	RESP=1
21342812	42	STIM=s
21350734	42	RESP=1
21360947	42	STIM=g
21365852	42	RESP=1
21378724	42	STIM=0
21385209	42	RESP=2
21396944	42	STIM=z
21400882	42	RESP=1
21414070	42	STIM=a
21419020	42	RESP=2
21430000	42	STIM=p
21438149	42	RESP=1
21446966	42	STIM=k
21449451	42	RESP=1
21465023	42	STIM=i
21469088	42	RESP=1
21482469	42	STIM=5
21488528	42	RESP=2
21500129	42	STIM=u
21504043	42	RESP=1
21515589	42	STIM=f
21520050	42	RESP=2
21531905	42	STIM=g
21538928	42	RESP=1
21550683	42	STIM=a
21555150	42	RESP=1
21567480	42	STIM=p
21572739	42	RESP=2
21584562	42	STIM=v
21588133	42	RESP=1
21602121	42	STIM=g
21607638	42	RESP=1
21619617	42	STIM=i
21625799	42	RESP=1
21638291	42	STIM=g
21643647	42	RESP=1
21654458	42	STIM=t
21661653	42	RESP=1
21670173	42	STIM=e
21675917	42	RESP=1
21687373	42	STIM=a
21692270	42	RESP=1
21703556	42	STIM=q
21715470	42	RESP=1
21720892	42	STIM=7
21726723	42	RESP=2
21738326	42	STIM=7
21743860	42	RESP=2
21757270	42	STIM=h
21760949	42	RESP=1
21775517	42	STIM=1
21780111	42	RESP=2
