# Original filename: 0020_WES_2016-11-28.log
# Time unit: 100 us
# RARECAT=digit
#
# Time	HHGG	Event
38352	42	STIM=a
42800	42	RESP=1
54092	42	STIM=z
59493	42	RESP=1
72540	42	STIM=n
77911	42	RESP=1
87931	42	STIM=a
92549	42	RESP=1
106073	42	STIM=z
115642	42	RESP=1
121501	42	STIM=y
124894	42	RESP=1
137776	42	STIM=q
141634	42	RESP=1
153447	42	STIM=y
158734	42	RESP=1
171175	42	STIM=s
177894	42	RESP=1
186989	42	STIM=v
194016	42	RESP=1
205544	42	STIM=t
209975	42	RESP=1
222708	42	STIM=k
228171	42	RESP=2
237834	42	STIM=y
242056	42	RESP=1
256087	42	STIM=v
260499	42	RESP=1
273466	42	STIM=y
286413	42	RESP=1
290274	42	STIM=q
296332	42	RESP=1
308602	42	STIM=f
316274	42	RESP=1
324304	42	STIM=u
327433	42	RESP=1
340454	42	STIM=5
350920	42	RESP=2
358241	42	STIM=c
360627	42	RESP=1
374869	42	STIM=s
381368	42	RESP=1
391211	42	STIM=u
397213	42	RESP=1
408532	42	STIM=6
415271	42	RESP=2
427188	42	STIM=t
432214	42	RESP=1
443629	42	STIM=f
448367	42	RESP=1
462263	42	STIM=4
469784	42	RESP=2
479488	42	STIM=2
483929	42	RESP=1
498195	42	STIM=j
503542	42	RESP=1
515082	42	STIM=s
517822	42	RESP=1
531550	42	STIM=2
538934	42	RESP=2
549751	42	STIM=a
552788	42	RESP=1
566720	42	STIM=1
572082	42	RESP=2
581778	42	STIM=2
587767	42	RESP=2
597899	42	STIM=n
601081	42	RESP=1
615485	42	STIM=p
622984	42	RESP=1
631287	42	STIM=j
637416	42	RESP=1
646386	42	STIM=p
650769	42	RESP=1
663874	42	STIM=n
667082	42	RESP=1
679384	42	STIM=c
684086	42	RESP=1
694913	42	STIM=d
699456	42	RESP=1
712134	42	STIM=0
720572	42	RESP=2
727320	42	STIM=l
732115	42	RESP=1
742640	42	STIM=v
746699	42	RESP=1
758498	42	STIM=8
763699	42	RESP=2
774501	42	STIM=u
778131	42	RESP=1
789737	42	STIM=v
796056	42	RESP=1
808041	42	STIM=a
813726	42	RESP=1
823666	42	STIM=u
827975	42	RESP=2
839937	42	STIM=f
849468	42	RESP=1
857470	42	STIM=t
868705	42	RESP=1
876356	42	STIM=k
879218	42	RESP=1
894323	42	STIM=i
898665	42	RESP=1
912276	42	STIM=j
915211	42	RESP=1
927381	42	STIM=9
931685	42	RESP=2
943431	42	STIM=j
950009	42	RESP=1
959143	42	STIM=x
963288	42	RESP=1
977449	42	STIM=h
980151	42	RESP=1
994803	42	STIM=h
1000916	42	RESP=1
1010658	42	STIM=w
1016543	42	RESP=1
1027394	42	STIM=m
1034018	42	RESP=1
1045090	42	STIM=m
1050504	42	RESP=1
1063416	42	STIM=a
1069299	42	RESP=1
1081963	42	STIM=j
1085594	42	RESP=1
1100592	42	STIM=d
1104825	42	RESP=1
1118698	42	STIM=r
1122204	42	RESP=1
1134845	42	STIM=r
1138497	42	RESP=2
1152815	42	STIM=c
1157522	42	RESP=1
1170490	42	STIM=o
1174633	42	RESP=1
1187562	42	STIM=k
1193078	42	RESP=1
1206018	42	STIM=1
1214811	42	RESP=2
1221814	42	STIM=b
1231444	42	RESP=1
1239155	42	STIM=k
1242911	42	RESP=1
1255642	42	STIM=f
1261803	42	RESP=1
1272680	42	STIM=c
1277564	42	RESP=1
1290518	42	STIM=9
1297664	42	RESP=2
1306754	42	STIM=q
1311210	42	RESP=1
1325439	42	STIM=w
1330943	42	RESP=1
1341461	42	STIM=j
1345202	42	RESP=1
1359023	42	STIM=4
1365414	42	RESP=2
1377516	42	STIM=g
1382361	42	RESP=1
1393816	42	STIM=m
1396578	42	RESP=1
1409596	42	STIM=6
1413252	42	RESP=1
1427843	42	STIM=8
1432016	42	RESP=2
1442858	42	STIM=a
1447161	42	RESP=1
1461221	42	STIM=b
1467618	42	RESP=1
1477126	42	STIM=a
1480782	42	RESP=1
1495270	42	STIM=c
1499734	42	RESP=1
1510559	42	STIM=r
1516348	42	RESP=1
1526967	42	STIM=a
1529712	42	RESP=1
1544099	42	STIM=s
1549939	42	RESP=1
1560946	42	STIM=t
1564784	42	RESP=1
1579906	42	STIM=n
1583169	42	RESP=1
1595875	42	STIM=9
1600872	42	RESP=2
1613518	42	STIM=s
1619410	42	RESP=1
1629969	42	STIM=j
1632554	42	RESP=1
1646855	42	STIM=m
1655297	42	RESP=1
1664470	42	STIM=q
1668016	42	RESP=2
1682711	42	STIM=1
1690449	42	RESP=1
1701628	42	STIM=v
1704003	42	RESP=1
1718386	42	STIM=e
1721787	42	RESP=1
1736255	42	STIM=y
1741994	42	RESP=1
1752531	42	STIM=r
1759345	42	RESP=1
1768711	42	STIM=z
1772621	42	RESP=1
1787461	42	STIM=g
1792555	42	RESP=1
1802675	42	STIM=b
1806544	42	RESP=1
1818585	42	STIM=c
1823589	42	RESP=1
1835061	42	STIM=x
1838745	42	RESP=1
1852338	42	STIM=t
1856372	42	RESP=1
1871074	42	STIM=z
1878086	42	RESP=1
1889956	42	STIM=y
1897433	42	RESP=1
1906445	42	STIM=c
1910824	42	RESP=1
1923500	42	STIM=s
1926382	42	RESP=1
1938557	42	STIM=i
1942209	42	RESP=1
1956152	42	STIM=q
1961282	42	RESP=1
1972368	42	STIM=6
1977059	42	RESP=2
1990529	42	STIM=i
1996849	42	RESP=1
2007545	42	STIM=3
2013732	42	RESP=2
2025032	42	STIM=o
2028876	42	RESP=1
2040430	42	STIM=t
2047398	42	RESP=1
2058413	42	STIM=4
2062843	42	RESP=2
2074299	42	STIM=x
2078081	42	RESP=1
2093127	42	STIM=m
2098846	42	RESP=1
2108596	42	STIM=y
2119379	42	RESP=1
2126499	42	STIM=j
2131000	42	RESP=1
2143617	42	STIM=s
2148252	42	RESP=1
2161978	42	STIM=b
2170188	42	RESP=1
2177073	42	STIM=w
2182994	42	RESP=1
2195256	42	STIM=m
2199246	42	RESP=1
2210362	42	STIM=b
2213440	42	RESP=1
2226943	42	STIM=d
2230853	42	RESP=1
2244172	42	STIM=o
2246995	42	RESP=1
2259347	42	STIM=d
2263618	42	RESP=1
2276889	42	STIM=o
2283571	42	RESP=1
2295418	42	STIM=a
2298357	42	RESP=1
2313722	42	STIM=a
2321580	42	RESP=1
2330266	42	STIM=c
2333906	42	RESP=1
2347249	42	STIM=9
2352822	42	RESP=2
2362402	42	STIM=1
2367249	42	RESP=2
2379722	42	STIM=j
2383836	42	RESP=1
2394862	42	STIM=f
2400625	42	RESP=1
2412590	42	STIM=b
2416409	42	RESP=1
2429120	42	STIM=t
2434567	42	RESP=1
2445986	42	STIM=h
2450109	42	RESP=1
2463685	42	STIM=d
2466931	42	RESP=1
2478893	42	STIM=o
2484147	42	RESP=1
2495036	42	STIM=a
2498347	42	RESP=1
2511764	42	STIM=7
2516136	42	RESP=2
2530578	42	STIM=e
2537940	42	RESP=1
2546255	42	STIM=h
2550285	42	RESP=1
2564579	42	STIM=0
2569347	42	RESP=2
2579819	42	STIM=o
2583492	42	RESP=1
2597318	42	STIM=l
2602123	42	RESP=1
2614195	42	STIM=w
2620466	42	RESP=1
2629446	42	STIM=l
2636178	42	RESP=1
2645481	42	STIM=6
2654572	42	RESP=2
2663444	42	STIM=m
2669714	42	RESP=1
2678465	42	STIM=o
2681559	42	RESP=1
2696164	42	STIM=k
2702498	42	RESP=1
2711855	42	STIM=n
2715657	42	RESP=1
2729089	42	STIM=t
2737226	42	RESP=1
2744406	42	STIM=f
2749822	42	RESP=1
2761741	42	STIM=a
2764292	42	RESP=1
2777698	42	STIM=p
2781791	42	RESP=2
2792856	42	STIM=q
2797431	42	RESP=1
2808856	42	STIM=n
2817317	42	RESP=1
2826185	42	STIM=a
2833202	42	RESP=1
2844805	42	STIM=w
2848175	42	RESP=1
2860087	42	STIM=t
2863684	42	RESP=1
2875464	42	STIM=4
2883148	42	RESP=2
2891108	42	STIM=c
2896419	42	RESP=1
2909265	42	STIM=i
2914879	42	RESP=1
2927932	42	STIM=r
2931289	42	RESP=1
2946719	42	STIM=w
2951933	42	RESP=1
2961857	42	STIM=1
2969363	42	RESP=2
2978550	42	STIM=7
2983734	42	RESP=1
2994116	42	STIM=g
3001879	42	RESP=1
3009289	42	STIM=t
3014467	42	RESP=1
3025282	42	STIM=3
3031462	42	RESP=2
3041087	42	STIM=h
3044765	42	RESP=1
3059260	42	STIM=f
3064714	42	RESP=1
3076661	42	STIM=f
3080044	42	RESP=1
3094774	42	STIM=v
3098890	42	RESP=1
3110433	42	STIM=6
3115339	42	RESP=2
3126689	42	STIM=8
3139112	42	RESP=2
3144887	42	STIM=h
3149407	42	RESP=1
3162745	42	STIM=s
3167935	42	RESP=1
3180879	42	STIM=8
3184567	42	RESP=2
3199682	42	STIM=j
3203410	42	RESP=1
3216096	42	STIM=h
3223596	42	RESP=1
3233165	42	STIM=9
3236896	42	RESP=2
3248874	42	STIM=8
3257115	42	RESP=1
3267120	42	STIM=p
3273885	42	RESP=1
3283285	42	STIM=d
3287731	42	RESP=1
3299209	42	STIM=8
3305761	42	RESP=2
3315263	42	STIM=w
3323461	42	RESP=1
3330521	42	STIM=8
3335145	42	RESP=2
3346580	42	STIM=m
3354981	42	RESP=1
3364442	42	STIM=e
3370070	42	RESP=1
3380482	42	STIM=q
3383219	42	RESP=1
3398438	42	STIM=r
3406394	42	RESP=1
3415908	42	STIM=u
3419487	42	RESP=1
3431678	42	STIM=9
3435793	42	RESP=2
3447267	42	STIM=m
3450749	42	RESP=1
3464831	42	STIM=1
3470016	42	RESP=2
3482348	42	STIM=z
3486254	42	RESP=1
3497704	42	STIM=f
3501404	42	RESP=1
3515652	42	STIM=2
3520711	42	RESP=1
3534622	42	STIM=4
3541760	42	RESP=2
3552538	42	STIM=x
3558982	42	RESP=1
3571311	42	STIM=b
3576368	42	RESP=2
3587424	42	STIM=s
3592241	42	RESP=1
3604025	42	STIM=1
3616413	42	RESP=2
3621086	42	STIM=2
3628300	42	RESP=2
3640013	42	STIM=z
3643640	42	RESP=1
3656225	42	STIM=u
3661590	42	RESP=1
3672485	42	STIM=u
3676004	42	RESP=1
3689627	42	STIM=k
3694159	42	RESP=1
3705328	42	STIM=l
3708302	42	RESP=1
3721436	42	STIM=i
3725675	42	RESP=1
3738370	42	STIM=r
3744145	42	RESP=1
3755125	42	STIM=z
3760172	42	RESP=1
3770515	42	STIM=0
3775378	42	RESP=2
3786836	42	STIM=o
3792056	42	RESP=1
3803852	42	STIM=f
3809317	42	RESP=2
3819619	42	STIM=p
3826430	42	RESP=1
3836057	42	STIM=r
3842693	42	RESP=1
3853071	42	STIM=z
3860477	42	RESP=1
3868889	42	STIM=f
3873597	42	RESP=1
3885006	42	STIM=w
3888580	42	RESP=1
3901251	42	STIM=a
3903976	42	RESP=1
3918509	42	STIM=y
3921851	42	RESP=1
3934474	42	STIM=2
3939331	42	RESP=1
3950903	42	STIM=e
3956116	42	RESP=1
3966995	42	STIM=a
3970766	42	RESP=1
3985884	42	STIM=x
3989065	42	RESP=1
4003233	42	STIM=v
4007027	42	RESP=1
4019137	42	STIM=b
4025178	42	RESP=1
4036088	42	STIM=a
4040117	42	RESP=1
4052733	42	STIM=p
4058375	42	RESP=1
4070430	42	STIM=y
4076131	42	RESP=1
4085515	42	STIM=p
4090695	42	RESP=2
4100790	42	STIM=a
4109808	42	RESP=1
4119564	42	STIM=k
4121912	42	RESP=1
4137633	42	STIM=4
4144144	42	RESP=2
4153590	42	STIM=7
4159094	42	RESP=2
4171391	42	STIM=e
4176652	42	RESP=1
4186607	42	STIM=c
4192580	42	RESP=1
4203029	42	STIM=v
4205464	42	RESP=1
4218255	42	STIM=z
4222532	42	RESP=1
4236686	42	STIM=v
4242633	42	RESP=1
4254032	42	STIM=n
4258497	42	RESP=1
4269438	42	STIM=s
4273760	42	RESP=1
4288318	42	STIM=n
4291591	42	RESP=1
4304134	42	STIM=n
4307739	42	RESP=1
4320572	42	STIM=w
4326673	42	RESP=1
4338146	42	STIM=0
4342829	42	RESP=2
4357087	42	STIM=f
4362564	42	RESP=1
4374533	42	STIM=v
4378956	42	RESP=1
4389711	42	STIM=l
4393653	42	RESP=1
4408436	42	STIM=6
4412387	42	RESP=2
4424650	42	STIM=i
4431848	42	RESP=1
4441704	42	STIM=k
4444786	42	RESP=1
4459478	42	STIM=h
4464861	42	RESP=1
4476137	42	STIM=n
4479881	42	RESP=1
4492190	42	STIM=m
4495668	42	RESP=1
4507877	42	STIM=b
4512019	42	RESP=1
4526594	42	STIM=z
4530926	42	RESP=1
4544740	42	STIM=a
4549541	42	RESP=1
4563235	42	STIM=j
4568604	42	RESP=1
4580979	42	STIM=p
4585940	42	RESP=1
4596571	42	STIM=8
4602880	42	RESP=2
4615389	42	STIM=h
4619145	42	RESP=1
4633579	42	STIM=i
4637575	42	RESP=1
4649095	42	STIM=o
4653263	42	RESP=1
4666641	42	STIM=g
4674769	42	RESP=1
4683911	42	STIM=x
4689987	42	RESP=1
4700739	42	STIM=y
4703744	42	RESP=1
4718578	42	STIM=d
4723575	42	RESP=1
4736533	42	STIM=n
4741190	42	RESP=1
4753270	42	STIM=e
4759956	42	RESP=1
4770483	42	STIM=w
4777410	42	RESP=1
4789363	42	STIM=v
4794379	42	RESP=1
4807187	42	STIM=2
4811465	42	RESP=2
4825170	42	STIM=m
4828940	42	RESP=1
4840839	42	STIM=g
4843455	42	RESP=1
4858642	42	STIM=p
4864529	42	RESP=1
4876446	42	STIM=g
4880495	42	RESP=1
4895228	42	STIM=1
4901308	42	RESP=2
4911858	42	STIM=2
4921960	42	RESP=2
4928681	42	STIM=9
4935223	42	RESP=2
4946919	42	STIM=q
4951595	42	RESP=1
4964604	42	STIM=u
4973765	42	RESP=1
4981014	42	STIM=p
4983391	42	RESP=1
4998542	42	STIM=4
5004142	42	RESP=2
5013902	42	STIM=s
5016420	42	RESP=1
5031116	42	STIM=v
5037006	42	RESP=1
5046581	42	STIM=z
5054892	42	RESP=1
5061729	42	STIM=q
5066257	42	RESP=1
5079167	42	STIM=3
5083450	42	RESP=2
5096706	42	STIM=u
5106815	42	RESP=1
5113243	42	STIM=g
5115980	42	RESP=1
5130968	42	STIM=u
5133964	42	RESP=1
5148963	42	STIM=r
5154416	42	RESP=1
5167274	42	STIM=l
5171818	42	RESP=1
5184463	42	STIM=j
5188457	42	RESP=1
5203190	42	STIM=d
5206157	42	RESP=1
5220914	42	STIM=i
5224564	42	RESP=1
5236082	42	STIM=d
5244542	42	RESP=1
5251346	42	STIM=0
5258053	42	RESP=2
5269956	42	STIM=a
5274117	42	RESP=1
5286464	42	STIM=h
5290499	42	RESP=1
5303969	42	STIM=k
5306963	42	RESP=1
5320194	42	STIM=q
5328272	42	RESP=1
5335816	42	STIM=s
5341415	42	RESP=1
5352278	42	STIM=y
5357031	42	RESP=1
5370508	42	STIM=o
5375440	42	RESP=1
5386605	42	STIM=e
5390150	42	RESP=1
5401876	42	STIM=w
5405198	42	RESP=1
5420042	42	STIM=r
5426182	42	RESP=1
5438120	42	STIM=2
5444441	42	RESP=2
5456840	42	STIM=q
5461585	42	RESP=2
5474371	42	STIM=q
5478630	42	RESP=1
5490771	42	STIM=5
5496174	42	RESP=2
5507460	42	STIM=g
5516297	42	RESP=1
5523027	42	STIM=s
5527224	42	RESP=1
5540318	42	STIM=j
5544668	42	RESP=1
5558166	42	STIM=u
5564748	42	RESP=1
5576153	42	STIM=g
5578973	42	RESP=1
5592564	42	STIM=c
5596886	42	RESP=1
5609515	42	STIM=5
5613974	42	RESP=2
5625191	42	STIM=c
5629007	42	RESP=1
5643703	42	STIM=3
5647522	42	RESP=2
5662187	42	STIM=b
5668483	42	RESP=1
5678236	42	STIM=j
5682981	42	RESP=1
5693719	42	STIM=e
5697561	42	RESP=1
5712425	42	STIM=r
5717831	42	RESP=1
5728577	42	STIM=z
5733342	42	RESP=2
5745852	42	STIM=s
5750808	42	RESP=1
5763730	42	STIM=r
5770479	42	RESP=1
5778731	42	STIM=e
5784325	42	RESP=1
5797128	42	STIM=z
5803447	42	RESP=1
5815060	42	STIM=v
5818902	42	RESP=1
5832852	42	STIM=a
5838710	42	RESP=1
5848587	42	STIM=f
5854178	42	RESP=1
5864989	42	STIM=i
5869065	42	RESP=1
5882171	42	STIM=c
5886003	42	RESP=1
5898210	42	STIM=m
5901632	42	RESP=1
5915870	42	STIM=n
5920883	42	RESP=1
5934428	42	STIM=9
5938513	42	RESP=2
5949900	42	STIM=b
5953014	42	RESP=1
5966903	42	STIM=1
5975110	42	RESP=2
5985363	42	STIM=g
5988945	42	RESP=1
6001636	42	STIM=v
6004839	42	RESP=1
6016899	42	STIM=p
6022027	42	RESP=1
6034148	42	STIM=m
6039542	42	RESP=1
6049784	42	STIM=k
6056590	42	RESP=1
6067980	42	STIM=h
6073996	42	RESP=1
6084157	42	STIM=s
6088464	42	RESP=1
6101252	42	STIM=f
6106327	42	RESP=1
6118250	42	STIM=9
6122729	42	RESP=2
6136437	42	STIM=7
6141529	42	RESP=2
6154734	42	STIM=k
6159347	42	RESP=2
6172079	42	STIM=h
6179697	42	RESP=1
6189260	42	STIM=s
6194729	42	RESP=1
6207827	42	STIM=k
6217116	42	RESP=1
6226558	42	STIM=z
6229428	42	RESP=1
6244217	42	STIM=q
6247665	42	RESP=1
6263185	42	STIM=h
6270100	42	RESP=1
6279827	42	STIM=c
6286003	42	RESP=1
6298082	42	STIM=g
6302639	42	RESP=1
6315640	42	STIM=h
6319411	42	RESP=1
6331807	42	STIM=9
6338043	42	RESP=2
6348849	42	STIM=2
6352673	42	RESP=2
6367345	42	STIM=0
6372485	42	RESP=2
6385175	42	STIM=c
6389257	42	RESP=1
6404173	42	STIM=m
6407456	42	RESP=1
6422213	42	STIM=m
6425366	42	RESP=1
6439064	42	STIM=i
6443012	42	RESP=1
6456018	42	STIM=y
6459955	42	RESP=1
6472266	42	STIM=b
6478232	42	RESP=1
6488474	42	STIM=k
6492069	42	RESP=1
6504681	42	STIM=a
6509088	42	RESP=1
6521736	42	STIM=j
6527482	42	RESP=1
6537313	42	STIM=4
6548187	42	RESP=2
6553906	42	STIM=v
6557352	42	RESP=1
6569734	42	STIM=5
6574339	42	RESP=2
6588566	42	STIM=g
6592105	42	RESP=1
6606557	42	STIM=u
6611897	42	RESP=1
6624683	42	STIM=f
6628621	42	RESP=1
6640822	42	STIM=j
6646785	42	RESP=1
6656734	42	STIM=m
6659954	42	RESP=1
6673062	42	STIM=i
6679552	42	RESP=2
6688424	42	STIM=s
6693178	42	RESP=1
6703516	42	STIM=v
6706930	42	RESP=1
6721763	42	STIM=h
6727065	42	RESP=1
6737311	42	STIM=g
6740296	42	RESP=1
6752314	42	STIM=s
6758000	42	RESP=1
6769341	42	STIM=f
6774434	42	RESP=1
6785085	42	STIM=g
6790293	42	RESP=1
6802025	42	STIM=u
6805529	42	RESP=1
6818515	42	STIM=b
6824248	42	RESP=1
6836031	42	STIM=h
6840427	42	RESP=1
6852608	42	STIM=h
6858944	42	RESP=1
6868842	42	STIM=f
6872988	42	RESP=1
6887218	42	STIM=o
6890546	42	RESP=1
6902406	42	STIM=s
6909508	42	RESP=1
6919902	42	STIM=6
6925251	42	RESP=1
6937013	42	STIM=l
6942042	42	RESP=1
6954528	42	STIM=2
6957866	42	RESP=2
6970251	42	STIM=5
6974317	42	RESP=2
6987411	42	STIM=w
6991144	42	RESP=1
7003612	42	STIM=d
7008745	42	RESP=1
7021321	42	STIM=8
7029005	42	RESP=2
7038325	42	STIM=z
7042261	42	RESP=1
7055322	42	STIM=z
7059502	42	RESP=1
7070624	42	STIM=x
7076078	42	RESP=1
7088103	42	STIM=m
7096059	42	RESP=1
7103422	42	STIM=7
7112451	42	RESP=2
7118567	42	STIM=8
7122663	42	RESP=2
7133700	42	STIM=x
7137517	42	RESP=1
7149248	42	STIM=l
7152158	42	RESP=1
7166319	42	STIM=p
7170998	42	RESP=1
7184138	42	STIM=u
7188837	42	RESP=1
7199320	42	STIM=9
7204019	42	RESP=2
7215106	42	STIM=t
7220557	42	RESP=1
7231098	42	STIM=p
7237488	42	RESP=1
7247108	42	STIM=x
7254129	42	RESP=1
7264146	42	STIM=t
7269814	42	RESP=1
7281263	42	STIM=9
7285708	42	RESP=1
7297043	42	STIM=p
7302813	42	RESP=1
7314032	42	STIM=i
7319795	42	RESP=1
7331470	42	STIM=b
7338913	42	RESP=1
7349386	42	STIM=r
7355030	42	RESP=1
7367085	42	STIM=3
7371140	42	RESP=2
7385236	42	STIM=s
7389010	42	RESP=1
7402718	42	STIM=x
7406366	42	RESP=1
7421617	42	STIM=3
7428273	42	RESP=2
7437009	42	STIM=5
7445996	42	RESP=2
7453755	42	STIM=n
7456773	42	RESP=1
7468943	42	STIM=h
7473321	42	RESP=1
7484906	42	STIM=j
7490095	42	RESP=1
7500812	42	STIM=5
7505503	42	RESP=2
7517377	42	STIM=x
7522561	42	RESP=1
7535293	42	STIM=w
7539257	42	RESP=1
7550634	42	STIM=h
7558589	42	RESP=2
7568673	42	STIM=v
7574905	42	RESP=1
7587582	42	STIM=j
7591815	42	RESP=1
7603558	42	STIM=t
7609315	42	RESP=1
7619442	42	STIM=a
7623828	42	RESP=1
7635938	42	STIM=u
7641566	42	RESP=1
7654043	42	STIM=b
7657505	42	RESP=1
7671994	42	STIM=s
7676379	42	RESP=1
7687986	42	STIM=3
7693569	42	RESP=2
7706147	42	STIM=9
7711780	42	RESP=2
7725009	42	STIM=q
7727398	42	RESP=1
7741931	42	STIM=h
7748875	42	RESP=1
7760429	42	STIM=j
7764460	42	RESP=1
7777561	42	STIM=6
7784647	42	RESP=2
7793625	42	STIM=t
7800324	42	RESP=1
7811978	42	STIM=f
7816598	42	RESP=1
7828455	42	STIM=k
7832986	42	RESP=1
7845945	42	STIM=w
7849795	42	RESP=1
7862059	42	STIM=8
7867498	42	RESP=2
7878779	42	STIM=p
7884298	42	RESP=1
7894351	42	STIM=n
7897691	42	RESP=1
7911123	42	STIM=u
7917325	42	RESP=1
7926327	42	STIM=c
7930274	42	RESP=1
7945319	42	STIM=m
7950401	42	RESP=1
7961707	42	STIM=d
7969366	42	RESP=2
7980367	42	STIM=o
7984654	42	RESP=1
7996504	42	STIM=d
8001618	42	RESP=1
8015209	42	STIM=e
8021301	42	RESP=1
8033211	42	STIM=r
8039770	42	RESP=1
8051128	42	STIM=m
8056859	42	RESP=1
8068528	42	STIM=4
8073199	42	RESP=1
8083768	42	STIM=3
8088956	42	RESP=2
8100751	42	STIM=u
8104718	42	RESP=1
8118536	42	STIM=g
8125493	42	RESP=1
8135989	42	STIM=j
8141199	42	RESP=1
8154488	42	STIM=y
8157460	42	RESP=2
8169941	42	STIM=v
8176672	42	RESP=1
8187344	42	STIM=k
8195269	42	RESP=1
8202448	42	STIM=m
8206399	42	RESP=1
8219968	42	STIM=a
8225415	42	RESP=1
8235560	42	STIM=f
8241721	42	RESP=1
8251157	42	STIM=t
8258071	42	RESP=1
8266433	42	STIM=6
8272392	42	RESP=2
8284295	42	STIM=e
8287578	42	RESP=1
8300122	42	STIM=k
8307327	42	RESP=1
8317606	42	STIM=i
8322919	42	RESP=1
8334441	42	STIM=w
8342077	42	RESP=1
8349996	42	STIM=t
8354027	42	RESP=1
8366908	42	STIM=y
8371990	42	RESP=1
8384626	42	STIM=j
8392284	42	RESP=1
8401197	42	STIM=o
8405505	42	RESP=1
8419654	42	STIM=x
8422878	42	RESP=1
8437107	42	STIM=q
8442881	42	RESP=1
8453861	42	STIM=0
8457779	42	RESP=2
8470267	42	STIM=0
8473582	42	RESP=2
8488916	42	STIM=u
8496022	42	RESP=1
8505644	42	STIM=8
8509680	42	RESP=2
8520682	42	STIM=l
8523016	42	RESP=1
8539153	42	STIM=t
8545697	42	RESP=1
8555014	42	STIM=9
8561054	42	RESP=2
8573905	42	STIM=8
8579877	42	RESP=2
8589948	42	STIM=o
8598780	42	RESP=1
8605768	42	STIM=p
8617628	42	RESP=1
8621368	42	STIM=4
8627919	42	RESP=2
8639109	42	STIM=7
8644857	42	RESP=2
8657059	42	STIM=2
8663091	42	RESP=2
8672535	42	STIM=x
8675864	42	RESP=1
8690366	42	STIM=c
8698850	42	RESP=1
8708654	42	STIM=w
8712879	42	RESP=1
8723887	42	STIM=l
8727756	42	RESP=1
8740155	42	STIM=s
8743499	42	RESP=1
8758915	42	STIM=6
8768104	42	RESP=2
8775483	42	STIM=q
8778753	42	RESP=1
8791884	42	STIM=b
8795304	42	RESP=1
8809495	42	STIM=k
8814623	42	RESP=1
8826879	42	STIM=k
8830451	42	RESP=1
8843170	42	STIM=l
8847334	42	RESP=1
8858192	42	STIM=k
8864285	42	RESP=1
8876963	42	STIM=p
8882337	42	RESP=1
8894383	42	STIM=6
8899350	42	RESP=1
8911505	42	STIM=a
8921329	42	RESP=1
8929644	42	STIM=x
8933257	42	RESP=1
8947959	42	STIM=m
8951686	42	RESP=1
8966660	42	STIM=n
8969653	42	RESP=1
8985621	42	STIM=k
8989073	42	RESP=1
9002913	42	STIM=j
9008885	42	RESP=1
9019482	42	STIM=i
9023594	42	RESP=1
9035538	42	STIM=4
9039211	42	RESP=1
9053273	42	STIM=i
9062111	42	RESP=1
9069553	42	STIM=v
9075303	42	RESP=1
9086197	42	STIM=k
9089759	42	RESP=1
9101311	42	STIM=d
9107413	42	RESP=1
9119542	42	STIM=t
9130730	42	RESP=1
9135752	42	STIM=m
9142420	42	RESP=1
9151744	42	STIM=4
9157601	42	RESP=2
9170359	42	STIM=a
9175499	42	RESP=1
9185999	42	STIM=r
9190246	42	RESP=1
9204825	42	STIM=3
9210152	42	RESP=2
9220842	42	STIM=3
9228082	42	RESP=2
9237004	42	STIM=r
9244663	42	RESP=1
9253334	42	STIM=7
9256922	42	RESP=2
9271346	42	STIM=7
9278553	42	RESP=1
9289637	42	STIM=n
9296418	42	RESP=2
9307551	42	STIM=a
9314448	42	RESP=1
9325202	42	STIM=z
9329933	42	RESP=1
9340285	42	STIM=m
9347196	42	RESP=1
9356458	42	STIM=m
9359714	42	RESP=1
9374166	42	STIM=w
9378836	42	RESP=1
9391963	42	STIM=b
9396853	42	RESP=1
9409508	42	STIM=g
9414018	42	RESP=1
9428453	42	STIM=r
9434467	42	RESP=1
9444765	42	STIM=d
9450954	42	RESP=1
9462077	42	STIM=t
9466399	42	RESP=1
9480134	42	STIM=l
9487452	42	RESP=1
9496724	42	STIM=h
9502862	42	RESP=1
9513665	42	STIM=y
9520243	42	RESP=1
9528700	42	STIM=i
9534729	42	RESP=1
9545365	42	STIM=m
9550325	42	RESP=1
9564145	42	STIM=b
9571540	42	RESP=1
9581199	42	STIM=y
9585379	42	RESP=1
9596715	42	STIM=h
9601124	42	RESP=1
9613497	42	STIM=x
9618413	42	RESP=1
9631640	42	STIM=z
9637640	42	RESP=1
9647519	42	STIM=k
9651930	42	RESP=1
9663861	42	STIM=e
9667894	42	RESP=1
9681350	42	STIM=g
9685086	42	RESP=1
9699010	42	STIM=a
9708956	42	RESP=1
9717314	42	STIM=v
9721538	42	RESP=1
9734503	42	STIM=p
9741943	42	RESP=1
9751923	42	STIM=l
9761052	42	RESP=1
9768231	42	STIM=4
9773524	42	RESP=2
9784720	42	STIM=0
9788615	42	RESP=2
9801879	42	STIM=w
9807170	42	RESP=1
9820527	42	STIM=9
9827146	42	RESP=2
9837402	42	STIM=g
9842200	42	RESP=1
9855202	42	STIM=g
9857855	42	RESP=1
9872786	42	STIM=j
9878332	42	RESP=1
9888129	42	STIM=g
9892608	42	RESP=1
9905476	42	STIM=x
9910044	42	RESP=1
9922573	42	STIM=b
9927319	42	RESP=1
9941057	42	STIM=d
9948681	42	RESP=1
9956618	42	STIM=k
9962580	42	RESP=1
9973075	42	STIM=m
9979950	42	RESP=1
9990310	42	STIM=l
9993558	42	RESP=2
10006542	42	STIM=x
10009233	42	RESP=1
10021703	42	STIM=6
10027681	42	RESP=2
10040003	42	STIM=4
10047053	42	RESP=2
10055653	42	STIM=6
10063424	42	RESP=2
10071983	42	STIM=w
10078277	42	RESP=1
10089296	42	STIM=c
10094401	42	RESP=1
10107102	42	STIM=c
10114419	42	RESP=1
10123046	42	STIM=m
10126245	42	RESP=2
10139510	42	STIM=n
10144734	42	RESP=1
10158357	42	STIM=y
10162701	42	RESP=1
10176995	42	STIM=o
10181333	42	RESP=1
10195419	42	STIM=u
10201281	42	RESP=1
10211291	42	STIM=6
10216371	42	RESP=2
10227032	42	STIM=y
10231185	42	RESP=1
10244893	42	STIM=2
10250288	42	RESP=2
10260006	42	STIM=r
10265898	42	RESP=1
10277186	42	STIM=j
10281048	42	RESP=1
10293450	42	STIM=7
10298000	42	RESP=2
10308726	42	STIM=i
10314363	42	RESP=1
10326600	42	STIM=q
10332488	42	RESP=1
10342774	42	STIM=p
10350966	42	RESP=1
10358396	42	STIM=l
10363252	42	RESP=1
10376447	42	STIM=a
10381140	42	RESP=1
10392697	42	STIM=v
10398281	42	RESP=1
10410528	42	STIM=2
10415304	42	RESP=2
10428639	42	STIM=c
10432384	42	RESP=1
10446867	42	STIM=b
10450424	42	RESP=1
10464307	42	STIM=f
10467638	42	RESP=2
10480433	42	STIM=v
10483120	42	RESP=1
10498323	42	STIM=8
10506453	42	RESP=1
10517250	42	STIM=8
10521798	42	RESP=2
10535460	42	STIM=m
10541952	42	RESP=1
10553683	42	STIM=7
10562782	42	RESP=2
10572188	42	STIM=5
10576319	42	RESP=2
10590222	42	STIM=n
10594481	42	RESP=1
10607457	42	STIM=x
10611098	42	RESP=1
10624234	42	STIM=w
10627128	42	RESP=1
10642348	42	STIM=v
10646937	42	RESP=2
10660049	42	STIM=c
10665706	42	RESP=1
10677198	42	STIM=f
10682512	42	RESP=2
10693951	42	STIM=m
10698561	42	RESP=1
10711683	42	STIM=c
10714962	42	RESP=1
10727217	42	STIM=2
10734751	42	RESP=2
10746039	42	STIM=x
10751510	42	RESP=1
10762123	42	STIM=r
10765223	42	RESP=1
10778299	42	STIM=1
10784752	42	RESP=2
10794185	42	STIM=c
10799261	42	RESP=1
10812740	42	STIM=s
10816257	42	RESP=1
10827802	42	STIM=l
10833807	42	RESP=1
10843180	42	STIM=r
10846920	42	RESP=1
10861737	42	STIM=v
10866242	42	RESP=1
10877548	42	STIM=2
10882809	42	RESP=2
10892567	42	STIM=m
10897307	42	RESP=1
10909507	42	STIM=4
10914721	42	RESP=2
10928063	42	STIM=r
10932545	42	RESP=1
10943879	42	STIM=g
10947168	42	RESP=1
10959009	42	STIM=u
10962771	42	RESP=1
10976064	42	STIM=q
10981136	42	RESP=1
10991395	42	STIM=z
10998606	42	RESP=1
11009590	42	STIM=4
11015344	42	RESP=2
11024796	42	STIM=t
11030931	42	RESP=1
11041223	42	STIM=n
11045645	42	RESP=1
11056978	42	STIM=7
11062150	42	RESP=2
11075755	42	STIM=4
11080661	42	RESP=2
11093142	42	STIM=u
11100618	42	RESP=1
11112082	42	STIM=4
11117861	42	RESP=2
11128465	42	STIM=8
11133803	42	RESP=2
11146446	42	STIM=y
11152790	42	RESP=1
11163022	42	STIM=i
11167058	42	RESP=1
11179750	42	STIM=o
11184689	42	RESP=1
11196908	42	STIM=u
11200835	42	RESP=1
11215666	42	STIM=m
11220878	42	RESP=1
11233825	42	STIM=k
11241732	42	RESP=1
11250769	42	STIM=s
11255828	42	RESP=1
11267436	42	STIM=s
11273109	42	RESP=1
11284960	42	STIM=r
11290307	42	RESP=2
11301667	42	STIM=z
11308375	42	RESP=1
11319028	42	STIM=d
11327213	42	RESP=1
11336858	42	STIM=f
11341502	42	RESP=1
11355575	42	STIM=9
11359259	42	RESP=2
11371707	42	STIM=8
11376530	42	RESP=2
11388543	42	STIM=2
11395477	42	RESP=2
11406177	42	STIM=1
11410384	42	RESP=2
11424108	42	STIM=k
11430744	42	RESP=1
11442979	42	STIM=n
11445997	42	RESP=1
11461005	42	STIM=4
11468234	42	RESP=2
11478986	42	STIM=d
11482464	42	RESP=1
11497313	42	STIM=g
11503122	42	RESP=1
11514365	42	STIM=p
11517128	42	RESP=1
11529781	42	STIM=y
11535066	42	RESP=1
11548247	42	STIM=i
11554421	42	RESP=2
11563764	42	STIM=e
11567058	42	RESP=1
11582044	42	STIM=w
11586867	42	RESP=1
11599955	42	STIM=l
11603554	42	RESP=1
11615739	42	STIM=r
11620298	42	RESP=1
11630741	42	STIM=e
11634922	42	RESP=1
11647894	42	STIM=1
11653807	42	RESP=2
11663295	42	STIM=w
11668991	42	RESP=1
11680717	42	STIM=v
11685111	42	RESP=1
11698458	42	STIM=w
11701216	42	RESP=1
11714868	42	STIM=i
11720545	42	RESP=1
11730387	42	STIM=f
11733308	42	RESP=1
11748005	42	STIM=p
11755253	42	RESP=1
11766458	42	STIM=c
11769976	42	RESP=1
11784260	42	STIM=1
11788583	42	RESP=2
11801897	42	STIM=o
11806172	42	RESP=1
11818093	42	STIM=m
11821719	42	RESP=1
11835372	42	STIM=l
11840104	42	RESP=1
11851023	42	STIM=m
11856835	42	RESP=2
11867985	42	STIM=3
11872131	42	RESP=2
11885203	42	STIM=m
11889746	42	RESP=2
11900432	42	STIM=a
11904157	42	RESP=1
11918686	42	STIM=y
11921811	42	RESP=1
11935554	42	STIM=t
11938914	42	RESP=1
11952221	42	STIM=h
11957026	42	RESP=1
11969875	42	STIM=3
11981065	42	RESP=2
11986529	42	STIM=8
11989918	42	RESP=2
12004843	42	STIM=o
12009990	42	RESP=1
12023769	42	STIM=m
12027527	42	RESP=1
12040075	42	STIM=d
12045081	42	RESP=1
12058322	42	STIM=2
12063484	42	RESP=2
12076689	42	STIM=j
12080012	42	RESP=1
12094655	42	STIM=q
12099102	42	RESP=1
12112490	42	STIM=i
12115246	42	RESP=1
12128987	42	STIM=b
12136590	42	RESP=1
12147257	42	STIM=r
12152303	42	RESP=1
12164943	42	STIM=r
12168458	42	RESP=1
12183916	42	STIM=o
12188478	42	RESP=1
12201316	42	STIM=v
12206144	42	RESP=1
12219348	42	STIM=d
12226566	42	RESP=1
12234525	42	STIM=9
12238105	42	RESP=1
12251518	42	STIM=f
12257532	42	RESP=1
12267010	42	STIM=k
12271716	42	RESP=1
12283506	42	STIM=y
12289672	42	RESP=1
12300782	42	STIM=k
12304823	42	RESP=1
12318982	42	STIM=j
12325234	42	RESP=1
12336936	42	STIM=m
12344534	42	RESP=1
12354840	42	STIM=d
12363347	42	RESP=1
12373130	42	STIM=4
12377062	42	RESP=2
12388335	42	STIM=t
12392360	42	RESP=1
12403934	42	STIM=k
12410125	42	RESP=1
12422153	42	STIM=u
12427056	42	RESP=1
12437159	42	STIM=6
12441891	42	RESP=2
12452527	42	STIM=i
12455347	42	RESP=1
12469077	42	STIM=z
12474005	42	RESP=1
12484321	42	STIM=4
12488909	42	RESP=2
12501437	42	STIM=3
12508736	42	RESP=2
12517395	42	STIM=1
12524081	42	RESP=1
12533875	42	STIM=q
12538914	42	RESP=1
12549566	42	STIM=u
12554305	42	RESP=1
12566481	42	STIM=4
12575277	42	RESP=2
12584366	42	STIM=1
12593588	42	RESP=2
12603306	42	STIM=v
12607165	42	RESP=1
12619003	42	STIM=0
12624375	42	RESP=2
12634164	42	STIM=f
12640791	42	RESP=1
12651643	42	STIM=h
12656814	42	RESP=1
12668559	42	STIM=h
12673966	42	RESP=1
12686199	42	STIM=e
12694852	42	RESP=1
12705110	42	STIM=9
12712185	42	RESP=2
12720954	42	STIM=6
12724385	42	RESP=2
12736436	42	STIM=z
12740253	42	RESP=1
12752138	42	STIM=f
12759459	42	RESP=1
12769910	42	STIM=k
12777537	42	RESP=1
12785824	42	STIM=o
12789243	42	RESP=1
12802493	42	STIM=g
12812928	42	RESP=1
12817562	42	STIM=4
12826117	42	RESP=2
12833202	42	STIM=g
12837843	42	RESP=1
12849309	42	STIM=u
12853351	42	RESP=1
12867692	42	STIM=e
12873346	42	RESP=1
12884266	42	STIM=u
12887567	42	RESP=1
12901830	42	STIM=6
12905866	42	RESP=2
12918297	42	STIM=z
12926301	42	RESP=1
12936988	42	STIM=c
12940714	42	RESP=1
12952337	42	STIM=o
12958972	42	RESP=1
12968491	42	STIM=l
12970947	42	RESP=1
12985282	42	STIM=s
12991298	42	RESP=1
13001964	42	STIM=h
13005907	42	RESP=1
13020055	42	STIM=r
13024676	42	RESP=1
13035212	42	STIM=j
13043253	42	RESP=1
13052592	42	STIM=h
13059520	42	RESP=1
13069740	42	STIM=e
13072868	42	RESP=1
13084888	42	STIM=1
13089466	42	RESP=2
13100970	42	STIM=n
13104197	42	RESP=1
13117723	42	STIM=i
13120174	42	RESP=1
13134980	42	STIM=9
13142185	42	RESP=2
13150792	42	STIM=k
13156825	42	RESP=1
13167131	42	STIM=i
13173904	42	RESP=1
13182400	42	STIM=6
13187647	42	RESP=1
13198324	42	STIM=h
13205677	42	RESP=1
13214819	42	STIM=r
13221507	42	RESP=1
13232428	42	STIM=6
13237313	42	RESP=2
13249337	42	STIM=7
13256443	42	RESP=2
13266717	42	STIM=r
13272443	42	RESP=1
13283522	42	STIM=b
13290713	42	RESP=1
13299046	42	STIM=9
13305839	42	RESP=2
13314305	42	STIM=k
13320044	42	RESP=1
13329594	42	STIM=4
13340118	42	RESP=2
13347130	42	STIM=r
13352513	42	RESP=1
13365574	42	STIM=p
13369603	42	RESP=1
13381312	42	STIM=c
13385425	42	RESP=1
13397278	42	STIM=3
13404679	42	RESP=2
13415209	42	STIM=a
13418811	42	RESP=2
13431796	42	STIM=v
13435666	42	RESP=1
13449315	42	STIM=s
13457077	42	RESP=1
13467961	42	STIM=q
13478501	42	RESP=1
13486309	42	STIM=8
13490263	42	RESP=2
13504050	42	STIM=y
13509836	42	RESP=1
13522967	42	STIM=u
13525441	42	RESP=1
13541161	42	STIM=g
13545287	42	RESP=1
13559177	42	STIM=0
13562962	42	RESP=2
13574715	42	STIM=3
13579397	42	RESP=2
13590710	42	STIM=t
13599560	42	RESP=1
13606996	42	STIM=4
13611884	42	RESP=2
13624777	42	STIM=d
13628751	42	RESP=1
13640006	42	STIM=a
13644079	42	RESP=1
13658606	42	STIM=c
13665463	42	RESP=1
13674925	42	STIM=a
13678512	42	RESP=1
13693070	42	STIM=f
13696543	42	RESP=1
13710742	42	STIM=s
13716871	42	RESP=1
13726006	42	STIM=h
13729736	42	RESP=1
13744051	42	STIM=r
13747503	42	RESP=1
13759350	42	STIM=0
13764975	42	RESP=1
13775193	42	STIM=3
13781835	42	RESP=2
13793494	42	STIM=2
13805732	42	RESP=2
13810742	42	STIM=f
13816917	42	RESP=1
13829459	42	STIM=3
13834556	42	RESP=2
13844714	42	STIM=h
13847834	42	RESP=1
13862798	42	STIM=u
13869335	42	RESP=1
13879786	42	STIM=o
13885570	42	RESP=1
13895737	42	STIM=8
13902529	42	RESP=2
13913206	42	STIM=v
13917842	42	RESP=1
13930126	42	STIM=1
13935537	42	RESP=2
13947145	42	STIM=k
13949708	42	RESP=1
13962659	42	STIM=u
13967361	42	RESP=1
13979529	42	STIM=d
13983718	42	RESP=1
13997399	42	STIM=7
14001032	42	RESP=2
14016077	42	STIM=6
14021768	42	RESP=2
14032854	42	STIM=y
14037619	42	RESP=1
14048267	42	STIM=v
14051370	42	RESP=1
14064413	42	STIM=h
14070348	42	RESP=1
14081951	42	STIM=4
14089798	42	RESP=2
14097295	42	STIM=p
14105034	42	RESP=1
14115902	42	STIM=c
14121074	42	RESP=1
14134386	42	STIM=e
14139872	42	RESP=1
14153088	42	STIM=v
14157997	42	RESP=1
14170276	42	STIM=7
14176799	42	RESP=2
14186183	42	STIM=n
14189990	42	RESP=1
14204217	42	STIM=b
14208435	42	RESP=1
14220814	42	STIM=i
14223973	42	RESP=1
14238801	42	STIM=k
14245726	42	RESP=1
14254563	42	STIM=u
14258725	42	RESP=1
14270913	42	STIM=v
14276578	42	RESP=1
14287305	42	STIM=i
14292322	42	RESP=1
14305453	42	STIM=h
14311134	42	RESP=1
14323116	42	STIM=f
14328613	42	RESP=1
14339192	42	STIM=e
14348347	42	RESP=1
14357857	42	STIM=p
14361840	42	RESP=1
14376848	42	STIM=o
14381942	42	RESP=1
14395500	42	STIM=n
14400694	42	RESP=1
14414104	42	STIM=i
14417626	42	RESP=1
14433060	42	STIM=j
14436533	42	RESP=1
14448398	42	STIM=r
14455730	42	RESP=2
14465607	42	STIM=m
14469791	42	RESP=1
14483767	42	STIM=3
14491975	42	RESP=2
14501499	42	STIM=c
14505034	42	RESP=1
14516741	42	STIM=g
14520913	42	RESP=1
14534624	42	STIM=3
14540138	42	RESP=2
14551411	42	STIM=i
14556324	42	RESP=1
14567630	42	STIM=e
14573235	42	RESP=1
14585696	42	STIM=c
14590741	42	RESP=1
14604240	42	STIM=c
14608007	42	RESP=1
14620724	42	STIM=p
14624505	42	RESP=1
14636603	42	STIM=k
14641141	42	RESP=1
14651823	42	STIM=f
14656838	42	RESP=1
14668572	42	STIM=j
14675068	42	RESP=1
14685471	42	STIM=w
14689944	42	RESP=1
14702758	42	STIM=1
14707833	42	RESP=1
14717791	42	STIM=h
14724045	42	RESP=1
14733707	42	STIM=m
14740870	42	RESP=1
14749309	42	STIM=i
14755056	42	RESP=1
14767647	42	STIM=l
14772592	42	RESP=1
14784633	42	STIM=v
14790330	42	RESP=1
14803060	42	STIM=c
14806437	42	RESP=1
14821948	42	STIM=6
14826909	42	RESP=2
14840652	42	STIM=f
14847087	42	RESP=1
14856852	42	STIM=6
14860304	42	RESP=1
14872022	42	STIM=4
14878980	42	RESP=2
14889312	42	STIM=r
14894977	42	RESP=1
14906487	42	STIM=i
14917654	42	RESP=1
14923524	42	STIM=w
14928149	42	RESP=1
14940213	42	STIM=2
14944959	42	RESP=2
14957782	42	STIM=e
14962227	42	RESP=1
14973486	42	STIM=z
14978847	42	RESP=1
14990969	42	STIM=1
14995112	42	RESP=1
15008028	42	STIM=7
15014369	42	RESP=2
15025994	42	STIM=0
15030460	42	RESP=2
15043049	42	STIM=g
15049142	42	RESP=1
15061368	42	STIM=u
15068105	42	RESP=1
15080029	42	STIM=2
15084159	42	RESP=2
15096561	42	STIM=3
15101064	42	RESP=2
15115036	42	STIM=m
15117665	42	RESP=1
15132475	42	STIM=k
15138153	42	RESP=1
15150561	42	STIM=j
15153730	42	RESP=1
15167187	42	STIM=m
15171737	42	RESP=1
15183905	42	STIM=m
15188913	42	RESP=1
15200779	42	STIM=m
15205262	42	RESP=1
15218249	42	STIM=l
15224867	42	RESP=1
15234097	42	STIM=j
15239205	42	RESP=1
15249722	42	STIM=t
15253099	42	RESP=1
15267481	42	STIM=x
15270410	42	RESP=1
15285240	42	STIM=m
15288690	42	RESP=1
15303005	42	STIM=c
15306603	42	RESP=1
15320924	42	STIM=3
15324848	42	RESP=2
15338928	42	STIM=h
15343182	42	RESP=1
15355284	42	STIM=a
15358759	42	RESP=1
15372110	42	STIM=s
15374916	42	RESP=1
15389282	42	STIM=j
15392543	42	RESP=1
15407800	42	STIM=a
15417533	42	RESP=1
15423712	42	STIM=j
15427088	42	RESP=1
15440393	42	STIM=d
15445057	42	RESP=1
15458922	42	STIM=m
15463786	42	RESP=1
15476832	42	STIM=e
15479992	42	RESP=1
15491959	42	STIM=r
15496304	42	RESP=1
15508334	42	STIM=o
15511135	42	RESP=1
15524749	42	STIM=x
15530955	42	RESP=1
15543378	42	STIM=a
15547356	42	RESP=1
15559514	42	STIM=8
15564915	42	RESP=2
15575694	42	STIM=y
15579765	42	RESP=1
15591523	42	STIM=s
15603701	42	RESP=1
15610347	42	STIM=v
15617233	42	RESP=1
15625544	42	STIM=k
15630588	42	RESP=1
15644236	42	STIM=6
15650945	42	RESP=1
15662925	42	STIM=8
15670498	42	RESP=2
15679024	42	STIM=r
15682072	42	RESP=1
15694580	42	STIM=j
15698621	42	RESP=1
15711650	42	STIM=i
15716258	42	RESP=1
15728789	42	STIM=f
15731762	42	RESP=1
15745264	42	STIM=w
15751249	42	RESP=1
15762495	42	STIM=c
15766200	42	RESP=1
15780822	42	STIM=j
15788600	42	RESP=1
15799023	42	STIM=3
15804933	42	RESP=2
15816276	42	STIM=x
15820316	42	RESP=1
15831727	42	STIM=x
15837015	42	RESP=1
15849637	42	STIM=b
15853778	42	RESP=1
15865205	42	STIM=z
15869693	42	RESP=1
15880286	42	STIM=l
15884537	42	RESP=1
15898190	42	STIM=m
15905876	42	RESP=1
15914768	42	STIM=l
15919452	42	RESP=1
15931588	42	STIM=m
15935182	42	RESP=1
15947280	42	STIM=m
15959195	42	RESP=2
15964157	42	STIM=w
15967502	42	RESP=1
15979309	42	STIM=5
15983385	42	RESP=2
15995759	42	STIM=j
16000663	42	RESP=1
16012839	42	STIM=q
16018010	42	RESP=1
16030336	42	STIM=2
16034947	42	RESP=2
16045801	42	STIM=6
16051867	42	RESP=2
16064364	42	STIM=l
16067983	42	RESP=1
16082470	42	STIM=s
16089732	42	RESP=1
16098240	42	STIM=l
16102616	42	RESP=1
16115060	42	STIM=6
16119021	42	RESP=2
16130395	42	STIM=c
16135795	42	RESP=1
16145819	42	STIM=v
16154391	42	RESP=1
16164623	42	STIM=x
16170401	42	RESP=1
16181768	42	STIM=c
16186924	42	RESP=2
16197729	42	STIM=q
16201990	42	RESP=1
16213088	42	STIM=y
16218829	42	RESP=1
16230081	42	STIM=o
16235175	42	RESP=1
16248036	42	STIM=g
16252103	42	RESP=1
16265642	42	STIM=9
16273125	42	RESP=2
16281142	42	STIM=y
16284968	42	RESP=1
16297626	42	STIM=y
16303055	42	RESP=1
16315606	42	STIM=p
16319376	42	RESP=1
16333118	42	STIM=a
16336342	42	RESP=1
16348732	42	STIM=f
16356054	42	RESP=1
16365310	42	STIM=2
16371035	42	RESP=1
16383627	42	STIM=f
16389267	42	RESP=1
16401823	42	STIM=x
16408765	42	RESP=1
16419839	42	STIM=q
16425248	42	RESP=1
16437712	42	STIM=x
16442403	42	RESP=1
16454560	42	STIM=g
16463665	42	RESP=1
16469595	42	STIM=b
16472292	42	RESP=1
16485918	42	STIM=f
16491290	42	RESP=1
16504477	42	STIM=p
16509402	42	RESP=1
16522511	42	STIM=n
16527680	42	RESP=2
16538595	42	STIM=z
16542734	42	RESP=2
16554979	42	STIM=d
16561321	42	RESP=1
16572228	42	STIM=4
16579083	42	RESP=2
16589298	42	STIM=s
16592189	42	RESP=1
16606059	42	STIM=g
16609622	42	RESP=1
16622955	42	STIM=a
16627689	42	RESP=1
16640966	42	STIM=l
16644044	42	RESP=1
16658231	42	STIM=g
16664581	42	RESP=1
16674785	42	STIM=6
16679440	42	RESP=2
16691576	42	STIM=i
16697067	42	RESP=1
16707504	42	STIM=9
16713461	42	RESP=2
16723752	42	STIM=m
16727747	42	RESP=1
16740416	42	STIM=5
16745821	42	RESP=2
16756441	42	STIM=i
16760489	42	RESP=1
16772647	42	STIM=f
16776161	42	RESP=1
16789455	42	STIM=w
16793227	42	RESP=1
16806132	42	STIM=o
16810306	42	RESP=1
16822876	42	STIM=y
16827218	42	RESP=1
16838373	42	STIM=q
16843809	42	RESP=2
16854587	42	STIM=g
16858245	42	RESP=1
16872850	42	STIM=y
16880427	42	RESP=1
16888878	42	STIM=m
16891979	42	RESP=1
16905716	42	STIM=v
16909536	42	RESP=1
16923494	42	STIM=s
16932690	42	RESP=1
16941511	42	STIM=p
16945885	42	RESP=1
16960105	42	STIM=h
16968738	42	RESP=1
16978245	42	STIM=z
16981360	42	RESP=1
16997163	42	STIM=s
17001757	42	RESP=1
17014644	42	STIM=l
17017868	42	RESP=1
17030821	42	STIM=i
17034883	42	RESP=1
17048630	42	STIM=k
17053717	42	RESP=1
17064245	42	STIM=4
17068896	42	RESP=2
17079321	42	STIM=0
17085845	42	RESP=2
17096429	42	STIM=i
17102586	42	RESP=1
17111764	42	STIM=x
17119683	42	RESP=1
17129020	42	STIM=x
17132430	42	RESP=1
17146252	42	STIM=8
17153719	42	RESP=2
17163219	42	STIM=l
17166945	42	RESP=1
17178885	42	STIM=h
17181990	42	RESP=1
17196403	42	STIM=2
17200438	42	RESP=2
17213915	42	STIM=3
17218109	42	RESP=2
17230881	42	STIM=k
17234201	42	RESP=1
17249107	42	STIM=g
17252268	42	RESP=1
17265191	42	STIM=m
17269144	42	RESP=2
17281385	42	STIM=z
17285442	42	RESP=1
17299677	42	STIM=h
17305990	42	RESP=1
17316273	42	STIM=q
17319848	42	RESP=1
17334068	42	STIM=y
17338637	42	RESP=1
17349911	42	STIM=z
17353582	42	RESP=1
17368203	42	STIM=3
17373932	42	RESP=2
17384104	42	STIM=u
17390544	42	RESP=1
17400620	42	STIM=i
17405506	42	RESP=1
17418548	42	STIM=z
17421800	42	RESP=1
17433760	42	STIM=4
17438184	42	RESP=2
17449948	42	STIM=m
17452487	42	RESP=1
17468008	42	STIM=l
17471021	42	RESP=1
17483392	42	STIM=p
17486987	42	RESP=1
17499458	42	STIM=0
17503245	42	RESP=2
17515103	42	STIM=6
17521155	42	RESP=2
17534064	42	STIM=6
17540556	42	RESP=1
17550294	42	STIM=5
17555562	42	RESP=2
17565761	42	STIM=y
17569985	42	RESP=1
17582245	42	STIM=x
17589257	42	RESP=1
17600289	42	STIM=q
17605633	42	RESP=1
17615450	42	STIM=t
17625865	42	RESP=1
17632724	42	STIM=l
17636161	42	RESP=1
17649290	42	STIM=9
17656258	42	RESP=2
17667220	42	STIM=j
17670792	42	RESP=1
17684233	42	STIM=h
17689015	42	RESP=1
17699288	42	STIM=x
17702354	42	RESP=1
17716489	42	STIM=a
17722669	42	RESP=1
17733827	42	STIM=y
17738826	42	RESP=1
17749017	42	STIM=n
17753907	42	RESP=1
17766992	42	STIM=p
17770458	42	RESP=1
17782905	42	STIM=h
17786126	42	RESP=1
17798961	42	STIM=2
17803697	42	RESP=2
17817673	42	STIM=z
17822219	42	RESP=1
17836158	42	STIM=g
17840170	42	RESP=1
17852453	42	STIM=o
17857027	42	RESP=1
17871310	42	STIM=p
17882407	42	RESP=1
17887140	42	STIM=2
17894384	42	RESP=2
17905971	42	STIM=q
17910239	42	RESP=1
17923671	42	STIM=p
17926863	42	RESP=1
17941283	42	STIM=e
17945894	42	RESP=1
17958876	42	STIM=h
17966201	42	RESP=1
17977152	42	STIM=2
17981798	42	RESP=1
17995030	42	STIM=r
18000296	42	RESP=1
18012932	42	STIM=i
18018548	42	RESP=1
18028001	42	STIM=v
18032567	42	RESP=1
18043211	42	STIM=9
18049212	42	RESP=2
18059931	42	STIM=m
18066339	42	RESP=1
18075166	42	STIM=r
18080523	42	RESP=1
18091198	42	STIM=e
18095906	42	RESP=1
18109885	42	STIM=q
18116460	42	RESP=1
18126749	42	STIM=j
18129978	42	RESP=1
18142784	42	STIM=w
18145636	42	RESP=1
18160244	42	STIM=v
18165062	42	RESP=1
18176114	42	STIM=m
18180883	42	RESP=1
18193884	42	STIM=a
18196945	42	RESP=1
18212799	42	STIM=c
18216917	42	RESP=1
18228703	42	STIM=7
18233691	42	RESP=1
18246361	42	STIM=g
18250263	42	RESP=1
18261637	42	STIM=8
18265077	42	RESP=2
18277089	42	STIM=u
18281032	42	RESP=1
18292730	42	STIM=f
18299014	42	RESP=1
18310203	42	STIM=e
18314498	42	RESP=1
18325455	42	STIM=z
18328749	42	RESP=1
18342244	42	STIM=z
18346256	42	RESP=1
18358203	42	STIM=1
18364693	42	RESP=2
18377069	42	STIM=j
18382152	42	RESP=1
18394486	42	STIM=n
18398593	42	RESP=1
18411205	42	STIM=9
18414579	42	RESP=2
18427358	42	STIM=u
18431985	42	RESP=2
18443794	42	STIM=t
18447296	42	RESP=1
18462540	42	STIM=q
18465639	42	RESP=1
18480622	42	STIM=l
18486001	42	RESP=1
18496085	42	STIM=c
18500918	42	RESP=1
18511607	42	STIM=b
18517221	42	RESP=1
18530523	42	STIM=t
18536028	42	RESP=2
18547296	42	STIM=e
18550633	42	RESP=1
18562732	42	STIM=8
18567623	42	RESP=2
18581370	42	STIM=6
18586971	42	RESP=2
18598816	42	STIM=v
18602503	42	RESP=1
18617573	42	STIM=1
18624330	42	RESP=2
18635077	42	STIM=j
18641381	42	RESP=1
18650946	42	STIM=d
18656714	42	RESP=1
18666492	42	STIM=c
18671769	42	RESP=1
18683062	42	STIM=w
18688988	42	RESP=1
18700714	42	STIM=d
18707580	42	RESP=1
18716331	42	STIM=k
18722216	42	RESP=1
18734486	42	STIM=s
18742278	42	RESP=1
18750591	42	STIM=u
18753424	42	RESP=1
18767863	42	STIM=a
18771693	42	RESP=1
18785263	42	STIM=m
18790518	42	RESP=1
18800505	42	STIM=z
18804110	42	RESP=1
18816992	42	STIM=d
18821882	42	RESP=1
18832196	42	STIM=f
18836940	42	RESP=1
18848984	42	STIM=f
18854457	42	RESP=1
18865402	42	STIM=i
18869880	42	RESP=1
18881362	42	STIM=w
18884271	42	RESP=1
18900270	42	STIM=8
18905287	42	RESP=2
18915573	42	STIM=0
18923095	42	RESP=1
18931925	42	STIM=u
18935517	42	RESP=1
18949781	42	STIM=c
18953944	42	RESP=1
18967340	42	STIM=9
18978351	42	RESP=2
18984478	42	STIM=l
18987319	42	RESP=1
19001738	42	STIM=e
19006855	42	RESP=1
19018084	42	STIM=y
19022779	42	RESP=1
19037012	42	STIM=3
19042013	42	RESP=2
19054644	42	STIM=l
19058638	42	RESP=1
19069991	42	STIM=w
19072683	42	RESP=1
19088698	42	STIM=i
19092844	42	RESP=1
19107106	42	STIM=u
19112693	42	RESP=1
19122784	42	STIM=z
19126024	42	RESP=1
19138511	42	STIM=5
19143294	42	RESP=2
19155801	42	STIM=c
19160895	42	RESP=1
19173886	42	STIM=h
19177544	42	RESP=1
19190080	42	STIM=x
19196999	42	RESP=1
19206302	42	STIM=3
19211064	42	RESP=2
19225228	42	STIM=b
19228090	42	RESP=2
19242548	42	STIM=f
19250302	42	RESP=1
19261403	42	STIM=l
19264220	42	RESP=1
19278759	42	STIM=3
19282123	42	RESP=2
19294427	42	STIM=l
19299111	42	RESP=1
19311024	42	STIM=z
19315574	42	RESP=1
19328856	42	STIM=2
19340097	42	RESP=2
19344825	42	STIM=f
19351081	42	RESP=1
19363315	42	STIM=f
19368945	42	RESP=1
19380661	42	STIM=1
19387657	42	RESP=2
19397029	42	STIM=r
19400134	42	RESP=1
19413466	42	STIM=s
19418925	42	RESP=1
19431972	42	STIM=1
19435247	42	RESP=2
19448446	42	STIM=l
19452128	42	RESP=1
19465944	42	STIM=7
19476782	42	RESP=2
19482040	42	STIM=z
19485218	42	RESP=1
19499019	42	STIM=v
19506239	42	RESP=1
19516424	42	STIM=p
19521490	42	RESP=1
19532871	42	STIM=o
19538400	42	RESP=1
19548115	42	STIM=1
19558149	42	RESP=2
19563842	42	STIM=x
19570611	42	RESP=1
19581577	42	STIM=l
19585584	42	RESP=1
19596781	42	STIM=j
19601193	42	RESP=1
19614758	42	STIM=z
19619883	42	RESP=1
19630085	42	STIM=c
19633061	42	RESP=1
19648613	42	STIM=v
19653178	42	RESP=2
19667256	42	STIM=z
19672920	42	RESP=1
19685923	42	STIM=e
19692182	42	RESP=1
19704450	42	STIM=7
19709305	42	RESP=2
19723025	42	STIM=c
19730831	42	RESP=2
19740570	42	STIM=k
19746224	42	RESP=1
19755573	42	STIM=d
19760918	42	RESP=1
19771604	42	STIM=5
19777303	42	RESP=2
19787057	42	STIM=9
19794374	42	RESP=2
19804257	42	STIM=i
19811082	42	RESP=1
19821081	42	STIM=t
19824719	42	RESP=1
19837006	42	STIM=2
19844769	42	RESP=2
19852294	42	STIM=k
19858403	42	RESP=1
19870730	42	STIM=p
19874483	42	RESP=1
19887341	42	STIM=n
19893412	42	RESP=1
19905115	42	STIM=i
19910557	42	RESP=1
19920536	42	STIM=b
19926076	42	RESP=1
19937580	42	STIM=e
19942828	42	RESP=1
19955649	42	STIM=x
19962330	42	RESP=1
19974049	42	STIM=j
19977485	42	RESP=1
19990004	42	STIM=v
19995949	42	RESP=1
20006911	42	STIM=g
20014670	42	RESP=1
20024269	42	STIM=r
20027655	42	RESP=1
20039771	42	STIM=y
20043396	42	RESP=1
20056267	42	STIM=1
20061699	42	RESP=2
20071342	42	STIM=r
20078462	42	RESP=1
20087759	42	STIM=t
20092467	42	RESP=1
20106446	42	STIM=x
20110918	42	RESP=1
20123082	42	STIM=k
20126499	42	RESP=1
20140617	42	STIM=b
20145042	42	RESP=1
20157189	42	STIM=5
20162228	42	RESP=2
20172316	42	STIM=t
20177166	42	RESP=1
20189404	42	STIM=x
20192083	42	RESP=1
20206732	42	STIM=x
20210786	42	RESP=1
20223834	42	STIM=z
20227314	42	RESP=1
20242823	42	STIM=h
20246272	42	RESP=1
20259985	42	STIM=5
20267818	42	RESP=2
20275647	42	STIM=v
20280391	42	RESP=1
20291522	42	STIM=d
20295305	42	RESP=1
20308525	42	STIM=i
20314641	42	RESP=1
20324956	42	STIM=o
20329606	42	RESP=1
20343625	42	STIM=a
20346272	42	RESP=1
20359212	42	STIM=4
20366068	42	RESP=2
20376162	42	STIM=r
20384476	42	RESP=1
20394231	42	STIM=h
20397930	42	RESP=1
20411678	42	STIM=1
20415218	42	RESP=2
20429751	42	STIM=e
20436604	42	RESP=1
20448489	42	STIM=f
20452964	42	RESP=1
20467260	42	STIM=g
20471594	42	RESP=1
20482464	42	STIM=d
20487011	42	RESP=1
20498571	42	STIM=p
20504303	42	RESP=1
20514641	42	STIM=r
20518985	42	RESP=2
20531696	42	STIM=y
20535722	42	RESP=1
20547019	42	STIM=t
20550058	42	RESP=1
20562572	42	STIM=i
20565998	42	RESP=1
20578399	42	STIM=d
20585618	42	RESP=1
20594631	42	STIM=o
20598557	42	RESP=1
20612290	42	STIM=r
20616041	42	RESP=1
20630534	42	STIM=8
20634912	42	RESP=2
20647007	42	STIM=m
20650304	42	RESP=1
20664198	42	STIM=n
20666840	42	RESP=1
20680680	42	STIM=1
20685275	42	RESP=2
20697461	42	STIM=3
20702710	42	RESP=2
20713352	42	STIM=m
20715933	42	RESP=1
20730286	42	STIM=p
20735348	42	RESP=1
20746187	42	STIM=y
20750547	42	RESP=1
20763430	42	STIM=l
20766176	42	RESP=1
20778475	42	STIM=p
20782831	42	RESP=1
20795097	42	STIM=j
20802071	42	RESP=1
20810576	42	STIM=s
20817135	42	RESP=1
20826489	42	STIM=n
20833987	42	RESP=1
20841672	42	STIM=q
20848326	42	RESP=1
20860143	42	STIM=8
20866675	42	RESP=2
20876578	42	STIM=c
20882213	42	RESP=1
20893845	42	STIM=k
20899449	42	RESP=1
20910175	42	STIM=o
20913760	42	RESP=1
20927445	42	STIM=j
20937614	42	RESP=1
20944190	42	STIM=z
20951590	42	RESP=1
20960416	42	STIM=x
20964377	42	RESP=1
20977440	42	STIM=v
20984201	42	RESP=1
20993646	42	STIM=l
21000422	42	RESP=1
21008864	42	STIM=g
21013613	42	RESP=1
21024774	42	STIM=8
21028624	42	RESP=2
21041223	42	STIM=9
21046892	42	RESP=1
21056314	42	STIM=6
21062513	42	RESP=1
21071763	42	STIM=n
21075799	42	RESP=1
21090108	42	STIM=q
21093377	42	RESP=1
21108200	42	STIM=y
21113454	42	RESP=1
21123832	42	STIM=m
21128383	42	RESP=1
21139908	42	STIM=d
21143075	42	RESP=1
21156045	42	STIM=l
21167590	42	RESP=1
21172277	42	STIM=0
21179604	42	RESP=2
21187867	42	STIM=j
21194622	42	RESP=1
21202939	42	STIM=a
21209553	42	RESP=1
21221139	42	STIM=b
21227109	42	RESP=1
21236460	42	STIM=8
21243607	42	RESP=2
21254331	42	STIM=x
21260472	42	RESP=1
21271222	42	STIM=w
21276638	42	RESP=1
21287983	42	STIM=1
21291788	42	RESP=2
21304622	42	STIM=n
21308716	42	RESP=1
21319754	42	STIM=o
21322610	42	RESP=1
21335082	42	STIM=u
21340859	42	RESP=1
21350540	42	STIM=g
21354758	42	RESP=1
21368070	42	STIM=u
21373461	42	RESP=1
21383502	42	STIM=7
21390883	42	RESP=2
21399002	42	STIM=r
21403938	42	RESP=1
21414186	42	STIM=p
21419510	42	RESP=1
21431535	42	STIM=q
21435520	42	RESP=1
21450120	42	STIM=o
21457717	42	RESP=1
21466066	42	STIM=x
21471478	42	RESP=1
21482294	42	STIM=i
21489004	42	RESP=1
21500804	42	STIM=d
21505325	42	RESP=1
21517957	42	STIM=v
21522853	42	RESP=1
21535911	42	STIM=i
21540155	42	RESP=1
21551540	42	STIM=a
21555447	42	RESP=1
21567503	42	STIM=v
21573199	42	RESP=1
21585212	42	STIM=u
21591136	42	RESP=1
21603062	42	STIM=k
21607196	42	RESP=2
21618664	42	STIM=i
21622065	42	RESP=1
21637275	42	STIM=u
21641823	42	RESP=1
21652579	42	STIM=v
21655028	42	RESP=1
21668445	42	STIM=p
21672303	42	RESP=1
21687443	42	STIM=6
21692298	42	RESP=1
21703418	42	STIM=b
21715025	42	RESP=1
