# Original filename: 0022_FJD_2016-10-19.log
# Time unit: 100 us
# RARECAT=digit
#
# Time	HHGG	Event
35334	42	STIM=a
44409	42	RESP=1
53464	42	STIM=2
59131	42	RESP=2
71608	42	STIM=t
75319	42	RESP=1
88067	42	STIM=z
91075	42	RESP=1
104528	42	STIM=l
111108	42	RESP=1
121049	42	STIM=w
129122	42	RESP=1
136463	42	STIM=t
148344	42	RESP=1
154149	42	STIM=w
159652	42	RESP=1
169216	42	STIM=e
172187	42	RESP=1
185434	42	STIM=q
192495	42	RESP=1
200728	42	STIM=4
205988	42	RESP=2
217152	42	STIM=g
220067	42	RESP=1
232190	42	STIM=g
242089	42	RESP=1
248416	42	STIM=3
254276	42	RESP=2
267212	42	STIM=n
271266	42	RESP=1
283811	42	STIM=n
289058	42	RESP=1
299968	42	STIM=v
304542	42	RESP=1
318774	42	STIM=q
325504	42	RESP=1
335498	42	STIM=m
339237	42	RESP=1
352677	42	STIM=z
359041	42	RESP=1
371560	42	STIM=2
377644	42	RESP=2
388257	42	STIM=4
392564	42	RESP=2
404175	42	STIM=k
409003	42	RESP=1
420237	42	STIM=a
431893	42	RESP=1
437555	42	STIM=m
440934	42	RESP=1
452932	42	STIM=k
460330	42	RESP=1
469387	42	STIM=c
478117	42	RESP=1
486925	42	STIM=n
492150	42	RESP=1
504140	42	STIM=y
507790	42	RESP=1
520086	42	STIM=f
522567	42	RESP=1
536451	42	STIM=l
543394	42	RESP=1
554218	42	STIM=1
558522	42	RESP=2
569729	42	STIM=o
576968	42	RESP=1
586841	42	STIM=m
590478	42	RESP=1
602063	42	STIM=i
609211	42	RESP=1
621047	42	STIM=z
626028	42	RESP=1
637662	42	STIM=c
641370	42	RESP=1
654678	42	STIM=t
663331	42	RESP=1
672389	42	STIM=y
677780	42	RESP=1
690281	42	STIM=b
693938	42	RESP=1
708544	42	STIM=a
715637	42	RESP=1
727242	42	STIM=x
738809	42	RESP=2
743655	42	STIM=2
750777	42	RESP=2
760862	42	STIM=p
766388	42	RESP=1
775887	42	STIM=h
780120	42	RESP=1
793930	42	STIM=3
799304	42	RESP=2
810943	42	STIM=l
821154	42	RESP=1
827205	42	STIM=a
841741	42	RESP=1
845171	42	STIM=b
852619	42	RESP=1
862397	42	STIM=y
866215	42	RESP=1
878784	42	STIM=7
883042	42	RESP=2
896012	42	STIM=e
900286	42	RESP=1
913792	42	STIM=e
917987	42	RESP=1
929935	42	STIM=x
934286	42	RESP=1
944977	42	STIM=1
949488	42	RESP=2
960269	42	STIM=f
965583	42	RESP=1
977746	42	STIM=s
987756	42	RESP=1
994538	42	STIM=z
999065	42	RESP=1
1013065	42	STIM=h
1019792	42	RESP=1
1031745	42	STIM=f
1037056	42	RESP=2
1048605	42	STIM=5
1053606	42	RESP=1
1066297	42	STIM=h
1070617	42	RESP=1
1083426	42	STIM=u
1092792	42	RESP=1
1099381	42	STIM=k
1106472	42	RESP=1
1115944	42	STIM=m
1123177	42	RESP=2
1131570	42	STIM=i
1138261	42	RESP=1
1149768	42	STIM=0
1154676	42	RESP=2
1168166	42	STIM=l
1173600	42	RESP=1
1183724	42	STIM=l
1190780	42	RESP=1
1201253	42	STIM=l
1209829	42	RESP=1
1217311	42	STIM=h
1220502	42	RESP=1
1235578	42	STIM=v
1240863	42	RESP=1
1252132	42	STIM=h
1257343	42	RESP=1
1267443	42	STIM=g
1274953	42	RESP=1
1284761	42	STIM=i
1290499	42	RESP=1
1301266	42	STIM=w
1307434	42	RESP=2
1317610	42	STIM=x
1321466	42	RESP=1
1333763	42	STIM=a
1339592	42	RESP=1
1352013	42	STIM=z
1358376	42	RESP=1
1368640	42	STIM=y
1382282	42	RESP=1
1384708	42	STIM=f
1390110	42	RESP=1
1402550	42	STIM=n
1405410	42	RESP=1
1417988	42	STIM=d
1422513	42	RESP=1
1433864	42	STIM=v
1437660	42	RESP=1
1451212	42	STIM=w
1462068	42	RESP=1
1466410	42	STIM=h
1469995	42	RESP=1
1484014	42	STIM=v
1488042	42	RESP=1
1500602	42	STIM=5
1510019	42	RESP=2
1516600	42	STIM=p
1520491	42	RESP=1
1533298	42	STIM=2
1541756	42	RESP=2
1551673	42	STIM=k
1558948	42	RESP=1
1570290	42	STIM=u
1577121	42	RESP=1
1585675	42	STIM=i
1588913	42	RESP=1
1602170	42	STIM=e
1605300	42	RESP=1
1621142	42	STIM=x
1624738	42	RESP=1
1639389	42	STIM=4
1646681	42	RESP=2
1658050	42	STIM=p
1662404	42	RESP=1
1674174	42	STIM=o
1680924	42	RESP=1
1689411	42	STIM=m
1692707	42	RESP=1
1704704	42	STIM=h
1708472	42	RESP=1
1721091	42	STIM=8
1730370	42	RESP=2
1738489	42	STIM=0
1744187	42	RESP=2
1755996	42	STIM=4
1763016	42	RESP=2
1771040	42	STIM=g
1778546	42	RESP=1
1786550	42	STIM=w
1791534	42	RESP=1
1804589	42	STIM=4
1810774	42	RESP=1
1820765	42	STIM=0
1827107	42	RESP=1
1836142	42	STIM=r
1844525	42	RESP=1
1852521	42	STIM=h
1856950	42	RESP=1
1868071	42	STIM=m
1877672	42	RESP=1
1885495	42	STIM=2
1890489	42	RESP=1
1902519	42	STIM=q
1910373	42	RESP=2
1919192	42	STIM=l
1925651	42	RESP=1
1935525	42	STIM=d
1938909	42	RESP=1
1952091	42	STIM=a
1956354	42	RESP=1
1967548	42	STIM=i
1972023	42	RESP=1
1986326	42	STIM=q
1993290	42	RESP=1
2005123	42	STIM=m
2013626	42	RESP=1
2021457	42	STIM=k
2025705	42	RESP=1
2036679	42	STIM=m
2042723	42	RESP=1
2053418	42	STIM=2
2068248	42	RESP=2
2072055	42	STIM=b
2076539	42	RESP=1
2088579	42	STIM=3
2096277	42	RESP=2
2104690	42	STIM=p
2109331	42	RESP=1
2121482	42	STIM=k
2129423	42	RESP=1
2139529	42	STIM=3
2146946	42	RESP=2
2155328	42	STIM=j
2160646	42	RESP=1
2171909	42	STIM=d
2175637	42	RESP=1
2189667	42	STIM=o
2199026	42	RESP=1
2204865	42	STIM=1
2216889	42	RESP=2
2220023	42	STIM=w
2227016	42	RESP=1
2236765	42	STIM=8
2242317	42	RESP=2
2254782	42	STIM=f
2257982	42	RESP=1
2270513	42	STIM=1
2278389	42	RESP=2
2286135	42	STIM=8
2293731	42	RESP=2
2301217	42	STIM=f
2305422	42	RESP=2
2316957	42	STIM=b
2321794	42	RESP=1
2332259	42	STIM=i
2335953	42	RESP=1
2347535	42	STIM=2
2352657	42	RESP=2
2366049	42	STIM=e
2372321	42	RESP=1
2383458	42	STIM=c
2389047	42	RESP=2
2402003	42	STIM=7
2406479	42	RESP=1
2417935	42	STIM=5
2423923	42	RESP=2
2433172	42	STIM=f
2436168	42	RESP=1
2449131	42	STIM=p
2454020	42	RESP=1
2466554	42	STIM=c
2470926	42	RESP=1
2482749	42	STIM=f
2489562	42	RESP=1
2500376	42	STIM=v
2505633	42	RESP=1
2518914	42	STIM=q
2522982	42	RESP=1
2536076	42	STIM=y
2540861	42	RESP=1
2551375	42	STIM=m
2557247	42	RESP=1
2566450	42	STIM=f
2569641	42	RESP=1
2582621	42	STIM=p
2586745	42	RESP=1
2600980	42	STIM=h
2605810	42	RESP=1
2619230	42	STIM=0
2623065	42	RESP=2
2637962	42	STIM=t
2642775	42	RESP=1
2654255	42	STIM=t
2661460	42	RESP=1
2670366	42	STIM=6
2674885	42	RESP=2
2687030	42	STIM=a
2691157	42	RESP=1
2703419	42	STIM=n
2707598	42	RESP=1
2721429	42	STIM=k
2729597	42	RESP=1
2736916	42	STIM=x
2745264	42	RESP=1
2755660	42	STIM=6
2763225	42	RESP=1
2774371	42	STIM=t
2779337	42	RESP=1
2790844	42	STIM=c
2797543	42	RESP=2
2807265	42	STIM=l
2817047	42	RESP=1
2825808	42	STIM=s
2830704	42	RESP=1
2843314	42	STIM=n
2851209	42	RESP=1
2859539	42	STIM=5
2868611	42	RESP=2
2876502	42	STIM=v
2881614	42	RESP=1
2892553	42	STIM=l
2897989	42	RESP=1
2911516	42	STIM=i
2918146	42	RESP=1
2926755	42	STIM=q
2930503	42	RESP=1
2944162	42	STIM=d
2952453	42	RESP=1
2961801	42	STIM=x
2967444	42	RESP=1
2977542	42	STIM=p
2983690	42	RESP=1
2993273	42	STIM=w
2996618	42	RESP=1
3011829	42	STIM=6
3020048	42	RESP=2
3027091	42	STIM=e
3033132	42	RESP=1
3044011	42	STIM=b
3048560	42	RESP=1
3062548	42	STIM=7
3073218	42	RESP=2
3081398	42	STIM=b
3088370	42	RESP=1
3098034	42	STIM=3
3105903	42	RESP=2
3116173	42	STIM=5
3122796	42	RESP=1
3134039	42	STIM=8
3140658	42	RESP=1
3150841	42	STIM=e
3155983	42	RESP=1
3168510	42	STIM=5
3176039	42	RESP=2
3183850	42	STIM=d
3189885	42	RESP=1
3199404	42	STIM=v
3205497	42	RESP=1
3216017	42	STIM=t
3220345	42	RESP=1
3232052	42	STIM=a
3235912	42	RESP=1
3250866	42	STIM=d
3256818	42	RESP=1
3268550	42	STIM=y
3273953	42	RESP=1
3286012	42	STIM=f
3290601	42	RESP=1
3303344	42	STIM=j
3310908	42	RESP=1
3320055	42	STIM=c
3323886	42	RESP=1
3337141	42	STIM=5
3343032	42	RESP=2
3352851	42	STIM=q
3357969	42	RESP=1
3369303	42	STIM=l
3372749	42	RESP=1
3386586	42	STIM=j
3390496	42	RESP=1
3405249	42	STIM=2
3410301	42	RESP=2
3422763	42	STIM=c
3433822	42	RESP=1
3441467	42	STIM=o
3447593	42	RESP=1
3458467	42	STIM=q
3461709	42	RESP=1
3475590	42	STIM=b
3479518	42	RESP=1
3492472	42	STIM=1
3499429	42	RESP=2
3510315	42	STIM=m
3515304	42	RESP=1
3527544	42	STIM=d
3532116	42	RESP=1
3544445	42	STIM=p
3552921	42	RESP=1
3562733	42	STIM=1
3568635	42	RESP=2
3579778	42	STIM=8
3583846	42	RESP=2
3595953	42	STIM=k
3602682	42	RESP=1
3614817	42	STIM=a
3620831	42	RESP=1
3633214	42	STIM=f
3640433	42	RESP=1
3651342	42	STIM=c
3659692	42	RESP=1
3668469	42	STIM=y
3672765	42	RESP=1
3684870	42	STIM=u
3694742	42	RESP=1
3701871	42	STIM=y
3706070	42	RESP=1
3719176	42	STIM=d
3727480	42	RESP=1
3737802	42	STIM=i
3743700	42	RESP=1
3753368	42	STIM=1
3759651	42	RESP=2
3768391	42	STIM=3
3779225	42	RESP=2
3784191	42	STIM=r
3790175	42	RESP=1
3802443	42	STIM=a
3809072	42	RESP=1
3818306	42	STIM=r
3822406	42	RESP=1
3835502	42	STIM=d
3839106	42	RESP=1
3852924	42	STIM=k
3858003	42	RESP=1
3869535	42	STIM=f
3872779	42	RESP=1
3885342	42	STIM=a
3889403	42	RESP=1
3904232	42	STIM=1
3914468	42	RESP=2
3922970	42	STIM=w
3925621	42	RESP=1
3940810	42	STIM=e
3944187	42	RESP=2
3958070	42	STIM=c
3960832	42	RESP=1
3976514	42	STIM=c
3982470	42	RESP=1
3992217	42	STIM=o
3997533	42	RESP=1
4010542	42	STIM=c
4017583	42	RESP=1
4028297	42	STIM=q
4031885	42	RESP=1
4043928	42	STIM=a
4048642	42	RESP=1
4059310	42	STIM=y
4064614	42	RESP=1
4076302	42	STIM=n
4079825	42	RESP=1
4091545	42	STIM=s
4096309	42	RESP=1
4109047	42	STIM=t
4114635	42	RESP=1
4124768	42	STIM=z
4128293	42	RESP=1
4143724	42	STIM=7
4148690	42	RESP=2
4161203	42	STIM=7
4166377	42	RESP=2
4178669	42	STIM=e
4181895	42	RESP=1
4194926	42	STIM=j
4199596	42	RESP=1
4210491	42	STIM=q
4214827	42	RESP=1
4229343	42	STIM=u
4235341	42	RESP=1
4245110	42	STIM=b
4251538	42	RESP=1
4262382	42	STIM=t
4267520	42	RESP=2
4278552	42	STIM=k
4282462	42	RESP=1
4293828	42	STIM=m
4298116	42	RESP=1
4310644	42	STIM=y
4313402	42	RESP=1
4327565	42	STIM=8
4341229	42	RESP=2
4345231	42	STIM=c
4348542	42	RESP=1
4360601	42	STIM=h
4366674	42	RESP=1
4377181	42	STIM=6
4381973	42	RESP=2
4395426	42	STIM=v
4400349	42	RESP=1
4411275	42	STIM=o
4420697	42	RESP=1
4427029	42	STIM=z
4431086	42	RESP=1
4444743	42	STIM=u
4448214	42	RESP=1
4461241	42	STIM=m
4465471	42	RESP=1
4476603	42	STIM=0
4482968	42	RESP=2
4492625	42	STIM=z
4498710	42	RESP=1
4511128	42	STIM=3
4517458	42	RESP=1
4528668	42	STIM=q
4531584	42	RESP=1
4547256	42	STIM=y
4552077	42	RESP=1
4563960	42	STIM=i
4571998	42	RESP=1
4581983	42	STIM=a
4585739	42	RESP=1
4599803	42	STIM=a
4603948	42	RESP=1
4616788	42	STIM=c
4620887	42	RESP=1
4631961	42	STIM=y
4636128	42	RESP=1
4649065	42	STIM=e
4652374	42	RESP=1
4667784	42	STIM=o
4672953	42	RESP=1
4682911	42	STIM=j
4686304	42	RESP=1
4700585	42	STIM=s
4703443	42	RESP=1
4718055	42	STIM=y
4727969	42	RESP=1
4733830	42	STIM=l
4736947	42	RESP=1
4751086	42	STIM=c
4758365	42	RESP=1
4767846	42	STIM=u
4771799	42	RESP=1
4784000	42	STIM=o
4789881	42	RESP=1
4800865	42	STIM=5
4805856	42	RESP=1
4819215	42	STIM=o
4825310	42	RESP=1
4836790	42	STIM=m
4842164	42	RESP=1
4855309	42	STIM=2
4861324	42	RESP=2
4874140	42	STIM=q
4877858	42	RESP=1
4889547	42	STIM=8
4896534	42	RESP=2
4905470	42	STIM=e
4911321	42	RESP=1
4923847	42	STIM=j
4929090	42	RESP=1
4939099	42	STIM=s
4947868	42	RESP=1
4954382	42	STIM=j
4959779	42	RESP=1
4970880	42	STIM=9
4978211	42	RESP=2
4987405	42	STIM=i
4992376	42	RESP=1
5004514	42	STIM=9
5010051	42	RESP=2
5022308	42	STIM=t
5029180	42	RESP=1
5038283	42	STIM=s
5044056	42	RESP=1
5053682	42	STIM=l
5058597	42	RESP=1
5070046	42	STIM=6
5076189	42	RESP=2
5086536	42	STIM=c
5093506	42	RESP=1
5102890	42	STIM=8
5112482	42	RESP=2
5118524	42	STIM=p
5122984	42	RESP=1
5133604	42	STIM=n
5138229	42	RESP=1
5148756	42	STIM=e
5155176	42	RESP=1
5166372	42	STIM=1
5172713	42	RESP=2
5182922	42	STIM=3
5188709	42	RESP=1
5199736	42	STIM=w
5205124	42	RESP=1
5215460	42	STIM=j
5221742	42	RESP=1
5234235	42	STIM=m
5238363	42	RESP=1
5250020	42	STIM=m
5256569	42	RESP=1
5266559	42	STIM=v
5272428	42	RESP=1
5281921	42	STIM=v
5289074	42	RESP=1
5297731	42	STIM=h
5308835	42	RESP=1
5313096	42	STIM=y
5322092	42	RESP=1
5331881	42	STIM=x
5335122	42	RESP=1
5348197	42	STIM=t
5355169	42	RESP=1
5364178	42	STIM=f
5378081	42	RESP=1
5380033	42	STIM=7
5387465	42	RESP=1
5396722	42	STIM=4
5406244	42	RESP=2
5413658	42	STIM=w
5417712	42	RESP=1
5431617	42	STIM=c
5436840	42	RESP=1
5447211	42	STIM=5
5454406	42	RESP=1
5462584	42	STIM=h
5468768	42	RESP=1
5478680	42	STIM=c
5482780	42	RESP=1
5496190	42	STIM=r
5500762	42	RESP=1
5512111	42	STIM=v
5517676	42	RESP=1
5529973	42	STIM=j
5535063	42	RESP=1
5546630	42	STIM=5
5552494	42	RESP=2
5564086	42	STIM=2
5568214	42	RESP=1
5579095	42	STIM=2
5583569	42	RESP=2
5595926	42	STIM=y
5600885	42	RESP=1
5611082	42	STIM=k
5616662	42	RESP=1
5627083	42	STIM=e
5633249	42	RESP=1
5645894	42	STIM=0
5657161	42	RESP=2
5662458	42	STIM=j
5673265	42	RESP=1
5678236	42	STIM=p
5681620	42	RESP=1
5694180	42	STIM=y
5697745	42	RESP=1
5710687	42	STIM=0
5718756	42	RESP=2
5729169	42	STIM=r
5732221	42	RESP=1
5746649	42	STIM=a
5750618	42	RESP=1
5764419	42	STIM=t
5774513	42	RESP=1
5782797	42	STIM=b
5787026	42	RESP=1
5801696	42	STIM=i
5810274	42	RESP=1
5820545	42	STIM=b
5829521	42	RESP=1
5836577	42	STIM=p
5839950	42	RESP=1
5853551	42	STIM=w
5857589	42	RESP=1
5868648	42	STIM=y
5876745	42	RESP=1
5886056	42	STIM=o
5890651	42	RESP=1
5902122	42	STIM=k
5907090	42	RESP=1
5919011	42	STIM=9
5923227	42	RESP=2
5936311	42	STIM=k
5942906	42	RESP=1
5954466	42	STIM=s
5961312	42	RESP=2
5970018	42	STIM=v
5977381	42	RESP=1
5988939	42	STIM=z
5994687	42	RESP=1
6004660	42	STIM=z
6010426	42	RESP=1
6020146	42	STIM=p
6029504	42	RESP=1
6038357	42	STIM=m
6044837	42	RESP=1
6055182	42	STIM=f
6059010	42	RESP=1
6072189	42	STIM=d
6080084	42	RESP=1
6087594	42	STIM=a
6093549	42	RESP=1
6103126	42	STIM=j
6107908	42	RESP=1
6118919	42	STIM=g
6127188	42	RESP=1
6135906	42	STIM=c
6143585	42	RESP=1
6151531	42	STIM=g
6155709	42	RESP=1
6167877	42	STIM=9
6174702	42	RESP=2
6184067	42	STIM=d
6188908	42	RESP=1
6199069	42	STIM=x
6203092	42	RESP=1
6217358	42	STIM=l
6222377	42	RESP=2
6234061	42	STIM=t
6241222	42	RESP=2
6252958	42	STIM=h
6258640	42	RESP=1
6268511	42	STIM=w
6272590	42	RESP=1
6284539	42	STIM=j
6289631	42	RESP=1
6302475	42	STIM=y
6305596	42	RESP=1
6318655	42	STIM=f
6323689	42	RESP=1
6335793	42	STIM=1
6341113	42	RESP=2
6352357	42	STIM=u
6356979	42	RESP=1
6370850	42	STIM=w
6378344	42	RESP=1
6388931	42	STIM=r
6393510	42	RESP=1
6406188	42	STIM=t
6409331	42	RESP=1
6424267	42	STIM=d
6434993	42	RESP=1
6439681	42	STIM=n
6444664	42	RESP=1
6456586	42	STIM=h
6460783	42	RESP=1
6473798	42	STIM=y
6477127	42	RESP=1
6489054	42	STIM=t
6492597	42	RESP=1
6504733	42	STIM=m
6508982	42	RESP=1
6522102	42	STIM=l
6526479	42	RESP=1
6540878	42	STIM=e
6545735	42	RESP=1
6557649	42	STIM=i
6566249	42	RESP=1
6574835	42	STIM=6
6580182	42	RESP=2
6590825	42	STIM=l
6596613	42	RESP=1
6607197	42	STIM=4
6613124	42	RESP=1
6624933	42	STIM=0
6631977	42	RESP=2
6640076	42	STIM=z
6646092	42	RESP=1
6657140	42	STIM=p
6662710	42	RESP=1
6672286	42	STIM=t
6679985	42	RESP=1
6688240	42	STIM=f
6693457	42	RESP=1
6706709	42	STIM=m
6710845	42	RESP=1
6725553	42	STIM=r
6729939	42	RESP=1
6743610	42	STIM=1
6750426	42	RESP=2
6760547	42	STIM=n
6767622	42	RESP=1
6778822	42	STIM=1
6786502	42	RESP=2
6797536	42	STIM=l
6802916	42	RESP=1
6815455	42	STIM=f
6822103	42	RESP=1
6834278	42	STIM=b
6840394	42	RESP=2
6852105	42	STIM=b
6856511	42	RESP=1
6868269	42	STIM=q
6871691	42	RESP=1
6886856	42	STIM=h
6891172	42	RESP=1
6904098	42	STIM=o
6914043	42	RESP=1
6920107	42	STIM=w
6927163	42	RESP=1
6935594	42	STIM=e
6944193	42	RESP=1
6951818	42	STIM=z
6956132	42	RESP=1
6969428	42	STIM=f
6972886	42	RESP=1
6988014	42	STIM=9
6992033	42	RESP=2
7004635	42	STIM=g
7014366	42	RESP=1
7021456	42	STIM=1
7027611	42	RESP=2
7038608	42	STIM=d
7043476	42	RESP=1
7057329	42	STIM=l
7064794	42	RESP=1
7073388	42	STIM=q
7076820	42	RESP=1
7089881	42	STIM=1
7097504	42	RESP=2
7106068	42	STIM=j
7109999	42	RESP=1
7124570	42	STIM=o
7131750	42	RESP=1
7141066	42	STIM=0
7147421	42	RESP=2
7159917	42	STIM=j
7164137	42	RESP=1
7176450	42	STIM=k
7181282	42	RESP=1
7192327	42	STIM=8
7201384	42	RESP=2
7207942	42	STIM=m
7211587	42	RESP=1
7225603	42	STIM=r
7231623	42	RESP=1
7242652	42	STIM=q
7250424	42	RESP=1
7258385	42	STIM=g
7263392	42	RESP=1
7275875	42	STIM=d
7280075	42	RESP=1
7291148	42	STIM=u
7295620	42	RESP=1
7307943	42	STIM=7
7313460	42	RESP=1
7326827	42	STIM=v
7330883	42	RESP=1
7344035	42	STIM=c
7350420	42	RESP=1
7359996	42	STIM=i
7364492	42	RESP=1
7375668	42	STIM=2
7382193	42	RESP=2
7391035	42	STIM=w
7396404	42	RESP=1
7409436	42	STIM=7
7421718	42	RESP=2
7424943	42	STIM=p
7429881	42	RESP=1
7441403	42	STIM=s
7445642	42	RESP=1
7458287	42	STIM=o
7462997	42	RESP=2
7473927	42	STIM=n
7482567	42	RESP=1
7492139	42	STIM=2
7497362	42	RESP=2
7510831	42	STIM=7
7518508	42	RESP=2
7529632	42	STIM=e
7535650	42	RESP=1
7546031	42	STIM=j
7549640	42	RESP=1
7563432	42	STIM=r
7566915	42	RESP=1
7581579	42	STIM=9
7589646	42	RESP=2
7597535	42	STIM=a
7602299	42	RESP=1
7614353	42	STIM=m
7618733	42	RESP=1
7633092	42	STIM=g
7640624	42	RESP=1
7650856	42	STIM=9
7660602	42	RESP=2
7668961	42	STIM=r
7675631	42	RESP=1
7687168	42	STIM=w
7694634	42	RESP=1
7702462	42	STIM=6
7712067	42	RESP=2
7717987	42	STIM=f
7721256	42	RESP=1
7733388	42	STIM=z
7740387	42	RESP=1
7751167	42	STIM=y
7756748	42	RESP=2
7766512	42	STIM=q
7771792	42	RESP=1
7781636	42	STIM=f
7792232	42	RESP=1
7799607	42	STIM=w
7806463	42	RESP=1
7816791	42	STIM=y
7823092	42	RESP=1
7835057	42	STIM=h
7840499	42	RESP=1
7850519	42	STIM=p
7854856	42	RESP=1
7866292	42	STIM=x
7874061	42	RESP=1
7882606	42	STIM=f
7887340	42	RESP=1
7899918	42	STIM=7
7906701	42	RESP=1
7915010	42	STIM=7
7918972	42	RESP=1
7933966	42	STIM=y
7938956	42	RESP=1
7951202	42	STIM=e
7955350	42	RESP=1
7969369	42	STIM=p
7974433	42	RESP=1
7984823	42	STIM=o
7990102	42	RESP=1
8000090	42	STIM=q
8003778	42	RESP=1
8018853	42	STIM=w
8025214	42	RESP=1
8036316	42	STIM=c
8040994	42	RESP=1
8053701	42	STIM=s
8058135	42	RESP=1
8071001	42	STIM=c
8076300	42	RESP=1
8088392	42	STIM=x
8093441	42	RESP=1
8103616	42	STIM=5
8108290	42	RESP=2
8118897	42	STIM=1
8127092	42	RESP=2
8135500	42	STIM=3
8141449	42	RESP=2
8152347	42	STIM=t
8160724	42	RESP=1
8168808	42	STIM=z
8173365	42	RESP=1
8184889	42	STIM=i
8200334	42	RESP=1
8202040	42	STIM=0
8206362	42	RESP=2
8218545	42	STIM=k
8223230	42	RESP=1
8235923	42	STIM=q
8242093	42	RESP=1
8253525	42	STIM=9
8261049	42	RESP=2
8269815	42	STIM=l
8273822	42	RESP=1
8285091	42	STIM=b
8288670	42	RESP=1
8300449	42	STIM=y
8306128	42	RESP=1
8318857	42	STIM=s
8325238	42	RESP=2
8335756	42	STIM=i
8340049	42	RESP=1
8354272	42	STIM=s
8362308	42	RESP=1
8371678	42	STIM=g
8378288	42	RESP=1
8389065	42	STIM=j
8392868	42	RESP=1
8407056	42	STIM=o
8411427	42	RESP=1
8425286	42	STIM=g
8429506	42	RESP=1
8441260	42	STIM=5
8447171	42	RESP=2
8459825	42	STIM=8
8464704	42	RESP=2
8477032	42	STIM=2
8482665	42	RESP=2
8495000	42	STIM=l
8499750	42	RESP=1
8512953	42	STIM=m
8519843	42	RESP=1
8530502	42	STIM=h
8533934	42	RESP=1
8547470	42	STIM=t
8552886	42	RESP=1
8563242	42	STIM=e
8567780	42	RESP=1
8578384	42	STIM=k
8585190	42	RESP=1
8594279	42	STIM=7
8599702	42	RESP=2
8611914	42	STIM=s
8616032	42	RESP=1
8629502	42	STIM=i
8633179	42	RESP=1
8644839	42	STIM=6
8650707	42	RESP=2
8660167	42	STIM=m
8667253	42	RESP=1
8678332	42	STIM=3
8686219	42	RESP=2
8696162	42	STIM=3
8703460	42	RESP=2
8712110	42	STIM=z
8717511	42	RESP=1
8727893	42	STIM=4
8733754	42	RESP=1
8743331	42	STIM=c
8749426	42	RESP=1
8762315	42	STIM=y
8765243	42	RESP=1
8779871	42	STIM=v
8784227	42	RESP=1
8796263	42	STIM=n
8800560	42	RESP=1
8811864	42	STIM=3
8818875	42	RESP=2
8827455	42	STIM=q
8832116	42	RESP=1
8846303	42	STIM=i
8852034	42	RESP=1
8863367	42	STIM=f
8869719	42	RESP=1
8880694	42	STIM=d
8888080	42	RESP=1
8899390	42	STIM=j
8904029	42	RESP=1
8917787	42	STIM=d
8923553	42	RESP=1
8932982	42	STIM=h
8935867	42	RESP=1
8949662	42	STIM=9
8955900	42	RESP=2
8965849	42	STIM=4
8970001	42	RESP=2
8982641	42	STIM=s
8987305	42	RESP=1
8998195	42	STIM=r
9004918	42	RESP=1
9015369	42	STIM=a
9019317	42	RESP=1
9032344	42	STIM=s
9039321	42	RESP=1
9051308	42	STIM=t
9055054	42	RESP=1
9070089	42	STIM=5
9075749	42	RESP=2
9086347	42	STIM=1
9092450	42	RESP=2
9103937	42	STIM=o
9109142	42	RESP=1
9121157	42	STIM=i
9124280	42	RESP=1
9137074	42	STIM=l
9141726	42	RESP=1
9153437	42	STIM=b
9159130	42	RESP=1
9171685	42	STIM=p
9179995	42	RESP=1
9187967	42	STIM=t
9193068	42	RESP=1
9203602	42	STIM=5
9208910	42	RESP=2
9219963	42	STIM=0
9224779	42	RESP=2
9236162	42	STIM=g
9244169	42	RESP=1
9252093	42	STIM=l
9255521	42	RESP=1
9269708	42	STIM=k
9274526	42	RESP=1
9285155	42	STIM=o
9294077	42	RESP=1
9302608	42	STIM=9
9308797	42	RESP=2
9318220	42	STIM=c
9324330	42	RESP=1
9334441	42	STIM=0
9341296	42	RESP=2
9351711	42	STIM=0
9358878	42	RESP=2
9369053	42	STIM=r
9372808	42	RESP=1
9386141	42	STIM=y
9394627	42	RESP=1
9401866	42	STIM=o
9404924	42	RESP=1
9418784	42	STIM=d
9425331	42	RESP=1
9433814	42	STIM=d
9438698	42	RESP=1
9449333	42	STIM=w
9456242	42	RESP=1
9464566	42	STIM=6
9472238	42	RESP=1
9480497	42	STIM=i
9487511	42	RESP=1
9498012	42	STIM=b
9505260	42	RESP=1
9513347	42	STIM=4
9518028	42	RESP=2
9529586	42	STIM=k
9539931	42	RESP=1
9547848	42	STIM=4
9558234	42	RESP=2
9564541	42	STIM=b
9570192	42	RESP=1
9582123	42	STIM=m
9588170	42	RESP=1
9600309	42	STIM=3
9611322	42	RESP=2
9617290	42	STIM=n
9625282	42	RESP=1
9636038	42	STIM=q
9642803	42	RESP=1
9651100	42	STIM=n
9658602	42	RESP=1
9666938	42	STIM=2
9674360	42	RESP=2
9683178	42	STIM=b
9687744	42	RESP=1
9700784	42	STIM=n
9704912	42	RESP=1
9717092	42	STIM=z
9723237	42	RESP=1
9732673	42	STIM=b
9738757	42	RESP=1
9747981	42	STIM=r
9754160	42	RESP=1
9765216	42	STIM=x
9769760	42	RESP=1
9780512	42	STIM=d
9784325	42	RESP=1
9798967	42	STIM=r
9803623	42	RESP=1
9817447	42	STIM=y
9822044	42	RESP=1
9834721	42	STIM=5
9846518	42	RESP=2
9850148	42	STIM=8
9855301	42	RESP=2
9866431	42	STIM=x
9871271	42	RESP=1
9883273	42	STIM=1
9887526	42	RESP=2
9900347	42	STIM=w
9906083	42	RESP=1
9918046	42	STIM=p
9923457	42	RESP=1
9934845	42	STIM=g
9943648	42	RESP=1
9949933	42	STIM=l
9956759	42	RESP=1
9966527	42	STIM=7
9970082	42	RESP=2
9984369	42	STIM=n
9997724	42	RESP=1
10000477	42	STIM=p
10005514	42	RESP=1
10018567	42	STIM=4
10023751	42	RESP=2
10035920	42	STIM=i
10042594	42	RESP=2
10054431	42	STIM=c
10058833	42	RESP=1
10070775	42	STIM=4
10076568	42	RESP=2
10086539	42	STIM=b
10095438	42	RESP=1
10104388	42	STIM=g
10108732	42	RESP=1
10122988	42	STIM=w
10127888	42	RESP=1
10139897	42	STIM=q
10144445	42	RESP=1
10155780	42	STIM=n
10163079	42	RESP=1
10174408	42	STIM=v
10179045	42	RESP=1
10193266	42	STIM=t
10197816	42	RESP=1
10211225	42	STIM=h
10213655	42	RESP=1
10228757	42	STIM=e
10236194	42	RESP=1
10245967	42	STIM=9
10251205	42	RESP=2
10262944	42	STIM=q
10266503	42	RESP=1
10280974	42	STIM=4
10286176	42	RESP=2
10298503	42	STIM=y
10302722	42	RESP=1
10315788	42	STIM=a
10319847	42	RESP=1
10332168	42	STIM=p
10342076	42	RESP=1
10349290	42	STIM=w
10352915	42	RESP=1
10365588	42	STIM=l
10371195	42	RESP=1
10381581	42	STIM=j
10385643	42	RESP=1
10397956	42	STIM=e
10403809	42	RESP=1
10414555	42	STIM=j
10420964	42	RESP=1
10430842	42	STIM=o
10434500	42	RESP=1
10448526	42	STIM=b
10452871	42	RESP=1
10465297	42	STIM=m
10469432	42	RESP=1
10482143	42	STIM=u
10486177	42	RESP=1
10500314	42	STIM=k
10504883	42	RESP=1
10517237	42	STIM=a
10520882	42	RESP=1
10536090	42	STIM=v
10540416	42	RESP=1
10554498	42	STIM=o
10561172	42	RESP=1
10569726	42	STIM=5
10575320	42	RESP=2
10587492	42	STIM=b
10594182	42	RESP=1
10605302	42	STIM=f
10608333	42	RESP=1
10623942	42	STIM=2
10629512	42	RESP=2
10639355	42	STIM=b
10643940	42	RESP=1
10656507	42	STIM=e
10663089	42	RESP=1
10672485	42	STIM=6
10677156	42	RESP=2
10690096	42	STIM=h
10695727	42	RESP=1
10708392	42	STIM=i
10714737	42	RESP=1
10723920	42	STIM=z
10731005	42	RESP=1
10742214	42	STIM=v
10748892	42	RESP=1
10758350	42	STIM=5
10763201	42	RESP=2
10773590	42	STIM=x
10777937	42	RESP=1
10789703	42	STIM=l
10794032	42	RESP=1
10807530	42	STIM=j
10813413	42	RESP=1
10826223	42	STIM=m
10832421	42	RESP=2
10843606	42	STIM=j
10850154	42	RESP=1
10860979	42	STIM=j
10868824	42	RESP=1
10876220	42	STIM=c
10879889	42	RESP=1
10893574	42	STIM=h
10898872	42	RESP=1
10909749	42	STIM=n
10918688	42	RESP=1
10925596	42	STIM=u
10929114	42	RESP=1
10944557	42	STIM=h
10948536	42	RESP=1
10960239	42	STIM=t
10965787	42	RESP=1
10977314	42	STIM=y
10984935	42	RESP=1
10993075	42	STIM=7
11000998	42	RESP=1
11011407	42	STIM=3
11016183	42	RESP=2
11030402	42	STIM=z
11034492	42	RESP=1
11049292	42	STIM=j
11054663	42	RESP=1
11064358	42	STIM=h
11072617	42	RESP=1
11080555	42	STIM=u
11088042	42	RESP=1
11097988	42	STIM=e
11102964	42	RESP=1
11113839	42	STIM=k
11116979	42	RESP=1
11131883	42	STIM=q
11135120	42	RESP=1
11148076	42	STIM=7
11161226	42	RESP=1
11163462	42	STIM=w
11166332	42	RESP=1
11181391	42	STIM=a
11189312	42	RESP=1
11199159	42	STIM=f
11206350	42	RESP=1
11215773	42	STIM=z
11221899	42	RESP=1
11232860	42	STIM=r
11236543	42	RESP=1
11248716	42	STIM=q
11257057	42	RESP=1
11265205	42	STIM=g
11269876	42	RESP=1
11283334	42	STIM=x
11286182	42	RESP=1
11299268	42	STIM=m
11303989	42	RESP=1
11317697	42	STIM=p
11324691	42	RESP=1
11333281	42	STIM=3
11338640	42	RESP=2
11351052	42	STIM=d
11358395	42	RESP=1
11369136	42	STIM=m
11376187	42	RESP=1
11385363	42	STIM=1
11391611	42	RESP=2
11404301	42	STIM=i
11407816	42	RESP=1
11419726	42	STIM=v
11423992	42	RESP=1
11437500	42	STIM=k
11444227	42	RESP=1
11454485	42	STIM=t
11461698	42	RESP=1
11473089	42	STIM=m
11475799	42	RESP=1
11488630	42	STIM=l
11493276	42	RESP=1
11506530	42	STIM=6
11515511	42	RESP=2
11523361	42	STIM=f
11529317	42	RESP=1
11542276	42	STIM=5
11549297	42	RESP=2
11560570	42	STIM=c
11563716	42	RESP=1
11575877	42	STIM=g
11579866	42	RESP=1
11592877	42	STIM=r
11597834	42	RESP=1
11611123	42	STIM=3
11620073	42	RESP=2
11626689	42	STIM=t
11633609	42	RESP=1
11644549	42	STIM=z
11649116	42	RESP=1
11663018	42	STIM=3
11669447	42	RESP=2
11679975	42	STIM=j
11683999	42	RESP=2
11695594	42	STIM=k
11700248	42	RESP=1
11712939	42	STIM=l
11718786	42	RESP=1
11730927	42	STIM=e
11736535	42	RESP=2
11749654	42	STIM=5
11755950	42	RESP=2
11768301	42	STIM=z
11778258	42	RESP=2
11786845	42	STIM=7
11792592	42	RESP=2
11805837	42	STIM=f
11811969	42	RESP=1
11824211	42	STIM=r
11828723	42	RESP=1
11839575	42	STIM=k
11843033	42	RESP=1
11855945	42	STIM=z
11859662	42	RESP=1
11874703	42	STIM=x
11880876	42	RESP=1
11891047	42	STIM=h
11895215	42	RESP=1
11908864	42	STIM=r
11914040	42	RESP=1
11925043	42	STIM=j
11930463	42	RESP=1
11941155	42	STIM=x
11948139	42	RESP=1
11958340	42	STIM=c
11963332	42	RESP=2
11975677	42	STIM=1
11982172	42	RESP=2
11992396	42	STIM=r
12000243	42	RESP=1
12008011	42	STIM=9
12014462	42	RESP=2
12025449	42	STIM=i
12029974	42	RESP=1
12043774	42	STIM=5
12047878	42	RESP=2
12059080	42	STIM=t
12062857	42	RESP=1
12076591	42	STIM=a
12082096	42	RESP=1
12092992	42	STIM=q
12101556	42	RESP=1
12109239	42	STIM=d
12113362	42	RESP=2
12125437	42	STIM=9
12131440	42	RESP=2
12143905	42	STIM=j
12148982	42	RESP=2
12161858	42	STIM=g
12165927	42	RESP=1
12179831	42	STIM=0
12187099	42	RESP=2
12195858	42	STIM=r
12203380	42	RESP=1
12212921	42	STIM=d
12221320	42	RESP=1
12228750	42	STIM=9
12235769	42	RESP=2
12245436	42	STIM=w
12251047	42	RESP=2
12264070	42	STIM=o
12272927	42	RESP=1
12281823	42	STIM=3
12289092	42	RESP=2
12299855	42	STIM=3
12304028	42	RESP=1
12317135	42	STIM=a
12322796	42	RESP=1
12335095	42	STIM=n
12338949	42	RESP=1
12350260	42	STIM=a
12355252	42	RESP=1
12365870	42	STIM=r
12369668	42	RESP=1
12382076	42	STIM=w
12387160	42	RESP=1
12399410	42	STIM=p
12405461	42	RESP=1
12417258	42	STIM=d
12422681	42	RESP=1
12435709	42	STIM=r
12439968	42	RESP=1
12452079	42	STIM=y
12456940	42	RESP=1
12469173	42	STIM=m
12475052	42	RESP=1
12486845	42	STIM=c
12491125	42	RESP=1
12501979	42	STIM=t
12515592	42	RESP=1
12518734	42	STIM=s
12526199	42	RESP=1
12534323	42	STIM=6
12541975	42	RESP=2
12550120	42	STIM=1
12555982	42	RESP=2
12566260	42	STIM=o
12571040	42	RESP=1
12584392	42	STIM=4
12590370	42	RESP=2
12600172	42	STIM=7
12606723	42	RESP=2
12617259	42	STIM=h
12623212	42	RESP=1
12633461	42	STIM=t
12637830	42	RESP=1
12651600	42	STIM=z
12658174	42	RESP=1
12666646	42	STIM=2
12672908	42	RESP=2
12684168	42	STIM=3
12691300	42	RESP=2
12701568	42	STIM=e
12707583	42	RESP=1
12719179	42	STIM=f
12724080	42	RESP=1
12734717	42	STIM=k
12740630	42	RESP=1
12751298	42	STIM=3
12758257	42	RESP=2
12766347	42	STIM=5
12777497	42	RESP=2
12781882	42	STIM=y
12787021	42	RESP=1
12799617	42	STIM=d
12804457	42	RESP=1
12815700	42	STIM=2
12821133	42	RESP=1
12833029	42	STIM=o
12838264	42	RESP=1
12849916	42	STIM=o
12855858	42	RESP=1
12865752	42	STIM=e
12870040	42	RESP=1
12881180	42	STIM=5
12887612	42	RESP=2
12897147	42	STIM=s
12905071	42	RESP=1
12916019	42	STIM=d
12924080	42	RESP=1
12932619	42	STIM=8
12938590	42	RESP=2
12950394	42	STIM=i
12957263	42	RESP=1
12967796	42	STIM=t
12974351	42	RESP=1
12986588	42	STIM=m
12991127	42	RESP=1
13002700	42	STIM=p
13005841	42	RESP=1
13018269	42	STIM=r
13023756	42	RESP=1
13035129	42	STIM=h
13043554	42	RESP=1
13052329	42	STIM=j
13056223	42	RESP=1
13069315	42	STIM=h
13073133	42	RESP=1
13087779	42	STIM=g
13098160	42	RESP=1
13103787	42	STIM=p
13111361	42	RESP=1
13119629	42	STIM=8
13124976	42	RESP=1
13135824	42	STIM=v
13138655	42	RESP=1
13153782	42	STIM=g
13158764	42	RESP=1
13170682	42	STIM=s
13174451	42	RESP=1
13186224	42	STIM=y
13191153	42	RESP=2
13203414	42	STIM=g
13208652	42	RESP=2
13221149	42	STIM=o
13230548	42	RESP=1
13239216	42	STIM=5
13245345	42	RESP=2
13256606	42	STIM=4
13263907	42	RESP=1
13274022	42	STIM=q
13277600	42	RESP=1
13291217	42	STIM=6
13296738	42	RESP=2
13306836	42	STIM=k
13312157	42	RESP=1
13324054	42	STIM=4
13329926	42	RESP=2
13339470	42	STIM=z
13343084	42	RESP=1
13357701	42	STIM=h
13362829	42	RESP=1
13374098	42	STIM=i
13379406	42	RESP=1
13393014	42	STIM=z
13399710	42	RESP=1
13409129	42	STIM=8
13418551	42	RESP=2
13425664	42	STIM=6
13430510	42	RESP=2
13441560	42	STIM=q
13448096	42	RESP=1
13456660	42	STIM=9
13460762	42	RESP=2
13474047	42	STIM=5
13479312	42	RESP=1
13489064	42	STIM=u
13494182	42	RESP=1
13507568	42	STIM=y
13514742	42	RESP=1
13523286	42	STIM=9
13528486	42	RESP=2
13541109	42	STIM=e
13545651	42	RESP=1
13557972	42	STIM=8
13565130	42	RESP=2
13573711	42	STIM=n
13583588	42	RESP=1
13592210	42	STIM=3
13598530	42	RESP=2
13608274	42	STIM=k
13613251	42	RESP=1
13626610	42	STIM=c
13629875	42	RESP=1
13643838	42	STIM=w
13651900	42	RESP=1
13660368	42	STIM=b
13666142	42	RESP=1
13676415	42	STIM=a
13681974	42	RESP=1
13692144	42	STIM=d
13695717	42	RESP=1
13707252	42	STIM=v
13710845	42	RESP=2
13725355	42	STIM=o
13730231	42	RESP=2
13742564	42	STIM=a
13747671	42	RESP=1
13757921	42	STIM=f
13761692	42	RESP=1
13773922	42	STIM=n
13778019	42	RESP=1
13789516	42	STIM=p
13792231	42	RESP=1
13806939	42	STIM=f
13816569	42	RESP=1
13822372	42	STIM=g
13829011	42	RESP=1
13840521	42	STIM=7
13845020	42	RESP=1
13858491	42	STIM=6
13866440	42	RESP=2
13874460	42	STIM=o
13878530	42	RESP=1
13891231	42	STIM=p
13896321	42	RESP=1
13906760	42	STIM=a
13912323	42	RESP=1
13923495	42	STIM=q
13927850	42	RESP=1
13939843	42	STIM=n
13947614	42	RESP=1
13956846	42	STIM=c
13962338	42	RESP=1
13973630	42	STIM=s
13977759	42	RESP=1
13990052	42	STIM=7
13999667	42	RESP=2
14006870	42	STIM=p
14011762	42	RESP=1
14024102	42	STIM=5
14033652	42	RESP=2
14041222	42	STIM=k
14046783	42	RESP=1
14059205	42	STIM=7
14065002	42	RESP=2
14075599	42	STIM=x
14078888	42	RESP=1
14091249	42	STIM=8
14095111	42	RESP=2
14107307	42	STIM=y
14112024	42	RESP=1
14123675	42	STIM=l
14130350	42	RESP=2
14142148	42	STIM=s
14145723	42	RESP=1
14160636	42	STIM=n
14166040	42	RESP=1
14179267	42	STIM=g
14187556	42	RESP=1
14196299	42	STIM=8
14203968	42	RESP=2
14212065	42	STIM=y
14214987	42	RESP=1
14231048	42	STIM=e
14240660	42	RESP=1
14249160	42	STIM=b
14252196	42	RESP=2
14268027	42	STIM=8
14274094	42	RESP=2
14285828	42	STIM=y
14294879	42	RESP=1
14303076	42	STIM=b
14310191	42	RESP=1
14318077	42	STIM=e
14321827	42	RESP=1
14335028	42	STIM=0
14347646	42	RESP=1
14352869	42	STIM=d
14356370	42	RESP=1
14371416	42	STIM=s
14378218	42	RESP=1
14389774	42	STIM=m
14395300	42	RESP=1
14408128	42	STIM=n
14415645	42	RESP=1
14423978	42	STIM=3
14429964	42	RESP=2
14442682	42	STIM=z
14445961	42	RESP=1
14459704	42	STIM=w
14468776	42	RESP=1
14475248	42	STIM=f
14480393	42	RESP=2
14492877	42	STIM=n
14499064	42	RESP=1
14509911	42	STIM=n
14516221	42	RESP=1
14528128	42	STIM=q
14535729	42	RESP=1
14543475	42	STIM=p
14546826	42	RESP=1
14561036	42	STIM=r
14566709	42	RESP=1
14579074	42	STIM=h
14585115	42	RESP=1
14596336	42	STIM=f
14604838	42	RESP=1
14613784	42	STIM=j
14618146	42	RESP=1
14630723	42	STIM=6
14637303	42	RESP=2
14647511	42	STIM=7
14652443	42	RESP=2
14666469	42	STIM=v
14674033	42	RESP=1
14685244	42	STIM=z
14689668	42	RESP=1
14703463	42	STIM=t
14709540	42	RESP=1
14721564	42	STIM=i
14727853	42	RESP=1
14739702	42	STIM=b
14743970	42	RESP=1
14757639	42	STIM=v
14764022	42	RESP=1
14773402	42	STIM=z
14780208	42	RESP=1
14791963	42	STIM=g
14796700	42	RESP=1
14808262	42	STIM=3
14819841	42	RESP=2
14826504	42	STIM=v
14833779	42	RESP=1
14842231	42	STIM=v
14847861	42	RESP=1
14859198	42	STIM=w
14865811	42	RESP=2
14875662	42	STIM=o
14879974	42	RESP=1
14892709	42	STIM=x
14896569	42	RESP=1
14908317	42	STIM=s
14913913	42	RESP=1
14924851	42	STIM=u
14928569	42	RESP=1
14941929	42	STIM=m
14946656	42	RESP=1
14959878	42	STIM=r
14963216	42	RESP=1
14977374	42	STIM=j
14982684	42	RESP=1
14995236	42	STIM=x
15000648	42	RESP=1
15010948	42	STIM=g
15015772	42	RESP=1
15027906	42	STIM=x
15033657	42	RESP=1
15045005	42	STIM=7
15053145	42	RESP=2
15060434	42	STIM=a
15065622	42	RESP=1
15077650	42	STIM=w
15083375	42	RESP=1
15095505	42	STIM=k
15103867	42	RESP=1
15112541	42	STIM=q
15115973	42	RESP=1
15129328	42	STIM=5
15134335	42	RESP=2
15144702	42	STIM=9
15153689	42	RESP=1
15162245	42	STIM=c
15166894	42	RESP=1
15179897	42	STIM=z
15183886	42	RESP=1
15195891	42	STIM=7
15203437	42	RESP=2
15214347	42	STIM=u
15218983	42	RESP=1
15232244	42	STIM=b
15238284	42	RESP=1
15249578	42	STIM=l
15255789	42	RESP=1
15268448	42	STIM=o
15273014	42	RESP=1
15286032	42	STIM=n
15295461	42	RESP=1
15301685	42	STIM=g
15308038	42	RESP=1
15318165	42	STIM=c
15326112	42	RESP=1
15334934	42	STIM=0
15339659	42	RESP=2
15350580	42	STIM=t
15357543	42	RESP=1
15367547	42	STIM=f
15372723	42	RESP=1
15384400	42	STIM=0
15389558	42	RESP=2
15402147	42	STIM=0
15406969	42	RESP=2
15419080	42	STIM=y
15421637	42	RESP=1
15437410	42	STIM=3
15443117	42	RESP=1
15455244	42	STIM=s
15460058	42	RESP=1
15471684	42	STIM=l
15476980	42	RESP=1
15490467	42	STIM=e
15494839	42	RESP=1
15507867	42	STIM=k
15510928	42	RESP=1
15524981	42	STIM=w
15529014	42	RESP=1
15542627	42	STIM=u
15550959	42	RESP=1
15558983	42	STIM=t
15569260	42	RESP=1
15577188	42	STIM=7
15583036	42	RESP=2
15593551	42	STIM=x
15603251	42	RESP=1
15610049	42	STIM=1
15613701	42	RESP=2
15628181	42	STIM=w
15633354	42	RESP=1
15646261	42	STIM=n
15651728	42	RESP=1
15662402	42	STIM=3
15669994	42	RESP=2
15678125	42	STIM=6
15686247	42	RESP=2
15694496	42	STIM=p
15699886	42	RESP=1
15710834	42	STIM=i
15717836	42	RESP=1
15727487	42	STIM=7
15734454	42	RESP=2
15746310	42	STIM=6
15753661	42	RESP=2
15762023	42	STIM=d
15767203	42	RESP=1
15777179	42	STIM=u
15782083	42	RESP=1
15792421	42	STIM=o
15807272	42	RESP=1
15808150	42	STIM=q
15811253	42	RESP=1
15824938	42	STIM=8
15828679	42	RESP=2
15841466	42	STIM=u
15847549	42	RESP=1
15859328	42	STIM=y
15862403	42	RESP=1
15877222	42	STIM=a
15881552	42	RESP=1
15895127	42	STIM=y
15898202	42	RESP=1
15912448	42	STIM=a
15916339	42	RESP=1
15931324	42	STIM=r
15936859	42	RESP=1
15949623	42	STIM=i
15953844	42	RESP=1
15966941	42	STIM=r
15971166	42	RESP=1
15984064	42	STIM=t
15988403	42	RESP=1
16000556	42	STIM=x
16008772	42	RESP=1
16017283	42	STIM=p
16021716	42	RESP=1
16034660	42	STIM=k
16040436	42	RESP=1
16053357	42	STIM=l
16057212	42	RESP=1
16071042	42	STIM=l
16075010	42	RESP=1
16088970	42	STIM=z
16093329	42	RESP=1
16105332	42	STIM=k
16109262	42	RESP=1
16122694	42	STIM=v
16128527	42	RESP=2
16140921	42	STIM=7
16147750	42	RESP=1
16157319	42	STIM=d
16164196	42	RESP=1
16175219	42	STIM=n
16182238	42	RESP=1
16193294	42	STIM=g
16197289	42	RESP=1
16212263	42	STIM=x
16215171	42	RESP=1
16231021	42	STIM=o
16237403	42	RESP=1
16246195	42	STIM=e
16251391	42	RESP=1
16264337	42	STIM=h
16272225	42	RESP=1
16281029	42	STIM=k
16284795	42	RESP=1
16297441	42	STIM=f
16303016	42	RESP=1
16316069	42	STIM=f
16323211	42	RESP=1
16332508	42	STIM=2
16340663	42	RESP=2
16348941	42	STIM=i
16353269	42	RESP=1
16365170	42	STIM=1
16369405	42	RESP=2
16381507	42	STIM=c
16386669	42	RESP=1
16398582	42	STIM=x
16403079	42	RESP=1
16415518	42	STIM=e
16418966	42	RESP=1
16432731	42	STIM=r
16436037	42	RESP=1
16448283	42	STIM=h
16454080	42	RESP=1
16466409	42	STIM=5
16472176	42	RESP=2
16481608	42	STIM=w
16490323	42	RESP=1
16496950	42	STIM=z
16501213	42	RESP=1
16513663	42	STIM=r
16519102	42	RESP=1
16532314	42	STIM=e
16537218	42	RESP=1
16548796	42	STIM=s
16558133	42	RESP=1
16565671	42	STIM=b
16572384	42	RESP=1
16582756	42	STIM=t
16588290	42	RESP=1
16601137	42	STIM=f
16605123	42	RESP=1
16616542	42	STIM=i
16625877	42	RESP=1
16634044	42	STIM=b
16638408	42	RESP=1
16652191	42	STIM=q
16657128	42	RESP=1
16669733	42	STIM=f
16675455	42	RESP=1
16688005	42	STIM=q
16692759	42	RESP=1
16703786	42	STIM=o
16711904	42	RESP=1
16719609	42	STIM=l
16722840	42	RESP=1
16736896	42	STIM=9
16743026	42	RESP=2
16753400	42	STIM=9
16758636	42	RESP=2
16768713	42	STIM=y
16774865	42	RESP=1
16785224	42	STIM=k
16788788	42	RESP=1
16800812	42	STIM=r
16807906	42	RESP=1
16819293	42	STIM=b
16825303	42	RESP=1
16836676	42	STIM=m
16842569	42	RESP=1
16853538	42	STIM=e
16857698	42	RESP=1
16870025	42	STIM=e
16876821	42	RESP=1
16886342	42	STIM=j
16894754	42	RESP=1
16904375	42	STIM=c
16910235	42	RESP=1
16920440	42	STIM=y
16924404	42	RESP=1
16939156	42	STIM=z
16946747	42	RESP=1
16954371	42	STIM=r
16959620	42	RESP=1
16970278	42	STIM=0
16976557	42	RESP=2
16985860	42	STIM=g
16994296	42	RESP=1
17001753	42	STIM=d
17005249	42	RESP=1
17018591	42	STIM=h
17026472	42	RESP=1
17036427	42	STIM=f
17042253	42	RESP=1
17052981	42	STIM=a
17058184	42	RESP=1
17069166	42	STIM=b
17073391	42	RESP=1
17085573	42	STIM=y
17090587	42	RESP=1
17102646	42	STIM=z
17108280	42	RESP=1
17118394	42	STIM=m
17123051	42	RESP=1
17134631	42	STIM=a
17138760	42	RESP=1
17151807	42	STIM=l
17157966	42	RESP=1
17168616	42	STIM=t
17171773	42	RESP=1
17185529	42	STIM=f
17190108	42	RESP=1
17204282	42	STIM=q
17214683	42	RESP=1
17220351	42	STIM=5
17229136	42	RESP=2
17237236	42	STIM=c
17246721	42	RESP=1
17256000	42	STIM=n
17264303	42	RESP=1
17271973	42	STIM=0
17278365	42	RESP=2
17289452	42	STIM=i
17296185	42	RESP=1
17306585	42	STIM=q
17310037	42	RESP=1
17323082	42	STIM=x
17327905	42	RESP=1
17339779	42	STIM=1
17347168	42	RESP=2
17356527	42	STIM=s
17359075	42	RESP=1
17372102	42	STIM=e
17376998	42	RESP=1
17387476	42	STIM=3
17400011	42	RESP=2
17403831	42	STIM=w
17408135	42	RESP=1
17419280	42	STIM=s
17424328	42	RESP=1
17434411	42	STIM=q
17440901	42	RESP=1
17449949	42	STIM=5
17455409	42	RESP=1
17466485	42	STIM=x
17473606	42	RESP=1
17484983	42	STIM=i
17488811	42	RESP=1
17503683	42	STIM=w
17511567	42	RESP=1
17520770	42	STIM=j
17527732	42	RESP=1
17539521	42	STIM=p
17547682	42	RESP=1
17558206	42	STIM=0
17563278	42	RESP=2
17576277	42	STIM=t
17581977	42	RESP=1
17591502	42	STIM=9
17597238	42	RESP=2
17608782	42	STIM=j
17613506	42	RESP=1
17626180	42	STIM=r
17631539	42	RESP=1
17643205	42	STIM=2
17647537	42	RESP=2
17660860	42	STIM=q
17664591	42	RESP=1
17679628	42	STIM=l
17684047	42	RESP=1
17695403	42	STIM=c
17699289	42	RESP=1
17714252	42	STIM=f
17722461	42	RESP=1
17732550	42	STIM=y
17735157	42	RESP=1
17747834	42	STIM=i
17752911	42	RESP=1
17763193	42	STIM=6
17769541	42	RESP=2
17779329	42	STIM=s
17783935	42	RESP=1
17798109	42	STIM=z
17802538	42	RESP=1
17814305	42	STIM=y
17818367	42	RESP=1
17831974	42	STIM=5
17838405	42	RESP=2
17849103	42	STIM=e
17854647	42	RESP=1
17864685	42	STIM=i
17869218	42	RESP=1
17879860	42	STIM=k
17888281	42	RESP=1
17895491	42	STIM=z
17905015	42	RESP=1
17911005	42	STIM=c
17916259	42	RESP=1
17926756	42	STIM=u
17930030	42	RESP=1
17942604	42	STIM=2
17948647	42	RESP=2
17959520	42	STIM=p
17966723	42	RESP=1
17976946	42	STIM=a
17980114	42	RESP=1
17992558	42	STIM=r
17998352	42	RESP=1
18008622	42	STIM=g
18012258	42	RESP=1
18025629	42	STIM=y
18028872	42	RESP=1
18042545	42	STIM=f
18050818	42	RESP=1
18058167	42	STIM=l
18064743	42	RESP=1
18076293	42	STIM=r
18079807	42	RESP=1
18094245	42	STIM=j
18098291	42	RESP=1
18110991	42	STIM=m
18114613	42	RESP=1
18127799	42	STIM=j
18133041	42	RESP=1
18143984	42	STIM=u
18149890	42	RESP=1
18160331	42	STIM=l
18166810	42	RESP=1
18178312	42	STIM=s
18182691	42	RESP=1
18194828	42	STIM=1
18200715	42	RESP=2
18211261	42	STIM=e
18214556	42	RESP=1
18229350	42	STIM=q
18232715	42	RESP=1
18245333	42	STIM=s
18252954	42	RESP=1
18261607	42	STIM=w
18272521	42	RESP=1
18277301	42	STIM=c
18282836	42	RESP=1
18296257	42	STIM=l
18300166	42	RESP=1
18313166	42	STIM=s
18320476	42	RESP=1
18331289	42	STIM=5
18346682	42	RESP=2
18347353	42	STIM=r
18354228	42	RESP=1
18365762	42	STIM=p
18371250	42	RESP=1
18384331	42	STIM=i
18387985	42	RESP=1
18401615	42	STIM=l
18407679	42	RESP=1
18418176	42	STIM=5
18422706	42	RESP=2
18434870	42	STIM=p
18440651	42	RESP=1
18452728	42	STIM=u
18457846	42	RESP=1
18471411	42	STIM=j
18478156	42	RESP=1
18488775	42	STIM=b
18495209	42	RESP=1
18505695	42	STIM=p
18513083	42	RESP=1
18524413	42	STIM=p
18530762	42	RESP=1
18541023	42	STIM=7
18547429	42	RESP=2
18559607	42	STIM=a
18566457	42	RESP=1
18575375	42	STIM=t
18579942	42	RESP=1
18590784	42	STIM=l
18593705	42	RESP=1
18606711	42	STIM=q
18612511	42	RESP=1
18623795	42	STIM=p
18632980	42	RESP=1
18640828	42	STIM=p
18644913	42	RESP=1
18658381	42	STIM=9
18664121	42	RESP=2
18673958	42	STIM=d
18682005	42	RESP=1
18691480	42	STIM=k
18702620	42	RESP=1
18706820	42	STIM=k
18710679	42	RESP=1
18723466	42	STIM=z
18727621	42	RESP=1
18741044	42	STIM=v
18745846	42	RESP=1
18756896	42	STIM=n
18764493	42	RESP=1
18775026	42	STIM=t
18777974	42	RESP=1
18793005	42	STIM=h
18799180	42	RESP=1
18808300	42	STIM=8
18816165	42	RESP=2
18826004	42	STIM=5
18830671	42	RESP=2
18842606	42	STIM=p
18847233	42	RESP=1
18859996	42	STIM=y
18863721	42	RESP=1
18875508	42	STIM=b
18879341	42	RESP=1
18894206	42	STIM=d
18897450	42	RESP=1
18911618	42	STIM=o
18917404	42	RESP=1
18928603	42	STIM=s
18935720	42	RESP=1
18944146	42	STIM=e
18947760	42	RESP=1
18961464	42	STIM=d
18966155	42	RESP=1
18978590	42	STIM=q
18984468	42	RESP=1
18997230	42	STIM=x
19000862	42	RESP=2
19015019	42	STIM=e
19021930	42	RESP=1
19034012	42	STIM=f
19038959	42	RESP=1
19052034	42	STIM=3
19057871	42	RESP=2
19070006	42	STIM=q
19078368	42	RESP=1
19087158	42	STIM=g
19094432	42	RESP=1
19102812	42	STIM=w
19109237	42	RESP=1
19120810	42	STIM=h
19124242	42	RESP=1
19138651	42	STIM=4
19145789	42	RESP=1
19155485	42	STIM=s
19159588	42	RESP=1
19171126	42	STIM=i
19177315	42	RESP=2
19186162	42	STIM=c
19191926	42	RESP=1
19201180	42	STIM=i
19209192	42	RESP=1
19218511	42	STIM=4
19222404	42	RESP=2
19236741	42	STIM=l
19241876	42	RESP=1
19253671	42	STIM=5
19260535	42	RESP=2
19270539	42	STIM=m
19277407	42	RESP=1
19286884	42	STIM=c
19293201	42	RESP=1
19302533	42	STIM=a
19306276	42	RESP=1
19317986	42	STIM=c
19323162	42	RESP=1
19334976	42	STIM=x
19340647	42	RESP=1
19351866	42	STIM=b
19354822	42	RESP=1
19366912	42	STIM=k
19372037	42	RESP=2
19383401	42	STIM=g
19387867	42	RESP=1
19402324	42	STIM=z
19406625	42	RESP=1
19418405	42	STIM=q
19422877	42	RESP=1
19435148	42	STIM=h
19442426	42	RESP=1
19453468	42	STIM=9
19464361	42	RESP=2
19470425	42	STIM=g
19477866	42	RESP=1
19485729	42	STIM=z
19491932	42	RESP=1
19501880	42	STIM=r
19510237	42	RESP=1
19520015	42	STIM=o
19527141	42	RESP=1
19535313	42	STIM=1
19544387	42	RESP=1
19551921	42	STIM=c
19555968	42	RESP=1
19567372	42	STIM=f
19570539	42	RESP=1
19584034	42	STIM=e
19590427	42	RESP=1
19599800	42	STIM=c
19605106	42	RESP=1
19616968	42	STIM=5
19626637	42	RESP=2
19633138	42	STIM=j
19639523	42	RESP=1
19651997	42	STIM=g
19657918	42	RESP=1
19668446	42	STIM=b
19673563	42	RESP=1
19684799	42	STIM=c
19691436	42	RESP=1
19702157	42	STIM=w
19706283	42	RESP=1
19719186	42	STIM=y
19723397	42	RESP=1
19737679	42	STIM=8
19742022	42	RESP=2
19756646	42	STIM=g
19765688	42	RESP=1
19771799	42	STIM=h
19780675	42	RESP=1
19787064	42	STIM=5
19794382	42	RESP=2
19804570	42	STIM=r
19810064	42	RESP=1
19821903	42	STIM=e
19824810	42	RESP=1
19838790	42	STIM=x
19847145	42	RESP=2
19857613	42	STIM=e
19862670	42	RESP=1
19873655	42	STIM=s
19882630	42	RESP=1
19890542	42	STIM=k
19895170	42	RESP=1
19905762	42	STIM=r
19910819	42	RESP=2
19923092	42	STIM=i
19926948	42	RESP=1
19942064	42	STIM=p
19946476	42	RESP=1
19957103	42	STIM=u
19960858	42	RESP=1
19974029	42	STIM=l
19984592	42	RESP=2
19989770	42	STIM=n
19993481	42	RESP=1
20008457	42	STIM=s
20012853	42	RESP=1
20023753	42	STIM=f
20027959	42	RESP=1
20040945	42	STIM=s
20044265	42	RESP=1
20056310	42	STIM=5
20063518	42	RESP=2
20072630	42	STIM=l
20083024	42	RESP=1
20090124	42	STIM=s
20093904	42	RESP=1
20105820	42	STIM=i
20112159	42	RESP=1
20122087	42	STIM=d
20127120	42	RESP=1
20139738	42	STIM=m
20146009	42	RESP=1
20156652	42	STIM=z
20162351	42	RESP=1
20172479	42	STIM=g
20178163	42	RESP=1
20188487	42	STIM=3
20195437	42	RESP=1
20204551	42	STIM=p
20209074	42	RESP=1
20222928	42	STIM=w
20226816	42	RESP=1
20239968	42	STIM=p
20243604	42	RESP=1
20256045	42	STIM=i
20266466	42	RESP=1
20273603	42	STIM=d
20283662	42	RESP=1
20291079	42	STIM=j
20295756	42	RESP=1
20306610	42	STIM=r
20310572	42	RESP=1
20325522	42	STIM=i
20330737	42	RESP=2
20340998	42	STIM=o
20346348	42	RESP=1
20356482	42	STIM=k
20361893	42	RESP=1
20375178	42	STIM=d
20377871	42	RESP=1
20391320	42	STIM=f
20396212	42	RESP=1
20409373	42	STIM=z
20414810	42	RESP=1
20427047	42	STIM=w
20431179	42	RESP=1
20442911	42	STIM=u
20445810	42	RESP=1
20458958	42	STIM=e
20465683	42	RESP=1
20475332	42	STIM=t
20482484	42	RESP=1
20492594	42	STIM=k
20497971	42	RESP=1
20510840	42	STIM=y
20522024	42	RESP=1
20528351	42	STIM=8
20534759	42	RESP=2
20545063	42	STIM=6
20556697	42	RESP=2
20561557	42	STIM=z
20571474	42	RESP=1
20578574	42	STIM=o
20584386	42	RESP=1
20593948	42	STIM=v
20598730	42	RESP=1
20609204	42	STIM=k
20616521	42	RESP=1
20626786	42	STIM=t
20632231	42	RESP=1
20643872	42	STIM=l
20650208	42	RESP=1
20661737	42	STIM=b
20665464	42	RESP=1
20676914	42	STIM=u
20681108	42	RESP=1
20693770	42	STIM=k
20700705	42	RESP=1
20712220	42	STIM=e
20718166	42	RESP=1
20728380	42	STIM=8
20739638	42	RESP=1
20745807	42	STIM=r
20752841	42	RESP=2
20761908	42	STIM=z
20766067	42	RESP=1
20778669	42	STIM=w
20782661	42	RESP=1
20796785	42	STIM=7
20804456	42	RESP=2
20814402	42	STIM=p
20822703	42	RESP=1
20831746	42	STIM=y
20842479	42	RESP=1
20849618	42	STIM=f
20853604	42	RESP=2
20866124	42	STIM=o
20870317	42	RESP=1
20881683	42	STIM=6
20893341	42	RESP=1
20898529	42	STIM=n
20903400	42	RESP=1
20915118	42	STIM=g
20921319	42	RESP=1
20933481	42	STIM=m
20938192	42	RESP=1
20948915	42	STIM=3
20959889	42	RESP=2
20963950	42	STIM=0
20974319	42	RESP=2
20979042	42	STIM=y
20984046	42	RESP=1
20996188	42	STIM=j
21001081	42	RESP=1
21015110	42	STIM=q
21020718	42	RESP=1
21031624	42	STIM=e
21034600	42	RESP=1
21050623	42	STIM=e
21057411	42	RESP=1
21068081	42	STIM=z
21072058	42	RESP=1
21085675	42	STIM=y
21090054	42	RESP=1
21101820	42	STIM=p
21106540	42	RESP=1
21119224	42	STIM=h
21123171	42	RESP=1
21136477	42	STIM=i
21141875	42	RESP=1
21152064	42	STIM=a
21156380	42	RESP=1
21170940	42	STIM=f
21178461	42	RESP=1
21187692	42	STIM=k
21194926	42	RESP=1
21206043	42	STIM=k
21215609	42	RESP=1
21222426	42	STIM=q
21226147	42	RESP=1
21239677	42	STIM=9
21245386	42	RESP=2
21257607	42	STIM=v
21263522	42	RESP=1
21275888	42	STIM=i
21284090	42	RESP=1
21292304	42	STIM=w
21300810	42	RESP=1
21310855	42	STIM=2
21315400	42	RESP=2
21327282	42	STIM=b
21334003	42	RESP=1
21345870	42	STIM=w
21351276	42	RESP=1
21363749	42	STIM=1
21374204	42	RESP=2
21380841	42	STIM=k
21384165	42	RESP=2
21397838	42	STIM=b
21403097	42	RESP=2
21415854	42	STIM=v
21420453	42	RESP=1
21432659	42	STIM=h
21441270	42	RESP=1
21447825	42	STIM=g
21455260	42	RESP=2
21463132	42	STIM=7
21475642	42	RESP=2
21479811	42	STIM=t
21484101	42	RESP=1
21496789	42	STIM=c
21501107	42	RESP=1
21514263	42	STIM=s
21519304	42	RESP=1
21533099	42	STIM=g
21537320	42	RESP=1
21548739	42	STIM=k
21553973	42	RESP=1
21565466	42	STIM=4
21569633	42	RESP=1
21581910	42	STIM=4
21589583	42	RESP=2
21597939	42	STIM=4
21604672	42	RESP=2
21614657	42	STIM=c
21620300	42	RESP=1
21631898	42	STIM=f
21637837	42	RESP=1
21650500	42	STIM=g
21655831	42	RESP=1
21666412	42	STIM=2
21675710	42	RESP=2
21685144	42	STIM=h
21691747	42	RESP=1
