# Original filename: 0024_AEL_2016-11-24.log
# Time unit: 100 us
# RARECAT=digit
#
# Time	HHGG	Event
36310	42	STIM=n
42833	42	RESP=1
51442	42	STIM=6
57161	42	RESP=2
68113	42	STIM=s
72156	42	RESP=1
85328	42	STIM=6
92113	42	RESP=1
101228	42	STIM=m
108705	42	RESP=1
118254	42	STIM=j
123196	42	RESP=1
133661	42	STIM=p
138403	42	RESP=1
151922	42	STIM=z
160364	42	RESP=1
167139	42	STIM=b
180397	42	RESP=1
183826	42	STIM=x
189241	42	RESP=1
201434	42	STIM=a
205190	42	RESP=1
218081	42	STIM=g
224303	42	RESP=1
235822	42	STIM=a
238914	42	RESP=1
254281	42	STIM=q
260687	42	RESP=1
271061	42	STIM=f
277518	42	RESP=1
289417	42	STIM=e
294315	42	RESP=1
305124	42	STIM=j
314549	42	RESP=1
322727	42	STIM=4
330117	42	RESP=1
339133	42	STIM=u
346214	42	RESP=1
354446	42	STIM=e
358331	42	RESP=1
372190	42	STIM=w
375803	42	RESP=1
390851	42	STIM=g
395602	42	RESP=1
405988	42	STIM=9
417131	42	RESP=2
423079	42	STIM=b
429096	42	RESP=1
440854	42	STIM=c
448052	42	RESP=1
456986	42	STIM=d
466979	42	RESP=1
474886	42	STIM=w
480593	42	RESP=1
492178	42	STIM=w
499836	42	RESP=1
509654	42	STIM=o
512694	42	RESP=2
528563	42	STIM=m
532643	42	RESP=1
543750	42	STIM=z
547307	42	RESP=1
559768	42	STIM=x
562741	42	RESP=1
578376	42	STIM=r
582089	42	RESP=1
594547	42	STIM=y
604043	42	RESP=1
610694	42	STIM=8
615225	42	RESP=2
629528	42	STIM=d
637355	42	RESP=1
647580	42	STIM=7
653471	42	RESP=2
666250	42	STIM=v
669859	42	RESP=1
681403	42	STIM=e
690146	42	RESP=1
699879	42	STIM=a
704152	42	RESP=1
716265	42	STIM=l
720540	42	RESP=1
735198	42	STIM=v
741114	42	RESP=1
751601	42	STIM=z
755007	42	RESP=1
768398	42	STIM=s
772289	42	RESP=1
786726	42	STIM=b
794564	42	RESP=1
803225	42	STIM=b
813745	42	RESP=2
821832	42	STIM=z
831652	42	RESP=1
838261	42	STIM=u
844512	42	RESP=1
855047	42	STIM=h
860155	42	RESP=1
873682	42	STIM=z
878276	42	RESP=1
890252	42	STIM=i
894246	42	RESP=2
906112	42	STIM=k
914013	42	RESP=1
921835	42	STIM=h
926387	42	RESP=1
940543	42	STIM=t
946156	42	RESP=1
958171	42	STIM=o
962656	42	RESP=1
974240	42	STIM=j
979407	42	RESP=1
992514	42	STIM=g
1007224	42	RESP=1
1010714	42	STIM=r
1013604	42	RESP=1
1026813	42	STIM=x
1031955	42	RESP=1
1045348	42	STIM=e
1058669	42	RESP=1
1060994	42	STIM=r
1066500	42	RESP=1
1077462	42	STIM=k
1084549	42	RESP=1
1093934	42	STIM=6
1098595	42	RESP=2
1112633	42	STIM=j
1117251	42	RESP=1
1129679	42	STIM=e
1136378	42	RESP=1
1147034	42	STIM=6
1152812	42	RESP=2
1162904	42	STIM=m
1168680	42	RESP=1
1180542	42	STIM=d
1184891	42	RESP=1
1198651	42	STIM=n
1202951	42	RESP=1
1214516	42	STIM=c
1218950	42	RESP=1
1231919	42	STIM=x
1238396	42	RESP=1
1248747	42	STIM=p
1254495	42	RESP=1
1267579	42	STIM=r
1274947	42	RESP=1
1284558	42	STIM=8
1288151	42	RESP=2
1301822	42	STIM=w
1309469	42	RESP=1
1317258	42	STIM=a
1323368	42	RESP=2
1334120	42	STIM=l
1342277	42	RESP=1
1349305	42	STIM=l
1356754	42	RESP=1
1364321	42	STIM=q
1370872	42	RESP=1
1381181	42	STIM=j
1385515	42	RESP=1
1397347	42	STIM=a
1402527	42	RESP=1
1414769	42	STIM=5
1423181	42	RESP=1
1431755	42	STIM=j
1435447	42	RESP=1
1449721	42	STIM=q
1458789	42	RESP=1
1464812	42	STIM=k
1468663	42	RESP=1
1483624	42	STIM=n
1489124	42	RESP=1
1499118	42	STIM=s
1505553	42	RESP=1
1515338	42	STIM=z
1524489	42	RESP=1
1534257	42	STIM=f
1540704	42	RESP=1
1551898	42	STIM=r
1557422	42	RESP=1
1568554	42	STIM=n
1573832	42	RESP=1
1583578	42	STIM=a
1586952	42	RESP=1
1599310	42	STIM=1
1606671	42	RESP=2
1614790	42	STIM=w
1622357	42	RESP=1
1630183	42	STIM=z
1637159	42	RESP=1
1645261	42	STIM=a
1655096	42	RESP=1
1660754	42	STIM=r
1667730	42	RESP=1
1678166	42	STIM=w
1682653	42	RESP=1
1695677	42	STIM=x
1702452	42	RESP=1
1714211	42	STIM=5
1722038	42	RESP=2
1731508	42	STIM=y
1739852	42	RESP=1
1747315	42	STIM=r
1757147	42	RESP=1
1764490	42	STIM=7
1768926	42	RESP=2
1779608	42	STIM=a
1788666	42	RESP=1
1796405	42	STIM=2
1802134	42	RESP=2
1814706	42	STIM=r
1821014	42	RESP=2
1832420	42	STIM=u
1838665	42	RESP=1
1848520	42	STIM=k
1852373	42	RESP=1
1863749	42	STIM=l
1868885	42	RESP=1
1879861	42	STIM=e
1887859	42	RESP=1
1895478	42	STIM=e
1899176	42	RESP=1
1912146	42	STIM=a
1915432	42	RESP=1
1927774	42	STIM=j
1934024	42	RESP=1
1944335	42	STIM=k
1950153	42	RESP=1
1962053	42	STIM=c
1966902	42	RESP=1
1979712	42	STIM=s
1984027	42	RESP=1
1996800	42	STIM=1
2003359	42	RESP=2
2014012	42	STIM=6
2020673	42	RESP=1
2032641	42	STIM=c
2040280	42	RESP=1
2051330	42	STIM=t
2054705	42	RESP=1
2067731	42	STIM=e
2071138	42	RESP=1
2085230	42	STIM=s
2090369	42	RESP=1
2102581	42	STIM=n
2106462	42	RESP=1
2119863	42	STIM=w
2127231	42	RESP=1
2137806	42	STIM=z
2144038	42	RESP=1
2154109	42	STIM=s
2157879	42	RESP=1
2171081	42	STIM=y
2175789	42	RESP=1
2187637	42	STIM=m
2192304	42	RESP=1
2203995	42	STIM=6
2210307	42	RESP=2
2222312	42	STIM=8
2229562	42	RESP=2
2240183	42	STIM=v
2246214	42	RESP=1
2255731	42	STIM=9
2263823	42	RESP=2
2272662	42	STIM=a
2275920	42	RESP=1
2290818	42	STIM=k
2295638	42	RESP=1
2307726	42	STIM=8
2314881	42	RESP=2
2323802	42	STIM=x
2329770	42	RESP=1
2341439	42	STIM=n
2345731	42	RESP=1
2357548	42	STIM=2
2363532	42	RESP=2
2372897	42	STIM=9
2379001	42	RESP=1
2389048	42	STIM=r
2396756	42	RESP=1
2407723	42	STIM=o
2414413	42	RESP=1
2423292	42	STIM=e
2430901	42	RESP=1
2440795	42	STIM=v
2445012	42	RESP=1
2457802	42	STIM=g
2464326	42	RESP=1
2473212	42	STIM=n
2480229	42	RESP=1
2489458	42	STIM=w
2494252	42	RESP=2
2504625	42	STIM=z
2509121	42	RESP=1
2523028	42	STIM=w
2533444	42	RESP=1
2541673	42	STIM=p
2546296	42	RESP=1
2558106	42	STIM=y
2562295	42	RESP=1
2577017	42	STIM=a
2579760	42	RESP=1
2593881	42	STIM=u
2605141	42	RESP=1
2610945	42	STIM=w
2616806	42	RESP=1
2626294	42	STIM=2
2630195	42	RESP=2
2642888	42	STIM=1
2646991	42	RESP=2
2659528	42	STIM=x
2662202	42	RESP=1
2674826	42	STIM=e
2681819	42	RESP=1
2693426	42	STIM=t
2700773	42	RESP=1
2708806	42	STIM=h
2712837	42	RESP=1
2726489	42	STIM=z
2730965	42	RESP=1
2743401	42	STIM=r
2754469	42	RESP=1
2761705	42	STIM=b
2765236	42	RESP=1
2777564	42	STIM=0
2787645	42	RESP=1
2793221	42	STIM=2
2800531	42	RESP=1
2808987	42	STIM=a
2817765	42	RESP=1
2827589	42	STIM=4
2831403	42	RESP=2
2845232	42	STIM=w
2850613	42	RESP=1
2863423	42	STIM=w
2870725	42	RESP=1
2878994	42	STIM=b
2883364	42	RESP=1
2897276	42	STIM=y
2904387	42	RESP=1
2916216	42	STIM=2
2920791	42	RESP=2
2931577	42	STIM=6
2936289	42	RESP=1
2949415	42	STIM=l
2956716	42	RESP=1
2967340	42	STIM=j
2970973	42	RESP=1
2983201	42	STIM=m
2986722	42	RESP=1
3001394	42	STIM=y
3005936	42	RESP=1
3016605	42	STIM=z
3019720	42	RESP=1
3033937	42	STIM=n
3038898	42	RESP=1
3052378	42	STIM=b
3059114	42	RESP=1
3069553	42	STIM=w
3075310	42	RESP=1
3086010	42	STIM=l
3091274	42	RESP=1
3104838	42	STIM=b
3110334	42	RESP=1
3123791	42	STIM=p
3130003	42	RESP=1
3142082	42	STIM=m
3148613	42	RESP=1
3158047	42	STIM=1
3162839	42	RESP=1
3176205	42	STIM=m
3185359	42	RESP=1
3192021	42	STIM=z
3199499	42	RESP=1
3210555	42	STIM=u
3214501	42	RESP=1
3228171	42	STIM=y
3232194	42	RESP=1
3246035	42	STIM=u
3253279	42	RESP=1
3263688	42	STIM=k
3269914	42	RESP=1
3280326	42	STIM=0
3284689	42	RESP=2
3296783	42	STIM=d
3303497	42	RESP=1
3314670	42	STIM=v
3321223	42	RESP=1
3330186	42	STIM=v
3337854	42	RESP=1
3347634	42	STIM=9
3353839	42	RESP=2
3362756	42	STIM=9
3367563	42	RESP=2
3381365	42	STIM=x
3384501	42	RESP=1
3398980	42	STIM=9
3405759	42	RESP=2
3416869	42	STIM=k
3422599	42	RESP=1
3435581	42	STIM=s
3439993	42	RESP=1
3452479	42	STIM=i
3456789	42	RESP=1
3467550	42	STIM=3
3475464	42	RESP=1
3484960	42	STIM=a
3494101	42	RESP=1
3503146	42	STIM=b
3506939	42	RESP=1
3519895	42	STIM=8
3524471	42	RESP=2
3535014	42	STIM=h
3539938	42	RESP=1
3552241	42	STIM=a
3556489	42	RESP=1
3568428	42	STIM=1
3573771	42	RESP=2
3584920	42	STIM=s
3591040	42	RESP=1
3602922	42	STIM=f
3607549	42	RESP=1
3618756	42	STIM=z
3626756	42	RESP=1
3634687	42	STIM=v
3639520	42	RESP=1
3650446	42	STIM=c
3654038	42	RESP=1
3668708	42	STIM=x
3674822	42	RESP=1
3685760	42	STIM=x
3689842	42	RESP=1
3704196	42	STIM=e
3711230	42	RESP=1
3721049	42	STIM=j
3726349	42	RESP=1
3736847	42	STIM=t
3744860	42	RESP=1
3753085	42	STIM=q
3763242	42	RESP=1
3769715	42	STIM=j
3775022	42	RESP=1
3784946	42	STIM=a
3788297	42	RESP=2
3802067	42	STIM=9
3812648	42	RESP=2
3817406	42	STIM=h
3822226	42	RESP=1
3834563	42	STIM=k
3841172	42	RESP=1
3850067	42	STIM=3
3854699	42	RESP=2
3867994	42	STIM=k
3873658	42	RESP=1
3884034	42	STIM=y
3894387	42	RESP=1
3902692	42	STIM=y
3909384	42	RESP=1
3920386	42	STIM=d
3930489	42	RESP=1
3936521	42	STIM=u
3945429	42	RESP=1
3953674	42	STIM=u
3961449	42	RESP=1
3971430	42	STIM=q
3976108	42	RESP=1
3990197	42	STIM=9
3996180	42	RESP=1
4008721	42	STIM=v
4014671	42	RESP=1
4025836	42	STIM=b
4030760	42	RESP=2
4043043	42	STIM=l
4046727	42	RESP=1
4058558	42	STIM=n
4067313	42	RESP=1
4074268	42	STIM=c
4079118	42	RESP=1
4092332	42	STIM=i
4099423	42	RESP=1
4111121	42	STIM=f
4116267	42	RESP=1
4126864	42	STIM=o
4131388	42	RESP=1
4142182	42	STIM=2
4147951	42	RESP=1
4161042	42	STIM=s
4165693	42	RESP=1
4176274	42	STIM=8
4183965	42	RESP=2
4194616	42	STIM=2
4203902	42	RESP=1
4209724	42	STIM=t
4215632	42	RESP=1
4227276	42	STIM=z
4230903	42	RESP=1
4244702	42	STIM=s
4251742	42	RESP=1
4260536	42	STIM=t
4264866	42	RESP=1
4278360	42	STIM=d
4282397	42	RESP=2
4293921	42	STIM=2
4301237	42	RESP=2
4312189	42	STIM=r
4321268	42	RESP=1
4329788	42	STIM=9
4334903	42	RESP=2
4348177	42	STIM=w
4353900	42	RESP=1
4365957	42	STIM=s
4370232	42	RESP=1
4382057	42	STIM=p
4386949	42	RESP=1
4400213	42	STIM=t
4407045	42	RESP=1
4418649	42	STIM=k
4426492	42	RESP=1
4437101	42	STIM=4
4446045	42	RESP=1
4454201	42	STIM=j
4458656	42	RESP=1
4469509	42	STIM=s
4473188	42	RESP=1
4487950	42	STIM=e
4496396	42	RESP=1
4503983	42	STIM=f
4507716	42	RESP=1
4522780	42	STIM=w
4526415	42	RESP=2
4541173	42	STIM=w
4545213	42	RESP=1
4556681	42	STIM=l
4560588	42	RESP=1
4575173	42	STIM=m
4579270	42	RESP=1
4591239	42	STIM=8
4598750	42	RESP=2
4609935	42	STIM=u
4617080	42	RESP=1
4626896	42	STIM=r
4633906	42	RESP=1
4644741	42	STIM=b
4653987	42	RESP=1
4662523	42	STIM=n
4670230	42	RESP=1
4680172	42	STIM=w
4683007	42	RESP=1
4697819	42	STIM=l
4700908	42	RESP=1
4714395	42	STIM=u
4722997	42	RESP=1
4731652	42	STIM=e
4736662	42	RESP=1
4748324	42	STIM=h
4751620	42	RESP=1
4766341	42	STIM=x
4772032	42	RESP=1
4784848	42	STIM=m
4787732	42	RESP=1
4801951	42	STIM=b
4809692	42	RESP=1
4818511	42	STIM=a
4825312	42	RESP=1
4834989	42	STIM=o
4841903	42	RESP=1
4850345	42	STIM=z
4854525	42	RESP=1
4866939	42	STIM=k
4871676	42	RESP=1
4882504	42	STIM=r
4889780	42	RESP=1
4898116	42	STIM=e
4902578	42	RESP=1
4913589	42	STIM=d
4922412	42	RESP=1
4932538	42	STIM=6
4937945	42	RESP=2
4950201	42	STIM=m
4957162	42	RESP=1
4967980	42	STIM=v
4972723	42	RESP=1
4985055	42	STIM=n
4989009	42	RESP=1
5004002	42	STIM=0
5010306	42	RESP=2
5021545	42	STIM=n
5026289	42	RESP=1
5039582	42	STIM=p
5043890	42	RESP=1
5058533	42	STIM=j
5064323	42	RESP=1
5075207	42	STIM=7
5080126	42	RESP=2
5093836	42	STIM=8
5098135	42	RESP=2
5111012	42	STIM=a
5118024	42	RESP=1
5127313	42	STIM=1
5133972	42	RESP=2
5145141	42	STIM=6
5151821	42	RESP=1
5160652	42	STIM=v
5165473	42	RESP=1
5177408	42	STIM=t
5184122	42	RESP=1
5194920	42	STIM=q
5202402	42	RESP=1
5212449	42	STIM=w
5216532	42	RESP=2
5228088	42	STIM=q
5235452	42	RESP=1
5246631	42	STIM=9
5253067	42	RESP=2
5262595	42	STIM=d
5266859	42	RESP=1
5279695	42	STIM=e
5286969	42	RESP=1
5297611	42	STIM=p
5300764	42	RESP=1
5312641	42	STIM=z
5318055	42	RESP=1
5330626	42	STIM=8
5336569	42	RESP=2
5346274	42	STIM=s
5353484	42	RESP=1
5362255	42	STIM=u
5365930	42	RESP=1
5377829	42	STIM=j
5385026	42	RESP=1
5394690	42	STIM=z
5401006	42	RESP=1
5411699	42	STIM=x
5415064	42	RESP=1
5428751	42	STIM=2
5432635	42	RESP=1
5446054	42	STIM=6
5451214	42	RESP=2
5462420	42	STIM=7
5475470	42	RESP=2
5480112	42	STIM=r
5484384	42	RESP=1
5496721	42	STIM=c
5501245	42	RESP=1
5512371	42	STIM=s
5517311	42	RESP=2
5527759	42	STIM=a
5531701	42	RESP=1
5544185	42	STIM=b
5549214	42	RESP=2
5559340	42	STIM=c
5566542	42	RESP=1
5577303	42	STIM=e
5582503	42	RESP=1
5594475	42	STIM=w
5598652	42	RESP=2
5612532	42	STIM=m
5617522	42	RESP=1
5628540	42	STIM=s
5635789	42	RESP=1
5646005	42	STIM=v
5653489	42	RESP=1
5662224	42	STIM=5
5668143	42	RESP=1
5677234	42	STIM=a
5684461	42	RESP=1
5696046	42	STIM=v
5701718	42	RESP=1
5712491	42	STIM=d
5718855	42	RESP=1
5731404	42	STIM=0
5738184	42	RESP=2
5749723	42	STIM=f
5753491	42	RESP=1
5768082	42	STIM=q
5771315	42	RESP=1
5786283	42	STIM=8
5793367	42	RESP=1
5803648	42	STIM=w
5810941	42	RESP=1
5819267	42	STIM=p
5826352	42	RESP=1
5835316	42	STIM=n
5839479	42	RESP=1
5850446	42	STIM=i
5857382	42	RESP=1
5867620	42	STIM=m
5874454	42	RESP=1
5885055	42	STIM=t
5890202	42	RESP=1
5902144	42	STIM=u
5905757	42	RESP=1
5920907	42	STIM=s
5923810	42	RESP=1
5938142	42	STIM=v
5942913	42	RESP=1
5956484	42	STIM=s
5960316	42	RESP=1
5972336	42	STIM=w
5976996	42	RESP=1
5989719	42	STIM=g
5993899	42	RESP=1
6008382	42	STIM=j
6014767	42	RESP=1
6026867	42	STIM=4
6030480	42	RESP=2
6043944	42	STIM=g
6051388	42	RESP=1
6060697	42	STIM=7
6068963	42	RESP=2
6079477	42	STIM=u
6084684	42	RESP=1
6094882	42	STIM=a
6101014	42	RESP=1
6113759	42	STIM=y
6119425	42	RESP=1
6132416	42	STIM=f
6142666	42	RESP=1
6147679	42	STIM=i
6151102	42	RESP=1
6164965	42	STIM=w
6168669	42	RESP=1
6180799	42	STIM=y
6188275	42	RESP=1
6197168	42	STIM=o
6202653	42	RESP=1
6212582	42	STIM=v
6223208	42	RESP=1
6229759	42	STIM=w
6236742	42	RESP=1
6245252	42	STIM=n
6253251	42	RESP=2
6261197	42	STIM=0
6266762	42	RESP=2
6278933	42	STIM=2
6284876	42	RESP=2
6294869	42	STIM=u
6297574	42	RESP=1
6312445	42	STIM=j
6321320	42	RESP=1
6328444	42	STIM=c
6332372	42	RESP=1
6344453	42	STIM=j
6349568	42	RESP=1
6361844	42	STIM=a
6367084	42	RESP=1
6377523	42	STIM=i
6381730	42	RESP=1
6394986	42	STIM=i
6399468	42	RESP=1
6412049	42	STIM=e
6417479	42	RESP=1
6428776	42	STIM=t
6432114	42	RESP=1
6443779	42	STIM=7
6448560	42	RESP=2
6460246	42	STIM=x
6465527	42	RESP=1
6477188	42	STIM=a
6479833	42	RESP=1
6494251	42	STIM=5
6499048	42	RESP=2
6513014	42	STIM=g
6518345	42	RESP=1
6528914	42	STIM=d
6534403	42	RESP=1
6545681	42	STIM=r
6552046	42	RESP=1
6563613	42	STIM=2
6567697	42	RESP=1
6582223	42	STIM=7
6587298	42	RESP=2
6600206	42	STIM=f
6604968	42	RESP=1
6618715	42	STIM=p
6626432	42	RESP=1
6636484	42	STIM=i
6641644	42	RESP=1
6651623	42	STIM=t
6660850	42	RESP=2
6667803	42	STIM=l
6675096	42	RESP=1
6684644	42	STIM=g
6689623	42	RESP=1
6702778	42	STIM=w
6707572	42	RESP=1
6720438	42	STIM=p
6724319	42	RESP=1
6737347	42	STIM=e
6744184	42	RESP=1
6752647	42	STIM=c
6756984	42	RESP=1
6768418	42	STIM=p
6771962	42	RESP=1
6786053	42	STIM=f
6792016	42	RESP=1
6801193	42	STIM=j
6805237	42	RESP=1
6818486	42	STIM=v
6827435	42	RESP=1
6833766	42	STIM=m
6839594	42	RESP=1
6850474	42	STIM=u
6856158	42	RESP=1
6868296	42	STIM=e
6871729	42	RESP=1
6884234	42	STIM=6
6889837	42	RESP=2
6903180	42	STIM=b
6908320	42	RESP=1
6919045	42	STIM=y
6922313	42	RESP=1
6934190	42	STIM=a
6940022	42	RESP=1
6949868	42	STIM=3
6955598	42	RESP=2
6966784	42	STIM=q
6975160	42	RESP=1
6984306	42	STIM=l
6992935	42	RESP=1
7000651	42	STIM=r
7005911	42	RESP=2
7016260	42	STIM=q
7023586	42	RESP=1
7034893	42	STIM=t
7038383	42	RESP=1
7049911	42	STIM=b
7056905	42	RESP=1
7067982	42	STIM=c
7074228	42	RESP=1
7084818	42	STIM=9
7092343	42	RESP=2
7100014	42	STIM=p
7105412	42	RESP=1
7116649	42	STIM=2
7125704	42	RESP=2
7132902	42	STIM=a
7138892	42	RESP=1
7148359	42	STIM=q
7153212	42	RESP=1
7166109	42	STIM=i
7173586	42	RESP=1
7184019	42	STIM=7
7188747	42	RESP=2
7201165	42	STIM=g
7205780	42	RESP=1
7217862	42	STIM=6
7222972	42	RESP=2
7236759	42	STIM=j
7243492	42	RESP=2
7253170	42	STIM=s
7257117	42	RESP=1
7272106	42	STIM=l
7276118	42	RESP=1
7287238	42	STIM=u
7292691	42	RESP=1
7303944	42	STIM=q
7313077	42	RESP=1
7319276	42	STIM=f
7324151	42	RESP=1
7334671	42	STIM=x
7340517	42	RESP=1
7353150	42	STIM=e
7358637	42	RESP=1
7368266	42	STIM=k
7372106	42	RESP=1
7383973	42	STIM=s
7390697	42	RESP=1
7401029	42	STIM=6
7405870	42	RESP=2
7419208	42	STIM=6
7424492	42	RESP=2
7434387	42	STIM=r
7443331	42	RESP=1
7452052	42	STIM=z
7459485	42	RESP=1
7467909	42	STIM=r
7473913	42	RESP=1
7485227	42	STIM=5
7491785	42	RESP=2
7500367	42	STIM=y
7504396	42	RESP=1
7518379	42	STIM=5
7524914	42	RESP=2
7537173	42	STIM=3
7542485	42	RESP=2
7552789	42	STIM=k
7561495	42	RESP=1
7569558	42	STIM=7
7575453	42	RESP=2
7587166	42	STIM=q
7594037	42	RESP=1
7604512	42	STIM=8
7609327	42	RESP=2
7621521	42	STIM=j
7625590	42	RESP=1
7639696	42	STIM=j
7645125	42	RESP=1
7657515	42	STIM=l
7662754	42	RESP=1
7675916	42	STIM=i
7681188	42	RESP=1
7691536	42	STIM=6
7699555	42	RESP=2
7710180	42	STIM=o
7713998	42	RESP=1
7728150	42	STIM=z
7734130	42	RESP=1
7743573	42	STIM=1
7751116	42	RESP=2
7762494	42	STIM=l
7768796	42	RESP=1
7779307	42	STIM=e
7789498	42	RESP=1
7794617	42	STIM=m
7798311	42	RESP=1
7811894	42	STIM=r
7818677	42	RESP=1
7827254	42	STIM=b
7838876	42	RESP=1
7843812	42	STIM=w
7849241	42	RESP=1
7860092	42	STIM=n
7865310	42	RESP=1
7876594	42	STIM=6
7881456	42	RESP=1
7892745	42	STIM=3
7897223	42	RESP=2
7911510	42	STIM=j
7916971	42	RESP=1
7926607	42	STIM=k
7931279	42	RESP=1
7942269	42	STIM=s
7946342	42	RESP=1
7959585	42	STIM=y
7967470	42	RESP=1
7975177	42	STIM=t
7980336	42	RESP=1
7993119	42	STIM=3
8006294	42	RESP=2
8009153	42	STIM=d
8013690	42	RESP=1
8025772	42	STIM=x
8029599	42	RESP=1
8042697	42	STIM=z
8047608	42	RESP=2
8058475	42	STIM=h
8065337	42	RESP=1
8076617	42	STIM=t
8080525	42	RESP=1
8095602	42	STIM=k
8103506	42	RESP=1
8111840	42	STIM=e
8116071	42	RESP=1
8126942	42	STIM=2
8133455	42	RESP=2
8143992	42	STIM=a
8150255	42	RESP=1
8161156	42	STIM=s
8165325	42	RESP=1
8178038	42	STIM=0
8186105	42	RESP=1
8195927	42	STIM=k
8202899	42	RESP=1
8210975	42	STIM=j
8218276	42	RESP=1
8228083	42	STIM=0
8239020	42	RESP=1
8245318	42	STIM=m
8253523	42	RESP=1
8261027	42	STIM=t
8266741	42	RESP=1
8279846	42	STIM=6
8289227	42	RESP=2
8298734	42	STIM=2
8306928	42	RESP=2
8314411	42	STIM=a
8318324	42	RESP=1
8332437	42	STIM=k
8338646	42	RESP=1
8351165	42	STIM=0
8357845	42	RESP=2
8366934	42	STIM=y
8371050	42	RESP=1
8383197	42	STIM=c
8387938	42	RESP=1
8401795	42	STIM=t
8408280	42	RESP=1
8418254	42	STIM=x
8421833	42	RESP=1
8434446	42	STIM=2
8442477	42	RESP=2
8452151	42	STIM=v
8459776	42	RESP=1
8467854	42	STIM=x
8472840	42	RESP=1
8483179	42	STIM=n
8493345	42	RESP=1
8498474	42	STIM=i
8505305	42	RESP=1
8515625	42	STIM=p
8519475	42	RESP=1
8534035	42	STIM=8
8538761	42	RESP=2
8552647	42	STIM=o
8561055	42	RESP=1
8571642	42	STIM=7
8579313	42	RESP=2
8587355	42	STIM=6
8591818	42	RESP=2
8603694	42	STIM=9
8613804	42	RESP=2
8619244	42	STIM=v
8625918	42	RESP=1
8634712	42	STIM=v
8639079	42	RESP=1
8653536	42	STIM=r
8659856	42	RESP=1
8672498	42	STIM=k
8677618	42	RESP=1
8689982	42	STIM=e
8695200	42	RESP=1
8708055	42	STIM=q
8712641	42	RESP=1
8723623	42	STIM=x
8728032	42	RESP=1
8741926	42	STIM=c
8746684	42	RESP=1
8757247	42	STIM=x
8760389	42	RESP=1
8774338	42	STIM=y
8780199	42	RESP=1
8792212	42	STIM=l
8798159	42	RESP=1
8807294	42	STIM=m
8813551	42	RESP=1
8825824	42	STIM=q
8831849	42	RESP=1
8841555	42	STIM=q
8846658	42	RESP=1
8858506	42	STIM=f
8862435	42	RESP=1
8873517	42	STIM=l
8878079	42	RESP=2
8890377	42	STIM=g
8895997	42	RESP=1
8906400	42	STIM=6
8916005	42	RESP=2
8922043	42	STIM=6
8928328	42	RESP=2
8938541	42	STIM=6
8945376	42	RESP=2
8953785	42	STIM=q
8960518	42	RESP=1
8971122	42	STIM=k
8979441	42	RESP=1
8988141	42	STIM=p
8994240	42	RESP=1
9006172	42	STIM=g
9014413	42	RESP=1
9023401	42	STIM=z
9030450	42	RESP=2
9039315	42	STIM=k
9044306	42	RESP=1
9057581	42	STIM=l
9061663	42	RESP=1
9075653	42	STIM=j
9080035	42	RESP=2
9093856	42	STIM=r
9097770	42	RESP=1
9112088	42	STIM=b
9117940	42	RESP=1
9128402	42	STIM=0
9137194	42	RESP=1
9147374	42	STIM=7
9153221	42	RESP=2
9166183	42	STIM=v
9169219	42	RESP=1
9181532	42	STIM=u
9186857	42	RESP=1
9198429	42	STIM=3
9203734	42	RESP=2
9214375	42	STIM=6
9220365	42	RESP=2
9231705	42	STIM=8
9238540	42	RESP=2
9249392	42	STIM=b
9253475	42	RESP=1
9265550	42	STIM=q
9270720	42	RESP=1
9282498	42	STIM=g
9287709	42	RESP=1
9298222	42	STIM=s
9304829	42	RESP=1
9315126	42	STIM=k
9319260	42	RESP=1
9333977	42	STIM=l
9343946	42	RESP=1
9352923	42	STIM=p
9356731	42	RESP=1
9370819	42	STIM=8
9379138	42	RESP=2
9386491	42	STIM=w
9392306	42	RESP=1
9402365	42	STIM=e
9407388	42	RESP=1
9421178	42	STIM=z
9426052	42	RESP=1
9439553	42	STIM=0
9444225	42	RESP=2
9457059	42	STIM=v
9463829	42	RESP=1
9472385	42	STIM=h
9476598	42	RESP=1
9490679	42	STIM=j
9499813	42	RESP=2
9508683	42	STIM=n
9515626	42	RESP=1
9523701	42	STIM=t
9529378	42	RESP=1
9540498	42	STIM=e
9548125	42	RESP=2
9555748	42	STIM=x
9559357	42	RESP=1
9573420	42	STIM=6
9577808	42	RESP=2
9588902	42	STIM=j
9591436	42	RESP=1
9605654	42	STIM=o
9609266	42	RESP=1
9621466	42	STIM=y
9629429	42	RESP=1
9639550	42	STIM=g
9646278	42	RESP=1
9656338	42	STIM=h
9663270	42	RESP=1
9671457	42	STIM=y
9681645	42	RESP=1
9687496	42	STIM=m
9690713	42	RESP=1
9704027	42	STIM=h
9710668	42	RESP=1
9720697	42	STIM=k
9726875	42	RESP=1
9738119	42	STIM=z
9747879	42	RESP=1
9754831	42	STIM=p
9760165	42	RESP=1
9772312	42	STIM=s
9780136	42	RESP=1
9789549	42	STIM=c
9793991	42	RESP=1
9805907	42	STIM=f
9809518	42	RESP=1
9824311	42	STIM=e
9829539	42	RESP=1
9839814	42	STIM=g
9843499	42	RESP=1
9858034	42	STIM=b
9864084	42	RESP=1
9875204	42	STIM=n
9878734	42	RESP=1
9890286	42	STIM=f
9896148	42	RESP=1
9905743	42	STIM=t
9912863	42	RESP=1
9922920	42	STIM=f
9930685	42	RESP=1
9939891	42	STIM=n
9946795	42	RESP=1
9957951	42	STIM=n
9965318	42	RESP=1
9976258	42	STIM=d
9981687	42	RESP=1
9993116	42	STIM=k
10000499	42	RESP=1
10011000	42	STIM=a
10013834	42	RESP=2
10029662	42	STIM=b
10035756	42	RESP=1
10045929	42	STIM=l
10051548	42	RESP=1
10062399	42	STIM=p
10065977	42	RESP=1
10080309	42	STIM=r
10086775	42	RESP=1
10096183	42	STIM=p
10099700	42	RESP=1
10115102	42	STIM=k
10120278	42	RESP=1
10131664	42	STIM=0
10138375	42	RESP=2
10150222	42	STIM=v
10154459	42	RESP=1
10167960	42	STIM=2
10174510	42	RESP=1
10184406	42	STIM=x
10191356	42	RESP=1
10202982	42	STIM=k
10206452	42	RESP=1
10221792	42	STIM=v
10226271	42	RESP=1
10239465	42	STIM=x
10245137	42	RESP=1
10254724	42	STIM=f
10262376	42	RESP=1
10273723	42	STIM=d
10278118	42	RESP=1
10289382	42	STIM=m
10293828	42	RESP=1
10305914	42	STIM=x
10311085	42	RESP=1
10323122	42	STIM=6
10327316	42	RESP=2
10339738	42	STIM=g
10345567	42	RESP=1
10354840	42	STIM=m
10365159	42	RESP=1
10372767	42	STIM=a
10379185	42	RESP=1
10389186	42	STIM=3
10395196	42	RESP=2
10406087	42	STIM=p
10411064	42	RESP=1
10421964	42	STIM=u
10428153	42	RESP=1
10440604	42	STIM=y
10446265	42	RESP=1
10457217	42	STIM=7
10461170	42	RESP=2
10472444	42	STIM=1
10479214	42	RESP=2
10491156	42	STIM=g
10496359	42	RESP=1
10508662	42	STIM=p
10511605	42	RESP=1
10525526	42	STIM=b
10530123	42	RESP=1
10543044	42	STIM=4
10548654	42	RESP=2
10559059	42	STIM=z
10565964	42	RESP=1
10575532	42	STIM=d
10581376	42	RESP=1
10590824	42	STIM=8
10596397	42	RESP=2
10608329	42	STIM=s
10616198	42	RESP=1
10625977	42	STIM=k
10631650	42	RESP=1
10644403	42	STIM=e
10652865	42	RESP=1
10663397	42	STIM=b
10668474	42	RESP=1
10680587	42	STIM=n
10690973	42	RESP=1
10698728	42	STIM=b
10703138	42	RESP=1
10716205	42	STIM=e
10724223	42	RESP=1
10731974	42	STIM=r
10741219	42	RESP=1
10747013	42	STIM=z
10751523	42	RESP=2
10762404	42	STIM=p
10768208	42	RESP=1
10778389	42	STIM=t
10782463	42	RESP=1
10796234	42	STIM=9
10802374	42	RESP=2
10811569	42	STIM=5
10817249	42	RESP=2
10828490	42	STIM=l
10835157	42	RESP=1
10845368	42	STIM=a
10850800	42	RESP=1
10863487	42	STIM=g
10866439	42	RESP=1
10878876	42	STIM=3
10885583	42	RESP=2
10897637	42	STIM=q
10901651	42	RESP=2
10912878	42	STIM=a
10919716	42	RESP=1
10928882	42	STIM=y
10933064	42	RESP=1
10946813	42	STIM=w
10950648	42	RESP=1
10964927	42	STIM=w
10972799	42	RESP=1
10981427	42	STIM=r
10986735	42	RESP=1
10999326	42	STIM=3
11006946	42	RESP=2
11017435	42	STIM=g
11021226	42	RESP=1
11033325	42	STIM=r
11039302	42	RESP=1
11049706	42	STIM=k
11056246	42	RESP=1
11068518	42	STIM=t
11073382	42	RESP=1
11083922	42	STIM=f
11088541	42	RESP=1
11101995	42	STIM=y
11108699	42	RESP=1
11118247	42	STIM=0
11125002	42	RESP=2
11133606	42	STIM=y
11137649	42	RESP=1
11152411	42	STIM=t
11157140	42	RESP=1
11170751	42	STIM=c
11176320	42	RESP=1
11187196	42	STIM=g
11197703	42	RESP=1
11203120	42	STIM=x
11209447	42	RESP=1
11219995	42	STIM=x
11225901	42	RESP=1
11236129	42	STIM=n
11238919	42	RESP=1
11253891	42	STIM=6
11258789	42	RESP=2
11269038	42	STIM=f
11273855	42	RESP=1
11284318	42	STIM=z
11286867	42	RESP=1
11301252	42	STIM=8
11310716	42	RESP=2
11317926	42	STIM=7
11324571	42	RESP=2
11335844	42	STIM=a
11340288	42	RESP=1
11351786	42	STIM=6
11359072	42	RESP=1
11368850	42	STIM=d
11372549	42	RESP=1
11387623	42	STIM=i
11402296	42	RESP=1
11403398	42	STIM=u
11407673	42	RESP=1
11420535	42	STIM=v
11429177	42	RESP=1
11437077	42	STIM=6
11443840	42	RESP=2
11455364	42	STIM=1
11462284	42	RESP=2
11471114	42	STIM=v
11475158	42	RESP=1
11488232	42	STIM=n
11492810	42	RESP=1
11504830	42	STIM=4
11509061	42	RESP=2
11521146	42	STIM=q
11526814	42	RESP=1
11539675	42	STIM=l
11545383	42	RESP=1
11558479	42	STIM=9
11563634	42	RESP=2
11574374	42	STIM=3
11582207	42	RESP=2
11592600	42	STIM=f
11596524	42	RESP=2
11609598	42	STIM=y
11615935	42	RESP=1
11624923	42	STIM=k
11628996	42	RESP=1
11640473	42	STIM=s
11645123	42	RESP=1
11656165	42	STIM=2
11665727	42	RESP=2
11671209	42	STIM=x
11679545	42	RESP=1
11689788	42	STIM=b
11697840	42	RESP=1
11706219	42	STIM=c
11713039	42	RESP=1
11722100	42	STIM=q
11728555	42	RESP=1
11739738	42	STIM=f
11745521	42	RESP=1
11756056	42	STIM=k
11759012	42	RESP=1
11772730	42	STIM=7
11779447	42	RESP=2
11788016	42	STIM=v
11794670	42	RESP=1
11804175	42	STIM=q
11809050	42	RESP=1
11821679	42	STIM=8
11825753	42	RESP=2
11838830	42	STIM=0
11846027	42	RESP=1
11853916	42	STIM=s
11859934	42	RESP=1
11869867	42	STIM=c
11874515	42	RESP=1
11885536	42	STIM=c
11893676	42	RESP=1
11902228	42	STIM=c
11906817	42	RESP=2
11917789	42	STIM=q
11923757	42	RESP=1
11936124	42	STIM=p
11942338	42	RESP=1
11954735	42	STIM=g
11959860	42	RESP=1
11971217	42	STIM=q
11976488	42	RESP=1
11988155	42	STIM=3
11994975	42	RESP=2
12003254	42	STIM=l
12010363	42	RESP=1
12018780	42	STIM=5
12023948	42	RESP=2
12036641	42	STIM=2
12044920	42	RESP=2
12051852	42	STIM=5
12055930	42	RESP=2
12068215	42	STIM=y
12074153	42	RESP=1
12084565	42	STIM=d
12091671	42	RESP=1
12099899	42	STIM=k
12104457	42	RESP=1
12115313	42	STIM=5
12121508	42	RESP=2
12132913	42	STIM=c
12142610	42	RESP=1
12150753	42	STIM=7
12157278	42	RESP=2
12167718	42	STIM=l
12174798	42	RESP=1
12183467	42	STIM=c
12188196	42	RESP=1
12202124	42	STIM=q
12208465	42	RESP=1
12219512	42	STIM=o
12224869	42	RESP=1
12236188	42	STIM=6
12243113	42	RESP=2
12253297	42	STIM=t
12260344	42	RESP=2
12268735	42	STIM=p
12274021	42	RESP=1
12286995	42	STIM=v
12293472	42	RESP=1
12303187	42	STIM=p
12312949	42	RESP=1
12320081	42	STIM=6
12326263	42	RESP=2
12336212	42	STIM=b
12342335	42	RESP=1
12351574	42	STIM=k
12355529	42	RESP=1
12368647	42	STIM=l
12372448	42	RESP=1
12386173	42	STIM=7
12391954	42	RESP=1
12401879	42	STIM=3
12406091	42	RESP=2
12418708	42	STIM=q
12422939	42	RESP=1
12437636	42	STIM=g
12442555	42	RESP=1
12453218	42	STIM=u
12456331	42	RESP=1
12471354	42	STIM=q
12475852	42	RESP=1
12488452	42	STIM=h
12492553	42	RESP=1
12503910	42	STIM=x
12511504	42	RESP=1
12520326	42	STIM=m
12525273	42	RESP=1
12537250	42	STIM=0
12543832	42	RESP=2
12554440	42	STIM=l
12558950	42	RESP=1
12569775	42	STIM=t
12574236	42	RESP=1
12587067	42	STIM=4
12594581	42	RESP=2
12603871	42	STIM=i
12606750	42	RESP=1
12621859	42	STIM=e
12625511	42	RESP=1
12640018	42	STIM=h
12644782	42	RESP=1
12655296	42	STIM=f
12659319	42	RESP=1
12673227	42	STIM=j
12679975	42	RESP=1
12689019	42	STIM=e
12695664	42	RESP=1
12706308	42	STIM=s
12711330	42	RESP=2
12723968	42	STIM=c
12729386	42	RESP=1
12742208	42	STIM=3
12747843	42	RESP=2
12760541	42	STIM=l
12768133	42	RESP=1
12778539	42	STIM=t
12783782	42	RESP=1
12794674	42	STIM=n
12799835	42	RESP=1
12810221	42	STIM=d
12817837	42	RESP=1
12828797	42	STIM=t
12835915	42	RESP=1
12845511	42	STIM=e
12850991	42	RESP=1
12860971	42	STIM=q
12867897	42	RESP=1
12878481	42	STIM=h
12884249	42	RESP=1
12895201	42	STIM=d
12898842	42	RESP=1
12913565	42	STIM=b
12917552	42	RESP=1
12930737	42	STIM=o
12935949	42	RESP=1
12949495	42	STIM=m
12959090	42	RESP=1
12965295	42	STIM=s
12970616	42	RESP=1
12980746	42	STIM=j
12985236	42	RESP=1
12998938	42	STIM=v
13011549	42	RESP=1
13015588	42	STIM=h
13018249	42	RESP=2
13031321	42	STIM=o
13035339	42	RESP=1
13048874	42	STIM=d
13052030	42	RESP=1
13065669	42	STIM=z
13073377	42	RESP=1
13082254	42	STIM=m
13088180	42	RESP=1
13099203	42	STIM=u
13103728	42	RESP=1
13116795	42	STIM=o
13120448	42	RESP=1
13132031	42	STIM=u
13135415	42	RESP=1
13149543	42	STIM=v
13152434	42	RESP=1
13167805	42	STIM=w
13177065	42	RESP=1
13184562	42	STIM=w
13189709	42	RESP=1
13203421	42	STIM=h
13207653	42	RESP=1
13220642	42	STIM=z
13225185	42	RESP=1
13237637	42	STIM=t
13241736	42	RESP=1
13256241	42	STIM=o
13262519	42	RESP=1
13274894	42	STIM=5
13282349	42	RESP=2
13290159	42	STIM=1
13298293	42	RESP=2
13305326	42	STIM=a
13312111	42	RESP=1
13322797	42	STIM=g
13332066	42	RESP=1
13339294	42	STIM=6
13346906	42	RESP=2
13358135	42	STIM=x
13364840	42	RESP=1
13373775	42	STIM=m
13378798	42	RESP=1
13389757	42	STIM=w
13398798	42	RESP=1
13405101	42	STIM=o
13410908	42	RESP=1
13423736	42	STIM=i
13428910	42	RESP=1
13441183	42	STIM=h
13447593	42	RESP=1
13456663	42	STIM=0
13461777	42	RESP=2
13472559	42	STIM=l
13477945	42	RESP=1
13488295	42	STIM=z
13497316	42	RESP=1
13505967	42	STIM=1
13513024	42	RESP=2
13524939	42	STIM=7
13531308	42	RESP=2
13542424	42	STIM=y
13547171	42	RESP=1
13558459	42	STIM=n
13561618	42	RESP=1
13576796	42	STIM=9
13583679	42	RESP=2
13594645	42	STIM=r
13599980	42	RESP=1
13610861	42	STIM=v
13619128	42	RESP=1
13629757	42	STIM=o
13636238	42	RESP=1
13648730	42	STIM=z
13656339	42	RESP=1
13667297	42	STIM=s
13671447	42	RESP=1
13685574	42	STIM=m
13690309	42	RESP=1
13701041	42	STIM=3
13711147	42	RESP=2
13717620	42	STIM=z
13721623	42	RESP=1
13733778	42	STIM=v
13738216	42	RESP=1
13752425	42	STIM=q
13756840	42	RESP=1
13770892	42	STIM=o
13775610	42	RESP=2
13787355	42	STIM=g
13797126	42	RESP=1
13805138	42	STIM=f
13808224	42	RESP=1
13822024	42	STIM=k
13825374	42	RESP=1
13837718	42	STIM=g
13843555	42	RESP=1
13855105	42	STIM=3
13867592	42	RESP=2
13871372	42	STIM=j
13875941	42	RESP=1
13888982	42	STIM=w
13893500	42	RESP=1
13904667	42	STIM=x
13908876	42	RESP=1
13922776	42	STIM=s
13927581	42	RESP=1
13939055	42	STIM=2
13949872	42	RESP=2
13955908	42	STIM=r
13962603	42	RESP=1
13973741	42	STIM=z
13976973	42	RESP=1
13992507	42	STIM=y
13995941	42	RESP=1
14010130	42	STIM=l
14017758	42	RESP=1
14028731	42	STIM=k
14034443	42	RESP=1
14046273	42	STIM=a
14054007	42	RESP=1
14062530	42	STIM=a
14065227	42	RESP=1
14080027	42	STIM=s
14087044	42	RESP=1
14098113	42	STIM=0
14104714	42	RESP=1
14113825	42	STIM=e
14119415	42	RESP=1
14131823	42	STIM=8
14136197	42	RESP=2
14150628	42	STIM=n
14156675	42	RESP=1
14169189	42	STIM=u
14180469	42	RESP=1
14184427	42	STIM=7
14193947	42	RESP=2
14201078	42	STIM=c
14204316	42	RESP=2
14218923	42	STIM=a
14229891	42	RESP=1
14235881	42	STIM=k
14243173	42	RESP=1
14253204	42	STIM=g
14260839	42	RESP=1
14269254	42	STIM=u
14274157	42	RESP=1
14285286	42	STIM=i
14288426	42	RESP=1
14300332	42	STIM=o
14305945	42	RESP=1
14316942	42	STIM=3
14323825	42	RESP=1
14333695	42	STIM=j
14341133	42	RESP=1
14350373	42	STIM=y
14355461	42	RESP=1
14365462	42	STIM=9
14372104	42	RESP=1
14384338	42	STIM=l
14388595	42	RESP=1
14400592	42	STIM=v
14403675	42	RESP=1
14416218	42	STIM=j
14422010	42	RESP=1
14433966	42	STIM=7
14443216	42	RESP=2
14450602	42	STIM=6
14457387	42	RESP=2
14469364	42	STIM=s
14472584	42	RESP=2
14486992	42	STIM=7
14491620	42	RESP=2
14505508	42	STIM=5
14511815	42	RESP=2
14521857	42	STIM=k
14524750	42	RESP=1
14537040	42	STIM=c
14542445	42	RESP=1
14554438	42	STIM=h
14558468	42	RESP=1
14572401	42	STIM=5
14582820	42	RESP=2
14588718	42	STIM=8
14596105	42	RESP=2
14606165	42	STIM=q
14610687	42	RESP=1
14622437	42	STIM=q
14626972	42	RESP=1
14638602	42	STIM=z
14643011	42	RESP=1
14656897	42	STIM=l
14661503	42	RESP=1
14673959	42	STIM=b
14680288	42	RESP=1
14691279	42	STIM=b
14694701	42	RESP=1
14708578	42	STIM=t
14713332	42	RESP=1
14727398	42	STIM=y
14733666	42	RESP=1
14742873	42	STIM=k
14746105	42	RESP=1
14761057	42	STIM=z
14767052	42	RESP=1
14779464	42	STIM=c
14782812	42	RESP=1
14796036	42	STIM=0
14800800	42	RESP=2
14811639	42	STIM=t
14820003	42	RESP=1
14827525	42	STIM=7
14837312	42	RESP=2
14843277	42	STIM=l
14846734	42	RESP=1
14861991	42	STIM=9
14869945	42	RESP=2
14877369	42	STIM=v
14884530	42	RESP=1
14893811	42	STIM=4
14902427	42	RESP=2
14911049	42	STIM=l
14919358	42	RESP=1
14929614	42	STIM=y
14933960	42	RESP=1
14944818	42	STIM=i
14949498	42	RESP=1
14963013	42	STIM=6
14967643	42	RESP=2
14979156	42	STIM=p
14985515	42	RESP=2
14996818	42	STIM=o
15000246	42	RESP=1
15012587	42	STIM=a
15020816	42	RESP=1
15027978	42	STIM=n
15031928	42	RESP=1
15044250	42	STIM=s
15048983	42	RESP=1
15060868	42	STIM=a
15067163	42	RESP=1
15075917	42	STIM=9
15081625	42	RESP=2
15091751	42	STIM=1
15100198	42	RESP=2
15108971	42	STIM=x
15114612	42	RESP=1
15127419	42	STIM=s
15133228	42	RESP=2
15142579	42	STIM=d
15146067	42	RESP=2
15158453	42	STIM=n
15169290	42	RESP=1
15174494	42	STIM=5
15180372	42	RESP=1
15192502	42	STIM=x
15198775	42	RESP=1
15211260	42	STIM=s
15215726	42	RESP=1
15227430	42	STIM=h
15236930	42	RESP=1
15242705	42	STIM=n
15247811	42	RESP=1
15258656	42	STIM=e
15264152	42	RESP=1
15277199	42	STIM=m
15282131	42	RESP=1
15295714	42	STIM=q
15300357	42	RESP=1
15313099	42	STIM=b
15320139	42	RESP=1
15328601	42	STIM=o
15335199	42	RESP=1
15347441	42	STIM=c
15352286	42	RESP=1
15365317	42	STIM=x
15370725	42	RESP=2
15384290	42	STIM=w
15390955	42	RESP=1
15402370	42	STIM=5
15410201	42	RESP=2
15420718	42	STIM=s
15423803	42	RESP=1
15437608	42	STIM=j
15441490	42	RESP=1
15454207	42	STIM=a
15469326	42	RESP=1
15471094	42	STIM=2
15481036	42	RESP=2
15488787	42	STIM=6
15492667	42	RESP=2
15507360	42	STIM=a
15516090	42	RESP=1
15524197	42	STIM=0
15533041	42	RESP=2
15539663	42	STIM=w
15542984	42	RESP=1
15557906	42	STIM=v
15560542	42	RESP=1
15576631	42	STIM=4
15584293	42	RESP=2
15594666	42	STIM=r
15601880	42	RESP=1
15610386	42	STIM=r
15613851	42	RESP=1
15626857	42	STIM=8
15633614	42	RESP=2
15641881	42	STIM=m
15647588	42	RESP=1
15659917	42	STIM=4
15665225	42	RESP=1
15677596	42	STIM=x
15684475	42	RESP=1
15694709	42	STIM=r
15699090	42	RESP=1
15713060	42	STIM=d
15717267	42	RESP=1
15730018	42	STIM=t
15733806	42	RESP=1
15746776	42	STIM=e
15754826	42	RESP=1
15765241	42	STIM=r
15768508	42	RESP=1
15783609	42	STIM=v
15789957	42	RESP=1
15800879	42	STIM=6
15808586	42	RESP=2
15818287	42	STIM=p
15821808	42	RESP=1
15834846	42	STIM=n
15841395	42	RESP=1
15851363	42	STIM=d
15854275	42	RESP=1
15867008	42	STIM=k
15870801	42	RESP=1
15884510	42	STIM=j
15888617	42	RESP=1
15901947	42	STIM=k
15905375	42	RESP=1
15918215	42	STIM=6
15921868	42	RESP=2
15936561	42	STIM=g
15940708	42	RESP=1
15953481	42	STIM=a
15958933	42	RESP=1
15968883	42	STIM=x
15981843	42	RESP=1
15987201	42	STIM=5
15994354	42	RESP=2
16004803	42	STIM=x
16009110	42	RESP=1
16019966	42	STIM=l
16026622	42	RESP=1
16036628	42	STIM=b
16049710	42	RESP=1
16053590	42	STIM=h
16064713	42	RESP=1
16068997	42	STIM=x
16073256	42	RESP=1
16087852	42	STIM=8
16094679	42	RESP=2
16104322	42	STIM=w
16108631	42	RESP=1
16120640	42	STIM=0
16128650	42	RESP=2
16136946	42	STIM=i
16141382	42	RESP=2
16153544	42	STIM=h
16157719	42	RESP=1
16170074	42	STIM=o
16176138	42	RESP=1
16185266	42	STIM=2
16194465	42	RESP=2
16203947	42	STIM=f
16209699	42	RESP=2
16219476	42	STIM=y
16228566	42	RESP=1
16237451	42	STIM=y
16240932	42	RESP=1
16254712	42	STIM=y
16264051	42	RESP=2
16270700	42	STIM=l
16277525	42	RESP=1
16286448	42	STIM=h
16291278	42	RESP=2
16303547	42	STIM=g
16307718	42	RESP=1
16320973	42	STIM=a
16325967	42	RESP=1
16337214	42	STIM=0
16343458	42	RESP=2
16354170	42	STIM=r
16357561	42	RESP=1
16370827	42	STIM=e
16377650	42	RESP=1
16386908	42	STIM=w
16390421	42	RESP=1
16403947	42	STIM=y
16409370	42	RESP=1
16422173	42	STIM=l
16427688	42	RESP=1
16438131	42	STIM=a
16443895	42	RESP=1
16454156	42	STIM=f
16461327	42	RESP=1
16470010	42	STIM=x
16477443	42	RESP=1
16486603	42	STIM=l
16492793	42	RESP=1
16503344	42	STIM=6
16512337	42	RESP=2
16519122	42	STIM=x
16529751	42	RESP=1
16535475	42	STIM=x
16538325	42	RESP=1
16551241	42	STIM=i
16555015	42	RESP=2
16566585	42	STIM=w
16569390	42	RESP=1
16581660	42	STIM=u
16584810	42	RESP=1
16600058	42	STIM=a
16607183	42	RESP=1
16615491	42	STIM=4
16620266	42	RESP=2
16633203	42	STIM=o
16641799	42	RESP=1
16651522	42	STIM=b
16661120	42	RESP=2
16668502	42	STIM=t
16675090	42	RESP=1
16685499	42	STIM=l
16692686	42	RESP=1
16703922	42	STIM=t
16708805	42	RESP=1
16719041	42	STIM=t
16722970	42	RESP=1
16738014	42	STIM=h
16744045	42	RESP=1
16753678	42	STIM=a
16758532	42	RESP=1
16769333	42	STIM=q
16774033	42	RESP=1
16787874	42	STIM=l
16794605	42	RESP=1
16804207	42	STIM=j
16807777	42	RESP=1
16820573	42	STIM=7
16824653	42	RESP=1
16838496	42	STIM=i
16843224	42	RESP=1
16855685	42	STIM=t
16861840	42	RESP=1
16874588	42	STIM=s
16881619	42	RESP=1
16893306	42	STIM=g
16898778	42	RESP=1
16908776	42	STIM=p
16913803	42	RESP=2
16924491	42	STIM=u
16931270	42	RESP=1
16941288	42	STIM=1
16947634	42	RESP=2
16960262	42	STIM=c
16963802	42	RESP=1
16976919	42	STIM=v
16988963	42	RESP=1
16992988	42	STIM=7
16997497	42	RESP=1
17010304	42	STIM=n
17017298	42	RESP=1
17025729	42	STIM=n
17028969	42	RESP=1
17041981	42	STIM=8
17046136	42	RESP=2
17060202	42	STIM=g
17071715	42	RESP=1
17077774	42	STIM=a
17082177	42	RESP=1
17095505	42	STIM=c
17098489	42	RESP=1
17110524	42	STIM=b
17116547	42	RESP=1
17127998	42	STIM=c
17139799	42	RESP=1
17143700	42	STIM=y
17149396	42	RESP=1
17160922	42	STIM=0
17164820	42	RESP=2
17176559	42	STIM=6
17182139	42	RESP=2
17195207	42	STIM=r
17198725	42	RESP=1
17212458	42	STIM=g
17225174	42	RESP=1
17227488	42	STIM=m
17234533	42	RESP=1
17242494	42	STIM=y
17245302	42	RESP=1
17258575	42	STIM=8
17263437	42	RESP=2
17275433	42	STIM=1
17281011	42	RESP=2
17293560	42	STIM=j
17297180	42	RESP=1
17311733	42	STIM=b
17317911	42	RESP=1
17329012	42	STIM=g
17334857	42	RESP=1
17347616	42	STIM=n
17354035	42	RESP=1
17366056	42	STIM=q
17376645	42	RESP=1
17382842	42	STIM=5
17386492	42	RESP=1
17401460	42	STIM=m
17405205	42	RESP=1
17416795	42	STIM=u
17426539	42	RESP=1
17434415	42	STIM=s
17440119	42	RESP=1
17449917	42	STIM=e
17453895	42	RESP=1
17467357	42	STIM=9
17474706	42	RESP=1
17483894	42	STIM=1
17492281	42	RESP=2
17499365	42	STIM=p
17505617	42	RESP=1
17517870	42	STIM=v
17521774	42	RESP=2
17536576	42	STIM=g
17543031	42	RESP=1
17552327	42	STIM=t
17555365	42	RESP=1
17568917	42	STIM=j
17572393	42	RESP=2
17586032	42	STIM=a
17591722	42	RESP=1
17604341	42	STIM=a
17610538	42	RESP=1
17622234	42	STIM=8
17633001	42	RESP=2
17640166	42	STIM=7
17650309	42	RESP=2
17658600	42	STIM=r
17662618	42	RESP=1
17676078	42	STIM=t
17682212	42	RESP=1
17692349	42	STIM=c
17700074	42	RESP=1
17709503	42	STIM=l
17716481	42	RESP=1
17726272	42	STIM=c
17731031	42	RESP=1
17742052	42	STIM=w
17747086	42	RESP=1
17758091	42	STIM=s
17764169	42	RESP=1
17775012	42	STIM=g
17779639	42	RESP=1
17792011	42	STIM=l
17796459	42	RESP=2
17809101	42	STIM=1
17815744	42	RESP=2
17824696	42	STIM=v
17829978	42	RESP=1
17840157	42	STIM=p
17847916	42	RESP=1
17858378	42	STIM=a
17865067	42	RESP=1
17873715	42	STIM=t
17877441	42	RESP=1
17889644	42	STIM=x
17894875	42	RESP=1
17905408	42	STIM=1
17910031	42	RESP=2
17922881	42	STIM=r
17928847	42	RESP=1
17941693	42	STIM=e
17951662	42	RESP=1
17959890	42	STIM=a
17963427	42	RESP=1
17975588	42	STIM=1
17979654	42	RESP=1
17993933	42	STIM=r
17998254	42	RESP=1
18009255	42	STIM=2
18014222	42	RESP=1
18025874	42	STIM=h
18032331	42	RESP=1
18043433	42	STIM=d
18049049	42	RESP=1
18060847	42	STIM=q
18070301	42	RESP=1
18077587	42	STIM=e
18086950	42	RESP=1
18095041	42	STIM=y
18099985	42	RESP=1
18111403	42	STIM=q
18119220	42	RESP=1
18128985	42	STIM=j
18134277	42	RESP=1
18145454	42	STIM=p
18148950	42	RESP=1
18163217	42	STIM=p
18170306	42	RESP=1
18181481	42	STIM=i
18184745	42	RESP=1
18196896	42	STIM=k
18203696	42	RESP=1
18215772	42	STIM=9
18221892	42	RESP=1
18233985	42	STIM=y
18237589	42	RESP=2
18251300	42	STIM=r
18254887	42	RESP=2
18267290	42	STIM=z
18272489	42	RESP=1
18283937	42	STIM=c
18289077	42	RESP=1
18302279	42	STIM=l
18306083	42	RESP=1
18319611	42	STIM=c
18325613	42	RESP=1
18335171	42	STIM=9
18341523	42	RESP=2
18352282	42	STIM=d
18355523	42	RESP=1
18368117	42	STIM=u
18373846	42	RESP=1
18383661	42	STIM=d
18387648	42	RESP=1
18402199	42	STIM=7
18406755	42	RESP=2
18418098	42	STIM=t
18424627	42	RESP=1
18433548	42	STIM=y
18439268	42	RESP=1
18451188	42	STIM=q
18457468	42	RESP=1
18469831	42	STIM=t
18478158	42	RESP=1
18485995	42	STIM=t
18489250	42	RESP=1
18501214	42	STIM=3
18514724	42	RESP=2
18516410	42	STIM=x
18518901	42	RESP=1
18535262	42	STIM=j
18541456	42	RESP=1
18551800	42	STIM=7
18557519	42	RESP=2
18568196	42	STIM=p
18571746	42	RESP=1
18583961	42	STIM=4
18589289	42	RESP=2
18601678	42	STIM=p
18606464	42	RESP=2
18617208	42	STIM=7
18622222	42	RESP=2
18635972	42	STIM=c
18642086	42	RESP=1
18651953	42	STIM=e
18658659	42	RESP=2
18667594	42	STIM=9
18673359	42	RESP=2
18683719	42	STIM=6
18688886	42	RESP=2
18702222	42	STIM=t
18711002	42	RESP=1
18719598	42	STIM=y
18723615	42	RESP=1
18737523	42	STIM=f
18742673	42	RESP=1
18755375	42	STIM=w
18760462	42	RESP=1
18773199	42	STIM=d
18779045	42	RESP=1
18791578	42	STIM=6
18800565	42	RESP=2
18807581	42	STIM=w
18816062	42	RESP=1
18824381	42	STIM=j
18830766	42	RESP=1
18843138	42	STIM=m
18851220	42	RESP=1
18859328	42	STIM=o
18867515	42	RESP=1
18875248	42	STIM=c
18884019	42	RESP=1
18891656	42	STIM=t
18896550	42	RESP=1
18908881	42	STIM=6
18916624	42	RESP=1
18927608	42	STIM=v
18933966	42	RESP=1
18944025	42	STIM=l
18949692	42	RESP=1
18961394	42	STIM=8
18969529	42	RESP=2
18977168	42	STIM=1
18982498	42	RESP=2
18994349	42	STIM=k
18998010	42	RESP=1
19010068	42	STIM=p
19014904	42	RESP=1
19028430	42	STIM=9
19033611	42	RESP=2
19045141	42	STIM=c
19048121	42	RESP=1
19062446	42	STIM=l
19065676	42	RESP=1
19078867	42	STIM=8
19083303	42	RESP=2
19096945	42	STIM=7
19103603	42	RESP=2
19114304	42	STIM=6
19118750	42	RESP=2
19133300	42	STIM=z
19140883	42	RESP=1
19152186	42	STIM=1
19157813	42	RESP=2
19170659	42	STIM=u
19174994	42	RESP=2
19186766	42	STIM=s
19192744	42	RESP=1
19201805	42	STIM=9
19210332	42	RESP=2
19217500	42	STIM=i
19221361	42	RESP=1
19234348	42	STIM=w
19240658	42	RESP=1
19251545	42	STIM=a
19256557	42	RESP=1
19268999	42	STIM=q
19274662	42	RESP=1
19284298	42	STIM=m
19291694	42	RESP=1
19302074	42	STIM=p
19307445	42	RESP=1
19317111	42	STIM=4
19324959	42	RESP=2
19335685	42	STIM=o
19340998	42	RESP=1
19351427	42	STIM=0
19358297	42	RESP=2
19369011	42	STIM=8
19377301	42	RESP=2
19386288	42	STIM=l
19389294	42	RESP=1
19403070	42	STIM=7
19409945	42	RESP=2
19419549	42	STIM=e
19424196	42	RESP=1
19437041	42	STIM=w
19448333	42	RESP=1
19453120	42	STIM=f
19459049	42	RESP=1
19469125	42	STIM=t
19477721	42	RESP=1
19485185	42	STIM=w
19489503	42	RESP=1
19503391	42	STIM=g
19507877	42	RESP=1
19520090	42	STIM=x
19524470	42	RESP=1
19538895	42	STIM=r
19543736	42	RESP=1
19557258	42	STIM=c
19561683	42	RESP=1
19574598	42	STIM=w
19579095	42	RESP=1
19591533	42	STIM=v
19598409	42	RESP=1
19607305	42	STIM=c
19611906	42	RESP=1
19623260	42	STIM=x
19631617	42	RESP=1
19641844	42	STIM=x
19646395	42	RESP=1
19659831	42	STIM=7
19664984	42	RESP=2
19675842	42	STIM=e
19681524	42	RESP=1
19691541	42	STIM=d
19695391	42	RESP=1
19707132	42	STIM=z
19712971	42	RESP=1
19725148	42	STIM=1
19733233	42	RESP=2
19743505	42	STIM=e
19750753	42	RESP=1
19759921	42	STIM=e
19765351	42	RESP=2
19777137	42	STIM=t
19786301	42	RESP=1
19794775	42	STIM=8
19798666	42	RESP=2
19812906	42	STIM=o
19817900	42	RESP=1
19830657	42	STIM=n
19835684	42	RESP=1
19849386	42	STIM=k
19853236	42	RESP=1
19864535	42	STIM=n
19871307	42	RESP=1
19880994	42	STIM=u
19888041	42	RESP=1
19897386	42	STIM=u
19904804	42	RESP=1
19913598	42	STIM=m
19921452	42	RESP=1
19929000	42	STIM=c
19935201	42	RESP=1
19945766	42	STIM=q
19960792	42	RESP=1
19961835	42	STIM=g
19967470	42	RESP=1
19979549	42	STIM=y
19984772	42	RESP=1
19995701	42	STIM=m
20000242	42	RESP=1
20014059	42	STIM=3
20020005	42	RESP=2
20033015	42	STIM=y
20039936	42	RESP=2
20051406	42	STIM=f
20058556	42	RESP=1
20069045	42	STIM=y
20076708	42	RESP=1
20084720	42	STIM=c
20104628	42	RESP=1
20104728	42	STIM=k
20111606	42	RESP=1
20119849	42	STIM=u
20124863	42	RESP=1
20136918	42	STIM=r
20143138	42	RESP=1
20154615	42	STIM=e
20159397	42	RESP=1
20170794	42	STIM=b
20174336	42	RESP=1
20187547	42	STIM=5
20190982	42	RESP=2
20206143	42	STIM=0
20212160	42	RESP=2
20221846	42	STIM=g
20228110	42	RESP=1
20238851	42	STIM=r
20243769	42	RESP=1
20257016	42	STIM=m
20262624	42	RESP=1
20274478	42	STIM=c
20284763	42	RESP=1
20293102	42	STIM=q
20300488	42	RESP=1
20309723	42	STIM=f
20314316	42	RESP=1
20326152	42	STIM=s
20329917	42	RESP=2
20344596	42	STIM=u
20349009	42	RESP=1
20361893	42	STIM=d
20366917	42	RESP=1
20378986	42	STIM=l
20383570	42	RESP=1
20395096	42	STIM=p
20400066	42	RESP=1
20411348	42	STIM=k
20417955	42	RESP=1
20428720	42	STIM=x
20433643	42	RESP=1
20444675	42	STIM=u
20450305	42	RESP=1
20460833	42	STIM=3
20469222	42	RESP=2
20475924	42	STIM=r
20480935	42	RESP=1
20491787	42	STIM=b
20495504	42	RESP=1
20508592	42	STIM=m
20513331	42	RESP=1
20526014	42	STIM=p
20530432	42	RESP=1
20541797	42	STIM=f
20550528	42	RESP=1
20557082	42	STIM=j
20561327	42	RESP=1
20574699	42	STIM=r
20579405	42	RESP=1
20592055	42	STIM=q
20595503	42	RESP=1
20608271	42	STIM=s
20617053	42	RESP=1
20627132	42	STIM=u
20630858	42	RESP=1
20644646	42	STIM=9
20650156	42	RESP=2
20662698	42	STIM=a
20667340	42	RESP=1
20678215	42	STIM=w
20681660	42	RESP=1
20696835	42	STIM=m
20703089	42	RESP=1
20714906	42	STIM=g
20719226	42	RESP=2
20733185	42	STIM=q
20736884	42	RESP=1
20750093	42	STIM=q
20754254	42	RESP=1
20766362	42	STIM=g
20773442	42	RESP=1
20784616	42	STIM=p
20793922	42	RESP=1
20801544	42	STIM=4
20808164	42	RESP=2
20818671	42	STIM=k
20823310	42	RESP=1
20834984	42	STIM=u
20840198	42	RESP=1
20850231	42	STIM=l
20854144	42	RESP=2
20868444	42	STIM=g
20873180	42	RESP=1
20884157	42	STIM=z
20887316	42	RESP=1
20903150	42	STIM=n
20910666	42	RESP=1
20920804	42	STIM=h
20928940	42	RESP=1
20937258	42	STIM=l
20945677	42	RESP=1
20956040	42	STIM=w
20961690	42	RESP=1
20971724	42	STIM=8
20976338	42	RESP=2
20990517	42	STIM=p
20995996	42	RESP=1
21008776	42	STIM=c
21014346	42	RESP=1
21025540	42	STIM=p
21031618	42	RESP=1
21041472	42	STIM=t
21046953	42	RESP=1
21056996	42	STIM=g
21060993	42	RESP=1
21074477	42	STIM=6
21083183	42	RESP=2
21092382	42	STIM=q
21096960	42	RESP=1
21107847	42	STIM=5
21114406	42	RESP=2
21126652	42	STIM=o
21132427	42	RESP=1
21145351	42	STIM=5
21151249	42	RESP=2
21161454	42	STIM=m
21166257	42	RESP=1
21178530	42	STIM=r
21182038	42	RESP=1
21195443	42	STIM=e
21200334	42	RESP=1
21212810	42	STIM=a
21215597	42	RESP=1
21231040	42	STIM=o
21240710	42	RESP=1
21246459	42	STIM=k
21253600	42	RESP=1
21264987	42	STIM=i
21274693	42	RESP=1
21280271	42	STIM=h
21283440	42	RESP=1
21295642	42	STIM=5
21304241	42	RESP=2
21313058	42	STIM=0
21318007	42	RESP=2
21331606	42	STIM=s
21337245	42	RESP=1
21348152	42	STIM=v
21354862	42	RESP=2
21366723	42	STIM=d
21369923	42	RESP=1
21383620	42	STIM=2
21389399	42	RESP=2
21400981	42	STIM=c
21403730	42	RESP=1
21419121	42	STIM=f
21424606	42	RESP=1
21437866	42	STIM=b
21449493	42	RESP=1
21452958	42	STIM=x
21462714	42	RESP=1
21468744	42	STIM=q
21475196	42	RESP=1
21484967	42	STIM=v
21488576	42	RESP=1
21500066	42	STIM=p
21507345	42	RESP=1
21517348	42	STIM=0
21526254	42	RESP=2
21532829	42	STIM=z
21538417	42	RESP=1
21551420	42	STIM=5
21555055	42	RESP=2
21567194	42	STIM=4
21572224	42	RESP=2
21585181	42	STIM=0
21590758	42	RESP=2
21602767	42	STIM=h
21608983	42	RESP=1
21619178	42	STIM=r
21625379	42	RESP=1
21635545	42	STIM=z
21640988	42	RESP=1
21653746	42	STIM=d
21657883	42	RESP=1
21672563	42	STIM=s
21684248	42	RESP=1
21689760	42	STIM=7
21696704	42	RESP=1
21705145	42	STIM=1
21711848	42	RESP=1
21721697	42	STIM=o
21730721	42	RESP=2
21738429	42	STIM=6
21744279	42	RESP=2
