# Original filename: 0025_JBA_2017-04-15.log
# Time unit: 100 us
# RARECAT=digit
#
# Time	HHGG	Event
37434	42	STIM=a
46279	42	RESP=1
52820	42	STIM=k
56589	42	RESP=1
70306	42	STIM=c
74760	42	RESP=1
88768	42	STIM=e
94866	42	RESP=1
106999	42	STIM=5
113174	42	RESP=2
124113	42	STIM=w
127158	42	RESP=1
141452	42	STIM=9
146619	42	RESP=2
159179	42	STIM=8
166318	42	RESP=2
174934	42	STIM=9
181340	42	RESP=1
191051	42	STIM=i
194653	42	RESP=1
208963	42	STIM=d
215604	42	RESP=1
224167	42	STIM=u
227823	42	RESP=1
241513	42	STIM=t
245998	42	RESP=1
259307	42	STIM=0
265453	42	RESP=2
274739	42	STIM=c
279083	42	RESP=1
292675	42	STIM=e
296564	42	RESP=1
308260	42	STIM=a
310632	42	RESP=2
325892	42	STIM=o
336163	42	RESP=1
341893	42	STIM=m
346522	42	RESP=1
359123	42	STIM=v
362509	42	RESP=1
377458	42	STIM=n
381923	42	RESP=1
394760	42	STIM=d
399431	42	RESP=1
412795	42	STIM=r
417806	42	RESP=1
428358	42	STIM=p
432010	42	RESP=1
446009	42	STIM=r
450269	42	RESP=1
462983	42	STIM=d
468125	42	RESP=1
480210	42	STIM=i
485023	42	RESP=1
498654	42	STIM=8
503849	42	RESP=2
517639	42	STIM=a
521685	42	RESP=2
535224	42	STIM=f
539188	42	RESP=1
551987	42	STIM=z
556193	42	RESP=1
570455	42	STIM=h
574665	42	RESP=1
589025	42	STIM=e
593043	42	RESP=1
604820	42	STIM=h
609134	42	RESP=1
623583	42	STIM=s
627411	42	RESP=1
639560	42	STIM=z
649083	42	RESP=1
657265	42	STIM=f
660593	42	RESP=1
672955	42	STIM=6
676691	42	RESP=2
688380	42	STIM=c
694695	42	RESP=1
707219	42	STIM=x
711066	42	RESP=1
723716	42	STIM=0
728885	42	RESP=2
742074	42	STIM=o
747776	42	RESP=1
760181	42	STIM=p
764956	42	RESP=1
777473	42	STIM=z
783802	42	RESP=1
795681	42	STIM=z
798396	42	RESP=1
814128	42	STIM=5
820139	42	RESP=2
832956	42	STIM=c
837601	42	RESP=2
850760	42	STIM=9
857812	42	RESP=2
867364	42	STIM=g
874006	42	RESP=1
883732	42	STIM=z
890300	42	RESP=1
902289	42	STIM=8
907518	42	RESP=2
919925	42	STIM=c
925317	42	RESP=1
935889	42	STIM=c
941780	42	RESP=1
954622	42	STIM=i
959954	42	RESP=1
970827	42	STIM=x
977401	42	RESP=2
986851	42	STIM=n
989871	42	RESP=1
1005279	42	STIM=g
1012732	42	RESP=1
1020596	42	STIM=o
1025357	42	RESP=1
1036191	42	STIM=7
1045902	42	RESP=2
1053937	42	STIM=v
1060054	42	RESP=1
1070960	42	STIM=3
1076306	42	RESP=2
1089840	42	STIM=z
1092570	42	RESP=1
1108316	42	STIM=l
1111412	42	RESP=1
1123513	42	STIM=t
1127971	42	RESP=1
1142327	42	STIM=2
1148910	42	RESP=2
1158307	42	STIM=l
1164396	42	RESP=1
1176578	42	STIM=d
1181765	42	RESP=1
1194939	42	STIM=a
1201403	42	RESP=1
1213185	42	STIM=u
1220480	42	RESP=1
1229892	42	STIM=n
1234671	42	RESP=1
1248366	42	STIM=n
1254527	42	RESP=1
1267014	42	STIM=o
1270673	42	RESP=1
1282803	42	STIM=q
1289506	42	RESP=1
1300983	42	STIM=t
1306838	42	RESP=1
1318293	42	STIM=3
1323300	42	RESP=2
1335367	42	STIM=4
1340209	42	RESP=2
1352962	42	STIM=8
1357715	42	RESP=2
1370524	42	STIM=f
1376037	42	RESP=1
1386801	42	STIM=y
1391017	42	RESP=1
1403820	42	STIM=u
1408745	42	RESP=1
1422416	42	STIM=3
1427249	42	RESP=2
1440520	42	STIM=z
1444969	42	RESP=1
1457815	42	STIM=m
1460699	42	RESP=1
1475368	42	STIM=f
1480174	42	RESP=1
1491676	42	STIM=j
1495783	42	RESP=1
1508020	42	STIM=a
1512789	42	RESP=1
1523467	42	STIM=6
1527622	42	RESP=2
1540520	42	STIM=m
1545323	42	RESP=1
1558921	42	STIM=f
1563342	42	RESP=1
1576645	42	STIM=r
1581867	42	RESP=1
1594454	42	STIM=m
1598137	42	RESP=1
1611621	42	STIM=h
1615810	42	RESP=1
1629748	42	STIM=n
1637327	42	RESP=1
1647854	42	STIM=r
1657589	42	RESP=1
1666176	42	STIM=w
1678191	42	RESP=1
1684484	42	STIM=k
1690441	42	RESP=1
1701867	42	STIM=q
1704763	42	RESP=1
1717852	42	STIM=8
1723808	42	RESP=2
1733383	42	STIM=v
1738562	42	RESP=2
1750021	42	STIM=q
1754401	42	RESP=1
1768045	42	STIM=z
1775519	42	RESP=1
1783279	42	STIM=6
1788614	42	RESP=1
1798480	42	STIM=n
1805593	42	RESP=1
1814259	42	STIM=9
1822390	42	RESP=2
1831746	42	STIM=6
1835530	42	RESP=2
1847917	42	STIM=x
1851318	42	RESP=1
1863410	42	STIM=f
1868260	42	RESP=1
1879556	42	STIM=k
1885150	42	RESP=1
1897780	42	STIM=d
1901069	42	RESP=1
1913759	42	STIM=y
1917930	42	RESP=1
1932436	42	STIM=0
1938580	42	RESP=2
1949046	42	STIM=d
1951832	42	RESP=1
1964274	42	STIM=i
1970981	42	RESP=1
1979489	42	STIM=j
1983762	42	RESP=1
1998026	42	STIM=l
2002405	42	RESP=1
2014791	42	STIM=d
2020927	42	RESP=1
2032162	42	STIM=u
2040986	42	RESP=1
2050922	42	STIM=m
2055814	42	RESP=1
2068663	42	STIM=x
2075305	42	RESP=1
2084580	42	STIM=y
2089324	42	RESP=1
2103108	42	STIM=t
2109367	42	RESP=1
2119564	42	STIM=s
2123768	42	RESP=1
2134668	42	STIM=z
2138146	42	RESP=1
2152519	42	STIM=z
2156403	42	RESP=1
2168806	42	STIM=g
2171262	42	RESP=1
2187313	42	STIM=u
2190507	42	RESP=1
2206118	42	STIM=2
2212405	42	RESP=2
2224915	42	STIM=v
2229806	42	RESP=1
2240900	42	STIM=0
2244429	42	RESP=2
2259328	42	STIM=x
2263508	42	RESP=1
2278070	42	STIM=b
2282707	42	RESP=1
2297031	42	STIM=o
2300377	42	RESP=1
2315865	42	STIM=q
2319864	42	RESP=1
2330941	42	STIM=o
2335847	42	RESP=1
2349186	42	STIM=o
2354254	42	RESP=1
2368079	42	STIM=7
2373158	42	RESP=2
2385843	42	STIM=w
2390603	42	RESP=1
2400939	42	STIM=o
2403799	42	RESP=1
2417976	42	STIM=6
2422084	42	RESP=2
2433579	42	STIM=t
2438299	42	RESP=1
2449081	42	STIM=d
2452177	42	RESP=1
2467943	42	STIM=j
2473864	42	RESP=1
2483669	42	STIM=c
2486537	42	RESP=1
2501577	42	STIM=n
2507130	42	RESP=1
2518697	42	STIM=e
2523029	42	RESP=1
2535119	42	STIM=d
2538678	42	RESP=1
2552804	42	STIM=v
2561361	42	RESP=1
2568921	42	STIM=r
2574178	42	RESP=1
2587229	42	STIM=3
2592344	42	RESP=2
2602719	42	STIM=9
2614238	42	RESP=2
2619882	42	STIM=x
2622922	42	RESP=1
2637844	42	STIM=f
2645254	42	RESP=1
2653747	42	STIM=t
2658744	42	RESP=1
2672296	42	STIM=r
2677732	42	RESP=1
2689974	42	STIM=i
2693327	42	RESP=1
2705655	42	STIM=z
2711152	42	RESP=1
2721899	42	STIM=x
2725464	42	RESP=1
2740163	42	STIM=u
2743641	42	RESP=1
2757302	42	STIM=r
2761399	42	RESP=1
2773775	42	STIM=u
2777085	42	RESP=1
2792618	42	STIM=k
2795813	42	RESP=1
2810277	42	STIM=i
2814656	42	RESP=1
2829102	42	STIM=q
2833127	42	RESP=1
2846757	42	STIM=j
2853681	42	RESP=1
2865271	42	STIM=1
2872281	42	RESP=2
2883710	42	STIM=k
2888949	42	RESP=1
2899948	42	STIM=x
2904586	42	RESP=1
2918576	42	STIM=z
2924583	42	RESP=1
2936012	42	STIM=j
2940369	42	RESP=1
2953089	42	STIM=2
2956857	42	RESP=2
2969574	42	STIM=d
2975675	42	RESP=1
2985782	42	STIM=b
2990809	42	RESP=1
3004777	42	STIM=w
3011588	42	RESP=1
3022238	42	STIM=x
3030846	42	RESP=1
3040550	42	STIM=3
3046602	42	RESP=2
3058308	42	STIM=k
3068051	42	RESP=1
3075099	42	STIM=h
3079094	42	RESP=1
3090590	42	STIM=q
3093382	42	RESP=1
3106977	42	STIM=j
3115691	42	RESP=1
3125417	42	STIM=t
3129884	42	RESP=1
3144046	42	STIM=6
3152905	42	RESP=1
3160668	42	STIM=d
3168520	42	RESP=1
3177387	42	STIM=b
3180846	42	RESP=1
3194309	42	STIM=2
3199689	42	RESP=2
3211312	42	STIM=t
3215920	42	RESP=1
3229931	42	STIM=j
3233703	42	RESP=1
3248585	42	STIM=n
3252285	42	RESP=1
3266102	42	STIM=a
3270518	42	RESP=1
3283021	42	STIM=m
3293765	42	RESP=1
3300753	42	STIM=k
3304001	42	RESP=1
3318060	42	STIM=x
3323043	42	RESP=1
3336781	42	STIM=p
3343233	42	RESP=1
3352186	42	STIM=9
3358188	42	RESP=2
3370040	42	STIM=6
3373581	42	RESP=2
3386944	42	STIM=y
3393332	42	RESP=1
3405728	42	STIM=i
3410015	42	RESP=1
3420732	42	STIM=v
3426472	42	RESP=1
3436600	42	STIM=w
3442285	42	RESP=1
3453523	42	STIM=1
3460319	42	RESP=1
3471165	42	STIM=8
3476816	42	RESP=2
3487026	42	STIM=b
3490536	42	RESP=1
3503048	42	STIM=e
3508533	42	RESP=1
3521586	42	STIM=k
3525903	42	RESP=1
3537764	42	STIM=j
3540602	42	RESP=1
3553320	42	STIM=w
3558489	42	RESP=1
3571782	42	STIM=f
3575752	42	RESP=1
3590725	42	STIM=5
3597562	42	RESP=2
3607767	42	STIM=v
3614530	42	RESP=2
3624096	42	STIM=z
3628566	42	RESP=1
3642171	42	STIM=k
3649927	42	RESP=1
3657754	42	STIM=f
3661842	42	RESP=1
3674814	42	STIM=j
3679594	42	RESP=1
3691991	42	STIM=w
3695892	42	RESP=1
3709941	42	STIM=s
3714566	42	RESP=1
3728473	42	STIM=4
3732740	42	RESP=2
3745518	42	STIM=1
3749105	42	RESP=2
3763655	42	STIM=j
3770645	42	RESP=1
3778717	42	STIM=u
3781403	42	RESP=1
3795253	42	STIM=0
3799291	42	RESP=2
3813363	42	STIM=h
3816292	42	RESP=1
3830442	42	STIM=k
3834772	42	RESP=1
3845872	42	STIM=u
3849747	42	RESP=1
3863541	42	STIM=c
3869281	42	RESP=1
3880084	42	STIM=b
3886570	42	RESP=1
3898804	42	STIM=8
3904525	42	RESP=2
3917045	42	STIM=x
3920944	42	RESP=1
3934648	42	STIM=u
3939375	42	RESP=1
3950664	42	STIM=9
3955216	42	RESP=2
3965678	42	STIM=8
3971763	42	RESP=2
3980780	42	STIM=g
3985091	42	RESP=1
3997659	42	STIM=h
4002167	42	RESP=1
4016190	42	STIM=w
4024856	42	RESP=1
4035142	42	STIM=m
4041784	42	RESP=1
4051199	42	STIM=5
4056726	42	RESP=2
4066907	42	STIM=f
4071839	42	RESP=1
4083797	42	STIM=t
4089106	42	RESP=2
4102758	42	STIM=e
4107077	42	RESP=1
4120375	42	STIM=c
4125065	42	RESP=1
4136424	42	STIM=x
4140120	42	RESP=1
4151629	42	STIM=m
4155943	42	RESP=1
4170382	42	STIM=j
4175719	42	RESP=1
4186553	42	STIM=u
4190859	42	RESP=1
4204423	42	STIM=v
4209315	42	RESP=1
4220727	42	STIM=0
4225783	42	RESP=2
4239071	42	STIM=9
4242733	42	RESP=2
4256771	42	STIM=u
4260349	42	RESP=1
4274359	42	STIM=u
4279244	42	RESP=1
4292157	42	STIM=o
4296696	42	RESP=1
4308949	42	STIM=o
4314707	42	RESP=1
4326282	42	STIM=p
4332228	42	RESP=1
4343023	42	STIM=0
4347234	42	RESP=2
4361147	42	STIM=e
4365922	42	RESP=1
4377069	42	STIM=a
4380030	42	RESP=2
4394916	42	STIM=x
4400514	42	RESP=1
4411966	42	STIM=v
4417298	42	RESP=1
4430661	42	STIM=i
4435375	42	RESP=1
4447599	42	STIM=g
4451769	42	RESP=1
4463782	42	STIM=q
4472526	42	RESP=1
4481617	42	STIM=r
4485230	42	RESP=1
4498132	42	STIM=8
4503508	42	RESP=2
4513783	42	STIM=3
4518613	42	RESP=2
4531081	42	STIM=4
4535948	42	RESP=1
4546677	42	STIM=g
4550580	42	RESP=1
4564363	42	STIM=c
4567308	42	RESP=1
4583174	42	STIM=3
4588134	42	RESP=2
4599844	42	STIM=v
4609019	42	RESP=1
4615775	42	STIM=w
4624170	42	RESP=1
4634412	42	STIM=l
4638604	42	RESP=1
4653304	42	STIM=3
4661758	42	RESP=2
4668647	42	STIM=i
4672733	42	RESP=1
4687484	42	STIM=l
4691879	42	RESP=1
4705584	42	STIM=d
4710041	42	RESP=1
4720678	42	STIM=3
4727770	42	RESP=2
4738695	42	STIM=u
4744591	42	RESP=1
4753762	42	STIM=8
4758053	42	RESP=2
4768824	42	STIM=m
4777440	42	RESP=1
4786089	42	STIM=u
4790377	42	RESP=1
4803660	42	STIM=j
4806872	42	RESP=1
4820247	42	STIM=g
4822620	42	RESP=1
4835572	42	STIM=3
4840612	42	RESP=2
4852954	42	STIM=x
4858286	42	RESP=1
4870900	42	STIM=r
4875963	42	RESP=1
4887390	42	STIM=y
4890850	42	RESP=1
4903226	42	STIM=f
4910137	42	RESP=1
4921139	42	STIM=0
4929610	42	RESP=2
4938902	42	STIM=u
4942992	42	RESP=1
4955443	42	STIM=p
4961817	42	RESP=1
4972420	42	STIM=n
4975366	42	RESP=1
4987615	42	STIM=s
4991401	42	RESP=1
5002987	42	STIM=a
5006087	42	RESP=1
5018762	42	STIM=m
5025237	42	RESP=1
5037754	42	STIM=s
5042366	42	RESP=1
5056031	42	STIM=q
5060506	42	RESP=1
5074790	42	STIM=s
5079686	42	RESP=1
5093430	42	STIM=m
5098247	42	RESP=1
5110830	42	STIM=g
5114045	42	RESP=1
5126322	42	STIM=6
5130314	42	RESP=1
5142679	42	STIM=9
5146767	42	RESP=2
5160432	42	STIM=0
5165293	42	RESP=2
5177210	42	STIM=e
5183492	42	RESP=1
5195116	42	STIM=u
5200707	42	RESP=1
5212969	42	STIM=r
5216126	42	RESP=1
5230748	42	STIM=2
5236703	42	RESP=2
5248907	42	STIM=b
5252860	42	RESP=1
5264587	42	STIM=e
5268469	42	RESP=1
5281895	42	STIM=e
5285140	42	RESP=1
5300643	42	STIM=o
5305318	42	RESP=1
5316418	42	STIM=3
5321076	42	RESP=2
5332184	42	STIM=c
5341682	42	RESP=1
5350243	42	STIM=q
5353104	42	RESP=1
5367873	42	STIM=k
5370270	42	RESP=1
5385174	42	STIM=j
5392161	42	RESP=1
5403190	42	STIM=v
5407636	42	RESP=1
5419605	42	STIM=a
5426466	42	RESP=1
5437603	42	STIM=z
5441230	42	RESP=1
5455626	42	STIM=i
5460413	42	RESP=1
5473364	42	STIM=l
5479598	42	RESP=1
5492355	42	STIM=1
5498936	42	RESP=2
5510527	42	STIM=x
5515418	42	RESP=1
5528168	42	STIM=u
5533155	42	RESP=2
5544682	42	STIM=m
5548318	42	RESP=1
5563294	42	STIM=r
5567114	42	RESP=1
5579322	42	STIM=q
5583406	42	RESP=1
5595199	42	STIM=9
5600019	42	RESP=2
5611761	42	STIM=x
5616032	42	RESP=1
5627496	42	STIM=h
5631550	42	RESP=1
5644241	42	STIM=p
5647772	42	RESP=1
5660230	42	STIM=n
5665466	42	RESP=1
5676590	42	STIM=g
5679053	42	RESP=1
5692508	42	STIM=m
5697239	42	RESP=1
5710832	42	STIM=a
5719473	42	RESP=1
5726106	42	STIM=p
5729757	42	RESP=1
5742951	42	STIM=p
5746313	42	RESP=1
5760172	42	STIM=0
5767531	42	RESP=2
5778494	42	STIM=x
5786449	42	RESP=1
5796255	42	STIM=z
5799932	42	RESP=2
5811805	42	STIM=q
5820564	42	RESP=1
5828427	42	STIM=a
5832915	42	RESP=1
5845302	42	STIM=7
5853396	42	RESP=2
5864063	42	STIM=l
5869278	42	RESP=1
5880364	42	STIM=8
5884789	42	RESP=2
5895840	42	STIM=d
5898970	42	RESP=1
5910985	42	STIM=6
5917381	42	RESP=2
5926194	42	STIM=h
5929801	42	RESP=1
5944253	42	STIM=7
5948483	42	RESP=2
5959432	42	STIM=r
5963726	42	RESP=1
5975153	42	STIM=x
5978835	42	RESP=1
5993888	42	STIM=a
5998242	42	RESP=1
6011333	42	STIM=q
6016342	42	RESP=1
6026400	42	STIM=c
6031786	42	RESP=1
6042621	42	STIM=8
6050302	42	RESP=2
6060565	42	STIM=c
6066009	42	RESP=1
6076077	42	STIM=h
6080109	42	RESP=1
6093047	42	STIM=3
6097946	42	RESP=1
6111789	42	STIM=g
6116900	42	RESP=1
6129887	42	STIM=z
6135751	42	RESP=1
6147566	42	STIM=n
6153226	42	RESP=1
6164203	42	STIM=o
6168524	42	RESP=1
6180679	42	STIM=2
6185538	42	RESP=2
6199497	42	STIM=3
6203207	42	RESP=2
6218036	42	STIM=q
6221649	42	RESP=1
6234540	42	STIM=b
6238296	42	RESP=1
6253179	42	STIM=1
6259676	42	RESP=2
6269689	42	STIM=p
6275526	42	RESP=1
6287558	42	STIM=t
6292640	42	RESP=1
6305433	42	STIM=5
6309790	42	RESP=2
6321357	42	STIM=p
6327574	42	RESP=1
6338721	42	STIM=0
6347484	42	RESP=2
6356974	42	STIM=s
6360332	42	RESP=1
6373659	42	STIM=j
6377068	42	RESP=1
6390341	42	STIM=l
6395376	42	RESP=1
6409104	42	STIM=p
6414545	42	RESP=1
6424301	42	STIM=o
6427346	42	RESP=1
6440761	42	STIM=7
6448534	42	RESP=2
6459701	42	STIM=y
6468121	42	RESP=1
6477003	42	STIM=w
6480304	42	RESP=1
6493776	42	STIM=p
6500176	42	RESP=1
6511010	42	STIM=n
6515439	42	RESP=1
6527411	42	STIM=i
6531860	42	RESP=1
6545597	42	STIM=s
6551623	42	RESP=1
6561449	42	STIM=e
6565485	42	RESP=1
6579255	42	STIM=5
6584448	42	RESP=2
6594964	42	STIM=x
6602352	42	RESP=1
6613836	42	STIM=r
6618329	42	RESP=1
6630658	42	STIM=e
6634607	42	RESP=1
6649526	42	STIM=j
6654704	42	RESP=1
6666937	42	STIM=5
6673213	42	RESP=2
6684970	42	STIM=p
6688482	42	RESP=1
6701148	42	STIM=q
6707044	42	RESP=1
6718885	42	STIM=g
6721216	42	RESP=1
6736917	42	STIM=0
6740883	42	RESP=2
6755863	42	STIM=u
6760488	42	RESP=1
6772669	42	STIM=x
6781226	42	RESP=1
6789058	42	STIM=z
6791875	42	RESP=1
6806645	42	STIM=d
6810979	42	RESP=1
6822415	42	STIM=e
6827451	42	RESP=1
6841305	42	STIM=0
6845600	42	RESP=2
6859732	42	STIM=u
6864318	42	RESP=1
6878151	42	STIM=j
6881528	42	RESP=1
6893600	42	STIM=p
6898193	42	RESP=1
6908671	42	STIM=0
6913103	42	RESP=1
6924808	42	STIM=j
6927487	42	RESP=1
6941628	42	STIM=2
6946254	42	RESP=2
6958357	42	STIM=y
6965591	42	RESP=1
6975653	42	STIM=d
6978430	42	RESP=1
6990946	42	STIM=f
6994293	42	RESP=1
7008119	42	STIM=v
7012136	42	RESP=1
7026053	42	STIM=5
7031887	42	RESP=2
7044334	42	STIM=9
7050362	42	RESP=2
7060398	42	STIM=1
7063828	42	RESP=2
7078271	42	STIM=m
7087592	42	RESP=1
7094256	42	STIM=3
7103884	42	RESP=2
7110302	42	STIM=r
7118113	42	RESP=1
7128094	42	STIM=y
7132106	42	RESP=1
7145873	42	STIM=m
7149222	42	RESP=1
7162131	42	STIM=v
7166199	42	RESP=1
7177547	42	STIM=d
7180935	42	RESP=1
7193562	42	STIM=v
7198301	42	RESP=1
7211499	42	STIM=k
7217770	42	RESP=1
7226667	42	STIM=m
7230296	42	RESP=1
7242872	42	STIM=o
7250539	42	RESP=1
7258546	42	STIM=o
7263823	42	RESP=1
7277103	42	STIM=j
7281224	42	RESP=1
7293723	42	STIM=n
7298398	42	RESP=1
7312530	42	STIM=o
7317726	42	RESP=1
7327658	42	STIM=c
7334025	42	RESP=2
7346656	42	STIM=b
7349781	42	RESP=1
7363986	42	STIM=2
7368888	42	RESP=2
7382556	42	STIM=z
7390410	42	RESP=1
7399007	42	STIM=i
7403445	42	RESP=1
7414801	42	STIM=b
7418948	42	RESP=1
7431781	42	STIM=4
7437508	42	RESP=2
7448496	42	STIM=u
7457317	42	RESP=1
7463878	42	STIM=v
7469790	42	RESP=1
7480500	42	STIM=6
7485369	42	RESP=2
7496438	42	STIM=s
7500113	42	RESP=1
7512776	42	STIM=1
7516814	42	RESP=1
7531260	42	STIM=l
7535550	42	RESP=1
7547645	42	STIM=u
7552225	42	RESP=1
7565760	42	STIM=8
7572688	42	RESP=2
7582775	42	STIM=v
7586122	42	RESP=2
7599633	42	STIM=0
7604237	42	RESP=2
7616068	42	STIM=a
7620409	42	RESP=1
7632590	42	STIM=k
7640805	42	RESP=1
7648362	42	STIM=9
7652766	42	RESP=2
7664463	42	STIM=s
7666918	42	RESP=1
7683290	42	STIM=g
7686140	42	RESP=1
7701440	42	STIM=p
7705272	42	RESP=1
7720292	42	STIM=j
7722953	42	RESP=1
7736435	42	STIM=s
7742746	42	RESP=1
7753152	42	STIM=0
7760097	42	RESP=2
7769878	42	STIM=h
7775119	42	RESP=1
7786045	42	STIM=d
7791440	42	RESP=2
7801303	42	STIM=j
7804498	42	RESP=1
7820244	42	STIM=s
7824148	42	RESP=1
7835408	42	STIM=q
7839566	42	RESP=1
7854407	42	STIM=g
7861909	42	RESP=1
7871088	42	STIM=7
7875529	42	RESP=2
7889766	42	STIM=p
7894154	42	RESP=1
7908358	42	STIM=f
7912831	42	RESP=1
7925620	42	STIM=m
7930233	42	RESP=1
7940781	42	STIM=b
7945239	42	RESP=1
7955841	42	STIM=w
7960722	42	RESP=1
7973722	42	STIM=d
7976672	42	RESP=1
7990494	42	STIM=m
7996866	42	RESP=1
8008764	42	STIM=j
8013106	42	RESP=1
8023961	42	STIM=1
8028118	42	RESP=2
8041552	42	STIM=r
8044964	42	RESP=1
8059532	42	STIM=m
8063608	42	RESP=1
8078013	42	STIM=x
8083773	42	RESP=2
8094071	42	STIM=g
8097855	42	RESP=1
8109146	42	STIM=6
8113719	42	RESP=2
8125258	42	STIM=k
8131474	42	RESP=1
8144131	42	STIM=2
8148661	42	RESP=2
8161764	42	STIM=s
8169092	42	RESP=1
8177701	42	STIM=5
8183269	42	RESP=2
8195475	42	STIM=b
8198996	42	RESP=1
8214174	42	STIM=g
8218875	42	RESP=1
8231611	42	STIM=h
8237347	42	RESP=1
8250415	42	STIM=m
8254824	42	RESP=1
8268622	42	STIM=7
8277394	42	RESP=2
8284857	42	STIM=k
8289773	42	RESP=1
8303350	42	STIM=l
8308664	42	RESP=2
8319958	42	STIM=b
8323582	42	RESP=1
8336328	42	STIM=6
8341074	42	RESP=2
8353809	42	STIM=d
8358631	42	RESP=1
8370431	42	STIM=v
8373073	42	RESP=1
8388306	42	STIM=j
8392101	42	RESP=1
8404811	42	STIM=c
8410145	42	RESP=1
8423123	42	STIM=d
8426670	42	RESP=1
8441080	42	STIM=e
8446793	42	RESP=1
8457859	42	STIM=d
8464177	42	RESP=1
8476123	42	STIM=y
8480138	42	RESP=1
8493536	42	STIM=j
8497514	42	RESP=1
8509336	42	STIM=d
8515813	42	RESP=1
8528169	42	STIM=b
8531919	42	RESP=1
8545805	42	STIM=v
8549921	42	RESP=1
8562944	42	STIM=g
8565931	42	RESP=1
8579486	42	STIM=k
8586471	42	RESP=1
8596607	42	STIM=2
8603946	42	RESP=2
8613156	42	STIM=u
8617250	42	RESP=1
8629810	42	STIM=u
8633820	42	RESP=1
8648190	42	STIM=j
8653199	42	RESP=1
8666096	42	STIM=w
8671536	42	RESP=1
8681814	42	STIM=d
8687416	42	RESP=1
8697231	42	STIM=l
8702890	42	RESP=1
8715260	42	STIM=u
8719848	42	RESP=1
8733768	42	STIM=f
8741624	42	RESP=1
8749511	42	STIM=g
8756206	42	RESP=1
8766622	42	STIM=4
8773687	42	RESP=2
8783383	42	STIM=h
8790088	42	RESP=1
8801589	42	STIM=s
8806355	42	RESP=1
8817654	42	STIM=t
8821238	42	RESP=1
8833500	42	STIM=4
8844294	42	RESP=2
8851946	42	STIM=o
8860714	42	RESP=1
8867587	42	STIM=t
8871014	42	RESP=1
8884169	42	STIM=c
8887687	42	RESP=1
8900407	42	STIM=l
8905745	42	RESP=1
8917966	42	STIM=0
8923796	42	RESP=2
8935015	42	STIM=5
8938906	42	RESP=2
8952115	42	STIM=x
8954804	42	RESP=1
8969526	42	STIM=n
8973624	42	RESP=1
8985407	42	STIM=s
8988454	42	RESP=1
9000685	42	STIM=1
9006508	42	RESP=2
9016134	42	STIM=5
9022695	42	RESP=2
9032147	42	STIM=t
9036733	42	RESP=1
9047403	42	STIM=t
9051043	42	RESP=1
9065236	42	STIM=l
9068861	42	RESP=1
9081471	42	STIM=d
9086087	42	RESP=1
9097144	42	STIM=6
9104909	42	RESP=2
9113877	42	STIM=a
9117912	42	RESP=1
9131112	42	STIM=w
9135828	42	RESP=1
9146710	42	STIM=r
9151900	42	RESP=1
9165212	42	STIM=b
9169348	42	RESP=1
9180242	42	STIM=i
9186186	42	RESP=1
9195498	42	STIM=3
9208734	42	RESP=2
9211353	42	STIM=u
9217486	42	RESP=1
9228050	42	STIM=h
9231906	42	RESP=1
9244639	42	STIM=u
9250150	42	RESP=2
9262488	42	STIM=k
9267377	42	RESP=1
9278497	42	STIM=u
9283089	42	RESP=1
9293553	42	STIM=9
9298643	42	RESP=2
9308809	42	STIM=7
9314461	42	RESP=2
9323888	42	STIM=h
9329895	42	RESP=1
9341339	42	STIM=p
9346193	42	RESP=1
9359892	42	STIM=s
9365938	42	RESP=1
9377280	42	STIM=3
9380988	42	RESP=2
9395623	42	STIM=b
9399819	42	RESP=1
9412602	42	STIM=w
9415598	42	RESP=1
9430228	42	STIM=p
9433201	42	RESP=1
9448613	42	STIM=j
9452322	42	RESP=1
9464363	42	STIM=c
9472818	42	RESP=1
9481915	42	STIM=g
9488035	42	RESP=1
9497408	42	STIM=i
9500590	42	RESP=1
9516206	42	STIM=v
9520266	42	RESP=1
9535006	42	STIM=z
9539463	42	RESP=1
9552557	42	STIM=1
9560927	42	RESP=1
9570695	42	STIM=4
9576171	42	RESP=2
9588126	42	STIM=t
9590709	42	RESP=1
9605666	42	STIM=d
9611670	42	RESP=1
9623265	42	STIM=3
9628825	42	RESP=2
9638574	42	STIM=a
9641703	42	RESP=1
9653980	42	STIM=e
9658439	42	RESP=2
9672681	42	STIM=z
9678054	42	RESP=1
9691344	42	STIM=t
9695692	42	RESP=1
9706578	42	STIM=o
9709976	42	RESP=1
9721751	42	STIM=q
9725847	42	RESP=1
9738442	42	STIM=k
9742160	42	RESP=1
9756749	42	STIM=a
9762615	42	RESP=1
9774248	42	STIM=2
9782844	42	RESP=2
9792943	42	STIM=s
9799185	42	RESP=1
9809133	42	STIM=r
9811876	42	RESP=1
9824915	42	STIM=t
9832952	42	RESP=1
9840254	42	STIM=x
9843822	42	RESP=1
9857865	42	STIM=g
9860350	42	RESP=1
9876637	42	STIM=d
9881551	42	RESP=1
9895565	42	STIM=u
9899363	42	RESP=1
9911714	42	STIM=q
9915287	42	RESP=1
9930685	42	STIM=n
9936318	42	RESP=1
9946336	42	STIM=t
9950095	42	RESP=1
9964149	42	STIM=u
9966912	42	RESP=1
9979189	42	STIM=w
9982590	42	RESP=2
9996258	42	STIM=m
10001613	42	RESP=2
10013167	42	STIM=p
10021412	42	RESP=1
10030429	42	STIM=c
10034236	42	RESP=1
10047840	42	STIM=x
10051869	42	RESP=1
10064014	42	STIM=w
10068480	42	RESP=1
10081918	42	STIM=q
10088136	42	RESP=2
10100834	42	STIM=o
10104078	42	RESP=1
10116821	42	STIM=a
10120178	42	RESP=1
10133289	42	STIM=7
10137845	42	RESP=2
10149042	42	STIM=a
10153861	42	RESP=1
10166303	42	STIM=j
10171514	42	RESP=1
10183271	42	STIM=x
10192182	42	RESP=1
10201551	42	STIM=x
10206373	42	RESP=1
10219843	42	STIM=g
10223253	42	RESP=1
10237317	42	STIM=z
10241340	42	RESP=1
10255480	42	STIM=0
10260080	42	RESP=2
10272224	42	STIM=m
10276562	42	RESP=1
10290518	42	STIM=w
10295536	42	RESP=1
10306059	42	STIM=u
10311230	42	RESP=1
10322242	42	STIM=o
10327550	42	RESP=1
10340490	42	STIM=n
10345095	42	RESP=1
10355846	42	STIM=g
10359971	42	RESP=1
10374709	42	STIM=8
10379845	42	RESP=2
10392303	42	STIM=n
10398506	42	RESP=1
10407435	42	STIM=o
10411825	42	RESP=1
10423530	42	STIM=f
10428687	42	RESP=1
10441975	42	STIM=d
10449612	42	RESP=1
10460064	42	STIM=o
10465521	42	RESP=1
10478062	42	STIM=k
10482716	42	RESP=1
10493752	42	STIM=l
10497008	42	RESP=1
10511369	42	STIM=0
10515353	42	RESP=2
10528468	42	STIM=s
10533587	42	RESP=1
10545840	42	STIM=h
10551174	42	RESP=1
10563493	42	STIM=3
10570333	42	RESP=2
10581359	42	STIM=n
10587598	42	RESP=1
10597140	42	STIM=f
10601971	42	RESP=1
10614992	42	STIM=i
10620654	42	RESP=1
10632552	42	STIM=s
10635960	42	RESP=1
10647958	42	STIM=d
10652160	42	RESP=1
10665336	42	STIM=6
10673098	42	RESP=2
10681570	42	STIM=r
10684827	42	RESP=1
10696877	42	STIM=q
10699782	42	RESP=1
10712049	42	STIM=z
10716109	42	RESP=1
10728135	42	STIM=p
10732178	42	RESP=1
10745753	42	STIM=u
10749623	42	RESP=1
10764686	42	STIM=s
10767624	42	RESP=1
10781556	42	STIM=5
10786330	42	RESP=2
10798600	42	STIM=a
10803220	42	RESP=1
10815519	42	STIM=r
10819733	42	RESP=1
10831778	42	STIM=z
10838375	42	RESP=2
10849894	42	STIM=4
10858658	42	RESP=2
10866747	42	STIM=b
10870927	42	RESP=1
10882107	42	STIM=m
10885521	42	RESP=1
10900436	42	STIM=d
10905168	42	RESP=1
10917284	42	STIM=6
10924724	42	RESP=2
10932493	42	STIM=y
10937382	42	RESP=1
10950785	42	STIM=3
10954578	42	RESP=2
10968430	42	STIM=a
10976051	42	RESP=1
10987051	42	STIM=m
10993195	42	RESP=1
11002688	42	STIM=z
11007705	42	RESP=1
11018989	42	STIM=0
11022555	42	RESP=2
11036763	42	STIM=b
11041001	42	RESP=1
11055128	42	STIM=v
11058119	42	RESP=1
11070792	42	STIM=i
11073683	42	RESP=2
11085823	42	STIM=p
11090550	42	RESP=1
11103427	42	STIM=d
11106082	42	RESP=2
11121010	42	STIM=v
11124369	42	RESP=1
11138350	42	STIM=0
11145183	42	RESP=2
11154081	42	STIM=g
11158206	42	RESP=1
11169281	42	STIM=g
11171539	42	RESP=1
11186669	42	STIM=a
11192627	42	RESP=1
11201808	42	STIM=h
11206302	42	RESP=1
11220498	42	STIM=f
11232624	42	RESP=1
11237046	42	STIM=z
11241023	42	RESP=1
11253095	42	STIM=8
11259172	42	RESP=2
11271586	42	STIM=q
11278782	42	RESP=1
11287667	42	STIM=q
11291915	42	RESP=1
11306642	42	STIM=m
11311083	42	RESP=1
11323739	42	STIM=y
11328211	42	RESP=1
11342068	42	STIM=q
11345309	42	RESP=1
11358871	42	STIM=w
11362306	42	RESP=1
11377262	42	STIM=n
11382444	42	RESP=1
11393147	42	STIM=t
11397579	42	RESP=1
11408784	42	STIM=7
11418433	42	RESP=1
11424965	42	STIM=0
11431477	42	RESP=2
11442576	42	STIM=1
11449046	42	RESP=2
11459115	42	STIM=5
11464779	42	RESP=2
11477176	42	STIM=f
11480976	42	RESP=1
11495276	42	STIM=9
11500255	42	RESP=2
11510482	42	STIM=u
11517098	42	RESP=1
11525528	42	STIM=4
11532864	42	RESP=2
11544039	42	STIM=r
11549138	42	RESP=1
11562175	42	STIM=o
11568157	42	RESP=1
11577787	42	STIM=z
11586276	42	RESP=1
11594863	42	STIM=e
11598898	42	RESP=1
11609893	42	STIM=5
11617768	42	RESP=2
11628572	42	STIM=f
11632452	42	RESP=1
11646078	42	STIM=m
11649303	42	RESP=1
11663966	42	STIM=j
11672000	42	RESP=1
11682488	42	STIM=n
11686563	42	RESP=1
11699954	42	STIM=f
11705014	42	RESP=1
11718765	42	STIM=l
11722319	42	RESP=2
11735633	42	STIM=u
11739504	42	RESP=1
11754585	42	STIM=a
11758326	42	RESP=1
11771788	42	STIM=e
11778528	42	RESP=1
11789914	42	STIM=k
11793570	42	RESP=1
11806506	42	STIM=4
11811356	42	RESP=2
11824699	42	STIM=j
11829546	42	RESP=1
11841154	42	STIM=2
11848344	42	RESP=2
11857521	42	STIM=p
11862973	42	RESP=1
11873799	42	STIM=q
11876546	42	RESP=1
11891893	42	STIM=s
11895951	42	RESP=1
11908714	42	STIM=j
11913319	42	RESP=1
11925098	42	STIM=a
11932263	42	RESP=1
11941115	42	STIM=j
11945128	42	RESP=1
11956193	42	STIM=z
11960127	42	RESP=1
11974820	42	STIM=z
11979185	42	RESP=1
11990944	42	STIM=m
11995902	42	RESP=1
12007722	42	STIM=h
12012244	42	RESP=1
12025462	42	STIM=b
12033576	42	RESP=1
12040540	42	STIM=h
12044332	42	RESP=1
12056950	42	STIM=m
12060859	42	RESP=1
12074116	42	STIM=c
12083468	42	RESP=1
12092341	42	STIM=m
12096031	42	RESP=1
12110677	42	STIM=y
12114620	42	RESP=1
12127765	42	STIM=b
12134216	42	RESP=1
12144849	42	STIM=t
12149675	42	RESP=1
12161659	42	STIM=p
12165568	42	RESP=1
12179158	42	STIM=n
12183231	42	RESP=1
12196986	42	STIM=y
12202485	42	RESP=1
12212454	42	STIM=4
12218530	42	RESP=2
12231388	42	STIM=s
12235248	42	RESP=1
12246779	42	STIM=i
12251567	42	RESP=1
12264755	42	STIM=b
12270249	42	RESP=1
12280268	42	STIM=d
12286134	42	RESP=1
12296261	42	STIM=k
12305618	42	RESP=1
12311276	42	STIM=i
12316035	42	RESP=1
12329562	42	STIM=u
12334843	42	RESP=1
12345612	42	STIM=9
12353704	42	RESP=2
12364514	42	STIM=v
12369974	42	RESP=1
12380184	42	STIM=o
12383213	42	RESP=1
12398070	42	STIM=n
12402466	42	RESP=1
12413276	42	STIM=k
12419287	42	RESP=1
12430607	42	STIM=p
12435465	42	RESP=1
12449455	42	STIM=s
12456067	42	RESP=1
12467247	42	STIM=r
12472175	42	RESP=1
12483704	42	STIM=q
12490498	42	RESP=1
12501887	42	STIM=k
12505600	42	RESP=1
12519894	42	STIM=i
12524866	42	RESP=1
12537220	42	STIM=x
12541841	42	RESP=1
12555713	42	STIM=8
12561790	42	RESP=2
12574635	42	STIM=s
12579948	42	RESP=1
12590916	42	STIM=f
12598387	42	RESP=1
12609498	42	STIM=j
12612029	42	RESP=1
12625504	42	STIM=i
12631905	42	RESP=1
12642269	42	STIM=v
12646981	42	RESP=1
12661209	42	STIM=m
12668101	42	RESP=1
12678847	42	STIM=s
12682293	42	RESP=1
12694795	42	STIM=j
12699718	42	RESP=2
12710790	42	STIM=e
12713907	42	RESP=1
12725873	42	STIM=q
12733479	42	RESP=1
12741379	42	STIM=q
12745810	42	RESP=1
12757564	42	STIM=9
12762868	42	RESP=2
12774273	42	STIM=k
12778539	42	RESP=1
12792770	42	STIM=t
12802435	42	RESP=1
12809032	42	STIM=g
12818198	42	RESP=1
12826349	42	STIM=d
12831933	42	RESP=1
12844494	42	STIM=y
12849945	42	RESP=1
12861462	42	STIM=5
12865983	42	RESP=2
12880151	42	STIM=z
12886028	42	RESP=1
12896035	42	STIM=c
12905384	42	RESP=1
12913121	42	STIM=u
12917983	42	RESP=1
12931609	42	STIM=h
12935622	42	RESP=1
12948706	42	STIM=n
12956193	42	RESP=1
12966335	42	STIM=d
12970935	42	RESP=1
12981687	42	STIM=6
12985957	42	RESP=2
13000511	42	STIM=h
13004790	42	RESP=1
13019315	42	STIM=0
13024898	42	RESP=2
13037087	42	STIM=c
13040691	42	RESP=2
13055473	42	STIM=y
13065172	42	RESP=1
13074368	42	STIM=q
13078933	42	RESP=1
13090531	42	STIM=x
13095345	42	RESP=1
13108689	42	STIM=z
13111583	42	RESP=1
13126570	42	STIM=n
13130611	42	RESP=1
13145291	42	STIM=f
13150080	42	RESP=1
13163399	42	STIM=z
13169368	42	RESP=1
13181189	42	STIM=i
13184501	42	RESP=1
13197986	42	STIM=y
13201792	42	RESP=1
13213496	42	STIM=y
13218304	42	RESP=1
13232208	42	STIM=u
13238910	42	RESP=1
13248372	42	STIM=w
13251883	42	RESP=1
13263416	42	STIM=a
13266918	42	RESP=1
13279193	42	STIM=d
13281948	42	RESP=1
13295646	42	STIM=r
13304031	42	RESP=1
13314014	42	STIM=i
13316765	42	RESP=2
13330009	42	STIM=3
13335661	42	RESP=1
13347692	42	STIM=s
13351085	42	RESP=1
13364223	42	STIM=r
13369266	42	RESP=1
13382618	42	STIM=t
13385962	42	RESP=1
13398519	42	STIM=x
13402561	42	RESP=1
13415931	42	STIM=7
13421134	42	RESP=2
13432799	42	STIM=c
13437858	42	RESP=1
13450940	42	STIM=5
13455596	42	RESP=2
13468259	42	STIM=h
13477329	42	RESP=1
13484799	42	STIM=u
13491439	42	RESP=1
13503745	42	STIM=w
13510914	42	RESP=1
13518847	42	STIM=o
13524417	42	RESP=1
13535764	42	STIM=a
13538930	42	RESP=1
13552593	42	STIM=w
13557530	42	RESP=1
13569071	42	STIM=5
13578502	42	RESP=2
13584471	42	STIM=p
13588149	42	RESP=1
13602690	42	STIM=q
13609783	42	RESP=1
13620818	42	STIM=p
13626260	42	RESP=1
13637794	42	STIM=r
13644527	42	RESP=1
13653976	42	STIM=n
13660852	42	RESP=1
13669258	42	STIM=k
13675376	42	RESP=1
13686648	42	STIM=l
13690669	42	RESP=1
13705068	42	STIM=g
13709085	42	RESP=1
13720095	42	STIM=b
13723820	42	RESP=1
13737107	42	STIM=n
13745499	42	RESP=1
13752202	42	STIM=9
13755685	42	RESP=2
13767418	42	STIM=x
13774562	42	RESP=1
13784349	42	STIM=8
13788837	42	RESP=2
13799617	42	STIM=e
13803666	42	RESP=1
13816293	42	STIM=h
13820746	42	RESP=1
13832742	42	STIM=a
13837938	42	RESP=1
13850141	42	STIM=o
13852803	42	RESP=1
13866187	42	STIM=9
13870999	42	RESP=2
13883239	42	STIM=t
13888060	42	RESP=1
13900871	42	STIM=5
13905945	42	RESP=2
13917323	42	STIM=d
13920933	42	RESP=1
13935131	42	STIM=t
13941076	42	RESP=1
13953866	42	STIM=4
13963800	42	RESP=2
13972780	42	STIM=f
13976047	42	RESP=1
13990624	42	STIM=s
13995015	42	RESP=1
14007890	42	STIM=a
14011839	42	RESP=1
14024694	42	STIM=5
14029342	42	RESP=2
14041728	42	STIM=j
14047073	42	RESP=1
14060414	42	STIM=d
14064974	42	RESP=1
14078042	42	STIM=w
14082478	42	RESP=1
14094307	42	STIM=3
14098303	42	RESP=2
14110907	42	STIM=8
14115565	42	RESP=2
14128820	42	STIM=m
14134667	42	RESP=1
14144066	42	STIM=j
14147757	42	RESP=1
14162010	42	STIM=o
14169537	42	RESP=1
14179415	42	STIM=m
14182610	42	RESP=1
14195270	42	STIM=i
14198974	42	RESP=1
14213344	42	STIM=e
14217119	42	RESP=1
14228560	42	STIM=j
14231788	42	RESP=1
14244093	42	STIM=h
14248549	42	RESP=1
14262060	42	STIM=a
14269486	42	RESP=1
14280519	42	STIM=i
14283550	42	RESP=1
14299338	42	STIM=k
14302951	42	RESP=1
14314795	42	STIM=y
14319762	42	RESP=1
14330130	42	STIM=4
14338473	42	RESP=1
14349074	42	STIM=g
14357456	42	RESP=1
14367790	42	STIM=p
14374036	42	RESP=1
14385549	42	STIM=x
14392991	42	RESP=1
14403218	42	STIM=n
14408146	42	RESP=1
14418315	42	STIM=o
14421962	42	RESP=1
14436711	42	STIM=s
14443995	42	RESP=1
14452870	42	STIM=6
14459221	42	RESP=2
14468704	42	STIM=p
14474627	42	RESP=1
14486372	42	STIM=w
14492515	42	RESP=1
14502204	42	STIM=d
14509264	42	RESP=2
14520028	42	STIM=0
14524355	42	RESP=2
14538291	42	STIM=g
14543105	42	RESP=1
14553364	42	STIM=6
14557668	42	RESP=2
14571876	42	STIM=b
14576592	42	RESP=1
14588084	42	STIM=u
14596993	42	RESP=1
14606672	42	STIM=s
14610704	42	RESP=1
14621879	42	STIM=a
14628531	42	RESP=1
14638058	42	STIM=m
14646520	42	RESP=1
14653466	42	STIM=o
14659960	42	RESP=1
14669622	42	STIM=r
14673159	42	RESP=1
14685476	42	STIM=v
14688807	42	RESP=1
14700505	42	STIM=y
14707897	42	RESP=1
14715574	42	STIM=r
14720222	42	RESP=1
14731955	42	STIM=q
14734656	42	RESP=1
14747949	42	STIM=v
14755255	42	RESP=2
14766564	42	STIM=7
14769760	42	RESP=2
14784501	42	STIM=j
14791082	42	RESP=1
14799942	42	STIM=m
14803100	42	RESP=1
14816550	42	STIM=r
14819422	42	RESP=1
14833006	42	STIM=v
14839338	42	RESP=1
14850683	42	STIM=z
14856413	42	RESP=1
14866474	42	STIM=o
14873133	42	RESP=1
14882084	42	STIM=g
14886089	42	RESP=1
14899026	42	STIM=b
14904636	42	RESP=1
14915444	42	STIM=u
14920305	42	RESP=1
14930692	42	STIM=m
14934027	42	RESP=1
14946161	42	STIM=n
14949375	42	RESP=1
14963683	42	STIM=p
14968223	42	RESP=1
14979176	42	STIM=7
14984261	42	RESP=2
14995003	42	STIM=z
14998214	42	RESP=1
15011334	42	STIM=m
15016451	42	RESP=1
15027029	42	STIM=t
15030422	42	RESP=1
15045926	42	STIM=9
15051122	42	RESP=2
15062996	42	STIM=s
15067205	42	RESP=1
15081248	42	STIM=l
15084058	42	RESP=1
15098842	42	STIM=8
15104485	42	RESP=2
15114025	42	STIM=7
15121823	42	RESP=2
15131190	42	STIM=j
15137047	42	RESP=1
15148937	42	STIM=7
15153229	42	RESP=2
15167078	42	STIM=l
15173763	42	RESP=1
15184231	42	STIM=w
15188365	42	RESP=1
15199480	42	STIM=6
15206941	42	RESP=2
15217655	42	STIM=d
15221057	42	RESP=1
15235503	42	STIM=e
15239559	42	RESP=1
15253574	42	STIM=0
15260612	42	RESP=2
15272505	42	STIM=c
15278711	42	RESP=1
15288783	42	STIM=s
15293808	42	RESP=1
15307671	42	STIM=p
15311920	42	RESP=1
15323420	42	STIM=w
15330253	42	RESP=1
15339137	42	STIM=f
15342451	42	RESP=1
15355808	42	STIM=9
15364278	42	RESP=2
15374691	42	STIM=9
15378182	42	RESP=2
15392707	42	STIM=f
15398528	42	RESP=1
15410136	42	STIM=c
15413993	42	RESP=1
15428470	42	STIM=h
15434767	42	RESP=1
15447326	42	STIM=f
15451806	42	RESP=1
15462403	42	STIM=t
15467026	42	RESP=1
15480432	42	STIM=g
15485918	42	RESP=1
15498279	42	STIM=y
15502644	42	RESP=1
15513303	42	STIM=s
15517820	42	RESP=1
15529149	42	STIM=a
15536150	42	RESP=1
15546441	42	STIM=t
15554290	42	RESP=1
15562373	42	STIM=a
15567881	42	RESP=1
15577675	42	STIM=d
15580444	42	RESP=1
15592847	42	STIM=k
15597719	42	RESP=1
15608698	42	STIM=x
15614860	42	RESP=1
15626465	42	STIM=2
15632441	42	RESP=2
15642916	42	STIM=r
15647189	42	RESP=1
15660600	42	STIM=6
15669035	42	RESP=2
15677193	42	STIM=a
15679721	42	RESP=1
15692231	42	STIM=u
15696410	42	RESP=1
15710393	42	STIM=a
15714871	42	RESP=1
15727347	42	STIM=v
15730706	42	RESP=1
15744030	42	STIM=m
15748850	42	RESP=1
15760370	42	STIM=w
15763290	42	RESP=1
15779306	42	STIM=x
15791500	42	RESP=1
15798165	42	STIM=x
15802193	42	RESP=1
15815261	42	STIM=g
15817664	42	RESP=1
15833946	42	STIM=l
15838356	42	RESP=1
15849657	42	STIM=g
15852872	42	RESP=1
15867544	42	STIM=s
15873055	42	RESP=1
15886311	42	STIM=9
15893217	42	RESP=2
15902311	42	STIM=i
15905833	42	RESP=1
15918878	42	STIM=5
15925411	42	RESP=2
15936464	42	STIM=d
15944598	42	RESP=1
15951843	42	STIM=l
15955666	42	RESP=1
15968622	42	STIM=i
15971586	42	RESP=1
15984063	42	STIM=o
15988432	42	RESP=1
16002692	42	STIM=b
16006883	42	RESP=2
16017890	42	STIM=8
16023758	42	RESP=2
16035502	42	STIM=a
16040063	42	RESP=1
16053728	42	STIM=d
16058427	42	RESP=1
16070355	42	STIM=2
16076432	42	RESP=1
16087913	42	STIM=s
16092143	42	RESP=1
16102949	42	STIM=v
16110406	42	RESP=1
16119508	42	STIM=6
16125022	42	RESP=1
16137656	42	STIM=t
16141752	42	RESP=1
16155388	42	STIM=m
16159091	42	RESP=1
16174173	42	STIM=m
16182110	42	RESP=2
16190205	42	STIM=f
16194745	42	RESP=1
16208037	42	STIM=e
16217001	42	RESP=1
16224193	42	STIM=b
16229931	42	RESP=1
16240475	42	STIM=u
16247243	42	RESP=1
16258525	42	STIM=n
16261480	42	RESP=1
16276981	42	STIM=q
16281335	42	RESP=1
16293393	42	STIM=w
16303038	42	RESP=1
16311656	42	STIM=1
16317770	42	RESP=2
16328188	42	STIM=x
16333331	42	RESP=1
16346591	42	STIM=q
16349380	42	RESP=1
16364102	42	STIM=e
16374485	42	RESP=1
16381449	42	STIM=c
16385836	42	RESP=1
16397060	42	STIM=r
16404948	42	RESP=1
16414331	42	STIM=k
16417680	42	RESP=1
16430087	42	STIM=g
16434320	42	RESP=1
16446629	42	STIM=j
16453801	42	RESP=1
16462780	42	STIM=w
16468442	42	RESP=1
16480630	42	STIM=e
16485370	42	RESP=1
16498568	42	STIM=w
16505440	42	RESP=1
16517259	42	STIM=m
16521804	42	RESP=1
16534382	42	STIM=b
16539177	42	RESP=1
16553355	42	STIM=e
16557365	42	RESP=1
16570948	42	STIM=3
16577693	42	RESP=2
16588564	42	STIM=6
16592493	42	RESP=2
16605283	42	STIM=o
16608908	42	RESP=1
16621829	42	STIM=y
16625461	42	RESP=1
16638165	42	STIM=7
16643665	42	RESP=2
16655131	42	STIM=o
16660303	42	RESP=1
16672437	42	STIM=n
16676921	42	RESP=1
16689153	42	STIM=m
16695627	42	RESP=1
16706909	42	STIM=c
16711620	42	RESP=1
16725710	42	STIM=9
16734544	42	RESP=2
16740881	42	STIM=f
16744922	42	RESP=2
16758514	42	STIM=5
16764169	42	RESP=2
16776353	42	STIM=3
16781145	42	RESP=2
16792169	42	STIM=f
16795371	42	RESP=1
16810628	42	STIM=f
16815413	42	RESP=1
16828065	42	STIM=i
16832656	42	RESP=1
16844818	42	STIM=k
16850811	42	RESP=1
16863150	42	STIM=w
16870516	42	RESP=1
16880950	42	STIM=f
16887982	42	RESP=1
16899869	42	STIM=m
16906768	42	RESP=1
16915413	42	STIM=g
16921606	42	RESP=1
16930560	42	STIM=5
16936292	42	RESP=2
16947672	42	STIM=r
16952295	42	RESP=1
16965547	42	STIM=f
16971617	42	RESP=1
16982236	42	STIM=w
16986412	42	RESP=1
16998857	42	STIM=u
17003498	42	RESP=1
17014567	42	STIM=z
17023403	42	RESP=1
17030456	42	STIM=4
17035343	42	RESP=2
17046650	42	STIM=m
17052937	42	RESP=1
17063441	42	STIM=s
17069537	42	RESP=1
17081513	42	STIM=s
17087331	42	RESP=1
17099577	42	STIM=c
17104722	42	RESP=1
17116040	42	STIM=w
17119618	42	RESP=1
17134886	42	STIM=j
17142955	42	RESP=1
17152319	42	STIM=n
17157605	42	RESP=2
17169781	42	STIM=0
17175618	42	RESP=2
17187235	42	STIM=e
17192055	42	RESP=2
17204909	42	STIM=0
17209773	42	RESP=2
17223551	42	STIM=1
17228652	42	RESP=2
17242496	42	STIM=i
17247394	42	RESP=1
17259925	42	STIM=1
17267915	42	RESP=2
17276635	42	STIM=p
17280618	42	RESP=1
17294004	42	STIM=9
17301875	42	RESP=2
17310561	42	STIM=g
17316729	42	RESP=1
17325725	42	STIM=f
17335743	42	RESP=1
17341547	42	STIM=i
17345394	42	RESP=1
17356877	42	STIM=a
17362794	42	RESP=1
17372794	42	STIM=n
17377034	42	RESP=1
17388397	42	STIM=j
17395126	42	RESP=1
17407037	42	STIM=c
17409762	42	RESP=1
17423412	42	STIM=w
17427747	42	RESP=1
17441736	42	STIM=w
17445061	42	RESP=1
17459601	42	STIM=q
17466121	42	RESP=1
17475349	42	STIM=t
17485190	42	RESP=1
17492886	42	STIM=9
17498325	42	RESP=2
17508436	42	STIM=u
17511385	42	RESP=1
17523928	42	STIM=j
17528404	42	RESP=1
17539889	42	STIM=d
17545274	42	RESP=1
17556231	42	STIM=q
17562421	42	RESP=1
17573868	42	STIM=m
17580168	42	RESP=1
17592195	42	STIM=z
17600347	42	RESP=1
17607569	42	STIM=6
17611511	42	RESP=2
17625089	42	STIM=k
17628891	42	RESP=2
17640568	42	STIM=q
17645206	42	RESP=1
17659418	42	STIM=2
17663976	42	RESP=2
17678218	42	STIM=x
17681747	42	RESP=1
17696332	42	STIM=u
17700301	42	RESP=1
17712922	42	STIM=5
17721016	42	RESP=2
17730465	42	STIM=j
17735314	42	RESP=1
17746444	42	STIM=j
17750467	42	RESP=1
17762094	42	STIM=u
17765046	42	RESP=1
17780359	42	STIM=s
17784277	42	RESP=1
17796156	42	STIM=t
17798923	42	RESP=2
17813414	42	STIM=8
17817885	42	RESP=2
17829917	42	STIM=m
17833303	42	RESP=1
17847359	42	STIM=3
17855397	42	RESP=2
17865459	42	STIM=e
17870875	42	RESP=1
17883793	42	STIM=a
17886533	42	RESP=1
17899945	42	STIM=w
17906089	42	RESP=1
17918333	42	STIM=5
17922881	42	RESP=2
17936856	42	STIM=e
17942288	42	RESP=1
17955685	42	STIM=k
17958854	42	RESP=1
17972416	42	STIM=j
17975525	42	RESP=1
17989276	42	STIM=q
17993929	42	RESP=1
18004762	42	STIM=3
18008465	42	RESP=1
18020473	42	STIM=m
18025218	42	RESP=1
18038130	42	STIM=2
18047658	42	RESP=2
18055373	42	STIM=u
18059232	42	RESP=1
18072477	42	STIM=3
18078118	42	RESP=1
18089023	42	STIM=w
18092260	42	RESP=1
18105274	42	STIM=c
18109063	42	RESP=1
18123714	42	STIM=g
18130928	42	RESP=1
18140513	42	STIM=x
18144045	42	RESP=1
18159148	42	STIM=g
18162469	42	RESP=1
18175625	42	STIM=w
18179116	42	RESP=1
18192822	42	STIM=o
18195973	42	RESP=1
18210411	42	STIM=t
18213949	42	RESP=1
18227388	42	STIM=r
18232644	42	RESP=1
18242833	42	STIM=v
18245926	42	RESP=1
18260111	42	STIM=z
18266659	42	RESP=1
18279091	42	STIM=1
18283022	42	RESP=2
18296208	42	STIM=b
18301501	42	RESP=1
18312553	42	STIM=o
18316963	42	RESP=1
18329414	42	STIM=5
18333216	42	RESP=2
18345471	42	STIM=i
18348356	42	RESP=1
18364466	42	STIM=x
18370212	42	RESP=1
18380627	42	STIM=r
18385090	42	RESP=1
18396217	42	STIM=d
18400581	42	RESP=1
18414853	42	STIM=0
18420242	42	RESP=2
18431666	42	STIM=g
18435026	42	RESP=1
18448486	42	STIM=1
18457839	42	RESP=2
18464606	42	STIM=i
18470429	42	RESP=1
18481029	42	STIM=w
18484904	42	RESP=1
18498663	42	STIM=t
18506398	42	RESP=1
18513831	42	STIM=x
18518821	42	RESP=1
18532247	42	STIM=6
18538706	42	RESP=1
18549514	42	STIM=2
18555264	42	RESP=2
18567873	42	STIM=9
18576475	42	RESP=2
18586213	42	STIM=u
18590258	42	RESP=1
18603534	42	STIM=z
18608741	42	RESP=1
18622119	42	STIM=j
18625416	42	RESP=1
18639603	42	STIM=s
18646551	42	RESP=1
18655250	42	STIM=6
18661484	42	RESP=2
18672123	42	STIM=w
18676116	42	RESP=1
18690700	42	STIM=1
18695559	42	RESP=2
18708668	42	STIM=x
18713131	42	RESP=1
18724730	42	STIM=g
18732083	42	RESP=1
18741896	42	STIM=z
18746188	42	RESP=1
18760549	42	STIM=z
18767811	42	RESP=1
18777550	42	STIM=c
18783260	42	RESP=1
18795594	42	STIM=h
18802513	42	RESP=1
18813637	42	STIM=p
18817867	42	RESP=1
18829184	42	STIM=3
18834708	42	RESP=2
18846341	42	STIM=z
18849220	42	RESP=1
18863299	42	STIM=k
18868863	42	RESP=1
18879135	42	STIM=w
18884671	42	RESP=1
18896266	42	STIM=5
18903196	42	RESP=2
18913923	42	STIM=u
18918434	42	RESP=1
18932147	42	STIM=r
18935963	42	RESP=1
18950517	42	STIM=1
18953746	42	RESP=2
18969279	42	STIM=m
18978663	42	RESP=1
18987784	42	STIM=w
18994978	42	RESP=1
19004949	42	STIM=6
19012029	42	RESP=2
19023891	42	STIM=a
19028334	42	RESP=1
19041269	42	STIM=m
19046151	42	RESP=1
19058652	42	STIM=m
19069218	42	RESP=1
19076074	42	STIM=f
19080910	42	RESP=1
19094132	42	STIM=a
19096698	42	RESP=1
19112761	42	STIM=f
19117823	42	RESP=1
19129671	42	STIM=z
19134180	42	RESP=1
19145027	42	STIM=v
19150033	42	RESP=1
19163139	42	STIM=7
19167044	42	RESP=2
19178914	42	STIM=z
19182301	42	RESP=1
19195525	42	STIM=p
19201277	42	RESP=1
19211098	42	STIM=a
19216315	42	RESP=1
19229988	42	STIM=2
19234766	42	RESP=2
19248570	42	STIM=f
19253565	42	RESP=1
19265375	42	STIM=v
19270111	42	RESP=1
19283716	42	STIM=u
19289462	42	RESP=1
19299060	42	STIM=1
19305562	42	RESP=2
19315899	42	STIM=h
19321351	42	RESP=1
19333110	42	STIM=q
19338763	42	RESP=2
19348604	42	STIM=5
19354343	42	RESP=2
19367426	42	STIM=a
19372561	42	RESP=1
19383681	42	STIM=p
19392299	42	RESP=1
19399374	42	STIM=z
19406294	42	RESP=1
19414784	42	STIM=6
19420863	42	RESP=2
19429991	42	STIM=o
19434074	42	RESP=1
19448604	42	STIM=d
19456198	42	RESP=1
19466612	42	STIM=n
19473566	42	RESP=1
19484984	42	STIM=3
19488235	42	RESP=2
19503513	42	STIM=m
19508224	42	RESP=1
19519442	42	STIM=z
19523428	42	RESP=1
19536384	42	STIM=5
19541024	42	RESP=2
19555284	42	STIM=3
19560865	42	RESP=2
19572505	42	STIM=c
19578461	42	RESP=1
19589035	42	STIM=4
19597614	42	RESP=2
19605603	42	STIM=b
19610795	42	RESP=1
19621604	42	STIM=f
19625178	42	RESP=1
19639695	42	STIM=k
19643973	42	RESP=1
19656647	42	STIM=4
19659905	42	RESP=2
19671789	42	STIM=o
19677442	42	RESP=1
19687252	42	STIM=v
19691980	42	RESP=1
19704266	42	STIM=h
19707646	42	RESP=1
19721458	42	STIM=k
19726039	42	RESP=1
19737821	42	STIM=r
19745755	42	RESP=1
19754893	42	STIM=q
19758323	42	RESP=1
19771267	42	STIM=4
19775816	42	RESP=2
19789712	42	STIM=p
19794389	42	RESP=1
19805321	42	STIM=k
19808384	42	RESP=1
19821864	42	STIM=b
19825250	42	RESP=1
19840166	42	STIM=m
19845437	42	RESP=1
19856578	42	STIM=b
19861528	42	RESP=1
19875175	42	STIM=4
19880347	42	RESP=2
19892553	42	STIM=f
19897161	42	RESP=1
19909051	42	STIM=h
19915292	42	RESP=1
19926431	42	STIM=5
19932486	42	RESP=2
19944229	42	STIM=g
19951980	42	RESP=1
19959282	42	STIM=d
19962775	42	RESP=1
19976444	42	STIM=f
19981231	42	RESP=1
19993405	42	STIM=a
19999615	42	RESP=1
20011998	42	STIM=n
20017622	42	RESP=2
20028278	42	STIM=j
20032127	42	RESP=1
20044175	42	STIM=n
20050878	42	RESP=1
20059536	42	STIM=x
20063839	42	RESP=1
20076619	42	STIM=t
20084985	42	RESP=1
20095241	42	STIM=p
20098716	42	RESP=1
20113219	42	STIM=q
20116069	42	RESP=1
20130262	42	STIM=j
20138879	42	RESP=1
20146048	42	STIM=0
20150144	42	RESP=2
20163988	42	STIM=f
20167487	42	RESP=1
20181413	42	STIM=3
20186807	42	RESP=2
20197669	42	STIM=r
20204148	42	RESP=1
20213848	42	STIM=g
20219623	42	RESP=1
20230818	42	STIM=b
20234153	42	RESP=1
20246873	42	STIM=c
20250550	42	RESP=1
20262489	42	STIM=4
20270315	42	RESP=2
20278221	42	STIM=y
20283223	42	RESP=2
20295074	42	STIM=e
20299480	42	RESP=1
20310628	42	STIM=7
20315162	42	RESP=2
20326504	42	STIM=i
20330197	42	RESP=1
20342325	42	STIM=c
20348725	42	RESP=1
20360577	42	STIM=l
20367614	42	RESP=1
20376026	42	STIM=b
20380773	42	RESP=1
20393877	42	STIM=v
20398889	42	RESP=1
20410042	42	STIM=3
20416806	42	RESP=2
20425785	42	STIM=h
20431288	42	RESP=1
20442315	42	STIM=j
20446629	42	RESP=1
20460222	42	STIM=7
20467613	42	RESP=2
20478392	42	STIM=7
20482131	42	RESP=2
20493729	42	STIM=k
20501168	42	RESP=1
20510801	42	STIM=x
20515749	42	RESP=1
20528832	42	STIM=s
20535803	42	RESP=1
20546633	42	STIM=l
20551201	42	RESP=1
20564030	42	STIM=x
20569359	42	RESP=1
20580198	42	STIM=p
20583886	42	RESP=1
20596078	42	STIM=m
20602144	42	RESP=1
20613974	42	STIM=d
20617349	42	RESP=1
20632790	42	STIM=7
20637336	42	RESP=2
20651338	42	STIM=e
20656135	42	RESP=1
20670158	42	STIM=y
20674890	42	RESP=1
20688908	42	STIM=8
20695356	42	RESP=2
20704815	42	STIM=c
20711150	42	RESP=1
20720528	42	STIM=q
20724610	42	RESP=1
20736725	42	STIM=y
20740546	42	RESP=1
20753529	42	STIM=t
20758031	42	RESP=1
20771460	42	STIM=4
20774872	42	RESP=2
20789209	42	STIM=i
20795354	42	RESP=1
20807505	42	STIM=m
20813747	42	RESP=1
20823035	42	STIM=p
20825873	42	RESP=1
20838450	42	STIM=s
20846100	42	RESP=1
20853540	42	STIM=h
20857031	42	RESP=1
20869788	42	STIM=q
20873239	42	RESP=1
20885109	42	STIM=q
20889883	42	RESP=1
20904024	42	STIM=0
20909186	42	RESP=2
20922930	42	STIM=b
20926839	42	RESP=1
20939600	42	STIM=o
20943164	42	RESP=1
20957635	42	STIM=e
20962920	42	RESP=1
20975472	42	STIM=3
20979408	42	RESP=2
20992415	42	STIM=x
20995051	42	RESP=1
21007964	42	STIM=6
21014580	42	RESP=2
21025360	42	STIM=n
21030492	42	RESP=2
21041592	42	STIM=d
21047218	42	RESP=2
21059663	42	STIM=7
21063529	42	RESP=2
21075419	42	STIM=o
21084397	42	RESP=1
21090823	42	STIM=l
21095574	42	RESP=1
21108304	42	STIM=b
21113061	42	RESP=1
21125771	42	STIM=c
21131208	42	RESP=1
21142177	42	STIM=i
21149239	42	RESP=1
21159775	42	STIM=h
21164688	42	RESP=1
21177636	42	STIM=o
21183624	42	RESP=1
21193138	42	STIM=v
21199143	42	RESP=1
21212066	42	STIM=s
21216323	42	RESP=1
21230078	42	STIM=2
21234014	42	RESP=2
21247090	42	STIM=s
21251714	42	RESP=1
21264715	42	STIM=s
21270853	42	RESP=1
21283022	42	STIM=m
21287988	42	RESP=1
21298995	42	STIM=1
21303490	42	RESP=2
21316427	42	STIM=u
21319163	42	RESP=1
21331716	42	STIM=o
21337152	42	RESP=1
21347766	42	STIM=w
21354803	42	RESP=1
21365884	42	STIM=3
21375105	42	RESP=2
21381082	42	STIM=x
21388333	42	RESP=1
21399995	42	STIM=x
21404905	42	RESP=1
21415936	42	STIM=h
21420853	42	RESP=1
21432908	42	STIM=x
21437752	42	RESP=1
21448273	42	STIM=0
21460493	42	RESP=2
21464223	42	STIM=u
21467148	42	RESP=1
21482970	42	STIM=w
21486186	42	RESP=1
21499587	42	STIM=4
21503328	42	RESP=2
21518174	42	STIM=n
21522116	42	RESP=1
21535518	42	STIM=i
21540760	42	RESP=1
21552297	42	STIM=d
21558058	42	RESP=2
21569404	42	STIM=q
21575679	42	RESP=1
21587464	42	STIM=s
21593130	42	RESP=1
21605466	42	STIM=2
21610310	42	RESP=2
21622648	42	STIM=c
21629535	42	RESP=1
21638118	42	STIM=3
21642825	42	RESP=2
21654754	42	STIM=l
21661362	42	RESP=1
21671504	42	STIM=y
21674915	42	RESP=1
21686514	42	STIM=b
21689291	42	RESP=1
21705178	42	STIM=t
21708429	42	RESP=1
21721868	42	STIM=c
21725754	42	RESP=1
21740669	42	STIM=x
21743858	42	RESP=1
21756280	42	STIM=c
21758696	42	RESP=1
21773853	42	STIM=e
21776522	42	RESP=1
21789630	42	STIM=i
21794127	42	RESP=1
21806927	42	STIM=k
21811788	42	RESP=1
21825748	42	STIM=7
21833748	42	RESP=2
21844086	42	STIM=8
21848529	42	RESP=1
21860059	42	STIM=2
21864548	42	RESP=2
21876486	42	STIM=o
21887741	42	RESP=1
