# Original filename: 0026_XKU_2016-10-21.log
# Time unit: 100 us
# RARECAT=digit
#
# Time	HHGG	Event
36077	42	STIM=m
42752	42	RESP=1
52752	42	STIM=4
58351	42	RESP=2
71503	42	STIM=u
75051	42	RESP=1
87504	42	STIM=s
93490	42	RESP=1
103772	42	STIM=i
108132	42	RESP=1
122637	42	STIM=y
128553	42	RESP=1
141288	42	STIM=0
145938	42	RESP=2
156914	42	STIM=r
160883	42	RESP=1
173985	42	STIM=j
180917	42	RESP=1
192359	42	STIM=s
199546	42	RESP=1
207513	42	STIM=o
210253	42	RESP=1
224936	42	STIM=k
230701	42	RESP=1
240876	42	STIM=o
249608	42	RESP=1
257612	42	STIM=f
261187	42	RESP=1
272936	42	STIM=2
282573	42	RESP=2
290249	42	STIM=q
296918	42	RESP=1
306417	42	STIM=r
311583	42	RESP=1
322959	42	STIM=k
331505	42	RESP=1
338958	42	STIM=w
343085	42	RESP=1
356408	42	STIM=n
361804	42	RESP=1
374955	42	STIM=j
389461	42	RESP=1
392683	42	STIM=w
403899	42	RESP=1
410364	42	STIM=1
418539	42	RESP=1
426222	42	STIM=u
429997	42	RESP=1
444588	42	STIM=e
448191	42	RESP=2
460279	42	STIM=r
464460	42	RESP=1
477722	42	STIM=y
481623	42	RESP=1
492819	42	STIM=1
499933	42	RESP=2
508427	42	STIM=q
513627	42	RESP=1
525899	42	STIM=h
535359	42	RESP=1
542795	42	STIM=l
547413	42	RESP=1
559425	42	STIM=0
563966	42	RESP=2
574846	42	STIM=x
591861	42	RESP=1
591961	42	STIM=b
600113	42	RESP=1
610559	42	STIM=m
614428	42	RESP=1
626032	42	STIM=r
630862	42	RESP=1
643398	42	STIM=d
648972	42	RESP=1
662332	42	STIM=y
668716	42	RESP=1
678052	42	STIM=z
682726	42	RESP=1
696361	42	STIM=8
701912	42	RESP=2
713872	42	STIM=u
719333	42	RESP=1
732716	42	STIM=c
736003	42	RESP=1
748055	42	STIM=u
755209	42	RESP=1
765931	42	STIM=g
772208	42	RESP=1
781567	42	STIM=y
784991	42	RESP=1
800544	42	STIM=a
805539	42	RESP=1
817901	42	STIM=6
831210	42	RESP=2
835637	42	STIM=l
841486	42	RESP=1
851409	42	STIM=s
860144	42	RESP=1
867261	42	STIM=k
871871	42	RESP=1
885642	42	STIM=u
896338	42	RESP=1
903701	42	STIM=e
910307	42	RESP=1
922439	42	STIM=8
929484	42	RESP=2
938961	42	STIM=w
942840	42	RESP=1
954239	42	STIM=h
959591	42	RESP=1
971828	42	STIM=m
977499	42	RESP=1
988759	42	STIM=z
994168	42	RESP=2
1007350	42	STIM=i
1011747	42	RESP=1
1023922	42	STIM=c
1030396	42	RESP=1
1039474	42	STIM=j
1044946	42	RESP=1
1054585	42	STIM=d
1058780	42	RESP=1
1071159	42	STIM=s
1075971	42	RESP=1
1086812	42	STIM=q
1095121	42	RESP=1
1102578	42	STIM=l
1108490	42	RESP=1
1120110	42	STIM=t
1125070	42	RESP=1
1135609	42	STIM=9
1143870	42	RESP=2
1152434	42	STIM=t
1160913	42	RESP=1
1171264	42	STIM=w
1174506	42	RESP=1
1189897	42	STIM=7
1194808	42	RESP=2
1205670	42	STIM=l
1211176	42	RESP=1
1220692	42	STIM=e
1224144	42	RESP=1
1239198	42	STIM=f
1247088	42	RESP=1
1255984	42	STIM=h
1261730	42	RESP=1
1271674	42	STIM=0
1291603	42	RESP=1
1291703	42	STIM=e
1304203	42	RESP=1
1308070	42	STIM=n
1316056	42	RESP=1
1324983	42	STIM=g
1329825	42	RESP=1
1341038	42	STIM=g
1345018	42	RESP=1
1357697	42	STIM=i
1366768	42	RESP=1
1375435	42	STIM=s
1381588	42	RESP=1
1391008	42	STIM=a
1394701	42	RESP=1
1408490	42	STIM=8
1417355	42	RESP=2
1426459	42	STIM=e
1433162	42	RESP=1
1442359	42	STIM=c
1446890	42	RESP=1
1457891	42	STIM=5
1465492	42	RESP=1
1475015	42	STIM=d
1478962	42	RESP=1
1490978	42	STIM=i
1499334	42	RESP=1
1506693	42	STIM=e
1513283	42	RESP=1
1522716	42	STIM=l
1527096	42	RESP=1
1538772	42	STIM=k
1544616	42	RESP=2
1556916	42	STIM=u
1566539	42	RESP=1
1572692	42	STIM=w
1577020	42	RESP=1
1590695	42	STIM=2
1600684	42	RESP=1
1607140	42	STIM=l
1614720	42	RESP=1
1624723	42	STIM=p
1627807	42	RESP=1
1642967	42	STIM=j
1646955	42	RESP=1
1658420	42	STIM=l
1661835	42	RESP=1
1677256	42	STIM=a
1683038	42	RESP=1
1696168	42	STIM=5
1701784	42	RESP=2
1714374	42	STIM=o
1717382	42	RESP=1
1730527	42	STIM=x
1734244	42	RESP=1
1748862	42	STIM=5
1754424	42	RESP=2
1765207	42	STIM=3
1773106	42	RESP=2
1782598	42	STIM=e
1789512	42	RESP=1
1798960	42	STIM=m
1804980	42	RESP=1
1814896	42	STIM=7
1821596	42	RESP=2
1832911	42	STIM=e
1837672	42	RESP=1
1848495	42	STIM=c
1854201	42	RESP=1
1863698	42	STIM=w
1869459	42	RESP=1
1880832	42	STIM=v
1889261	42	RESP=1
1898565	42	STIM=y
1902885	42	RESP=1
1914277	42	STIM=y
1921735	42	RESP=1
1931843	42	STIM=1
1942886	42	RESP=1
1948542	42	STIM=x
1955547	42	RESP=2
1964766	42	STIM=j
1970371	42	RESP=1
1981600	42	STIM=r
1991098	42	RESP=1
1998701	42	STIM=s
2001361	42	RESP=1
2016152	42	STIM=x
2020577	42	RESP=2
2032254	42	STIM=f
2035771	42	RESP=1
2050010	42	STIM=o
2054170	42	RESP=1
2067715	42	STIM=7
2073353	42	RESP=2
2083866	42	STIM=y
2089434	42	RESP=1
2099081	42	STIM=c
2103919	42	RESP=1
2115388	42	STIM=d
2118183	42	RESP=1
2133796	42	STIM=z
2139528	42	RESP=1
2148874	42	STIM=b
2155156	42	RESP=1
2166375	42	STIM=m
2174939	42	RESP=1
2184964	42	STIM=i
2191045	42	RESP=1
2201893	42	STIM=d
2210188	42	RESP=1
2218941	42	STIM=m
2221843	42	RESP=1
2235517	42	STIM=j
2240466	42	RESP=1
2252696	42	STIM=j
2258338	42	RESP=1
2268599	42	STIM=b
2271849	42	RESP=1
2286263	42	STIM=h
2292048	42	RESP=1
2301345	42	STIM=r
2306045	42	RESP=1
2316634	42	STIM=e
2321779	42	RESP=1
2333965	42	STIM=p
2341132	42	RESP=1
2349235	42	STIM=6
2356107	42	RESP=2
2367142	42	STIM=r
2373840	42	RESP=1
2383548	42	STIM=m
2386828	42	RESP=1
2399305	42	STIM=7
2404530	42	RESP=2
2417149	42	STIM=6
2423834	42	RESP=2
2434729	42	STIM=6
2440345	42	RESP=2
2452022	42	STIM=c
2458017	42	RESP=1
2468730	42	STIM=n
2476062	42	RESP=1
2484178	42	STIM=i
2490423	42	RESP=1
2499680	42	STIM=k
2507885	42	RESP=2
2517494	42	STIM=u
2522991	42	RESP=1
2535586	42	STIM=0
2542058	42	RESP=2
2551447	42	STIM=9
2556425	42	RESP=2
2568251	42	STIM=n
2576246	42	RESP=1
2583636	42	STIM=h
2589842	42	RESP=1
2601935	42	STIM=1
2606829	42	RESP=2
2619211	42	STIM=p
2625208	42	RESP=2
2637209	42	STIM=b
2643889	42	RESP=1
2653520	42	STIM=z
2662742	42	RESP=1
2669221	42	STIM=c
2674826	42	RESP=1
2684703	42	STIM=c
2689605	42	RESP=1
2703094	42	STIM=x
2708167	42	RESP=1
2719947	42	STIM=p
2726741	42	RESP=2
2737782	42	STIM=9
2745868	42	RESP=1
2753996	42	STIM=u
2758407	42	RESP=1
2769009	42	STIM=k
2775153	42	RESP=1
2786330	42	STIM=w
2791759	42	RESP=1
2804683	42	STIM=j
2811704	42	RESP=1
2819808	42	STIM=i
2823305	42	RESP=1
2837905	42	STIM=v
2841167	42	RESP=1
2854333	42	STIM=n
2858779	42	RESP=1
2872956	42	STIM=v
2878329	42	RESP=1
2888269	42	STIM=5
2895240	42	RESP=1
2903659	42	STIM=h
2908654	42	RESP=1
2919319	42	STIM=d
2926573	42	RESP=1
2936171	42	STIM=5
2946978	42	RESP=2
2954466	42	STIM=a
2959609	42	RESP=1
2971629	42	STIM=d
2976936	42	RESP=1
2989689	42	STIM=4
2997284	42	RESP=2
3006441	42	STIM=u
3015706	42	RESP=1
3023045	42	STIM=m
3028140	42	RESP=1
3040623	42	STIM=y
3045572	42	RESP=1
3057252	42	STIM=6
3063846	42	RESP=2
3074308	42	STIM=2
3083014	42	RESP=2
3091952	42	STIM=n
3099097	42	RESP=1
3108802	42	STIM=k
3113886	42	RESP=1
3126376	42	STIM=3
3135885	42	RESP=2
3143602	42	STIM=4
3150898	42	RESP=2
3162000	42	STIM=h
3168994	42	RESP=1
3178434	42	STIM=g
3183772	42	RESP=1
3197355	42	STIM=g
3201853	42	RESP=1
3213510	42	STIM=r
3217329	42	RESP=1
3228917	42	STIM=z
3232006	42	RESP=1
3245804	42	STIM=p
3249134	42	RESP=1
3263929	42	STIM=c
3271537	42	RESP=1
3281062	42	STIM=5
3286603	42	RESP=2
3297269	42	STIM=c
3301029	42	RESP=1
3314818	42	STIM=b
3319204	42	RESP=1
3331591	42	STIM=o
3335819	42	RESP=1
3346801	42	STIM=g
3351705	42	RESP=1
3363667	42	STIM=y
3367478	42	RESP=1
3379798	42	STIM=r
3388486	42	RESP=1
3398228	42	STIM=y
3403561	42	RESP=1
3415092	42	STIM=7
3425312	42	RESP=2
3433391	42	STIM=t
3439248	42	RESP=1
3450228	42	STIM=i
3456559	42	RESP=1
3467098	42	STIM=f
3471322	42	RESP=1
3484920	42	STIM=2
3494040	42	RESP=2
3502494	42	STIM=m
3506446	42	RESP=1
3521196	42	STIM=2
3525121	42	RESP=2
3537273	42	STIM=q
3543150	42	RESP=1
3552628	42	STIM=v
3555898	42	RESP=1
3567855	42	STIM=r
3571905	42	RESP=1
3584646	42	STIM=q
3590707	42	RESP=1
3601667	42	STIM=w
3605923	42	RESP=1
3616968	42	STIM=b
3620675	42	RESP=1
3632331	42	STIM=5
3636665	42	RESP=2
3650127	42	STIM=s
3654849	42	RESP=1
3668369	42	STIM=w
3671556	42	RESP=1
3686374	42	STIM=x
3693993	42	RESP=1
3703340	42	STIM=n
3710150	42	RESP=1
3721248	42	STIM=x
3727730	42	RESP=1
3737392	42	STIM=r
3739887	42	RESP=1
3754020	42	STIM=2
3763348	42	RESP=2
3769113	42	STIM=2
3774285	42	RESP=2
3785926	42	STIM=v
3788732	42	RESP=1
3801951	42	STIM=j
3805333	42	RESP=1
3818903	42	STIM=p
3823939	42	RESP=1
3835840	42	STIM=9
3843178	42	RESP=2
3853212	42	STIM=7
3860618	42	RESP=2
3871300	42	STIM=f
3874210	42	RESP=1
3887839	42	STIM=m
3894310	42	RESP=1
3904355	42	STIM=a
3908905	42	RESP=1
3921257	42	STIM=a
3925559	42	RESP=1
3938789	42	STIM=f
3943757	42	RESP=2
3954018	42	STIM=p
3962585	42	RESP=1
3970216	42	STIM=f
3975935	42	RESP=1
3988600	42	STIM=g
3992349	42	RESP=1
4004271	42	STIM=9
4012025	42	RESP=2
4021566	42	STIM=c
4026534	42	RESP=1
4040236	42	STIM=o
4046922	42	RESP=1
4057594	42	STIM=m
4065201	42	RESP=1
4075810	42	STIM=2
4088243	42	RESP=2
4092927	42	STIM=o
4098099	42	RESP=1
4110345	42	STIM=g
4119429	42	RESP=1
4125862	42	STIM=y
4130911	42	RESP=1
4143221	42	STIM=r
4148963	42	RESP=1
4159251	42	STIM=z
4167672	42	RESP=1
4174708	42	STIM=j
4177855	42	RESP=1
4191244	42	STIM=u
4195953	42	RESP=1
4206577	42	STIM=a
4209487	42	RESP=2
4224316	42	STIM=1
4230537	42	RESP=2
4240048	42	STIM=s
4244593	42	RESP=1
4257652	42	STIM=w
4263100	42	RESP=1
4275728	42	STIM=f
4281009	42	RESP=1
4293299	42	STIM=p
4299202	42	RESP=1
4310616	42	STIM=p
4315345	42	RESP=1
4326113	42	STIM=b
4331909	42	RESP=1
4344914	42	STIM=e
4349517	42	RESP=1
4361061	42	STIM=y
4364580	42	RESP=1
4378811	42	STIM=6
4387097	42	RESP=2
4394111	42	STIM=p
4397390	42	RESP=1
4409919	42	STIM=t
4419420	42	RESP=1
4426664	42	STIM=1
4430928	42	RESP=2
4443612	42	STIM=g
4447643	42	RESP=1
4459141	42	STIM=5
4473777	42	RESP=2
4476024	42	STIM=9
4481744	42	RESP=2
4494661	42	STIM=3
4501892	42	RESP=1
4511114	42	STIM=t
4516222	42	RESP=1
4526449	42	STIM=n
4531867	42	RESP=1
4543576	42	STIM=l
4549826	42	RESP=1
4559209	42	STIM=z
4569021	42	RESP=1
4576087	42	STIM=c
4581549	42	RESP=1
4593210	42	STIM=p
4601930	42	RESP=1
4609323	42	STIM=0
4615548	42	RESP=1
4627179	42	STIM=h
4631730	42	RESP=1
4643899	42	STIM=s
4651001	42	RESP=1
4662768	42	STIM=8
4668788	42	RESP=2
4681331	42	STIM=z
4690099	42	RESP=1
4699428	42	STIM=1
4704888	42	RESP=2
4718192	42	STIM=8
4726111	42	RESP=1
4736465	42	STIM=0
4740218	42	RESP=2
4753426	42	STIM=r
4758406	42	RESP=1
4770766	42	STIM=n
4779134	42	RESP=1
4788388	42	STIM=v
4793638	42	RESP=1
4803669	42	STIM=a
4807358	42	RESP=1
4821543	42	STIM=w
4829818	42	RESP=1
4837484	42	STIM=7
4842780	42	RESP=2
4856121	42	STIM=r
4860543	42	RESP=1
4872236	42	STIM=r
4876627	42	RESP=1
4890294	42	STIM=j
4895759	42	RESP=1
4908488	42	STIM=i
4912711	42	RESP=1
4925183	42	STIM=4
4932794	42	RESP=2
4943142	42	STIM=z
4947998	42	RESP=2
4961051	42	STIM=b
4964863	42	RESP=1
4976843	42	STIM=c
4979327	42	RESP=1
4995818	42	STIM=9
4999936	42	RESP=2
5013856	42	STIM=o
5017928	42	RESP=1
5029555	42	STIM=x
5033603	42	RESP=1
5044662	42	STIM=b
5056871	42	RESP=1
5062648	42	STIM=v
5068547	42	RESP=1
5080920	42	STIM=y
5086585	42	RESP=1
5096246	42	STIM=j
5104728	42	RESP=1
5114685	42	STIM=u
5122539	42	RESP=1
5133252	42	STIM=2
5138992	42	RESP=2
5150186	42	STIM=9
5156514	42	RESP=2
5165546	42	STIM=u
5169279	42	RESP=1
5182292	42	STIM=r
5187817	42	RESP=1
5200215	42	STIM=3
5206174	42	RESP=2
5216040	42	STIM=n
5220606	42	RESP=1
5234814	42	STIM=9
5242176	42	RESP=2
5253233	42	STIM=s
5258948	42	RESP=1
5270311	42	STIM=t
5276468	42	RESP=1
5288211	42	STIM=8
5294720	42	RESP=2
5303278	42	STIM=e
5309789	42	RESP=1
5318590	42	STIM=d
5325973	42	RESP=1
5336554	42	STIM=1
5346199	42	RESP=2
5353638	42	STIM=v
5356951	42	RESP=1
5369084	42	STIM=i
5373596	42	RESP=1
5384372	42	STIM=g
5391393	42	RESP=1
5402923	42	STIM=l
5416683	42	RESP=1
5421475	42	STIM=3
5428883	42	RESP=1
5439125	42	STIM=t
5444182	42	RESP=1
5457873	42	STIM=q
5462850	42	RESP=1
5474557	42	STIM=s
5477462	42	RESP=1
5490503	42	STIM=b
5495343	42	RESP=1
5506404	42	STIM=b
5514151	42	RESP=1
5524242	42	STIM=x
5529147	42	RESP=1
5541074	42	STIM=h
5545924	42	RESP=1
5559840	42	STIM=w
5562652	42	RESP=1
5575676	42	STIM=f
5582261	42	RESP=1
5590993	42	STIM=b
5598197	42	RESP=1
5608527	42	STIM=t
5613193	42	RESP=1
5626249	42	STIM=w
5631086	42	RESP=1
5643006	42	STIM=b
5647484	42	RESP=1
5658947	42	STIM=w
5663337	42	RESP=1
5675292	42	STIM=c
5684052	42	RESP=1
5691915	42	STIM=b
5699868	42	RESP=1
5710624	42	STIM=e
5717906	42	RESP=1
5729513	42	STIM=r
5736351	42	RESP=1
5745203	42	STIM=k
5751665	42	RESP=1
5762141	42	STIM=q
5765340	42	RESP=1
5780579	42	STIM=f
5788457	42	RESP=1
5796189	42	STIM=5
5805282	42	RESP=2
5814785	42	STIM=a
5820745	42	RESP=1
5830335	42	STIM=2
5833889	42	RESP=2
5847852	42	STIM=p
5852898	42	RESP=1
5866535	42	STIM=0
5871386	42	RESP=2
5881812	42	STIM=n
5891723	42	RESP=1
5900240	42	STIM=x
5903849	42	RESP=1
5918901	42	STIM=l
5922697	42	RESP=1
5935159	42	STIM=h
5941273	42	RESP=1
5951664	42	STIM=a
5955695	42	RESP=1
5968573	42	STIM=j
5972691	42	RESP=1
5986300	42	STIM=s
5992531	42	RESP=1
6004899	42	STIM=a
6013334	42	RESP=1
6021651	42	STIM=d
6025833	42	RESP=1
6039268	42	STIM=b
6043963	42	RESP=1
6055583	42	STIM=j
6059476	42	RESP=1
6073481	42	STIM=v
6078386	42	RESP=1
6090064	42	STIM=b
6094584	42	RESP=2
6108230	42	STIM=l
6114581	42	RESP=2
6126079	42	STIM=z
6129466	42	RESP=1
6141240	42	STIM=4
6145177	42	RESP=2
6158082	42	STIM=g
6162931	42	RESP=1
6175904	42	STIM=s
6180757	42	RESP=1
6192846	42	STIM=s
6199723	42	RESP=1
6208454	42	STIM=p
6213134	42	RESP=1
6225079	42	STIM=x
6231618	42	RESP=1
6241190	42	STIM=p
6246526	42	RESP=1
6258254	42	STIM=l
6261054	42	RESP=1
6276179	42	STIM=y
6278795	42	RESP=1
6292527	42	STIM=h
6296192	42	RESP=1
6309433	42	STIM=g
6312316	42	RESP=1
6328107	42	STIM=o
6332932	42	RESP=1
6343260	42	STIM=7
6349143	42	RESP=2
6361707	42	STIM=2
6369922	42	RESP=2
6376847	42	STIM=z
6388577	42	RESP=1
6394111	42	STIM=b
6398990	42	RESP=1
6411866	42	STIM=5
6422531	42	RESP=2
6428597	42	STIM=r
6434908	42	RESP=1
6443610	42	STIM=b
6447739	42	RESP=1
6459313	42	STIM=f
6465274	42	RESP=1
6474383	42	STIM=q
6478126	42	RESP=1
6489636	42	STIM=k
6496197	42	RESP=1
6506743	42	STIM=t
6511274	42	RESP=1
6523452	42	STIM=h
6529029	42	RESP=1
6539737	42	STIM=q
6546569	42	RESP=1
6556972	42	STIM=5
6562910	42	RESP=2
6572255	42	STIM=d
6579299	42	RESP=1
6590512	42	STIM=y
6597053	42	RESP=1
6609493	42	STIM=i
6613767	42	RESP=1
6626813	42	STIM=e
6632211	42	RESP=1
6642756	42	STIM=8
6648159	42	RESP=1
6660555	42	STIM=q
6664127	42	RESP=1
6676368	42	STIM=f
6687810	42	RESP=1
6693781	42	STIM=e
6699378	42	RESP=1
6712604	42	STIM=p
6718416	42	RESP=1
6728898	42	STIM=o
6734765	42	RESP=2
6744891	42	STIM=x
6751453	42	RESP=1
6763251	42	STIM=r
6767031	42	RESP=1
6780475	42	STIM=0
6785717	42	RESP=2
6796051	42	STIM=f
6802251	42	RESP=1
6814634	42	STIM=g
6822883	42	RESP=1
6831593	42	STIM=x
6837400	42	RESP=1
6850341	42	STIM=c
6856573	42	RESP=1
6869308	42	STIM=t
6875100	42	RESP=1
6886893	42	STIM=n
6891259	42	RESP=1
6903397	42	STIM=v
6907720	42	RESP=1
6922016	42	STIM=j
6934916	42	RESP=1
6937781	42	STIM=w
6940948	42	RESP=1
6953793	42	STIM=z
6960226	42	RESP=1
6970985	42	STIM=h
6977539	42	RESP=1
6986346	42	STIM=x
6989718	42	RESP=2
7002269	42	STIM=h
7007793	42	RESP=1
7021131	42	STIM=8
7027450	42	RESP=2
7040070	42	STIM=t
7046586	42	RESP=1
7058012	42	STIM=t
7065078	42	RESP=1
7076340	42	STIM=w
7082428	42	RESP=1
7091572	42	STIM=1
7098780	42	RESP=2
7109981	42	STIM=y
7114166	42	RESP=1
7126203	42	STIM=d
7134495	42	RESP=1
7141915	42	STIM=j
7149300	42	RESP=1
7159030	42	STIM=y
7164854	42	RESP=1
7175486	42	STIM=j
7179607	42	RESP=1
7192936	42	STIM=h
7197226	42	RESP=2
7210001	42	STIM=2
7216366	42	RESP=2
7227674	42	STIM=8
7234134	42	RESP=2
7243741	42	STIM=5
7248772	42	RESP=2
7259620	42	STIM=d
7264310	42	RESP=1
7277060	42	STIM=w
7280300	42	RESP=1
7292246	42	STIM=b
7295336	42	RESP=1
7311013	42	STIM=z
7317548	42	RESP=1
7326276	42	STIM=v
7333807	42	RESP=1
7342026	42	STIM=5
7348243	42	RESP=2
7360167	42	STIM=i
7364175	42	RESP=1
7377051	42	STIM=6
7383551	42	RESP=2
7395892	42	STIM=l
7398809	42	RESP=1
7412047	42	STIM=k
7421281	42	RESP=1
7430020	42	STIM=y
7433725	42	RESP=1
7447740	42	STIM=x
7454686	42	RESP=1
7465528	42	STIM=9
7470445	42	RESP=2
7480907	42	STIM=2
7486428	42	RESP=1
7499281	42	STIM=m
7503861	42	RESP=1
7515220	42	STIM=c
7522633	42	RESP=1
7531740	42	STIM=0
7536779	42	RESP=2
7547943	42	STIM=a
7552409	42	RESP=1
7566245	42	STIM=e
7571926	42	RESP=1
7585016	42	STIM=v
7592365	42	RESP=1
7601932	42	STIM=z
7606652	42	RESP=2
7618159	42	STIM=s
7623590	42	RESP=1
7633713	42	STIM=z
7636667	42	RESP=1
7651739	42	STIM=s
7654827	42	RESP=1
7667554	42	STIM=z
7675219	42	RESP=1
7683319	42	STIM=f
7692335	42	RESP=1
7699062	42	STIM=q
7707057	42	RESP=1
7715539	42	STIM=f
7720536	42	RESP=1
7733565	42	STIM=j
7739389	42	RESP=1
7749098	42	STIM=t
7753559	42	RESP=1
7765467	42	STIM=g
7768587	42	RESP=1
7783968	42	STIM=x
7787472	42	RESP=1
7799881	42	STIM=i
7805509	42	RESP=1
7815141	42	STIM=r
7819331	42	RESP=1
7832748	42	STIM=a
7841329	42	RESP=1
7848032	42	STIM=m
7851229	42	RESP=2
7864182	42	STIM=y
7868674	42	RESP=1
7880131	42	STIM=a
7883838	42	RESP=1
7897035	42	STIM=9
7902619	42	RESP=2
7915348	42	STIM=x
7919418	42	RESP=1
7933101	42	STIM=m
7940260	42	RESP=1
7951652	42	STIM=i
7955903	42	RESP=1
7970029	42	STIM=9
7975839	42	RESP=2
7986251	42	STIM=t
7994271	42	RESP=1
8004225	42	STIM=f
8008329	42	RESP=1
8022933	42	STIM=t
8029630	42	RESP=1
8038885	42	STIM=t
8044901	42	RESP=1
8055252	42	STIM=e
8059246	42	RESP=1
8072599	42	STIM=p
8077684	42	RESP=1
8090879	42	STIM=n
8094181	42	RESP=1
8109192	42	STIM=r
8113108	42	RESP=1
8124971	42	STIM=f
8129991	42	RESP=1
8142558	42	STIM=2
8148506	42	RESP=2
8158590	42	STIM=r
8164245	42	RESP=1
8176381	42	STIM=z
8181712	42	RESP=1
8194998	42	STIM=a
8199275	42	RESP=1
8210726	42	STIM=c
8221574	42	RESP=1
8227478	42	STIM=d
8231243	42	RESP=2
8242954	42	STIM=8
8247795	42	RESP=2
8260022	42	STIM=x
8264722	42	RESP=1
8278117	42	STIM=x
8283033	42	RESP=1
8293420	42	STIM=4
8300610	42	RESP=2
8310525	42	STIM=p
8313356	42	RESP=2
8327185	42	STIM=j
8331051	42	RESP=1
8344388	42	STIM=z
8349501	42	RESP=1
8361438	42	STIM=t
8365513	42	RESP=1
8380336	42	STIM=5
8388418	42	RESP=2
8398071	42	STIM=e
8405033	42	RESP=1
8415413	42	STIM=n
8419995	42	RESP=1
8432068	42	STIM=h
8436953	42	RESP=1
8447317	42	STIM=q
8451378	42	RESP=1
8465242	42	STIM=v
8472388	42	RESP=1
8480430	42	STIM=v
8495471	42	RESP=1
8495620	42	STIM=g
8499900	42	RESP=1
8512036	42	STIM=l
8519688	42	RESP=1
8529616	42	STIM=6
8536109	42	RESP=1
8547517	42	STIM=x
8552864	42	RESP=1
8564344	42	STIM=l
8571387	42	RESP=1
8580604	42	STIM=z
8584493	42	RESP=1
8598880	42	STIM=q
8602682	42	RESP=1
8615543	42	STIM=u
8619689	42	RESP=1
8631371	42	STIM=m
8639221	42	RESP=1
8648972	42	STIM=c
8655922	42	RESP=1
8667771	42	STIM=a
8674710	42	RESP=1
8683627	42	STIM=4
8687830	42	RESP=2
8701814	42	STIM=8
8705939	42	RESP=1
8718863	42	STIM=i
8722231	42	RESP=1
8736734	42	STIM=8
8742785	42	RESP=2
8752841	42	STIM=t
8765150	42	RESP=1
8769050	42	STIM=q
8773772	42	RESP=1
8785045	42	STIM=l
8789784	42	RESP=1
8800530	42	STIM=p
8806698	42	RESP=1
8815649	42	STIM=k
8823279	42	RESP=1
8832705	42	STIM=q
8836968	42	RESP=1
8849689	42	STIM=p
8853657	42	RESP=1
8866725	42	STIM=7
8872358	42	RESP=2
8883823	42	STIM=x
8887478	42	RESP=1
8902239	42	STIM=f
8907846	42	RESP=1
8918006	42	STIM=o
8922070	42	RESP=1
8933732	42	STIM=l
8939015	42	RESP=1
8950506	42	STIM=t
8954574	42	RESP=1
8968844	42	STIM=g
8974323	42	RESP=1
8984985	42	STIM=5
8995223	42	RESP=2
9000409	42	STIM=5
9008758	42	RESP=2
9016689	42	STIM=v
9021266	42	RESP=1
9032169	42	STIM=d
9036818	42	RESP=1
9048137	42	STIM=5
9057675	42	RESP=2
9065872	42	STIM=s
9070688	42	RESP=1
9084692	42	STIM=m
9089255	42	RESP=1
9100707	42	STIM=c
9104583	42	RESP=2
9115724	42	STIM=t
9122409	42	RESP=1
9132536	42	STIM=d
9136109	42	RESP=1
9149118	42	STIM=p
9154315	42	RESP=1
9166605	42	STIM=w
9175821	42	RESP=1
9183964	42	STIM=l
9189907	42	RESP=1
9199400	42	STIM=n
9204894	42	RESP=1
9215755	42	STIM=y
9224215	42	RESP=1
9233369	42	STIM=n
9239021	42	RESP=1
9251921	42	STIM=y
9257514	42	RESP=1
9268133	42	STIM=a
9271973	42	RESP=1
9286605	42	STIM=z
9294693	42	RESP=1
9302535	42	STIM=u
9307000	42	RESP=1
9321460	42	STIM=2
9329216	42	RESP=2
9340145	42	STIM=t
9346786	42	RESP=1
9358159	42	STIM=5
9367384	42	RESP=2
9374350	42	STIM=h
9377616	42	RESP=1
9391921	42	STIM=1
9398961	42	RESP=1
9408608	42	STIM=q
9414176	42	RESP=1
9425962	42	STIM=s
9435113	42	RESP=1
9443176	42	STIM=s
9451882	42	RESP=1
9458770	42	STIM=f
9463818	42	RESP=1
9477573	42	STIM=u
9486262	42	RESP=1
9492754	42	STIM=h
9498774	42	RESP=1
9509505	42	STIM=q
9520544	42	RESP=1
9525768	42	STIM=0
9535776	42	RESP=2
9544075	42	STIM=j
9549947	42	RESP=1
9561130	42	STIM=l
9567165	42	RESP=1
9578416	42	STIM=x
9582137	42	RESP=1
9594612	42	STIM=g
9600078	42	RESP=1
9612979	42	STIM=7
9617103	42	RESP=1
9630013	42	STIM=b
9633386	42	RESP=1
9646195	42	STIM=4
9657580	42	RESP=2
9664802	42	STIM=0
9670212	42	RESP=2
9680451	42	STIM=c
9689478	42	RESP=1
9697260	42	STIM=t
9700349	42	RESP=1
9712861	42	STIM=w
9717667	42	RESP=1
9729503	42	STIM=o
9735221	42	RESP=1
9745360	42	STIM=h
9750884	42	RESP=1
9762046	42	STIM=0
9769809	42	RESP=2
9780992	42	STIM=u
9784545	42	RESP=1
9799634	42	STIM=a
9805667	42	RESP=1
9816745	42	STIM=e
9821651	42	RESP=1
9834504	42	STIM=f
9842012	42	RESP=1
9850000	42	STIM=h
9860032	42	RESP=1
9868681	42	STIM=i
9873284	42	RESP=1
9884714	42	STIM=i
9889017	42	RESP=1
9902289	42	STIM=y
9906286	42	RESP=1
9920173	42	STIM=4
9929836	42	RESP=2
9936079	42	STIM=d
9944229	42	RESP=1
9952412	42	STIM=w
9956599	42	RESP=2
9969425	42	STIM=l
9974828	42	RESP=1
9986556	42	STIM=5
9990863	42	RESP=2
10004687	42	STIM=h
10010584	42	RESP=2
10020643	42	STIM=n
10027553	42	RESP=1
10036788	42	STIM=p
10041695	42	RESP=2
10053754	42	STIM=k
10058674	42	RESP=1
10071068	42	STIM=l
10077477	42	RESP=1
10086664	42	STIM=u
10091865	42	RESP=1
10104131	42	STIM=k
10112266	42	RESP=1
10122629	42	STIM=6
10129089	42	RESP=2
10138381	42	STIM=3
10142825	42	RESP=2
10155347	42	STIM=p
10159536	42	RESP=1
10173407	42	STIM=w
10183002	42	RESP=1
10190981	42	STIM=v
10199473	42	RESP=1
10209621	42	STIM=3
10214620	42	RESP=2
10225015	42	STIM=d
10232318	42	RESP=1
10241783	42	STIM=t
10249632	42	RESP=1
10258743	42	STIM=s
10265496	42	RESP=1
10276993	42	STIM=5
10288739	42	RESP=2
10295864	42	STIM=l
10300895	42	RESP=1
10312485	42	STIM=a
10315856	42	RESP=1
10328457	42	STIM=3
10334244	42	RESP=2
10345005	42	STIM=2
10352043	42	RESP=2
10363703	42	STIM=8
10370719	42	RESP=2
10380725	42	STIM=w
10391487	42	RESP=1
10399323	42	STIM=g
10404665	42	RESP=1
10415267	42	STIM=t
10418696	42	RESP=1
10432888	42	STIM=o
10435678	42	RESP=1
10448605	42	STIM=c
10459531	42	RESP=1
10465673	42	STIM=d
10471824	42	RESP=1
10484224	42	STIM=q
10490207	42	RESP=1
10499843	42	STIM=6
10504995	42	RESP=1
10517223	42	STIM=o
10522331	42	RESP=1
10536056	42	STIM=n
10539654	42	RESP=1
10554136	42	STIM=p
10558497	42	RESP=1
10570836	42	STIM=0
10578858	42	RESP=2
10588729	42	STIM=5
10593235	42	RESP=2
10606952	42	STIM=t
10616811	42	RESP=1
10623083	42	STIM=h
10629051	42	RESP=1
10640354	42	STIM=b
10645525	42	RESP=1
10656341	42	STIM=l
10661920	42	RESP=1
10671796	42	STIM=6
10677309	42	RESP=2
10688628	42	STIM=x
10693673	42	RESP=1
10707020	42	STIM=p
10715832	42	RESP=1
10724959	42	STIM=g
10730219	42	RESP=1
10743028	42	STIM=2
10748153	42	RESP=2
10759498	42	STIM=q
10765818	42	RESP=1
10776427	42	STIM=9
10783588	42	RESP=2
10793804	42	STIM=2
10802705	42	RESP=2
10811670	42	STIM=k
10821802	42	RESP=1
10827715	42	STIM=t
10834738	42	RESP=1
10844589	42	STIM=u
10847740	42	RESP=1
10861278	42	STIM=h
10864946	42	RESP=1
10877139	42	STIM=8
10882163	42	RESP=2
10893450	42	STIM=i
10897411	42	RESP=1
10909779	42	STIM=e
10916231	42	RESP=1
10926355	42	STIM=5
10931287	42	RESP=2
10941667	42	STIM=a
10947919	42	RESP=1
10960247	42	STIM=2
10965819	42	RESP=2
10978228	42	STIM=j
10984493	42	RESP=1
10995745	42	STIM=b
11005744	42	RESP=1
11014432	42	STIM=s
11022780	42	RESP=1
11033085	42	STIM=v
11037502	42	RESP=1
11050534	42	STIM=f
11057106	42	RESP=1
11067922	42	STIM=s
11072324	42	RESP=1
11084166	42	STIM=d
11090093	42	RESP=1
11102247	42	STIM=h
11108660	42	RESP=1
11119542	42	STIM=2
11125187	42	RESP=1
11137295	42	STIM=d
11142301	42	RESP=1
11155559	42	STIM=h
11161151	42	RESP=1
11172652	42	STIM=a
11177048	42	RESP=1
11188912	42	STIM=8
11194780	42	RESP=2
11205532	42	STIM=v
11209108	42	RESP=1
11222589	42	STIM=a
11228687	42	RESP=1
11238959	42	STIM=g
11248499	42	RESP=1
11257926	42	STIM=2
11263660	42	RESP=2
11272991	42	STIM=r
11281590	42	RESP=1
11288612	42	STIM=u
11293385	42	RESP=2
11306647	42	STIM=q
11312590	42	RESP=1
11323731	42	STIM=9
11328986	42	RESP=2
11339285	42	STIM=6
11346753	42	RESP=2
11357687	42	STIM=l
11364497	42	RESP=1
11375813	42	STIM=x
11378610	42	RESP=1
11393719	42	STIM=a
11398506	42	RESP=1
11412105	42	STIM=2
11416937	42	RESP=2
11428183	42	STIM=c
11436354	42	RESP=1
11445315	42	STIM=h
11447734	42	RESP=1
11460381	42	STIM=z
11465455	42	RESP=1
11477016	42	STIM=3
11484236	42	RESP=2
11493522	42	STIM=m
11500333	42	RESP=1
11511759	42	STIM=x
11515101	42	RESP=1
11528795	42	STIM=e
11535845	42	RESP=1
11547008	42	STIM=j
11551058	42	RESP=1
11562943	42	STIM=1
11569577	42	RESP=2
11578838	42	STIM=0
11587532	42	RESP=2
11597422	42	STIM=p
11601105	42	RESP=1
11615223	42	STIM=p
11618969	42	RESP=1
11631631	42	STIM=6
11638198	42	RESP=2
11650113	42	STIM=j
11653866	42	RESP=1
11665551	42	STIM=d
11670348	42	RESP=1
11683063	42	STIM=s
11687731	42	RESP=1
11698881	42	STIM=8
11705184	42	RESP=1
11715165	42	STIM=6
11719892	42	RESP=2
11731057	42	STIM=r
11736574	42	RESP=1
11749761	42	STIM=p
11754083	42	RESP=1
11768597	42	STIM=z
11781119	42	RESP=1
11786490	42	STIM=m
11793529	42	RESP=1
11804091	42	STIM=s
11809779	42	RESP=1
11822128	42	STIM=y
11827492	42	RESP=1
11838423	42	STIM=0
11846251	42	RESP=2
11857129	42	STIM=p
11862063	42	RESP=1
11872730	42	STIM=v
11879537	42	RESP=1
11888715	42	STIM=x
11896360	42	RESP=2
11905004	42	STIM=f
11907910	42	RESP=1
11922421	42	STIM=r
11924821	42	RESP=1
11941332	42	STIM=u
11946960	42	RESP=1
11958502	42	STIM=7
11964029	42	RESP=2
11973909	42	STIM=r
11979125	42	RESP=1
11992243	42	STIM=o
11997586	42	RESP=1
12010028	42	STIM=u
12017401	42	RESP=1
12025222	42	STIM=e
12030387	42	RESP=1
12043837	42	STIM=z
12049703	42	RESP=1
12062207	42	STIM=p
12068386	42	RESP=1
12079109	42	STIM=i
12082327	42	RESP=1
12095514	42	STIM=h
12104323	42	RESP=1
12111941	42	STIM=p
12119008	42	RESP=1
12129575	42	STIM=e
12135422	42	RESP=1
12144675	42	STIM=s
12148520	42	RESP=1
12160588	42	STIM=z
12165854	42	RESP=1
12177943	42	STIM=8
12184130	42	RESP=2
12194081	42	STIM=3
12199883	42	RESP=2
12211025	42	STIM=n
12218903	42	RESP=1
12228315	42	STIM=m
12235884	42	RESP=1
12244002	42	STIM=o
12251261	42	RESP=1
12261144	42	STIM=e
12268349	42	RESP=1
12277529	42	STIM=s
12281830	42	RESP=1
12296172	42	STIM=u
12302540	42	RESP=1
12313111	42	STIM=z
12318869	42	RESP=1
12328985	42	STIM=e
12334461	42	RESP=1
12345307	42	STIM=d
12349420	42	RESP=1
12361271	42	STIM=g
12367487	42	RESP=1
12377100	42	STIM=l
12380496	42	RESP=1
12393344	42	STIM=m
12397375	42	RESP=1
12411006	42	STIM=z
12416669	42	RESP=1
12428776	42	STIM=i
12436618	42	RESP=1
12445297	42	STIM=j
12448621	42	RESP=1
12463139	42	STIM=1
12468140	42	RESP=2
12482053	42	STIM=r
12491479	42	RESP=1
12499603	42	STIM=f
12505109	42	RESP=1
12517868	42	STIM=v
12528088	42	RESP=1
12536301	42	STIM=v
12539599	42	RESP=1
12551829	42	STIM=k
12554757	42	RESP=1
12569398	42	STIM=n
12579411	42	RESP=1
12587022	42	STIM=g
12591835	42	RESP=1
12604257	42	STIM=v
12607758	42	RESP=1
12619835	42	STIM=b
12625209	42	RESP=1
12636395	42	STIM=a
12639687	42	RESP=1
12651618	42	STIM=i
12657138	42	RESP=1
12668910	42	STIM=5
12674609	42	RESP=2
12687771	42	STIM=r
12692425	42	RESP=1
12704019	42	STIM=v
12708856	42	RESP=1
12719155	42	STIM=s
12727777	42	RESP=1
12734816	42	STIM=h
12742837	42	RESP=1
12750884	42	STIM=f
12756794	42	RESP=1
12768958	42	STIM=f
12771787	42	RESP=1
12785040	42	STIM=4
12792108	42	RESP=2
12801951	42	STIM=r
12808338	42	RESP=1
12820310	42	STIM=r
12825742	42	RESP=1
12835756	42	STIM=d
12841902	42	RESP=1
12853261	42	STIM=v
12859587	42	RESP=1
12869869	42	STIM=x
12875778	42	RESP=1
12885392	42	STIM=s
12889786	42	RESP=1
12902952	42	STIM=n
12909692	42	RESP=1
12918482	42	STIM=h
12923199	42	RESP=1
12935205	42	STIM=r
12939578	42	RESP=1
12954121	42	STIM=l
12960257	42	RESP=1
12972297	42	STIM=y
12981090	42	RESP=1
12990676	42	STIM=s
12994499	42	RESP=1
13005951	42	STIM=8
13021337	42	RESP=1
13022273	42	STIM=0
13030706	42	RESP=2
13040547	42	STIM=i
13045463	42	RESP=1
13057124	42	STIM=c
13062729	42	RESP=1
13074535	42	STIM=j
13078219	42	RESP=1
13092877	42	STIM=q
13099242	42	RESP=1
13110867	42	STIM=d
13115590	42	RESP=1
13127627	42	STIM=o
13132270	42	RESP=1
13142760	42	STIM=s
13147131	42	RESP=1
13160243	42	STIM=n
13165763	42	RESP=1
13176764	42	STIM=x
13182680	42	RESP=1
13194101	42	STIM=2
13198905	42	RESP=2
13210189	42	STIM=a
13215148	42	RESP=1
13225442	42	STIM=x
13229330	42	RESP=1
13243785	42	STIM=4
13252157	42	RESP=2
13259830	42	STIM=5
13268840	42	RESP=2
13276713	42	STIM=0
13286885	42	RESP=2
13292205	42	STIM=s
13300544	42	RESP=1
13309342	42	STIM=l
13314476	42	RESP=1
13327560	42	STIM=y
13335995	42	RESP=1
13344563	42	STIM=c
13350049	42	RESP=1
13363011	42	STIM=o
13368576	42	RESP=1
13379114	42	STIM=n
13384079	42	RESP=2
13394708	42	STIM=l
13397785	42	RESP=1
13409857	42	STIM=r
13414526	42	RESP=1
13426108	42	STIM=m
13432066	42	RESP=1
13443417	42	STIM=s
13448840	42	RESP=1
13459669	42	STIM=c
13466899	42	RESP=1
13478441	42	STIM=2
13484210	42	RESP=2
13494672	42	STIM=j
13497717	42	RESP=1
13512000	42	STIM=r
13515531	42	RESP=1
13530899	42	STIM=5
13536548	42	RESP=2
13546848	42	STIM=c
13549901	42	RESP=1
13563177	42	STIM=g
13569697	42	RESP=2
13579297	42	STIM=w
13585861	42	RESP=1
13597116	42	STIM=l
13602298	42	RESP=2
13615032	42	STIM=4
13619750	42	RESP=2
13631881	42	STIM=e
13634914	42	RESP=1
13649872	42	STIM=o
13654007	42	RESP=2
13666820	42	STIM=h
13671454	42	RESP=1
13685424	42	STIM=c
13696210	42	RESP=1
13701908	42	STIM=r
13709876	42	RESP=1
13718894	42	STIM=r
13727682	42	RESP=1
13736149	42	STIM=q
13739184	42	RESP=1
13754334	42	STIM=k
13762851	42	RESP=1
13773108	42	STIM=x
13782107	42	RESP=1
13791282	42	STIM=2
13795460	42	RESP=2
13809958	42	STIM=9
13814175	42	RESP=1
13825550	42	STIM=x
13829259	42	RESP=1
13841807	42	STIM=j
13853131	42	RESP=1
13858246	42	STIM=m
13863076	42	RESP=1
13874467	42	STIM=t
13878690	42	RESP=1
13892562	42	STIM=4
13900012	42	RESP=2
13910500	42	STIM=u
13913506	42	RESP=1
13927313	42	STIM=x
13933168	42	RESP=1
13942777	42	STIM=n
13946136	42	RESP=1
13960204	42	STIM=p
13965677	42	RESP=1
13977241	42	STIM=g
13982309	42	RESP=1
13993226	42	STIM=4
14000179	42	RESP=2
14009276	42	STIM=4
14017582	42	RESP=2
14026128	42	STIM=i
14030340	42	RESP=1
14043446	42	STIM=i
14053888	42	RESP=1
14059466	42	STIM=6
14069031	42	RESP=2
14078131	42	STIM=5
14087104	42	RESP=2
14093994	42	STIM=9
14103040	42	RESP=2
14110555	42	STIM=f
14114277	42	RESP=1
14126240	42	STIM=7
14133137	42	RESP=1
14141401	42	STIM=3
14148462	42	RESP=2
14159118	42	STIM=h
14166437	42	RESP=1
14177670	42	STIM=j
14185704	42	RESP=1
14194682	42	STIM=v
14202971	42	RESP=1
14211761	42	STIM=w
14216023	42	RESP=1
14227909	42	STIM=d
14232946	42	RESP=1
14243008	42	STIM=4
14252557	42	RESP=2
14258120	42	STIM=v
14261540	42	RESP=1
14274754	42	STIM=c
14279705	42	RESP=1
14290144	42	STIM=a
14298021	42	RESP=1
14305869	42	STIM=h
14311941	42	RESP=2
14321308	42	STIM=s
14325180	42	RESP=1
14338691	42	STIM=r
14343025	42	RESP=1
14355591	42	STIM=t
14365633	42	RESP=1
14372837	42	STIM=q
14378848	42	RESP=1
14389540	42	STIM=f
14393454	42	RESP=1
14405827	42	STIM=a
14410592	42	RESP=1
14424655	42	STIM=u
14430806	42	RESP=1
14442516	42	STIM=k
14446084	42	RESP=1
14459528	42	STIM=x
14467173	42	RESP=1
14475150	42	STIM=x
14480125	42	RESP=1
14492797	42	STIM=e
14495416	42	RESP=1
14508890	42	STIM=g
14515366	42	RESP=1
14524245	42	STIM=i
14528571	42	RESP=1
14539621	42	STIM=k
14546998	42	RESP=1
14557676	42	STIM=d
14560816	42	RESP=1
14573729	42	STIM=u
14580033	42	RESP=2
14591219	42	STIM=3
14599650	42	RESP=1
14607717	42	STIM=6
14611398	42	RESP=2
14624467	42	STIM=1
14631741	42	RESP=2
14642946	42	STIM=b
14648128	42	RESP=1
14661379	42	STIM=z
14664693	42	RESP=1
14677724	42	STIM=k
14682863	42	RESP=1
14695867	42	STIM=f
14699781	42	RESP=1
14714526	42	STIM=p
14721978	42	RESP=1
14732541	42	STIM=b
14741563	42	RESP=1
14749893	42	STIM=q
14756502	42	RESP=1
14766303	42	STIM=x
14778800	42	RESP=1
14781668	42	STIM=z
14785331	42	RESP=1
14796691	42	STIM=w
14800177	42	RESP=1
14812481	42	STIM=i
14817928	42	RESP=1
14827605	42	STIM=p
14831418	42	RESP=1
14846082	42	STIM=j
14849455	42	RESP=1
14863235	42	STIM=v
14868897	42	RESP=1
14880684	42	STIM=8
14886425	42	RESP=2
14899158	42	STIM=c
14906105	42	RESP=1
14917004	42	STIM=f
14921663	42	RESP=1
14935454	42	STIM=f
14939082	42	RESP=1
14952793	42	STIM=m
14957279	42	RESP=1
14971792	42	STIM=k
14978188	42	RESP=1
14987833	42	STIM=n
14992492	42	RESP=1
15006425	42	STIM=r
15013439	42	RESP=1
15021486	42	STIM=e
15026043	42	RESP=1
15039823	42	STIM=0
15048424	42	RESP=1
15056888	42	STIM=d
15061549	42	RESP=1
15074544	42	STIM=3
15079610	42	RESP=2
15092092	42	STIM=6
15096434	42	RESP=2
15108859	42	STIM=p
15111814	42	RESP=1
15125178	42	STIM=o
15129394	42	RESP=1
15141834	42	STIM=0
15149059	42	RESP=2
15158536	42	STIM=0
15164661	42	RESP=2
15177098	42	STIM=f
15180954	42	RESP=1
15194728	42	STIM=6
15201122	42	RESP=2
15213038	42	STIM=x
15220917	42	RESP=1
15228512	42	STIM=7
15232913	42	RESP=2
15243996	42	STIM=z
15249140	42	RESP=1
15262534	42	STIM=r
15266589	42	RESP=1
15279671	42	STIM=n
15289212	42	RESP=1
15297898	42	STIM=s
15301904	42	RESP=1
15314205	42	STIM=k
15324794	42	RESP=1
15332344	42	STIM=b
15335795	42	RESP=1
15348016	42	STIM=h
15354490	42	RESP=1
15365095	42	STIM=a
15371199	42	RESP=1
15382855	42	STIM=m
15385502	42	RESP=1
15399503	42	STIM=6
15405083	42	RESP=2
15417784	42	STIM=v
15422786	42	RESP=1
15433830	42	STIM=p
15436343	42	RESP=1
15451951	42	STIM=t
15458512	42	RESP=1
15467690	42	STIM=w
15475795	42	RESP=2
15483882	42	STIM=o
15489665	42	RESP=1
15501300	42	STIM=7
15506136	42	RESP=2
15518768	42	STIM=l
15525759	42	RESP=1
15535834	42	STIM=v
15538847	42	RESP=1
15554611	42	STIM=3
15564853	42	RESP=2
15573204	42	STIM=0
15578290	42	RESP=2
15588554	42	STIM=h
15592351	42	RESP=1
15607160	42	STIM=a
15611513	42	RESP=1
15622505	42	STIM=5
15627915	42	RESP=2
15638085	42	STIM=8
15644553	42	RESP=2
15654125	42	STIM=e
15658856	42	RESP=1
15670545	42	STIM=f
15675275	42	RESP=1
15686821	42	STIM=4
15694389	42	RESP=2
15703865	42	STIM=n
15708078	42	RESP=1
15722846	42	STIM=0
15727334	42	RESP=1
15738828	42	STIM=m
15745268	42	RESP=1
15755338	42	STIM=y
15760261	42	RESP=1
15773868	42	STIM=k
15776988	42	RESP=1
15791184	42	STIM=7
15806158	42	RESP=2
15808208	42	STIM=0
15812382	42	RESP=2
15826291	42	STIM=m
15830456	42	RESP=1
15844796	42	STIM=4
15852042	42	RESP=2
15860019	42	STIM=p
15867611	42	RESP=1
15877074	42	STIM=k
15882662	42	RESP=1
15893918	42	STIM=i
15907192	42	RESP=1
15909684	42	STIM=e
15923367	42	RESP=1
15926699	42	STIM=o
15929674	42	RESP=1
15945260	42	STIM=f
15949509	42	RESP=1
15962082	42	STIM=u
15968283	42	RESP=2
15979713	42	STIM=h
15984759	42	RESP=1
15998012	42	STIM=4
16004386	42	RESP=2
16016501	42	STIM=k
16023874	42	RESP=1
16034522	42	STIM=p
16049282	42	RESP=1
16053072	42	STIM=a
16059027	42	RESP=1
16070776	42	STIM=9
16075204	42	RESP=2
16086443	42	STIM=h
16091318	42	RESP=1
16103969	42	STIM=q
16108417	42	RESP=1
16122174	42	STIM=a
16128955	42	RESP=1
16137866	42	STIM=w
16143606	42	RESP=1
16154480	42	STIM=q
16159734	42	RESP=1
16170490	42	STIM=4
16177084	42	RESP=2
16188612	42	STIM=k
16194311	42	RESP=1
16203724	42	STIM=3
16208887	42	RESP=2
16221043	42	STIM=l
16224670	42	RESP=1
16239808	42	STIM=u
16246339	42	RESP=1
16258224	42	STIM=j
16262404	42	RESP=1
16276845	42	STIM=s
16283040	42	RESP=1
16293400	42	STIM=q
16299478	42	RESP=1
16308641	42	STIM=q
16313121	42	RESP=1
16326497	42	STIM=h
16335184	42	RESP=1
16342842	42	STIM=4
16348999	42	RESP=2
16360045	42	STIM=d
16364119	42	RESP=1
16375767	42	STIM=b
16380224	42	RESP=1
16394591	42	STIM=a
16397975	42	RESP=1
16410926	42	STIM=v
16414517	42	RESP=1
16428645	42	STIM=o
16436363	42	RESP=1
16446179	42	STIM=h
16449890	42	RESP=1
16464851	42	STIM=2
16472897	42	RESP=2
16482075	42	STIM=3
16488431	42	RESP=1
16498142	42	STIM=a
16502110	42	RESP=2
16515594	42	STIM=r
16519967	42	RESP=1
16530904	42	STIM=o
16543395	42	RESP=1
16548294	42	STIM=s
16552059	42	RESP=2
16564346	42	STIM=q
16571852	42	RESP=1
16581826	42	STIM=e
16589225	42	RESP=1
16598595	42	STIM=g
16601819	42	RESP=1
16615721	42	STIM=u
16623176	42	RESP=1
16634055	42	STIM=x
16640492	42	RESP=1
16650711	42	STIM=d
16656638	42	RESP=1
16668717	42	STIM=m
16675908	42	RESP=1
16684571	42	STIM=f
16690204	42	RESP=1
16703175	42	STIM=s
16708534	42	RESP=1
16719357	42	STIM=5
16724787	42	RESP=2
16737913	42	STIM=g
16743856	42	RESP=1
16755288	42	STIM=m
16759122	42	RESP=1
16773538	42	STIM=d
16780623	42	RESP=1
16789476	42	STIM=r
16795723	42	RESP=1
16805695	42	STIM=u
16813353	42	RESP=1
16824060	42	STIM=k
16829592	42	RESP=1
16840507	42	STIM=u
16852336	42	RESP=1
16858976	42	STIM=1
16871022	42	RESP=2
16877971	42	STIM=o
16882587	42	RESP=1
16895545	42	STIM=8
16902641	42	RESP=2
16914013	42	STIM=9
16918701	42	RESP=2
16929198	42	STIM=3
16936543	42	RESP=2
16947856	42	STIM=6
16957876	42	RESP=2
16964120	42	STIM=j
16970421	42	RESP=1
16982736	42	STIM=q
16985973	42	RESP=1
16999430	42	STIM=7
17007670	42	RESP=2
17015266	42	STIM=4
17020121	42	RESP=1
17033726	42	STIM=7
17039840	42	RESP=2
17050144	42	STIM=k
17055966	42	RESP=1
17066286	42	STIM=r
17070014	42	RESP=1
17083273	42	STIM=e
17088320	42	RESP=1
17101874	42	STIM=6
17107533	42	RESP=2
17118990	42	STIM=c
17126148	42	RESP=2
17136858	42	STIM=8
17142901	42	RESP=2
17154616	42	STIM=v
17160124	42	RESP=1
17172106	42	STIM=k
17175134	42	RESP=1
17189693	42	STIM=q
17193307	42	RESP=2
17207639	42	STIM=3
17213269	42	RESP=1
17223163	42	STIM=f
17228896	42	RESP=1
17239705	42	STIM=i
17243688	42	RESP=1
17258536	42	STIM=2
17265546	42	RESP=2
17276781	42	STIM=f
17282004	42	RESP=1
17293551	42	STIM=u
17300709	42	RESP=1
17312000	42	STIM=1
17316662	42	RESP=2
17327088	42	STIM=5
17333109	42	RESP=2
17344681	42	STIM=6
17349962	42	RESP=2
17359821	42	STIM=l
17365693	42	RESP=1
17375904	42	STIM=n
17382722	42	RESP=1
17392516	42	STIM=i
17399889	42	RESP=1
17411150	42	STIM=l
17416902	42	RESP=1
17427308	42	STIM=3
17431544	42	RESP=2
17443849	42	STIM=y
17449665	42	RESP=1
17459263	42	STIM=g
17465353	42	RESP=1
17477367	42	STIM=z
17486290	42	RESP=1
17492600	42	STIM=f
17496569	42	RESP=1
17510727	42	STIM=v
17515273	42	RESP=1
17528223	42	STIM=v
17536079	42	RESP=1
17545377	42	STIM=b
17550661	42	RESP=1
17561390	42	STIM=d
17567548	42	RESP=1
17579821	42	STIM=z
17585752	42	RESP=1
17597245	42	STIM=i
17606953	42	RESP=1
17615004	42	STIM=j
17619336	42	RESP=2
17632260	42	STIM=6
17641761	42	RESP=2
17647999	42	STIM=l
17657034	42	RESP=1
17666303	42	STIM=q
17670954	42	RESP=1
17684879	42	STIM=b
17687827	42	RESP=1
17703596	42	STIM=m
17707998	42	RESP=1
17719504	42	STIM=h
17723622	42	RESP=1
17737316	42	STIM=v
17740153	42	RESP=1
17754873	42	STIM=p
17758969	42	RESP=2
17772351	42	STIM=i
17777960	42	RESP=1
17790746	42	STIM=c
17794601	42	RESP=1
17808465	42	STIM=9
17818395	42	RESP=1
17826535	42	STIM=w
17831049	42	RESP=1
17843320	42	STIM=j
17850692	42	RESP=1
17858903	42	STIM=b
17862745	42	RESP=1
17876530	42	STIM=8
17883831	42	RESP=2
17892190	42	STIM=i
17902765	42	RESP=1
17908549	42	STIM=d
17912618	42	RESP=1
17926531	42	STIM=p
17932407	42	RESP=1
17941750	42	STIM=w
17948676	42	RESP=1
17959740	42	STIM=q
17969621	42	RESP=1
17976034	42	STIM=z
17982239	42	RESP=1
17994169	42	STIM=b
18002362	42	RESP=1
18009854	42	STIM=h
18013852	42	RESP=1
18026194	42	STIM=9
18031975	42	RESP=2
18042153	42	STIM=y
18047814	42	RESP=1
18060390	42	STIM=a
18064672	42	RESP=1
18078599	42	STIM=o
18082105	42	RESP=1
18095292	42	STIM=o
18104868	42	RESP=1
18113956	42	STIM=f
18124334	42	RESP=1
18129877	42	STIM=2
18139260	42	RESP=2
18147204	42	STIM=m
18153539	42	RESP=1
18162679	42	STIM=y
18170000	42	RESP=1
18177770	42	STIM=8
18191080	42	RESP=2
18193679	42	STIM=q
18198924	42	RESP=1
18212349	42	STIM=f
18216235	42	RESP=1
18228938	42	STIM=n
18240817	42	RESP=1
18244798	42	STIM=z
18250429	42	RESP=1
18261886	42	STIM=i
18267504	42	RESP=1
18279233	42	STIM=j
18281977	42	RESP=1
18297809	42	STIM=s
18304692	42	RESP=1
18316462	42	STIM=b
18319735	42	RESP=1
18333514	42	STIM=2
18340600	42	RESP=1
18351782	42	STIM=l
18355868	42	RESP=1
18369154	42	STIM=1
18375568	42	RESP=2
18386577	42	STIM=t
18389763	42	RESP=1
18404697	42	STIM=e
18409649	42	RESP=1
18422179	42	STIM=n
18427934	42	RESP=1
18440085	42	STIM=o
18447015	42	RESP=1
18455229	42	STIM=5
18461440	42	RESP=2
18471707	42	STIM=y
18486208	42	RESP=1
18488612	42	STIM=r
18492249	42	RESP=1
18506945	42	STIM=r
18519125	42	RESP=1
18525092	42	STIM=o
18536820	42	RESP=1
18543760	42	STIM=k
18547614	42	RESP=1
18561962	42	STIM=g
18567674	42	RESP=1
18580332	42	STIM=y
18584629	42	RESP=1
18597131	42	STIM=f
18600250	42	RESP=1
18613258	42	STIM=p
18615786	42	RESP=1
18629362	42	STIM=q
18633225	42	RESP=1
18646892	42	STIM=8
18654193	42	RESP=2
18663440	42	STIM=2
18671174	42	RESP=2
18679151	42	STIM=z
18684822	42	RESP=1
18695308	42	STIM=q
18702455	42	RESP=1
18711956	42	STIM=6
18720008	42	RESP=2
18729538	42	STIM=4
18741720	42	RESP=2
18748366	42	STIM=d
18751081	42	RESP=1
18764393	42	STIM=y
18769375	42	RESP=1
18780397	42	STIM=i
18787378	42	RESP=1
18796199	42	STIM=o
18801075	42	RESP=2
18813192	42	STIM=j
18819649	42	RESP=1
18830988	42	STIM=d
18834521	42	RESP=1
18846014	42	STIM=7
18851101	42	RESP=1
18861114	42	STIM=7
18865859	42	RESP=2
18878018	42	STIM=p
18881609	42	RESP=1
18893089	42	STIM=8
18898713	42	RESP=2
18909060	42	STIM=o
18913113	42	RESP=1
18926036	42	STIM=i
18929247	42	RESP=1
18943630	42	STIM=w
18947373	42	RESP=1
18961191	42	STIM=r
18964745	42	RESP=1
18976992	42	STIM=m
18982993	42	RESP=1
18992381	42	STIM=w
18997122	42	RESP=1
19009536	42	STIM=i
19017638	42	RESP=1
19025016	42	STIM=8
19031198	42	RESP=1
19043575	42	STIM=y
19047030	42	RESP=1
19060577	42	STIM=d
19066233	42	RESP=1
19079087	42	STIM=g
19087617	42	RESP=1
19095094	42	STIM=6
19102101	42	RESP=2
19111250	42	STIM=i
19118427	42	RESP=1
19128238	42	STIM=b
19134657	42	RESP=1
19146115	42	STIM=v
19152112	42	RESP=1
19163278	42	STIM=y
19167284	42	RESP=1
19179061	42	STIM=o
19183411	42	RESP=1
19197072	42	STIM=w
19202299	42	RESP=1
19214866	42	STIM=q
19221588	42	RESP=1
19232528	42	STIM=a
19238561	42	RESP=1
19249673	42	STIM=m
19258800	42	RESP=1
19267230	42	STIM=d
19272312	42	RESP=1
19285350	42	STIM=p
19288451	42	RESP=1
19300453	42	STIM=0
19305121	42	RESP=2
19319255	42	STIM=p
19325923	42	RESP=1
19337995	42	STIM=j
19344675	42	RESP=1
19355189	42	STIM=q
19358836	42	RESP=1
19370839	42	STIM=q
19385682	42	RESP=1
19386457	42	STIM=a
19390078	42	RESP=1
19402907	42	STIM=m
19407644	42	RESP=1
19419967	42	STIM=n
19424625	42	RESP=1
19438311	42	STIM=d
19444931	42	RESP=1
19455744	42	STIM=v
19462802	42	RESP=1
19473357	42	STIM=w
19477335	42	RESP=1
19489792	42	STIM=s
19494131	42	RESP=1
19506716	42	STIM=o
19510097	42	RESP=1
19523956	42	STIM=s
19529690	42	RESP=1
19542140	42	STIM=a
19552563	42	RESP=1
19559138	42	STIM=4
19565572	42	RESP=2
19577156	42	STIM=6
19581682	42	RESP=2
19595669	42	STIM=t
19600492	42	RESP=1
19613070	42	STIM=d
19618620	42	RESP=1
19629783	42	STIM=t
19639783	42	RESP=1
19647544	42	STIM=n
19658124	42	RESP=1
19665090	42	STIM=z
19673293	42	RESP=1
19680288	42	STIM=v
19685784	42	RESP=1
19695862	42	STIM=r
19704546	42	RESP=1
19710985	42	STIM=6
19724951	42	RESP=2
19727939	42	STIM=v
19732152	42	RESP=1
19745576	42	STIM=5
19749894	42	RESP=1
19764143	42	STIM=h
19774421	42	RESP=1
19779253	42	STIM=9
19787617	42	RESP=1
19796358	42	STIM=f
19803242	42	RESP=1
19814133	42	STIM=b
19820781	42	RESP=1
19831556	42	STIM=r
19838521	42	RESP=1
19846782	42	STIM=t
19852482	42	RESP=1
19863392	42	STIM=h
19878363	42	RESP=1
19880234	42	STIM=i
19885796	42	RESP=1
19895493	42	STIM=q
19902207	42	RESP=1
19911556	42	STIM=q
19920619	42	RESP=1
19928586	42	STIM=r
19933264	42	RESP=1
19943919	42	STIM=e
19948121	42	RESP=1
19959929	42	STIM=5
19970051	42	RESP=2
19977488	42	STIM=k
19984046	42	RESP=1
19993352	42	STIM=n
19997344	42	RESP=1
20011887	42	STIM=j
20018529	42	RESP=1
20029516	42	STIM=d
20036230	42	RESP=2
20044818	42	STIM=1
20049830	42	RESP=2
20061357	42	STIM=k
20065457	42	RESP=1
20078292	42	STIM=8
20083271	42	RESP=1
20096979	42	STIM=m
20108370	42	RESP=1
20114484	42	STIM=i
20118240	42	RESP=1
20130347	42	STIM=q
20139580	42	RESP=1
20148249	42	STIM=g
20155977	42	RESP=1
20163894	42	STIM=t
20168325	42	RESP=1
20181331	42	STIM=k
20190179	42	RESP=1
20196869	42	STIM=u
20203607	42	RESP=1
20212190	42	STIM=g
20215326	42	RESP=1
20230633	42	STIM=c
20237164	42	RESP=1
20246496	42	STIM=v
20251234	42	RESP=1
20263214	42	STIM=e
20266371	42	RESP=1
20279822	42	STIM=h
20285118	42	RESP=1
20296780	42	STIM=7
20304256	42	RESP=1
20314256	42	STIM=h
20321016	42	RESP=1
20329452	42	STIM=z
20336969	42	RESP=1
20345839	42	STIM=c
20349554	42	RESP=1
20362669	42	STIM=s
20368925	42	RESP=1
20381636	42	STIM=0
20388038	42	RESP=2
20397091	42	STIM=a
20401070	42	RESP=1
20414802	42	STIM=t
20419740	42	RESP=1
20431907	42	STIM=h
20440145	42	RESP=1
20447208	42	STIM=k
20452619	42	RESP=1
20463943	42	STIM=l
20474119	42	RESP=1
20479760	42	STIM=f
20487894	42	RESP=1
20497548	42	STIM=g
20503584	42	RESP=1
20514485	42	STIM=4
20521097	42	RESP=2
20530694	42	STIM=u
20538731	42	RESP=1
20548246	42	STIM=l
20554664	42	RESP=1
20565170	42	STIM=f
20569795	42	RESP=1
20583791	42	STIM=q
20589794	42	RESP=1
20602161	42	STIM=s
20606994	42	RESP=1
20620799	42	STIM=t
20629594	42	RESP=1
20636868	42	STIM=c
20641474	42	RESP=1
20652142	42	STIM=r
20657463	42	RESP=2
20669008	42	STIM=z
20672343	42	RESP=1
20685262	42	STIM=g
20689543	42	RESP=1
20701913	42	STIM=x
20709305	42	RESP=1
20716953	42	STIM=f
20720024	42	RESP=1
20734591	42	STIM=t
20739942	42	RESP=1
20750169	42	STIM=o
20758294	42	RESP=2
20767330	42	STIM=g
20771051	42	RESP=1
20783540	42	STIM=t
20786976	42	RESP=1
20800029	42	STIM=s
20802930	42	RESP=1
20815391	42	STIM=x
20819680	42	RESP=1
20832192	42	STIM=6
20836770	42	RESP=2
20850289	42	STIM=6
20858928	42	RESP=2
20866893	42	STIM=z
20872291	42	RESP=1
20885099	42	STIM=r
20890439	42	RESP=1
20900287	42	STIM=r
20910987	42	RESP=2
20919236	42	STIM=d
20928495	42	RESP=2
20935670	42	STIM=n
20939830	42	RESP=1
20953104	42	STIM=t
20962992	42	RESP=1
20970438	42	STIM=t
20974298	42	RESP=1
20985849	42	STIM=z
20992152	42	RESP=1
21003593	42	STIM=m
21007508	42	RESP=1
21020415	42	STIM=z
21026488	42	RESP=1
21039050	42	STIM=t
21043631	42	RESP=1
21055984	42	STIM=f
21059841	42	RESP=1
21074000	42	STIM=n
21079072	42	RESP=1
21090506	42	STIM=5
21094403	42	RESP=2
21108533	42	STIM=v
21114386	42	RESP=1
21124872	42	STIM=u
21127912	42	RESP=1
21140815	42	STIM=e
21144536	42	RESP=1
21155974	42	STIM=g
21163097	42	RESP=1
21173770	42	STIM=c
21177991	42	RESP=1
21190663	42	STIM=s
21194893	42	RESP=1
21207137	42	STIM=5
21213520	42	RESP=2
21223496	42	STIM=3
21228311	42	RESP=2
21240916	42	STIM=3
21247031	42	RESP=1
21257334	42	STIM=i
21263296	42	RESP=2
21275505	42	STIM=9
21282493	42	RESP=2
21294045	42	STIM=i
21302653	42	RESP=1
21310863	42	STIM=o
21317042	42	RESP=1
21326478	42	STIM=3
21332623	42	RESP=2
21342130	42	STIM=d
21346623	42	RESP=1
21357169	42	STIM=k
21362126	42	RESP=1
21375094	42	STIM=l
21378880	42	RESP=1
21390465	42	STIM=x
21397756	42	RESP=1
21408232	42	STIM=i
21411972	42	RESP=1
21426872	42	STIM=g
21435875	42	RESP=1
21441933	42	STIM=l
21447052	42	RESP=2
21458174	42	STIM=6
21465557	42	RESP=2
21474918	42	STIM=r
21485294	42	RESP=1
21492500	42	STIM=k
21497588	42	RESP=1
21510850	42	STIM=5
21515794	42	RESP=2
21527018	42	STIM=m
21532532	42	RESP=1
21545968	42	STIM=k
21551224	42	RESP=1
21564264	42	STIM=6
21570481	42	RESP=2
21581952	42	STIM=d
21586156	42	RESP=1
21599438	42	STIM=n
21604429	42	RESP=1
21618030	42	STIM=7
21625644	42	RESP=2
21636182	42	STIM=x
21639945	42	RESP=1
21652617	42	STIM=k
21656790	42	RESP=1
21669454	42	STIM=b
21675583	42	RESP=1
21687445	42	STIM=m
21693347	42	RESP=1
21705615	42	STIM=z
21711571	42	RESP=1
21723960	42	STIM=a
21728409	42	RESP=1
21741304	42	STIM=t
21748413	42	RESP=1
21758092	42	STIM=s
21763038	42	RESP=1
21774586	42	STIM=h
21778920	42	RESP=2
