# Original filename: 0027_PSI_2017-08-03.log
# Time unit: 100 us
# RARECAT=digit
#
# Time	HHGG	Event
35928	42	STIM=1
40240	42	RESP=2
54815	42	STIM=4
59225	42	RESP=2
71226	42	STIM=p
73888	42	RESP=1
90065	42	STIM=v
96015	42	RESP=1
107929	42	STIM=e
113235	42	RESP=1
124572	42	STIM=t
128423	42	RESP=1
143198	42	STIM=h
150853	42	RESP=1
159154	42	STIM=x
164487	42	RESP=1
175818	42	STIM=q
179747	42	RESP=1
194715	42	STIM=f
201406	42	RESP=1
210681	42	STIM=h
217155	42	RESP=1
226749	42	STIM=u
231831	42	RESP=1
244292	42	STIM=a
248258	42	RESP=1
262269	42	STIM=j
265895	42	RESP=1
279016	42	STIM=u
284096	42	RESP=1
295802	42	STIM=c
301978	42	RESP=1
314748	42	STIM=a
317587	42	RESP=1
332541	42	STIM=c
338206	42	RESP=1
350376	42	STIM=g
355335	42	RESP=1
368453	42	STIM=w
373108	42	RESP=1
387319	42	STIM=1
392623	42	RESP=2
403458	42	STIM=m
408956	42	RESP=1
420502	42	STIM=9
426517	42	RESP=2
436577	42	STIM=d
439607	42	RESP=1
453064	42	STIM=j
456962	42	RESP=1
468276	42	STIM=x
471988	42	RESP=1
483318	42	STIM=5
490475	42	RESP=2
501613	42	STIM=1
507141	42	RESP=2
517858	42	STIM=d
522245	42	RESP=1
535224	42	STIM=f
538183	42	RESP=1
550238	42	STIM=y
556935	42	RESP=2
566362	42	STIM=c
569723	42	RESP=1
582654	42	STIM=g
585864	42	RESP=2
598802	42	STIM=3
602550	42	RESP=1
616710	42	STIM=n
622220	42	RESP=1
632786	42	STIM=2
637594	42	RESP=2
651485	42	STIM=1
655652	42	RESP=2
668958	42	STIM=x
673046	42	RESP=1
683978	42	STIM=b
690677	42	RESP=1
702847	42	STIM=8
706020	42	RESP=2
721632	42	STIM=o
726150	42	RESP=1
738921	42	STIM=7
746336	42	RESP=2
754568	42	STIM=u
758876	42	RESP=1
773039	42	STIM=h
775947	42	RESP=1
791985	42	STIM=j
796491	42	RESP=1
808765	42	STIM=d
813170	42	RESP=1
825501	42	STIM=j
831582	42	RESP=1
843262	42	STIM=v
847382	42	RESP=1
862122	42	STIM=b
866167	42	RESP=1
880558	42	STIM=j
885100	42	RESP=1
897822	42	STIM=7
903400	42	RESP=2
916540	42	STIM=s
921426	42	RESP=1
934752	42	STIM=o
937841	42	RESP=1
950518	42	STIM=1
960281	42	RESP=2
969183	42	STIM=a
975908	42	RESP=1
986357	42	STIM=v
989962	42	RESP=1
1002412	42	STIM=e
1005088	42	RESP=1
1018261	42	STIM=a
1021554	42	RESP=1
1036048	42	STIM=f
1039106	42	RESP=1
1052698	42	STIM=l
1060626	42	RESP=1
1070521	42	STIM=s
1074949	42	RESP=1
1085936	42	STIM=g
1091103	42	RESP=1
1103702	42	STIM=q
1109330	42	RESP=1
1118864	42	STIM=l
1123627	42	RESP=1
1135070	42	STIM=2
1138688	42	RESP=2
1150882	42	STIM=r
1153961	42	RESP=1
1168250	42	STIM=2
1171839	42	RESP=2
1186154	42	STIM=m
1190136	42	RESP=1
1204838	42	STIM=w
1208417	42	RESP=1
1220626	42	STIM=c
1223854	42	RESP=1
1237399	42	STIM=y
1242320	42	RESP=1
1253180	42	STIM=j
1260189	42	RESP=1
1271038	42	STIM=p
1275261	42	RESP=1
1286795	42	STIM=x
1289815	42	RESP=1
1305135	42	STIM=v
1309699	42	RESP=1
1322610	42	STIM=s
1327190	42	RESP=1
1340580	42	STIM=q
1345137	42	RESP=1
1358282	42	STIM=w
1362153	42	RESP=1
1373969	42	STIM=f
1378748	42	RESP=2
1392627	42	STIM=y
1396626	42	RESP=1
1409722	42	STIM=j
1415512	42	RESP=1
1428077	42	STIM=y
1431864	42	RESP=1
1443156	42	STIM=r
1448955	42	RESP=1
1459952	42	STIM=p
1464799	42	RESP=1
1475546	42	STIM=4
1481438	42	RESP=1
1493470	42	STIM=a
1497922	42	RESP=1
1509453	42	STIM=p
1513674	42	RESP=1
1528443	42	STIM=r
1533675	42	RESP=1
1547430	42	STIM=7
1553795	42	RESP=2
1565293	42	STIM=a
1568683	42	RESP=1
1583282	42	STIM=1
1588619	42	RESP=2
1599389	42	STIM=l
1603329	42	RESP=1
1617361	42	STIM=x
1621764	42	RESP=1
1634796	42	STIM=x
1640728	42	RESP=1
1650493	42	STIM=p
1654091	42	RESP=1
1668336	42	STIM=s
1674485	42	RESP=1
1686055	42	STIM=u
1692077	42	RESP=1
1704383	42	STIM=q
1711011	42	RESP=1
1721058	42	STIM=e
1729467	42	RESP=1
1738809	42	STIM=s
1742093	42	RESP=1
1754532	42	STIM=u
1758264	42	RESP=1
1772241	42	STIM=3
1777635	42	RESP=1
1788127	42	STIM=b
1790699	42	RESP=1
1806664	42	STIM=5
1812796	42	RESP=2
1822466	42	STIM=o
1826048	42	RESP=1
1837839	42	STIM=j
1846600	42	RESP=1
1853350	42	STIM=k
1858603	42	RESP=1
1869407	42	STIM=6
1874969	42	RESP=2
1884620	42	STIM=g
1889772	42	RESP=2
1902339	42	STIM=z
1906857	42	RESP=1
1918999	42	STIM=m
1926216	42	RESP=2
1937421	42	STIM=u
1941721	42	RESP=1
1954783	42	STIM=d
1958289	42	RESP=1
1971991	42	STIM=5
1977650	42	RESP=1
1988059	42	STIM=4
1992871	42	RESP=2
2004534	42	STIM=c
2009136	42	RESP=1
2020250	42	STIM=p
2027596	42	RESP=1
2036029	42	STIM=w
2039285	42	RESP=1
2054709	42	STIM=y
2058908	42	RESP=1
2070474	42	STIM=i
2077665	42	RESP=1
2085937	42	STIM=v
2088585	42	RESP=1
2103854	42	STIM=6
2110333	42	RESP=2
2122058	42	STIM=w
2128969	42	RESP=1
2140584	42	STIM=j
2148282	42	RESP=1
2156659	42	STIM=w
2159627	42	RESP=1
2171739	42	STIM=p
2178460	42	RESP=1
2187390	42	STIM=b
2193287	42	RESP=1
2202569	42	STIM=6
2209730	42	RESP=1
2217793	42	STIM=9
2224115	42	RESP=2
2233338	42	STIM=e
2237490	42	RESP=1
2251261	42	STIM=6
2260594	42	RESP=2
2267572	42	STIM=m
2273545	42	RESP=1
2283107	42	STIM=t
2288784	42	RESP=1
2299143	42	STIM=v
2302552	42	RESP=1
2314862	42	STIM=x
2317914	42	RESP=2
2330134	42	STIM=n
2334962	42	RESP=1
2347712	42	STIM=k
2354019	42	RESP=1
2364874	42	STIM=7
2368485	42	RESP=2
2383495	42	STIM=k
2388531	42	RESP=1
2398551	42	STIM=h
2402850	42	RESP=1
2417012	42	STIM=3
2423212	42	RESP=1
2433594	42	STIM=b
2439097	42	RESP=1
2451809	42	STIM=x
2454695	42	RESP=1
2468127	42	STIM=u
2473765	42	RESP=1
2485583	42	STIM=9
2495169	42	RESP=2
2501218	42	STIM=y
2506358	42	RESP=1
2518896	42	STIM=o
2523465	42	RESP=1
2535799	42	STIM=l
2538973	42	RESP=1
2551929	42	STIM=j
2558044	42	RESP=1
2570139	42	STIM=1
2575865	42	RESP=2
2588302	42	STIM=l
2597365	42	RESP=1
2607212	42	STIM=k
2613197	42	RESP=1
2625988	42	STIM=h
2629564	42	RESP=1
2644085	42	STIM=m
2647849	42	RESP=1
2660947	42	STIM=a
2665644	42	RESP=1
2679481	42	STIM=8
2683009	42	RESP=2
2698314	42	STIM=b
2703656	42	RESP=1
2714513	42	STIM=1
2720007	42	RESP=2
2730018	42	STIM=p
2733399	42	RESP=1
2745616	42	STIM=7
2749749	42	RESP=2
2761151	42	STIM=b
2764823	42	RESP=1
2778440	42	STIM=l
2781963	42	RESP=1
2794754	42	STIM=i
2799868	42	RESP=1
2813142	42	STIM=0
2817588	42	RESP=2
2832093	42	STIM=m
2835133	42	RESP=1
2850852	42	STIM=r
2855002	42	RESP=1
2869254	42	STIM=8
2873516	42	RESP=2
2888027	42	STIM=t
2891545	42	RESP=1
2906804	42	STIM=f
2913937	42	RESP=1
2922236	42	STIM=4
2927062	42	RESP=2
2938014	42	STIM=9
2942095	42	RESP=2
2956747	42	STIM=o
2962394	42	RESP=2
2971963	42	STIM=o
2976491	42	RESP=2
2990290	42	STIM=3
2997561	42	RESP=2
3006815	42	STIM=t
3012401	42	RESP=1
3022061	42	STIM=b
3026340	42	RESP=1
3040002	42	STIM=z
3045073	42	RESP=1
3055223	42	STIM=k
3063637	42	RESP=1
3071373	42	STIM=o
3076780	42	RESP=1
3086966	42	STIM=q
3092520	42	RESP=1
3104282	42	STIM=i
3109907	42	RESP=1
3120306	42	STIM=u
3125626	42	RESP=1
3138825	42	STIM=9
3143454	42	RESP=2
3155221	42	STIM=a
3157927	42	RESP=1
3172641	42	STIM=l
3177124	42	RESP=1
3189759	42	STIM=j
3193329	42	RESP=1
3207915	42	STIM=k
3211239	42	RESP=1
3226366	42	STIM=9
3230133	42	RESP=2
3242906	42	STIM=i
3248742	42	RESP=1
3259964	42	STIM=g
3265624	42	RESP=1
3274964	42	STIM=v
3278375	42	RESP=1
3290551	42	STIM=c
3295531	42	RESP=1
3309112	42	STIM=4
3317409	42	RESP=2
3325534	42	STIM=9
3332121	42	RESP=2
3341397	42	STIM=a
3344878	42	RESP=1
3357985	42	STIM=u
3363269	42	RESP=1
3374769	42	STIM=i
3380222	42	RESP=1
3392040	42	STIM=f
3397151	42	RESP=1
3409731	42	STIM=g
3415584	42	RESP=1
3424928	42	STIM=1
3432187	42	RESP=2
3441088	42	STIM=7
3448009	42	RESP=2
3457853	42	STIM=9
3461747	42	RESP=2
3475099	42	STIM=9
3480207	42	RESP=2
3491549	42	STIM=b
3497651	42	RESP=2
3507903	42	STIM=p
3513504	42	RESP=1
3522907	42	STIM=p
3527890	42	RESP=1
3539500	42	STIM=a
3544255	42	RESP=1
3554520	42	STIM=o
3558507	42	RESP=1
3571754	42	STIM=2
3577888	42	RESP=2
3589400	42	STIM=n
3592795	42	RESP=1
3604722	42	STIM=j
3611441	42	RESP=1
3620830	42	STIM=o
3624369	42	RESP=1
3637310	42	STIM=y
3639900	42	RESP=1
3653197	42	STIM=r
3657599	42	RESP=1
3671276	42	STIM=s
3680042	42	RESP=1
3689569	42	STIM=z
3694470	42	RESP=1
3708219	42	STIM=l
3711691	42	RESP=1
3726571	42	STIM=q
3730845	42	RESP=1
3744393	42	STIM=e
3749649	42	RESP=1
3760845	42	STIM=b
3764042	42	RESP=1
3776477	42	STIM=a
3783622	42	RESP=2
3794280	42	STIM=y
3800383	42	RESP=1
3811713	42	STIM=p
3815875	42	RESP=1
3830615	42	STIM=j
3837523	42	RESP=1
3845672	42	STIM=7
3848884	42	RESP=2
3862848	42	STIM=h
3866521	42	RESP=1
3878028	42	STIM=g
3885651	42	RESP=1
3894791	42	STIM=u
3902533	42	RESP=1
3910840	42	STIM=z
3919354	42	RESP=1
3928303	42	STIM=h
3937017	42	RESP=1
3946183	42	STIM=e
3952486	42	RESP=1
3963893	42	STIM=5
3969108	42	RESP=2
3979211	42	STIM=9
3982928	42	RESP=2
3997949	42	STIM=h
4003178	42	RESP=1
4013673	42	STIM=a
4018445	42	RESP=1
4030071	42	STIM=v
4034784	42	RESP=1
4046498	42	STIM=l
4052112	42	RESP=1
4063154	42	STIM=7
4067822	42	RESP=2
4079551	42	STIM=i
4082144	42	RESP=1
4097527	42	STIM=q
4103915	42	RESP=1
4115886	42	STIM=p
4122345	42	RESP=1
4133526	42	STIM=n
4141113	42	RESP=1
4150117	42	STIM=l
4155282	42	RESP=1
4167610	42	STIM=1
4173268	42	RESP=2
4182753	42	STIM=3
4187122	42	RESP=2
4200192	42	STIM=u
4205987	42	RESP=1
4216663	42	STIM=b
4220818	42	RESP=1
4233733	42	STIM=l
4238822	42	RESP=1
4249068	42	STIM=8
4255271	42	RESP=2
4266401	42	STIM=x
4270417	42	RESP=1
4283357	42	STIM=z
4290945	42	RESP=1
4301092	42	STIM=z
4305399	42	RESP=1
4317180	42	STIM=q
4321251	42	RESP=1
4335818	42	STIM=a
4339324	42	RESP=1
4352877	42	STIM=6
4362712	42	RESP=2
4371544	42	STIM=e
4375342	42	RESP=1
4387456	42	STIM=m
4390240	42	RESP=1
4402765	42	STIM=f
4410612	42	RESP=1
4417868	42	STIM=i
4421098	42	RESP=1
4433362	42	STIM=e
4439872	42	RESP=1
4451024	42	STIM=9
4457781	42	RESP=2
4469631	42	STIM=3
4473324	42	RESP=2
4484766	42	STIM=q
4490167	42	RESP=1
4501954	42	STIM=d
4505443	42	RESP=1
4518952	42	STIM=b
4523079	42	RESP=1
4533997	42	STIM=u
4539298	42	RESP=1
4551496	42	STIM=i
4555991	42	RESP=1
4567885	42	STIM=o
4574295	42	RESP=1
4584468	42	STIM=i
4587130	42	RESP=1
4603410	42	STIM=2
4610353	42	RESP=2
4619252	42	STIM=t
4630573	42	RESP=1
4634426	42	STIM=q
4640655	42	RESP=1
4652068	42	STIM=t
4657268	42	RESP=1
4668902	42	STIM=u
4672887	42	RESP=1
4686634	42	STIM=t
4691119	42	RESP=1
4703077	42	STIM=d
4706217	42	RESP=1
4720246	42	STIM=1
4723673	42	RESP=2
4738173	42	STIM=h
4742033	42	RESP=1
4755943	42	STIM=0
4760309	42	RESP=2
4773524	42	STIM=5
4779598	42	RESP=2
4790662	42	STIM=5
4795019	42	RESP=2
4809200	42	STIM=i
4816276	42	RESP=1
4826355	42	STIM=s
4829253	42	RESP=1
4842071	42	STIM=u
4847896	42	RESP=1
4857204	42	STIM=0
4867209	42	RESP=2
4875470	42	STIM=x
4879854	42	RESP=1
4893259	42	STIM=0
4902164	42	RESP=2
4909232	42	STIM=y
4914469	42	RESP=1
4925634	42	STIM=s
4930527	42	RESP=1
4944199	42	STIM=r
4951866	42	RESP=2
4961414	42	STIM=c
4964917	42	RESP=1
4978790	42	STIM=u
4982706	42	RESP=1
4994253	42	STIM=d
4998728	42	RESP=1
5009360	42	STIM=g
5014742	42	RESP=1
5024690	42	STIM=l
5028930	42	RESP=1
5042774	42	STIM=b
5046015	42	RESP=1
5059546	42	STIM=0
5067172	42	RESP=2
5077782	42	STIM=m
5081455	42	RESP=1
5093328	42	STIM=i
5097233	42	RESP=1
5108849	42	STIM=o
5115619	42	RESP=1
5126954	42	STIM=8
5131798	42	RESP=2
5144114	42	STIM=d
5149098	42	RESP=1
5160131	42	STIM=i
5163749	42	RESP=1
5177559	42	STIM=r
5181003	42	RESP=1
5195856	42	STIM=v
5199865	42	RESP=1
5214193	42	STIM=1
5220919	42	RESP=2
5232259	42	STIM=7
5236968	42	RESP=1
5250506	42	STIM=e
5254625	42	RESP=1
5265787	42	STIM=y
5269527	42	RESP=1
5283276	42	STIM=g
5286391	42	RESP=1
5298538	42	STIM=4
5306601	42	RESP=2
5314348	42	STIM=7
5320000	42	RESP=2
5331744	42	STIM=p
5334638	42	RESP=1
5348419	42	STIM=v
5351817	42	RESP=1
5366286	42	STIM=m
5369300	42	RESP=1
5383922	42	STIM=7
5389032	42	RESP=2
5402121	42	STIM=5
5407514	42	RESP=1
5418228	42	STIM=a
5422719	42	RESP=1
5433694	42	STIM=6
5438536	42	RESP=2
5451860	42	STIM=i
5455070	42	RESP=1
5467332	42	STIM=t
5471835	42	RESP=1
5484994	42	STIM=d
5489303	42	RESP=1
5501492	42	STIM=l
5506523	42	RESP=1
5519853	42	STIM=r
5528591	42	RESP=2
5535849	42	STIM=b
5539707	42	RESP=1
5553187	42	STIM=3
5562176	42	RESP=2
5570533	42	STIM=v
5575152	42	RESP=1
5587047	42	STIM=e
5590611	42	RESP=1
5602918	42	STIM=w
5609311	42	RESP=1
5621476	42	STIM=q
5633047	42	RESP=1
5639942	42	STIM=r
5642870	42	RESP=1
5654943	42	STIM=n
5660074	42	RESP=1
5670767	42	STIM=j
5676362	42	RESP=1
5689191	42	STIM=o
5692048	42	RESP=1
5704854	42	STIM=g
5709337	42	RESP=1
5721405	42	STIM=7
5725601	42	RESP=2
5737640	42	STIM=v
5743167	42	RESP=1
5755937	42	STIM=o
5760495	42	RESP=1
5771762	42	STIM=h
5775800	42	RESP=1
5790503	42	STIM=f
5795904	42	RESP=1
5807318	42	STIM=m
5810330	42	RESP=1
5824266	42	STIM=v
5829752	42	RESP=1
5841011	42	STIM=7
5844521	42	RESP=1
5858382	42	STIM=v
5863513	42	RESP=1
5874017	42	STIM=k
5882320	42	RESP=1
5889041	42	STIM=1
5894836	42	RESP=2
5905156	42	STIM=b
5909357	42	RESP=1
5923509	42	STIM=h
5933175	42	RESP=1
5941191	42	STIM=f
5947042	42	RESP=1
5958942	42	STIM=r
5962802	42	RESP=1
5974750	42	STIM=p
5979440	42	RESP=1
5992386	42	STIM=6
6003772	42	RESP=2
6007968	42	STIM=0
6011772	42	RESP=2
6026585	42	STIM=9
6031581	42	RESP=2
6045028	42	STIM=i
6049163	42	RESP=1
6062956	42	STIM=p
6067090	42	RESP=1
6080416	42	STIM=n
6088547	42	RESP=1
6096262	42	STIM=g
6102798	42	RESP=1
6113991	42	STIM=k
6118915	42	RESP=1
6131600	42	STIM=n
6136855	42	RESP=1
6147776	42	STIM=u
6152737	42	RESP=1
6162978	42	STIM=u
6166205	42	RESP=1
6180665	42	STIM=a
6188879	42	RESP=1
6196280	42	STIM=t
6200690	42	RESP=1
6215207	42	STIM=y
6222095	42	RESP=1
6231515	42	STIM=q
6237516	42	RESP=1
6249442	42	STIM=6
6255845	42	RESP=2
6265895	42	STIM=o
6273449	42	RESP=1
6283806	42	STIM=s
6289632	42	RESP=1
6300950	42	STIM=g
6308235	42	RESP=1
6317879	42	STIM=e
6323442	42	RESP=1
6334156	42	STIM=v
6339187	42	RESP=1
6350431	42	STIM=f
6353265	42	RESP=1
6366277	42	STIM=n
6371798	42	RESP=1
6383613	42	STIM=6
6388258	42	RESP=2
6401660	42	STIM=i
6404406	42	RESP=1
6419908	42	STIM=3
6428763	42	RESP=2
6438829	42	STIM=d
6442223	42	RESP=1
6457349	42	STIM=j
6462391	42	RESP=1
6475444	42	STIM=w
6480136	42	RESP=1
6494395	42	STIM=s
6501763	42	RESP=1
6512135	42	STIM=z
6516078	42	RESP=1
6528919	42	STIM=3
6534363	42	RESP=2
6543973	42	STIM=c
6547915	42	RESP=1
6559442	42	STIM=n
6563924	42	RESP=1
6574852	42	STIM=0
6579309	42	RESP=2
6591095	42	STIM=w
6595179	42	RESP=1
6607951	42	STIM=r
6613576	42	RESP=1
6624604	42	STIM=p
6630501	42	RESP=1
6642567	42	STIM=c
6649617	42	RESP=1
6660831	42	STIM=q
6664829	42	RESP=1
6679585	42	STIM=y
6681993	42	RESP=2
6695923	42	STIM=v
6700532	42	RESP=1
6711389	42	STIM=c
6719397	42	RESP=1
6727727	42	STIM=n
6732198	42	RESP=1
6743287	42	STIM=g
6748343	42	RESP=1
6759324	42	STIM=f
6764090	42	RESP=1
6775405	42	STIM=t
6780557	42	RESP=1
6792297	42	STIM=z
6794805	42	RESP=1
6808859	42	STIM=j
6813561	42	RESP=1
6825969	42	STIM=3
6830577	42	RESP=2
6842155	42	STIM=a
6849458	42	RESP=1
6859918	42	STIM=m
6863335	42	RESP=1
6875089	42	STIM=d
6882667	42	RESP=1
6890624	42	STIM=9
6896866	42	RESP=2
6906170	42	STIM=1
6918328	42	RESP=2
6921374	42	STIM=s
6927518	42	RESP=1
6939279	42	STIM=l
6947611	42	RESP=1
6956335	42	STIM=q
6964995	42	RESP=1
6973122	42	STIM=f
6978651	42	RESP=1
6990407	42	STIM=8
6996503	42	RESP=2
7005443	42	STIM=p
7009001	42	RESP=1
7022370	42	STIM=l
7029480	42	RESP=1
7039225	42	STIM=f
7042644	42	RESP=1
7054466	42	STIM=8
7058436	42	RESP=2
7072881	42	STIM=a
7077512	42	RESP=1
7090365	42	STIM=g
7097084	42	RESP=1
7106790	42	STIM=c
7113706	42	RESP=1
7124614	42	STIM=a
7130323	42	RESP=1
7140319	42	STIM=5
7146362	42	RESP=2
7158715	42	STIM=p
7163205	42	RESP=1
7174708	42	STIM=m
7180224	42	RESP=1
7192617	42	STIM=0
7200181	42	RESP=1
7207818	42	STIM=h
7213332	42	RESP=1
7225350	42	STIM=n
7231875	42	RESP=1
7242742	42	STIM=d
7248241	42	RESP=1
7259569	42	STIM=q
7263593	42	RESP=1
7276389	42	STIM=a
7282692	42	RESP=1
7292891	42	STIM=l
7296318	42	RESP=1
7310926	42	STIM=e
7314172	42	RESP=1
7326485	42	STIM=n
7331387	42	RESP=1
7341546	42	STIM=i
7345593	42	RESP=1
7359403	42	STIM=b
7366327	42	RESP=1
7375048	42	STIM=y
7378368	42	RESP=1
7393212	42	STIM=0
7396923	42	RESP=2
7411702	42	STIM=y
7414757	42	RESP=1
7427551	42	STIM=c
7432031	42	RESP=1
7446206	42	STIM=r
7451709	42	RESP=1
7462873	42	STIM=k
7466089	42	RESP=1
7477967	42	STIM=t
7482255	42	RESP=1
7496007	42	STIM=c
7502103	42	RESP=1
7514255	42	STIM=i
7518643	42	RESP=1
7533145	42	STIM=f
7536548	42	RESP=1
7548856	42	STIM=f
7554607	42	RESP=1
7564779	42	STIM=a
7567909	42	RESP=1
7581607	42	STIM=q
7584705	42	RESP=1
7598275	42	STIM=8
7603815	42	RESP=2
7614527	42	STIM=v
7618323	42	RESP=1
7633074	42	STIM=9
7639570	42	RESP=2
7648445	42	STIM=p
7653986	42	RESP=1
7664103	42	STIM=w
7668167	42	RESP=1
7681962	42	STIM=d
7690557	42	RESP=1
7697392	42	STIM=w
7700972	42	RESP=1
7714522	42	STIM=b
7718739	42	RESP=1
7729927	42	STIM=r
7735509	42	RESP=1
7748491	42	STIM=1
7753349	42	RESP=2
7763922	42	STIM=x
7769802	42	RESP=1
7779532	42	STIM=y
7788521	42	RESP=1
7797844	42	STIM=i
7806185	42	RESP=2
7813999	42	STIM=1
7819161	42	RESP=2
7831096	42	STIM=t
7837514	42	RESP=1
7847263	42	STIM=2
7853046	42	RESP=2
7862496	42	STIM=6
7869569	42	RESP=2
7877851	42	STIM=c
7881915	42	RESP=1
7894704	42	STIM=m
7897619	42	RESP=1
7913517	42	STIM=3
7918960	42	RESP=2
7931182	42	STIM=x
7935522	42	RESP=1
7947929	42	STIM=3
7956619	42	RESP=2
7966808	42	STIM=f
7975960	42	RESP=1
7985022	42	STIM=o
7989789	42	RESP=1
8003676	42	STIM=v
8007499	42	RESP=1
8021129	42	STIM=m
8023608	42	RESP=1
8039921	42	STIM=n
8043352	42	RESP=2
8057459	42	STIM=w
8062304	42	RESP=1
8075682	42	STIM=o
8083491	42	RESP=1
8091399	42	STIM=o
8097229	42	RESP=2
8109228	42	STIM=c
8114574	42	RESP=1
8127560	42	STIM=z
8131826	42	RESP=1
8145520	42	STIM=n
8153890	42	RESP=1
8161747	42	STIM=b
8166776	42	RESP=1
8180257	42	STIM=a
8185901	42	RESP=1
8198119	42	STIM=p
8203815	42	RESP=1
8216720	42	STIM=m
8226098	42	RESP=1
8234601	42	STIM=e
8238842	42	RESP=1
8250608	42	STIM=o
8254312	42	RESP=1
8266494	42	STIM=k
8273957	42	RESP=1
8284175	42	STIM=q
8287234	42	RESP=1
8299952	42	STIM=4
8304286	42	RESP=2
8315107	42	STIM=f
8318244	42	RESP=1
8330748	42	STIM=c
8333711	42	RESP=1
8346803	42	STIM=v
8349712	42	RESP=1
8364073	42	STIM=e
8367831	42	RESP=1
8379174	42	STIM=6
8384767	42	RESP=2
8396309	42	STIM=6
8402834	42	RESP=2
8414226	42	STIM=p
8418418	42	RESP=1
8431567	42	STIM=z
8436779	42	RESP=2
8446946	42	STIM=b
8451468	42	RESP=1
8463982	42	STIM=x
8470625	42	RESP=1
8479948	42	STIM=t
8487148	42	RESP=1
8497074	42	STIM=3
8501878	42	RESP=2
8514926	42	STIM=w
8518546	42	RESP=1
8531822	42	STIM=q
8535146	42	RESP=1
8550262	42	STIM=y
8553462	42	RESP=1
8567441	42	STIM=s
8570746	42	RESP=1
8584511	42	STIM=r
8588654	42	RESP=1
8602479	42	STIM=n
8608690	42	RESP=1
8618520	42	STIM=n
8622170	42	RESP=1
8635670	42	STIM=5
8642164	42	RESP=2
8653690	42	STIM=g
8658021	42	RESP=1
8671271	42	STIM=j
8677105	42	RESP=1
8689242	42	STIM=b
8692945	42	RESP=1
8704531	42	STIM=8
8711043	42	RESP=2
8723269	42	STIM=b
8727991	42	RESP=1
8740969	42	STIM=t
8745293	42	RESP=1
8759325	42	STIM=p
8763915	42	RESP=1
8777428	42	STIM=n
8784083	42	RESP=1
8795889	42	STIM=w
8801001	42	RESP=1
8811161	42	STIM=s
8815254	42	RESP=1
8830002	42	STIM=h
8833328	42	RESP=2
8845392	42	STIM=4
8851557	42	RESP=2
8861556	42	STIM=l
8864630	42	RESP=1
8876898	42	STIM=v
8881969	42	RESP=1
8894400	42	STIM=f
8899452	42	RESP=1
8909940	42	STIM=g
8918314	42	RESP=1
8925174	42	STIM=q
8932021	42	RESP=2
8943459	42	STIM=m
8948952	42	RESP=1
8962083	42	STIM=l
8967271	42	RESP=1
8977929	42	STIM=2
8984806	42	RESP=1
8994465	42	STIM=s
8999469	42	RESP=1
9011989	42	STIM=w
9016747	42	RESP=1
9030053	42	STIM=l
9038143	42	RESP=1
9047912	42	STIM=n
9057336	42	RESP=1
9066773	42	STIM=g
9071669	42	RESP=1
9083441	42	STIM=c
9086869	42	RESP=2
9100444	42	STIM=y
9104615	42	RESP=1
9119266	42	STIM=c
9125315	42	RESP=1
9137824	42	STIM=x
9140793	42	RESP=1
9152885	42	STIM=d
9162402	42	RESP=1
9171101	42	STIM=5
9180477	42	RESP=2
9188089	42	STIM=u
9191393	42	RESP=1
9203911	42	STIM=i
9207935	42	RESP=1
9219155	42	STIM=i
9223221	42	RESP=1
9234490	42	STIM=t
9240731	42	RESP=1
9249536	42	STIM=7
9255973	42	RESP=1
9266277	42	STIM=h
9269552	42	RESP=1
9281398	42	STIM=y
9284407	42	RESP=1
9298318	42	STIM=8
9303299	42	RESP=2
9316288	42	STIM=y
9321727	42	RESP=1
9333436	42	STIM=y
9337752	42	RESP=1
9351417	42	STIM=t
9357536	42	RESP=1
9368780	42	STIM=w
9375367	42	RESP=1
9387488	42	STIM=6
9395177	42	RESP=2
9403796	42	STIM=2
9407298	42	RESP=2
9421808	42	STIM=o
9425495	42	RESP=1
9439270	42	STIM=e
9445279	42	RESP=1
9457133	42	STIM=r
9461807	42	RESP=1
9472580	42	STIM=c
9477685	42	RESP=1
9488685	42	STIM=9
9499853	42	RESP=2
9503715	42	STIM=k
9507701	42	RESP=1
9520051	42	STIM=g
9523537	42	RESP=1
9535750	42	STIM=v
9541159	42	RESP=1
9553117	42	STIM=3
9566404	42	RESP=2
9568621	42	STIM=d
9573556	42	RESP=1
9584951	42	STIM=s
9588838	42	RESP=1
9602311	42	STIM=o
9605874	42	RESP=1
9618651	42	STIM=k
9623181	42	RESP=1
9633721	42	STIM=m
9643125	42	RESP=1
9650451	42	STIM=7
9653778	42	RESP=1
9669060	42	STIM=1
9675052	42	RESP=2
9685810	42	STIM=a
9691215	42	RESP=1
9703176	42	STIM=i
9707123	42	RESP=1
9720053	42	STIM=p
9724315	42	RESP=1
9738973	42	STIM=c
9742923	42	RESP=1
9756478	42	STIM=t
9759442	42	RESP=1
9773355	42	STIM=u
9782791	42	RESP=1
9792001	42	STIM=u
9799069	42	RESP=1
9809594	42	STIM=s
9812699	42	RESP=1
9828388	42	STIM=r
9833606	42	RESP=1
9846909	42	STIM=v
9851908	42	RESP=1
9862717	42	STIM=w
9867555	42	RESP=1
9879108	42	STIM=0
9887146	42	RESP=2
9894470	42	STIM=d
9900403	42	RESP=1
9911062	42	STIM=g
9916491	42	RESP=1
9929321	42	STIM=a
9933892	42	RESP=1
9946679	42	STIM=l
9951267	42	RESP=1
9961989	42	STIM=j
9965992	42	RESP=1
9979690	42	STIM=g
9986386	42	RESP=1
9995622	42	STIM=d
10000382	42	RESP=1
10013774	42	STIM=y
10017267	42	RESP=1
10031605	42	STIM=z
10036752	42	RESP=1
10047502	42	STIM=n
10052502	42	RESP=1
10063135	42	STIM=w
10067614	42	RESP=1
10081746	42	STIM=o
10085421	42	RESP=1
10099922	42	STIM=f
10103384	42	RESP=1
10115628	42	STIM=p
10118730	42	RESP=1
10131908	42	STIM=k
10136518	42	RESP=1
10148455	42	STIM=b
10151721	42	RESP=2
10165194	42	STIM=w
10170022	42	RESP=1
10182156	42	STIM=v
10186537	42	RESP=1
10198474	42	STIM=7
10202779	42	RESP=2
10213479	42	STIM=m
10218550	42	RESP=1
10230039	42	STIM=b
10236078	42	RESP=1
10248173	42	STIM=f
10251410	42	RESP=1
10265730	42	STIM=g
10271771	42	RESP=1
10283688	42	STIM=k
10286950	42	RESP=1
10302033	42	STIM=l
10307447	42	RESP=1
10319784	42	STIM=x
10325435	42	RESP=1
10338257	42	STIM=g
10347308	42	RESP=2
10355295	42	STIM=b
10359058	42	RESP=1
10373288	42	STIM=i
10378646	42	RESP=1
10390971	42	STIM=y
10395894	42	RESP=1
10407332	42	STIM=e
10414426	42	RESP=1
10424398	42	STIM=p
10430241	42	RESP=1
10441234	42	STIM=v
10447339	42	RESP=1
10459090	42	STIM=3
10462944	42	RESP=2
10474418	42	STIM=k
10478353	42	RESP=2
10489429	42	STIM=j
10494307	42	RESP=1
10504714	42	STIM=w
10509866	42	RESP=1
10523591	42	STIM=c
10531011	42	RESP=1
10540091	42	STIM=m
10544259	42	RESP=1
10557606	42	STIM=v
10562035	42	RESP=1
10576578	42	STIM=7
10584788	42	RESP=2
10595525	42	STIM=5
10600325	42	RESP=2
10613862	42	STIM=i
10619508	42	RESP=1
10631732	42	STIM=x
10636427	42	RESP=1
10650530	42	STIM=d
10654477	42	RESP=1
10668261	42	STIM=n
10670932	42	RESP=1
10683393	42	STIM=h
10688131	42	RESP=1
10700353	42	STIM=h
10703946	42	RESP=1
10716976	42	STIM=i
10722030	42	RESP=1
10734999	42	STIM=v
10738309	42	RESP=1
10750795	42	STIM=v
10756597	42	RESP=1
10766645	42	STIM=2
10776302	42	RESP=2
10785242	42	STIM=r
10794016	42	RESP=1
10803817	42	STIM=b
10809068	42	RESP=1
10821808	42	STIM=8
10829970	42	RESP=2
10837221	42	STIM=b
10842732	42	RESP=1
10854712	42	STIM=b
10858536	42	RESP=1
10871339	42	STIM=4
10876511	42	RESP=1
10889266	42	STIM=8
10893835	42	RESP=2
10907859	42	STIM=k
10914884	42	RESP=1
10924855	42	STIM=x
10930249	42	RESP=1
10939992	42	STIM=q
10943262	42	RESP=1
10957004	42	STIM=x
10960964	42	RESP=1
10972096	42	STIM=8
10978139	42	RESP=2
10989555	42	STIM=e
10993197	42	RESP=1
11004932	42	STIM=a
11010331	42	RESP=1
11022407	42	STIM=u
11028429	42	RESP=1
11040347	42	STIM=p
11043910	42	RESP=1
11057386	42	STIM=y
11062066	42	RESP=1
11073329	42	STIM=g
11078927	42	RESP=1
11092017	42	STIM=m
11098036	42	RESP=1
11110901	42	STIM=s
11119590	42	RESP=1
11126627	42	STIM=e
11130442	42	RESP=1
11141828	42	STIM=c
11147228	42	RESP=2
11158742	42	STIM=5
11165542	42	RESP=2
11176099	42	STIM=a
11181378	42	RESP=1
11194291	42	STIM=h
11201466	42	RESP=1
11211705	42	STIM=p
11216134	42	RESP=1
11227845	42	STIM=x
11232502	42	RESP=1
11245775	42	STIM=p
11249340	42	RESP=1
11264143	42	STIM=d
11267158	42	RESP=1
11279959	42	STIM=v
11285306	42	RESP=1
11296302	42	STIM=l
11301549	42	RESP=1
11311378	42	STIM=p
11317705	42	RESP=1
11329487	42	STIM=x
11333272	42	RESP=1
11345600	42	STIM=s
11348714	42	RESP=1
11361160	42	STIM=k
11365029	42	RESP=1
11379725	42	STIM=l
11384533	42	RESP=1
11398366	42	STIM=9
11402222	42	RESP=2
11415270	42	STIM=t
11419652	42	RESP=1
11433112	42	STIM=a
11436083	42	RESP=1
11450538	42	STIM=c
11453546	42	RESP=1
11469336	42	STIM=8
11473787	42	RESP=2
11485773	42	STIM=c
11491120	42	RESP=1
11503831	42	STIM=o
11506668	42	RESP=1
11522174	42	STIM=2
11528710	42	RESP=2
11540357	42	STIM=4
11545620	42	RESP=2
11558921	42	STIM=6
11563077	42	RESP=2
11574526	42	STIM=e
11579337	42	RESP=1
11591052	42	STIM=9
11596242	42	RESP=1
11609690	42	STIM=u
11612815	42	RESP=1
11628419	42	STIM=b
11636992	42	RESP=1
11643571	42	STIM=k
11646465	42	RESP=1
11658807	42	STIM=7
11662357	42	RESP=2
11674598	42	STIM=p
11678134	42	RESP=2
11693484	42	STIM=m
11698586	42	RESP=1
11711484	42	STIM=6
11715248	42	RESP=2
11729991	42	STIM=5
11736764	42	RESP=2
11747486	42	STIM=h
11750709	42	RESP=1
11763845	42	STIM=c
11768534	42	RESP=1
11779352	42	STIM=6
11784411	42	RESP=2
11796034	42	STIM=j
11798708	42	RESP=1
11811472	42	STIM=e
11820803	42	RESP=1
11827166	42	STIM=f
11829919	42	RESP=1
11844140	42	STIM=f
11847986	42	RESP=1
11859961	42	STIM=b
11864812	42	RESP=1
11878602	42	STIM=3
11883119	42	RESP=2
11895109	42	STIM=y
11900958	42	RESP=1
11912360	42	STIM=6
11915604	42	RESP=2
11930599	42	STIM=1
11934602	42	RESP=2
11949062	42	STIM=j
11953629	42	RESP=1
11965419	42	STIM=q
11973219	42	RESP=1
11982233	42	STIM=c
11986055	42	RESP=1
11998529	42	STIM=e
12002329	42	RESP=1
12015250	42	STIM=y
12018777	42	RESP=1
12033624	42	STIM=j
12036231	42	RESP=1
12049266	42	STIM=v
12053194	42	RESP=1
12067842	42	STIM=a
12072986	42	RESP=1
12083109	42	STIM=i
12091107	42	RESP=2
12100934	42	STIM=m
12106364	42	RESP=1
12117055	42	STIM=o
12121628	42	RESP=1
12135326	42	STIM=9
12139584	42	RESP=2
12151863	42	STIM=o
12158732	42	RESP=1
12167804	42	STIM=w
12171255	42	RESP=1
12184441	42	STIM=q
12187476	42	RESP=1
12200093	42	STIM=j
12203634	42	RESP=1
12216008	42	STIM=s
12219664	42	RESP=1
12233044	42	STIM=p
12238080	42	RESP=2
12251075	42	STIM=x
12256440	42	RESP=1
12269073	42	STIM=d
12273048	42	RESP=1
12285165	42	STIM=p
12289720	42	RESP=1
12301106	42	STIM=g
12311159	42	RESP=1
12318295	42	STIM=c
12321550	42	RESP=1
12336445	42	STIM=7
12341499	42	RESP=2
12355021	42	STIM=6
12361039	42	RESP=2
12371512	42	STIM=a
12376080	42	RESP=1
12389390	42	STIM=v
12395133	42	RESP=1
12407075	42	STIM=0
12412909	42	RESP=2
12423578	42	STIM=4
12428956	42	RESP=2
12442464	42	STIM=o
12448324	42	RESP=1
12461251	42	STIM=d
12468294	42	RESP=1
12477845	42	STIM=d
12481809	42	RESP=1
12495823	42	STIM=7
12505060	42	RESP=2
12512212	42	STIM=y
12517265	42	RESP=1
12528814	42	STIM=1
12532493	42	RESP=2
12546639	42	STIM=z
12553473	42	RESP=1
12563266	42	STIM=m
12568457	42	RESP=1
12578626	42	STIM=7
12584091	42	RESP=2
12593809	42	STIM=v
12598429	42	RESP=1
12610451	42	STIM=f
12616674	42	RESP=1
12629439	42	STIM=6
12633316	42	RESP=2
12645907	42	STIM=g
12649683	42	RESP=1
12662304	42	STIM=a
12668635	42	RESP=1
12680110	42	STIM=g
12684110	42	RESP=1
12698184	42	STIM=l
12701826	42	RESP=1
12715697	42	STIM=b
12721270	42	RESP=1
12731910	42	STIM=x
12735404	42	RESP=1
12750314	42	STIM=q
12756066	42	RESP=1
12766911	42	STIM=5
12773625	42	RESP=2
12784272	42	STIM=s
12789399	42	RESP=1
12799361	42	STIM=b
12802877	42	RESP=1
12814441	42	STIM=a
12819348	42	RESP=1
12832050	42	STIM=c
12840256	42	RESP=2
12847421	42	STIM=h
12852887	42	RESP=1
12864950	42	STIM=w
12870130	42	RESP=1
12883334	42	STIM=q
12889505	42	RESP=1
12899038	42	STIM=4
12905764	42	RESP=2
12914699	42	STIM=q
12920210	42	RESP=1
12929731	42	STIM=o
12937271	42	RESP=1
12945903	42	STIM=q
12953892	42	RESP=1
12961932	42	STIM=n
12968365	42	RESP=1
12978560	42	STIM=y
12982729	42	RESP=1
12994976	42	STIM=y
13000700	42	RESP=1
13010139	42	STIM=n
13020353	42	RESP=1
13026545	42	STIM=q
13031204	42	RESP=1
13041799	42	STIM=d
13045303	42	RESP=1
13060030	42	STIM=t
13065938	42	RESP=1
13077375	42	STIM=i
13080538	42	RESP=2
13095454	42	STIM=2
13099026	42	RESP=2
13114275	42	STIM=y
13119471	42	RESP=1
13131702	42	STIM=k
13135400	42	RESP=2
13147591	42	STIM=x
13152512	42	RESP=1
13165811	42	STIM=x
13169128	42	RESP=1
13182321	42	STIM=f
13188286	42	RESP=1
13201287	42	STIM=q
13204600	42	RESP=1
13218399	42	STIM=c
13221505	42	RESP=1
13237154	42	STIM=d
13242539	42	RESP=1
13254260	42	STIM=w
13262370	42	RESP=1
13272202	42	STIM=1
13277718	42	RESP=2
13291033	42	STIM=h
13295278	42	RESP=1
13306485	42	STIM=m
13311514	42	RESP=1
13323883	42	STIM=n
13327290	42	RESP=1
13340489	42	STIM=f
13344518	42	RESP=1
13356188	42	STIM=u
13362117	42	RESP=1
13373666	42	STIM=c
13378665	42	RESP=1
13388702	42	STIM=0
13393841	42	RESP=2
13406707	42	STIM=z
13410743	42	RESP=1
13424561	42	STIM=5
13430126	42	RESP=2
13440504	42	STIM=5
13445034	42	RESP=2
13455885	42	STIM=n
13459804	42	RESP=1
13472386	42	STIM=a
13476756	42	RESP=1
13489771	42	STIM=n
13494302	42	RESP=1
13505067	42	STIM=n
13509794	42	RESP=1
13522575	42	STIM=q
13529455	42	RESP=1
13537737	42	STIM=a
13543050	42	RESP=1
13553676	42	STIM=1
13558625	42	RESP=2
13570409	42	STIM=m
13579616	42	RESP=1
13586492	42	STIM=q
13590939	42	RESP=1
13605047	42	STIM=x
13615039	42	RESP=1
13621661	42	STIM=z
13630874	42	RESP=1
13640156	42	STIM=s
13647707	42	RESP=1
13657103	42	STIM=9
13663833	42	RESP=2
13673310	42	STIM=w
13679360	42	RESP=1
13689398	42	STIM=b
13695034	42	RESP=1
13708037	42	STIM=0
13714451	42	RESP=2
13723939	42	STIM=a
13729226	42	RESP=1
13741932	42	STIM=l
13748786	42	RESP=1
13757791	42	STIM=9
13767624	42	RESP=2
13775031	42	STIM=d
13779126	42	RESP=1
13793389	42	STIM=z
13797337	42	RESP=1
13809079	42	STIM=z
13814377	42	RESP=2
13825861	42	STIM=m
13832456	42	RESP=1
13842503	42	STIM=h
13846436	42	RESP=1
13859059	42	STIM=s
13864754	42	RESP=1
13876574	42	STIM=e
13880569	42	RESP=1
13891894	42	STIM=p
13896697	42	RESP=1
13910602	42	STIM=x
13914297	42	RESP=1
13928209	42	STIM=c
13931277	42	RESP=2
13946826	42	STIM=y
13953870	42	RESP=1
13963500	42	STIM=v
13969432	42	RESP=1
13980204	42	STIM=a
13988590	42	RESP=1
13997612	42	STIM=l
14000780	42	RESP=1
14016534	42	STIM=g
14020787	42	RESP=1
14034958	42	STIM=l
14041828	42	RESP=1
14053214	42	STIM=f
14061449	42	RESP=1
14069779	42	STIM=9
14075523	42	RESP=2
14087663	42	STIM=9
14093494	42	RESP=2
14104440	42	STIM=8
14110189	42	RESP=2
14120554	42	STIM=8
14125599	42	RESP=2
14135836	42	STIM=4
14142698	42	RESP=1
14153119	42	STIM=q
14158636	42	RESP=2
14170132	42	STIM=8
14175415	42	RESP=2
14187730	42	STIM=y
14193751	42	RESP=1
14204658	42	STIM=k
14208136	42	RESP=1
14221616	42	STIM=y
14226064	42	RESP=1
14238241	42	STIM=x
14245575	42	RESP=1
14255875	42	STIM=e
14260089	42	RESP=1
14272073	42	STIM=k
14276534	42	RESP=2
14290995	42	STIM=1
14296662	42	RESP=2
14306141	42	STIM=v
14310090	42	RESP=1
14322215	42	STIM=w
14325776	42	RESP=1
14340003	42	STIM=f
14343950	42	RESP=1
14355905	42	STIM=i
14360577	42	RESP=1
14370914	42	STIM=h
14375780	42	RESP=1
14386674	42	STIM=t
14391491	42	RESP=1
14402859	42	STIM=5
14407966	42	RESP=2
14420641	42	STIM=0
14427434	42	RESP=2
14439638	42	STIM=a
14446851	42	RESP=1
14457519	42	STIM=9
14461930	42	RESP=1
14474257	42	STIM=o
14484451	42	RESP=1
14492890	42	STIM=f
14497307	42	RESP=1
14511402	42	STIM=k
14515148	42	RESP=1
14529109	42	STIM=n
14536076	42	RESP=1
14548044	42	STIM=d
14553668	42	RESP=1
14566151	42	STIM=x
14574422	42	RESP=1
14581261	42	STIM=0
14586443	42	RESP=2
14596945	42	STIM=j
14600450	42	RESP=1
14613048	42	STIM=o
14616395	42	RESP=1
14630112	42	STIM=g
14634330	42	RESP=1
14649073	42	STIM=q
14654484	42	RESP=1
14666253	42	STIM=l
14670186	42	RESP=1
14683656	42	STIM=a
14686355	42	RESP=1
14702111	42	STIM=n
14706961	42	RESP=1
14717545	42	STIM=g
14723189	42	RESP=1
14735244	42	STIM=t
14739270	42	RESP=1
14753368	42	STIM=d
14760427	42	RESP=1
14770683	42	STIM=e
14774774	42	RESP=1
14787079	42	STIM=r
14792992	42	RESP=2
14802700	42	STIM=k
14806696	42	RESP=1
14818793	42	STIM=s
14823680	42	RESP=1
14834445	42	STIM=g
14837686	42	RESP=1
14849617	42	STIM=v
14854238	42	RESP=1
14867673	42	STIM=b
14873902	42	RESP=1
14884334	42	STIM=2
14890866	42	RESP=2
14901865	42	STIM=n
14904957	42	RESP=1
14919168	42	STIM=g
14923985	42	RESP=1
14936576	42	STIM=i
14944712	42	RESP=1
14955048	42	STIM=h
14964530	42	RESP=1
14972137	42	STIM=l
14981700	42	RESP=1
14988522	42	STIM=e
14992518	42	RESP=1
15005577	42	STIM=y
15013350	42	RESP=1
15023322	42	STIM=u
15027119	42	RESP=1
15040441	42	STIM=h
15045264	42	RESP=1
15056512	42	STIM=z
15065258	42	RESP=1
15075507	42	STIM=v
15081355	42	RESP=1
15092018	42	STIM=2
15096278	42	RESP=2
15107132	42	STIM=j
15110094	42	RESP=1
15123342	42	STIM=d
15127387	42	RESP=1
15140451	42	STIM=4
15149361	42	RESP=2
15158740	42	STIM=f
15163868	42	RESP=1
15177453	42	STIM=f
15182520	42	RESP=1
15193066	42	STIM=g
15197214	42	RESP=1
15211824	42	STIM=o
15217838	42	RESP=1
15229625	42	STIM=g
15235656	42	RESP=1
15245181	42	STIM=i
15252203	42	RESP=1
15262932	42	STIM=9
15267936	42	RESP=2
15278652	42	STIM=w
15285293	42	RESP=1
15294052	42	STIM=1
15299143	42	RESP=2
15309380	42	STIM=t
15313365	42	RESP=1
15326679	42	STIM=u
15331476	42	RESP=1
15343207	42	STIM=f
15347733	42	RESP=1
15359983	42	STIM=u
15363467	42	RESP=1
15376814	42	STIM=y
15384213	42	RESP=2
15395741	42	STIM=8
15404104	42	RESP=1
15413875	42	STIM=1
15423234	42	RESP=2
15429423	42	STIM=m
15434955	42	RESP=1
15447767	42	STIM=j
15451906	42	RESP=1
15466181	42	STIM=v
15471556	42	RESP=1
15484085	42	STIM=9
15490730	42	RESP=2
15502290	42	STIM=y
15506092	42	RESP=1
15518832	42	STIM=7
15525605	42	RESP=1
15535440	42	STIM=o
15538751	42	RESP=1
15554020	42	STIM=2
15559563	42	RESP=1
15569852	42	STIM=l
15575421	42	RESP=1
15585964	42	STIM=a
15591026	42	RESP=1
15603544	42	STIM=o
15611627	42	RESP=1
15618941	42	STIM=i
15628826	42	RESP=1
15637246	42	STIM=u
15643578	42	RESP=1
15653430	42	STIM=c
15662061	42	RESP=1
15670526	42	STIM=t
15674954	42	RESP=1
15686919	42	STIM=5
15691676	42	RESP=2
15703425	42	STIM=4
15711266	42	RESP=2
15722025	42	STIM=i
15726655	42	RESP=1
15740289	42	STIM=y
15744342	42	RESP=2
15758516	42	STIM=w
15761868	42	RESP=1
15773604	42	STIM=c
15779900	42	RESP=1
15789135	42	STIM=9
15793859	42	RESP=2
15806346	42	STIM=b
15814384	42	RESP=1
15822264	42	STIM=e
15827535	42	RESP=1
15837693	42	STIM=9
15841629	42	RESP=2
15852824	42	STIM=h
15855882	42	RESP=1
15869400	42	STIM=r
15878487	42	RESP=2
15885194	42	STIM=b
15888835	42	RESP=1
15902716	42	STIM=r
15905506	42	RESP=1
15918644	42	STIM=t
15923183	42	RESP=1
15937641	42	STIM=c
15942410	42	RESP=1
15956070	42	STIM=e
15959174	42	RESP=1
15972459	42	STIM=p
15977971	42	RESP=1
15991286	42	STIM=1
15998951	42	RESP=2
16010190	42	STIM=2
16019456	42	RESP=1
16028032	42	STIM=c
16031591	42	RESP=1
16044442	42	STIM=s
16048434	42	RESP=1
16063361	42	STIM=b
16066197	42	RESP=1
16079654	42	STIM=q
16085101	42	RESP=1
16098622	42	STIM=k
16104841	42	RESP=1
16116732	42	STIM=k
16120432	42	RESP=1
16134421	42	STIM=f
16137408	42	RESP=1
16150622	42	STIM=k
16153978	42	RESP=1
16166463	42	STIM=d
16169485	42	RESP=1
16183054	42	STIM=n
16188760	42	RESP=1
16199610	42	STIM=4
16209964	42	RESP=2
16216843	42	STIM=t
16221775	42	RESP=1
16234377	42	STIM=f
16239528	42	RESP=1
16250488	42	STIM=m
16253475	42	RESP=1
16266305	42	STIM=3
16273404	42	RESP=2
16284579	42	STIM=h
16291268	42	RESP=1
16300742	42	STIM=a
16304709	42	RESP=1
16317679	42	STIM=j
16322401	42	RESP=1
16333552	42	STIM=y
16338195	42	RESP=1
16352171	42	STIM=a
16359150	42	RESP=2
16368419	42	STIM=s
16376226	42	RESP=1
16384447	42	STIM=g
16389276	42	RESP=1
16401476	42	STIM=9
16407060	42	RESP=2
16417932	42	STIM=o
16422331	42	RESP=1
16433108	42	STIM=u
16438128	42	RESP=1
16448387	42	STIM=n
16453350	42	RESP=1
16466623	42	STIM=a
16472996	42	RESP=1
16484787	42	STIM=p
16490010	42	RESP=1
16500945	42	STIM=f
16505498	42	RESP=1
16517118	42	STIM=e
16523160	42	RESP=1
16532468	42	STIM=2
16537175	42	RESP=2
16550545	42	STIM=y
16555704	42	RESP=1
16567910	42	STIM=2
16571639	42	RESP=2
16586135	42	STIM=e
16591092	42	RESP=1
16601223	42	STIM=w
16606725	42	RESP=1
16618830	42	STIM=d
16623385	42	RESP=1
16636818	42	STIM=s
16639770	42	RESP=1
16653475	42	STIM=3
16657561	42	RESP=2
16669400	42	STIM=o
16673036	42	RESP=1
16686312	42	STIM=y
16689610	42	RESP=1
16704190	42	STIM=j
16707297	42	RESP=1
16722345	42	STIM=m
16729321	42	RESP=1
16740983	42	STIM=n
16745679	42	RESP=1
16758490	42	STIM=l
16762933	42	RESP=1
16774939	42	STIM=b
16779439	42	RESP=1
16792870	42	STIM=m
16797054	42	RESP=1
16809949	42	STIM=r
16814810	42	RESP=1
16825000	42	STIM=7
16832009	42	RESP=2
16842546	42	STIM=q
16845692	42	RESP=1
16859525	42	STIM=x
16865347	42	RESP=1
16877374	42	STIM=w
16881211	42	RESP=1
16895549	42	STIM=f
16902079	42	RESP=1
16910812	42	STIM=5
16915944	42	RESP=2
16927328	42	STIM=s
16936416	42	RESP=1
16944194	42	STIM=c
16947427	42	RESP=1
16960934	42	STIM=0
16968041	42	RESP=2
16979865	42	STIM=z
16982276	42	RESP=1
16997138	42	STIM=w
17002087	42	RESP=1
17014277	42	STIM=m
17018803	42	RESP=1
17030582	42	STIM=g
17035889	42	RESP=1
17046205	42	STIM=c
17051213	42	RESP=1
17063832	42	STIM=e
17069205	42	RESP=1
17082121	42	STIM=y
17084701	42	RESP=1
17099339	42	STIM=1
17106962	42	RESP=2
17114512	42	STIM=y
17121047	42	RESP=1
17131821	42	STIM=q
17139432	42	RESP=1
17147081	42	STIM=s
17150597	42	RESP=1
17165241	42	STIM=m
17169464	42	RESP=1
17180675	42	STIM=2
17186229	42	RESP=1
17197274	42	STIM=n
17205035	42	RESP=1
17214069	42	STIM=i
17217942	42	RESP=1
17229427	42	STIM=0
17233281	42	RESP=1
17247687	42	STIM=7
17251763	42	RESP=2
17263734	42	STIM=d
17273829	42	RESP=1
17282707	42	STIM=9
17288412	42	RESP=2
17299522	42	STIM=l
17303883	42	RESP=1
17316650	42	STIM=u
17320689	42	RESP=1
17334284	42	STIM=g
17341665	42	RESP=2
17349404	42	STIM=o
17355960	42	RESP=1
17367582	42	STIM=h
17373987	42	RESP=1
17382790	42	STIM=9
17388233	42	RESP=2
17399802	42	STIM=x
17404477	42	RESP=1
17416606	42	STIM=7
17422090	42	RESP=2
17433953	42	STIM=z
17441753	42	RESP=1
17451355	42	STIM=r
17460938	42	RESP=1
17467384	42	STIM=9
17474881	42	RESP=2
17482501	42	STIM=5
17488177	42	RESP=2
17498701	42	STIM=1
17504500	42	RESP=2
17516220	42	STIM=m
17520373	42	RESP=1
17534442	42	STIM=d
17537896	42	RESP=1
17552521	42	STIM=b
17558277	42	RESP=1
17568197	42	STIM=i
17572560	42	RESP=1
17585867	42	STIM=z
17593902	42	RESP=1
17601174	42	STIM=b
17604094	42	RESP=1
17616917	42	STIM=1
17624786	42	RESP=2
17633842	42	STIM=w
17645942	42	RESP=1
17650608	42	STIM=7
17657311	42	RESP=2
17669142	42	STIM=l
17673409	42	RESP=1
17687355	42	STIM=d
17691961	42	RESP=1
17704902	42	STIM=1
17710749	42	RESP=2
17722683	42	STIM=3
17732081	42	RESP=2
17738645	42	STIM=s
17747491	42	RESP=1
17754331	42	STIM=2
17759438	42	RESP=2
17770482	42	STIM=d
17775325	42	RESP=2
17786046	42	STIM=o
17789018	42	RESP=1
17804270	42	STIM=l
17808642	42	RESP=1
17819804	42	STIM=v
17823495	42	RESP=1
17835880	42	STIM=6
17840873	42	RESP=2
17854183	42	STIM=j
17860651	42	RESP=1
17871993	42	STIM=j
17878954	42	RESP=1
17887515	42	STIM=u
17893763	42	RESP=2
17903308	42	STIM=c
17908178	42	RESP=1
17919668	42	STIM=b
17925922	42	RESP=1
17938622	42	STIM=h
17944910	42	RESP=1
17957486	42	STIM=x
17963503	42	RESP=1
17973880	42	STIM=b
17977693	42	RESP=1
17991458	42	STIM=h
17995936	42	RESP=1
18007982	42	STIM=9
18013805	42	RESP=2
18023250	42	STIM=u
18030183	42	RESP=2
18038974	42	STIM=c
18044678	42	RESP=1
18056953	42	STIM=n
18062175	42	RESP=1
18075115	42	STIM=z
18077860	42	RESP=1
18091674	42	STIM=q
18097810	42	RESP=1
18110512	42	STIM=2
18114117	42	RESP=2
18127257	42	STIM=l
18136103	42	RESP=1
18144998	42	STIM=h
18150478	42	RESP=2
18160006	42	STIM=4
18167420	42	RESP=2
18175023	42	STIM=b
18179540	42	RESP=1
18190507	42	STIM=d
18194981	42	RESP=1
18209319	42	STIM=v
18215366	42	RESP=1
18225258	42	STIM=z
18229319	42	RESP=1
18242357	42	STIM=d
18249949	42	RESP=1
18257771	42	STIM=a
18261579	42	RESP=1
18273818	42	STIM=b
18278817	42	RESP=1
18291548	42	STIM=r
18298163	42	RESP=1
18309465	42	STIM=m
18313735	42	RESP=1
18327980	42	STIM=h
18332356	42	RESP=1
18344177	42	STIM=b
18351222	42	RESP=1
18361637	42	STIM=l
18364338	42	RESP=1
18376916	42	STIM=j
18382625	42	RESP=1
18392996	42	STIM=j
18398627	42	RESP=1
18410161	42	STIM=9
18413574	42	RESP=2
18428148	42	STIM=r
18438035	42	RESP=1
18446127	42	STIM=r
18449802	42	RESP=1
18464702	42	STIM=2
18468430	42	RESP=2
18481858	42	STIM=m
18485210	42	RESP=1
18497963	42	STIM=x
18507753	42	RESP=1
18516610	42	STIM=e
18520762	42	RESP=1
18531759	42	STIM=r
18535218	42	RESP=1
18547694	42	STIM=8
18552353	42	RESP=2
18563123	42	STIM=z
18567579	42	RESP=1
18581139	42	STIM=z
18584392	42	RESP=1
18597455	42	STIM=a
18601144	42	RESP=2
18615588	42	STIM=v
18620520	42	RESP=1
18632292	42	STIM=y
18636940	42	RESP=1
18649354	42	STIM=l
18656474	42	RESP=2
18665600	42	STIM=8
18669511	42	RESP=2
18680642	42	STIM=q
18686008	42	RESP=2
18695679	42	STIM=e
18701643	42	RESP=1
18714536	42	STIM=0
18720076	42	RESP=2
18732723	42	STIM=i
18740907	42	RESP=1
18749002	42	STIM=w
18754352	42	RESP=1
18767120	42	STIM=t
18773665	42	RESP=1
18783148	42	STIM=e
18787613	42	RESP=1
18801933	42	STIM=d
18807869	42	RESP=1
18818916	42	STIM=x
18822622	42	RESP=1
18837759	42	STIM=x
18841753	42	RESP=1
18854108	42	STIM=o
18859717	42	RESP=1
18869256	42	STIM=i
18874534	42	RESP=1
18886666	42	STIM=1
18893406	42	RESP=2
18903147	42	STIM=p
18910108	42	RESP=1
18922089	42	STIM=3
18929219	42	RESP=1
18937306	42	STIM=v
18941403	42	RESP=1
18953013	42	STIM=w
18956215	42	RESP=1
18971057	42	STIM=t
18974230	42	RESP=1
18987740	42	STIM=s
18992385	42	RESP=1
19003493	42	STIM=b
19007236	42	RESP=1
19021743	42	STIM=z
19028338	42	RESP=1
19040159	42	STIM=3
19045691	42	RESP=2
19055940	42	STIM=f
19058382	42	RESP=1
19073748	42	STIM=5
19077755	42	RESP=2
19092674	42	STIM=0
19096902	42	RESP=2
19111370	42	STIM=z
19115184	42	RESP=1
19129801	42	STIM=l
19136651	42	RESP=1
19146619	42	STIM=t
19151103	42	RESP=1
19165380	42	STIM=7
19171044	42	RESP=1
19182084	42	STIM=g
19187163	42	RESP=1
19197662	42	STIM=s
19200026	42	RESP=1
19212788	42	STIM=k
19218020	42	RESP=1
19230748	42	STIM=o
19237855	42	RESP=1
19249571	42	STIM=l
19253516	42	RESP=2
19264991	42	STIM=t
19270769	42	RESP=1
19283920	42	STIM=g
19287446	42	RESP=1
19300294	42	STIM=8
19305539	42	RESP=2
19318296	42	STIM=w
19322956	42	RESP=1
19335418	42	STIM=v
19340150	42	RESP=1
19351585	42	STIM=q
19355085	42	RESP=1
19367264	42	STIM=z
19370595	42	RESP=1
19382497	42	STIM=4
19388218	42	RESP=2
19398709	42	STIM=1
19407349	42	RESP=2
19417526	42	STIM=n
19425661	42	RESP=1
19433955	42	STIM=v
19441542	42	RESP=1
19452187	42	STIM=u
19456289	42	RESP=1
19470163	42	STIM=5
19473917	42	RESP=2
19485682	42	STIM=h
19489699	42	RESP=1
19504200	42	STIM=f
19511294	42	RESP=1
19521130	42	STIM=s
19525564	42	RESP=1
19536647	42	STIM=o
19539771	42	RESP=1
19554410	42	STIM=6
19560985	42	RESP=2
19570606	42	STIM=6
19574962	42	RESP=1
19589451	42	STIM=g
19596216	42	RESP=1
19606982	42	STIM=s
19610824	42	RESP=1
19624187	42	STIM=l
19629384	42	RESP=1
19639717	42	STIM=g
19644395	42	RESP=1
19658254	42	STIM=d
19665904	42	RESP=1
19676764	42	STIM=c
19682148	42	RESP=1
19692123	42	STIM=i
19697214	42	RESP=1
19707667	42	STIM=s
19711388	42	RESP=1
19726463	42	STIM=c
19732853	42	RESP=1
19742453	42	STIM=c
19749477	42	RESP=1
19757875	42	STIM=b
19767628	42	RESP=1
19774453	42	STIM=j
19779046	42	RESP=1
19790593	42	STIM=z
19794034	42	RESP=1
19809505	42	STIM=y
19814696	42	RESP=1
19828058	42	STIM=v
19834479	42	RESP=1
19843952	42	STIM=s
19848002	42	RESP=1
19859981	42	STIM=m
19865590	42	RESP=1
19877067	42	STIM=c
19881188	42	RESP=1
19895231	42	STIM=6
19900580	42	RESP=1
19912886	42	STIM=u
19918622	42	RESP=1
19929561	42	STIM=7
19934654	42	RESP=2
19946363	42	STIM=y
19949825	42	RESP=1
19961412	42	STIM=d
19965677	42	RESP=1
19979850	42	STIM=i
19985084	42	RESP=1
19996312	42	STIM=9
20002765	42	RESP=2
20014573	42	STIM=o
20018755	42	RESP=1
20029903	42	STIM=e
20036221	42	RESP=1
20044975	42	STIM=c
20049281	42	RESP=1
20062468	42	STIM=y
20067280	42	RESP=1
20079095	42	STIM=i
20082462	42	RESP=1
20095862	42	STIM=m
20102017	42	RESP=1
20112033	42	STIM=w
20116877	42	RESP=1
20130481	42	STIM=c
20134186	42	RESP=1
20147939	42	STIM=d
20152096	42	RESP=1
20163388	42	STIM=e
20166513	42	RESP=1
20178958	42	STIM=k
20183920	42	RESP=1
20197456	42	STIM=a
20203657	42	RESP=1
20216020	42	STIM=h
20218781	42	RESP=1
20233323	42	STIM=x
20238105	42	RESP=1
20249654	42	STIM=o
20253107	42	RESP=1
20266502	42	STIM=y
20272642	42	RESP=1
20284849	42	STIM=s
20288387	42	RESP=1
20299998	42	STIM=f
20303702	42	RESP=1
20316514	42	STIM=a
20324194	42	RESP=1
20335467	42	STIM=1
20339564	42	RESP=2
20353825	42	STIM=c
20360567	42	RESP=1
20371450	42	STIM=d
20376129	42	RESP=1
20388989	42	STIM=z
20395727	42	RESP=2
20406984	42	STIM=4
20414070	42	RESP=1
20422613	42	STIM=y
20426087	42	RESP=1
20440918	42	STIM=i
20445495	42	RESP=1
20458226	42	STIM=8
20463612	42	RESP=1
20475794	42	STIM=v
20482394	42	RESP=1
20491671	42	STIM=6
20498899	42	RESP=2
20507421	42	STIM=i
20510887	42	RESP=1
20522688	42	STIM=x
20526285	42	RESP=1
20540732	42	STIM=h
20547460	42	RESP=1
20556480	42	STIM=r
20560705	42	RESP=1
20573392	42	STIM=o
20579711	42	RESP=1
20590908	42	STIM=f
20595255	42	RESP=1
20609454	42	STIM=e
20613576	42	RESP=1
20626093	42	STIM=2
20630895	42	RESP=2
20643114	42	STIM=j
20645916	42	RESP=1
20658498	42	STIM=s
20666306	42	RESP=1
20673657	42	STIM=r
20680296	42	RESP=1
20690638	42	STIM=n
20698180	42	RESP=1
20709248	42	STIM=b
20715122	42	RESP=1
20724789	42	STIM=5
20732857	42	RESP=1
20741840	42	STIM=r
20753105	42	RESP=1
20757486	42	STIM=9
20761627	42	RESP=2
20776165	42	STIM=f
20780868	42	RESP=1
20794614	42	STIM=r
20798698	42	RESP=1
20812080	42	STIM=p
20816672	42	RESP=1
20830309	42	STIM=t
20840079	42	RESP=1
20845969	42	STIM=d
20848441	42	RESP=1
20863745	42	STIM=y
20868077	42	RESP=1
20879496	42	STIM=u
20883576	42	RESP=1
20896190	42	STIM=r
20901020	42	RESP=1
20911200	42	STIM=3
20918911	42	RESP=2
20927975	42	STIM=e
20934552	42	RESP=2
20946118	42	STIM=y
20949998	42	RESP=1
20962799	42	STIM=7
20967277	42	RESP=2
20978839	42	STIM=r
20985050	42	RESP=1
20996401	42	STIM=v
21002054	42	RESP=1
21013901	42	STIM=x
21017609	42	RESP=1
21029942	42	STIM=0
21033527	42	RESP=2
21046899	42	STIM=9
21051149	42	RESP=2
21064151	42	STIM=k
21067115	42	RESP=1
21080526	42	STIM=r
21083961	42	RESP=1
21098044	42	STIM=t
21102446	42	RESP=2
21116464	42	STIM=t
21124698	42	RESP=1
21131803	42	STIM=5
21139722	42	RESP=2
21148695	42	STIM=i
21153782	42	RESP=1
21165855	42	STIM=3
21174960	42	RESP=2
21183426	42	STIM=r
21188703	42	RESP=1
21198525	42	STIM=j
21202386	42	RESP=1
21216463	42	STIM=l
21220268	42	RESP=1
21234449	42	STIM=c
21239807	42	RESP=1
21251958	42	STIM=i
21255021	42	RESP=1
21269932	42	STIM=e
21274284	42	RESP=1
21288325	42	STIM=t
21295140	42	RESP=1
21304544	42	STIM=u
21308424	42	RESP=1
21320828	42	STIM=c
21325301	42	RESP=1
21336130	42	STIM=2
21339346	42	RESP=2
21353627	42	STIM=1
21358613	42	RESP=2
21372606	42	STIM=c
21378756	42	RESP=1
21389160	42	STIM=v
21396336	42	RESP=1
21407071	42	STIM=o
21410674	42	RESP=1
21425970	42	STIM=d
21430206	42	RESP=2
21444159	42	STIM=h
21447733	42	RESP=1
21461720	42	STIM=0
21473001	42	RESP=2
21480052	42	STIM=d
21484224	42	RESP=1
21496325	42	STIM=y
21500494	42	RESP=1
21512027	42	STIM=e
21517992	42	RESP=1
21528415	42	STIM=o
21533190	42	RESP=1
21544525	42	STIM=m
21550984	42	RESP=1
21563070	42	STIM=0
21568046	42	RESP=2
21581318	42	STIM=o
21587070	42	RESP=1
21598758	42	STIM=u
21604926	42	RESP=1
21614045	42	STIM=s
21618305	42	RESP=1
21632801	42	STIM=t
21637222	42	RESP=1
21648599	42	STIM=i
21653865	42	RESP=1
21666645	42	STIM=x
21669755	42	RESP=1
21683622	42	STIM=y
21689228	42	RESP=1
21700301	42	STIM=s
21703074	42	RESP=1
21718504	42	STIM=i
21723645	42	RESP=1
21734478	42	STIM=0
21739967	42	RESP=2
21751846	42	STIM=v
21756123	42	RESP=1
21767614	42	STIM=d
21772580	42	RESP=1
