# Original filename: 0028_UYO_2017-04-18.log
# Time unit: 100 us
# RARECAT=digit
#
# Time	HHGG	Event
38357	42	STIM=f
45313	42	RESP=1
55420	42	STIM=b
59762	42	RESP=1
70965	42	STIM=t
79060	42	RESP=1
87335	42	STIM=t
93830	42	RESP=1
106245	42	STIM=s
118232	42	RESP=1
121847	42	STIM=x
128006	42	RESP=1
139073	42	STIM=z
146003	42	RESP=1
155305	42	STIM=f
164517	42	RESP=1
173364	42	STIM=g
180306	42	RESP=1
191915	42	STIM=g
199876	42	RESP=1
210254	42	STIM=0
218441	42	RESP=2
228864	42	STIM=s
234748	42	RESP=1
245862	42	STIM=9
256444	42	RESP=2
261451	42	STIM=l
266233	42	RESP=1
276863	42	STIM=w
282754	42	RESP=1
292914	42	STIM=p
298002	42	RESP=1
308722	42	STIM=q
315393	42	RESP=1
324564	42	STIM=7
329347	42	RESP=2
341857	42	STIM=6
349694	42	RESP=2
359814	42	STIM=w
363641	42	RESP=1
375595	42	STIM=z
381912	42	RESP=1
392519	42	STIM=v
398705	42	RESP=1
407854	42	STIM=b
412770	42	RESP=1
424816	42	STIM=b
428766	42	RESP=1
440676	42	STIM=z
449218	42	RESP=1
457907	42	STIM=q
463081	42	RESP=1
476798	42	STIM=m
481445	42	RESP=1
493639	42	STIM=n
499715	42	RESP=1
511170	42	STIM=4
516144	42	RESP=2
529465	42	STIM=6
533646	42	RESP=2
547551	42	STIM=x
551053	42	RESP=1
565704	42	STIM=p
569239	42	RESP=1
581048	42	STIM=q
584573	42	RESP=1
598627	42	STIM=t
603944	42	RESP=1
613875	42	STIM=g
624968	42	RESP=1
630382	42	STIM=o
637586	42	RESP=1
647322	42	STIM=j
654310	42	RESP=1
664800	42	STIM=r
669650	42	RESP=1
680933	42	STIM=f
686723	42	RESP=1
698399	42	STIM=y
700943	42	RESP=1
717228	42	STIM=1
724343	42	RESP=2
735466	42	STIM=y
743532	42	RESP=1
753628	42	STIM=t
756536	42	RESP=2
771973	42	STIM=a
780729	42	RESP=1
788932	42	STIM=d
796134	42	RESP=1
804868	42	STIM=o
808785	42	RESP=1
821270	42	STIM=0
826515	42	RESP=2
838071	42	STIM=o
842141	42	RESP=1
856868	42	STIM=b
863292	42	RESP=1
874935	42	STIM=z
882773	42	RESP=1
890098	42	STIM=o
894491	42	RESP=1
909053	42	STIM=9
917357	42	RESP=2
927237	42	STIM=0
934304	42	RESP=2
945355	42	STIM=2
953797	42	RESP=1
962847	42	STIM=f
970466	42	RESP=1
979499	42	STIM=t
986278	42	RESP=1
998019	42	STIM=3
1003845	42	RESP=2
1013923	42	STIM=k
1018208	42	RESP=1
1030187	42	STIM=l
1038548	42	RESP=1
1047869	42	STIM=g
1054639	42	RESP=1
1066821	42	STIM=8
1076231	42	RESP=2
1085791	42	STIM=m
1088859	42	RESP=1
1101713	42	STIM=s
1112631	42	RESP=1
1117987	42	STIM=0
1124695	42	RESP=1
1136184	42	STIM=a
1142475	42	RESP=1
1151441	42	STIM=p
1156220	42	RESP=1
1168458	42	STIM=g
1172091	42	RESP=1
1184699	42	STIM=i
1192318	42	RESP=1
1201514	42	STIM=m
1206903	42	RESP=2
1218146	42	STIM=p
1221040	42	RESP=1
1235952	42	STIM=k
1239890	42	RESP=1
1251848	42	STIM=h
1257838	42	RESP=1
1269224	42	STIM=g
1279264	42	RESP=1
1285052	42	STIM=y
1288164	42	RESP=1
1302250	42	STIM=k
1307140	42	RESP=1
1320466	42	STIM=z
1324065	42	RESP=1
1335758	42	STIM=t
1344353	42	RESP=1
1351952	42	STIM=d
1355005	42	RESP=1
1368553	42	STIM=q
1373585	42	RESP=1
1386274	42	STIM=c
1391524	42	RESP=1
1402766	42	STIM=8
1409073	42	RESP=2
1418084	42	STIM=e
1423461	42	RESP=1
1433248	42	STIM=m
1437228	42	RESP=1
1448277	42	STIM=6
1453531	42	RESP=2
1463832	42	STIM=7
1469667	42	RESP=2
1479250	42	STIM=8
1488020	42	RESP=2
1495358	42	STIM=n
1502553	42	RESP=1
1510379	42	STIM=z
1514697	42	RESP=1
1529359	42	STIM=x
1534947	42	RESP=1
1547504	42	STIM=q
1552816	42	RESP=1
1565956	42	STIM=d
1570183	42	RESP=1
1581411	42	STIM=4
1588671	42	RESP=1
1597347	42	STIM=z
1600437	42	RESP=1
1613263	42	STIM=p
1620979	42	RESP=1
1628557	42	STIM=w
1633009	42	RESP=2
1644827	42	STIM=5
1652790	42	RESP=2
1661385	42	STIM=n
1665843	42	RESP=1
1678296	42	STIM=h
1687855	42	RESP=1
1695644	42	STIM=l
1700385	42	RESP=1
1712539	42	STIM=w
1717023	42	RESP=1
1730524	42	STIM=3
1736443	42	RESP=2
1748817	42	STIM=d
1754594	42	RESP=1
1764463	42	STIM=r
1771853	42	RESP=1
1783450	42	STIM=q
1788314	42	RESP=1
1798767	42	STIM=b
1802815	42	RESP=1
1813895	42	STIM=j
1818022	42	RESP=1
1831081	42	STIM=l
1835406	42	RESP=1
1847039	42	STIM=t
1853271	42	RESP=1
1863658	42	STIM=u
1868419	42	RESP=1
1878951	42	STIM=m
1886208	42	RESP=1
1895917	42	STIM=q
1902209	42	RESP=1
1912806	42	STIM=l
1917812	42	RESP=1
1930892	42	STIM=m
1935362	42	RESP=1
1947837	42	STIM=r
1956590	42	RESP=1
1964240	42	STIM=m
1968743	42	RESP=1
1981552	42	STIM=q
1987158	42	RESP=1
1999366	42	STIM=u
2008824	42	RESP=1
2016121	42	STIM=b
2024826	42	RESP=1
2032273	42	STIM=m
2038956	42	RESP=2
2048592	42	STIM=d
2052363	42	RESP=1
2065460	42	STIM=a
2069761	42	RESP=1
2081376	42	STIM=v
2085692	42	RESP=1
2096432	42	STIM=8
2101199	42	RESP=2
2112402	42	STIM=1
2120836	42	RESP=1
2130339	42	STIM=s
2134681	42	RESP=1
2147860	42	STIM=5
2153293	42	RESP=2
2164517	42	STIM=n
2168621	42	RESP=1
2179584	42	STIM=z
2186387	42	RESP=2
2197091	42	STIM=g
2200566	42	RESP=1
2214895	42	STIM=a
2222666	42	RESP=1
2233191	42	STIM=v
2239580	42	RESP=1
2248703	42	STIM=w
2256323	42	RESP=1
2265596	42	STIM=w
2270084	42	RESP=1
2283542	42	STIM=e
2287088	42	RESP=1
2301028	42	STIM=k
2311740	42	RESP=1
2320009	42	STIM=m
2323454	42	RESP=1
2337081	42	STIM=s
2343591	42	RESP=1
2353020	42	STIM=x
2359569	42	RESP=1
2371879	42	STIM=j
2376552	42	RESP=2
2388330	42	STIM=c
2393994	42	RESP=2
2405954	42	STIM=7
2413010	42	RESP=2
2424332	42	STIM=b
2428530	42	RESP=1
2440500	42	STIM=t
2444166	42	RESP=1
2457470	42	STIM=h
2465732	42	RESP=2
2473294	42	STIM=r
2481559	42	RESP=1
2491376	42	STIM=o
2496240	42	RESP=1
2507926	42	STIM=1
2512934	42	RESP=1
2525016	42	STIM=z
2530077	42	RESP=1
2541129	42	STIM=z
2544471	42	RESP=1
2556856	42	STIM=j
2561402	42	RESP=1
2572172	42	STIM=0
2580816	42	RESP=2
2590256	42	STIM=l
2595280	42	RESP=1
2608612	42	STIM=d
2612627	42	RESP=1
2626830	42	STIM=h
2630962	42	RESP=1
2644101	42	STIM=g
2651938	42	RESP=1
2659349	42	STIM=i
2664183	42	RESP=1
2676795	42	STIM=e
2683326	42	RESP=1
2695369	42	STIM=c
2702445	42	RESP=1
2713928	42	STIM=8
2721276	42	RESP=2
2730817	42	STIM=c
2735293	42	RESP=1
2747271	42	STIM=9
2752108	42	RESP=2
2766091	42	STIM=i
2769195	42	RESP=1
2781176	42	STIM=2
2790838	42	RESP=2
2797855	42	STIM=x
2801216	42	RESP=2
2815960	42	STIM=m
2820664	42	RESP=1
2834710	42	STIM=q
2839700	42	RESP=1
2852978	42	STIM=y
2861592	42	RESP=1
2871959	42	STIM=u
2877423	42	RESP=1
2889919	42	STIM=5
2897389	42	RESP=2
2907859	42	STIM=d
2911118	42	RESP=1
2925284	42	STIM=k
2930370	42	RESP=1
2942305	42	STIM=z
2946053	42	RESP=2
2961034	42	STIM=u
2969394	42	RESP=1
2978266	42	STIM=6
2991227	42	RESP=2
2995260	42	STIM=q
2999218	42	RESP=1
3010691	42	STIM=t
3015113	42	RESP=1
3026085	42	STIM=y
3032227	42	RESP=1
3041171	42	STIM=8
3049267	42	RESP=2
3056678	42	STIM=b
3061551	42	RESP=1
3072689	42	STIM=q
3079246	42	RESP=1
3090040	42	STIM=p
3096603	42	RESP=1
3105265	42	STIM=z
3109805	42	RESP=1
3122262	42	STIM=a
3127053	42	RESP=1
3140796	42	STIM=q
3144929	42	RESP=1
3158822	42	STIM=r
3167671	42	RESP=1
3174021	42	STIM=n
3177336	42	RESP=1
3190678	42	STIM=m
3197488	42	RESP=1
3209391	42	STIM=p
3214633	42	RESP=1
3228252	42	STIM=y
3237023	42	RESP=1
3244521	42	STIM=6
3252134	42	RESP=2
3260864	42	STIM=p
3267279	42	RESP=1
3279328	42	STIM=e
3282929	42	RESP=1
3295178	42	STIM=t
3301201	42	RESP=1
3313789	42	STIM=0
3321185	42	RESP=2
3329019	42	STIM=i
3335670	42	RESP=1
3345680	42	STIM=3
3349463	42	RESP=2
3364362	42	STIM=f
3370695	42	RESP=1
3381790	42	STIM=a
3388022	42	RESP=1
3397658	42	STIM=k
3402583	42	RESP=1
3416119	42	STIM=c
3423438	42	RESP=1
3435084	42	STIM=4
3441784	42	RESP=2
3451083	42	STIM=f
3458093	42	RESP=1
3468001	42	STIM=m
3472704	42	RESP=1
3484828	42	STIM=q
3493204	42	RESP=1
3502222	42	STIM=e
3508240	42	RESP=1
3518031	42	STIM=9
3522053	42	RESP=1
3533245	42	STIM=n
3537763	42	RESP=1
3551732	42	STIM=n
3556364	42	RESP=1
3567705	42	STIM=z
3572587	42	RESP=1
3584717	42	STIM=z
3590151	42	RESP=1
3601286	42	STIM=q
3605778	42	RESP=1
3616855	42	STIM=x
3620642	42	RESP=1
3635196	42	STIM=f
3639500	42	RESP=1
3650305	42	STIM=b
3657863	42	RESP=1
3669073	42	STIM=l
3675887	42	RESP=1
3685346	42	STIM=4
3692308	42	RESP=2
3701349	42	STIM=c
3705003	42	RESP=1
3719709	42	STIM=o
3725991	42	RESP=1
3735316	42	STIM=j
3738516	42	RESP=1
3754142	42	STIM=b
3759134	42	RESP=1
3771476	42	STIM=g
3779271	42	RESP=1
3788387	42	STIM=l
3796257	42	RESP=1
3803420	42	STIM=2
3811489	42	RESP=2
3819338	42	STIM=w
3825014	42	RESP=1
3838234	42	STIM=d
3841753	42	RESP=1
3853963	42	STIM=b
3858264	42	RESP=1
3869091	42	STIM=c
3876512	42	RESP=1
3887818	42	STIM=3
3893856	42	RESP=2
3905361	42	STIM=7
3910105	42	RESP=1
3922044	42	STIM=w
3929440	42	RESP=1
3938831	42	STIM=8
3945869	42	RESP=2
3956814	42	STIM=h
3966355	42	RESP=1
3973817	42	STIM=y
3984962	42	RESP=1
3989090	42	STIM=7
3994721	42	RESP=2
4007865	42	STIM=2
4014200	42	RESP=2
4025233	42	STIM=l
4028700	42	RESP=1
4043907	42	STIM=5
4049179	42	RESP=2
4059138	42	STIM=m
4062834	42	RESP=1
4075616	42	STIM=n
4081221	42	RESP=1
4094345	42	STIM=j
4100169	42	RESP=1
4112229	42	STIM=m
4116412	42	RESP=1
4128217	42	STIM=3
4133077	42	RESP=2
4146559	42	STIM=7
4152384	42	RESP=2
4163178	42	STIM=0
4169677	42	RESP=1
4180577	42	STIM=b
4190386	42	RESP=2
4199074	42	STIM=1
4208456	42	RESP=2
4217709	42	STIM=2
4223763	42	RESP=2
4234818	42	STIM=8
4241374	42	RESP=2
4252448	42	STIM=n
4260494	42	RESP=1
4268218	42	STIM=s
4278386	42	RESP=1
4284276	42	STIM=a
4289515	42	RESP=1
4301695	42	STIM=x
4310479	42	RESP=1
4318104	42	STIM=k
4328073	42	RESP=1
4334795	42	STIM=z
4344772	42	RESP=1
4350474	42	STIM=v
4354173	42	RESP=1
4369387	42	STIM=c
4375354	42	RESP=1
4385020	42	STIM=w
4392180	42	RESP=1
4402249	42	STIM=7
4408290	42	RESP=2
4419261	42	STIM=v
4425257	42	RESP=1
4437114	42	STIM=x
4441370	42	RESP=1
4453258	42	STIM=2
4461762	42	RESP=2
4470874	42	STIM=s
4475676	42	RESP=1
4486259	42	STIM=t
4491198	42	RESP=1
4502112	42	STIM=x
4509894	42	RESP=1
4520180	42	STIM=x
4526817	42	RESP=1
4537125	42	STIM=r
4540937	42	RESP=1
4552262	42	STIM=i
4556882	42	RESP=1
4571258	42	STIM=0
4576692	42	RESP=1
4590046	42	STIM=7
4596340	42	RESP=2
4608811	42	STIM=z
4612975	42	RESP=1
4625417	42	STIM=t
4629843	42	RESP=2
4643029	42	STIM=f
4646354	42	RESP=1
4659671	42	STIM=c
4666393	42	RESP=1
4677907	42	STIM=b
4686400	42	RESP=1
4692960	42	STIM=v
4699245	42	RESP=1
4707978	42	STIM=w
4711089	42	RESP=1
4725652	42	STIM=l
4736983	42	RESP=1
4742222	42	STIM=v
4746829	42	RESP=1
4757638	42	STIM=b
4763231	42	RESP=1
4773324	42	STIM=7
4779309	42	RESP=2
4791271	42	STIM=u
4799573	42	RESP=1
4807131	42	STIM=s
4815383	42	RESP=1
4824291	42	STIM=v
4830794	42	RESP=1
4839430	42	STIM=6
4847610	42	RESP=2
4856092	42	STIM=c
4861452	42	RESP=1
4872422	42	STIM=n
4875905	42	RESP=1
4891329	42	STIM=k
4894502	42	RESP=1
4907645	42	STIM=7
4913465	42	RESP=2
4925325	42	STIM=6
4930891	42	RESP=2
4943099	42	STIM=9
4949918	42	RESP=1
4960701	42	STIM=g
4971988	42	RESP=1
4977000	42	STIM=4
4986415	42	RESP=2
4993955	42	STIM=a
4997426	42	RESP=1
5011605	42	STIM=i
5015525	42	RESP=1
5029113	42	STIM=a
5032779	42	RESP=1
5044766	42	STIM=y
5051037	42	RESP=1
5061414	42	STIM=5
5066711	42	RESP=2
5076652	42	STIM=s
5080292	42	RESP=1
5093005	42	STIM=d
5100632	42	RESP=1
5110519	42	STIM=j
5118108	42	RESP=1
5128553	42	STIM=w
5133754	42	RESP=1
5144889	42	STIM=a
5155025	42	RESP=1
5163746	42	STIM=1
5169378	42	RESP=1
5180739	42	STIM=u
5184719	42	RESP=1
5198833	42	STIM=o
5202984	42	RESP=1
5217646	42	STIM=7
5223663	42	RESP=2
5234203	42	STIM=s
5239107	42	RESP=1
5249344	42	STIM=g
5256251	42	RESP=1
5266835	42	STIM=e
5269230	42	RESP=1
5284416	42	STIM=5
5289500	42	RESP=2
5300634	42	STIM=o
5308393	42	RESP=1
5317345	42	STIM=a
5323189	42	RESP=1
5332829	42	STIM=o
5339158	42	RESP=1
5348470	42	STIM=j
5353818	42	RESP=1
5364071	42	STIM=v
5373023	42	RESP=1
5380409	42	STIM=b
5386985	42	RESP=1
5395656	42	STIM=j
5401976	42	RESP=1
5414541	42	STIM=a
5418725	42	RESP=1
5429637	42	STIM=q
5436228	42	RESP=1
5448369	42	STIM=f
5451586	42	RESP=1
5464586	42	STIM=q
5468825	42	RESP=1
5482799	42	STIM=0
5488482	42	RESP=1
5499496	42	STIM=h
5506287	42	RESP=1
5517781	42	STIM=r
5521705	42	RESP=1
5536235	42	STIM=8
5543973	42	RESP=2
5553560	42	STIM=a
5556635	42	RESP=1
5570293	42	STIM=n
5575164	42	RESP=1
5586968	42	STIM=i
5591487	42	RESP=1
5603205	42	STIM=v
5611695	42	RESP=1
5620104	42	STIM=k
5624150	42	RESP=1
5637793	42	STIM=j
5642015	42	RESP=1
5656630	42	STIM=2
5663097	42	RESP=1
5672788	42	STIM=l
5682031	42	RESP=1
5688783	42	STIM=n
5697398	42	RESP=1
5705025	42	STIM=k
5707871	42	RESP=1
5720618	42	STIM=o
5725678	42	RESP=1
5739358	42	STIM=s
5746571	42	RESP=1
5755612	42	STIM=9
5761866	42	RESP=2
5774481	42	STIM=t
5780718	42	RESP=1
5790367	42	STIM=9
5801251	42	RESP=2
5808069	42	STIM=h
5812459	42	RESP=1
5826448	42	STIM=a
5833828	42	RESP=1
5842324	42	STIM=n
5849086	42	RESP=1
5857778	42	STIM=f
5863231	42	RESP=1
5874492	42	STIM=r
5882193	42	RESP=1
5890354	42	STIM=w
5898524	42	RESP=1
5906243	42	STIM=n
5911325	42	RESP=1
5925233	42	STIM=x
5933580	42	RESP=1
5942144	42	STIM=b
5951342	42	RESP=1
5959325	42	STIM=v
5967282	42	RESP=1
5976521	42	STIM=j
5981180	42	RESP=1
5992937	42	STIM=z
5997826	42	RESP=1
6010107	42	STIM=o
6017593	42	RESP=1
6028518	42	STIM=h
6035931	42	RESP=1
6044674	42	STIM=q
6049527	42	RESP=1
6061070	42	STIM=9
6070691	42	RESP=2
6077422	42	STIM=9
6082027	42	RESP=2
6093661	42	STIM=k
6103132	42	RESP=1
6109686	42	STIM=q
6118797	42	RESP=1
6126813	42	STIM=i
6135923	42	RESP=1
6142572	42	STIM=z
6148106	42	RESP=1
6160325	42	STIM=0
6165203	42	RESP=2
6177315	42	STIM=g
6181462	42	RESP=1
6195340	42	STIM=b
6198826	42	RESP=1
6213443	42	STIM=m
6221151	42	RESP=2
6229367	42	STIM=u
6236997	42	RESP=1
6247045	42	STIM=i
6252447	42	RESP=1
6264890	42	STIM=r
6269797	42	RESP=1
6281511	42	STIM=a
6285672	42	RESP=1
6297772	42	STIM=h
6300620	42	RESP=1
6313619	42	STIM=p
6319673	42	RESP=1
6331101	42	STIM=r
6342313	42	RESP=1
6346375	42	STIM=r
6352449	42	RESP=1
6362481	42	STIM=o
6370616	42	RESP=1
6379997	42	STIM=s
6385845	42	RESP=1
6397671	42	STIM=k
6403799	42	RESP=1
6413264	42	STIM=y
6421680	42	RESP=1
6430822	42	STIM=h
6434424	42	RESP=1
6447918	42	STIM=g
6451965	42	RESP=1
6465550	42	STIM=3
6472158	42	RESP=2
6484300	42	STIM=f
6490540	42	RESP=1
6502659	42	STIM=8
6506808	42	RESP=2
6521376	42	STIM=z
6531580	42	RESP=1
6538766	42	STIM=z
6544846	42	RESP=1
6554959	42	STIM=p
6559281	42	RESP=1
6573430	42	STIM=c
6579472	42	RESP=1
6591918	42	STIM=e
6601109	42	RESP=1
6606961	42	STIM=o
6613679	42	RESP=1
6622441	42	STIM=j
6630804	42	RESP=1
6641095	42	STIM=g
6646149	42	RESP=1
6656579	42	STIM=r
6662777	42	RESP=1
6673331	42	STIM=z
6679244	42	RESP=1
6691053	42	STIM=f
6695707	42	RESP=1
6709436	42	STIM=d
6716717	42	RESP=1
6725781	42	STIM=h
6729616	42	RESP=1
6741821	42	STIM=j
6750774	42	RESP=1
6757833	42	STIM=q
6767741	42	RESP=1
6775057	42	STIM=j
6778276	42	RESP=1
6792790	42	STIM=p
6796087	42	RESP=1
6808866	42	STIM=v
6816061	42	RESP=1
6826720	42	STIM=d
6832183	42	RESP=1
6842734	42	STIM=w
6847750	42	RESP=1
6860920	42	STIM=4
6865296	42	RESP=2
6877980	42	STIM=m
6882564	42	RESP=1
6895551	42	STIM=k
6900020	42	RESP=1
6913474	42	STIM=p
6918494	42	RESP=1
6929042	42	STIM=v
6939992	42	RESP=1
6945082	42	STIM=t
6949332	42	RESP=1
6963565	42	STIM=d
6972995	42	RESP=1
6979451	42	STIM=y
6985699	42	RESP=1
6995936	42	STIM=v
7004160	42	RESP=1
7011727	42	STIM=i
7015276	42	RESP=1
7029445	42	STIM=s
7036429	42	RESP=1
7047281	42	STIM=k
7053692	42	RESP=1
7063403	42	STIM=d
7066466	42	RESP=1
7081990	42	STIM=o
7086779	42	RESP=1
7097507	42	STIM=2
7102503	42	RESP=2
7113754	42	STIM=t
7120901	42	RESP=1
7129203	42	STIM=p
7135628	42	RESP=1
7144242	42	STIM=r
7150359	42	RESP=1
7160961	42	STIM=s
7165547	42	RESP=1
7176400	42	STIM=0
7181938	42	RESP=2
7195049	42	STIM=4
7200838	42	RESP=2
7213254	42	STIM=p
7218600	42	RESP=1
7230479	42	STIM=r
7236707	42	RESP=1
7245580	42	STIM=c
7250228	42	RESP=1
7261727	42	STIM=q
7271101	42	RESP=1
7280365	42	STIM=8
7288829	42	RESP=1
7298269	42	STIM=b
7303720	42	RESP=1
7313299	42	STIM=b
7319683	42	RESP=1
7329592	42	STIM=6
7335980	42	RESP=1
7346683	42	STIM=a
7352926	42	RESP=1
7363905	42	STIM=p
7374310	42	RESP=1
7379627	42	STIM=b
7385627	42	RESP=1
7397054	42	STIM=o
7399775	42	RESP=1
7414391	42	STIM=2
7419471	42	RESP=2
7430201	42	STIM=v
7433748	42	RESP=1
7445640	42	STIM=c
7452457	42	RESP=1
7460859	42	STIM=a
7466393	42	RESP=1
7477206	42	STIM=x
7487851	42	RESP=1
7493727	42	STIM=u
7500549	42	RESP=1
7510089	42	STIM=5
7515586	42	RESP=2
7528721	42	STIM=l
7536101	42	RESP=1
7544786	42	STIM=g
7556314	42	RESP=1
7561025	42	STIM=a
7566028	42	RESP=1
7576244	42	STIM=n
7579895	42	RESP=1
7594098	42	STIM=r
7598038	42	RESP=1
7609208	42	STIM=r
7614161	42	RESP=1
7625084	42	STIM=p
7630872	42	RESP=1
7642184	42	STIM=a
7645237	42	RESP=1
7660096	42	STIM=r
7665548	42	RESP=1
7678712	42	STIM=4
7686045	42	RESP=2
7697521	42	STIM=f
7704681	42	RESP=2
7714394	42	STIM=6
7720673	42	RESP=2
7730144	42	STIM=9
7735320	42	RESP=2
7748802	42	STIM=p
7755878	42	RESP=1
7765440	42	STIM=n
7772260	42	RESP=1
7784201	42	STIM=q
7794724	42	RESP=1
7800685	42	STIM=k
7805712	42	RESP=1
7817284	42	STIM=4
7822063	42	RESP=2
7833702	42	STIM=u
7838943	42	RESP=1
7852199	42	STIM=q
7859988	42	RESP=1
7871157	42	STIM=q
7882429	42	RESP=1
7889798	42	STIM=b
7897205	42	RESP=1
7905288	42	STIM=x
7913301	42	RESP=1
7924195	42	STIM=b
7931236	42	RESP=1
7941232	42	STIM=4
7947902	42	RESP=2
7959101	42	STIM=i
7963130	42	RESP=1
7976842	42	STIM=j
7983842	42	RESP=1
7992608	42	STIM=l
7997580	42	RESP=1
8008438	42	STIM=l
8011463	42	RESP=1
8027126	42	STIM=g
8035209	42	RESP=1
8045993	42	STIM=9
8051978	42	RESP=2
8064480	42	STIM=z
8068255	42	RESP=1
8082002	42	STIM=h
8087957	42	RESP=1
8098371	42	STIM=n
8102185	42	RESP=1
8116363	42	STIM=e
8121483	42	RESP=1
8132503	42	STIM=k
8136403	42	RESP=1
8148654	42	STIM=j
8153719	42	RESP=1
8165652	42	STIM=l
8169658	42	RESP=1
8182149	42	STIM=i
8189046	42	RESP=1
8199587	42	STIM=s
8206241	42	RESP=1
8217216	42	STIM=p
8222110	42	RESP=1
8235389	42	STIM=w
8241461	42	RESP=1
8254263	42	STIM=y
8258022	42	RESP=1
8269778	42	STIM=v
8274508	42	RESP=1
8288045	42	STIM=6
8292382	42	RESP=2
8306667	42	STIM=m
8311511	42	RESP=1
8325548	42	STIM=a
8328278	42	RESP=2
8342314	42	STIM=7
8347195	42	RESP=2
8357932	42	STIM=r
8362791	42	RESP=1
8376795	42	STIM=m
8381492	42	RESP=1
8394418	42	STIM=a
8401057	42	RESP=1
8410374	42	STIM=k
8413882	42	RESP=1
8427366	42	STIM=v
8433093	42	RESP=1
8444793	42	STIM=b
8451466	42	RESP=1
8461921	42	STIM=q
8469606	42	RESP=1
8478557	42	STIM=l
8482257	42	RESP=1
8496987	42	STIM=n
8502030	42	RESP=1
8515730	42	STIM=q
8520076	42	RESP=1
8532338	42	STIM=a
8535790	42	RESP=1
8550372	42	STIM=s
8559498	42	RESP=1
8566519	42	STIM=2
8571471	42	RESP=2
8585484	42	STIM=p
8591135	42	RESP=1
8601272	42	STIM=t
8605510	42	RESP=1
8618049	42	STIM=l
8626801	42	RESP=1
8634235	42	STIM=s
8639202	42	RESP=1
8652967	42	STIM=l
8656545	42	RESP=1
8669513	42	STIM=q
8675770	42	RESP=1
8686519	42	STIM=b
8691359	42	RESP=1
8705242	42	STIM=u
8711026	42	RESP=1
8721072	42	STIM=5
8726073	42	RESP=1
8737920	42	STIM=j
8743997	42	RESP=1
8756316	42	STIM=a
8764517	42	RESP=2
8774916	42	STIM=6
8781970	42	RESP=2
8791073	42	STIM=y
8797115	42	RESP=1
8809911	42	STIM=a
8814276	42	RESP=1
8825944	42	STIM=u
8831143	42	RESP=1
8844332	42	STIM=h
8853240	42	RESP=2
8859749	42	STIM=a
8862286	42	RESP=1
8875794	42	STIM=6
8883874	42	RESP=2
8893354	42	STIM=l
8898622	42	RESP=1
8910625	42	STIM=6
8920384	42	RESP=2
8925732	42	STIM=g
8931792	42	RESP=1
8941150	42	STIM=8
8946601	42	RESP=1
8957226	42	STIM=q
8960912	42	RESP=1
8972551	42	STIM=f
8980408	42	RESP=1
8989103	42	STIM=u
8993755	42	RESP=1
9005164	42	STIM=w
9009561	42	RESP=1
9022188	42	STIM=1
9027730	42	RESP=2
9038604	42	STIM=q
9045574	42	RESP=1
9057021	42	STIM=h
9060792	42	RESP=1
9074729	42	STIM=g
9082078	42	RESP=1
9090407	42	STIM=e
9099492	42	RESP=1
9106466	42	STIM=z
9109802	42	RESP=1
9124179	42	STIM=6
9128823	42	RESP=2
9141658	42	STIM=k
9147080	42	RESP=1
9158587	42	STIM=m
9163640	42	RESP=1
9177340	42	STIM=k
9185395	42	RESP=1
9195043	42	STIM=0
9203303	42	RESP=2
9212022	42	STIM=g
9216610	42	RESP=1
9227728	42	STIM=7
9236280	42	RESP=2
9246068	42	STIM=w
9249608	42	RESP=1
9262522	42	STIM=3
9267580	42	RESP=2
9277978	42	STIM=3
9283324	42	RESP=2
9296935	42	STIM=i
9300928	42	RESP=1
9314353	42	STIM=6
9319430	42	RESP=1
9332213	42	STIM=e
9337271	42	RESP=1
9350503	42	STIM=m
9355537	42	RESP=1
9368982	42	STIM=q
9376221	42	RESP=1
9386103	42	STIM=f
9391855	42	RESP=1
9403292	42	STIM=t
9407823	42	RESP=1
9420189	42	STIM=i
9424575	42	RESP=1
9435685	42	STIM=g
9442191	42	RESP=1
9451336	42	STIM=s
9456003	42	RESP=1
9467196	42	STIM=8
9474014	42	RESP=2
9483487	42	STIM=l
9491590	42	RESP=1
9498736	42	STIM=i
9502055	42	RESP=1
9517042	42	STIM=4
9524560	42	RESP=2
9534266	42	STIM=f
9541966	42	RESP=1
9551615	42	STIM=x
9556576	42	RESP=1
9570168	42	STIM=s
9576568	42	RESP=1
9586281	42	STIM=j
9593979	42	RESP=1
9605245	42	STIM=f
9609351	42	RESP=1
9621972	42	STIM=z
9629574	42	RESP=1
9638145	42	STIM=a
9645160	42	RESP=1
9653930	42	STIM=s
9656894	42	RESP=1
9671466	42	STIM=9
9677882	42	RESP=2
9689934	42	STIM=k
9694005	42	RESP=2
9707005	42	STIM=c
9715499	42	RESP=1
9724487	42	STIM=d
9727362	42	RESP=1
9743038	42	STIM=x
9753349	42	RESP=1
9760035	42	STIM=v
9764143	42	RESP=1
9775236	42	STIM=j
9787273	42	RESP=1
9791761	42	STIM=5
9803098	42	RESP=2
9809001	42	STIM=2
9822542	42	RESP=2
9825564	42	STIM=0
9833605	42	RESP=2
9843422	42	STIM=o
9847299	42	RESP=1
9860115	42	STIM=d
9867421	42	RESP=1
9876527	42	STIM=f
9881183	42	RESP=1
9893266	42	STIM=u
9898855	42	RESP=1
9908807	42	STIM=l
9911778	42	RESP=1
9926780	42	STIM=6
9934857	42	RESP=2
9945753	42	STIM=5
9952441	42	RESP=2
9962794	42	STIM=c
9974151	42	RESP=1
9981179	42	STIM=h
9986504	42	RESP=1
10000056	42	STIM=5
10004994	42	RESP=2
10018704	42	STIM=q
10025777	42	RESP=1
10036354	42	STIM=z
10039873	42	RESP=1
10053453	42	STIM=g
10060208	42	RESP=1
10069985	42	STIM=n
10078602	42	RESP=1
10085877	42	STIM=h
10090077	42	RESP=1
10102880	42	STIM=q
10107815	42	RESP=1
10118421	42	STIM=u
10123451	42	RESP=1
10135952	42	STIM=2
10145919	42	RESP=2
10152926	42	STIM=e
10158114	42	RESP=1
10169791	42	STIM=i
10180907	42	RESP=1
10185424	42	STIM=3
10197367	42	RESP=2
10203849	42	STIM=s
10213983	42	RESP=1
10218856	42	STIM=n
10223332	42	RESP=1
10237686	42	STIM=q
10240532	42	RESP=1
10253524	42	STIM=u
10257964	42	RESP=1
10269056	42	STIM=r
10273639	42	RESP=1
10287918	42	STIM=i
10291655	42	RESP=1
10304406	42	STIM=i
10310094	42	RESP=1
10321614	42	STIM=v
10330460	42	RESP=1
10338750	42	STIM=j
10342871	42	RESP=1
10357295	42	STIM=v
10364553	42	RESP=1
10373349	42	STIM=n
10380226	42	RESP=1
10391536	42	STIM=k
10401388	42	RESP=1
10408955	42	STIM=b
10413753	42	RESP=1
10426790	42	STIM=o
10434487	42	RESP=1
10445660	42	STIM=i
10450283	42	RESP=1
10460855	42	STIM=4
10465102	42	RESP=2
10479422	42	STIM=h
10484104	42	RESP=1
10497256	42	STIM=f
10502707	42	RESP=1
10515631	42	STIM=a
10524635	42	RESP=1
10530883	42	STIM=q
10539866	42	RESP=1
10549656	42	STIM=h
10555520	42	RESP=1
10565150	42	STIM=n
10569838	42	RESP=1
10580611	42	STIM=l
10585974	42	RESP=1
10596803	42	STIM=u
10601956	42	RESP=1
10615527	42	STIM=r
10621260	42	RESP=1
10631413	42	STIM=k
10634759	42	RESP=1
10648199	42	STIM=8
10654426	42	RESP=1
10666833	42	STIM=s
10672247	42	RESP=1
10683989	42	STIM=r
10691411	42	RESP=1
10699191	42	STIM=m
10704460	42	RESP=1
10715910	42	STIM=r
10723353	42	RESP=1
10734694	42	STIM=c
10745822	42	RESP=1
10750699	42	STIM=a
10755500	42	RESP=1
10765974	42	STIM=9
10770574	42	RESP=2
10781457	42	STIM=e
10786921	42	RESP=1
10798027	42	STIM=s
10805693	42	RESP=1
10817007	42	STIM=f
10824685	42	RESP=1
10834465	42	STIM=k
10840148	42	RESP=1
10850027	42	STIM=1
10857432	42	RESP=2
10866195	42	STIM=w
10869355	42	RESP=1
10882481	42	STIM=u
10893454	42	RESP=1
10898962	42	STIM=w
10908372	42	RESP=1
10917410	42	STIM=k
10923136	42	RESP=1
10934126	42	STIM=b
10939148	42	RESP=1
10950040	42	STIM=w
10958489	42	RESP=1
10967488	42	STIM=g
10971583	42	RESP=1
10985264	42	STIM=k
10989040	42	RESP=1
11002896	42	STIM=o
11008999	42	RESP=1
11020472	42	STIM=r
11027901	42	RESP=1
11036571	42	STIM=s
11041216	42	RESP=1
11053916	42	STIM=m
11058309	42	RESP=1
11069788	42	STIM=v
11076754	42	RESP=1
11086163	42	STIM=s
11092199	42	RESP=1
11104736	42	STIM=d
11109036	42	RESP=1
11120129	42	STIM=d
11123292	42	RESP=2
11138299	42	STIM=r
11142497	42	RESP=1
11156462	42	STIM=z
11161812	42	RESP=2
11173773	42	STIM=j
11181634	42	RESP=1
11190885	42	STIM=u
11194729	42	RESP=1
11207559	42	STIM=k
11212614	42	RESP=1
11222727	42	STIM=r
11228879	42	RESP=1
11240289	42	STIM=j
11248554	42	RESP=1
11257804	42	STIM=k
11262746	42	RESP=1
11274232	42	STIM=s
11279445	42	RESP=1
11293208	42	STIM=4
11300391	42	RESP=2
11308710	42	STIM=x
11313310	42	RESP=1
11325545	42	STIM=q
11331586	42	RESP=1
11344512	42	STIM=d
11347629	42	RESP=1
11359889	42	STIM=0
11367574	42	RESP=2
11378542	42	STIM=y
11382959	42	RESP=1
11397275	42	STIM=g
11400686	42	RESP=1
11413579	42	STIM=z
11419139	42	RESP=1
11429671	42	STIM=k
11438666	42	RESP=1
11445993	42	STIM=a
11449169	42	RESP=1
11462928	42	STIM=y
11469546	42	RESP=1
11478461	42	STIM=d
11481482	42	RESP=1
11493497	42	STIM=n
11498399	42	RESP=1
11508672	42	STIM=y
11516842	42	RESP=1
11525365	42	STIM=p
11528582	42	RESP=1
11543214	42	STIM=6
11548028	42	RESP=2
11558670	42	STIM=3
11563605	42	RESP=2
11576925	42	STIM=p
11581484	42	RESP=1
11595513	42	STIM=q
11603504	42	RESP=1
11612018	42	STIM=g
11616112	42	RESP=1
11627618	42	STIM=v
11633821	42	RESP=1
11645039	42	STIM=5
11649334	42	RESP=2
11662287	42	STIM=r
11670506	42	RESP=1
11679093	42	STIM=8
11684580	42	RESP=2
11697263	42	STIM=0
11706593	42	RESP=2
11715547	42	STIM=z
11718760	42	RESP=1
11732037	42	STIM=q
11736805	42	RESP=1
11747519	42	STIM=p
11750613	42	RESP=1
11764095	42	STIM=1
11776751	42	RESP=2
11780397	42	STIM=9
11784478	42	RESP=2
11796700	42	STIM=5
11801632	42	RESP=2
11815144	42	STIM=0
11821824	42	RESP=2
11831683	42	STIM=c
11836559	42	RESP=2
11849534	42	STIM=h
11855908	42	RESP=1
11865672	42	STIM=q
11868903	42	RESP=1
11880900	42	STIM=9
11886888	42	RESP=2
11896270	42	STIM=6
11905133	42	RESP=2
11913561	42	STIM=2
11921719	42	RESP=2
11928722	42	STIM=m
11932791	42	RESP=1
11944443	42	STIM=8
11949154	42	RESP=1
11962724	42	STIM=i
11966816	42	RESP=2
11978548	42	STIM=r
11984700	42	RESP=1
11996248	42	STIM=k
12001822	42	RESP=1
12012423	42	STIM=d
12018124	42	RESP=1
12030546	42	STIM=f
12035035	42	RESP=1
12048769	42	STIM=g
12051976	42	RESP=1
12066214	42	STIM=n
12075935	42	RESP=1
12084260	42	STIM=e
12095318	42	RESP=1
12103091	42	STIM=7
12110963	42	RESP=2
12120296	42	STIM=3
12125695	42	RESP=2
12136899	42	STIM=b
12140113	42	RESP=1
12154384	42	STIM=j
12160430	42	RESP=1
12169870	42	STIM=x
12177610	42	RESP=1
12186096	42	STIM=j
12190211	42	RESP=1
12202671	42	STIM=l
12209341	42	RESP=1
12221640	42	STIM=h
12228125	42	RESP=1
12239492	42	STIM=n
12244917	42	RESP=1
12258392	42	STIM=g
12265450	42	RESP=1
12273707	42	STIM=o
12280794	42	RESP=1
12290958	42	STIM=b
12295123	42	RESP=1
12307102	42	STIM=l
12311602	42	RESP=1
12322637	42	STIM=y
12329823	42	RESP=1
12340754	42	STIM=x
12353153	42	RESP=1
12357024	42	STIM=z
12361678	42	RESP=1
12374830	42	STIM=s
12379270	42	RESP=1
12393244	42	STIM=n
12398709	42	RESP=1
12409933	42	STIM=q
12422199	42	RESP=1
12428692	42	STIM=7
12434941	42	RESP=2
12444470	42	STIM=c
12450225	42	RESP=1
12461474	42	STIM=4
12471273	42	RESP=2
12479437	42	STIM=v
12489966	42	RESP=1
12495790	42	STIM=9
12501223	42	RESP=2
12514679	42	STIM=l
12518167	42	RESP=1
12532882	42	STIM=l
12540625	42	RESP=1
12548100	42	STIM=a
12553954	42	RESP=1
12566856	42	STIM=c
12571954	42	RESP=1
12584858	42	STIM=t
12590423	42	RESP=1
12601291	42	STIM=5
12611460	42	RESP=2
12616631	42	STIM=l
12627940	42	RESP=1
12634043	42	STIM=7
12640235	42	RESP=2
12649082	42	STIM=t
12657892	42	RESP=1
12664725	42	STIM=v
12669019	42	RESP=1
12683333	42	STIM=x
12686923	42	RESP=1
12699834	42	STIM=q
12705742	42	RESP=1
12718051	42	STIM=x
12722189	42	RESP=1
12733574	42	STIM=i
12739254	42	RESP=1
12750309	42	STIM=5
12757448	42	RESP=2
12765824	42	STIM=n
12770969	42	RESP=1
12784136	42	STIM=k
12788287	42	RESP=1
12800116	42	STIM=m
12807028	42	RESP=1
12816087	42	STIM=5
12824867	42	RESP=2
12832122	42	STIM=m
12838442	42	RESP=1
12849964	42	STIM=f
12854131	42	RESP=1
12867905	42	STIM=i
12872567	42	RESP=1
12885668	42	STIM=s
12892391	42	RESP=1
12901009	42	STIM=f
12908567	42	RESP=1
12918211	42	STIM=i
12922362	42	RESP=1
12934795	42	STIM=w
12939287	42	RESP=1
12952919	42	STIM=j
12956743	42	RESP=1
12971018	42	STIM=d
12977303	42	RESP=1
12986570	42	STIM=2
12990714	42	RESP=1
13005406	42	STIM=r
13009490	42	RESP=1
13024232	42	STIM=q
13028700	42	RESP=1
13040521	42	STIM=l
13045962	42	RESP=1
13058672	42	STIM=9
13063810	42	RESP=2
13073705	42	STIM=u
13076443	42	RESP=1
13092224	42	STIM=p
13098856	42	RESP=1
13107575	42	STIM=d
13112524	42	RESP=2
13124957	42	STIM=w
13133987	42	RESP=1
13141160	42	STIM=f
13145629	42	RESP=1
13158029	42	STIM=4
13163074	42	RESP=1
13174916	42	STIM=k
13179330	42	RESP=1
13190448	42	STIM=p
13193878	42	RESP=1
13207230	42	STIM=8
13212319	42	RESP=2
13223756	42	STIM=k
13227958	42	RESP=1
13239309	42	STIM=y
13244666	42	RESP=1
13257058	42	STIM=c
13261512	42	RESP=2
13275892	42	STIM=y
13280947	42	RESP=1
13294736	42	STIM=k
13301399	42	RESP=1
13310820	42	STIM=y
13316323	42	RESP=1
13326327	42	STIM=j
13333580	42	RESP=1
13344357	42	STIM=i
13348384	42	RESP=1
13361451	42	STIM=7
13367802	42	RESP=2
13377872	42	STIM=y
13382076	42	RESP=2
13393615	42	STIM=l
13398147	42	RESP=1
13411023	42	STIM=f
13420328	42	RESP=1
13428600	42	STIM=8
13433359	42	RESP=2
13444704	42	STIM=g
13449490	42	RESP=1
13460674	42	STIM=s
13467745	42	RESP=1
13478660	42	STIM=8
13487488	42	RESP=2
13496381	42	STIM=h
13501340	42	RESP=1
13512979	42	STIM=l
13515863	42	RESP=1
13530287	42	STIM=h
13544987	42	RESP=1
13546980	42	STIM=6
13552325	42	RESP=1
13563168	42	STIM=k
13566963	42	RESP=1
13580019	42	STIM=w
13587737	42	RESP=1
13597038	42	STIM=v
13606517	42	RESP=1
13612351	42	STIM=r
13617409	42	RESP=1
13628447	42	STIM=x
13632862	42	RESP=1
13644346	42	STIM=h
13650531	42	RESP=1
13660051	42	STIM=k
13665939	42	RESP=1
13675356	42	STIM=y
13678899	42	RESP=1
13691122	42	STIM=u
13697234	42	RESP=1
13707843	42	STIM=m
13710224	42	RESP=1
13724697	42	STIM=w
13729460	42	RESP=1
13740826	42	STIM=v
13747205	42	RESP=1
13756838	42	STIM=s
13761280	42	RESP=1
13775512	42	STIM=f
13779122	42	RESP=1
13792715	42	STIM=m
13798102	42	RESP=1
13810478	42	STIM=h
13816663	42	RESP=2
13827731	42	STIM=z
13834015	42	RESP=1
13845606	42	STIM=8
13850621	42	RESP=2
13861806	42	STIM=4
13868208	42	RESP=2
13879283	42	STIM=v
13882860	42	RESP=1
13898244	42	STIM=e
13903310	42	RESP=1
13914745	42	STIM=9
13919655	42	RESP=2
13932687	42	STIM=o
13938868	42	RESP=1
13950455	42	STIM=8
13956802	42	RESP=2
13965988	42	STIM=o
13971088	42	RESP=1
13984804	42	STIM=j
13988864	42	RESP=2
14001012	42	STIM=h
14004919	42	RESP=1
14018100	42	STIM=1
14022734	42	RESP=2
14035755	42	STIM=m
14039307	42	RESP=1
14051504	42	STIM=k
14054813	42	RESP=1
14068806	42	STIM=n
14075101	42	RESP=1
14085566	42	STIM=g
14091667	42	RESP=1
14104558	42	STIM=m
14110575	42	RESP=2
14119666	42	STIM=n
14129542	42	RESP=1
14134901	42	STIM=s
14141560	42	RESP=1
14153592	42	STIM=z
14156685	42	RESP=1
14172136	42	STIM=l
14178397	42	RESP=1
14188428	42	STIM=e
14195410	42	RESP=1
14205755	42	STIM=i
14213113	42	RESP=1
14222479	42	STIM=8
14227331	42	RESP=2
14241307	42	STIM=h
14250295	42	RESP=1
14260183	42	STIM=d
14268158	42	RESP=1
14276016	42	STIM=k
14281574	42	RESP=1
14294631	42	STIM=x
14304174	42	RESP=1
14312491	42	STIM=g
14316892	42	RESP=1
14328239	42	STIM=n
14334469	42	RESP=1
14344234	42	STIM=b
14349039	42	RESP=1
14361222	42	STIM=8
14368350	42	RESP=2
14379589	42	STIM=e
14382840	42	RESP=1
14397240	42	STIM=f
14400496	42	RESP=1
14413859	42	STIM=n
14418741	42	RESP=1
14430383	42	STIM=2
14437768	42	RESP=1
14445661	42	STIM=e
14448780	42	RESP=1
14461873	42	STIM=e
14471916	42	RESP=1
14477731	42	STIM=b
14486234	42	RESP=1
14493286	42	STIM=s
14496497	42	RESP=1
14509228	42	STIM=b
14512551	42	RESP=1
14525368	42	STIM=u
14528948	42	RESP=1
14542803	42	STIM=b
14548036	42	RESP=1
14561716	42	STIM=a
14565844	42	RESP=2
14578195	42	STIM=3
14587372	42	RESP=2
14593238	42	STIM=0
14598298	42	RESP=2
14610550	42	STIM=y
14616522	42	RESP=1
14628129	42	STIM=i
14631054	42	RESP=1
14646081	42	STIM=g
14649994	42	RESP=1
14662732	42	STIM=q
14667808	42	RESP=1
14681089	42	STIM=u
14686814	42	RESP=1
14697964	42	STIM=e
14704187	42	RESP=1
14716633	42	STIM=f
14725315	42	RESP=1
14732449	42	STIM=x
14737202	42	RESP=1
14749432	42	STIM=e
14754122	42	RESP=1
14767949	42	STIM=l
14776140	42	RESP=1
14783414	42	STIM=d
14788674	42	RESP=1
14801753	42	STIM=8
14807500	42	RESP=2
14820471	42	STIM=x
14827434	42	RESP=1
14836910	42	STIM=h
14841964	42	RESP=1
14855525	42	STIM=e
14860819	42	RESP=1
14872186	42	STIM=t
14877237	42	RESP=2
14889464	42	STIM=4
14894113	42	RESP=2
14907535	42	STIM=3
14913233	42	RESP=2
14925304	42	STIM=8
14931923	42	RESP=2
14944208	42	STIM=u
14950049	42	RESP=1
14962693	42	STIM=d
14967580	42	RESP=1
14980428	42	STIM=b
14983947	42	RESP=1
14996491	42	STIM=j
15003732	42	RESP=1
15012742	42	STIM=7
15017674	42	RESP=2
15031651	42	STIM=l
15036186	42	RESP=2
15049962	42	STIM=e
15054111	42	RESP=1
15068127	42	STIM=r
15071388	42	RESP=1
15086721	42	STIM=i
15091902	42	RESP=1
15103950	42	STIM=9
15109708	42	RESP=2
15120249	42	STIM=7
15130221	42	RESP=2
15136755	42	STIM=e
15149133	42	RESP=1
15152141	42	STIM=k
15156814	42	RESP=1
15169061	42	STIM=d
15173399	42	RESP=1
15184331	42	STIM=p
15191398	42	RESP=1
15200157	42	STIM=z
15205555	42	RESP=1
15218061	42	STIM=q
15223546	42	RESP=1
15235569	42	STIM=q
15240966	42	RESP=2
15253088	42	STIM=x
15258407	42	RESP=1
15271754	42	STIM=2
15275479	42	RESP=2
15287117	42	STIM=l
15298862	42	RESP=1
15305474	42	STIM=d
15312042	42	RESP=1
15322680	42	STIM=s
15326275	42	RESP=1
15340674	42	STIM=h
15351370	42	RESP=1
15358743	42	STIM=b
15362808	42	RESP=1
15375159	42	STIM=q
15387084	42	RESP=1
15393343	42	STIM=3
15401123	42	RESP=1
15409787	42	STIM=w
15414838	42	RESP=1
15426891	42	STIM=4
15434564	42	RESP=2
15443206	42	STIM=8
15453907	42	RESP=2
15461547	42	STIM=k
15467984	42	RESP=1
15478920	42	STIM=y
15484373	42	RESP=2
15497157	42	STIM=m
15499988	42	RESP=1
15515348	42	STIM=x
15522916	42	RESP=1
15533061	42	STIM=v
15540092	42	RESP=1
15550366	42	STIM=h
15554949	42	RESP=1
15565589	42	STIM=e
15570732	42	RESP=1
15584474	42	STIM=z
15594977	42	RESP=1
15601363	42	STIM=z
15608200	42	RESP=1
15620211	42	STIM=1
15626156	42	RESP=1
15637961	42	STIM=b
15644250	42	RESP=1
15656438	42	STIM=j
15659507	42	RESP=2
15672921	42	STIM=k
15676186	42	RESP=1
15689465	42	STIM=7
15693723	42	RESP=2
15706598	42	STIM=m
15711025	42	RESP=1
15722386	42	STIM=x
15729149	42	RESP=1
15737525	42	STIM=h
15744068	42	RESP=1
15753696	42	STIM=5
15758346	42	RESP=2
15769130	42	STIM=e
15772521	42	RESP=1
15785537	42	STIM=u
15791423	42	RESP=1
15800969	42	STIM=2
15807910	42	RESP=2
15817427	42	STIM=s
15822435	42	RESP=1
15832660	42	STIM=l
15836106	42	RESP=1
15849466	42	STIM=n
15853659	42	RESP=1
15865169	42	STIM=m
15870305	42	RESP=1
15884053	42	STIM=p
15890377	42	RESP=1
15899741	42	STIM=5
15907130	42	RESP=1
15914886	42	STIM=s
15920303	42	RESP=1
15930327	42	STIM=1
15934455	42	RESP=2
15947125	42	STIM=n
15951671	42	RESP=1
15965225	42	STIM=v
15971779	42	RESP=1
15980343	42	STIM=g
15982899	42	RESP=1
15997200	42	STIM=u
16000872	42	RESP=1
16012480	42	STIM=h
16015622	42	RESP=1
16030495	42	STIM=d
16035983	42	RESP=1
16049341	42	STIM=i
16056939	42	RESP=1
16067427	42	STIM=l
16071497	42	RESP=1
16082454	42	STIM=d
16088903	42	RESP=1
16100393	42	STIM=d
16109655	42	RESP=1
16118674	42	STIM=k
16123269	42	RESP=1
16137134	42	STIM=k
16142823	42	RESP=1
16153816	42	STIM=t
16158261	42	RESP=1
16171576	42	STIM=q
16178346	42	RESP=1
16189006	42	STIM=k
16195188	42	RESP=1
16205444	42	STIM=q
16210923	42	RESP=1
16223931	42	STIM=p
16229896	42	RESP=1
16240548	42	STIM=p
16246218	42	RESP=1
16258636	42	STIM=5
16264110	42	RESP=2
16276205	42	STIM=q
16280497	42	RESP=1
16292130	42	STIM=t
16296649	42	RESP=1
16309581	42	STIM=m
16314796	42	RESP=1
16325531	42	STIM=m
16334419	42	RESP=1
16343025	42	STIM=x
16347203	42	RESP=1
16360965	42	STIM=e
16365805	42	RESP=1
16376185	42	STIM=1
16381958	42	RESP=2
16391460	42	STIM=n
16396184	42	RESP=1
16407500	42	STIM=w
16411960	42	RESP=1
16424982	42	STIM=k
16437610	42	RESP=1
16442286	42	STIM=3
16446189	42	RESP=2
16458889	42	STIM=6
16465030	42	RESP=2
16474612	42	STIM=h
16479416	42	RESP=1
16490642	42	STIM=m
16498340	42	RESP=2
16508320	42	STIM=q
16512878	42	RESP=1
16526052	42	STIM=w
16534276	42	RESP=1
16541171	42	STIM=v
16547415	42	RESP=1
16557023	42	STIM=r
16561928	42	RESP=1
16572934	42	STIM=i
16575933	42	RESP=1
16588110	42	STIM=5
16594436	42	RESP=1
16606522	42	STIM=t
16611891	42	RESP=1
16624836	42	STIM=0
16629644	42	RESP=1
16640803	42	STIM=e
16646763	42	RESP=1
16656644	42	STIM=k
16661209	42	RESP=1
16672823	42	STIM=m
16676384	42	RESP=1
16691131	42	STIM=7
16698711	42	RESP=2
16706699	42	STIM=2
16713299	42	RESP=1
16724330	42	STIM=7
16731381	42	RESP=2
16741571	42	STIM=l
16749313	42	RESP=1
16759403	42	STIM=i
16766959	42	RESP=1
16776780	42	STIM=s
16779474	42	RESP=1
16792881	42	STIM=n
16798659	42	RESP=1
16809598	42	STIM=f
16813627	42	RESP=1
16826856	42	STIM=u
16834000	42	RESP=1
16844934	42	STIM=l
16854364	42	RESP=1
16862611	42	STIM=p
16869048	42	RESP=1
16881515	42	STIM=a
16887846	42	RESP=1
16896926	42	STIM=x
16905116	42	RESP=2
16913488	42	STIM=l
16916855	42	RESP=1
16931259	42	STIM=1
16935915	42	RESP=2
16947362	42	STIM=n
16953408	42	RESP=1
16963656	42	STIM=b
16969658	42	RESP=1
16980776	42	STIM=j
16987318	42	RESP=1
16997561	42	STIM=0
17003737	42	RESP=1
17014535	42	STIM=r
17018155	42	RESP=1
17030903	42	STIM=h
17034813	42	RESP=1
17046644	42	STIM=5
17056374	42	RESP=2
17061973	42	STIM=3
17070768	42	RESP=2
17078250	42	STIM=6
17083780	42	RESP=2
17096979	42	STIM=r
17101543	42	RESP=1
17112926	42	STIM=i
17119418	42	RESP=1
17129896	42	STIM=f
17135705	42	RESP=1
17145607	42	STIM=5
17153179	42	RESP=2
17162881	42	STIM=d
17170064	42	RESP=1
17180609	42	STIM=i
17186942	42	RESP=1
17196969	42	STIM=z
17202215	42	RESP=1
17213184	42	STIM=u
17217994	42	RESP=2
17231214	42	STIM=a
17235370	42	RESP=2
17247274	42	STIM=z
17252455	42	RESP=1
17262987	42	STIM=7
17269363	42	RESP=1
17281758	42	STIM=0
17287515	42	RESP=2
17298343	42	STIM=0
17303444	42	RESP=2
17317122	42	STIM=n
17326204	42	RESP=1
17332828	42	STIM=2
17340803	42	RESP=2
17350274	42	STIM=b
17353236	42	RESP=1
17368686	42	STIM=x
17380467	42	RESP=1
17387576	42	STIM=s
17392539	42	RESP=1
17404861	42	STIM=o
17409391	42	RESP=1
17423752	42	STIM=z
17427494	42	RESP=1
17438951	42	STIM=k
17444440	42	RESP=1
17457704	42	STIM=a
17463800	42	RESP=1
17475100	42	STIM=v
17478970	42	RESP=1
17491927	42	STIM=g
17494759	42	RESP=1
17509033	42	STIM=l
17514765	42	RESP=1
17527612	42	STIM=n
17530452	42	RESP=1
17544734	42	STIM=9
17550679	42	RESP=2
17563730	42	STIM=g
17567574	42	RESP=1
17582090	42	STIM=b
17586055	42	RESP=1
17597915	42	STIM=p
17603271	42	RESP=1
17614909	42	STIM=2
17619179	42	RESP=1
17632519	42	STIM=5
17638772	42	RESP=1
17651102	42	STIM=x
17657325	42	RESP=1
17667113	42	STIM=j
17672338	42	RESP=1
17683835	42	STIM=s
17696646	42	RESP=1
17702188	42	STIM=4
17708210	42	RESP=2
17718228	42	STIM=0
17724292	42	RESP=2
17736248	42	STIM=j
17739799	42	RESP=1
17752066	42	STIM=1
17757643	42	RESP=2
17767428	42	STIM=2
17772877	42	RESP=2
17782558	42	STIM=0
17787664	42	RESP=2
17797663	42	STIM=p
17806700	42	RESP=1
17813235	42	STIM=b
17819274	42	RESP=1
17828643	42	STIM=f
17832855	42	RESP=1
17844665	42	STIM=p
17849910	42	RESP=1
17861256	42	STIM=x
17867076	42	RESP=1
17877956	42	STIM=n
17882809	42	RESP=1
17895354	42	STIM=g
17900204	42	RESP=1
17910570	42	STIM=j
17916827	42	RESP=1
17929028	42	STIM=8
17935713	42	RESP=2
17947368	42	STIM=i
17952832	42	RESP=1
17963525	42	STIM=y
17970764	42	RESP=1
17979138	42	STIM=m
17988152	42	RESP=1
17997029	42	STIM=3
18002875	42	RESP=2
18014764	42	STIM=x
18019648	42	RESP=1
18032292	42	STIM=w
18038552	42	RESP=1
18047537	42	STIM=p
18054009	42	RESP=1
18066338	42	STIM=n
18072398	42	RESP=2
18084242	42	STIM=r
18090368	42	RESP=1
18100877	42	STIM=p
18108320	42	RESP=1
18117427	42	STIM=b
18125322	42	RESP=1
18133891	42	STIM=9
18140861	42	RESP=2
18150633	42	STIM=u
18156592	42	RESP=1
18167631	42	STIM=6
18176708	42	RESP=2
18185540	42	STIM=q
18188879	42	RESP=1
18201994	42	STIM=o
18207379	42	RESP=1
18220910	42	STIM=3
18227426	42	RESP=1
18238295	42	STIM=4
18242558	42	RESP=2
18256294	42	STIM=s
18262605	42	RESP=1
18274419	42	STIM=u
18280803	42	RESP=1
18290035	42	STIM=l
18296091	42	RESP=1
18307867	42	STIM=1
18316829	42	RESP=1
18324667	42	STIM=e
18334143	42	RESP=1
18342566	42	STIM=u
18350099	42	RESP=1
18357672	42	STIM=d
18369091	42	RESP=1
18375806	42	STIM=y
18385125	42	RESP=1
18392519	42	STIM=0
18397114	42	RESP=2
18410204	42	STIM=p
18414486	42	RESP=1
18428184	42	STIM=4
18434849	42	RESP=1
18443760	42	STIM=t
18449284	42	RESP=1
18459893	42	STIM=p
18463574	42	RESP=1
18476042	42	STIM=j
18480374	42	RESP=1
18492678	42	STIM=a
18498213	42	RESP=1
18509773	42	STIM=a
18514116	42	RESP=1
18528401	42	STIM=h
18537695	42	RESP=2
18545468	42	STIM=e
18551177	42	RESP=1
18560596	42	STIM=n
18564995	42	RESP=1
18576514	42	STIM=d
18582736	42	RESP=1
18593723	42	STIM=8
18601540	42	RESP=2
18610884	42	STIM=k
18618327	42	RESP=1
18629262	42	STIM=d
18632074	42	RESP=1
18647749	42	STIM=7
18652203	42	RESP=2
18662953	42	STIM=b
18667233	42	RESP=2
18681284	42	STIM=i
18689131	42	RESP=1
18700115	42	STIM=v
18707202	42	RESP=1
18717706	42	STIM=z
18724513	42	RESP=1
18735480	42	STIM=0
18746311	42	RESP=2
18752062	42	STIM=0
18757952	42	RESP=2
18769794	42	STIM=w
18774452	42	RESP=1
18787911	42	STIM=m
18797534	42	RESP=1
18803008	42	STIM=w
18811458	42	RESP=1
18820839	42	STIM=l
18833723	42	RESP=1
18838373	42	STIM=8
18843710	42	RESP=2
18856254	42	STIM=i
18860354	42	RESP=1
18874824	42	STIM=s
18881995	42	RESP=1
18893615	42	STIM=n
18899286	42	RESP=1
18912483	42	STIM=9
18918244	42	RESP=2
18930799	42	STIM=a
18936315	42	RESP=1
18948126	42	STIM=y
18951263	42	RESP=1
18965467	42	STIM=3
18975018	42	RESP=2
18980522	42	STIM=2
18988454	42	RESP=2
18999163	42	STIM=1
19009059	42	RESP=1
19016302	42	STIM=d
19019031	42	RESP=1
19035189	42	STIM=s
19039647	42	RESP=1
19052200	42	STIM=v
19056719	42	RESP=1
19067989	42	STIM=q
19072753	42	RESP=1
19084151	42	STIM=7
19090417	42	RESP=2
19100255	42	STIM=v
19110858	42	RESP=1
19117944	42	STIM=l
19123938	42	RESP=2
19135405	42	STIM=b
19139352	42	RESP=1
19153972	42	STIM=h
19159381	42	RESP=1
19172018	42	STIM=o
19178491	42	RESP=1
19190635	42	STIM=9
19194321	42	RESP=2
19206315	42	STIM=7
19215902	42	RESP=2
19222094	42	STIM=2
19227642	42	RESP=2
19240332	42	STIM=5
19243997	42	RESP=2
19255407	42	STIM=a
19259542	42	RESP=1
19274189	42	STIM=g
19280598	42	RESP=1
19291664	42	STIM=i
19296521	42	RESP=1
19309229	42	STIM=j
19314578	42	RESP=1
19324943	42	STIM=m
19330347	42	RESP=1
19343870	42	STIM=u
19349156	42	RESP=2
19358886	42	STIM=w
19364416	42	RESP=1
19374928	42	STIM=w
19384313	42	RESP=1
19392620	42	STIM=0
19397185	42	RESP=2
19407801	42	STIM=u
19413216	42	RESP=1
19423547	42	STIM=u
19426667	42	RESP=1
19440127	42	STIM=b
19446733	42	RESP=1
19456736	42	STIM=5
19463820	42	RESP=2
19473290	42	STIM=e
19481115	42	RESP=1
19489277	42	STIM=r
19500111	42	RESP=1
19506388	42	STIM=h
19512455	42	RESP=1
19522520	42	STIM=2
19527865	42	RESP=2
19538420	42	STIM=q
19545057	42	RESP=1
19557304	42	STIM=8
19563939	42	RESP=2
19575769	42	STIM=s
19583093	42	RESP=1
19593197	42	STIM=w
19598530	42	RESP=1
19609234	42	STIM=q
19614845	42	RESP=1
19627961	42	STIM=4
19636683	42	RESP=2
19646489	42	STIM=m
19651375	42	RESP=1
19665359	42	STIM=4
19671357	42	RESP=2
19680964	42	STIM=k
19687907	42	RESP=1
19696871	42	STIM=5
19703523	42	RESP=2
19713430	42	STIM=n
19716454	42	RESP=1
19728679	42	STIM=f
19736423	42	RESP=1
19747326	42	STIM=s
19751551	42	RESP=1
19764557	42	STIM=a
19773633	42	RESP=1
19782481	42	STIM=v
19787752	42	RESP=1
19797665	42	STIM=m
19802111	42	RESP=1
19813930	42	STIM=r
19821263	42	RESP=1
19829918	42	STIM=f
19835644	42	RESP=1
19845622	42	STIM=q
19851709	42	RESP=1
19861176	42	STIM=t
19865777	42	RESP=2
19878857	42	STIM=h
19883818	42	RESP=1
19894932	42	STIM=0
19901444	42	RESP=2
19911680	42	STIM=s
19919286	42	RESP=1
19930002	42	STIM=o
19937231	42	RESP=2
19946972	42	STIM=c
19953246	42	RESP=1
19964165	42	STIM=7
19970963	42	RESP=1
19983119	42	STIM=t
19988974	42	RESP=1
19999833	42	STIM=r
20005731	42	RESP=1
20015098	42	STIM=z
20020925	42	RESP=1
20032044	42	STIM=o
20035562	42	RESP=1
20048130	42	STIM=r
20051936	42	RESP=1
20066084	42	STIM=a
20071138	42	RESP=1
20081522	42	STIM=u
20086974	42	RESP=1
20097593	42	STIM=m
20105363	42	RESP=1
20116010	42	STIM=e
20122573	42	RESP=1
20133290	42	STIM=z
20137123	42	RESP=1
20148401	42	STIM=m
20155848	42	RESP=1
20166504	42	STIM=h
20171445	42	RESP=1
20185452	42	STIM=r
20189520	42	RESP=1
20204406	42	STIM=2
20213797	42	RESP=2
20221380	42	STIM=p
20225866	42	RESP=1
20240182	42	STIM=e
20245168	42	RESP=1
20257452	42	STIM=e
20261426	42	RESP=1
20273521	42	STIM=a
20280058	42	RESP=1
20292335	42	STIM=i
20297380	42	RESP=1
20307690	42	STIM=t
20313310	42	RESP=1
20324549	42	STIM=y
20329370	42	RESP=1
20340754	42	STIM=u
20346099	42	RESP=1
20359717	42	STIM=j
20365169	42	RESP=1
20375456	42	STIM=l
20379842	42	RESP=1
20392403	42	STIM=k
20396760	42	RESP=1
20408300	42	STIM=u
20414606	42	RESP=1
20426652	42	STIM=u
20431267	42	RESP=1
20443544	42	STIM=n
20448617	42	RESP=1
20459282	42	STIM=7
20468499	42	RESP=2
20476952	42	STIM=0
20489156	42	RESP=2
20492149	42	STIM=u
20498022	42	RESP=1
20510938	42	STIM=k
20515148	42	RESP=1
20528472	42	STIM=n
20535454	42	RESP=1
20546503	42	STIM=d
20554117	42	RESP=1
20562703	42	STIM=j
20568075	42	RESP=1
20580455	42	STIM=m
20589782	42	RESP=1
20597845	42	STIM=r
20603553	42	RESP=1
20616139	42	STIM=k
20624220	42	RESP=1
20633475	42	STIM=y
20639693	42	RESP=1
20651209	42	STIM=q
20655868	42	RESP=1
20669536	42	STIM=5
20676665	42	RESP=2
20684960	42	STIM=e
20687725	42	RESP=1
20701811	42	STIM=s
20711316	42	RESP=1
20718085	42	STIM=y
20721548	42	RESP=1
20736874	42	STIM=e
20746417	42	RESP=1
20752123	42	STIM=7
20757056	42	RESP=2
20768451	42	STIM=5
20778077	42	RESP=2
20785353	42	STIM=j
20790818	42	RESP=1
20801065	42	STIM=r
20805549	42	RESP=1
20817552	42	STIM=f
20822526	42	RESP=1
20833020	42	STIM=p
20841823	42	RESP=2
20851443	42	STIM=q
20860102	42	RESP=1
20866886	42	STIM=f
20874371	42	RESP=1
20881959	42	STIM=j
20889701	42	RESP=1
20897353	42	STIM=c
20904160	42	RESP=1
20913995	42	STIM=d
20917661	42	RESP=1
20929393	42	STIM=e
20933600	42	RESP=1
20947281	42	STIM=g
20951279	42	RESP=1
20964820	42	STIM=a
20972192	42	RESP=1
20981428	42	STIM=d
20987246	42	RESP=1
20998522	42	STIM=2
21003678	42	RESP=2
21016631	42	STIM=2
21022604	42	RESP=2
21033645	42	STIM=m
21038436	42	RESP=1
21051559	42	STIM=m
21060131	42	RESP=1
21069134	42	STIM=f
21072761	42	RESP=1
21084705	42	STIM=u
21087940	42	RESP=1
21101918	42	STIM=d
21105472	42	RESP=1
21117086	42	STIM=y
21126278	42	RESP=1
21135834	42	STIM=7
21142059	42	RESP=2
21151328	42	STIM=z
21157636	42	RESP=1
21169397	42	STIM=9
21176306	42	RESP=2
21184451	42	STIM=x
21187997	42	RESP=2
21203273	42	STIM=6
21209199	42	RESP=2
21218837	42	STIM=e
21224240	42	RESP=1
21234631	42	STIM=p
21239143	42	RESP=1
21251133	42	STIM=9
21257464	42	RESP=1
21268784	42	STIM=w
21272024	42	RESP=1
21285868	42	STIM=o
21289402	42	RESP=1
21303708	42	STIM=1
21310097	42	RESP=2
21319332	42	STIM=a
21325229	42	RESP=1
21334447	42	STIM=l
21341343	42	RESP=1
21352710	42	STIM=a
21357319	42	RESP=1
21370088	42	STIM=d
21374844	42	RESP=1
21387603	42	STIM=w
21393837	42	RESP=1
21404789	42	STIM=p
21409737	42	RESP=2
21422852	42	STIM=s
21429275	42	RESP=1
21438228	42	STIM=0
21444745	42	RESP=2
21456713	42	STIM=o
21462505	42	RESP=2
21475317	42	STIM=w
21482088	42	RESP=1
21493391	42	STIM=9
21504115	42	RESP=2
21510946	42	STIM=u
21520812	42	RESP=1
21527039	42	STIM=c
21532186	42	RESP=1
21543740	42	STIM=k
21550637	42	RESP=1
21560772	42	STIM=a
21567237	42	RESP=2
21578137	42	STIM=3
21588487	42	RESP=2
21594539	42	STIM=8
21601710	42	RESP=2
21613241	42	STIM=2
21621105	42	RESP=2
21628572	42	STIM=v
21633105	42	RESP=1
21645733	42	STIM=z
21650087	42	RESP=1
21662660	42	STIM=q
21669342	42	RESP=1
21678153	42	STIM=c
21686254	42	RESP=1
21695737	42	STIM=q
21699500	42	RESP=1
21711057	42	STIM=v
21716392	42	RESP=1
21726226	42	STIM=z
21732256	42	RESP=1
21743470	42	STIM=n
21747043	42	RESP=1
21760431	42	STIM=w
21765887	42	RESP=1
21776154	42	STIM=a
21783604	42	RESP=1
