# Original filename: 0029_QGU_2017-08-18.log
# Time unit: 100 us
# RARECAT=digit
#
# Time	HHGG	Event
35919	42	STIM=f
40149	42	RESP=2
50988	42	STIM=j
61374	42	RESP=1
67459	42	STIM=s
74676	42	RESP=1
85492	42	STIM=s
90062	42	RESP=1
104418	42	STIM=x
108552	42	RESP=1
120857	42	STIM=3
127258	42	RESP=2
136889	42	STIM=6
141893	42	RESP=1
155075	42	STIM=7
164040	42	RESP=2
172887	42	STIM=x
181824	42	RESP=1
190097	42	STIM=z
197525	42	RESP=1
208157	42	STIM=o
212092	42	RESP=1
224982	42	STIM=c
228334	42	RESP=1
241826	42	STIM=c
246481	42	RESP=1
258433	42	STIM=9
268590	42	RESP=1
274542	42	STIM=p
278978	42	RESP=1
289848	42	STIM=c
292747	42	RESP=1
306765	42	STIM=3
314491	42	RESP=2
321954	42	STIM=h
326548	42	RESP=1
340714	42	STIM=6
344702	42	RESP=2
358729	42	STIM=0
367759	42	RESP=2
374674	42	STIM=6
381112	42	RESP=2
391162	42	STIM=f
394532	42	RESP=1
408574	42	STIM=9
417779	42	RESP=2
425470	42	STIM=4
432707	42	RESP=2
443283	42	STIM=y
447922	42	RESP=1
459366	42	STIM=5
463555	42	RESP=2
475301	42	STIM=v
482160	42	RESP=1
490999	42	STIM=n
499621	42	RESP=1
506147	42	STIM=q
509952	42	RESP=1
521492	42	STIM=t
528374	42	RESP=1
538802	42	STIM=9
549947	42	RESP=2
556537	42	STIM=k
562587	42	RESP=1
572612	42	STIM=m
576790	42	RESP=1
588122	42	STIM=4
595185	42	RESP=2
604403	42	STIM=l
609809	42	RESP=1
620172	42	STIM=h
623439	42	RESP=1
635555	42	STIM=x
642101	42	RESP=1
651833	42	STIM=g
656725	42	RESP=1
667435	42	STIM=p
672627	42	RESP=1
684222	42	STIM=n
687845	42	RESP=1
701519	42	STIM=u
705722	42	RESP=1
718132	42	STIM=l
722831	42	RESP=1
734633	42	STIM=u
738314	42	RESP=1
753437	42	STIM=d
766931	42	RESP=1
772045	42	STIM=o
778564	42	RESP=2
788429	42	STIM=w
792304	42	RESP=1
803521	42	STIM=h
810022	42	RESP=1
818784	42	STIM=z
827802	42	RESP=1
836010	42	STIM=y
842922	42	RESP=1
854732	42	STIM=t
858546	42	RESP=1
871874	42	STIM=g
879158	42	RESP=1
889661	42	STIM=u
901319	42	RESP=1
907883	42	STIM=o
911609	42	RESP=1
926240	42	STIM=u
934366	42	RESP=1
943216	42	STIM=f
948545	42	RESP=1
959669	42	STIM=3
966387	42	RESP=2
978332	42	STIM=s
981672	42	RESP=1
994770	42	STIM=g
998002	42	RESP=2
1010671	42	STIM=e
1015328	42	RESP=1
1029523	42	STIM=z
1036621	42	RESP=1
1047363	42	STIM=l
1051708	42	RESP=2
1065140	42	STIM=j
1070783	42	RESP=1
1083033	42	STIM=6
1088750	42	RESP=1
1099261	42	STIM=h
1102850	42	RESP=1
1114669	42	STIM=y
1118436	42	RESP=1
1132799	42	STIM=u
1144675	42	RESP=1
1150999	42	STIM=2
1159497	42	RESP=2
1168439	42	STIM=q
1174232	42	RESP=2
1183778	42	STIM=0
1188838	42	RESP=2
1199457	42	STIM=j
1203442	42	RESP=1
1218343	42	STIM=e
1224605	42	RESP=1
1235932	42	STIM=t
1240584	42	RESP=1
1251438	42	STIM=l
1256764	42	RESP=1
1268307	42	STIM=g
1275717	42	RESP=1
1283631	42	STIM=v
1294623	42	RESP=1
1300657	42	STIM=s
1304942	42	RESP=1
1317325	42	STIM=z
1323961	42	RESP=1
1332984	42	STIM=f
1339792	42	RESP=1
1348253	42	STIM=w
1359996	42	RESP=1
1367024	42	STIM=w
1376335	42	RESP=1
1383544	42	STIM=a
1389047	42	RESP=1
1401044	42	STIM=p
1405888	42	RESP=1
1419855	42	STIM=7
1427619	42	RESP=1
1438573	42	STIM=r
1448024	42	RESP=1
1454278	42	STIM=3
1460461	42	RESP=2
1472964	42	STIM=x
1484143	42	RESP=1
1490689	42	STIM=r
1496712	42	RESP=1
1508863	42	STIM=0
1513769	42	RESP=2
1527500	42	STIM=3
1534587	42	RESP=1
1543557	42	STIM=s
1550932	42	RESP=1
1559432	42	STIM=o
1565086	42	RESP=1
1577088	42	STIM=r
1582224	42	RESP=1
1593919	42	STIM=g
1601126	42	RESP=1
1611503	42	STIM=c
1619048	42	RESP=1
1627003	42	STIM=q
1633913	42	RESP=2
1644829	42	STIM=d
1648514	42	RESP=1
1661538	42	STIM=r
1665386	42	RESP=1
1676728	42	STIM=o
1680653	42	RESP=1
1694740	42	STIM=r
1700486	42	RESP=1
1710246	42	STIM=2
1716962	42	RESP=2
1729201	42	STIM=0
1734932	42	RESP=2
1745269	42	STIM=r
1753421	42	RESP=1
1761784	42	STIM=g
1764838	42	RESP=2
1777033	42	STIM=i
1780003	42	RESP=1
1794493	42	STIM=h
1799288	42	RESP=1
1810299	42	STIM=3
1815759	42	RESP=2
1828541	42	STIM=4
1834872	42	RESP=2
1847531	42	STIM=i
1854739	42	RESP=1
1865865	42	STIM=w
1875767	42	RESP=1
1881709	42	STIM=x
1887079	42	RESP=1
1899922	42	STIM=o
1909265	42	RESP=1
1918771	42	STIM=l
1923106	42	RESP=1
1934566	42	STIM=4
1940951	42	RESP=2
1953485	42	STIM=5
1959170	42	RESP=2
1968485	42	STIM=f
1971589	42	RESP=1
1985127	42	STIM=1
1989655	42	RESP=2
2003807	42	STIM=a
2007454	42	RESP=2
2021835	42	STIM=v
2025972	42	RESP=1
2038833	42	STIM=y
2043246	42	RESP=2
2054289	42	STIM=n
2059109	42	RESP=1
2071942	42	STIM=z
2075827	42	RESP=1
2089562	42	STIM=n
2099918	42	RESP=1
2106053	42	STIM=w
2109913	42	RESP=1
2122030	42	STIM=3
2128671	42	RESP=2
2137838	42	STIM=j
2144793	42	RESP=1
2155685	42	STIM=y
2168509	42	RESP=1
2171008	42	STIM=q
2179582	42	RESP=1
2187463	42	STIM=a
2194129	42	RESP=2
2205954	42	STIM=j
2212401	42	RESP=1
2222092	42	STIM=e
2226965	42	RESP=1
2238869	42	STIM=o
2243748	42	RESP=1
2257058	42	STIM=j
2263683	42	RESP=1
2275265	42	STIM=m
2278031	42	RESP=1
2290537	42	STIM=3
2296356	42	RESP=2
2306282	42	STIM=2
2313724	42	RESP=1
2324552	42	STIM=g
2327719	42	RESP=1
2340201	42	STIM=i
2344553	42	RESP=1
2357100	42	STIM=x
2362769	42	RESP=1
2372498	42	STIM=t
2378070	42	RESP=1
2389897	42	STIM=l
2394378	42	RESP=1
2406361	42	STIM=e
2411047	42	RESP=1
2422448	42	STIM=b
2427175	42	RESP=1
2439215	42	STIM=a
2443046	42	RESP=1
2456669	42	STIM=5
2462193	42	RESP=2
2472371	42	STIM=2
2477839	42	RESP=2
2487827	42	STIM=l
2493208	42	RESP=2
2505148	42	STIM=r
2511956	42	RESP=1
2523368	42	STIM=j
2528091	42	RESP=1
2540337	42	STIM=2
2549805	42	RESP=2
2559027	42	STIM=b
2563099	42	RESP=1
2577519	42	STIM=p
2589496	42	RESP=1
2594181	42	STIM=e
2606578	42	RESP=1
2610003	42	STIM=t
2616126	42	RESP=2
2628725	42	STIM=w
2634403	42	RESP=1
2646234	42	STIM=4
2650586	42	RESP=2
2663035	42	STIM=z
2666741	42	RESP=1
2680190	42	STIM=l
2685455	42	RESP=1
2695320	42	STIM=p
2704613	42	RESP=1
2711561	42	STIM=k
2718760	42	RESP=1
2726766	42	STIM=3
2734809	42	RESP=2
2743397	42	STIM=c
2752890	42	RESP=1
2760842	42	STIM=l
2767888	42	RESP=1
2776001	42	STIM=y
2783166	42	RESP=1
2793322	42	STIM=9
2799693	42	RESP=2
2809502	42	STIM=v
2819916	42	RESP=1
2827600	42	STIM=w
2831180	42	RESP=1
2845634	42	STIM=i
2850405	42	RESP=1
2862913	42	STIM=x
2870213	42	RESP=1
2881501	42	STIM=c
2888651	42	RESP=1
2898634	42	STIM=i
2910346	42	RESP=1
2917285	42	STIM=5
2922177	42	RESP=1
2934058	42	STIM=g
2945608	42	RESP=1
2950107	42	STIM=5
2954409	42	RESP=2
2967334	42	STIM=y
2974763	42	RESP=1
2984472	42	STIM=z
2987178	42	RESP=1
3001833	42	STIM=9
3007101	42	RESP=2
3019793	42	STIM=0
3027686	42	RESP=2
3037187	42	STIM=t
3043637	42	RESP=1
3055573	42	STIM=l
3059738	42	RESP=1
3074553	42	STIM=l
3079991	42	RESP=1
3092766	42	STIM=u
3097310	42	RESP=1
3111104	42	STIM=k
3121356	42	RESP=1
3129955	42	STIM=h
3132421	42	RESP=2
3146034	42	STIM=i
3153673	42	RESP=1
3163995	42	STIM=x
3172448	42	RESP=1
3180242	42	STIM=d
3184291	42	RESP=1
3197855	42	STIM=v
3206312	42	RESP=1
3214397	42	STIM=k
3217962	42	RESP=1
3232982	42	STIM=p
3237759	42	RESP=1
3250147	42	STIM=8
3255629	42	RESP=2
3267642	42	STIM=r
3271705	42	RESP=1
3286248	42	STIM=b
3290440	42	RESP=2
3304624	42	STIM=j
3310793	42	RESP=1
3320448	42	STIM=9
3328204	42	RESP=2
3339153	42	STIM=t
3343423	42	RESP=1
3356636	42	STIM=a
3362481	42	RESP=1
3374757	42	STIM=0
3380000	42	RESP=2
3390763	42	STIM=q
3396098	42	RESP=1
3407537	42	STIM=b
3412248	42	RESP=1
3423039	42	STIM=p
3429383	42	RESP=1
3440720	42	STIM=4
3447201	42	RESP=2
3456040	42	STIM=7
3461746	42	RESP=2
3474418	42	STIM=m
3478015	42	RESP=1
3490386	42	STIM=v
3498682	42	RESP=1
3506879	42	STIM=y
3512155	42	RESP=1
3522643	42	STIM=x
3526384	42	RESP=1
3539812	42	STIM=t
3543494	42	RESP=1
3556906	42	STIM=4
3561680	42	RESP=2
3575192	42	STIM=3
3585200	42	RESP=2
3592667	42	STIM=k
3597479	42	RESP=1
3608440	42	STIM=g
3614655	42	RESP=1
3626658	42	STIM=v
3633836	42	RESP=1
3644409	42	STIM=9
3651408	42	RESP=2
3660837	42	STIM=l
3667347	42	RESP=1
3678068	42	STIM=s
3682558	42	RESP=1
3695112	42	STIM=p
3699622	42	RESP=1
3713562	42	STIM=m
3716078	42	RESP=1
3730549	42	STIM=j
3733123	42	RESP=1
3748344	42	STIM=z
3751978	42	RESP=1
3766329	42	STIM=g
3773650	42	RESP=2
3783386	42	STIM=w
3786540	42	RESP=1
3798617	42	STIM=r
3803030	42	RESP=1
3816052	42	STIM=j
3819508	42	RESP=1
3833953	42	STIM=e
3837302	42	RESP=1
3852433	42	STIM=k
3855660	42	RESP=1
3871311	42	STIM=h
3878698	42	RESP=1
3888413	42	STIM=s
3893988	42	RESP=1
3905941	42	STIM=1
3911214	42	RESP=2
3923945	42	STIM=k
3927828	42	RESP=1
3940493	42	STIM=a
3943998	42	RESP=1
3957561	42	STIM=u
3965207	42	RESP=1
3975088	42	STIM=h
3982580	42	RESP=1
3992778	42	STIM=d
3996352	42	RESP=1
4010896	42	STIM=v
4017299	42	RESP=1
4027765	42	STIM=n
4038210	42	RESP=1
4044163	42	STIM=j
4047926	42	RESP=1
4061202	42	STIM=0
4068624	42	RESP=2
4080128	42	STIM=a
4088186	42	RESP=1
4098062	42	STIM=4
4103781	42	RESP=2
4114298	42	STIM=g
4122190	42	RESP=1
4131463	42	STIM=e
4137070	42	RESP=1
4147779	42	STIM=g
4152672	42	RESP=1
4165510	42	STIM=m
4170308	42	RESP=1
4182561	42	STIM=v
4188087	42	RESP=1
4201067	42	STIM=j
4205330	42	RESP=1
4216917	42	STIM=n
4220780	42	RESP=1
4232670	42	STIM=7
4240961	42	RESP=2
4248468	42	STIM=f
4255309	42	RESP=1
4263646	42	STIM=n
4267896	42	RESP=1
4281260	42	STIM=c
4287324	42	RESP=1
4298967	42	STIM=x
4305426	42	RESP=1
4314315	42	STIM=m
4316708	42	RESP=1
4333166	42	STIM=p
4340854	42	RESP=1
4349530	42	STIM=g
4355872	42	RESP=1
4367985	42	STIM=e
4372239	42	RESP=1
4385895	42	STIM=y
4390865	42	RESP=1
4402084	42	STIM=6
4410682	42	RESP=2
4419393	42	STIM=u
4424776	42	RESP=1
4434555	42	STIM=8
4441455	42	RESP=2
4452357	42	STIM=f
4455314	42	RESP=1
4467450	42	STIM=t
4473788	42	RESP=1
4485848	42	STIM=l
4490453	42	RESP=1
4503812	42	STIM=l
4508498	42	RESP=1
4522323	42	STIM=w
4526172	42	RESP=1
4540352	42	STIM=e
4544455	42	RESP=1
4555357	42	STIM=j
4564105	42	RESP=1
4572937	42	STIM=2
4579596	42	RESP=2
4589326	42	STIM=y
4600521	42	RESP=1
4607741	42	STIM=n
4613012	42	RESP=1
4623288	42	STIM=l
4631570	42	RESP=1
4640619	42	STIM=d
4645242	42	RESP=1
4657027	42	STIM=y
4661250	42	RESP=2
4674591	42	STIM=b
4678361	42	RESP=1
4693384	42	STIM=n
4698910	42	RESP=1
4708710	42	STIM=y
4713659	42	RESP=1
4724178	42	STIM=z
4732436	42	RESP=1
4739399	42	STIM=0
4743652	42	RESP=2
4757909	42	STIM=p
4766142	42	RESP=1
4773901	42	STIM=s
4779501	42	RESP=1
4791194	42	STIM=b
4796401	42	RESP=1
4806415	42	STIM=n
4813936	42	RESP=1
4823863	42	STIM=f
4831569	42	RESP=1
4839749	42	STIM=f
4844414	42	RESP=1
4858027	42	STIM=t
4864670	42	RESP=1
4873438	42	STIM=w
4881406	42	RESP=1
4889604	42	STIM=0
4898590	42	RESP=2
4908047	42	STIM=t
4914968	42	RESP=1
4924740	42	STIM=5
4929513	42	RESP=2
4940062	42	STIM=5
4945792	42	RESP=2
4957108	42	STIM=z
4961306	42	RESP=1
4975396	42	STIM=f
4978966	42	RESP=1
4992832	42	STIM=z
4999069	42	RESP=1
5008323	42	STIM=z
5013997	42	RESP=1
5024256	42	STIM=2
5028709	42	RESP=2
5042293	42	STIM=5
5051595	42	RESP=1
5058016	42	STIM=i
5069393	42	RESP=1
5073396	42	STIM=x
5081496	42	RESP=1
5089753	42	STIM=3
5094943	42	RESP=2
5107958	42	STIM=r
5111485	42	RESP=1
5123031	42	STIM=r
5128764	42	RESP=1
5140175	42	STIM=x
5145233	42	RESP=1
5158206	42	STIM=v
5165304	42	RESP=2
5174529	42	STIM=3
5182088	42	RESP=2
5190777	42	STIM=j
5198954	42	RESP=1
5208495	42	STIM=9
5217150	42	RESP=2
5223894	42	STIM=h
5231265	42	RESP=1
5241478	42	STIM=z
5248475	42	RESP=1
5256538	42	STIM=m
5261435	42	RESP=1
5275495	42	STIM=2
5281981	42	RESP=2
5293671	42	STIM=t
5298552	42	RESP=1
5310510	42	STIM=4
5320628	42	RESP=2
5329146	42	STIM=s
5334494	42	RESP=1
5344810	42	STIM=b
5349517	42	RESP=1
5362353	42	STIM=t
5368084	42	RESP=1
5377524	42	STIM=q
5380615	42	RESP=1
5394833	42	STIM=6
5400025	42	RESP=1
5411332	42	STIM=q
5416915	42	RESP=1
5427715	42	STIM=p
5436166	42	RESP=1
5444485	42	STIM=p
5453833	42	RESP=1
5461434	42	STIM=f
5465820	42	RESP=1
5477819	42	STIM=3
5482066	42	RESP=2
5495283	42	STIM=3
5499821	42	RESP=2
5513218	42	STIM=n
5517166	42	RESP=1
5530785	42	STIM=s
5536487	42	RESP=1
5547493	42	STIM=f
5552563	42	RESP=1
5566383	42	STIM=j
5580641	42	RESP=1
5584374	42	STIM=k
5587874	42	RESP=1
5601203	42	STIM=2
5613409	42	RESP=2
5618394	42	STIM=v
5622076	42	RESP=1
5633532	42	STIM=w
5641425	42	RESP=2
5651639	42	STIM=z
5656908	42	RESP=1
5670319	42	STIM=f
5674502	42	RESP=1
5688374	42	STIM=9
5693404	42	RESP=2
5706964	42	STIM=q
5712030	42	RESP=1
5725250	42	STIM=j
5734651	42	RESP=1
5740595	42	STIM=w
5744823	42	RESP=1
5758042	42	STIM=c
5763135	42	RESP=1
5773281	42	STIM=a
5779906	42	RESP=1
5789352	42	STIM=k
5802576	42	RESP=1
5806680	42	STIM=c
5812657	42	RESP=1
5824511	42	STIM=e
5828431	42	RESP=1
5842027	42	STIM=l
5848969	42	RESP=1
5860023	42	STIM=g
5866681	42	RESP=2
5878874	42	STIM=9
5887786	42	RESP=2
5895290	42	STIM=5
5900134	42	RESP=2
5910713	42	STIM=w
5915791	42	RESP=1
5927359	42	STIM=g
5935931	42	RESP=1
5943528	42	STIM=q
5950487	42	RESP=1
5961107	42	STIM=p
5969158	42	RESP=1
5976231	42	STIM=e
5980661	42	RESP=1
5994695	42	STIM=9
5999686	42	RESP=2
6010535	42	STIM=u
6016854	42	RESP=1
6027585	42	STIM=4
6035005	42	RESP=2
6045014	42	STIM=4
6050181	42	RESP=2
6062048	42	STIM=i
6067074	42	RESP=1
6080856	42	STIM=j
6085523	42	RESP=2
6095972	42	STIM=f
6104378	42	RESP=2
6114534	42	STIM=k
6121091	42	RESP=2
6132181	42	STIM=j
6135392	42	RESP=1
6147667	42	STIM=j
6152566	42	RESP=1
6164461	42	STIM=p
6170211	42	RESP=1
6182825	42	STIM=2
6190102	42	RESP=2
6200031	42	STIM=u
6208647	42	RESP=2
6216923	42	STIM=c
6222273	42	RESP=1
6235769	42	STIM=t
6246337	42	RESP=1
6250998	42	STIM=z
6255997	42	RESP=1
6267625	42	STIM=w
6271298	42	RESP=1
6286184	42	STIM=e
6292015	42	RESP=1
6304158	42	STIM=s
6308189	42	RESP=1
6323024	42	STIM=i
6329158	42	RESP=1
6339256	42	STIM=8
6343509	42	RESP=2
6354444	42	STIM=0
6362526	42	RESP=2
6371260	42	STIM=2
6377759	42	RESP=2
6389365	42	STIM=v
6395204	42	RESP=1
6404804	42	STIM=m
6413263	42	RESP=2
6423347	42	STIM=w
6428859	42	RESP=1
6440307	42	STIM=j
6446221	42	RESP=1
6456700	42	STIM=8
6462080	42	RESP=2
6472443	42	STIM=u
6475884	42	RESP=1
6490309	42	STIM=n
6493191	42	RESP=1
6506049	42	STIM=t
6518310	42	RESP=1
6522297	42	STIM=d
6526465	42	RESP=1
6539618	42	STIM=m
6548270	42	RESP=1
6556849	42	STIM=m
6559499	42	RESP=1
6572936	42	STIM=f
6579931	42	RESP=1
6590894	42	STIM=r
6601691	42	RESP=1
6608111	42	STIM=m
6612381	42	RESP=1
6624080	42	STIM=r
6630292	42	RESP=1
6641291	42	STIM=v
6646960	42	RESP=1
6656798	42	STIM=p
6659872	42	RESP=1
6674095	42	STIM=p
6680415	42	RESP=1
6691784	42	STIM=j
6697102	42	RESP=1
6706791	42	STIM=8
6713657	42	RESP=2
6722828	42	STIM=k
6729379	42	RESP=1
6741653	42	STIM=g
6747109	42	RESP=2
6760018	42	STIM=n
6765679	42	RESP=1
6778407	42	STIM=1
6785003	42	RESP=1
6797385	42	STIM=o
6801745	42	RESP=1
6813977	42	STIM=p
6818419	42	RESP=1
6830962	42	STIM=y
6833660	42	RESP=1
6848348	42	STIM=f
6851906	42	RESP=1
6865103	42	STIM=a
6868832	42	RESP=1
6882756	42	STIM=j
6886825	42	RESP=1
6898161	42	STIM=n
6903598	42	RESP=1
6915939	42	STIM=l
6921966	42	RESP=1
6934432	42	STIM=i
6939969	42	RESP=1
6950779	42	STIM=v
6955788	42	RESP=1
6967013	42	STIM=1
6977175	42	RESP=2
6982032	42	STIM=o
6986068	42	RESP=1
6997639	42	STIM=d
7002835	42	RESP=1
7016071	42	STIM=f
7022353	42	RESP=1
7032511	42	STIM=9
7037400	42	RESP=2
7051172	42	STIM=h
7060400	42	RESP=1
7067482	42	STIM=m
7071577	42	RESP=2
7086327	42	STIM=5
7093211	42	RESP=2
7105267	42	STIM=6
7109512	42	RESP=2
7121772	42	STIM=v
7127884	42	RESP=1
7140680	42	STIM=i
7145422	42	RESP=1
7157119	42	STIM=t
7162020	42	RESP=1
7172624	42	STIM=k
7179240	42	RESP=1
7190766	42	STIM=a
7195903	42	RESP=1
7209181	42	STIM=e
7213420	42	RESP=1
7227866	42	STIM=z
7231136	42	RESP=1
7245738	42	STIM=g
7255881	42	RESP=1
7260815	42	STIM=e
7268442	42	RESP=1
7279153	42	STIM=y
7282192	42	RESP=1
7294319	42	STIM=v
7301962	42	RESP=1
7311819	42	STIM=w
7317030	42	RESP=1
7330180	42	STIM=v
7335448	42	RESP=1
7347826	42	STIM=f
7353187	42	RESP=1
7366392	42	STIM=h
7370777	42	RESP=1
7384825	42	STIM=b
7390982	42	RESP=1
7400483	42	STIM=r
7408468	42	RESP=1
7417597	42	STIM=a
7424275	42	RESP=1
7435425	42	STIM=y
7439601	42	RESP=1
7452058	42	STIM=r
7455001	42	RESP=1
7469839	42	STIM=j
7475872	42	RESP=1
7488617	42	STIM=e
7496232	42	RESP=1
7505010	42	STIM=s
7512648	42	RESP=1
7521083	42	STIM=f
7525652	42	RESP=1
7539576	42	STIM=y
7548123	42	RESP=1
7556901	42	STIM=0
7562511	42	RESP=2
7574334	42	STIM=d
7580103	42	RESP=1
7591033	42	STIM=g
7594746	42	RESP=1
7608546	42	STIM=t
7616824	42	RESP=1
7623856	42	STIM=7
7631448	42	RESP=2
7642263	42	STIM=z
7646412	42	RESP=1
7658126	42	STIM=f
7662169	42	RESP=1
7673150	42	STIM=w
7679806	42	RESP=1
7688905	42	STIM=1
7693749	42	RESP=2
7707073	42	STIM=a
7713531	42	RESP=1
7722692	42	STIM=s
7728627	42	RESP=1
7738823	42	STIM=w
7747308	42	RESP=1
7754385	42	STIM=k
7757771	42	RESP=2
7772314	42	STIM=w
7777362	42	RESP=2
7787949	42	STIM=5
7793127	42	RESP=2
7806264	42	STIM=v
7809312	42	RESP=1
7824112	42	STIM=z
7831489	42	RESP=1
7839422	42	STIM=h
7842617	42	RESP=1
7854726	42	STIM=j
7860338	42	RESP=2
7870709	42	STIM=c
7878510	42	RESP=1
7888311	42	STIM=k
7894118	42	RESP=1
7906481	42	STIM=1
7916461	42	RESP=2
7922802	42	STIM=1
7931245	42	RESP=2
7938590	42	STIM=a
7941797	42	RESP=1
7957371	42	STIM=d
7964540	42	RESP=1
7972578	42	STIM=n
7976317	42	RESP=1
7990741	42	STIM=h
7995498	42	RESP=1
8009477	42	STIM=a
8014482	42	RESP=1
8025789	42	STIM=p
8032423	42	RESP=1
8041382	42	STIM=u
8047717	42	RESP=1
8060327	42	STIM=a
8065887	42	RESP=1
8079219	42	STIM=2
8084942	42	RESP=2
8097834	42	STIM=i
8104755	42	RESP=1
8116604	42	STIM=a
8121255	42	RESP=1
8135052	42	STIM=d
8145666	42	RESP=1
8150138	42	STIM=e
8157083	42	RESP=1
8167004	42	STIM=l
8172028	42	RESP=1
8185142	42	STIM=n
8192495	42	RESP=1
8203431	42	STIM=z
8208145	42	RESP=1
8221500	42	STIM=l
8228568	42	RESP=1
8239354	42	STIM=v
8243170	42	RESP=1
8257790	42	STIM=w
8260343	42	RESP=1
8274637	42	STIM=9
8280326	42	RESP=2
8290933	42	STIM=w
8293573	42	RESP=1
8307895	42	STIM=b
8314472	42	RESP=1
8323003	42	STIM=u
8327544	42	RESP=1
8339148	42	STIM=v
8342508	42	RESP=1
8357270	42	STIM=n
8359963	42	RESP=1
8375041	42	STIM=x
8379668	42	RESP=1
8393307	42	STIM=g
8398272	42	RESP=1
8409640	42	STIM=p
8416522	42	RESP=1
8426241	42	STIM=y
8431122	42	RESP=1
8442079	42	STIM=s
8449444	42	RESP=1
8460769	42	STIM=b
8469786	42	RESP=1
8479147	42	STIM=o
8483144	42	RESP=1
8495200	42	STIM=a
8499054	42	RESP=1
8512016	42	STIM=4
8520083	42	RESP=2
8528638	42	STIM=p
8534048	42	RESP=1
8547225	42	STIM=s
8557174	42	RESP=1
8564494	42	STIM=q
8569935	42	RESP=1
8581376	42	STIM=h
8592972	42	RESP=2
8597135	42	STIM=o
8603967	42	RESP=1
8614797	42	STIM=3
8622669	42	RESP=2
8632832	42	STIM=r
8638685	42	RESP=1
8649849	42	STIM=c
8653416	42	RESP=1
8667291	42	STIM=f
8673010	42	RESP=1
8685083	42	STIM=o
8688031	42	RESP=1
8702124	42	STIM=y
8705891	42	RESP=1
8720433	42	STIM=n
8730587	42	RESP=1
8735697	42	STIM=w
8739723	42	RESP=1
8753937	42	STIM=b
8759199	42	RESP=1
8772757	42	STIM=g
8781047	42	RESP=1
8791443	42	STIM=1
8801473	42	RESP=2
8808636	42	STIM=n
8811748	42	RESP=1
8825021	42	STIM=i
8829145	42	RESP=1
8842990	42	STIM=7
8855442	42	RESP=1
8860501	42	STIM=b
8864899	42	RESP=1
8878628	42	STIM=v
8883536	42	RESP=1
8895555	42	STIM=4
8901075	42	RESP=2
8912231	42	STIM=t
8922387	42	RESP=1
8929748	42	STIM=v
8935559	42	RESP=1
8948151	42	STIM=q
8955206	42	RESP=1
8963167	42	STIM=w
8968083	42	RESP=1
8981416	42	STIM=b
8987426	42	RESP=1
8997652	42	STIM=p
9002470	42	RESP=1
9012791	42	STIM=j
9018036	42	RESP=1
9030898	42	STIM=h
9037698	42	RESP=1
9047360	42	STIM=h
9056969	42	RESP=1
9064314	42	STIM=0
9070085	42	RESP=1
9080411	42	STIM=a
9085356	42	RESP=1
9096480	42	STIM=x
9101990	42	RESP=2
9114387	42	STIM=3
9118534	42	RESP=2
9132116	42	STIM=n
9139753	42	RESP=1
9150678	42	STIM=t
9155709	42	RESP=1
9166408	42	STIM=8
9178298	42	RESP=2
9184534	42	STIM=f
9188145	42	RESP=1
9199801	42	STIM=b
9206011	42	RESP=1
9216963	42	STIM=m
9223268	42	RESP=2
9232960	42	STIM=d
9236716	42	RESP=1
9249128	42	STIM=3
9256518	42	RESP=2
9267908	42	STIM=n
9272956	42	RESP=1
9286809	42	STIM=o
9291863	42	RESP=1
9302923	42	STIM=m
9308098	42	RESP=1
9321656	42	STIM=w
9328811	42	RESP=1
9339873	42	STIM=z
9343022	42	RESP=1
9354980	42	STIM=n
9358929	42	RESP=1
9371262	42	STIM=d
9375518	42	RESP=1
9386288	42	STIM=x
9389554	42	RESP=1
9402745	42	STIM=r
9407525	42	RESP=1
9419354	42	STIM=o
9425410	42	RESP=1
9434507	42	STIM=o
9442565	42	RESP=1
9452960	42	STIM=4
9458681	42	RESP=2
9470643	42	STIM=k
9473966	42	RESP=1
9486579	42	STIM=q
9496896	42	RESP=1
9503843	42	STIM=j
9508731	42	RESP=1
9520600	42	STIM=v
9525711	42	RESP=1
9539435	42	STIM=1
9544936	42	RESP=2
9557905	42	STIM=v
9563588	42	RESP=1
9576012	42	STIM=p
9579276	42	RESP=1
9593418	42	STIM=h
9600649	42	RESP=1
9609506	42	STIM=5
9614877	42	RESP=2
9627599	42	STIM=t
9631988	42	RESP=1
9644696	42	STIM=q
9650198	42	RESP=1
9661729	42	STIM=a
9671238	42	RESP=1
9680236	42	STIM=n
9684573	42	RESP=1
9695794	42	STIM=b
9700635	42	RESP=1
9712889	42	STIM=0
9717511	42	RESP=2
9730788	42	STIM=e
9734600	42	RESP=1
9749528	42	STIM=y
9752521	42	RESP=1
9765777	42	STIM=i
9770784	42	RESP=1
9781390	42	STIM=7
9787057	42	RESP=2
9799924	42	STIM=u
9807536	42	RESP=1
9817882	42	STIM=z
9825269	42	RESP=1
9836546	42	STIM=k
9842098	42	RESP=1
9853884	42	STIM=w
9857923	42	RESP=1
9870204	42	STIM=2
9876412	42	RESP=2
9888094	42	STIM=3
9895268	42	RESP=2
9903708	42	STIM=d
9907080	42	RESP=1
9921698	42	STIM=j
9925629	42	RESP=1
9939751	42	STIM=x
9946711	42	RESP=1
9956715	42	STIM=k
9961016	42	RESP=1
9973445	42	STIM=p
9982297	42	RESP=1
9991976	42	STIM=j
9995391	42	RESP=1
10010438	42	STIM=i
10016730	42	RESP=1
10027325	42	STIM=k
10033533	42	RESP=1
10046127	42	STIM=l
10049800	42	RESP=1
10064000	42	STIM=p
10067951	42	RESP=1
10081870	42	STIM=l
10086705	42	RESP=1
10097050	42	STIM=p
10103981	42	RESP=1
10112246	42	STIM=2
10122099	42	RESP=2
10128114	42	STIM=i
10132722	42	RESP=1
10146979	42	STIM=o
10151799	42	RESP=1
10164092	42	STIM=1
10168845	42	RESP=2
10179925	42	STIM=p
10185028	42	RESP=1
10198913	42	STIM=f
10204690	42	RESP=1
10217563	42	STIM=g
10223962	42	RESP=1
10234611	42	STIM=r
10240413	42	RESP=1
10249901	42	STIM=m
10253641	42	RESP=1
10268596	42	STIM=n
10272342	42	RESP=1
10283652	42	STIM=x
10293817	42	RESP=1
10300634	42	STIM=q
10306905	42	RESP=1
10317503	42	STIM=z
10321110	42	RESP=1
10333088	42	STIM=l
10339237	42	RESP=1
10348586	42	STIM=5
10354748	42	RESP=2
10366754	42	STIM=6
10373112	42	RESP=2
10382383	42	STIM=o
10387142	42	RESP=1
10400083	42	STIM=k
10404385	42	RESP=1
10418126	42	STIM=3
10424777	42	RESP=2
10436713	42	STIM=e
10440082	42	RESP=1
10453132	42	STIM=h
10458472	42	RESP=1
10469313	42	STIM=z
10474144	42	RESP=1
10488160	42	STIM=a
10492267	42	RESP=1
10503804	42	STIM=u
10508794	42	RESP=1
10522543	42	STIM=p
10526619	42	RESP=1
10541477	42	STIM=c
10544637	42	RESP=1
10557903	42	STIM=o
10566132	42	RESP=1
10576311	42	STIM=l
10579909	42	RESP=1
10591882	42	STIM=1
10597246	42	RESP=1
10608622	42	STIM=i
10615184	42	RESP=1
10625153	42	STIM=p
10632257	42	RESP=1
10640629	42	STIM=4
10644963	42	RESP=2
10655963	42	STIM=3
10661557	42	RESP=2
10673975	42	STIM=3
10679711	42	RESP=2
10689935	42	STIM=a
10693645	42	RESP=1
10706798	42	STIM=k
10711227	42	RESP=1
10725369	42	STIM=t
10730279	42	RESP=1
10741637	42	STIM=r
10747213	42	RESP=1
10760206	42	STIM=o
10763405	42	RESP=1
10776602	42	STIM=o
10783671	42	RESP=1
10794411	42	STIM=s
10797936	42	RESP=1
10813010	42	STIM=b
10818293	42	RESP=1
10828078	42	STIM=s
10831981	42	RESP=1
10845831	42	STIM=h
10856481	42	RESP=1
10861017	42	STIM=p
10866520	42	RESP=1
10877393	42	STIM=l
10883459	42	RESP=1
10893519	42	STIM=q
10902796	42	RESP=1
10911986	42	STIM=l
10917300	42	RESP=1
10929262	42	STIM=c
10935744	42	RESP=1
10947110	42	STIM=z
10950875	42	RESP=1
10962173	42	STIM=l
10967637	42	RESP=1
10979856	42	STIM=n
10983726	42	RESP=1
10997008	42	STIM=m
11000995	42	RESP=1
11013601	42	STIM=9
11020993	42	RESP=2
11030707	42	STIM=9
11041182	42	RESP=2
11048879	42	STIM=8
11053778	42	RESP=2
11064858	42	STIM=p
11070974	42	RESP=1
11081149	42	STIM=a
11087792	42	RESP=1
11098023	42	STIM=p
11102542	42	RESP=1
11115730	42	STIM=z
11118704	42	RESP=1
11132574	42	STIM=8
11138396	42	RESP=2
11149904	42	STIM=e
11159938	42	RESP=1
11165575	42	STIM=v
11173496	42	RESP=1
11181595	42	STIM=d
11189093	42	RESP=1
11196987	42	STIM=x
11200802	42	RESP=1
11215262	42	STIM=c
11221390	42	RESP=1
11230753	42	STIM=l
11235083	42	RESP=1
11247649	42	STIM=e
11252759	42	RESP=2
11263913	42	STIM=4
11270686	42	RESP=2
11279426	42	STIM=b
11287016	42	RESP=1
11294831	42	STIM=k
11298573	42	RESP=1
11312359	42	STIM=v
11316160	42	RESP=1
11328457	42	STIM=5
11333768	42	RESP=2
11345675	42	STIM=z
11349948	42	RESP=1
11364143	42	STIM=v
11367789	42	RESP=1
11381514	42	STIM=p
11386275	42	RESP=1
11397639	42	STIM=o
11401129	42	RESP=1
11414774	42	STIM=p
11421071	42	RESP=1
11432599	42	STIM=g
11439611	42	RESP=1
11447835	42	STIM=f
11454206	42	RESP=1
11465473	42	STIM=n
11471380	42	RESP=1
11483286	42	STIM=b
11489780	42	RESP=1
11499295	42	STIM=k
11505612	42	RESP=1
11517592	42	STIM=b
11520564	42	RESP=1
11534717	42	STIM=o
11540490	42	RESP=1
11552709	42	STIM=p
11560139	42	RESP=1
11571294	42	STIM=y
11575398	42	RESP=1
11590180	42	STIM=w
11593441	42	RESP=1
11608635	42	STIM=j
11612672	42	RESP=1
11624710	42	STIM=o
11628683	42	RESP=2
11641285	42	STIM=b
11646050	42	RESP=1
11657514	42	STIM=r
11661994	42	RESP=1
11672590	42	STIM=w
11678834	42	RESP=1
11687917	42	STIM=h
11692119	42	RESP=1
11706209	42	STIM=v
11719495	42	RESP=1
11725017	42	STIM=x
11733406	42	RESP=1
11740490	42	STIM=s
11747804	42	RESP=1
11757487	42	STIM=d
11767096	42	RESP=1
11775455	42	STIM=n
11784116	42	RESP=1
11793975	42	STIM=0
11802975	42	RESP=2
11812400	42	STIM=h
11815514	42	RESP=1
11831375	42	STIM=p
11838323	42	RESP=1
11848039	42	STIM=q
11851759	42	RESP=1
11863658	42	STIM=x
11872695	42	RESP=1
11879883	42	STIM=s
11883938	42	RESP=1
11897057	42	STIM=1
11905022	42	RESP=2
11914521	42	STIM=a
11918749	42	RESP=1
11933501	42	STIM=7
11940808	42	RESP=2
11949369	42	STIM=e
11952303	42	RESP=1
11965636	42	STIM=i
11976405	42	RESP=1
11984119	42	STIM=2
11989608	42	RESP=2
11999696	42	STIM=o
12005197	42	RESP=1
12018220	42	STIM=k
12022506	42	RESP=1
12037160	42	STIM=b
12041476	42	RESP=1
12055273	42	STIM=l
12058014	42	RESP=2
12073637	42	STIM=z
12078879	42	RESP=1
12090813	42	STIM=x
12096196	42	RESP=1
12107054	42	STIM=x
12111608	42	RESP=1
12122922	42	STIM=x
12128233	42	RESP=1
12139367	42	STIM=g
12148436	42	RESP=1
12157947	42	STIM=q
12164091	42	RESP=1
12174851	42	STIM=3
12183448	42	RESP=2
12192828	42	STIM=q
12201902	42	RESP=1
12210934	42	STIM=8
12218275	42	RESP=2
12227944	42	STIM=t
12236275	42	RESP=1
12244203	42	STIM=t
12249213	42	RESP=1
12261538	42	STIM=j
12265611	42	RESP=2
12278238	42	STIM=n
12281578	42	RESP=1
12295088	42	STIM=o
12303819	42	RESP=1
12312423	42	STIM=o
12316154	42	RESP=1
12331174	42	STIM=b
12337307	42	RESP=2
12349664	42	STIM=j
12354932	42	RESP=1
12366950	42	STIM=9
12373644	42	RESP=2
12382244	42	STIM=h
12385881	42	RESP=1
12397394	42	STIM=a
12403174	42	RESP=1
12412809	42	STIM=c
12421463	42	RESP=1
12431365	42	STIM=7
12441128	42	RESP=2
12449985	42	STIM=g
12453820	42	RESP=1
12467520	42	STIM=4
12483319	42	RESP=2
12483428	42	STIM=q
12496012	42	RESP=1
12501634	42	STIM=n
12505029	42	RESP=1
12517906	42	STIM=0
12522989	42	RESP=2
12534051	42	STIM=j
12537089	42	RESP=1
12549567	42	STIM=j
12555032	42	RESP=1
12565447	42	STIM=t
12570507	42	RESP=1
12584357	42	STIM=u
12593602	42	RESP=1
12600082	42	STIM=l
12605943	42	RESP=1
12618337	42	STIM=f
12628923	42	RESP=1
12635295	42	STIM=v
12640609	42	RESP=1
12651696	42	STIM=l
12661580	42	RESP=1
12670183	42	STIM=u
12674588	42	RESP=2
12685220	42	STIM=x
12688275	42	RESP=1
12700883	42	STIM=6
12707588	42	RESP=2
12719123	42	STIM=a
12725547	42	RESP=1
12737630	42	STIM=8
12743319	42	RESP=2
12754665	42	STIM=n
12758676	42	RESP=1
12771948	42	STIM=g
12775020	42	RESP=1
12790817	42	STIM=o
12795144	42	RESP=1
12808084	42	STIM=0
12813907	42	RESP=2
12824470	42	STIM=w
12834688	42	RESP=1
12841673	42	STIM=f
12848001	42	RESP=1
12857938	42	STIM=q
12863715	42	RESP=1
12873300	42	STIM=g
12878859	42	RESP=1
12888687	42	STIM=u
12894097	42	RESP=1
12907168	42	STIM=k
12912609	42	RESP=1
12925476	42	STIM=z
12930986	42	RESP=1
12942171	42	STIM=4
12949379	42	RESP=2
12959668	42	STIM=w
12965870	42	RESP=1
12976384	42	STIM=n
12982042	42	RESP=1
12992520	42	STIM=e
12998292	42	RESP=1
13010726	42	STIM=5
13016009	42	RESP=1
13027734	42	STIM=e
13033410	42	RESP=1
13042998	42	STIM=j
13047428	42	RESP=1
13060970	42	STIM=d
13068868	42	RESP=1
13076414	42	STIM=9
13083688	42	RESP=2
13092521	42	STIM=5
13102162	42	RESP=2
13108945	42	STIM=i
13116308	42	RESP=1
13125733	42	STIM=o
13132168	42	RESP=1
13142006	42	STIM=o
13146041	42	RESP=1
13158651	42	STIM=g
13161918	42	RESP=2
13175008	42	STIM=j
13182239	42	RESP=1
13191088	42	STIM=z
13195599	42	RESP=1
13207046	42	STIM=t
13210392	42	RESP=1
13225227	42	STIM=n
13231063	42	RESP=1
13240323	42	STIM=t
13246092	42	RESP=1
13259185	42	STIM=a
13263760	42	RESP=1
13276566	42	STIM=k
13280908	42	RESP=1
13294167	42	STIM=e
13299974	42	RESP=2
13309796	42	STIM=j
13314015	42	RESP=1
13325351	42	STIM=z
13329448	42	RESP=1
13341187	42	STIM=j
13347780	42	RESP=1
13359061	42	STIM=a
13366675	42	RESP=1
13374648	42	STIM=6
13381082	42	RESP=2
13393266	42	STIM=c
13397283	42	RESP=1
13410184	42	STIM=r
13414207	42	RESP=1
13426547	42	STIM=l
13431703	42	RESP=1
13443594	42	STIM=0
13449908	42	RESP=2
13458872	42	STIM=8
13467247	42	RESP=2
13475376	42	STIM=s
13479055	42	RESP=1
13492165	42	STIM=g
13497628	42	RESP=1
13507827	42	STIM=w
13511867	42	RESP=2
13526541	42	STIM=7
13530589	42	RESP=1
13543839	42	STIM=h
13549910	42	RESP=1
13562139	42	STIM=g
13565823	42	RESP=1
13579959	42	STIM=6
13587924	42	RESP=2
13597706	42	STIM=e
13608404	42	RESP=1
13614104	42	STIM=4
13624056	42	RESP=1
13632164	42	STIM=5
13637522	42	RESP=1
13648022	42	STIM=z
13652342	42	RESP=1
13664546	42	STIM=g
13670711	42	RESP=2
13679846	42	STIM=4
13685383	42	RESP=2
13696606	42	STIM=z
13701961	42	RESP=1
13712464	42	STIM=0
13718674	42	RESP=2
13727540	42	STIM=1
13736398	42	RESP=2
13746286	42	STIM=o
13753677	42	RESP=1
13764307	42	STIM=m
13770077	42	RESP=1
13780383	42	STIM=a
13784725	42	RESP=1
13795942	42	STIM=a
13802110	42	RESP=1
13811037	42	STIM=z
13815271	42	RESP=1
13828540	42	STIM=6
13834817	42	RESP=2
13843739	42	STIM=v
13848344	42	RESP=1
13859138	42	STIM=z
13862955	42	RESP=1
13876907	42	STIM=d
13884857	42	RESP=1
13893290	42	STIM=i
13901419	42	RESP=1
13911349	42	STIM=a
13923679	42	RESP=1
13930279	42	STIM=r
13934184	42	RESP=1
13946714	42	STIM=x
13955766	42	RESP=1
13964594	42	STIM=k
13966992	42	RESP=1
13982108	42	STIM=r
13987451	42	RESP=1
14000637	42	STIM=i
14006074	42	RESP=1
14016401	42	STIM=l
14021761	42	RESP=1
14032980	42	STIM=q
14041534	42	RESP=1
14049194	42	STIM=h
14055467	42	RESP=1
14066668	42	STIM=c
14070492	42	RESP=1
14083329	42	STIM=u
14090276	42	RESP=1
14101944	42	STIM=9
14112265	42	RESP=2
14118770	42	STIM=d
14122921	42	RESP=1
14137372	42	STIM=q
14144802	42	RESP=1
14154738	42	STIM=1
14164627	42	RESP=2
14171646	42	STIM=t
14175695	42	RESP=1
14188360	42	STIM=j
14193242	42	RESP=1
14205333	42	STIM=c
14208524	42	RESP=1
14221890	42	STIM=t
14233093	42	RESP=1
14238462	42	STIM=b
14245888	42	RESP=1
14255979	42	STIM=q
14261158	42	RESP=1
14272457	42	STIM=x
14276553	42	RESP=1
14288142	42	STIM=j
14292525	42	RESP=1
14304036	42	STIM=6
14315111	42	RESP=2
14322382	42	STIM=r
14330997	42	RESP=1
14337635	42	STIM=t
14343497	42	RESP=1
14356560	42	STIM=i
14360872	42	RESP=1
14371726	42	STIM=h
14376596	42	RESP=1
14388297	42	STIM=x
14392990	42	RESP=2
14405229	42	STIM=v
14411410	42	RESP=1
14424177	42	STIM=j
14432695	42	RESP=1
14442252	42	STIM=1
14450601	42	RESP=1
14458611	42	STIM=1
14465246	42	RESP=2
14474315	42	STIM=b
14480131	42	RESP=1
14491047	42	STIM=n
14496200	42	RESP=1
14508069	42	STIM=4
14514398	42	RESP=2
14524027	42	STIM=p
14533538	42	RESP=1
14539700	42	STIM=h
14543528	42	RESP=1
14557148	42	STIM=g
14564407	42	RESP=1
14573073	42	STIM=q
14576641	42	RESP=1
14591509	42	STIM=4
14598448	42	RESP=2
14608409	42	STIM=g
14612568	42	RESP=1
14624872	42	STIM=n
14628824	42	RESP=1
14640092	42	STIM=i
14643635	42	RESP=1
14656349	42	STIM=c
14660847	42	RESP=1
14674947	42	STIM=d
14684261	42	RESP=1
14690948	42	STIM=h
14694926	42	RESP=1
14707633	42	STIM=g
14714799	42	RESP=1
14724036	42	STIM=g
14730535	42	RESP=1
14742609	42	STIM=j
14750155	42	RESP=1
14761160	42	STIM=j
14764495	42	RESP=1
14776528	42	STIM=w
14781075	42	RESP=1
14792202	42	STIM=g
14797454	42	RESP=1
14810783	42	STIM=p
14814258	42	RESP=1
14826149	42	STIM=5
14834038	42	RESP=2
14844585	42	STIM=y
14850041	42	RESP=1
14863395	42	STIM=a
14866995	42	RESP=1
14880217	42	STIM=b
14885428	42	RESP=1
14897930	42	STIM=n
14901145	42	RESP=1
14914908	42	STIM=v
14918889	42	RESP=1
14930700	42	STIM=f
14937478	42	RESP=1
14946718	42	STIM=7
14952654	42	RESP=2
14965375	42	STIM=8
14972370	42	RESP=2
14982452	42	STIM=g
14986492	42	RESP=1
14998642	42	STIM=0
15007046	42	RESP=2
15014853	42	STIM=1
15022492	42	RESP=2
15031310	42	STIM=e
15034916	42	RESP=1
15047410	42	STIM=o
15053378	42	RESP=1
15062561	42	STIM=n
15066893	42	RESP=1
15077830	42	STIM=3
15083545	42	RESP=2
15093594	42	STIM=9
15098685	42	RESP=2
15110393	42	STIM=f
15114269	42	RESP=1
15125926	42	STIM=e
15131440	42	RESP=1
15141253	42	STIM=j
15144854	42	RESP=1
15159347	42	STIM=1
15166645	42	RESP=2
15178035	42	STIM=r
15185594	42	RESP=1
15193973	42	STIM=v
15198787	42	RESP=1
15212354	42	STIM=j
15218790	42	RESP=1
15231315	42	STIM=q
15234931	42	RESP=1
15246466	42	STIM=o
15250110	42	RESP=1
15261853	42	STIM=1
15267756	42	RESP=2
15277708	42	STIM=v
15281296	42	RESP=1
15295578	42	STIM=4
15299321	42	RESP=2
15311291	42	STIM=4
15320895	42	RESP=2
15329928	42	STIM=a
15335409	42	RESP=1
15346220	42	STIM=j
15352758	42	RESP=2
15361773	42	STIM=z
15369461	42	RESP=1
15380141	42	STIM=8
15388222	42	RESP=2
15395221	42	STIM=5
15401272	42	RESP=2
15413318	42	STIM=9
15418394	42	RESP=2
15430878	42	STIM=p
15434504	42	RESP=1
15446492	42	STIM=r
15450127	42	RESP=1
15464805	42	STIM=f
15473929	42	RESP=1
15480955	42	STIM=j
15490277	42	RESP=1
15498049	42	STIM=o
15503029	42	RESP=1
15513680	42	STIM=i
15523359	42	RESP=1
15529911	42	STIM=8
15535263	42	RESP=2
15547509	42	STIM=r
15550836	42	RESP=1
15564996	42	STIM=f
15571807	42	RESP=1
15583959	42	STIM=g
15589956	42	RESP=1
15601324	42	STIM=v
15607630	42	RESP=1
15616330	42	STIM=v
15622209	42	RESP=1
15631522	42	STIM=u
15638168	42	RESP=1
15648790	42	STIM=8
15664950	42	RESP=2
15665154	42	STIM=j
15669896	42	RESP=1
15682742	42	STIM=1
15693982	42	RESP=1
15698546	42	STIM=o
15707452	42	RESP=1
15715388	42	STIM=o
15722714	42	RESP=1
15734321	42	STIM=c
15738239	42	RESP=1
15750127	42	STIM=n
15754284	42	RESP=1
15769049	42	STIM=8
15774340	42	RESP=1
15784496	42	STIM=w
15789512	42	RESP=2
15802172	42	STIM=k
15806110	42	RESP=1
15817798	42	STIM=r
15823673	42	RESP=1
15833026	42	STIM=l
15839924	42	RESP=1
15848738	42	STIM=t
15852108	42	RESP=1
15864556	42	STIM=1
15869474	42	RESP=2
15879838	42	STIM=d
15892640	42	RESP=1
15895297	42	STIM=g
15899994	42	RESP=1
15912630	42	STIM=r
15924112	42	RESP=1
15927745	42	STIM=q
15932072	42	RESP=1
15946337	42	STIM=d
15949197	42	RESP=1
15961568	42	STIM=n
15965606	42	RESP=1
15978875	42	STIM=3
15983162	42	RESP=1
15995609	42	STIM=x
16000869	42	RESP=1
16012807	42	STIM=b
16021761	42	RESP=1
16031023	42	STIM=x
16037062	42	RESP=1
16046883	42	STIM=8
16053302	42	RESP=2
16065160	42	STIM=x
16071154	42	RESP=1
16081044	42	STIM=x
16087177	42	RESP=1
16099792	42	STIM=3
16108018	42	RESP=1
16118697	42	STIM=h
16121809	42	RESP=1
16135476	42	STIM=1
16143952	42	RESP=2
16153315	42	STIM=m
16160078	42	RESP=1
16169326	42	STIM=n
16174101	42	RESP=1
16188235	42	STIM=k
16191367	42	RESP=1
16205974	42	STIM=t
16212493	42	RESP=1
16222442	42	STIM=x
16229332	42	RESP=1
16240418	42	STIM=x
16247070	42	RESP=1
16257145	42	STIM=g
16260971	42	RESP=1
16273460	42	STIM=j
16282770	42	RESP=2
16290422	42	STIM=y
16296997	42	RESP=1
16306174	42	STIM=h
16313297	42	RESP=1
16324522	42	STIM=m
16329471	42	RESP=1
16343269	42	STIM=o
16349849	42	RESP=1
16359691	42	STIM=q
16366399	42	RESP=1
16375681	42	STIM=c
16382711	42	RESP=1
16394595	42	STIM=7
16400393	42	RESP=1
16409789	42	STIM=0
16414229	42	RESP=2
16428436	42	STIM=c
16435067	42	RESP=1
16444830	42	STIM=3
16450642	42	RESP=2
16462569	42	STIM=x
16466761	42	RESP=1
16479464	42	STIM=z
16484717	42	RESP=1
16497294	42	STIM=h
16507358	42	RESP=1
16515745	42	STIM=k
16520902	42	RESP=1
16531175	42	STIM=o
16534533	42	RESP=1
16548908	42	STIM=i
16553969	42	RESP=1
16567716	42	STIM=3
16573541	42	RESP=2
16586381	42	STIM=k
16593333	42	RESP=1
16601680	42	STIM=j
16607256	42	RESP=1
16617822	42	STIM=2
16624295	42	RESP=2
16636564	42	STIM=x
16640071	42	RESP=1
16653702	42	STIM=v
16662479	42	RESP=2
16671880	42	STIM=4
16676871	42	RESP=2
16690011	42	STIM=3
16695716	42	RESP=2
16705280	42	STIM=q
16710818	42	RESP=1
16721878	42	STIM=2
16728517	42	RESP=2
16737341	42	STIM=f
16747376	42	RESP=1
16754735	42	STIM=e
16765473	42	RESP=1
16773077	42	STIM=r
16778158	42	RESP=1
16791425	42	STIM=l
16798782	42	RESP=1
16808142	42	STIM=r
16816988	42	RESP=1
16825232	42	STIM=v
16830255	42	RESP=1
16840561	42	STIM=j
16848639	42	RESP=1
16855812	42	STIM=x
16863319	42	RESP=1
16871468	42	STIM=x
16880208	42	RESP=1
16889641	42	STIM=i
16898055	42	RESP=1
16905277	42	STIM=5
16910095	42	RESP=2
16922890	42	STIM=a
16925580	42	RESP=1
16941626	42	STIM=a
16948575	42	RESP=1
16959983	42	STIM=w
16963002	42	RESP=1
16976028	42	STIM=1
16982093	42	RESP=2
16991107	42	STIM=d
16994034	42	RESP=2
17007025	42	STIM=9
17014796	42	RESP=2
17022869	42	STIM=2
17031474	42	RESP=2
17041151	42	STIM=z
17050075	42	RESP=1
17058730	42	STIM=j
17064104	42	RESP=1
17076585	42	STIM=6
17080447	42	RESP=2
17093319	42	STIM=k
17097956	42	RESP=1
17111068	42	STIM=8
17115628	42	RESP=2
17126566	42	STIM=a
17133799	42	RESP=2
17144465	42	STIM=o
17147278	42	RESP=1
17161597	42	STIM=e
17167280	42	RESP=1
17178509	42	STIM=8
17187066	42	RESP=2
17195720	42	STIM=i
17203312	42	RESP=1
17214003	42	STIM=o
17218593	42	RESP=1
17231685	42	STIM=n
17236893	42	RESP=1
17249944	42	STIM=w
17254104	42	RESP=1
17268185	42	STIM=z
17279121	42	RESP=1
17286016	42	STIM=5
17292360	42	RESP=1
17304413	42	STIM=b
17310488	42	RESP=1
17323290	42	STIM=u
17331439	42	RESP=1
17340167	42	STIM=o
17343476	42	RESP=1
17358177	42	STIM=p
17361482	42	RESP=2
17374708	42	STIM=w
17383191	42	RESP=1
17390415	42	STIM=f
17397047	42	RESP=1
17405656	42	STIM=i
17411959	42	RESP=1
17423950	42	STIM=r
17428901	42	RESP=2
17441438	42	STIM=3
17445033	42	RESP=2
17459413	42	STIM=b
17463239	42	RESP=1
17477547	42	STIM=d
17484022	42	RESP=1
17493983	42	STIM=q
17498478	42	RESP=1
17511897	42	STIM=r
17518626	42	RESP=1
17529977	42	STIM=6
17534306	42	RESP=1
17548794	42	STIM=z
17551316	42	RESP=1
17566636	42	STIM=h
17575787	42	RESP=1
17582188	42	STIM=w
17589619	42	RESP=1
17600325	42	STIM=n
17608010	42	RESP=1
17618131	42	STIM=n
17623952	42	RESP=1
17633580	42	STIM=u
17637415	42	RESP=1
17650808	42	STIM=n
17659037	42	RESP=1
17667375	42	STIM=u
17670707	42	RESP=1
17683765	42	STIM=w
17690109	42	RESP=1
17699810	42	STIM=6
17705452	42	RESP=2
17717946	42	STIM=h
17722060	42	RESP=1
17736619	42	STIM=e
17742490	42	RESP=1
17753272	42	STIM=y
17761068	42	RESP=1
17770795	42	STIM=e
17773876	42	RESP=1
17787634	42	STIM=0
17793408	42	RESP=1
17806118	42	STIM=t
17809110	42	RESP=1
17821200	42	STIM=o
17825037	42	RESP=1
17837986	42	STIM=9
17843757	42	RESP=1
17855917	42	STIM=i
17859594	42	RESP=1
17871923	42	STIM=r
17876119	42	RESP=1
17890149	42	STIM=y
17896818	42	RESP=1
17907740	42	STIM=f
17912285	42	RESP=1
17924443	42	STIM=r
17929019	42	RESP=1
17942884	42	STIM=i
17948669	42	RESP=1
17959657	42	STIM=z
17963784	42	RESP=1
17977336	42	STIM=7
17982687	42	RESP=2
17995062	42	STIM=b
17998866	42	RESP=1
18011072	42	STIM=l
18018369	42	RESP=1
18026774	42	STIM=4
18034133	42	RESP=2
18044498	42	STIM=8
18049826	42	RESP=2
18061232	42	STIM=p
18071664	42	RESP=1
18076307	42	STIM=l
18082189	42	RESP=1
18094959	42	STIM=0
18100067	42	RESP=2
18109995	42	STIM=n
18115388	42	RESP=1
18125217	42	STIM=e
18133881	42	RESP=1
18142060	42	STIM=n
18150029	42	RESP=1
18160108	42	STIM=a
18164067	42	RESP=1
18176521	42	STIM=2
18181635	42	RESP=2
18193872	42	STIM=6
18199015	42	RESP=2
18209622	42	STIM=t
18214944	42	RESP=1
18226863	42	STIM=e
18231156	42	RESP=1
18244165	42	STIM=1
18254741	42	RESP=2
18261583	42	STIM=k
18266622	42	RESP=1
18276596	42	STIM=e
18279619	42	RESP=1
18294999	42	STIM=l
18299369	42	RESP=1
18312307	42	STIM=7
18318908	42	RESP=2
18329891	42	STIM=e
18336035	42	RESP=1
18346559	42	STIM=6
18353123	42	RESP=1
18361926	42	STIM=x
18367814	42	RESP=1
18376995	42	STIM=y
18384733	42	RESP=1
18395801	42	STIM=0
18400342	42	RESP=2
18414024	42	STIM=h
18420386	42	RESP=1
18430729	42	STIM=t
18434437	42	RESP=1
18447982	42	STIM=m
18451854	42	RESP=1
18466927	42	STIM=p
18472545	42	RESP=1
18483945	42	STIM=t
18489293	42	RESP=1
18502446	42	STIM=m
18506813	42	RESP=1
18520998	42	STIM=e
18526681	42	RESP=2
18538022	42	STIM=0
18542548	42	RESP=2
18553681	42	STIM=i
18556683	42	RESP=2
18570292	42	STIM=m
18581434	42	RESP=1
18585347	42	STIM=x
18591406	42	RESP=2
18603584	42	STIM=o
18610847	42	RESP=1
18620126	42	STIM=4
18625166	42	RESP=2
18637080	42	STIM=3
18641485	42	RESP=2
18655702	42	STIM=a
18663237	42	RESP=1
18673510	42	STIM=n
18677102	42	RESP=1
18690953	42	STIM=h
18697287	42	RESP=1
18706108	42	STIM=q
18708994	42	RESP=1
18722139	42	STIM=5
18727861	42	RESP=2
18741077	42	STIM=q
18744836	42	RESP=1
18757949	42	STIM=y
18761482	42	RESP=1
18776096	42	STIM=p
18781658	42	RESP=1
18792307	42	STIM=k
18797893	42	RESP=1
18810875	42	STIM=j
18817625	42	RESP=1
18829225	42	STIM=d
18836488	42	RESP=1
18847841	42	STIM=m
18854170	42	RESP=1
18866379	42	STIM=9
18872717	42	RESP=2
18881563	42	STIM=t
18885507	42	RESP=1
18896798	42	STIM=c
18903595	42	RESP=1
18914991	42	STIM=w
18924500	42	RESP=1
18931638	42	STIM=s
18936256	42	RESP=1
18948711	42	STIM=v
18955901	42	RESP=1
18963957	42	STIM=3
18973969	42	RESP=2
18980137	42	STIM=b
18987255	42	RESP=1
18995182	42	STIM=q
19003288	42	RESP=1
19012778	42	STIM=b
19015544	42	RESP=1
19031230	42	STIM=r
19041248	42	RESP=1
19047901	42	STIM=i
19056994	42	RESP=1
19063400	42	STIM=z
19068448	42	RESP=1
19079626	42	STIM=k
19084591	42	RESP=1
19096975	42	STIM=0
19104225	42	RESP=2
19114935	42	STIM=y
19123261	42	RESP=1
19133563	42	STIM=g
19138456	42	RESP=1
19152237	42	STIM=d
19155898	42	RESP=1
19169551	42	STIM=6
19175092	42	RESP=2
19185202	42	STIM=a
19189188	42	RESP=2
19203263	42	STIM=x
19206444	42	RESP=1
19220091	42	STIM=r
19223809	42	RESP=1
19236086	42	STIM=f
19242032	42	RESP=1
19251358	42	STIM=9
19259100	42	RESP=2
19267312	42	STIM=b
19271046	42	RESP=1
19282422	42	STIM=f
19286594	42	RESP=2
19297948	42	STIM=p
19306449	42	RESP=1
19314785	42	STIM=f
19326725	42	RESP=1
19330491	42	STIM=f
19334117	42	RESP=1
19349263	42	STIM=3
19354285	42	RESP=2
19367139	42	STIM=s
19370247	42	RESP=1
19383447	42	STIM=m
19386510	42	RESP=1
19401731	42	STIM=9
19409159	42	RESP=2
19420039	42	STIM=w
19423492	42	RESP=1
19436457	42	STIM=i
19439629	42	RESP=1
19451780	42	STIM=3
19456843	42	RESP=2
19466938	42	STIM=8
19473252	42	RESP=2
19483841	42	STIM=d
19493367	42	RESP=1
19499683	42	STIM=a
19503481	42	RESP=1
19517161	42	STIM=o
19523968	42	RESP=1
19532480	42	STIM=b
19538460	42	RESP=1
19548342	42	STIM=u
19552836	42	RESP=1
19567046	42	STIM=4
19572255	42	RESP=2
19583111	42	STIM=7
19590537	42	RESP=2
19598552	42	STIM=c
19606662	42	RESP=1
19614587	42	STIM=u
19620761	42	RESP=1
19632084	42	STIM=c
19639956	42	RESP=1
19648498	42	STIM=y
19657225	42	RESP=1
19665499	42	STIM=i
19670792	42	RESP=1
19682313	42	STIM=d
19691613	42	RESP=1
19701038	42	STIM=b
19708152	42	RESP=1
19717109	42	STIM=w
19722006	42	RESP=1
19733079	42	STIM=n
19740213	42	RESP=1
19749704	42	STIM=r
19756288	42	RESP=1
19765663	42	STIM=e
19770225	42	RESP=1
19783818	42	STIM=k
19789334	42	RESP=1
19799681	42	STIM=y
19806617	42	RESP=1
19816224	42	STIM=f
19825567	42	RESP=1
19832812	42	STIM=u
19841133	42	RESP=1
19849879	42	STIM=y
19854374	42	RESP=1
19866363	42	STIM=f
19872888	42	RESP=1
19883785	42	STIM=n
19889009	42	RESP=1
19900721	42	STIM=k
19905816	42	RESP=1
19918580	42	STIM=r
19926029	42	RESP=1
19935583	42	STIM=p
19941845	42	RESP=1
19952211	42	STIM=j
19957238	42	RESP=1
19969907	42	STIM=o
19974667	42	RESP=1
19987481	42	STIM=k
19996832	42	RESP=1
20003100	42	STIM=z
20007211	42	RESP=1
20018664	42	STIM=n
20023518	42	RESP=1
20035227	42	STIM=x
20039529	42	RESP=1
20052678	42	STIM=h
20060579	42	RESP=1
20069211	42	STIM=e
20074239	42	RESP=1
20085192	42	STIM=f
20088507	42	RESP=1
20100599	42	STIM=3
20107869	42	RESP=2
20118884	42	STIM=7
20124062	42	RESP=1
20136000	42	STIM=f
20140994	42	RESP=1
20154179	42	STIM=1
20163771	42	RESP=2
20171391	42	STIM=n
20180969	42	RESP=1
20189130	42	STIM=a
20191829	42	RESP=1
20206184	42	STIM=i
20214300	42	RESP=1
20222305	42	STIM=9
20228674	42	RESP=2
20237400	42	STIM=m
20240348	42	RESP=1
20252505	42	STIM=a
20257211	42	RESP=1
20270897	42	STIM=u
20275174	42	RESP=1
20288186	42	STIM=q
20292797	42	RESP=1
20304419	42	STIM=w
20307735	42	RESP=1
20319757	42	STIM=h
20323161	42	RESP=1
20337509	42	STIM=i
20347096	42	RESP=2
20352667	42	STIM=i
20359429	42	RESP=1
20369086	42	STIM=f
20374546	42	RESP=1
20386179	42	STIM=c
20392518	42	RESP=1
20403412	42	STIM=u
20407204	42	RESP=1
20420622	42	STIM=o
20433802	42	RESP=1
20438487	42	STIM=a
20443882	42	RESP=1
20456249	42	STIM=b
20459912	42	RESP=1
20472456	42	STIM=0
20481741	42	RESP=1
20487560	42	STIM=g
20493841	42	RESP=1
20504715	42	STIM=f
20512314	42	RESP=1
20522039	42	STIM=v
20526138	42	RESP=1
20537343	42	STIM=w
20541346	42	RESP=1
20552969	42	STIM=d
20558727	42	RESP=1
20571242	42	STIM=8
20579751	42	RESP=2
20589155	42	STIM=o
20596201	42	RESP=1
20606596	42	STIM=e
20611979	42	RESP=1
20623506	42	STIM=c
20634778	42	RESP=1
20641423	42	STIM=0
20646994	42	RESP=2
20660322	42	STIM=m
20665556	42	RESP=1
20675455	42	STIM=o
20683406	42	RESP=1
20691621	42	STIM=0
20696437	42	RESP=2
20708521	42	STIM=v
20711116	42	RESP=1
20727069	42	STIM=x
20731754	42	RESP=1
20743644	42	STIM=o
20746516	42	RESP=1
20760645	42	STIM=b
20765779	42	RESP=1
20776136	42	STIM=e
20784118	42	RESP=1
20793891	42	STIM=w
20800257	42	RESP=1
20811495	42	STIM=w
20814071	42	RESP=2
20826785	42	STIM=a
20831568	42	RESP=1
20844575	42	STIM=8
20851787	42	RESP=2
20860269	42	STIM=r
20870060	42	RESP=1
20878396	42	STIM=t
20882763	42	RESP=1
20894742	42	STIM=h
20900960	42	RESP=1
20910467	42	STIM=6
20918431	42	RESP=2
20928370	42	STIM=b
20934055	42	RESP=1
20945791	42	STIM=c
20949367	42	RESP=1
20962224	42	STIM=i
20965883	42	RESP=1
20977905	42	STIM=k
20986938	42	RESP=1
20994358	42	STIM=o
21006992	42	RESP=1
21013278	42	STIM=4
21021177	42	RESP=2
21030970	42	STIM=3
21037863	42	RESP=2
21046323	42	STIM=6
21053124	42	RESP=2
21064984	42	STIM=8
21070762	42	RESP=2
21080821	42	STIM=c
21089082	42	RESP=1
21098251	42	STIM=0
21104886	42	RESP=2
21116380	42	STIM=a
21120214	42	RESP=1
21133913	42	STIM=m
21139058	42	RESP=1
21150890	42	STIM=o
21156830	42	RESP=1
21166392	42	STIM=e
21175136	42	RESP=1
21184537	42	STIM=v
21190612	42	RESP=1
21200192	42	STIM=l
21204117	42	RESP=1
21218146	42	STIM=l
21222680	42	RESP=1
21236488	42	STIM=j
21239344	42	RESP=1
21253358	42	STIM=f
21259177	42	RESP=1
21269905	42	STIM=i
21276395	42	RESP=1
21286928	42	STIM=2
21297932	42	RESP=2
21305761	42	STIM=4
21312619	42	RESP=2
21320790	42	STIM=o
21323600	42	RESP=1
21336243	42	STIM=f
21343863	42	RESP=2
21351731	42	STIM=0
21357632	42	RESP=2
21369638	42	STIM=t
21378016	42	RESP=1
21387689	42	STIM=m
21394087	42	RESP=1
21405646	42	STIM=p
21409200	42	RESP=1
21422202	42	STIM=j
21426562	42	RESP=1
21440477	42	STIM=u
21444122	42	RESP=1
21458390	42	STIM=9
21463202	42	RESP=2
21476511	42	STIM=k
21481167	42	RESP=1
21495479	42	STIM=5
21501581	42	RESP=2
21512112	42	STIM=d
21515821	42	RESP=1
21528037	42	STIM=1
21536348	42	RESP=2
21544002	42	STIM=b
21549781	42	RESP=1
21559479	42	STIM=u
21571425	42	RESP=1
21577223	42	STIM=0
21583566	42	RESP=2
21593737	42	STIM=b
21598393	42	RESP=1
21612642	42	STIM=7
21618315	42	RESP=2
21630115	42	STIM=e
21636303	42	RESP=1
21645965	42	STIM=z
21650884	42	RESP=1
21661375	42	STIM=3
21666513	42	RESP=1
21677767	42	STIM=g
21683681	42	RESP=1
21696591	42	STIM=1
21704568	42	RESP=2
21714739	42	STIM=y
21720461	42	RESP=1
21730033	42	STIM=c
21736650	42	RESP=2
21748670	42	STIM=z
21755776	42	RESP=1
21764900	42	STIM=p
21770264	42	RESP=1
21782340	42	STIM=o
21787470	42	RESP=1
21798302	42	STIM=k
21804053	42	RESP=1
