# Original filename: 0030_PJY_2017-01-20.log
# Time unit: 100 us
# RARECAT=digit
#
# Time	HHGG	Event
38074	42	STIM=3
42306	42	RESP=1
55129	42	STIM=t
62233	42	RESP=1
71594	42	STIM=z
75079	42	RESP=1
90310	42	STIM=h
95031	42	RESP=1
108329	42	STIM=g
111539	42	RESP=1
125956	42	STIM=d
130476	42	RESP=1
144426	42	STIM=g
147798	42	RESP=1
161399	42	STIM=y
165140	42	RESP=1
178895	42	STIM=f
185353	42	RESP=1
195684	42	STIM=u
199630	42	RESP=1
211879	42	STIM=x
215053	42	RESP=1
227465	42	STIM=n
229813	42	RESP=1
243365	42	STIM=t
247675	42	RESP=1
261522	42	STIM=5
267152	42	RESP=2
279792	42	STIM=7
283518	42	RESP=2
295330	42	STIM=m
300051	42	RESP=1
313181	42	STIM=j
317608	42	RESP=1
331288	42	STIM=g
338420	42	RESP=1
350056	42	STIM=o
357171	42	RESP=1
365282	42	STIM=v
370084	42	RESP=1
380970	42	STIM=b
384950	42	RESP=1
398286	42	STIM=a
401119	42	RESP=1
415958	42	STIM=7
420088	42	RESP=2
434143	42	STIM=k
439185	42	RESP=1
450065	42	STIM=x
456667	42	RESP=1
467527	42	STIM=q
473985	42	RESP=2
486349	42	STIM=b
491663	42	RESP=1
504982	42	STIM=g
512892	42	RESP=1
523374	42	STIM=c
530470	42	RESP=1
538864	42	STIM=f
544282	42	RESP=1
554303	42	STIM=a
557731	42	RESP=1
571288	42	STIM=j
574692	42	RESP=1
587018	42	STIM=d
593414	42	RESP=1
603180	42	STIM=t
608594	42	RESP=1
620210	42	STIM=l
627721	42	RESP=1
635998	42	STIM=8
643338	42	RESP=2
652172	42	STIM=i
657353	42	RESP=1
668626	42	STIM=s
673580	42	RESP=1
686156	42	STIM=b
692068	42	RESP=1
702474	42	STIM=k
705373	42	RESP=1
719201	42	STIM=w
723300	42	RESP=1
736689	42	STIM=z
739353	42	RESP=1
753340	42	STIM=y
758041	42	RESP=1
770343	42	STIM=m
775244	42	RESP=1
785679	42	STIM=s
788757	42	RESP=1
803962	42	STIM=h
809858	42	RESP=1
819375	42	STIM=i
832361	42	RESP=1
836136	42	STIM=t
840034	42	RESP=1
851399	42	STIM=3
858068	42	RESP=2
869486	42	STIM=j
876050	42	RESP=1
887800	42	STIM=e
891685	42	RESP=1
904583	42	STIM=t
908758	42	RESP=1
922264	42	STIM=a
927014	42	RESP=1
937771	42	STIM=j
945447	42	RESP=1
954563	42	STIM=e
957618	42	RESP=1
969807	42	STIM=u
975435	42	RESP=1
987174	42	STIM=v
991412	42	RESP=1
1002806	42	STIM=w
1007397	42	RESP=1
1020444	42	STIM=k
1024913	42	RESP=1
1038767	42	STIM=p
1041783	42	RESP=2
1057254	42	STIM=2
1062414	42	RESP=2
1073157	42	STIM=u
1077554	42	RESP=1
1089004	42	STIM=0
1094634	42	RESP=2
1107637	42	STIM=h
1113279	42	RESP=1
1124855	42	STIM=h
1127852	42	RESP=1
1142000	42	STIM=t
1146189	42	RESP=1
1159522	42	STIM=m
1163995	42	RESP=1
1176954	42	STIM=a
1181278	42	RESP=1
1192931	42	STIM=z
1197352	42	RESP=1
1209895	42	STIM=k
1216747	42	RESP=1
1225867	42	STIM=r
1230965	42	RESP=1
1242792	42	STIM=i
1250228	42	RESP=1
1258385	42	STIM=q
1266493	42	RESP=1
1276949	42	STIM=g
1280877	42	RESP=1
1293003	42	STIM=j
1297813	42	RESP=1
1310302	42	STIM=h
1314236	42	RESP=1
1326045	42	STIM=s
1333027	42	RESP=1
1345005	42	STIM=1
1350585	42	RESP=2
1360954	42	STIM=a
1367256	42	RESP=2
1379635	42	STIM=y
1383604	42	RESP=1
1395355	42	STIM=l
1403887	42	RESP=1
1413979	42	STIM=b
1418354	42	RESP=1
1431094	42	STIM=h
1434722	42	RESP=1
1450083	42	STIM=a
1453583	42	RESP=1
1467158	42	STIM=0
1471380	42	RESP=2
1486152	42	STIM=6
1490444	42	RESP=2
1501551	42	STIM=q
1507794	42	RESP=1
1519317	42	STIM=g
1525474	42	RESP=1
1537511	42	STIM=x
1540918	42	RESP=1
1553229	42	STIM=y
1556840	42	RESP=1
1572192	42	STIM=w
1580990	42	RESP=1
1590832	42	STIM=0
1597002	42	RESP=2
1609095	42	STIM=h
1617524	42	RESP=1
1624247	42	STIM=7
1629912	42	RESP=2
1639835	42	STIM=x
1644888	42	RESP=1
1658528	42	STIM=6
1669781	42	RESP=2
1674417	42	STIM=b
1678705	42	RESP=1
1692528	42	STIM=q
1698179	42	RESP=1
1710704	42	STIM=g
1714798	42	RESP=1
1727263	42	STIM=i
1732848	42	RESP=1
1745493	42	STIM=b
1748618	42	RESP=1
1760798	42	STIM=p
1764923	42	RESP=1
1778244	42	STIM=7
1785406	42	RESP=2
1794619	42	STIM=g
1798807	42	RESP=1
1812245	42	STIM=c
1815564	42	RESP=1
1828536	42	STIM=s
1832182	42	RESP=1
1846480	42	STIM=0
1852185	42	RESP=2
1862265	42	STIM=y
1865514	42	RESP=1
1878957	42	STIM=3
1883457	42	RESP=2
1894214	42	STIM=d
1897691	42	RESP=1
1912723	42	STIM=e
1916685	42	RESP=1
1928961	42	STIM=h
1936121	42	RESP=1
1947014	42	STIM=7
1954729	42	RESP=2
1963510	42	STIM=i
1966453	42	RESP=1
1980320	42	STIM=t
1984991	42	RESP=2
1995773	42	STIM=2
2003188	42	RESP=2
2011352	42	STIM=u
2018455	42	RESP=1
2026578	42	STIM=o
2032624	42	RESP=1
2043844	42	STIM=d
2048223	42	RESP=1
2061836	42	STIM=z
2065782	42	RESP=1
2080332	42	STIM=g
2087157	42	RESP=1
2096491	42	STIM=6
2106659	42	RESP=2
2112515	42	STIM=d
2119231	42	RESP=1
2129577	42	STIM=8
2135705	42	RESP=2
2148157	42	STIM=o
2153673	42	RESP=1
2163367	42	STIM=s
2168557	42	RESP=1
2182293	42	STIM=o
2185753	42	RESP=1
2199274	42	STIM=0
2204606	42	RESP=2
2215729	42	STIM=g
2220705	42	RESP=1
2233981	42	STIM=b
2238437	42	RESP=1
2250364	42	STIM=w
2256705	42	RESP=1
2267798	42	STIM=f
2272588	42	RESP=1
2285668	42	STIM=a
2288792	42	RESP=1
2301967	42	STIM=i
2306139	42	RESP=1
2319816	42	STIM=v
2325470	42	RESP=1
2335934	42	STIM=0
2340644	42	RESP=2
2352910	42	STIM=6
2365428	42	RESP=2
2370300	42	STIM=k
2377384	42	RESP=2
2385777	42	STIM=1
2391538	42	RESP=2
2402943	42	STIM=u
2410658	42	RESP=1
2420309	42	STIM=y
2423993	42	RESP=1
2438986	42	STIM=0
2444103	42	RESP=2
2456093	42	STIM=l
2460373	42	RESP=1
2474075	42	STIM=q
2480447	42	RESP=1
2490850	42	STIM=t
2496466	42	RESP=1
2509258	42	STIM=k
2513917	42	RESP=1
2525740	42	STIM=i
2529746	42	RESP=1
2544204	42	STIM=c
2548699	42	RESP=1
2560211	42	STIM=1
2566128	42	RESP=2
2576580	42	STIM=k
2581187	42	RESP=1
2593401	42	STIM=m
2597408	42	RESP=1
2612263	42	STIM=f
2616711	42	RESP=2
2627301	42	STIM=4
2640892	42	RESP=2
2646054	42	STIM=n
2650763	42	RESP=1
2664860	42	STIM=n
2671832	42	RESP=1
2681078	42	STIM=t
2684672	42	RESP=1
2696300	42	STIM=l
2705117	42	RESP=1
2714425	42	STIM=x
2718913	42	RESP=1
2730869	42	STIM=d
2735357	42	RESP=1
2748477	42	STIM=j
2751376	42	RESP=1
2764076	42	STIM=7
2769308	42	RESP=2
2782835	42	STIM=9
2789391	42	RESP=2
2801526	42	STIM=e
2806111	42	RESP=2
2819170	42	STIM=v
2823391	42	RESP=1
2834588	42	STIM=o
2839351	42	RESP=1
2851868	42	STIM=0
2855384	42	RESP=1
2868899	42	STIM=g
2875083	42	RESP=1
2887627	42	STIM=a
2893371	42	RESP=1
2903643	42	STIM=y
2908626	42	RESP=1
2919613	42	STIM=w
2923025	42	RESP=1
2937081	42	STIM=o
2941079	42	RESP=1
2952432	42	STIM=i
2963292	42	RESP=1
2969743	42	STIM=z
2974868	42	RESP=1
2984819	42	STIM=q
2988975	42	RESP=2
3000933	42	STIM=q
3005158	42	RESP=1
3017528	42	STIM=f
3027083	42	RESP=1
3034863	42	STIM=v
3042260	42	RESP=1
3053068	42	STIM=z
3058006	42	RESP=1
3068418	42	STIM=9
3075169	42	RESP=2
3087376	42	STIM=z
3091372	42	RESP=1
3105912	42	STIM=l
3108865	42	RESP=1
3122586	42	STIM=p
3126349	42	RESP=1
3141067	42	STIM=l
3147244	42	RESP=1
3157817	42	STIM=7
3161570	42	RESP=2
3174631	42	STIM=c
3179272	42	RESP=1
3191772	42	STIM=s
3194756	42	RESP=1
3209388	42	STIM=e
3217148	42	RESP=1
3227163	42	STIM=l
3231727	42	RESP=1
3243917	42	STIM=2
3248752	42	RESP=2
3259355	42	STIM=p
3263608	42	RESP=1
3276083	42	STIM=7
3280571	42	RESP=2
3293635	42	STIM=8
3300873	42	RESP=2
3312355	42	STIM=4
3322435	42	RESP=2
3328785	42	STIM=k
3331620	42	RESP=1
3346222	42	STIM=k
3349075	42	RESP=2
3362582	42	STIM=o
3367568	42	RESP=1
3378591	42	STIM=i
3381576	42	RESP=1
3395374	42	STIM=o
3400691	42	RESP=1
3412514	42	STIM=v
3415034	42	RESP=1
3427836	42	STIM=1
3433869	42	RESP=2
3443712	42	STIM=a
3450264	42	RESP=1
3460538	42	STIM=e
3465363	42	RESP=1
3479053	42	STIM=0
3483142	42	RESP=2
3496481	42	STIM=x
3499754	42	RESP=1
3512067	42	STIM=y
3516667	42	RESP=1
3528270	42	STIM=2
3534572	42	RESP=2
3545242	42	STIM=9
3551048	42	RESP=2
3563781	42	STIM=e
3571552	42	RESP=1
3580326	42	STIM=j
3585828	42	RESP=1
3598542	42	STIM=6
3603370	42	RESP=2
3613732	42	STIM=7
3617051	42	RESP=1
3629676	42	STIM=s
3640407	42	RESP=1
3646283	42	STIM=z
3651904	42	RESP=1
3663914	42	STIM=j
3671124	42	RESP=1
3680037	42	STIM=c
3687349	42	RESP=1
3695276	42	STIM=e
3698839	42	RESP=1
3713520	42	STIM=z
3717837	42	RESP=1
3729302	42	STIM=s
3732553	42	RESP=1
3747716	42	STIM=p
3753238	42	RESP=1
3764353	42	STIM=2
3769596	42	RESP=2
3780120	42	STIM=3
3784045	42	RESP=2
3796496	42	STIM=a
3800459	42	RESP=1
3814694	42	STIM=0
3820410	42	RESP=2
3832396	42	STIM=c
3836603	42	RESP=1
3849990	42	STIM=t
3855311	42	RESP=1
3868947	42	STIM=8
3874514	42	RESP=2
3884808	42	STIM=7
3889985	42	RESP=2
3900279	42	STIM=s
3904138	42	RESP=1
3915836	42	STIM=6
3919146	42	RESP=2
3933854	42	STIM=g
3939308	42	RESP=1
3949831	42	STIM=n
3958227	42	RESP=1
3968363	42	STIM=u
3972381	42	RESP=1
3987328	42	STIM=r
3991974	42	RESP=1
4004209	42	STIM=b
4006965	42	RESP=1
4020140	42	STIM=e
4023356	42	RESP=1
4038730	42	STIM=a
4041627	42	RESP=1
4056162	42	STIM=i
4060648	42	RESP=1
4074422	42	STIM=6
4083813	42	RESP=2
4090669	42	STIM=u
4095642	42	RESP=1
4106920	42	STIM=w
4110920	42	RESP=1
4125649	42	STIM=w
4129923	42	RESP=1
4143851	42	STIM=p
4150415	42	RESP=1
4160707	42	STIM=2
4167866	42	RESP=1
4176255	42	STIM=k
4179174	42	RESP=1
4192015	42	STIM=o
4198056	42	RESP=1
4207627	42	STIM=z
4212576	42	RESP=1
4226438	42	STIM=i
4229104	42	RESP=1
4244489	42	STIM=b
4249112	42	RESP=1
4260865	42	STIM=b
4267592	42	RESP=1
4278998	42	STIM=i
4287049	42	RESP=1
4295535	42	STIM=e
4299167	42	RESP=1
4311161	42	STIM=q
4316453	42	RESP=1
4327595	42	STIM=2
4332756	42	RESP=2
4344403	42	STIM=s
4349163	42	RESP=1
4362166	42	STIM=7
4366186	42	RESP=2
4380326	42	STIM=k
4384318	42	RESP=1
4399169	42	STIM=h
4404721	42	RESP=2
4415158	42	STIM=r
4418353	42	RESP=1
4431228	42	STIM=j
4434881	42	RESP=1
4448104	42	STIM=e
4451959	42	RESP=1
4464503	42	STIM=m
4468786	42	RESP=1
4480882	42	STIM=e
4486302	42	RESP=1
4497178	42	STIM=b
4505042	42	RESP=1
4512686	42	STIM=1
4517736	42	RESP=2
4529065	42	STIM=d
4532378	42	RESP=2
4546078	42	STIM=x
4552110	42	RESP=1
4564498	42	STIM=z
4568362	42	RESP=1
4582762	42	STIM=5
4587226	42	RESP=2
4600019	42	STIM=n
4609412	42	RESP=1
4617450	42	STIM=4
4623200	42	RESP=2
4632811	42	STIM=s
4637608	42	RESP=1
4651073	42	STIM=p
4655649	42	RESP=1
4666259	42	STIM=f
4675756	42	RESP=1
4681473	42	STIM=h
4687021	42	RESP=1
4698638	42	STIM=k
4702532	42	RESP=1
4713856	42	STIM=m
4720431	42	RESP=1
4731636	42	STIM=e
4737264	42	RESP=1
4750318	42	STIM=4
4755741	42	RESP=2
4767463	42	STIM=e
4770403	42	RESP=1
4785195	42	STIM=h
4788205	42	RESP=1
4803367	42	STIM=h
4808112	42	RESP=1
4820544	42	STIM=y
4824900	42	RESP=1
4836436	42	STIM=3
4839859	42	RESP=2
4851687	42	STIM=d
4855208	42	RESP=1
4866733	42	STIM=q
4870960	42	RESP=1
4882518	42	STIM=n
4886439	42	RESP=1
4899203	42	STIM=j
4903780	42	RESP=1
4915701	42	STIM=6
4921777	42	RESP=2
4932911	42	STIM=r
4938787	42	RESP=1
4948839	42	STIM=q
4954558	42	RESP=1
4965643	42	STIM=6
4973241	42	RESP=2
4983552	42	STIM=0
4986973	42	RESP=2
5000679	42	STIM=p
5006127	42	RESP=1
5016663	42	STIM=s
5023410	42	RESP=1
5035125	42	STIM=u
5038868	42	RESP=1
5051575	42	STIM=b
5058131	42	RESP=1
5068080	42	STIM=g
5072035	42	RESP=1
5083944	42	STIM=j
5088476	42	RESP=1
5100398	42	STIM=l
5105473	42	RESP=1
5119193	42	STIM=d
5125441	42	RESP=1
5136623	42	STIM=z
5142332	42	RESP=1
5154029	42	STIM=k
5159506	42	RESP=1
5172895	42	STIM=v
5178065	42	RESP=1
5189158	42	STIM=a
5193306	42	RESP=1
5205770	42	STIM=a
5210645	42	RESP=1
5222010	42	STIM=o
5228229	42	RESP=1
5240934	42	STIM=h
5245719	42	RESP=1
5257215	42	STIM=3
5265825	42	RESP=2
5274809	42	STIM=j
5280387	42	RESP=1
5290030	42	STIM=d
5297458	42	RESP=1
5305500	42	STIM=g
5310010	42	RESP=1
5322468	42	STIM=y
5327662	42	RESP=2
5338541	42	STIM=r
5343117	42	RESP=2
5356787	42	STIM=m
5361377	42	RESP=1
5373232	42	STIM=j
5378468	42	RESP=1
5390912	42	STIM=c
5395109	42	RESP=1
5409650	42	STIM=b
5413221	42	RESP=1
5426349	42	STIM=5
5434410	42	RESP=2
5442366	42	STIM=o
5449658	42	RESP=1
5460279	42	STIM=w
5466994	42	RESP=1
5477261	42	STIM=j
5483321	42	RESP=1
5493629	42	STIM=x
5497296	42	RESP=1
5509389	42	STIM=u
5516839	42	RESP=1
5527249	42	STIM=x
5530835	42	RESP=1
5545513	42	STIM=9
5551692	42	RESP=2
5564041	42	STIM=h
5567471	42	RESP=1
5582217	42	STIM=x
5588007	42	RESP=1
5600746	42	STIM=1
5606246	42	RESP=2
5616593	42	STIM=o
5621755	42	RESP=1
5633879	42	STIM=5
5637746	42	RESP=2
5649761	42	STIM=o
5654166	42	RESP=1
5666742	42	STIM=d
5670516	42	RESP=1
5685564	42	STIM=9
5690017	42	RESP=2
5703718	42	STIM=u
5706793	42	RESP=1
5719563	42	STIM=i
5722798	42	RESP=1
5737224	42	STIM=j
5747043	42	RESP=1
5752258	42	STIM=4
5758165	42	RESP=2
5770890	42	STIM=z
5777195	42	RESP=1
5787778	42	STIM=c
5790436	42	RESP=1
5806262	42	STIM=x
5811997	42	RESP=2
5824252	42	STIM=r
5828065	42	RESP=1
5841520	42	STIM=e
5846430	42	RESP=1
5857757	42	STIM=x
5863787	42	RESP=1
5876376	42	STIM=j
5879871	42	RESP=1
5892208	42	STIM=4
5897239	42	RESP=2
5908254	42	STIM=x
5912716	42	RESP=1
5926303	42	STIM=h
5932516	42	RESP=1
5944760	42	STIM=i
5950589	42	RESP=1
5963318	42	STIM=f
5967213	42	RESP=1
5978813	42	STIM=m
5982383	42	RESP=1
5993991	42	STIM=q
5999201	42	RESP=1
6009057	42	STIM=y
6013920	42	RESP=1
6027640	42	STIM=1
6035748	42	RESP=1
6043252	42	STIM=h
6048544	42	RESP=1
6061226	42	STIM=t
6065097	42	RESP=1
6078779	42	STIM=5
6083326	42	RESP=2
6096183	42	STIM=n
6099169	42	RESP=1
6112118	42	STIM=1
6116883	42	RESP=2
6127423	42	STIM=8
6132852	42	RESP=1
6142586	42	STIM=e
6150796	42	RESP=1
6159387	42	STIM=y
6164897	42	RESP=1
6174988	42	STIM=t
6177971	42	RESP=1
6191075	42	STIM=t
6193703	42	RESP=1
6209700	42	STIM=h
6215137	42	RESP=1
6226426	42	STIM=v
6230020	42	RESP=1
6244676	42	STIM=1
6249840	42	RESP=2
6260111	42	STIM=2
6266768	42	RESP=2
6277276	42	STIM=d
6282357	42	RESP=1
6293992	42	STIM=o
6299466	42	RESP=1
6312349	42	STIM=1
6317723	42	RESP=1
6330885	42	STIM=s
6333759	42	RESP=1
6348299	42	STIM=a
6351880	42	RESP=1
6364905	42	STIM=t
6370535	42	RESP=1
6382153	42	STIM=v
6385962	42	RESP=1
6399737	42	STIM=d
6403551	42	RESP=1
6415204	42	STIM=n
6418594	42	RESP=1
6431191	42	STIM=b
6434838	42	RESP=1
6448125	42	STIM=3
6453615	42	RESP=2
6465979	42	STIM=h
6471039	42	RESP=1
6482264	42	STIM=5
6485436	42	RESP=2
6501205	42	STIM=d
6505262	42	RESP=1
6518701	42	STIM=9
6523433	42	RESP=2
6534336	42	STIM=w
6537867	42	RESP=1
6552568	42	STIM=g
6560207	42	RESP=1
6571494	42	STIM=g
6575739	42	RESP=1
6588446	42	STIM=v
6592561	42	RESP=1
6606184	42	STIM=h
6610381	42	RESP=1
6624988	42	STIM=f
6631242	42	RESP=1
6642766	42	STIM=f
6650133	42	RESP=1
6660367	42	STIM=6
6666764	42	RESP=2
6675843	42	STIM=v
6685806	42	RESP=1
6691170	42	STIM=f
6694792	42	RESP=1
6709722	42	STIM=5
6714158	42	RESP=2
6727322	42	STIM=q
6729807	42	RESP=1
6744769	42	STIM=s
6748250	42	RESP=1
6762008	42	STIM=z
6766263	42	RESP=1
6777033	42	STIM=v
6781993	42	RESP=1
6793598	42	STIM=f
6799252	42	RESP=1
6810852	42	STIM=k
6817962	42	RESP=1
6827809	42	STIM=q
6833578	42	RESP=1
6843146	42	STIM=z
6847353	42	RESP=1
6858407	42	STIM=q
6864949	42	RESP=1
6875192	42	STIM=m
6879574	42	RESP=1
6891718	42	STIM=a
6897694	42	RESP=1
6908409	42	STIM=g
6915363	42	RESP=1
6926876	42	STIM=j
6930430	42	RESP=1
6945715	42	STIM=0
6950084	42	RESP=2
6961814	42	STIM=r
6966951	42	RESP=1
6977242	42	STIM=z
6983300	42	RESP=1
6995554	42	STIM=r
7001008	42	RESP=1
7012002	42	STIM=h
7015869	42	RESP=1
7030123	42	STIM=g
7033272	42	RESP=1
7047208	42	STIM=x
7050990	42	RESP=1
7065072	42	STIM=l
7073707	42	RESP=1
7080854	42	STIM=u
7084486	42	RESP=1
7097897	42	STIM=g
7102153	42	RESP=1
7113190	42	STIM=j
7115659	42	RESP=2
7129062	42	STIM=b
7133012	42	RESP=1
7145082	42	STIM=j
7150309	42	RESP=1
7163977	42	STIM=c
7169443	42	RESP=1
7180404	42	STIM=o
7186362	42	RESP=1
7197513	42	STIM=u
7200075	42	RESP=1
7213611	42	STIM=7
7217328	42	RESP=2
7231370	42	STIM=f
7239020	42	RESP=1
7246584	42	STIM=4
7252771	42	RESP=2
7264638	42	STIM=e
7267576	42	RESP=1
7280619	42	STIM=o
7283247	42	RESP=1
7296895	42	STIM=6
7303788	42	RESP=1
7313977	42	STIM=3
7321481	42	RESP=2
7329415	42	STIM=b
7334278	42	RESP=1
7345732	42	STIM=2
7351895	42	RESP=2
7363476	42	STIM=r
7368959	42	RESP=1
7380860	42	STIM=t
7385616	42	RESP=1
7397975	42	STIM=0
7402200	42	RESP=1
7414570	42	STIM=z
7423612	42	RESP=1
7432989	42	STIM=b
7441334	42	RESP=1
7448622	42	STIM=o
7451971	42	RESP=1
7465621	42	STIM=x
7472218	42	RESP=1
7484190	42	STIM=d
7488822	42	RESP=1
7500539	42	STIM=1
7507339	42	RESP=2
7515552	42	STIM=z
7518769	42	RESP=1
7531282	42	STIM=e
7535504	42	RESP=1
7547809	42	STIM=k
7551130	42	RESP=1
7566710	42	STIM=t
7576360	42	RESP=1
7582590	42	STIM=e
7586189	42	RESP=1
7599101	42	STIM=y
7608085	42	RESP=1
7615478	42	STIM=x
7619463	42	RESP=1
7630660	42	STIM=x
7634731	42	RESP=1
7645978	42	STIM=v
7651662	42	RESP=1
7664699	42	STIM=m
7673442	42	RESP=1
7681511	42	STIM=p
7688698	42	RESP=1
7700237	42	STIM=t
7705740	42	RESP=1
7716905	42	STIM=9
7721486	42	RESP=2
7733402	42	STIM=6
7740421	42	RESP=2
7749334	42	STIM=6
7753579	42	RESP=2
7767475	42	STIM=1
7771989	42	RESP=2
7784950	42	STIM=c
7792770	42	RESP=1
7802001	42	STIM=h
7806654	42	RESP=1
7818232	42	STIM=e
7823148	42	RESP=1
7833345	42	STIM=r
7838223	42	RESP=1
7849105	42	STIM=d
7853432	42	RESP=1
7867115	42	STIM=d
7873255	42	RESP=1
7884776	42	STIM=j
7887846	42	RESP=1
7901034	42	STIM=e
7906859	42	RESP=1
7916843	42	STIM=5
7922260	42	RESP=2
7933615	42	STIM=b
7938001	42	RESP=1
7951041	42	STIM=6
7956919	42	RESP=2
7970032	42	STIM=y
7976358	42	RESP=1
7988293	42	STIM=g
7992641	42	RESP=1
8006753	42	STIM=x
8011719	42	RESP=1
8024260	42	STIM=7
8032420	42	RESP=2
8042299	42	STIM=9
8050893	42	RESP=2
8059630	42	STIM=w
8064797	42	RESP=1
8075923	42	STIM=u
8082211	42	RESP=1
8092849	42	STIM=y
8098713	42	RESP=1
8110859	42	STIM=s
8115123	42	RESP=1
8128153	42	STIM=y
8134171	42	RESP=1
8143375	42	STIM=z
8146514	42	RESP=1
8161497	42	STIM=8
8166529	42	RESP=1
8177575	42	STIM=t
8185212	42	RESP=1
8195602	42	STIM=y
8203483	42	RESP=1
8211350	42	STIM=p
8217931	42	RESP=1
8229046	42	STIM=v
8235151	42	RESP=1
8246540	42	STIM=g
8254529	42	RESP=1
8263914	42	STIM=e
8267915	42	RESP=1
8282576	42	STIM=1
8287369	42	RESP=2
8297885	42	STIM=g
8302927	42	RESP=1
8315071	42	STIM=i
8319369	42	RESP=1
8332599	42	STIM=k
8339787	42	RESP=1
8350278	42	STIM=g
8354960	42	RESP=1
8368123	42	STIM=9
8372876	42	RESP=1
8384676	42	STIM=u
8393110	42	RESP=1
8401189	42	STIM=6
8406617	42	RESP=2
8417037	42	STIM=g
8419493	42	RESP=1
8432902	42	STIM=p
8435774	42	RESP=1
8449999	42	STIM=d
8455742	42	RESP=1
8467957	42	STIM=0
8474207	42	RESP=2
8486010	42	STIM=v
8492274	42	RESP=1
8501973	42	STIM=v
8505139	42	RESP=2
8517872	42	STIM=9
8526567	42	RESP=2
8533905	42	STIM=z
8541339	42	RESP=1
8549868	42	STIM=i
8555542	42	RESP=1
8568557	42	STIM=d
8573656	42	RESP=1
8585253	42	STIM=n
8589230	42	RESP=1
8603338	42	STIM=s
8606936	42	RESP=1
8621052	42	STIM=y
8626687	42	RESP=1
8638982	42	STIM=u
8644814	42	RESP=2
8657791	42	STIM=c
8662111	42	RESP=1
8672985	42	STIM=z
8679578	42	RESP=1
8688693	42	STIM=1
8696981	42	RESP=2
8707678	42	STIM=t
8712520	42	RESP=1
8723291	42	STIM=p
8727133	42	RESP=1
8741535	42	STIM=5
8746680	42	RESP=2
8758620	42	STIM=q
8763023	42	RESP=1
8775091	42	STIM=y
8779233	42	RESP=1
8790999	42	STIM=g
8796101	42	RESP=1
8806801	42	STIM=g
8810679	42	RESP=1
8822276	42	STIM=c
8829507	42	RESP=1
8840557	42	STIM=y
8848797	42	RESP=1
8857577	42	STIM=e
8861777	42	RESP=1
8874796	42	STIM=y
8878502	42	RESP=1
8890651	42	STIM=8
8898545	42	RESP=2
8909619	42	STIM=d
8913505	42	RESP=1
8926996	42	STIM=o
8935326	42	RESP=1
8942422	42	STIM=z
8949510	42	RESP=1
8961054	42	STIM=t
8965409	42	RESP=1
8978296	42	STIM=0
8983993	42	RESP=2
8993944	42	STIM=3
8999040	42	RESP=2
9012187	42	STIM=8
9018466	42	RESP=2
9031037	42	STIM=e
9036703	42	RESP=1
9047324	42	STIM=x
9051673	42	RESP=2
9062921	42	STIM=q
9067665	42	RESP=1
9079304	42	STIM=c
9082932	42	RESP=1
9094561	42	STIM=d
9100376	42	RESP=1
9111292	42	STIM=c
9115568	42	RESP=1
9129082	42	STIM=a
9135628	42	RESP=1
9144922	42	STIM=g
9148685	42	RESP=1
9161912	42	STIM=y
9168824	42	RESP=1
9178491	42	STIM=9
9183681	42	RESP=2
9194113	42	STIM=n
9199330	42	RESP=1
9212681	42	STIM=x
9218043	42	RESP=1
9229993	42	STIM=a
9237721	42	RESP=1
9247171	42	STIM=o
9250522	42	RESP=1
9263967	42	STIM=f
9268884	42	RESP=1
9279218	42	STIM=h
9283300	42	RESP=1
9296608	42	STIM=g
9300361	42	RESP=1
9314082	42	STIM=l
9319409	42	RESP=1
9329342	42	STIM=q
9333672	42	RESP=1
9346680	42	STIM=c
9350238	42	RESP=1
9361687	42	STIM=h
9367328	42	RESP=1
9379126	42	STIM=e
9386362	42	RESP=1
9396270	42	STIM=z
9400539	42	RESP=1
9415159	42	STIM=z
9419067	42	RESP=1
9432578	42	STIM=7
9439903	42	RESP=1
9450781	42	STIM=a
9457530	42	RESP=1
9467455	42	STIM=x
9472463	42	RESP=1
9484039	42	STIM=k
9486858	42	RESP=1
9502639	42	STIM=y
9509169	42	RESP=1
9519792	42	STIM=5
9524273	42	RESP=2
9535581	42	STIM=s
9539404	42	RESP=1
9553474	42	STIM=9
9557637	42	RESP=2
9570464	42	STIM=r
9573644	42	RESP=1
9588516	42	STIM=d
9595272	42	RESP=1
9605964	42	STIM=l
9609458	42	RESP=1
9623636	42	STIM=q
9630024	42	RESP=2
9641891	42	STIM=q
9645337	42	RESP=1
9657974	42	STIM=p
9660826	42	RESP=1
9673124	42	STIM=z
9678884	42	RESP=1
9690945	42	STIM=5
9698301	42	RESP=2
9709070	42	STIM=v
9712346	42	RESP=1
9728025	42	STIM=w
9731297	42	RESP=1
9744979	42	STIM=c
9751415	42	RESP=1
9761444	42	STIM=y
9767195	42	RESP=1
9777922	42	STIM=n
9782174	42	RESP=1
9795928	42	STIM=f
9799139	42	RESP=1
9813625	42	STIM=p
9821385	42	RESP=1
9832401	42	STIM=q
9838460	42	RESP=1
9849337	42	STIM=n
9853286	42	RESP=1
9867143	42	STIM=0
9876834	42	RESP=1
9884224	42	STIM=n
9887886	42	RESP=1
9899457	42	STIM=v
9905249	42	RESP=1
9918447	42	STIM=x
9922250	42	RESP=1
9936415	42	STIM=b
9940962	42	RESP=1
9953662	42	STIM=m
9957608	42	RESP=1
9970939	42	STIM=b
9974023	42	RESP=1
9988039	42	STIM=3
9994346	42	RESP=2
10003750	42	STIM=z
10009629	42	RESP=1
10021302	42	STIM=e
10030086	42	RESP=1
10038057	42	STIM=r
10041212	42	RESP=1
10053493	42	STIM=a
10060899	42	RESP=2
10072450	42	STIM=5
10082454	42	RESP=2
10090504	42	STIM=9
10098458	42	RESP=2
10108979	42	STIM=n
10114389	42	RESP=1
10125875	42	STIM=y
10133917	42	RESP=1
10141597	42	STIM=n
10146062	42	RESP=1
10159839	42	STIM=z
10165553	42	RESP=1
10176692	42	STIM=2
10184211	42	RESP=2
10195625	42	STIM=3
10208602	42	RESP=2
10213852	42	STIM=n
10219322	42	RESP=1
10229135	42	STIM=w
10235117	42	RESP=1
10244176	42	STIM=n
10247830	42	RESP=1
10260573	42	STIM=e
10263711	42	RESP=1
10277334	42	STIM=u
10281520	42	RESP=1
10292359	42	STIM=2
10300221	42	RESP=2
10308167	42	STIM=f
10313995	42	RESP=1
10323491	42	STIM=5
10333772	42	RESP=2
10340498	42	STIM=l
10347422	42	RESP=1
10356529	42	STIM=k
10360729	42	RESP=1
10373544	42	STIM=u
10383883	42	RESP=1
10391948	42	STIM=4
10396495	42	RESP=2
10410624	42	STIM=y
10414392	42	RESP=1
10426249	42	STIM=2
10429463	42	RESP=2
10442577	42	STIM=t
10446145	42	RESP=1
10459982	42	STIM=e
10465329	42	RESP=1
10475809	42	STIM=m
10478870	42	RESP=1
10491453	42	STIM=i
10495321	42	RESP=1
10509551	42	STIM=9
10514967	42	RESP=2
10527616	42	STIM=a
10532337	42	RESP=1
10543570	42	STIM=b
10548989	42	RESP=1
10561924	42	STIM=l
10566317	42	RESP=1
10577787	42	STIM=e
10581517	42	RESP=1
10594111	42	STIM=w
10598163	42	RESP=1
10611676	42	STIM=c
10615624	42	RESP=1
10629226	42	STIM=z
10637928	42	RESP=1
10645729	42	STIM=g
10650541	42	RESP=1
10662126	42	STIM=2
10666475	42	RESP=2
10679072	42	STIM=p
10684133	42	RESP=1
10694291	42	STIM=m
10697917	42	RESP=1
10711154	42	STIM=b
10713904	42	RESP=2
10729495	42	STIM=s
10735157	42	RESP=1
10746064	42	STIM=p
10751162	42	RESP=1
10764064	42	STIM=r
10776754	42	RESP=1
10782625	42	STIM=x
10786691	42	RESP=1
10798928	42	STIM=k
10801975	42	RESP=1
10815392	42	STIM=e
10818036	42	RESP=1
10830744	42	STIM=r
10836704	42	RESP=1
10847365	42	STIM=o
10850825	42	RESP=1
10865954	42	STIM=9
10870345	42	RESP=2
10881418	42	STIM=k
10885135	42	RESP=1
10899226	42	STIM=y
10905763	42	RESP=1
10917077	42	STIM=j
10920866	42	RESP=1
10934513	42	STIM=5
10939374	42	RESP=2
10952170	42	STIM=w
10957554	42	RESP=1
10968569	42	STIM=9
10973837	42	RESP=2
10987445	42	STIM=n
10993634	42	RESP=1
11002618	42	STIM=q
11007654	42	RESP=1
11020040	42	STIM=l
11028176	42	RESP=1
11035283	42	STIM=j
11038703	42	RESP=1
11053742	42	STIM=j
11057872	42	RESP=1
11068926	42	STIM=q
11073357	42	RESP=1
11086768	42	STIM=a
11089917	42	RESP=1
11104409	42	STIM=m
11108383	42	RESP=1
11120766	42	STIM=a
11124227	42	RESP=1
11137972	42	STIM=4
11141943	42	RESP=1
11153344	42	STIM=5
11158786	42	RESP=1
11171632	42	STIM=8
11176480	42	RESP=2
11189890	42	STIM=4
11196465	42	RESP=2
11206127	42	STIM=i
11212811	42	RESP=1
11221485	42	STIM=y
11226760	42	RESP=1
11240360	42	STIM=u
11246652	42	RESP=1
11256230	42	STIM=1
11264037	42	RESP=2
11271885	42	STIM=a
11275795	42	RESP=1
11289040	42	STIM=o
11292423	42	RESP=1
11304166	42	STIM=g
11313019	42	RESP=1
11322835	42	STIM=l
11328909	42	RESP=1
11338843	42	STIM=k
11343811	42	RESP=1
11355651	42	STIM=5
11359682	42	RESP=1
11371357	42	STIM=0
11375316	42	RESP=2
11387561	42	STIM=i
11391478	42	RESP=1
11406202	42	STIM=v
11410290	42	RESP=1
11422228	42	STIM=j
11427797	42	RESP=1
11438474	42	STIM=f
11444568	42	RESP=1
11455941	42	STIM=z
11463382	42	RESP=1
11472902	42	STIM=6
11478412	42	RESP=2
11490570	42	STIM=v
11496375	42	RESP=1
11509332	42	STIM=p
11515950	42	RESP=1
11525175	42	STIM=l
11529707	42	RESP=1
11542174	42	STIM=2
11549820	42	RESP=2
11557562	42	STIM=a
11564415	42	RESP=1
11574161	42	STIM=x
11577731	42	RESP=1
11591342	42	STIM=f
11595851	42	RESP=1
11607831	42	STIM=j
11612949	42	RESP=1
11622885	42	STIM=e
11628306	42	RESP=1
11641632	42	STIM=d
11644978	42	RESP=1
11657691	42	STIM=v
11661914	42	RESP=1
11673843	42	STIM=z
11680359	42	RESP=1
11690551	42	STIM=s
11697022	42	RESP=1
11709434	42	STIM=0
11714498	42	RESP=2
11724525	42	STIM=r
11728337	42	RESP=1
11739755	42	STIM=j
11743718	42	RESP=1
11757274	42	STIM=e
11764119	42	RESP=1
11773545	42	STIM=h
11778650	42	RESP=1
11790064	42	STIM=s
11797217	42	RESP=1
11806674	42	STIM=2
11813649	42	RESP=2
11824514	42	STIM=c
11827902	42	RESP=1
11840663	42	STIM=m
11846529	42	RESP=1
11857397	42	STIM=s
11865016	42	RESP=1
11873530	42	STIM=9
11877545	42	RESP=2
11890758	42	STIM=m
11897085	42	RESP=1
11907790	42	STIM=9
11913145	42	RESP=2
11923212	42	STIM=7
11926747	42	RESP=2
11938901	42	STIM=d
11942992	42	RESP=1
11956876	42	STIM=l
11960785	42	RESP=1
11973113	42	STIM=g
11977355	42	RESP=1
11988821	42	STIM=z
11992881	42	RESP=1
12004617	42	STIM=y
12009114	42	RESP=1
12022565	42	STIM=b
12029561	42	RESP=1
12037834	42	STIM=j
12040760	42	RESP=1
12056592	42	STIM=l
12061798	42	RESP=1
12075119	42	STIM=3
12079264	42	RESP=2
12091132	42	STIM=3
12096751	42	RESP=2
12107333	42	STIM=p
12110769	42	RESP=1
12124346	42	STIM=4
12129114	42	RESP=2
12142355	42	STIM=z
12146147	42	RESP=1
12159671	42	STIM=v
12167042	42	RESP=2
12177098	42	STIM=y
12182195	42	RESP=1
12194324	42	STIM=x
12198342	42	RESP=1
12213212	42	STIM=y
12217974	42	RESP=1
12228939	42	STIM=d
12233067	42	RESP=1
12246466	42	STIM=7
12252813	42	RESP=2
12263140	42	STIM=h
12266733	42	RESP=1
12281245	42	STIM=y
12285437	42	RESP=1
12298033	42	STIM=u
12302501	42	RESP=1
12315354	42	STIM=y
12318992	42	RESP=1
12330526	42	STIM=l
12339212	42	RESP=1
12347500	42	STIM=2
12351050	42	RESP=2
12364131	42	STIM=f
12368611	42	RESP=1
12381305	42	STIM=l
12384939	42	RESP=1
12399390	42	STIM=x
12403992	42	RESP=1
12418185	42	STIM=x
12423430	42	RESP=1
12436179	42	STIM=b
12440084	42	RESP=1
12451948	42	STIM=y
12456415	42	RESP=1
12470910	42	STIM=c
12474819	42	RESP=1
12486261	42	STIM=6
12494615	42	RESP=1
12503714	42	STIM=n
12510366	42	RESP=1
12520272	42	STIM=0
12523715	42	RESP=2
12537654	42	STIM=c
12546195	42	RESP=1
12554810	42	STIM=g
12558950	42	RESP=1
12572120	42	STIM=e
12577506	42	RESP=1
12588151	42	STIM=c
12593788	42	RESP=1
12607046	42	STIM=j
12611934	42	RESP=1
12624017	42	STIM=8
12629890	42	RESP=2
12641222	42	STIM=z
12647412	42	RESP=1
12656700	42	STIM=b
12662294	42	RESP=1
12674590	42	STIM=s
12679675	42	RESP=1
12692923	42	STIM=7
12697728	42	RESP=2
12709652	42	STIM=j
12720339	42	RESP=1
12728422	42	STIM=s
12730850	42	RESP=1
12745406	42	STIM=i
12748531	42	RESP=1
12762358	42	STIM=3
12767906	42	RESP=2
12778383	42	STIM=1
12783491	42	RESP=2
12794546	42	STIM=1
12798185	42	RESP=2
12810718	42	STIM=g
12814332	42	RESP=1
12829644	42	STIM=s
12833030	42	RESP=1
12846260	42	STIM=i
12852071	42	RESP=1
12862584	42	STIM=p
12869151	42	RESP=1
12881045	42	STIM=s
12887136	42	RESP=1
12897468	42	STIM=b
12903192	42	RESP=1
12913749	42	STIM=v
12919967	42	RESP=1
12932548	42	STIM=9
12939109	42	RESP=2
12949030	42	STIM=q
12956147	42	RESP=1
12964512	42	STIM=m
12972048	42	RESP=1
12983464	42	STIM=5
12989424	42	RESP=2
13001285	42	STIM=b
13005270	42	RESP=1
13017963	42	STIM=j
13023892	42	RESP=1
13035852	42	STIM=j
13038908	42	RESP=1
13052400	42	STIM=s
13056949	42	RESP=1
13067517	42	STIM=n
13072700	42	RESP=1
13084131	42	STIM=p
13087945	42	RESP=1
13102766	42	STIM=8
13108723	42	RESP=2
13119634	42	STIM=e
13126306	42	RESP=1
13134919	42	STIM=6
13138779	42	RESP=2
13151723	42	STIM=d
13161191	42	RESP=1
13167092	42	STIM=g
13173961	42	RESP=1
13182933	42	STIM=f
13186167	42	RESP=1
13199609	42	STIM=l
13205367	42	RESP=1
13216363	42	STIM=b
13220749	42	RESP=1
13233729	42	STIM=4
13238475	42	RESP=2
13251079	42	STIM=f
13256378	42	RESP=1
13268297	42	STIM=9
13276487	42	RESP=2
13284250	42	STIM=i
13288546	42	RESP=1
13303218	42	STIM=7
13310956	42	RESP=2
13321276	42	STIM=x
13329073	42	RESP=1
13337927	42	STIM=u
13342518	42	RESP=1
13356015	42	STIM=7
13361691	42	RESP=2
13373561	42	STIM=t
13378496	42	RESP=2
13391193	42	STIM=o
13395857	42	RESP=1
13409286	42	STIM=l
13417970	42	RESP=1
13426046	42	STIM=w
13432263	42	RESP=1
13443772	42	STIM=2
13447374	42	RESP=1
13459626	42	STIM=x
13463695	42	RESP=1
13476467	42	STIM=b
13481346	42	RESP=1
13493920	42	STIM=s
13499695	42	RESP=1
13509780	42	STIM=w
13515381	42	RESP=1
13527026	42	STIM=q
13533641	42	RESP=1
13542571	42	STIM=8
13547244	42	RESP=2
13560579	42	STIM=f
13565330	42	RESP=1
13578873	42	STIM=9
13582670	42	RESP=2
13595501	42	STIM=a
13600817	42	RESP=1
13611829	42	STIM=j
13616400	42	RESP=1
13630247	42	STIM=8
13635978	42	RESP=2
13646740	42	STIM=4
13652996	42	RESP=2
13663276	42	STIM=y
13665750	42	RESP=1
13681019	42	STIM=y
13684340	42	RESP=1
13698722	42	STIM=u
13704980	42	RESP=1
13714694	42	STIM=j
13719418	42	RESP=1
13730902	42	STIM=1
13734365	42	RESP=2
13746925	42	STIM=q
13751964	42	RESP=1
13763184	42	STIM=2
13768174	42	RESP=2
13779215	42	STIM=v
13785087	42	RESP=1
13794230	42	STIM=q
13800060	42	RESP=1
13813091	42	STIM=v
13819965	42	RESP=1
13830411	42	STIM=w
13837774	42	RESP=1
13846277	42	STIM=0
13850441	42	RESP=2
13862932	42	STIM=b
13867329	42	RESP=1
13878701	42	STIM=y
13884012	42	RESP=1
13894823	42	STIM=s
13897655	42	RESP=1
13912233	42	STIM=w
13918488	42	RESP=1
13928607	42	STIM=f
13933411	42	RESP=1
13944057	42	STIM=e
13948405	42	RESP=1
13961763	42	STIM=z
13967856	42	RESP=1
13978033	42	STIM=f
13985378	42	RESP=1
13996563	42	STIM=d
14003351	42	RESP=1
14011892	42	STIM=e
14015468	42	RESP=1
14030652	42	STIM=8
14034708	42	RESP=2
14047164	42	STIM=r
14052430	42	RESP=1
14062498	42	STIM=d
14068010	42	RESP=1
14080267	42	STIM=h
14084573	42	RESP=1
14098194	42	STIM=v
14105545	42	RESP=1
14114922	42	STIM=w
14119855	42	RESP=1
14131054	42	STIM=f
14136029	42	RESP=1
14147551	42	STIM=d
14151894	42	RESP=1
14163275	42	STIM=1
14173587	42	RESP=2
14181556	42	STIM=t
14187694	42	RESP=1
14198175	42	STIM=7
14202720	42	RESP=1
14214128	42	STIM=b
14219740	42	RESP=1
14230024	42	STIM=o
14234166	42	RESP=1
14245658	42	STIM=o
14252520	42	RESP=1
14263473	42	STIM=f
14269725	42	RESP=1
14279240	42	STIM=o
14284537	42	RESP=1
14297572	42	STIM=3
14305372	42	RESP=2
14314549	42	STIM=v
14318741	42	RESP=1
14332988	42	STIM=u
14338005	42	RESP=1
14349134	42	STIM=n
14356208	42	RESP=1
14365457	42	STIM=w
14368055	42	RESP=1
14381443	42	STIM=e
14385015	42	RESP=1
14397899	42	STIM=d
14404413	42	RESP=1
14415140	42	STIM=5
14422762	42	RESP=2
14430389	42	STIM=h
14435861	42	RESP=1
14448151	42	STIM=9
14454121	42	RESP=2
14464949	42	STIM=f
14468795	42	RESP=1
14481789	42	STIM=q
14487745	42	RESP=2
14499067	42	STIM=u
14503177	42	RESP=1
14514567	42	STIM=b
14519809	42	RESP=1
14531886	42	STIM=h
14534231	42	RESP=1
14550642	42	STIM=3
14557428	42	RESP=2
14568891	42	STIM=v
14575093	42	RESP=1
14585002	42	STIM=9
14591082	42	RESP=2
14601074	42	STIM=t
14605767	42	RESP=1
14617243	42	STIM=n
14620192	42	RESP=1
14634593	42	STIM=o
14639729	42	RESP=1
14653247	42	STIM=l
14656599	42	RESP=1
14671232	42	STIM=w
14680852	42	RESP=1
14688432	42	STIM=i
14691369	42	RESP=1
14706786	42	STIM=f
14710175	42	RESP=1
14724859	42	STIM=n
14728530	42	RESP=1
14742296	42	STIM=r
14747323	42	RESP=1
14757526	42	STIM=r
14761551	42	RESP=1
14775532	42	STIM=o
14779171	42	RESP=1
14792119	42	STIM=t
14797135	42	RESP=1
14807653	42	STIM=j
14811596	42	RESP=1
14822876	42	STIM=a
14830392	42	RESP=1
14839804	42	STIM=z
14843086	42	RESP=1
14855287	42	STIM=u
14860072	42	RESP=1
14870934	42	STIM=m
14875614	42	RESP=1
14886235	42	STIM=7
14891948	42	RESP=2
14903337	42	STIM=c
14905827	42	RESP=1
14918429	42	STIM=n
14921526	42	RESP=1
14935475	42	STIM=r
14941515	42	RESP=1
14951471	42	STIM=w
14957995	42	RESP=1
14966855	42	STIM=z
14969759	42	RESP=1
14985549	42	STIM=t
14991106	42	RESP=1
15002441	42	STIM=p
15010928	42	RESP=1
15018141	42	STIM=y
15022305	42	RESP=1
15033835	42	STIM=q
15038901	42	RESP=1
15052424	42	STIM=2
15061695	42	RESP=2
15070216	42	STIM=j
15074798	42	RESP=1
15085670	42	STIM=z
15090923	42	RESP=1
15100817	42	STIM=q
15104514	42	RESP=1
15118648	42	STIM=5
15124839	42	RESP=2
15136189	42	STIM=x
15139285	42	RESP=1
15152883	42	STIM=y
15159583	42	RESP=1
15170291	42	STIM=l
15173220	42	RESP=1
15185903	42	STIM=h
15193057	42	RESP=1
15203792	42	STIM=v
15209945	42	RESP=1
15219762	42	STIM=j
15225981	42	RESP=1
15237327	42	STIM=n
15241801	42	RESP=2
15254519	42	STIM=p
15257829	42	RESP=1
15273435	42	STIM=j
15284023	42	RESP=1
15289676	42	STIM=1
15303937	42	RESP=2
15306498	42	STIM=l
15311902	42	RESP=1
15324876	42	STIM=a
15331694	42	RESP=1
15341431	42	STIM=l
15346192	42	RESP=1
15356798	42	STIM=i
15363762	42	RESP=1
15374130	42	STIM=e
15378887	42	RESP=1
15389667	42	STIM=p
15393914	42	RESP=1
15407916	42	STIM=3
15415771	42	RESP=1
15426238	42	STIM=d
15432197	42	RESP=1
15443572	42	STIM=z
15447572	42	RESP=1
15460595	42	STIM=t
15465326	42	RESP=1
15476965	42	STIM=n
15482012	42	RESP=1
15492502	42	STIM=0
15497187	42	RESP=2
15509442	42	STIM=o
15513355	42	RESP=1
15525549	42	STIM=g
15532291	42	RESP=1
15542706	42	STIM=x
15546702	42	RESP=1
15561348	42	STIM=4
15567268	42	RESP=1
15579197	42	STIM=s
15583747	42	RESP=1
15596340	42	STIM=t
15607021	42	RESP=1
15612388	42	STIM=y
15620036	42	RESP=1
15630547	42	STIM=z
15635116	42	RESP=1
15646101	42	STIM=l
15650333	42	RESP=1
15664822	42	STIM=a
15670071	42	RESP=1
15683639	42	STIM=o
15688116	42	RESP=1
15702188	42	STIM=m
15705879	42	RESP=1
15717319	42	STIM=g
15726704	42	RESP=1
15735193	42	STIM=r
15739848	42	RESP=1
15753871	42	STIM=e
15757969	42	RESP=1
15770328	42	STIM=b
15777461	42	RESP=1
15787013	42	STIM=w
15792347	42	RESP=1
15804167	42	STIM=k
15810458	42	RESP=1
15820655	42	STIM=c
15824759	42	RESP=1
15838116	42	STIM=o
15840673	42	RESP=1
15854999	42	STIM=y
15859054	42	RESP=1
15871000	42	STIM=r
15876338	42	RESP=1
15889315	42	STIM=m
15892516	42	RESP=1
15905151	42	STIM=j
15913392	42	RESP=2
15923053	42	STIM=q
15927680	42	RESP=1
15938802	42	STIM=z
15944796	42	RESP=1
15955210	42	STIM=b
15963606	42	RESP=1
15970419	42	STIM=e
15976026	42	RESP=1
15987131	42	STIM=i
15996655	42	RESP=1
16004690	42	STIM=9
16012778	42	RESP=2
16023367	42	STIM=u
16028016	42	RESP=1
16041828	42	STIM=m
16046040	42	RESP=1
16058785	42	STIM=8
16064040	42	RESP=2
16074564	42	STIM=4
16079723	42	RESP=2
16089786	42	STIM=b
16095191	42	RESP=1
16107673	42	STIM=h
16111393	42	RESP=1
16125360	42	STIM=r
16129679	42	RESP=1
16143421	42	STIM=i
16152048	42	RESP=1
16160437	42	STIM=4
16168321	42	RESP=2
16175839	42	STIM=j
16180910	42	RESP=1
16192934	42	STIM=9
16198244	42	RESP=2
16210986	42	STIM=d
16215280	42	RESP=1
16227424	42	STIM=u
16231417	42	RESP=1
16245793	42	STIM=k
16251888	42	RESP=1
16261223	42	STIM=i
16266709	42	RESP=1
16279221	42	STIM=4
16286651	42	RESP=1
16294773	42	STIM=l
16299035	42	RESP=1
16311224	42	STIM=m
16317742	42	RESP=1
16328194	42	STIM=w
16336547	42	RESP=1
16344875	42	STIM=4
16348825	42	RESP=2
16362828	42	STIM=4
16367902	42	RESP=1
16381080	42	STIM=d
16384961	42	RESP=1
16399928	42	STIM=5
16404546	42	RESP=1
16417421	42	STIM=f
16422987	42	RESP=1
16434933	42	STIM=c
16442369	42	RESP=1
16450304	42	STIM=v
16453701	42	RESP=1
16468357	42	STIM=o
16474724	42	RESP=1
16485202	42	STIM=z
16488647	42	RESP=1
16501601	42	STIM=q
16506405	42	RESP=1
16517611	42	STIM=4
16521315	42	RESP=2
16533046	42	STIM=e
16538259	42	RESP=1
16549166	42	STIM=0
16556644	42	RESP=2
16566934	42	STIM=a
16572790	42	RESP=1
16583444	42	STIM=m
16590696	42	RESP=1
16599621	42	STIM=0
16604393	42	RESP=2
16615693	42	STIM=h
16620975	42	RESP=1
16631178	42	STIM=7
16634984	42	RESP=2
16650079	42	STIM=0
16654807	42	RESP=2
16667530	42	STIM=5
16671984	42	RESP=2
16685446	42	STIM=v
16690540	42	RESP=2
16702640	42	STIM=g
16707725	42	RESP=1
16721569	42	STIM=x
16728185	42	RESP=1
16737704	42	STIM=n
16742306	42	RESP=1
16754528	42	STIM=8
16757692	42	RESP=2
16773064	42	STIM=t
16778187	42	RESP=1
16790042	42	STIM=1
16796476	42	RESP=2
16807768	42	STIM=y
16814507	42	RESP=1
16823292	42	STIM=h
16829502	42	RESP=1
16839109	42	STIM=v
16844131	42	RESP=1
16856986	42	STIM=n
16860493	42	RESP=2
16875872	42	STIM=7
16886138	42	RESP=1
16894834	42	STIM=7
16899676	42	RESP=2
16913523	42	STIM=3
16920078	42	RESP=2
16931049	42	STIM=p
16934332	42	RESP=1
16947275	42	STIM=m
16950709	42	RESP=1
16965677	42	STIM=9
16970371	42	RESP=2
16982211	42	STIM=c
16986683	42	RESP=1
17000333	42	STIM=z
17005229	42	RESP=1
17018303	42	STIM=h
17024082	42	RESP=1
17035727	42	STIM=2
17039763	42	RESP=2
17051745	42	STIM=k
17056822	42	RESP=1
17068358	42	STIM=u
17072240	42	RESP=1
17086072	42	STIM=l
17091695	42	RESP=1
17101129	42	STIM=j
17105194	42	RESP=1
17117986	42	STIM=6
17122519	42	RESP=2
17136266	42	STIM=e
17139491	42	RESP=1
17151358	42	STIM=a
17155735	42	RESP=1
17168395	42	STIM=u
17172398	42	RESP=1
17187197	42	STIM=z
17192283	42	RESP=1
17202407	42	STIM=l
17209202	42	RESP=2
17217474	42	STIM=v
17222099	42	RESP=1
17232977	42	STIM=y
17242093	42	RESP=1
17248637	42	STIM=7
17254828	42	RESP=2
17264231	42	STIM=8
17267991	42	RESP=2
17282024	42	STIM=b
17284650	42	RESP=1
17299475	42	STIM=7
17306112	42	RESP=2
17318094	42	STIM=p
17320607	42	RESP=1
17336588	42	STIM=b
17340349	42	RESP=1
17353461	42	STIM=u
17358612	42	RESP=1
17370934	42	STIM=n
17374550	42	RESP=1
17387126	42	STIM=q
17392101	42	RESP=1
17404853	42	STIM=l
17411103	42	RESP=1
17420600	42	STIM=k
17424933	42	RESP=1
17438858	42	STIM=i
17442380	42	RESP=1
17454201	42	STIM=k
17457998	42	RESP=1
17469351	42	STIM=4
17473073	42	RESP=2
17486685	42	STIM=o
17492091	42	RESP=1
17505431	42	STIM=a
17509474	42	RESP=1
17521605	42	STIM=p
17525325	42	RESP=1
17538079	42	STIM=3
17545616	42	RESP=2
17555850	42	STIM=a
17559435	42	RESP=1
17572309	42	STIM=3
17576896	42	RESP=2
17589927	42	STIM=v
17593297	42	RESP=1
17608614	42	STIM=y
17612515	42	RESP=1
17623916	42	STIM=e
17627473	42	RESP=2
17641236	42	STIM=i
17649812	42	RESP=1
17659976	42	STIM=c
17663114	42	RESP=1
17677100	42	STIM=s
17683443	42	RESP=1
17695478	42	STIM=k
17701514	42	RESP=1
17713924	42	STIM=a
17717409	42	RESP=1
17732712	42	STIM=o
17738064	42	RESP=1
17750575	42	STIM=s
17753800	42	RESP=1
17767668	42	STIM=1
17771757	42	RESP=2
17784906	42	STIM=o
17789757	42	RESP=1
17799965	42	STIM=1
17803885	42	RESP=2
17817996	42	STIM=q
17820860	42	RESP=1
17834511	42	STIM=o
17838171	42	RESP=1
17852066	42	STIM=d
17855875	42	RESP=1
17869318	42	STIM=w
17875049	42	RESP=1
17884914	42	STIM=h
17890308	42	RESP=1
17903362	42	STIM=v
17909518	42	RESP=1
17919803	42	STIM=w
17923941	42	RESP=1
17935660	42	STIM=s
17939424	42	RESP=1
17951547	42	STIM=v
17956018	42	RESP=1
17970377	42	STIM=z
17974834	42	RESP=1
17989112	42	STIM=x
17992863	42	RESP=1
18005398	42	STIM=3
18010290	42	RESP=2
18021763	42	STIM=m
18026419	42	RESP=1
18038907	42	STIM=l
18041614	42	RESP=1
18054746	42	STIM=e
18058766	42	RESP=1
18071595	42	STIM=p
18076658	42	RESP=1
18089073	42	STIM=d
18092168	42	RESP=1
18105425	42	STIM=k
18110188	42	RESP=1
18120579	42	STIM=a
18123618	42	RESP=1
18137462	42	STIM=l
18144930	42	RESP=1
18153234	42	STIM=b
18156647	42	RESP=1
18168512	42	STIM=p
18172861	42	RESP=1
18186992	42	STIM=1
18195072	42	RESP=2
18204829	42	STIM=u
18208934	42	RESP=1
18221680	42	STIM=c
18226515	42	RESP=1
18239150	42	STIM=a
18244825	42	RESP=1
18254551	42	STIM=n
18260250	42	RESP=1
18272006	42	STIM=3
18277622	42	RESP=1
18290727	42	STIM=n
18297675	42	RESP=1
18306396	42	STIM=d
18310894	42	RESP=1
18322039	42	STIM=k
18325240	42	RESP=1
18338002	42	STIM=d
18343471	42	RESP=1
18356569	42	STIM=z
18360526	42	RESP=1
18372844	42	STIM=d
18378825	42	RESP=1
18391345	42	STIM=3
18395144	42	RESP=2
18408491	42	STIM=f
18411571	42	RESP=1
18426758	42	STIM=m
18430881	42	RESP=1
18445049	42	STIM=0
18450821	42	RESP=2
18460384	42	STIM=4
18468391	42	RESP=2
18476679	42	STIM=g
18482492	42	RESP=1
18491703	42	STIM=q
18496390	42	RESP=1
18507867	42	STIM=k
18514381	42	RESP=1
18523299	42	STIM=h
18526757	42	RESP=2
18540898	42	STIM=v
18545994	42	RESP=1
18556523	42	STIM=r
18560783	42	RESP=1
18573356	42	STIM=6
18580391	42	RESP=2
18590538	42	STIM=s
18595345	42	RESP=1
18608295	42	STIM=8
18614279	42	RESP=2
18625361	42	STIM=s
18630740	42	RESP=1
18641403	42	STIM=t
18649111	42	RESP=1
18660023	42	STIM=w
18663396	42	RESP=1
18676915	42	STIM=f
18682567	42	RESP=1
18695831	42	STIM=e
18699737	42	RESP=1
18712129	42	STIM=o
18717902	42	RESP=1
18728183	42	STIM=e
18738515	42	RESP=1
18747062	42	STIM=q
18751120	42	RESP=1
18764285	42	STIM=g
18769206	42	RESP=1
18780024	42	STIM=n
18786939	42	RESP=1
18798396	42	STIM=z
18809420	42	RESP=1
18815218	42	STIM=j
18822179	42	RESP=1
18833995	42	STIM=j
18836608	42	RESP=1
18850328	42	STIM=9
18856704	42	RESP=2
18866002	42	STIM=s
18869321	42	RESP=1
18881998	42	STIM=q
18886592	42	RESP=1
18900442	42	STIM=m
18903596	42	RESP=1
18916359	42	STIM=e
18919195	42	RESP=1
18933695	42	STIM=i
18941352	42	RESP=1
18952053	42	STIM=b
18957920	42	RESP=1
18968276	42	STIM=f
18973596	42	RESP=1
18984691	42	STIM=3
18991341	42	RESP=2
19002605	42	STIM=k
19007326	42	RESP=1
19019516	42	STIM=u
19024544	42	RESP=1
19037726	42	STIM=q
19051891	42	RESP=1
19052957	42	STIM=d
19055899	42	RESP=1
19071186	42	STIM=4
19078960	42	RESP=2
19088561	42	STIM=e
19092225	42	RESP=1
19104902	42	STIM=5
19110826	42	RESP=2
19121107	42	STIM=f
19125917	42	RESP=1
19139364	42	STIM=d
19142886	42	RESP=1
19158134	42	STIM=z
19164459	42	RESP=1
19175630	42	STIM=8
19180914	42	RESP=1
19193627	42	STIM=w
19197416	42	RESP=2
19212406	42	STIM=1
19217293	42	RESP=2
19230734	42	STIM=x
19233627	42	RESP=1
19248327	42	STIM=k
19252821	42	RESP=1
19266254	42	STIM=n
19272299	42	RESP=1
19281581	42	STIM=s
19285972	42	RESP=1
19299907	42	STIM=x
19304893	42	RESP=1
19317945	42	STIM=m
19322494	42	RESP=1
19333791	42	STIM=i
19336936	42	RESP=1
19350637	42	STIM=s
19357125	42	RESP=1
19365672	42	STIM=t
19371103	42	RESP=1
19382901	42	STIM=i
19389996	42	RESP=1
19398344	42	STIM=c
19403276	42	RESP=1
19414624	42	STIM=k
19417447	42	RESP=1
19430463	42	STIM=v
19435631	42	RESP=1
19449024	42	STIM=n
19454916	42	RESP=1
19465453	42	STIM=u
19470151	42	RESP=1
19481353	42	STIM=6
19488095	42	RESP=2
19497906	42	STIM=p
19502919	42	RESP=1
19514484	42	STIM=5
19520290	42	RESP=2
19531962	42	STIM=2
19537993	42	RESP=2
19549236	42	STIM=y
19557006	42	RESP=1
19565499	42	STIM=d
19570238	42	RESP=1
19581104	42	STIM=q
19592309	42	RESP=1
19599136	42	STIM=a
19603626	42	RESP=1
19616167	42	STIM=m
19619879	42	RESP=1
19631200	42	STIM=l
19646472	42	RESP=1
19646572	42	STIM=i
19655767	42	RESP=1
19664535	42	STIM=p
19672520	42	RESP=1
19681983	42	STIM=p
19684299	42	RESP=2
19698056	42	STIM=h
19701407	42	RESP=1
19715920	42	STIM=3
19722315	42	RESP=2
19732920	42	STIM=q
19739517	42	RESP=1
19750425	42	STIM=z
19756877	42	RESP=1
19766699	42	STIM=7
19773388	42	RESP=2
19785135	42	STIM=k
19790823	42	RESP=1
19803135	42	STIM=e
19808078	42	RESP=1
19820929	42	STIM=u
19826208	42	RESP=1
19837170	42	STIM=p
19842475	42	RESP=1
19853212	42	STIM=t
19858440	42	RESP=1
19870825	42	STIM=q
19874910	42	RESP=1
19887349	42	STIM=r
19891187	42	RESP=1
19902869	42	STIM=i
19906933	42	RESP=1
19920985	42	STIM=j
19924395	42	RESP=1
19937463	42	STIM=8
19943640	42	RESP=2
19954735	42	STIM=v
19960530	42	RESP=1
19972686	42	STIM=0
19977439	42	RESP=2
19987867	42	STIM=3
19992263	42	RESP=2
20006398	42	STIM=i
20010956	42	RESP=1
20023003	42	STIM=o
20028351	42	RESP=1
20039644	42	STIM=x
20045855	42	RESP=1
20056206	42	STIM=j
20060144	42	RESP=1
20073594	42	STIM=c
20081290	42	RESP=1
20090590	42	STIM=r
20095118	42	RESP=1
20107960	42	STIM=r
20113101	42	RESP=1
20125978	42	STIM=e
20129230	42	RESP=1
20142539	42	STIM=i
20150065	42	RESP=1
20160113	42	STIM=x
20165323	42	RESP=1
20179003	42	STIM=a
20182893	42	RESP=1
20195342	42	STIM=w
20198933	42	RESP=1
20210404	42	STIM=i
20213237	42	RESP=1
20228656	42	STIM=m
20232307	42	RESP=1
20245522	42	STIM=m
20249740	42	RESP=1
20263592	42	STIM=k
20266477	42	RESP=1
20281839	42	STIM=j
20284993	42	RESP=1
20300516	42	STIM=l
20307598	42	RESP=1
20318587	42	STIM=9
20322782	42	RESP=2
20334562	42	STIM=w
20338058	42	RESP=1
20350569	42	STIM=t
20356673	42	RESP=1
20366662	42	STIM=z
20370800	42	RESP=1
20383570	42	STIM=0
20391516	42	RESP=2
20400799	42	STIM=q
20405879	42	RESP=1
20419473	42	STIM=3
20424187	42	RESP=2
20434813	42	STIM=j
20442094	42	RESP=1
20451999	42	STIM=s
20454369	42	RESP=1
20469077	42	STIM=x
20472373	42	RESP=1
20487595	42	STIM=k
20492257	42	RESP=1
20506144	42	STIM=o
20511914	42	RESP=1
20522361	42	STIM=i
20526059	42	RESP=1
20540609	42	STIM=s
20550224	42	RESP=1
20556917	42	STIM=a
20562367	42	RESP=1
20572572	42	STIM=u
20575764	42	RESP=2
20589413	42	STIM=f
20595331	42	RESP=1
20607906	42	STIM=f
20611720	42	RESP=1
20624566	42	STIM=k
20628471	42	RESP=1
20643254	42	STIM=3
20650906	42	RESP=2
20658854	42	STIM=p
20661792	42	RESP=1
20674151	42	STIM=q
20679005	42	RESP=1
20690705	42	STIM=3
20694766	42	RESP=2
20706366	42	STIM=l
20710790	42	RESP=1
20721819	42	STIM=w
20725575	42	RESP=1
20738290	42	STIM=c
20745015	42	RESP=1
20755291	42	STIM=8
20761647	42	RESP=2
20772591	42	STIM=0
20777121	42	RESP=2
20790339	42	STIM=q
20798721	42	RESP=1
20805510	42	STIM=e
20809217	42	RESP=1
20823490	42	STIM=b
20834246	42	RESP=1
20841427	42	STIM=i
20849485	42	RESP=1
20860284	42	STIM=6
20865050	42	RESP=2
20877167	42	STIM=p
20880197	42	RESP=1
20895853	42	STIM=r
20901685	42	RESP=1
20912674	42	STIM=y
20915226	42	RESP=1
20930081	42	STIM=b
20935070	42	RESP=1
20946886	42	STIM=a
20951065	42	RESP=1
20965201	42	STIM=d
20968815	42	RESP=1
20982200	42	STIM=f
20986815	42	RESP=1
20999551	42	STIM=8
21005042	42	RESP=2
21017720	42	STIM=b
21024891	42	RESP=1
21035864	42	STIM=q
21039911	42	RESP=1
21052649	42	STIM=f
21056093	42	RESP=1
21067661	42	STIM=m
21071203	42	RESP=1
21084926	42	STIM=y
21089213	42	RESP=1
21103206	42	STIM=n
21108093	42	RESP=1
21118424	42	STIM=b
21121939	42	RESP=1
21135696	42	STIM=5
21141408	42	RESP=2
21151319	42	STIM=f
21157131	42	RESP=1
21166468	42	STIM=x
21173030	42	RESP=1
21183513	42	STIM=0
21190522	42	RESP=1
21201841	42	STIM=3
21210072	42	RESP=2
21219423	42	STIM=t
21224112	42	RESP=1
21238255	42	STIM=a
21241322	42	RESP=1
21256850	42	STIM=p
21263096	42	RESP=1
21271950	42	STIM=i
21277615	42	RESP=1
21290327	42	STIM=6
21298111	42	RESP=1
21307257	42	STIM=u
21317472	42	RESP=1
21324775	42	STIM=x
21331367	42	RESP=1
21341324	42	STIM=p
21344811	42	RESP=1
21358783	42	STIM=v
21361739	42	RESP=1
21377065	42	STIM=i
21380079	42	RESP=1
21395891	42	STIM=i
21401165	42	RESP=1
21411600	42	STIM=t
21414880	42	RESP=1
21429258	42	STIM=j
21432995	42	RESP=2
21447261	42	STIM=e
21452254	42	RESP=1
21462568	42	STIM=t
21470934	42	RESP=1
21481235	42	STIM=6
21484719	42	RESP=1
21497877	42	STIM=9
21501693	42	RESP=2
21514808	42	STIM=h
21520142	42	RESP=1
21530720	42	STIM=v
21534787	42	RESP=1
21547510	42	STIM=t
21552946	42	RESP=1
21564565	42	STIM=q
21567187	42	RESP=1
21579717	42	STIM=3
21593449	42	RESP=2
21596897	42	STIM=6
21600829	42	RESP=1
21612749	42	STIM=o
21615354	42	RESP=1
21629052	42	STIM=y
21635667	42	RESP=1
21644885	42	STIM=m
21649614	42	RESP=1
21661524	42	STIM=w
21666351	42	RESP=1
21678758	42	STIM=o
21684089	42	RESP=1
21697295	42	STIM=g
21700792	42	RESP=1
21712735	42	STIM=i
21717619	42	RESP=1
21731366	42	STIM=u
21735410	42	RESP=1
21749360	42	STIM=u
21752745	42	RESP=1
21765553	42	STIM=l
21769900	42	RESP=1
