# Original filename: 0031_VGK_2017-07-24.log
# Time unit: 100 us
# RARECAT=digit
#
# Time	HHGG	Event
35238	42	STIM=s
39778	42	RESP=2
51831	42	STIM=0
58741	42	RESP=2
68713	42	STIM=v
77259	42	RESP=1
83949	42	STIM=n
88129	42	RESP=1
99771	42	STIM=d
104955	42	RESP=1
117762	42	STIM=m
124596	42	RESP=1
136703	42	STIM=u
143552	42	RESP=1
153767	42	STIM=s
157966	42	RESP=1
171279	42	STIM=u
177039	42	RESP=1
188600	42	STIM=e
193039	42	RESP=1
206390	42	STIM=x
212246	42	RESP=1
225185	42	STIM=t
229175	42	RESP=1
243251	42	STIM=k
250059	42	RESP=1
258361	42	STIM=r
261931	42	RESP=1
273846	42	STIM=s
277592	42	RESP=1
292755	42	STIM=t
298650	42	RESP=2
309659	42	STIM=k
316293	42	RESP=1
325610	42	STIM=p
331004	42	RESP=1
343138	42	STIM=y
348147	42	RESP=1
361084	42	STIM=z
366735	42	RESP=1
376669	42	STIM=d
380793	42	RESP=1
393893	42	STIM=i
400437	42	RESP=1
411411	42	STIM=j
415300	42	RESP=1
426426	42	STIM=w
437692	42	RESP=1
442049	42	STIM=w
444605	42	RESP=1
457485	42	STIM=t
464452	42	RESP=1
473421	42	STIM=o
476223	42	RESP=1
489861	42	STIM=2
496925	42	RESP=2
507740	42	STIM=l
512131	42	RESP=1
523606	42	STIM=f
533833	42	RESP=1
540284	42	STIM=q
544347	42	RESP=1
559188	42	STIM=7
566515	42	RESP=2
575670	42	STIM=g
578965	42	RESP=1
593413	42	STIM=y
596837	42	RESP=1
611243	42	STIM=h
619537	42	RESP=1
629316	42	STIM=p
633287	42	RESP=1
647252	42	STIM=z
651791	42	RESP=1
664710	42	STIM=p
668799	42	RESP=1
679842	42	STIM=l
688085	42	RESP=1
697800	42	STIM=l
703076	42	RESP=1
715687	42	STIM=q
721237	42	RESP=1
733711	42	STIM=e
739100	42	RESP=2
752304	42	STIM=v
760771	42	RESP=1
769524	42	STIM=4
777005	42	RESP=2
786740	42	STIM=k
792567	42	RESP=2
804487	42	STIM=t
810990	42	RESP=1
823288	42	STIM=4
830817	42	RESP=2
841056	42	STIM=8
848418	42	RESP=2
858055	42	STIM=g
862094	42	RESP=1
874921	42	STIM=y
878044	42	RESP=1
892505	42	STIM=l
898701	42	RESP=1
907812	42	STIM=q
911973	42	RESP=1
923971	42	STIM=p
938611	42	RESP=1
941430	42	STIM=4
946637	42	RESP=2
958698	42	STIM=5
965086	42	RESP=1
975376	42	STIM=0
984077	42	RESP=2
991819	42	STIM=1
996183	42	RESP=2
1009023	42	STIM=v
1013643	42	RESP=1
1025132	42	STIM=d
1031767	42	RESP=1
1042968	42	STIM=e
1049944	42	RESP=1
1058547	42	STIM=h
1062810	42	RESP=1
1075149	42	STIM=s
1078913	42	RESP=1
1093480	42	STIM=6
1100490	42	RESP=2
1110625	42	STIM=w
1113285	42	RESP=1
1125738	42	STIM=l
1130891	42	RESP=1
1142634	42	STIM=u
1149833	42	RESP=1
1158678	42	STIM=k
1165335	42	RESP=1
1173700	42	STIM=q
1178075	42	RESP=1
1190921	42	STIM=m
1196594	42	RESP=1
1209311	42	STIM=r
1215837	42	RESP=1
1226283	42	STIM=b
1231258	42	RESP=1
1243059	42	STIM=e
1250904	42	RESP=1
1258429	42	STIM=r
1262364	42	RESP=1
1276747	42	STIM=o
1281899	42	RESP=1
1295727	42	STIM=6
1302469	42	RESP=2
1311079	42	STIM=o
1315391	42	RESP=1
1329088	42	STIM=t
1334002	42	RESP=1
1347367	42	STIM=m
1352913	42	RESP=1
1365706	42	STIM=w
1370075	42	RESP=1
1380787	42	STIM=q
1393250	42	RESP=1
1397283	42	STIM=s
1400286	42	RESP=1
1415509	42	STIM=i
1421281	42	RESP=1
1430525	42	STIM=r
1433894	42	RESP=1
1447315	42	STIM=f
1451809	42	RESP=1
1465532	42	STIM=s
1468954	42	RESP=1
1482867	42	STIM=k
1486528	42	RESP=1
1498693	42	STIM=f
1504550	42	RESP=1
1513838	42	STIM=8
1524199	42	RESP=2
1531530	42	STIM=d
1539125	42	RESP=1
1548879	42	STIM=a
1560756	42	RESP=1
1564101	42	STIM=v
1569568	42	RESP=1
1581169	42	STIM=y
1587689	42	RESP=1
1597231	42	STIM=g
1603578	42	RESP=1
1615643	42	STIM=8
1620680	42	RESP=2
1633725	42	STIM=p
1640817	42	RESP=1
1650812	42	STIM=w
1655918	42	RESP=2
1667536	42	STIM=j
1673625	42	RESP=1
1684880	42	STIM=x
1689744	42	RESP=1
1701242	42	STIM=e
1708390	42	RESP=1
1717475	42	STIM=b
1721033	42	RESP=1
1736127	42	STIM=1
1740104	42	RESP=2
1754682	42	STIM=f
1762317	42	RESP=1
1772189	42	STIM=c
1777923	42	RESP=1
1787469	42	STIM=w
1797450	42	RESP=1
1804542	42	STIM=o
1811313	42	RESP=1
1823329	42	STIM=y
1828196	42	RESP=1
1841580	42	STIM=b
1847117	42	RESP=1
1857067	42	STIM=q
1861381	42	RESP=1
1873190	42	STIM=p
1881199	42	RESP=1
1889074	42	STIM=a
1893854	42	RESP=1
1904665	42	STIM=i
1911009	42	RESP=1
1920341	42	STIM=p
1929780	42	RESP=1
1937383	42	STIM=y
1943267	42	RESP=1
1953739	42	STIM=h
1961540	42	RESP=1
1970756	42	STIM=x
1975112	42	RESP=1
1989305	42	STIM=o
1995128	42	RESP=1
2006526	42	STIM=0
2015370	42	RESP=2
2022151	42	STIM=o
2026600	42	RESP=2
2039871	42	STIM=2
2046780	42	RESP=2
2057282	42	STIM=a
2060200	42	RESP=1
2073049	42	STIM=j
2077056	42	RESP=1
2088444	42	STIM=e
2094327	42	RESP=1
2104749	42	STIM=s
2114925	42	RESP=1
2122296	42	STIM=l
2128983	42	RESP=1
2137402	42	STIM=t
2141305	42	RESP=1
2154462	42	STIM=4
2160865	42	RESP=2
2173446	42	STIM=r
2176843	42	RESP=1
2191028	42	STIM=v
2198546	42	RESP=1
2209908	42	STIM=l
2216514	42	RESP=1
2226338	42	STIM=x
2229367	42	RESP=1
2244484	42	STIM=i
2251671	42	RESP=1
2262321	42	STIM=x
2268509	42	RESP=1
2279520	42	STIM=r
2283482	42	RESP=1
2298301	42	STIM=3
2305801	42	RESP=2
2313908	42	STIM=f
2318827	42	RESP=1
2332718	42	STIM=u
2338474	42	RESP=1
2351559	42	STIM=r
2359050	42	RESP=1
2368152	42	STIM=8
2373842	42	RESP=2
2383810	42	STIM=7
2390267	42	RESP=2
2399194	42	STIM=u
2403016	42	RESP=2
2416301	42	STIM=v
2419779	42	RESP=1
2432177	42	STIM=g
2434877	42	RESP=1
2449398	42	STIM=i
2455810	42	RESP=1
2467273	42	STIM=c
2474360	42	RESP=1
2484200	42	STIM=i
2487099	42	RESP=1
2502985	42	STIM=g
2506873	42	RESP=2
2518522	42	STIM=8
2522821	42	RESP=2
2534306	42	STIM=4
2539851	42	RESP=2
2549735	42	STIM=m
2556660	42	RESP=1
2566500	42	STIM=u
2570987	42	RESP=1
2584049	42	STIM=q
2587759	42	RESP=1
2599175	42	STIM=h
2605004	42	RESP=1
2615915	42	STIM=g
2622257	42	RESP=1
2631483	42	STIM=b
2639688	42	RESP=1
2650144	42	STIM=m
2654690	42	RESP=1
2668864	42	STIM=g
2676492	42	RESP=1
2685869	42	STIM=p
2693109	42	RESP=1
2702239	42	STIM=k
2705876	42	RESP=1
2720428	42	STIM=1
2727779	42	RESP=1
2737063	42	STIM=v
2746499	42	RESP=1
2753026	42	STIM=o
2757964	42	RESP=1
2769044	42	STIM=b
2772865	42	RESP=1
2785619	42	STIM=g
2792069	42	RESP=1
2803229	42	STIM=2
2810094	42	RESP=2
2818962	42	STIM=v
2823705	42	RESP=1
2834228	42	STIM=w
2839394	42	RESP=1
2852044	42	STIM=q
2859942	42	RESP=1
2869504	42	STIM=6
2876512	42	RESP=2
2884827	42	STIM=m
2889124	42	RESP=1
2902341	42	STIM=e
2907886	42	RESP=1
2919298	42	STIM=a
2927996	42	RESP=1
2935365	42	STIM=r
2941227	42	RESP=1
2954014	42	STIM=1
2958760	42	RESP=2
2969925	42	STIM=t
2973438	42	RESP=1
2985674	42	STIM=3
2990715	42	RESP=2
3001469	42	STIM=6
3009063	42	RESP=2
3020415	42	STIM=z
3025108	42	RESP=1
3036986	42	STIM=d
3043870	42	RESP=1
3054951	42	STIM=k
3063415	42	RESP=1
3070051	42	STIM=k
3075335	42	RESP=1
3087569	42	STIM=8
3097225	42	RESP=2
3104644	42	STIM=x
3108441	42	RESP=1
3123431	42	STIM=h
3128038	42	RESP=1
3140553	42	STIM=9
3146934	42	RESP=2
3155757	42	STIM=v
3162351	42	RESP=1
3171058	42	STIM=7
3178523	42	RESP=2
3187489	42	STIM=3
3192572	42	RESP=1
3202761	42	STIM=j
3210633	42	RESP=1
3217870	42	STIM=p
3225891	42	RESP=1
3233926	42	STIM=k
3239489	42	RESP=1
3251928	42	STIM=e
3256663	42	RESP=1
3268030	42	STIM=8
3274139	42	RESP=2
3285281	42	STIM=a
3289636	42	RESP=1
3301872	42	STIM=a
3306869	42	RESP=1
3320642	42	STIM=r
3324822	42	RESP=1
3336609	42	STIM=t
3340958	42	RESP=1
3353374	42	STIM=b
3358459	42	RESP=1
3371712	42	STIM=h
3376299	42	RESP=1
3387941	42	STIM=n
3395461	42	RESP=1
3404408	42	STIM=l
3409611	42	RESP=1
3420014	42	STIM=u
3423521	42	RESP=1
3436062	42	STIM=5
3444505	42	RESP=2
3453639	42	STIM=g
3464207	42	RESP=1
3471155	42	STIM=9
3475647	42	RESP=2
3489067	42	STIM=h
3491885	42	RESP=1
3507035	42	STIM=f
3511830	42	RESP=1
3522505	42	STIM=v
3526021	42	RESP=1
3540867	42	STIM=6
3547739	42	RESP=2
3559090	42	STIM=a
3563614	42	RESP=1
3577680	42	STIM=i
3583952	42	RESP=1
3593750	42	STIM=r
3597289	42	RESP=2
3609084	42	STIM=a
3613855	42	RESP=1
3627209	42	STIM=p
3634040	42	RESP=1
3642450	42	STIM=r
3648882	42	RESP=1
3658067	42	STIM=z
3664437	42	RESP=1
3674871	42	STIM=5
3682371	42	RESP=2
3692810	42	STIM=g
3696210	42	RESP=1
3708812	42	STIM=b
3717124	42	RESP=1
3725160	42	STIM=o
3734059	42	RESP=1
3741779	42	STIM=v
3747347	42	RESP=1
3757052	42	STIM=a
3763292	42	RESP=1
3774456	42	STIM=o
3782738	42	RESP=1
3790205	42	STIM=c
3793662	42	RESP=2
3806968	42	STIM=o
3810116	42	RESP=1
3822056	42	STIM=b
3827481	42	RESP=1
3839127	42	STIM=6
3846874	42	RESP=2
3854395	42	STIM=p
3858697	42	RESP=2
3872098	42	STIM=e
3876647	42	RESP=1
3890159	42	STIM=o
3895478	42	RESP=1
3906456	42	STIM=w
3909862	42	RESP=1
3922384	42	STIM=r
3925656	42	RESP=1
3940395	42	STIM=i
3946950	42	RESP=1
3958905	42	STIM=0
3967235	42	RESP=2
3977496	42	STIM=l
3982202	42	RESP=1
3994380	42	STIM=b
3997956	42	RESP=1
4010425	42	STIM=v
4018775	42	RESP=2
4028374	42	STIM=b
4033008	42	RESP=1
4044472	42	STIM=o
4048282	42	RESP=1
4062133	42	STIM=r
4066675	42	RESP=1
4080541	42	STIM=i
4086514	42	RESP=1
4098130	42	STIM=g
4104630	42	RESP=1
4116939	42	STIM=t
4122193	42	RESP=1
4134080	42	STIM=r
4143128	42	RESP=1
4151018	42	STIM=p
4161970	42	RESP=1
4166115	42	STIM=w
4177218	42	RESP=2
4182035	42	STIM=h
4189508	42	RESP=2
4199372	42	STIM=t
4205466	42	RESP=1
4217305	42	STIM=h
4223674	42	RESP=1
4233666	42	STIM=i
4241431	42	RESP=1
4250794	42	STIM=b
4257066	42	RESP=1
4269097	42	STIM=s
4274190	42	RESP=2
4284473	42	STIM=i
4289646	42	RESP=1
4300642	42	STIM=6
4309465	42	RESP=2
4316977	42	STIM=r
4321594	42	RESP=1
4334988	42	STIM=e
4342175	42	RESP=1
4353602	42	STIM=d
4360483	42	RESP=1
4372541	42	STIM=i
4378791	42	RESP=1
4388374	42	STIM=t
4394826	42	RESP=1
4403757	42	STIM=7
4413908	42	RESP=2
4419747	42	STIM=t
4426152	42	RESP=1
4435336	42	STIM=x
4442978	42	RESP=1
4453262	42	STIM=s
4458417	42	RESP=1
4469800	42	STIM=n
4472961	42	RESP=1
4485349	42	STIM=e
4489978	42	RESP=1
4503286	42	STIM=2
4511971	42	RESP=2
4518439	42	STIM=l
4521895	42	RESP=1
4534284	42	STIM=7
4539001	42	RESP=1
4551887	42	STIM=h
4559613	42	RESP=2
4568754	42	STIM=9
4577051	42	RESP=2
4586783	42	STIM=x
4594222	42	RESP=1
4605347	42	STIM=e
4612452	42	RESP=1
4624129	42	STIM=d
4627276	42	RESP=1
4640770	42	STIM=m
4646108	42	RESP=1
4657806	42	STIM=o
4665269	42	RESP=1
4674942	42	STIM=b
4678849	42	RESP=1
4692626	42	STIM=u
4698277	42	RESP=1
4711570	42	STIM=y
4714337	42	RESP=1
4727811	42	STIM=0
4739070	42	RESP=2
4744569	42	STIM=6
4748800	42	RESP=2
4761922	42	STIM=e
4767311	42	RESP=2
4777274	42	STIM=r
4784799	42	RESP=1
4795508	42	STIM=n
4800808	42	RESP=1
4810869	42	STIM=u
4815022	42	RESP=1
4829584	42	STIM=g
4835739	42	RESP=1
4847649	42	STIM=z
4854508	42	RESP=1
4862814	42	STIM=1
4872715	42	RESP=2
4878366	42	STIM=f
4881215	42	RESP=1
4893840	42	STIM=f
4898368	42	RESP=1
4908917	42	STIM=1
4915864	42	RESP=1
4927153	42	STIM=u
4931807	42	RESP=1
4943976	42	STIM=e
4951701	42	RESP=1
4959305	42	STIM=m
4962604	42	RESP=1
4975424	42	STIM=c
4982114	42	RESP=1
4991733	42	STIM=z
4995802	42	RESP=2
5010393	42	STIM=6
5020728	42	RESP=2
5027536	42	STIM=5
5038635	42	RESP=2
5046041	42	STIM=l
5050169	42	RESP=1
5063819	42	STIM=v
5068979	42	RESP=1
5080900	42	STIM=y
5088902	42	RESP=1
5099195	42	STIM=b
5104595	42	RESP=2
5115721	42	STIM=j
5120606	42	RESP=1
5131329	42	STIM=y
5136372	42	RESP=1
5148108	42	STIM=d
5153157	42	RESP=2
5167059	42	STIM=w
5172597	42	RESP=1
5183033	42	STIM=8
5191442	42	RESP=1
5200821	42	STIM=n
5204482	42	RESP=1
5216441	42	STIM=3
5221651	42	RESP=2
5232536	42	STIM=f
5237125	42	RESP=1
5250418	42	STIM=7
5255832	42	RESP=2
5266159	42	STIM=r
5269882	42	RESP=1
5281474	42	STIM=l
5286109	42	RESP=1
5300333	42	STIM=g
5306464	42	RESP=1
5318306	42	STIM=k
5323641	42	RESP=1
5333392	42	STIM=1
5339389	42	RESP=2
5351889	42	STIM=8
5361027	42	RESP=2
5369288	42	STIM=v
5374590	42	RESP=1
5384615	42	STIM=o
5391110	42	RESP=1
5403179	42	STIM=z
5417098	42	RESP=1
5421963	42	STIM=0
5428634	42	RESP=2
5440202	42	STIM=f
5448445	42	RESP=1
5456569	42	STIM=0
5464206	42	RESP=2
5474422	42	STIM=d
5481590	42	RESP=1
5493168	42	STIM=d
5496485	42	RESP=1
5511687	42	STIM=m
5515544	42	RESP=1
5526727	42	STIM=l
5530906	42	RESP=1
5543843	42	STIM=h
5548361	42	RESP=1
5559380	42	STIM=c
5563791	42	RESP=2
5578086	42	STIM=h
5585368	42	RESP=1
5593570	42	STIM=w
5598845	42	RESP=1
5609869	42	STIM=s
5614393	42	RESP=2
5628278	42	STIM=f
5631795	42	RESP=1
5645900	42	STIM=b
5654359	42	RESP=1
5663089	42	STIM=3
5669946	42	RESP=2
5680869	42	STIM=i
5686440	42	RESP=1
5698872	42	STIM=d
5704896	42	RESP=1
5714918	42	STIM=p
5718150	42	RESP=1
5733328	42	STIM=b
5740323	42	RESP=1
5751798	42	STIM=u
5758344	42	RESP=1
5768766	42	STIM=w
5775683	42	RESP=1
5785800	42	STIM=o
5791225	42	RESP=1
5801626	42	STIM=y
5808203	42	RESP=1
5818673	42	STIM=s
5822737	42	RESP=1
5834512	42	STIM=w
5840633	42	RESP=1
5849891	42	STIM=a
5857032	42	RESP=1
5865594	42	STIM=4
5873248	42	RESP=2
5883898	42	STIM=o
5896387	42	RESP=1
5899654	42	STIM=r
5907326	42	RESP=1
5916754	42	STIM=f
5921365	42	RESP=1
5931943	42	STIM=w
5935800	42	RESP=1
5948921	42	STIM=1
5955595	42	RESP=2
5966849	42	STIM=o
5971540	42	RESP=1
5984483	42	STIM=d
5990521	42	RESP=1
6002902	42	STIM=k
6011827	42	RESP=1
6018390	42	STIM=y
6021714	42	RESP=1
6036639	42	STIM=f
6040014	42	RESP=1
6054438	42	STIM=e
6060591	42	RESP=1
6069861	42	STIM=8
6078886	42	RESP=2
6085763	42	STIM=d
6089009	42	RESP=1
6102187	42	STIM=7
6107346	42	RESP=1
6117777	42	STIM=n
6125286	42	RESP=1
6136025	42	STIM=b
6139413	42	RESP=1
6152168	42	STIM=u
6159606	42	RESP=1
6170638	42	STIM=g
6173627	42	RESP=1
6186646	42	STIM=m
6191920	42	RESP=1
6204009	42	STIM=k
6210513	42	RESP=1
6222599	42	STIM=c
6229583	42	RESP=1
6240089	42	STIM=o
6248112	42	RESP=1
6258754	42	STIM=j
6264180	42	RESP=1
6276504	42	STIM=e
6281640	42	RESP=1
6295438	42	STIM=c
6301444	42	RESP=1
6312787	42	STIM=2
6320816	42	RESP=2
6328041	42	STIM=6
6336241	42	RESP=2
6343186	42	STIM=0
6351289	42	RESP=2
6358491	42	STIM=6
6365037	42	RESP=1
6374953	42	STIM=r
6382623	42	RESP=1
6392036	42	STIM=e
6395189	42	RESP=1
6410099	42	STIM=k
6417302	42	RESP=1
6427719	42	STIM=u
6430942	42	RESP=1
6446333	42	STIM=5
6452662	42	RESP=2
6462970	42	STIM=p
6468327	42	RESP=1
6481177	42	STIM=7
6487489	42	RESP=2
6498000	42	STIM=d
6505782	42	RESP=2
6514197	42	STIM=l
6519754	42	RESP=1
6529202	42	STIM=5
6536328	42	RESP=2
6547310	42	STIM=h
6554616	42	RESP=1
6563595	42	STIM=n
6569782	42	RESP=1
6579604	42	STIM=f
6584255	42	RESP=2
6595879	42	STIM=z
6600326	42	RESP=1
6614101	42	STIM=3
6623524	42	RESP=1
6629366	42	STIM=q
6633535	42	RESP=1
6648337	42	STIM=1
6656453	42	RESP=2
6666379	42	STIM=b
6671225	42	RESP=1
6684415	42	STIM=b
6688431	42	RESP=1
6702442	42	STIM=b
6709177	42	RESP=1
6720594	42	STIM=q
6729145	42	RESP=1
6736410	42	STIM=9
6743223	42	RESP=2
6751661	42	STIM=j
6757352	42	RESP=1
6769878	42	STIM=p
6775251	42	RESP=1
6785641	42	STIM=r
6791207	42	RESP=1
6803822	42	STIM=w
6808380	42	RESP=1
6821375	42	STIM=u
6826651	42	RESP=1
6836504	42	STIM=r
6840265	42	RESP=2
6855283	42	STIM=u
6861265	42	RESP=1
6871521	42	STIM=k
6881494	42	RESP=1
6889767	42	STIM=c
6897004	42	RESP=1
6905592	42	STIM=h
6911822	42	RESP=1
6923681	42	STIM=q
6931129	42	RESP=1
6939777	42	STIM=n
6945710	42	RESP=1
6958130	42	STIM=f
6961882	42	RESP=1
6975397	42	STIM=f
6981742	42	RESP=2
6992019	42	STIM=q
6996752	42	RESP=1
7009470	42	STIM=l
7014545	42	RESP=1
7027878	42	STIM=c
7033392	42	RESP=1
7043703	42	STIM=y
7048755	42	RESP=1
7061713	42	STIM=y
7070032	42	RESP=1
7078852	42	STIM=o
7084849	42	RESP=1
7095938	42	STIM=m
7099910	42	RESP=1
7114539	42	STIM=x
7119043	42	RESP=1
7130191	42	STIM=s
7139734	42	RESP=1
7147249	42	STIM=u
7151393	42	RESP=1
7166195	42	STIM=t
7169849	42	RESP=1
7183817	42	STIM=o
7188593	42	RESP=1
7201484	42	STIM=g
7205445	42	RESP=1
7217027	42	STIM=b
7222779	42	RESP=1
7234136	42	STIM=n
7238579	42	RESP=1
7250610	42	STIM=i
7255225	42	RESP=1
7267531	42	STIM=a
7272572	42	RESP=1
7283465	42	STIM=j
7291350	42	RESP=1
7299101	42	STIM=3
7308240	42	RESP=2
7317720	42	STIM=w
7322805	42	RESP=1
7336243	42	STIM=i
7342629	42	RESP=1
7351294	42	STIM=b
7362165	42	RESP=1
7369177	42	STIM=r
7372621	42	RESP=1
7386316	42	STIM=9
7393681	42	RESP=2
7401694	42	STIM=p
7406138	42	RESP=1
7416712	42	STIM=5
7426190	42	RESP=2
7432768	42	STIM=x
7436564	42	RESP=1
7450079	42	STIM=c
7457325	42	RESP=1
7467233	42	STIM=q
7471060	42	RESP=1
7485569	42	STIM=q
7489225	42	RESP=1
7501217	42	STIM=l
7506878	42	RESP=1
7516455	42	STIM=8
7524939	42	RESP=2
7535074	42	STIM=r
7542333	42	RESP=1
7552093	42	STIM=9
7556897	42	RESP=2
7569856	42	STIM=6
7575089	42	RESP=2
7587328	42	STIM=r
7594585	42	RESP=1
7604897	42	STIM=t
7609294	42	RESP=1
7621025	42	STIM=e
7624223	42	RESP=1
7636832	42	STIM=f
7641439	42	RESP=1
7652421	42	STIM=u
7659414	42	RESP=1
7671245	42	STIM=a
7674406	42	RESP=1
7688484	42	STIM=k
7695800	42	RESP=1
7704431	42	STIM=d
7711444	42	RESP=1
7722749	42	STIM=b
7732713	42	RESP=1
7738884	42	STIM=k
7743738	42	RESP=1
7754453	42	STIM=4
7761041	42	RESP=2
7769520	42	STIM=4
7774475	42	RESP=2
7787814	42	STIM=w
7794980	42	RESP=1
7805127	42	STIM=g
7811501	42	RESP=1
7821639	42	STIM=q
7827772	42	RESP=1
7838379	42	STIM=c
7841231	42	RESP=1
7855322	42	STIM=j
7861731	42	RESP=1
7870347	42	STIM=p
7876356	42	RESP=1
7885837	42	STIM=3
7893618	42	RESP=2
7901632	42	STIM=q
7907811	42	RESP=1
7919245	42	STIM=v
7925571	42	RESP=1
7935643	42	STIM=u
7947848	42	RESP=1
7951149	42	STIM=4
7956523	42	RESP=2
7969903	42	STIM=1
7974922	42	RESP=2
7986998	42	STIM=x
7991409	42	RESP=1
8004723	42	STIM=r
8013417	42	RESP=1
8023294	42	STIM=r
8027912	42	RESP=1
8041140	42	STIM=n
8050205	42	RESP=2
8057356	42	STIM=y
8064862	42	RESP=1
8072732	42	STIM=p
8075072	42	RESP=1
8090474	42	STIM=d
8094525	42	RESP=1
8105927	42	STIM=f
8111060	42	RESP=1
8122422	42	STIM=c
8127106	42	RESP=1
8139003	42	STIM=9
8146553	42	RESP=2
8156942	42	STIM=p
8162395	42	RESP=1
8173718	42	STIM=z
8181743	42	RESP=1
8191337	42	STIM=c
8196528	42	RESP=1
8208001	42	STIM=i
8213056	42	RESP=1
8223331	42	STIM=z
8232671	42	RESP=1
8240909	42	STIM=k
8251285	42	RESP=1
8259881	42	STIM=k
8266335	42	RESP=1
8276416	42	STIM=z
8283126	42	RESP=1
8293134	42	STIM=5
8299912	42	RESP=2
8308160	42	STIM=u
8315127	42	RESP=2
8325751	42	STIM=8
8331198	42	RESP=2
8343594	42	STIM=f
8353057	42	RESP=1
8361998	42	STIM=7
8369298	42	RESP=2
8378504	42	STIM=6
8386946	42	RESP=2
8394497	42	STIM=w
8400037	42	RESP=1
8412921	42	STIM=0
8418872	42	RESP=2
8431430	42	STIM=l
8439595	42	RESP=1
8446854	42	STIM=h
8454786	42	RESP=1
8463042	42	STIM=h
8470545	42	RESP=1
8481329	42	STIM=v
8485116	42	RESP=1
8497245	42	STIM=o
8502195	42	RESP=2
8513290	42	STIM=r
8515658	42	RESP=1
8530556	42	STIM=2
8536971	42	RESP=2
8549369	42	STIM=f
8560095	42	RESP=1
8565095	42	STIM=b
8569148	42	RESP=1
8582037	42	STIM=g
8587110	42	RESP=1
8598358	42	STIM=8
8603678	42	RESP=2
8614837	42	STIM=s
8622704	42	RESP=1
8631490	42	STIM=t
8635733	42	RESP=1
8647385	42	STIM=v
8652174	42	RESP=1
8665606	42	STIM=h
8670702	42	RESP=1
8681075	42	STIM=h
8689027	42	RESP=1
8697069	42	STIM=8
8704146	42	RESP=2
8713020	42	STIM=e
8716620	42	RESP=1
8730079	42	STIM=x
8733841	42	RESP=1
8745384	42	STIM=m
8750699	42	RESP=1
8763586	42	STIM=w
8769337	42	RESP=1
8781898	42	STIM=2
8786435	42	RESP=2
8797135	42	STIM=u
8800373	42	RESP=1
8814687	42	STIM=h
8823707	42	RESP=1
8833564	42	STIM=g
8841343	42	RESP=1
8849146	42	STIM=z
8853516	42	RESP=1
8868011	42	STIM=i
8873196	42	RESP=1
8885226	42	STIM=5
8891949	42	RESP=1
8902000	42	STIM=2
8907219	42	RESP=2
8918822	42	STIM=w
8925549	42	RESP=1
8935815	42	STIM=h
8942902	42	RESP=1
8952165	42	STIM=v
8955721	42	RESP=1
8970327	42	STIM=z
8976692	42	RESP=1
8987166	42	STIM=y
8990485	42	RESP=1
9003269	42	STIM=l
9007441	42	RESP=1
9019390	42	STIM=m
9024093	42	RESP=1
9037915	42	STIM=d
9043884	42	RESP=1
9054157	42	STIM=l
9062168	42	RESP=1
9072156	42	STIM=s
9082672	42	RESP=1
9089100	42	STIM=x
9096300	42	RESP=1
9107527	42	STIM=k
9110548	42	RESP=1
9125388	42	STIM=x
9131046	42	RESP=1
9141525	42	STIM=k
9145944	42	RESP=1
9156877	42	STIM=z
9163189	42	RESP=1
9175411	42	STIM=y
9180005	42	RESP=1
9194025	42	STIM=t
9200274	42	RESP=1
9210960	42	STIM=z
9217260	42	RESP=1
9228592	42	STIM=u
9235731	42	RESP=1
9245874	42	STIM=b
9251517	42	RESP=1
9261210	42	STIM=w
9266993	42	RESP=1
9278358	42	STIM=3
9286990	42	RESP=2
9295077	42	STIM=w
9300732	42	RESP=1
9311401	42	STIM=n
9314431	42	RESP=1
9326702	42	STIM=9
9332952	42	RESP=2
9344157	42	STIM=f
9353212	42	RESP=1
9361550	42	STIM=h
9366979	42	RESP=1
9376954	42	STIM=9
9381708	42	RESP=2
9392791	42	STIM=k
9395968	42	RESP=1
9410921	42	STIM=i
9417422	42	RESP=1
9428687	42	STIM=o
9433615	42	RESP=1
9447435	42	STIM=i
9450835	42	RESP=1
9465995	42	STIM=e
9471940	42	RESP=1
9481867	42	STIM=g
9488174	42	RESP=1
9497073	42	STIM=s
9503362	42	RESP=1
9513010	42	STIM=p
9518244	42	RESP=1
9531851	42	STIM=f
9539239	42	RESP=1
9549949	42	STIM=c
9558325	42	RESP=1
9567859	42	STIM=d
9571838	42	RESP=1
9583906	42	STIM=m
9593562	42	RESP=1
9602891	42	STIM=2
9616896	42	RESP=2
9618902	42	STIM=o
9625479	42	RESP=1
9635269	42	STIM=y
9641181	42	RESP=1
9651170	42	STIM=o
9657880	42	RESP=1
9667168	42	STIM=5
9676327	42	RESP=2
9684030	42	STIM=2
9688521	42	RESP=2
9699814	42	STIM=a
9705846	42	RESP=1
9718716	42	STIM=8
9725685	42	RESP=2
9736568	42	STIM=7
9743527	42	RESP=1
9751752	42	STIM=b
9755440	42	RESP=1
9769460	42	STIM=6
9779354	42	RESP=2
9786702	42	STIM=r
9792161	42	RESP=1
9805462	42	STIM=h
9810907	42	RESP=1
9823040	42	STIM=x
9829690	42	RESP=1
9838679	42	STIM=x
9843831	42	RESP=1
9856889	42	STIM=q
9860601	42	RESP=1
9872634	42	STIM=f
9876278	42	RESP=1
9889039	42	STIM=p
9894417	42	RESP=1
9907212	42	STIM=v
9912092	42	RESP=1
9925726	42	STIM=l
9932117	42	RESP=1
9941933	42	STIM=q
9949163	42	RESP=1
9957472	42	STIM=0
9962449	42	RESP=1
9972633	42	STIM=m
9977615	42	RESP=1
9990851	42	STIM=s
9994619	42	RESP=1
10009428	42	STIM=n
10014924	42	RESP=1
10024621	42	STIM=b
10028832	42	RESP=1
10043456	42	STIM=y
10054730	42	RESP=1
10061378	42	STIM=d
10067668	42	RESP=1
10078145	42	STIM=y
10083264	42	RESP=1
10093639	42	STIM=w
10097303	42	RESP=1
10112503	42	STIM=s
10117905	42	RESP=2
10127792	42	STIM=8
10137541	42	RESP=2
10144859	42	STIM=j
10148331	42	RESP=1
10163281	42	STIM=4
10168938	42	RESP=1
10178601	42	STIM=0
10183372	42	RESP=2
10195065	42	STIM=7
10203475	42	RESP=2
10210504	42	STIM=f
10216051	42	RESP=1
10227594	42	STIM=o
10232528	42	RESP=1
10245552	42	STIM=a
10249431	42	RESP=1
10263063	42	STIM=h
10268962	42	RESP=1
10279663	42	STIM=i
10283833	42	RESP=1
10295219	42	STIM=5
10301327	42	RESP=2
10310416	42	STIM=i
10313999	42	RESP=1
10328971	42	STIM=o
10336634	42	RESP=1
10346450	42	STIM=h
10351756	42	RESP=1
10361522	42	STIM=3
10368589	42	RESP=2
10377323	42	STIM=g
10382256	42	RESP=2
10393623	42	STIM=e
10398663	42	RESP=1
10412598	42	STIM=o
10416851	42	RESP=1
10431587	42	STIM=e
10436186	42	RESP=1
10449442	42	STIM=2
10456404	42	RESP=2
10464548	42	STIM=2
10470819	42	RESP=2
10483427	42	STIM=9
10490265	42	RESP=2
10501116	42	STIM=0
10516447	42	RESP=2
10520106	42	STIM=c
10523469	42	RESP=1
10535364	42	STIM=4
10541381	42	RESP=2
10554109	42	STIM=q
10559604	42	RESP=1
10572115	42	STIM=u
10576527	42	RESP=1
10587429	42	STIM=m
10591882	42	RESP=2
10605015	42	STIM=i
10613962	42	RESP=1
10620680	42	STIM=y
10626833	42	RESP=1
10638667	42	STIM=y
10647629	42	RESP=1
10657311	42	STIM=5
10663001	42	RESP=2
10674592	42	STIM=f
10682490	42	RESP=1
10692058	42	STIM=h
10701724	42	RESP=1
10709212	42	STIM=l
10712129	42	RESP=1
10724585	42	STIM=e
10729966	42	RESP=1
10743489	42	STIM=v
10748939	42	RESP=1
10761986	42	STIM=w
10768561	42	RESP=1
10777674	42	STIM=r
10785468	42	RESP=1
10795721	42	STIM=8
10802985	42	RESP=2
10812152	42	STIM=4
10824920	42	RESP=2
10827820	42	STIM=j
10832156	42	RESP=1
10845195	42	STIM=3
10851229	42	RESP=2
10864047	42	STIM=a
10871025	42	RESP=1
10880255	42	STIM=k
10888329	42	RESP=1
10897057	42	STIM=t
10906842	42	RESP=1
10915275	42	STIM=b
10920376	42	RESP=2
10931509	42	STIM=d
10936437	42	RESP=1
10947483	42	STIM=u
10953561	42	RESP=1
10964947	42	STIM=3
10970600	42	RESP=2
10983537	42	STIM=2
10990563	42	RESP=2
11001012	42	STIM=8
11013067	42	RESP=2
11018159	42	STIM=q
11024125	42	RESP=1
11035517	42	STIM=y
11039465	42	RESP=1
11051823	42	STIM=d
11057916	42	RESP=1
11068844	42	STIM=1
11077609	42	RESP=2
11086138	42	STIM=7
11091039	42	RESP=2
11102854	42	STIM=1
11112140	42	RESP=2
11118918	42	STIM=5
11124205	42	RESP=2
11135393	42	STIM=u
11144411	42	RESP=1
11154004	42	STIM=k
11160432	42	RESP=1
11169496	42	STIM=r
11176075	42	RESP=1
11186843	42	STIM=y
11189726	42	RESP=1
11203924	42	STIM=z
11208826	42	RESP=1
11219939	42	STIM=i
11230724	42	RESP=1
11237757	42	STIM=d
11241879	42	RESP=1
11254172	42	STIM=m
11260184	42	RESP=1
11271616	42	STIM=3
11277358	42	RESP=2
11288917	42	STIM=y
11293464	42	RESP=1
11306847	42	STIM=o
11311306	42	RESP=1
11324420	42	STIM=v
11337785	42	RESP=1
11342368	42	STIM=4
11348555	42	RESP=2
11360103	42	STIM=k
11369819	42	RESP=1
11375484	42	STIM=7
11380404	42	RESP=2
11391718	42	STIM=6
11397653	42	RESP=2
11409994	42	STIM=u
11414444	42	RESP=1
11428442	42	STIM=q
11431453	42	RESP=1
11444481	42	STIM=r
11449921	42	RESP=1
11461478	42	STIM=u
11472502	42	RESP=1
11478202	42	STIM=t
11483343	42	RESP=1
11493527	42	STIM=x
11500304	42	RESP=1
11509553	42	STIM=8
11516906	42	RESP=2
11525847	42	STIM=t
11531314	42	RESP=1
11543281	42	STIM=2
11549659	42	RESP=2
11559764	42	STIM=l
11564299	42	RESP=1
11576350	42	STIM=g
11580379	42	RESP=1
11594034	42	STIM=3
11602737	42	RESP=2
11610905	42	STIM=c
11623698	42	RESP=1
11626226	42	STIM=s
11631970	42	RESP=2
11643774	42	STIM=i
11647792	42	RESP=1
11661935	42	STIM=a
11667356	42	RESP=1
11679965	42	STIM=l
11683756	42	RESP=1
11697853	42	STIM=o
11704330	42	RESP=1
11714852	42	STIM=u
11718641	42	RESP=1
11732791	42	STIM=i
11737683	42	RESP=1
11751056	42	STIM=o
11756141	42	RESP=1
11766319	42	STIM=m
11772335	42	RESP=1
11781565	42	STIM=h
11789707	42	RESP=1
11799475	42	STIM=c
11808353	42	RESP=1
11816094	42	STIM=c
11821791	42	RESP=2
11833824	42	STIM=w
11839289	42	RESP=1
11851257	42	STIM=e
11856784	42	RESP=1
11866774	42	STIM=n
11870820	42	RESP=1
11882748	42	STIM=d
11887207	42	RESP=1
11897903	42	STIM=n
11909348	42	RESP=1
11916719	42	STIM=g
11923736	42	RESP=1
11934568	42	STIM=i
11938914	42	RESP=1
11951820	42	STIM=i
11956286	42	RESP=1
11970089	42	STIM=j
11974096	42	RESP=1
11987701	42	STIM=r
11995518	42	RESP=1
12004366	42	STIM=h
12009591	42	RESP=1
12020996	42	STIM=c
12028763	42	RESP=1
12039516	42	STIM=y
12053410	42	RESP=1
12057288	42	STIM=r
12064108	42	RESP=1
12074104	42	STIM=e
12080825	42	RESP=1
12090580	42	STIM=n
12094829	42	RESP=1
12108330	42	STIM=q
12117367	42	RESP=1
12127030	42	STIM=w
12130828	42	RESP=1
12145231	42	STIM=1
12151989	42	RESP=1
12161502	42	STIM=j
12169126	42	RESP=1
12179881	42	STIM=n
12187409	42	RESP=1
12197052	42	STIM=s
12203557	42	RESP=1
12215164	42	STIM=2
12221540	42	RESP=2
12233164	42	STIM=1
12238736	42	RESP=2
12248736	42	STIM=t
12252788	42	RESP=1
12266800	42	STIM=3
12276538	42	RESP=2
12282116	42	STIM=t
12294437	42	RESP=1
12299978	42	STIM=u
12305829	42	RESP=1
12315392	42	STIM=d
12318515	42	RESP=1
12334058	42	STIM=v
12338611	42	RESP=1
12350002	42	STIM=o
12354129	42	RESP=2
12366173	42	STIM=d
12375103	42	RESP=1
12383375	42	STIM=v
12387655	42	RESP=1
12400761	42	STIM=0
12408927	42	RESP=2
12417731	42	STIM=t
12422950	42	RESP=1
12434470	42	STIM=q
12437683	42	RESP=1
12449580	42	STIM=h
12455677	42	RESP=1
12465320	42	STIM=6
12472269	42	RESP=2
12482925	42	STIM=w
12488085	42	RESP=1
12498511	42	STIM=q
12508757	42	RESP=1
12517374	42	STIM=w
12524319	42	RESP=1
12533462	42	STIM=9
12539317	42	RESP=1
12549906	42	STIM=c
12561987	42	RESP=1
12565848	42	STIM=3
12571991	42	RESP=2
12583999	42	STIM=v
12590336	42	RESP=1
12600525	42	STIM=f
12605954	42	RESP=1
12618451	42	STIM=j
12621593	42	RESP=1
12637093	42	STIM=h
12640769	42	RESP=1
12654268	42	STIM=o
12659063	42	RESP=1
12672976	42	STIM=p
12681061	42	RESP=1
12689748	42	STIM=p
12693996	42	RESP=1
12708063	42	STIM=t
12713230	42	RESP=1
12725848	42	STIM=d
12732295	42	RESP=1
12742808	42	STIM=o
12746976	42	RESP=1
12757977	42	STIM=g
12765985	42	RESP=2
12773785	42	STIM=e
12779095	42	RESP=1
12792286	42	STIM=h
12798343	42	RESP=1
12808146	42	STIM=4
12813535	42	RESP=2
12826857	42	STIM=p
12832225	42	RESP=1
12842796	42	STIM=g
12847794	42	RESP=1
12861514	42	STIM=c
12869079	42	RESP=1
12877131	42	STIM=e
12883336	42	RESP=1
12895387	42	STIM=2
12899218	42	RESP=2
12913216	42	STIM=m
12923692	42	RESP=1
12931464	42	STIM=1
12936962	42	RESP=2
12946624	42	STIM=z
12950495	42	RESP=1
12964653	42	STIM=r
12967906	42	RESP=1
12981450	42	STIM=h
12987619	42	RESP=1
12996558	42	STIM=a
13002197	42	RESP=1
13012898	42	STIM=f
13016381	42	RESP=1
13031365	42	STIM=b
13035559	42	RESP=1
13047769	42	STIM=o
13051207	42	RESP=1
13065354	42	STIM=y
13072937	42	RESP=1
13080460	42	STIM=u
13087961	42	RESP=1
13095878	42	STIM=y
13100482	42	RESP=1
13111205	42	STIM=s
13117335	42	RESP=1
13126890	42	STIM=s
13132721	42	RESP=1
13144430	42	STIM=6
13149079	42	RESP=1
13162875	42	STIM=8
13166974	42	RESP=2
13179647	42	STIM=c
13184224	42	RESP=2
13195087	42	STIM=q
13197996	42	RESP=1
13213873	42	STIM=2
13219357	42	RESP=2
13230627	42	STIM=s
13233928	42	RESP=1
13246378	42	STIM=0
13258854	42	RESP=2
13264927	42	STIM=m
13271243	42	RESP=1
13281720	42	STIM=e
13288309	42	RESP=1
13297167	42	STIM=b
13305639	42	RESP=1
13315348	42	STIM=n
13322554	42	RESP=2
13331607	42	STIM=d
13335975	42	RESP=1
13349234	42	STIM=i
13353162	42	RESP=1
13366699	42	STIM=b
13372328	42	RESP=1
13382850	42	STIM=u
13388865	42	RESP=1
13401210	42	STIM=p
13409178	42	RESP=1
13416997	42	STIM=c
13420745	42	RESP=1
13435018	42	STIM=o
13438932	42	RESP=1
13453052	42	STIM=1
13461594	42	RESP=1
13468865	42	STIM=g
13472210	42	RESP=1
13487820	42	STIM=p
13493004	42	RESP=1
13505313	42	STIM=x
13508980	42	RESP=1
13520684	42	STIM=v
13523501	42	RESP=1
13536436	42	STIM=y
13542208	42	RESP=2
13554646	42	STIM=b
13558315	42	RESP=1
13571966	42	STIM=4
13577626	42	RESP=2
13589792	42	STIM=6
13594355	42	RESP=2
13606755	42	STIM=t
13613714	42	RESP=1
13621961	42	STIM=7
13628141	42	RESP=2
13637227	42	STIM=i
13642848	42	RESP=1
13654514	42	STIM=r
13660037	42	RESP=1
13671917	42	STIM=y
13675187	42	RESP=1
13687887	42	STIM=m
13694797	42	RESP=1
13704301	42	STIM=i
13707670	42	RESP=1
13719553	42	STIM=k
13728559	42	RESP=2
13738486	42	STIM=q
13745734	42	RESP=1
13754549	42	STIM=z
13758855	42	RESP=1
13772250	42	STIM=6
13777580	42	RESP=2
13789209	42	STIM=x
13794549	42	RESP=1
13804743	42	STIM=t
13813442	42	RESP=1
13820125	42	STIM=u
13823583	42	RESP=1
13838908	42	STIM=l
13845247	42	RESP=1
13854965	42	STIM=h
13864047	42	RESP=1
13872826	42	STIM=8
13881395	42	RESP=2
13889202	42	STIM=e
13896810	42	RESP=1
13904266	42	STIM=h
13909682	42	RESP=1
13922368	42	STIM=n
13933209	42	RESP=1
13940776	42	STIM=e
13945782	42	RESP=1
13958686	42	STIM=s
13963169	42	RESP=1
13976979	42	STIM=q
13980958	42	RESP=1
13994740	42	STIM=c
13999483	42	RESP=1
14012919	42	STIM=t
14021741	42	RESP=1
14031910	42	STIM=7
14038411	42	RESP=2
14049671	42	STIM=1
14061500	42	RESP=2
14068297	42	STIM=x
14074152	42	RESP=1
14084808	42	STIM=n
14089719	42	RESP=1
14102871	42	STIM=l
14108078	42	RESP=1
14119257	42	STIM=v
14132191	42	RESP=1
14137452	42	STIM=f
14141859	42	RESP=1
14152468	42	STIM=6
14156452	42	RESP=2
14169637	42	STIM=g
14176154	42	RESP=1
14185456	42	STIM=w
14192625	42	RESP=1
14202768	42	STIM=x
14208458	42	RESP=1
14221457	42	STIM=k
14225071	42	RESP=1
14238678	42	STIM=6
14246183	42	RESP=2
14255782	42	STIM=g
14261270	42	RESP=1
14274746	42	STIM=f
14281312	42	RESP=1
14292874	42	STIM=0
14299578	42	RESP=2
14308736	42	STIM=v
14312587	42	RESP=1
14324699	42	STIM=f
14328616	42	RESP=1
14343633	42	STIM=i
14354793	42	RESP=1
14362574	42	STIM=j
14371794	42	RESP=1
14378211	42	STIM=1
14384925	42	RESP=2
14394546	42	STIM=f
14402789	42	RESP=1
14412904	42	STIM=w
14415853	42	RESP=1
14429301	42	STIM=u
14434929	42	RESP=1
14445490	42	STIM=m
14452114	42	RESP=1
14462133	42	STIM=c
14466319	42	RESP=1
14479225	42	STIM=b
14485419	42	RESP=1
14495410	42	STIM=y
14501006	42	RESP=1
14514134	42	STIM=r
14518357	42	RESP=1
14531631	42	STIM=v
14538507	42	RESP=1
14548973	42	STIM=l
14551790	42	RESP=1
14567360	42	STIM=i
14571454	42	RESP=1
14583163	42	STIM=i
14587664	42	RESP=1
14602013	42	STIM=x
14606149	42	RESP=1
14618174	42	STIM=l
14622962	42	RESP=1
14635622	42	STIM=r
14639671	42	RESP=1
14653301	42	STIM=y
14659708	42	RESP=1
14671629	42	STIM=m
14682414	42	RESP=1
14690113	42	STIM=l
14698241	42	RESP=1
14706363	42	STIM=u
14711699	42	RESP=1
14721809	42	STIM=7
14726782	42	RESP=1
14736972	42	STIM=r
14741711	42	RESP=1
14755889	42	STIM=d
14760517	42	RESP=1
14772640	42	STIM=u
14781741	42	RESP=1
14791556	42	STIM=u
14797444	42	RESP=1
14806649	42	STIM=3
14812216	42	RESP=1
14824241	42	STIM=g
14830301	42	RESP=1
14841517	42	STIM=n
14847734	42	RESP=1
14857384	42	STIM=g
14862715	42	RESP=1
14875567	42	STIM=x
14881109	42	RESP=1
14891120	42	STIM=i
14896075	42	RESP=1
14907654	42	STIM=k
14913006	42	RESP=1
14925918	42	STIM=k
14932872	42	RESP=1
14942174	42	STIM=j
14947287	42	RESP=1
14961126	42	STIM=o
14966490	42	RESP=1
14978113	42	STIM=t
14982121	42	RESP=1
14994111	42	STIM=s
14999547	42	RESP=1
15010774	42	STIM=6
15021191	42	RESP=2
15028599	42	STIM=y
15038388	42	RESP=1
15043983	42	STIM=8
15051296	42	RESP=2
15059052	42	STIM=u
15064448	42	RESP=2
15074793	42	STIM=d
15084494	42	RESP=1
15092630	42	STIM=l
15100355	42	RESP=1
15109283	42	STIM=c
15113035	42	RESP=1
15126425	42	STIM=f
15136405	42	RESP=1
15144138	42	STIM=s
15147910	42	RESP=1
15162029	42	STIM=s
15172394	42	RESP=1
15178448	42	STIM=k
15182186	42	RESP=1
15194426	42	STIM=t
15204327	42	RESP=1
15209451	42	STIM=v
15218036	42	RESP=1
15224893	42	STIM=u
15236834	42	RESP=1
15242125	42	STIM=g
15246360	42	RESP=1
15258116	42	STIM=o
15268470	42	RESP=1
15276413	42	STIM=p
15279692	42	RESP=1
15295076	42	STIM=j
15300034	42	RESP=1
15312899	42	STIM=a
15319580	42	RESP=1
15330648	42	STIM=g
15335011	42	RESP=1
15346746	42	STIM=k
15352309	42	RESP=1
15364162	42	STIM=l
15372035	42	RESP=1
15380566	42	STIM=d
15384845	42	RESP=1
15398018	42	STIM=p
15401779	42	RESP=1
15413895	42	STIM=8
15419649	42	RESP=2
15432592	42	STIM=g
15436875	42	RESP=1
15450805	42	STIM=p
15455045	42	RESP=1
15466699	42	STIM=6
15472311	42	RESP=1
15484664	42	STIM=j
15488800	42	RESP=1
15502893	42	STIM=z
15506417	42	RESP=1
15520353	42	STIM=f
15523797	42	RESP=1
15537891	42	STIM=h
15544329	42	RESP=1
15554187	42	STIM=m
15557738	42	RESP=1
15569575	42	STIM=s
15576646	42	RESP=1
15585156	42	STIM=m
15589373	42	RESP=1
15602331	42	STIM=v
15617160	42	RESP=1
15618043	42	STIM=h
15624622	42	RESP=1
15635046	42	STIM=g
15640608	42	RESP=1
15651060	42	STIM=x
15658138	42	RESP=1
15667069	42	STIM=q
15673410	42	RESP=1
15685897	42	STIM=z
15690321	42	RESP=1
15701766	42	STIM=y
15708241	42	RESP=1
15720362	42	STIM=n
15730178	42	RESP=1
15736574	42	STIM=g
15742020	42	RESP=1
15754235	42	STIM=w
15758772	42	RESP=1
15772784	42	STIM=a
15780463	42	RESP=1
15789362	42	STIM=a
15798589	42	RESP=1
15808175	42	STIM=h
15813531	42	RESP=1
15824997	42	STIM=o
15830372	42	RESP=1
15840972	42	STIM=l
15846757	42	RESP=1
15859570	42	STIM=e
15864755	42	RESP=1
15877070	42	STIM=d
15880757	42	RESP=1
15895742	42	STIM=8
15900723	42	RESP=2
15911860	42	STIM=r
15918071	42	RESP=1
15928253	42	STIM=l
15933781	42	RESP=1
15947162	42	STIM=0
15956691	42	RESP=2
15963729	42	STIM=b
15971121	42	RESP=1
15980220	42	STIM=w
15982925	42	RESP=1
15996315	42	STIM=q
16007727	42	RESP=1
16011952	42	STIM=q
16019199	42	RESP=1
16030484	42	STIM=b
16038190	42	RESP=1
16049432	42	STIM=z
16057062	42	RESP=1
16065842	42	STIM=q
16071014	42	RESP=1
16083552	42	STIM=a
16086976	42	RESP=1
16101155	42	STIM=o
16113962	42	RESP=2
16118285	42	STIM=b
16124239	42	RESP=1
16136590	42	STIM=9
16141640	42	RESP=2
16151687	42	STIM=a
16156155	42	RESP=1
16166775	42	STIM=7
16172304	42	RESP=2
16183834	42	STIM=2
16188840	42	RESP=2
16202509	42	STIM=3
16207641	42	RESP=2
16218093	42	STIM=c
16222540	42	RESP=1
16236782	42	STIM=h
16241473	42	RESP=1
16254915	42	STIM=t
16261497	42	RESP=1
16270664	42	STIM=l
16275183	42	RESP=1
16286570	42	STIM=a
16291294	42	RESP=1
16303020	42	STIM=p
16307019	42	RESP=1
16321656	42	STIM=5
16326299	42	RESP=2
16337769	42	STIM=c
16348777	42	RESP=1
16353734	42	STIM=9
16368468	42	RESP=2
16371353	42	STIM=7
16378737	42	RESP=2
16390230	42	STIM=x
16397220	42	RESP=1
16407768	42	STIM=n
16414839	42	RESP=1
16424440	42	STIM=b
16431523	42	RESP=1
16440376	42	STIM=z
16443662	42	RESP=2
16457922	42	STIM=g
16462160	42	RESP=1
16475995	42	STIM=h
16482537	42	RESP=1
16493732	42	STIM=h
16500143	42	RESP=1
16512130	42	STIM=u
16519520	42	RESP=1
16527682	42	STIM=v
16535345	42	RESP=1
16546666	42	STIM=4
16554284	42	RESP=2
16565650	42	STIM=r
16572027	42	RESP=1
16583305	42	STIM=8
16589872	42	RESP=2
16601209	42	STIM=o
16606300	42	RESP=1
16617322	42	STIM=w
16620991	42	RESP=1
16634171	42	STIM=u
16640018	42	RESP=1
16649814	42	STIM=l
16653359	42	RESP=1
16667619	42	STIM=w
16674357	42	RESP=1
16683201	42	STIM=g
16688460	42	RESP=1
16701561	42	STIM=d
16707604	42	RESP=1
16718068	42	STIM=1
16723811	42	RESP=1
16735625	42	STIM=j
16740347	42	RESP=1
16752352	42	STIM=3
16760280	42	RESP=2
16770970	42	STIM=m
16778549	42	RESP=1
16788558	42	STIM=s
16793334	42	RESP=1
16804990	42	STIM=i
16811577	42	RESP=1
16821607	42	STIM=i
16826027	42	RESP=1
16837067	42	STIM=n
16839500	42	RESP=1
16854907	42	STIM=o
16859572	42	RESP=1
16870387	42	STIM=s
16873098	42	RESP=1
16886488	42	STIM=i
16893323	42	RESP=1
16902651	42	STIM=k
16906672	42	RESP=2
16920198	42	STIM=b
16928852	42	RESP=1
16936261	42	STIM=t
16943145	42	RESP=1
16952794	42	STIM=k
16959232	42	RESP=1
16968702	42	STIM=y
16971982	42	RESP=1
16986125	42	STIM=w
16992360	42	RESP=1
17001670	42	STIM=3
17008518	42	RESP=1
17019675	42	STIM=q
17024089	42	RESP=1
17036405	42	STIM=7
17041463	42	RESP=2
17053309	42	STIM=j
17064007	42	RESP=1
17069872	42	STIM=7
17074578	42	RESP=1
17086936	42	STIM=j
17095112	42	RESP=1
17103524	42	STIM=i
17112129	42	RESP=1
17120741	42	STIM=d
17131447	42	RESP=1
17137482	42	STIM=n
17142286	42	RESP=1
17153579	42	STIM=1
17159190	42	RESP=2
17169838	42	STIM=i
17175082	42	RESP=1
17185536	42	STIM=a
17192363	42	RESP=1
17204052	42	STIM=z
17209758	42	RESP=1
17219753	42	STIM=3
17228246	42	RESP=2
17236253	42	STIM=q
17240328	42	RESP=1
17251950	42	STIM=m
17256531	42	RESP=1
17268126	42	STIM=u
17275119	42	RESP=1
17283288	42	STIM=k
17291225	42	RESP=1
17299336	42	STIM=l
17314569	42	RESP=1
17315964	42	STIM=x
17324045	42	RESP=1
17332045	42	STIM=a
17337016	42	RESP=1
17349422	42	STIM=s
17356230	42	RESP=1
17365837	42	STIM=f
17374410	42	RESP=1
17381084	42	STIM=9
17389580	42	RESP=2
17399459	42	STIM=f
17403261	42	RESP=1
17417333	42	STIM=m
17423482	42	RESP=1
17433047	42	STIM=6
17436937	42	RESP=2
17450596	42	STIM=m
17456300	42	RESP=1
17466916	42	STIM=y
17470539	42	RESP=1
17483878	42	STIM=q
17490030	42	RESP=1
17498985	42	STIM=s
17505503	42	RESP=1
17514703	42	STIM=u
17518570	42	RESP=1
17530027	42	STIM=g
17536088	42	RESP=1
17548250	42	STIM=4
17553640	42	RESP=2
17563841	42	STIM=i
17570258	42	RESP=1
17579183	42	STIM=u
17585131	42	RESP=1
17597721	42	STIM=j
17601034	42	RESP=1
17615562	42	STIM=y
17621166	42	RESP=1
17633485	42	STIM=e
17636993	42	RESP=1
17652362	42	STIM=5
17658629	42	RESP=2
17669934	42	STIM=k
17674647	42	RESP=1
17685449	42	STIM=4
17692415	42	RESP=1
17703199	42	STIM=z
17711812	42	RESP=1
17721102	42	STIM=k
17725527	42	RESP=1
17739059	42	STIM=9
17750447	42	RESP=2
17756061	42	STIM=n
17760978	42	RESP=1
17773908	42	STIM=b
17781465	42	RESP=1
17790856	42	STIM=s
17798911	42	RESP=1
17807615	42	STIM=2
17814734	42	RESP=1
17824045	42	STIM=1
17829225	42	RESP=2
17841235	42	STIM=i
17844972	42	RESP=1
17859315	42	STIM=7
17865333	42	RESP=2
17875295	42	STIM=0
17881507	42	RESP=2
17893017	42	STIM=c
17898628	42	RESP=1
17910967	42	STIM=q
17918490	42	RESP=2
17929483	42	STIM=i
17933700	42	RESP=1
17946177	42	STIM=n
17953400	42	RESP=1
17964029	42	STIM=8
17970605	42	RESP=2
17979517	42	STIM=3
17986411	42	RESP=2
17997247	42	STIM=4
18002521	42	RESP=1
18013784	42	STIM=a
18019223	42	RESP=2
18029625	42	STIM=e
18034842	42	RESP=1
18045297	42	STIM=i
18052048	42	RESP=2
18061358	42	STIM=k
18070343	42	RESP=1
18079784	42	STIM=5
18086711	42	RESP=2
18098332	42	STIM=l
18101811	42	RESP=1
18116874	42	STIM=m
18124403	42	RESP=1
18134939	42	STIM=q
18141709	42	RESP=1
18153771	42	STIM=a
18158210	42	RESP=1
18172135	42	STIM=w
18176276	42	RESP=2
18189623	42	STIM=g
18193426	42	RESP=1
18205301	42	STIM=y
18208478	42	RESP=1
18224067	42	STIM=a
18229211	42	RESP=1
18239128	42	STIM=0
18248091	42	RESP=2
18257995	42	STIM=q
18262859	42	RESP=1
18275156	42	STIM=5
18284119	42	RESP=2
18291393	42	STIM=5
18302035	42	RESP=2
18310092	42	STIM=p
18314470	42	RESP=1
18328905	42	STIM=z
18333710	42	RESP=1
18344194	42	STIM=5
18350510	42	RESP=1
18360609	42	STIM=u
18372334	42	RESP=1
18379005	42	STIM=6
18384475	42	RESP=2
18395307	42	STIM=5
18400986	42	RESP=2
18413075	42	STIM=8
18422917	42	RESP=2
18430860	42	STIM=4
18435871	42	RESP=1
18448956	42	STIM=2
18459892	42	RESP=2
18466881	42	STIM=z
18470033	42	RESP=1
18485412	42	STIM=m
18489650	42	RESP=1
18502199	42	STIM=v
18510986	42	RESP=1
18518474	42	STIM=b
18525573	42	RESP=1
18534976	42	STIM=c
18538488	42	RESP=1
18551103	42	STIM=z
18554647	42	RESP=1
18567203	42	STIM=9
18572890	42	RESP=2
18583217	42	STIM=m
18586818	42	RESP=1
18600975	42	STIM=8
18607515	42	RESP=2
18616291	42	STIM=l
18627586	42	RESP=1
18633706	42	STIM=j
18638736	42	RESP=1
18650688	42	STIM=4
18655275	42	RESP=2
18667077	42	STIM=o
18674878	42	RESP=1
18685557	42	STIM=v
18692243	42	RESP=2
18703838	42	STIM=x
18708044	42	RESP=2
18721035	42	STIM=d
18726444	42	RESP=1
18738188	42	STIM=l
18743472	42	RESP=1
18756270	42	STIM=s
18766709	42	RESP=1
18774487	42	STIM=9
18780368	42	RESP=2
18792340	42	STIM=b
18798310	42	RESP=1
18807583	42	STIM=o
18811299	42	RESP=1
18823079	42	STIM=q
18835024	42	RESP=1
18841030	42	STIM=u
18848477	42	RESP=1
18857193	42	STIM=r
18862437	42	RESP=1
18874833	42	STIM=u
18881114	42	RESP=1
18893413	42	STIM=a
18897957	42	RESP=1
18910279	42	STIM=7
18915999	42	RESP=2
18925653	42	STIM=k
18933629	42	RESP=1
18942756	42	STIM=o
18950435	42	RESP=1
18958695	42	STIM=8
18964803	42	RESP=2
18975703	42	STIM=9
18984691	42	RESP=2
18994375	42	STIM=v
18999950	42	RESP=2
19009692	42	STIM=t
19016629	42	RESP=1
19025073	42	STIM=t
19029256	42	RESP=1
19043813	42	STIM=j
19047524	42	RESP=1
19062590	42	STIM=t
19066012	42	RESP=1
19078256	42	STIM=h
19081246	42	RESP=1
19095238	42	STIM=w
19101194	42	RESP=1
19113436	42	STIM=k
19121431	42	RESP=1
19129971	42	STIM=m
19136052	42	RESP=1
19147878	42	STIM=o
19151879	42	RESP=1
19164345	42	STIM=v
19169590	42	RESP=1
19182091	42	STIM=d
19186510	42	RESP=1
19197489	42	STIM=c
19202688	42	RESP=1
19216444	42	STIM=4
19222269	42	RESP=2
19234712	42	STIM=9
19242203	42	RESP=2
19250045	42	STIM=v
19255024	42	RESP=1
19268070	42	STIM=z
19274631	42	RESP=2
19284396	42	STIM=v
19290877	42	RESP=1
19300306	42	STIM=o
19303884	42	RESP=1
19315781	42	STIM=g
19323211	42	RESP=1
19330943	42	STIM=o
19337967	42	RESP=1
19347229	42	STIM=u
19354530	42	RESP=1
19365554	42	STIM=t
19371374	42	RESP=1
19384315	42	STIM=g
19392949	42	RESP=1
19403260	42	STIM=4
19413042	42	RESP=2
19419610	42	STIM=0
19424541	42	RESP=2
19437001	42	STIM=x
19444711	42	RESP=1
19452027	42	STIM=v
19461256	42	RESP=1
19470307	42	STIM=1
19477344	42	RESP=2
19488299	42	STIM=v
19491981	42	RESP=1
19505684	42	STIM=n
19510326	42	RESP=1
19521840	42	STIM=n
19524499	42	RESP=1
19537282	42	STIM=z
19542205	42	RESP=1
19552369	42	STIM=i
19557472	42	RESP=1
19568701	42	STIM=d
19580579	42	RESP=1
19587604	42	STIM=i
19592880	42	RESP=1
19602851	42	STIM=5
19609734	42	RESP=1
19619245	42	STIM=8
19624947	42	RESP=2
19638226	42	STIM=e
19644680	42	RESP=1
19653324	42	STIM=k
19659450	42	RESP=2
19668873	42	STIM=m
19676675	42	RESP=1
19684555	42	STIM=4
19689460	42	RESP=1
19703453	42	STIM=l
19710531	42	RESP=1
19720029	42	STIM=x
19724756	42	RESP=1
19735333	42	STIM=v
19740494	42	RESP=1
19752901	42	STIM=t
19757173	42	RESP=1
19770180	42	STIM=u
19780267	42	RESP=1
19786094	42	STIM=e
19792139	42	RESP=1
19803769	42	STIM=x
19811112	42	RESP=1
19820366	42	STIM=c
19831373	42	RESP=1
19835708	42	STIM=s
19841111	42	RESP=1
19852907	42	STIM=n
19858759	42	RESP=1
19870682	42	STIM=6
19877183	42	RESP=2
19886781	42	STIM=d
19892187	42	RESP=1
19905366	42	STIM=e
19910347	42	RESP=1
19920729	42	STIM=a
19924853	42	RESP=1
19936293	42	STIM=g
19941666	42	RESP=1
19951582	42	STIM=o
19956379	42	RESP=1
19968269	42	STIM=n
19973520	42	RESP=1
19983619	42	STIM=s
19990106	42	RESP=1
19999788	42	STIM=t
20003809	42	RESP=2
20018398	42	STIM=j
20025107	42	RESP=1
20034853	42	STIM=l
20038152	42	RESP=1
20049975	42	STIM=1
20058583	42	RESP=2
20067431	42	STIM=o
20075021	42	RESP=1
20083674	42	STIM=t
20089188	42	RESP=1
20101449	42	STIM=f
20107549	42	RESP=1
20116822	42	STIM=f
20120701	42	RESP=1
20133107	42	STIM=d
20138338	42	RESP=1
20150943	42	STIM=i
20153838	42	RESP=1
20167888	42	STIM=z
20178461	42	RESP=1
20185274	42	STIM=q
20189621	42	RESP=1
20203327	42	STIM=w
20208358	42	RESP=1
20219380	42	STIM=z
20226104	42	RESP=1
20235916	42	STIM=z
20243918	42	RESP=1
20251669	42	STIM=4
20258738	42	RESP=2
20270179	42	STIM=p
20278102	42	RESP=2
20288593	42	STIM=g
20296759	42	RESP=1
20305623	42	STIM=m
20313092	42	RESP=1
20323771	42	STIM=7
20331627	42	RESP=2
20341094	42	STIM=h
20346325	42	RESP=1
20356993	42	STIM=y
20361059	42	RESP=1
20375734	42	STIM=i
20380933	42	RESP=1
20392211	42	STIM=h
20398812	42	RESP=1
20409510	42	STIM=0
20413917	42	RESP=2
20424696	42	STIM=r
20429596	42	RESP=1
20440175	42	STIM=a
20447180	42	RESP=1
20455239	42	STIM=8
20465040	42	RESP=2
20472501	42	STIM=z
20476772	42	RESP=1
20490347	42	STIM=s
20493853	42	RESP=1
20506613	42	STIM=p
20510766	42	RESP=1
20523488	42	STIM=d
20530727	42	RESP=1
20539483	42	STIM=l
20547448	42	RESP=1
20557194	42	STIM=2
20562352	42	RESP=2
20575689	42	STIM=c
20582887	42	RESP=1
20594315	42	STIM=9
20604182	42	RESP=2
20609414	42	STIM=j
20615344	42	RESP=1
20628337	42	STIM=l
20635082	42	RESP=1
20645294	42	STIM=1
20650902	42	RESP=2
20660421	42	STIM=d
20664987	42	RESP=1
20678887	42	STIM=9
20684146	42	RESP=1
20696721	42	STIM=7
20705197	42	RESP=2
20713118	42	STIM=4
20726617	42	RESP=2
20731739	42	STIM=y
20741450	42	RESP=1
20748108	42	STIM=p
20752687	42	RESP=1
20765975	42	STIM=c
20772163	42	RESP=1
20782693	42	STIM=z
20788467	42	RESP=1
20797894	42	STIM=9
20801984	42	RESP=2
20815486	42	STIM=0
20824582	42	RESP=2
20832289	42	STIM=0
20839173	42	RESP=2
20849622	42	STIM=7
20860775	42	RESP=1
20865471	42	STIM=b
20871347	42	RESP=1
20883827	42	STIM=q
20889697	42	RESP=1
20899099	42	STIM=n
20903465	42	RESP=1
20917073	42	STIM=u
20921937	42	RESP=1
20933871	42	STIM=p
20938797	42	RESP=1
20949325	42	STIM=2
20954673	42	RESP=2
20966631	42	STIM=q
20973373	42	RESP=1
20982647	42	STIM=w
20989676	42	RESP=1
21001508	42	STIM=0
21008846	42	RESP=1
21018891	42	STIM=5
21024171	42	RESP=2
21036480	42	STIM=8
21041063	42	RESP=1
21053573	42	STIM=i
21059260	42	RESP=1
21072145	42	STIM=4
21077800	42	RESP=2
21089623	42	STIM=i
21092510	42	RESP=1
21105511	42	STIM=6
21110441	42	RESP=2
21123297	42	STIM=f
21127114	42	RESP=1
21139514	42	STIM=n
21142700	42	RESP=1
21154833	42	STIM=v
21166453	42	RESP=1
21170907	42	STIM=n
21174714	42	RESP=1
21189314	42	STIM=9
21197626	42	RESP=2
21205469	42	STIM=r
21208292	42	RESP=1
21221349	42	STIM=7
21229133	42	RESP=2
21237628	42	STIM=v
21243058	42	RESP=1
21256451	42	STIM=h
21265357	42	RESP=1
21272451	42	STIM=f
21278954	42	RESP=1
21291372	42	STIM=2
21298001	42	RESP=2
21309262	42	STIM=e
21315251	42	RESP=1
21325089	42	STIM=b
21327806	42	RESP=1
21343700	42	STIM=t
21348650	42	RESP=1
21362050	42	STIM=b
21366815	42	RESP=1
21378405	42	STIM=8
21384066	42	RESP=2
21394931	42	STIM=4
21399503	42	RESP=2
21412317	42	STIM=o
21422590	42	RESP=1
21430276	42	STIM=k
21436858	42	RESP=1
21446582	42	STIM=w
21452916	42	RESP=1
21463059	42	STIM=h
21472674	42	RESP=1
21478385	42	STIM=t
21485138	42	RESP=1
21493685	42	STIM=l
21497715	42	RESP=1
21512620	42	STIM=r
21516804	42	RESP=1
21528604	42	STIM=p
21536988	42	RESP=1
21545273	42	STIM=r
21550172	42	RESP=1
21562710	42	STIM=g
21569717	42	RESP=1
21577906	42	STIM=3
21589341	42	RESP=1
21596317	42	STIM=g
21604657	42	RESP=1
21614817	42	STIM=p
21618971	42	RESP=1
21633031	42	STIM=k
21644446	42	RESP=1
21649182	42	STIM=h
21656690	42	RESP=1
21664776	42	STIM=7
21675926	42	RESP=2
21679838	42	STIM=w
21688568	42	RESP=1
21697369	42	STIM=4
21708221	42	RESP=2
21714357	42	STIM=9
21720959	42	RESP=2
21730843	42	STIM=8
21738336	42	RESP=2
21749255	42	STIM=n
21757036	42	RESP=1
21767084	42	STIM=m
21773208	42	RESP=1
