# Original filename: 0033_QYE_2017-07-24.log
# Time unit: 100 us
# RARECAT=digit
#
# Time	HHGG	Event
38956	42	STIM=7
44660	42	RESP=2
57190	42	STIM=e
63135	42	RESP=1
75673	42	STIM=h
85065	42	RESP=1
92702	42	STIM=c
95989	42	RESP=1
107811	42	STIM=a
113898	42	RESP=2
123140	42	STIM=3
128227	42	RESP=2
139231	42	STIM=3
143886	42	RESP=2
156779	42	STIM=z
161652	42	RESP=1
175274	42	STIM=s
178803	42	RESP=1
193559	42	STIM=z
199898	42	RESP=1
209229	42	STIM=h
213466	42	RESP=1
227136	42	STIM=w
230923	42	RESP=1
243591	42	STIM=k
252591	42	RESP=1
262059	42	STIM=h
267508	42	RESP=1
277547	42	STIM=r
281473	42	RESP=2
295290	42	STIM=e
299847	42	RESP=1
313238	42	STIM=y
317208	42	RESP=1
329193	42	STIM=c
333909	42	RESP=1
347500	42	STIM=b
351041	42	RESP=1
366370	42	STIM=r
371159	42	RESP=1
382706	42	STIM=9
388203	42	RESP=2
401212	42	STIM=0
409315	42	RESP=1
418831	42	STIM=h
423539	42	RESP=1
435826	42	STIM=d
439348	42	RESP=1
450984	42	STIM=r
454442	42	RESP=1
466644	42	STIM=c
470723	42	RESP=1
482113	42	STIM=l
489389	42	RESP=1
500937	42	STIM=z
508153	42	RESP=1
516799	42	STIM=6
524374	42	RESP=1
533706	42	STIM=4
540430	42	RESP=1
552643	42	STIM=4
559927	42	RESP=2
568546	42	STIM=t
576337	42	RESP=1
584525	42	STIM=s
587318	42	RESP=2
601779	42	STIM=p
605739	42	RESP=2
619695	42	STIM=s
625618	42	RESP=1
636196	42	STIM=2
642531	42	RESP=2
653296	42	STIM=s
656266	42	RESP=1
670151	42	STIM=s
677001	42	RESP=1
686439	42	STIM=x
691036	42	RESP=1
704467	42	STIM=b
709765	42	RESP=1
719906	42	STIM=f
724287	42	RESP=1
737009	42	STIM=a
741684	42	RESP=1
752639	42	STIM=g
756861	42	RESP=1
770010	42	STIM=6
776443	42	RESP=2
785262	42	STIM=b
791689	42	RESP=1
801610	42	STIM=8
806202	42	RESP=2
819272	42	STIM=h
822809	42	RESP=1
834838	42	STIM=v
841194	42	RESP=1
852155	42	STIM=z
860986	42	RESP=1
870367	42	STIM=9
878697	42	RESP=2
889233	42	STIM=l
893603	42	RESP=1
908147	42	STIM=5
913336	42	RESP=2
925541	42	STIM=z
932403	42	RESP=1
944208	42	STIM=s
947215	42	RESP=1
961028	42	STIM=0
969516	42	RESP=2
979704	42	STIM=i
984438	42	RESP=1
998121	42	STIM=g
1001435	42	RESP=1
1014357	42	STIM=6
1020579	42	RESP=2
1029631	42	STIM=a
1033666	42	RESP=2
1046656	42	STIM=6
1051418	42	RESP=1
1065125	42	STIM=q
1071834	42	RESP=1
1082483	42	STIM=n
1086346	42	RESP=1
1099575	42	STIM=7
1106461	42	RESP=2
1116349	42	STIM=a
1121346	42	RESP=1
1134747	42	STIM=k
1142539	42	RESP=1
1152373	42	STIM=8
1156165	42	RESP=2
1171304	42	STIM=3
1176828	42	RESP=2
1186853	42	STIM=8
1194802	42	RESP=2
1205832	42	STIM=o
1210733	42	RESP=1
1222760	42	STIM=q
1227066	42	RESP=1
1238191	42	STIM=k
1240919	42	RESP=1
1255066	42	STIM=9
1261494	42	RESP=2
1270409	42	STIM=6
1276087	42	RESP=2
1288470	42	STIM=7
1294248	42	RESP=2
1304863	42	STIM=s
1313348	42	RESP=1
1323759	42	STIM=q
1330012	42	RESP=1
1341841	42	STIM=k
1348578	42	RESP=1
1359967	42	STIM=p
1368498	42	RESP=1
1378730	42	STIM=w
1384005	42	RESP=2
1397514	42	STIM=q
1402577	42	RESP=1
1413393	42	STIM=s
1420489	42	RESP=1
1428564	42	STIM=c
1435330	42	RESP=1
1445565	42	STIM=y
1452891	42	RESP=1
1463082	42	STIM=p
1469471	42	RESP=1
1480832	42	STIM=z
1484726	42	RESP=1
1496542	42	STIM=8
1503703	42	RESP=2
1515034	42	STIM=c
1520140	42	RESP=1
1533118	42	STIM=j
1538730	42	RESP=1
1552116	42	STIM=e
1557310	42	RESP=1
1568179	42	STIM=z
1573632	42	RESP=1
1583584	42	STIM=u
1588074	42	RESP=1
1599698	42	STIM=v
1604706	42	RESP=1
1616918	42	STIM=7
1624957	42	RESP=1
1633010	42	STIM=0
1641083	42	RESP=2
1649699	42	STIM=m
1657415	42	RESP=1
1666320	42	STIM=e
1670783	42	RESP=1
1683487	42	STIM=a
1688933	42	RESP=1
1698811	42	STIM=4
1702870	42	RESP=2
1717558	42	STIM=o
1727904	42	RESP=1
1733669	42	STIM=m
1738594	42	RESP=1
1751187	42	STIM=p
1754306	42	RESP=1
1767036	42	STIM=9
1773301	42	RESP=2
1782730	42	STIM=s
1787113	42	RESP=1
1799570	42	STIM=q
1802316	42	RESP=1
1817594	42	STIM=q
1822422	42	RESP=1
1835146	42	STIM=3
1844012	42	RESP=2
1853379	42	STIM=5
1857205	42	RESP=2
1871546	42	STIM=c
1876696	42	RESP=1
1889238	42	STIM=y
1892050	42	RESP=1
1904742	42	STIM=b
1909054	42	RESP=1
1920806	42	STIM=x
1926321	42	RESP=1
1937392	42	STIM=x
1941166	42	RESP=1
1956176	42	STIM=d
1961257	42	RESP=1
1972175	42	STIM=2
1978607	42	RESP=2
1989283	42	STIM=y
1997205	42	RESP=1
2004549	42	STIM=w
2011434	42	RESP=1
2022414	42	STIM=a
2025683	42	RESP=1
2038959	42	STIM=w
2043628	42	RESP=2
2056810	42	STIM=t
2059400	42	RESP=1
2072948	42	STIM=c
2079039	42	RESP=1
2088475	42	STIM=h
2092231	42	RESP=2
2105621	42	STIM=u
2111607	42	RESP=1
2124518	42	STIM=n
2135893	42	RESP=1
2141256	42	STIM=k
2145954	42	RESP=1
2158169	42	STIM=o
2161261	42	RESP=1
2174975	42	STIM=a
2184774	42	RESP=1
2191963	42	STIM=0
2203360	42	RESP=2
2210274	42	STIM=p
2215303	42	RESP=1
2228289	42	STIM=m
2238486	42	RESP=1
2244621	42	STIM=y
2249172	42	RESP=1
2261939	42	STIM=n
2268931	42	RESP=1
2279726	42	STIM=u
2282479	42	RESP=1
2297109	42	STIM=s
2300696	42	RESP=1
2314933	42	STIM=8
2320087	42	RESP=2
2330261	42	STIM=n
2335681	42	RESP=1
2345828	42	STIM=s
2349846	42	RESP=1
2361647	42	STIM=j
2365548	42	RESP=1
2378682	42	STIM=b
2382230	42	RESP=1
2397295	42	STIM=q
2401487	42	RESP=1
2414533	42	STIM=s
2418588	42	RESP=1
2430052	42	STIM=f
2435174	42	RESP=1
2446110	42	STIM=s
2451733	42	RESP=1
2463206	42	STIM=6
2468782	42	RESP=2
2480876	42	STIM=u
2486245	42	RESP=1
2498941	42	STIM=d
2503402	42	RESP=1
2515136	42	STIM=5
2521767	42	RESP=2
2532682	42	STIM=h
2538981	42	RESP=1
2550412	42	STIM=8
2558448	42	RESP=1
2568653	42	STIM=l
2572594	42	RESP=1
2583951	42	STIM=l
2591782	42	RESP=2
2600525	42	STIM=r
2605697	42	RESP=1
2619064	42	STIM=j
2628037	42	RESP=1
2635251	42	STIM=f
2638807	42	RESP=1
2651927	42	STIM=6
2657188	42	RESP=1
2667933	42	STIM=x
2676275	42	RESP=2
2686261	42	STIM=l
2690534	42	RESP=1
2702960	42	STIM=i
2712533	42	RESP=1
2718850	42	STIM=y
2725907	42	RESP=1
2735875	42	STIM=i
2743822	42	RESP=1
2752274	42	STIM=9
2760069	42	RESP=2
2767920	42	STIM=s
2773713	42	RESP=1
2786562	42	STIM=n
2790914	42	RESP=1
2805379	42	STIM=v
2808355	42	RESP=1
2821298	42	STIM=t
2825861	42	RESP=1
2837885	42	STIM=h
2842977	42	RESP=1
2853630	42	STIM=u
2860096	42	RESP=1
2871679	42	STIM=g
2875433	42	RESP=1
2888961	42	STIM=i
2892730	42	RESP=1
2904530	42	STIM=2
2911912	42	RESP=2
2922014	42	STIM=2
2926871	42	RESP=2
2937603	42	STIM=d
2943395	42	RESP=1
2955226	42	STIM=b
2960350	42	RESP=1
2971892	42	STIM=3
2979392	42	RESP=2
2989711	42	STIM=k
2995722	42	RESP=1
3006010	42	STIM=g
3009613	42	RESP=1
3022588	42	STIM=m
3029179	42	RESP=1
3039050	42	STIM=c
3049349	42	RESP=1
3055474	42	STIM=w
3061212	42	RESP=1
3074064	42	STIM=s
3077406	42	RESP=1
3089543	42	STIM=m
3093447	42	RESP=1
3105874	42	STIM=h
3109446	42	RESP=1
3123069	42	STIM=p
3128320	42	RESP=1
3140639	42	STIM=f
3148773	42	RESP=1
3156844	42	STIM=u
3162749	42	RESP=1
3175462	42	STIM=r
3182299	42	RESP=1
3191726	42	STIM=2
3196953	42	RESP=2
3209191	42	STIM=f
3218262	42	RESP=1
3224683	42	STIM=o
3234878	42	RESP=1
3243186	42	STIM=c
3246171	42	RESP=1
3262041	42	STIM=r
3267361	42	RESP=1
3277771	42	STIM=1
3286413	42	RESP=2
3294034	42	STIM=k
3298449	42	RESP=1
3311491	42	STIM=s
3320111	42	RESP=1
3329791	42	STIM=l
3336117	42	RESP=1
3348780	42	STIM=i
3355448	42	RESP=1
3364418	42	STIM=y
3368636	42	RESP=1
3381980	42	STIM=n
3386480	42	RESP=2
3397394	42	STIM=t
3408537	42	RESP=1
3414805	42	STIM=8
3421802	42	RESP=2
3432442	42	STIM=d
3438504	42	RESP=1
3450394	42	STIM=n
3454794	42	RESP=1
3467056	42	STIM=t
3471087	42	RESP=1
3484297	42	STIM=5
3493549	42	RESP=2
3500781	42	STIM=w
3505022	42	RESP=1
3517180	42	STIM=t
3523034	42	RESP=1
3535037	42	STIM=m
3540510	42	RESP=1
3552526	42	STIM=u
3559717	42	RESP=1
3571110	42	STIM=l
3576933	42	RESP=1
3586665	42	STIM=j
3595655	42	RESP=1
3602910	42	STIM=9
3609566	42	RESP=1
3621846	42	STIM=a
3626421	42	RESP=1
3638801	42	STIM=e
3643843	42	RESP=1
3655574	42	STIM=2
3661572	42	RESP=2
3670733	42	STIM=f
3674281	42	RESP=1
3688567	42	STIM=w
3693986	42	RESP=1
3706159	42	STIM=b
3712723	42	RESP=1
3723371	42	STIM=n
3727438	42	RESP=1
3738927	42	STIM=o
3742994	42	RESP=1
3756953	42	STIM=0
3764596	42	RESP=2
3772008	42	STIM=t
3779154	42	RESP=1
3789824	42	STIM=h
3795814	42	RESP=1
3805958	42	STIM=o
3811917	42	RESP=1
3822596	42	STIM=s
3830936	42	RESP=1
3840193	42	STIM=e
3847508	42	RESP=1
3858938	42	STIM=z
3862953	42	RESP=1
3876686	42	STIM=r
3883435	42	RESP=1
3894976	42	STIM=o
3899279	42	RESP=1
3912839	42	STIM=r
3922739	42	RESP=1
3929676	42	STIM=0
3934551	42	RESP=1
3945666	42	STIM=o
3952899	42	RESP=2
3963606	42	STIM=5
3969590	42	RESP=2
3980923	42	STIM=4
3987174	42	RESP=2
3997165	42	STIM=j
4006488	42	RESP=1
4015952	42	STIM=l
4020736	42	RESP=1
4033778	42	STIM=c
4042045	42	RESP=1
4051450	42	STIM=g
4055181	42	RESP=2
4069394	42	STIM=0
4075693	42	RESP=1
4084827	42	STIM=g
4093746	42	RESP=1
4101011	42	STIM=w
4104687	42	RESP=1
4119091	42	STIM=3
4125790	42	RESP=2
4136480	42	STIM=1
4141310	42	RESP=2
4151803	42	STIM=v
4158444	42	RESP=1
4170298	42	STIM=1
4176428	42	RESP=2
4187657	42	STIM=j
4197981	42	RESP=1
4204148	42	STIM=t
4210610	42	RESP=1
4222703	42	STIM=1
4226503	42	RESP=2
4238049	42	STIM=k
4244906	42	RESP=1
4255394	42	STIM=t
4259074	42	RESP=1
4274007	42	STIM=1
4285920	42	RESP=2
4292830	42	STIM=o
4296466	42	RESP=1
4307912	42	STIM=k
4313134	42	RESP=1
4324824	42	STIM=0
4331095	42	RESP=2
4340885	42	STIM=f
4344647	42	RESP=1
4356251	42	STIM=t
4361806	42	RESP=1
4374736	42	STIM=l
4378541	42	RESP=1
4392505	42	STIM=g
4401615	42	RESP=1
4408945	42	STIM=r
4416400	42	RESP=1
4424428	42	STIM=h
4436329	42	RESP=1
4442942	42	STIM=4
4447465	42	RESP=2
4460987	42	STIM=x
4466264	42	RESP=1
4479629	42	STIM=8
4491306	42	RESP=2
4495792	42	STIM=m
4500676	42	RESP=1
4513130	42	STIM=o
4518955	42	RESP=2
4530311	42	STIM=e
4533427	42	RESP=1
4549207	42	STIM=6
4553893	42	RESP=1
4565763	42	STIM=n
4571262	42	RESP=1
4581509	42	STIM=g
4585174	42	RESP=1
4597730	42	STIM=z
4602644	42	RESP=1
4616321	42	STIM=z
4623471	42	RESP=1
4634085	42	STIM=9
4648006	42	RESP=2
4649472	42	STIM=s
4657337	42	RESP=1
4667560	42	STIM=u
4674002	42	RESP=2
4682750	42	STIM=i
4687003	42	RESP=1
4698092	42	STIM=h
4702875	42	RESP=1
4716117	42	STIM=d
4724308	42	RESP=1
4734104	42	STIM=x
4739821	42	RESP=1
4752290	42	STIM=c
4758353	42	RESP=1
4769307	42	STIM=n
4779386	42	RESP=2
4785895	42	STIM=6
4791775	42	RESP=2
4801517	42	STIM=p
4804030	42	RESP=1
4817658	42	STIM=r
4824822	42	RESP=1
4833671	42	STIM=z
4839153	42	RESP=1
4852335	42	STIM=5
4858822	42	RESP=2
4868814	42	STIM=s
4874099	42	RESP=1
4884317	42	STIM=r
4891982	42	RESP=1
4900305	42	STIM=1
4904431	42	RESP=2
4915942	42	STIM=d
4920480	42	RESP=1
4933590	42	STIM=t
4943727	42	RESP=1
4952096	42	STIM=j
4958500	42	RESP=1
4967253	42	STIM=1
4971391	42	RESP=2
4982966	42	STIM=l
4986807	42	RESP=1
4998256	42	STIM=d
5005252	42	RESP=1
5014110	42	STIM=n
5020270	42	RESP=1
5029734	42	STIM=w
5037116	42	RESP=1
5046309	42	STIM=c
5052487	42	RESP=1
5063192	42	STIM=x
5069420	42	RESP=1
5079171	42	STIM=0
5088372	42	RESP=2
5095529	42	STIM=b
5104067	42	RESP=1
5114020	42	STIM=a
5117737	42	RESP=1
5130343	42	STIM=3
5135274	42	RESP=2
5147608	42	STIM=2
5153822	42	RESP=2
5165037	42	STIM=o
5169514	42	RESP=1
5180907	42	STIM=z
5185325	42	RESP=1
5196364	42	STIM=l
5200772	42	RESP=1
5212927	42	STIM=s
5217381	42	RESP=1
5229245	42	STIM=q
5233861	42	RESP=1
5248220	42	STIM=j
5255229	42	RESP=1
5264439	42	STIM=e
5268068	42	RESP=1
5281634	42	STIM=u
5286078	42	RESP=1
5298620	42	STIM=4
5304415	42	RESP=2
5315767	42	STIM=q
5320581	42	RESP=1
5334175	42	STIM=o
5343114	42	RESP=1
5352620	42	STIM=x
5359794	42	RESP=1
5368975	42	STIM=l
5376199	42	RESP=1
5387185	42	STIM=6
5391061	42	RESP=1
5403298	42	STIM=x
5414369	42	RESP=1
5419884	42	STIM=1
5425501	42	RESP=2
5435079	42	STIM=a
5438613	42	RESP=1
5453287	42	STIM=o
5458911	42	RESP=1
5468427	42	STIM=v
5471181	42	RESP=1
5487161	42	STIM=v
5491489	42	RESP=1
5503162	42	STIM=f
5509592	42	RESP=1
5521739	42	STIM=f
5528574	42	RESP=1
5539884	42	STIM=q
5546404	42	RESP=1
5556530	42	STIM=j
5561108	42	RESP=1
5571873	42	STIM=0
5577736	42	RESP=2
5589976	42	STIM=a
5597004	42	RESP=1
5605129	42	STIM=u
5613671	42	RESP=2
5623803	42	STIM=b
5629391	42	RESP=1
5639328	42	STIM=t
5645082	42	RESP=1
5654901	42	STIM=8
5661049	42	RESP=2
5670306	42	STIM=a
5675819	42	RESP=1
5687717	42	STIM=6
5701568	42	RESP=2
5703102	42	STIM=o
5709363	42	RESP=1
5718562	42	STIM=s
5723194	42	RESP=1
5735708	42	STIM=k
5741117	42	RESP=1
5753285	42	STIM=n
5758625	42	RESP=1
5771455	42	STIM=o
5777460	42	RESP=1
5786871	42	STIM=3
5792162	42	RESP=2
5802513	42	STIM=3
5809112	42	RESP=2
5818343	42	STIM=j
5824749	42	RESP=1
5836859	42	STIM=f
5844724	42	RESP=1
5853889	42	STIM=p
5858517	42	RESP=1
5872133	42	STIM=l
5880260	42	RESP=1
5887281	42	STIM=g
5893314	42	RESP=1
5906077	42	STIM=8
5912526	42	RESP=2
5925043	42	STIM=v
5929720	42	RESP=1
5942081	42	STIM=8
5948289	42	RESP=2
5957679	42	STIM=i
5965276	42	RESP=1
5974787	42	STIM=b
5980402	42	RESP=1
5993157	42	STIM=8
5998876	42	RESP=2
6012148	42	STIM=0
6021837	42	RESP=2
6030380	42	STIM=v
6039477	42	RESP=1
6048851	42	STIM=p
6052180	42	RESP=1
6066644	42	STIM=q
6069715	42	RESP=1
6082592	42	STIM=9
6087200	42	RESP=2
6098472	42	STIM=r
6112111	42	RESP=1
6115431	42	STIM=r
6126595	42	RESP=1
6130937	42	STIM=d
6138624	42	RESP=1
6149472	42	STIM=5
6156035	42	RESP=2
6167263	42	STIM=l
6173594	42	RESP=1
6184889	42	STIM=4
6191869	42	RESP=2
6202941	42	STIM=s
6207227	42	RESP=1
6221610	42	STIM=f
6227905	42	RESP=1
6240340	42	STIM=j
6248239	42	RESP=1
6259026	42	STIM=t
6263235	42	RESP=1
6274410	42	STIM=f
6282126	42	RESP=1
6291014	42	STIM=q
6299821	42	RESP=1
6307101	42	STIM=3
6311504	42	RESP=2
6324749	42	STIM=9
6329085	42	RESP=2
6339857	42	STIM=e
6344632	42	RESP=1
6355404	42	STIM=r
6361807	42	RESP=1
6371664	42	STIM=8
6375871	42	RESP=2
6389635	42	STIM=a
6395244	42	RESP=1
6406063	42	STIM=t
6410984	42	RESP=1
6422891	42	STIM=y
6429131	42	RESP=1
6437936	42	STIM=v
6440828	42	RESP=1
6453496	42	STIM=k
6459314	42	RESP=1
6472457	42	STIM=d
6475637	42	RESP=1
6487520	42	STIM=r
6493450	42	RESP=1
6503895	42	STIM=g
6513449	42	RESP=1
6518964	42	STIM=s
6522360	42	RESP=1
6536710	42	STIM=b
6546452	42	RESP=1
6553889	42	STIM=h
6558650	42	RESP=1
6569645	42	STIM=c
6580082	42	RESP=1
6585044	42	STIM=5
6594668	42	RESP=1
6603574	42	STIM=z
6611629	42	RESP=1
6619260	42	STIM=5
6627408	42	RESP=1
6635574	42	STIM=e
6640769	42	RESP=1
6653243	42	STIM=w
6656616	42	RESP=1
6671183	42	STIM=v
6674777	42	RESP=1
6686936	42	STIM=o
6698219	42	RESP=1
6702995	42	STIM=8
6707163	42	RESP=2
6720213	42	STIM=k
6726135	42	RESP=1
6737768	42	STIM=t
6743923	42	RESP=1
6753758	42	STIM=a
6757631	42	RESP=1
6772167	42	STIM=v
6776420	42	RESP=1
6789645	42	STIM=n
6793958	42	RESP=1
6806964	42	STIM=7
6819237	42	RESP=2
6825187	42	STIM=n
6829968	42	RESP=1
6842692	42	STIM=d
6848413	42	RESP=1
6858202	42	STIM=r
6865312	42	RESP=1
6876994	42	STIM=f
6884251	42	RESP=1
6893416	42	STIM=f
6902133	42	RESP=1
6909889	42	STIM=e
6916431	42	RESP=1
6928182	42	STIM=f
6940370	42	RESP=1
6946094	42	STIM=n
6954966	42	RESP=1
6962286	42	STIM=z
6970039	42	RESP=1
6980021	42	STIM=7
6988100	42	RESP=2
6998487	42	STIM=0
7004149	42	RESP=2
7015807	42	STIM=z
7018240	42	RESP=1
7032510	42	STIM=c
7035261	42	RESP=1
7048488	42	STIM=8
7055734	42	RESP=2
7064398	42	STIM=d
7073220	42	RESP=1
7083069	42	STIM=h
7087265	42	RESP=1
7098403	42	STIM=q
7101106	42	RESP=1
7115400	42	STIM=x
7123081	42	RESP=1
7130484	42	STIM=8
7138506	42	RESP=2
7147431	42	STIM=o
7154778	42	RESP=1
7166380	42	STIM=r
7170814	42	RESP=1
7182202	42	STIM=u
7187633	42	RESP=1
7198080	42	STIM=e
7205177	42	RESP=1
7214262	42	STIM=a
7218282	42	RESP=1
7229820	42	STIM=y
7236746	42	RESP=1
7248022	42	STIM=b
7257723	42	RESP=1
7265054	42	STIM=l
7271273	42	RESP=1
7283385	42	STIM=y
7286457	42	RESP=1
7298413	42	STIM=o
7302475	42	RESP=1
7314285	42	STIM=i
7321104	42	RESP=1
7329486	42	STIM=l
7331959	42	RESP=1
7344969	42	STIM=v
7351395	42	RESP=1
7361404	42	STIM=6
7365573	42	RESP=2
7378952	42	STIM=l
7385766	42	RESP=1
7395248	42	STIM=g
7401756	42	RESP=1
7412157	42	STIM=3
7420875	42	RESP=2
7430876	42	STIM=j
7435686	42	RESP=1
7449668	42	STIM=5
7454461	42	RESP=2
7466547	42	STIM=h
7471488	42	RESP=1
7482637	42	STIM=r
7489065	42	RESP=1
7499842	42	STIM=a
7505023	42	RESP=1
7517142	42	STIM=i
7520646	42	RESP=2
7533935	42	STIM=l
7540652	42	RESP=1
7550762	42	STIM=6
7555231	42	RESP=2
7566432	42	STIM=m
7572353	42	RESP=1
7583060	42	STIM=x
7587556	42	RESP=1
7600403	42	STIM=u
7608184	42	RESP=1
7617537	42	STIM=n
7621194	42	RESP=1
7636107	42	STIM=g
7640966	42	RESP=1
7651798	42	STIM=g
7660585	42	RESP=1
7667833	42	STIM=l
7680863	42	RESP=1
7684190	42	STIM=j
7690199	42	RESP=1
7699680	42	STIM=o
7702857	42	RESP=1
7717135	42	STIM=3
7723713	42	RESP=2
7734223	42	STIM=j
7737670	42	RESP=1
7749460	42	STIM=t
7753307	42	RESP=1
7767090	42	STIM=b
7770329	42	RESP=1
7782236	42	STIM=2
7785938	42	RESP=2
7800475	42	STIM=v
7808113	42	RESP=1
7816732	42	STIM=m
7823331	42	RESP=1
7834918	42	STIM=2
7840358	42	RESP=2
7852332	42	STIM=s
7857054	42	RESP=1
7868445	42	STIM=n
7873047	42	RESP=1
7885130	42	STIM=h
7889314	42	RESP=1
7902477	42	STIM=o
7908426	42	RESP=1
7919869	42	STIM=l
7924492	42	RESP=1
7937162	42	STIM=h
7942008	42	RESP=1
7953730	42	STIM=2
7964391	42	RESP=2
7969773	42	STIM=g
7974535	42	RESP=1
7986285	42	STIM=w
7992539	42	RESP=1
8003817	42	STIM=h
8009173	42	RESP=1
8020740	42	STIM=l
8026528	42	RESP=1
8036270	42	STIM=y
8042053	42	RESP=1
8051735	42	STIM=h
8055797	42	RESP=1
8069444	42	STIM=r
8072753	42	RESP=1
8087220	42	STIM=a
8094237	42	RESP=1
8102284	42	STIM=p
8107334	42	RESP=1
8117389	42	STIM=a
8123788	42	RESP=1
8132795	42	STIM=d
8138222	42	RESP=1
8149507	42	STIM=y
8155296	42	RESP=1
8167832	42	STIM=r
8172621	42	RESP=1
8186150	42	STIM=i
8197944	42	RESP=1
8201605	42	STIM=x
8210695	42	RESP=1
8220326	42	STIM=6
8224935	42	RESP=2
8237653	42	STIM=7
8242857	42	RESP=2
8253442	42	STIM=k
8258004	42	RESP=1
8271241	42	STIM=3
8280295	42	RESP=2
8286973	42	STIM=2
8293388	42	RESP=1
8305414	42	STIM=x
8309460	42	RESP=2
8324295	42	STIM=j
8333452	42	RESP=2
8341576	42	STIM=9
8350697	42	RESP=1
8357365	42	STIM=f
8361390	42	RESP=1
8375185	42	STIM=x
8379236	42	RESP=1
8390944	42	STIM=r
8396355	42	RESP=1
8407276	42	STIM=q
8414012	42	RESP=1
8422593	42	STIM=x
8427060	42	RESP=1
8440370	42	STIM=v
8446584	42	RESP=1
8457738	42	STIM=3
8463648	42	RESP=1
8475180	42	STIM=w
8483417	42	RESP=1
8493831	42	STIM=k
8498262	42	RESP=1
8512375	42	STIM=m
8519480	42	RESP=1
8529594	42	STIM=t
8534273	42	RESP=1
8548435	42	STIM=d
8554057	42	RESP=1
8566898	42	STIM=l
8570845	42	RESP=1
8584692	42	STIM=s
8590074	42	RESP=1
8599722	42	STIM=x
8604162	42	RESP=1
8615517	42	STIM=0
8619458	42	RESP=2
8633424	42	STIM=b
8636047	42	RESP=1
8650773	42	STIM=c
8657183	42	RESP=1
8667474	42	STIM=t
8673677	42	RESP=1
8683612	42	STIM=k
8689454	42	RESP=1
8699423	42	STIM=q
8703592	42	RESP=1
8716333	42	STIM=m
8722706	42	RESP=1
8733767	42	STIM=o
8737923	42	RESP=1
8750481	42	STIM=0
8755187	42	RESP=2
8765614	42	STIM=f
8769056	42	RESP=1
8782820	42	STIM=5
8788377	42	RESP=2
8798531	42	STIM=h
8804347	42	RESP=1
8813704	42	STIM=w
8817178	42	RESP=1
8831322	42	STIM=m
8839438	42	RESP=1
8848920	42	STIM=s
8853652	42	RESP=2
8866105	42	STIM=o
8872228	42	RESP=1
8884593	42	STIM=a
8888855	42	RESP=1
8901138	42	STIM=x
8907308	42	RESP=1
8918689	42	STIM=4
8924408	42	RESP=2
8935871	42	STIM=9
8945479	42	RESP=2
8953350	42	STIM=e
8958825	42	RESP=1
8970125	42	STIM=r
8975504	42	RESP=1
8986124	42	STIM=w
8991528	42	RESP=1
9002404	42	STIM=c
9011094	42	RESP=1
9019143	42	STIM=r
9024103	42	RESP=1
9035676	42	STIM=9
9042670	42	RESP=2
9050941	42	STIM=i
9055899	42	RESP=1
9067327	42	STIM=x
9072323	42	RESP=1
9083891	42	STIM=8
9088053	42	RESP=1
9101914	42	STIM=j
9107666	42	RESP=1
9118186	42	STIM=p
9125041	42	RESP=1
9136383	42	STIM=n
9144798	42	RESP=1
9154766	42	STIM=6
9161852	42	RESP=2
9172236	42	STIM=8
9176998	42	RESP=2
9189438	42	STIM=p
9194967	42	RESP=1
9205995	42	STIM=g
9211952	42	RESP=1
9224038	42	STIM=k
9229905	42	RESP=1
9239947	42	STIM=w
9246546	42	RESP=1
9258300	42	STIM=1
9263083	42	RESP=2
9274718	42	STIM=o
9278404	42	RESP=1
9293228	42	STIM=s
9296682	42	RESP=1
9310225	42	STIM=b
9314400	42	RESP=1
9327713	42	STIM=j
9331127	42	RESP=1
9342897	42	STIM=v
9348169	42	RESP=1
9360922	42	STIM=z
9364829	42	RESP=1
9376337	42	STIM=t
9380010	42	RESP=1
9394660	42	STIM=o
9397184	42	RESP=1
9411768	42	STIM=9
9420883	42	RESP=1
9429581	42	STIM=r
9437748	42	RESP=1
9448100	42	STIM=l
9452339	42	RESP=1
9465020	42	STIM=d
9472564	42	RESP=1
9480075	42	STIM=u
9486842	42	RESP=1
9495099	42	STIM=w
9503921	42	RESP=2
9511383	42	STIM=m
9516307	42	RESP=1
9529457	42	STIM=v
9537197	42	RESP=1
9548429	42	STIM=2
9557039	42	RESP=2
9564035	42	STIM=k
9569090	42	RESP=1
9579295	42	STIM=w
9584593	42	RESP=1
9597826	42	STIM=e
9605944	42	RESP=1
9613859	42	STIM=2
9620929	42	RESP=1
9628901	42	STIM=l
9632395	42	RESP=1
9645803	42	STIM=g
9649645	42	RESP=1
9662866	42	STIM=e
9669833	42	RESP=1
9678155	42	STIM=z
9688479	42	RESP=1
9695645	42	STIM=q
9704064	42	RESP=1
9714367	42	STIM=0
9721385	42	RESP=2
9732028	42	STIM=x
9736720	42	RESP=2
9747330	42	STIM=h
9755986	42	RESP=1
9763349	42	STIM=c
9766836	42	RESP=1
9780921	42	STIM=d
9785183	42	RESP=1
9796751	42	STIM=j
9800255	42	RESP=1
9813897	42	STIM=m
9822292	42	RESP=1
9832418	42	STIM=r
9841223	42	RESP=1
9849916	42	STIM=c
9853929	42	RESP=1
9868207	42	STIM=t
9873260	42	RESP=1
9886332	42	STIM=u
9893513	42	RESP=1
9905296	42	STIM=e
9911418	42	RESP=1
9920578	42	STIM=4
9926185	42	RESP=2
9939359	42	STIM=1
9944800	42	RESP=2
9955916	42	STIM=u
9965065	42	RESP=1
9973039	42	STIM=h
9981271	42	RESP=1
9988745	42	STIM=k
9993264	42	RESP=1
10005951	42	STIM=c
10009913	42	RESP=1
10022879	42	STIM=s
10036047	42	RESP=1
10038810	42	STIM=n
10043125	42	RESP=1
10056860	42	STIM=z
10063127	42	RESP=1
10074821	42	STIM=t
10081575	42	RESP=1
10090599	42	STIM=m
10093500	42	RESP=1
10106147	42	STIM=w
10112012	42	RESP=1
10124054	42	STIM=2
10129542	42	RESP=2
10140262	42	STIM=t
10146178	42	RESP=2
10156955	42	STIM=5
10163199	42	RESP=2
10174407	42	STIM=i
10177343	42	RESP=1
10192449	42	STIM=z
10198325	42	RESP=1
10208533	42	STIM=9
10217862	42	RESP=2
10225185	42	STIM=d
10230315	42	RESP=1
10242554	42	STIM=e
10253259	42	RESP=1
10260227	42	STIM=y
10264905	42	RESP=1
10276926	42	STIM=b
10281241	42	RESP=1
10295680	42	STIM=w
10298451	42	RESP=2
10313573	42	STIM=u
10317516	42	RESP=1
10329553	42	STIM=t
10337912	42	RESP=1
10344789	42	STIM=a
10350357	42	RESP=1
10361091	42	STIM=i
10365847	42	RESP=1
10379109	42	STIM=i
10386986	42	RESP=1
10394980	42	STIM=y
10398005	42	RESP=1
10413129	42	STIM=l
10419241	42	RESP=1
10429373	42	STIM=p
10436212	42	RESP=1
10445969	42	STIM=3
10453689	42	RESP=2
10461653	42	STIM=b
10468284	42	RESP=2
10476950	42	STIM=t
10481458	42	RESP=1
10492009	42	STIM=0
10497381	42	RESP=2
10509150	42	STIM=d
10514333	42	RESP=1
10526680	42	STIM=z
10534240	42	RESP=1
10543623	42	STIM=d
10550768	42	RESP=1
10560346	42	STIM=e
10569472	42	RESP=2
10578706	42	STIM=d
10584598	42	RESP=1
10596938	42	STIM=g
10602996	42	RESP=1
10614454	42	STIM=c
10618726	42	RESP=1
10631988	42	STIM=1
10638332	42	RESP=1
10648483	42	STIM=5
10655584	42	RESP=2
10664165	42	STIM=2
10674953	42	RESP=1
10680513	42	STIM=c
10686833	42	RESP=1
10699407	42	STIM=i
10703975	42	RESP=1
10718229	42	STIM=b
10724693	42	RESP=1
10733820	42	STIM=9
10739367	42	RESP=2
10751276	42	STIM=x
10755256	42	RESP=1
10769990	42	STIM=k
10774234	42	RESP=2
10785949	42	STIM=b
10791903	42	RESP=1
10801627	42	STIM=n
10806916	42	RESP=1
10820267	42	STIM=p
10824441	42	RESP=1
10835281	42	STIM=2
10842215	42	RESP=2
10851456	42	STIM=h
10857633	42	RESP=1
10866749	42	STIM=f
10872762	42	RESP=1
10884233	42	STIM=j
10891870	42	RESP=1
10900883	42	STIM=v
10909615	42	RESP=2
10917998	42	STIM=p
10924514	42	RESP=1
10935264	42	STIM=p
10938047	42	RESP=1
10950957	42	STIM=9
10958045	42	RESP=1
10966325	42	STIM=x
10970922	42	RESP=1
10981498	42	STIM=z
10986827	42	RESP=1
11000164	42	STIM=m
11005109	42	RESP=1
11016817	42	STIM=k
11021425	42	RESP=1
11032778	42	STIM=g
11036263	42	RESP=1
11048421	42	STIM=a
11052127	42	RESP=1
11063461	42	STIM=w
11069493	42	RESP=1
11082222	42	STIM=v
11089073	42	RESP=1
11100259	42	STIM=3
11106344	42	RESP=2
11115619	42	STIM=h
11121575	42	RESP=1
11130941	42	STIM=6
11139824	42	RESP=2
11147371	42	STIM=s
11152409	42	RESP=1
11164706	42	STIM=v
11173339	42	RESP=1
11181719	42	STIM=w
11184715	42	RESP=1
11197795	42	STIM=i
11206264	42	RESP=1
11215182	42	STIM=z
11219269	42	RESP=1
11232298	42	STIM=3
11240141	42	RESP=2
11249749	42	STIM=t
11255887	42	RESP=1
11268313	42	STIM=k
11276311	42	RESP=1
11286767	42	STIM=c
11290387	42	RESP=1
11305542	42	STIM=2
11312088	42	RESP=2
11321466	42	STIM=7
11326465	42	RESP=2
11337583	42	STIM=d
11344683	42	RESP=1
11356084	42	STIM=y
11359131	42	RESP=1
11371463	42	STIM=t
11380053	42	RESP=1
11389679	42	STIM=f
11392396	42	RESP=1
11405665	42	STIM=u
11414988	42	RESP=1
11421724	42	STIM=i
11432966	42	RESP=1
11438563	42	STIM=6
11444511	42	RESP=2
11454574	42	STIM=t
11463857	42	RESP=1
11470274	42	STIM=r
11479214	42	RESP=1
11488205	42	STIM=i
11499296	42	RESP=1
11504690	42	STIM=n
11509900	42	RESP=1
11523434	42	STIM=w
11529900	42	RESP=1
11538443	42	STIM=1
11546090	42	RESP=2
11554224	42	STIM=b
11561450	42	RESP=1
11569534	42	STIM=y
11577057	42	RESP=1
11587128	42	STIM=x
11592663	42	RESP=1
11604081	42	STIM=f
11611089	42	RESP=1
11622787	42	STIM=q
11630632	42	RESP=1
11639992	42	STIM=c
11646142	42	RESP=1
11655196	42	STIM=p
11659896	42	RESP=1
11671099	42	STIM=a
11674980	42	RESP=1
11688433	42	STIM=s
11692337	42	RESP=1
11704736	42	STIM=h
11709216	42	RESP=1
11722561	42	STIM=p
11728168	42	RESP=1
11738555	42	STIM=g
11749054	42	RESP=1
11755330	42	STIM=r
11760325	42	RESP=1
11773242	42	STIM=k
11780688	42	RESP=1
11789809	42	STIM=s
11792574	42	RESP=1
11804907	42	STIM=q
11809095	42	RESP=1
11820956	42	STIM=m
11827063	42	RESP=1
11837664	42	STIM=l
11843031	42	RESP=1
11853175	42	STIM=f
11859288	42	RESP=1
11871470	42	STIM=d
11875492	42	RESP=1
11887823	42	STIM=2
11893428	42	RESP=2
11905744	42	STIM=m
11913312	42	RESP=1
11924520	42	STIM=u
11929049	42	RESP=1
11942212	42	STIM=i
11950911	42	RESP=1
11958139	42	STIM=u
11966399	42	RESP=1
11975198	42	STIM=g
11983563	42	RESP=1
11990847	42	STIM=x
11995670	42	RESP=1
12008609	42	STIM=q
12012632	42	RESP=1
12026339	42	STIM=x
12030088	42	RESP=1
12042945	42	STIM=a
12047206	42	RESP=1
12059734	42	STIM=7
12065297	42	RESP=2
12074975	42	STIM=h
12090357	42	RESP=1
12091880	42	STIM=1
12100063	42	RESP=2
12110729	42	STIM=m
12116540	42	RESP=1
12127151	42	STIM=6
12137280	42	RESP=2
12143527	42	STIM=f
12154754	42	RESP=1
12160267	42	STIM=t
12166237	42	RESP=1
12176636	42	STIM=f
12180682	42	RESP=1
12192888	42	STIM=j
12196457	42	RESP=1
12208102	42	STIM=9
12215120	42	RESP=2
12225177	42	STIM=j
12230723	42	RESP=2
12241507	42	STIM=p
12250114	42	RESP=1
12260284	42	STIM=o
12265164	42	RESP=1
12276650	42	STIM=s
12279970	42	RESP=2
12292796	42	STIM=m
12298957	42	RESP=1
12310803	42	STIM=x
12318441	42	RESP=1
12329440	42	STIM=v
12333123	42	RESP=1
12345906	42	STIM=s
12353919	42	RESP=1
12363583	42	STIM=x
12368180	42	RESP=1
12381351	42	STIM=8
12390172	42	RESP=2
12396715	42	STIM=z
12400755	42	RESP=1
12412312	42	STIM=a
12415698	42	RESP=2
12428792	42	STIM=z
12433300	42	RESP=1
12446864	42	STIM=l
12453973	42	RESP=1
12464566	42	STIM=k
12473061	42	RESP=1
12483558	42	STIM=7
12493058	42	RESP=2
12500710	42	STIM=r
12508472	42	RESP=2
12519644	42	STIM=k
12531522	42	RESP=1
12536302	42	STIM=b
12541482	42	RESP=2
12554465	42	STIM=0
12562378	42	RESP=2
12571805	42	STIM=s
12579980	42	RESP=1
12590161	42	STIM=g
12595770	42	RESP=1
12608437	42	STIM=n
12612683	42	RESP=1
12624611	42	STIM=b
12631894	42	RESP=1
12643039	42	STIM=n
12649311	42	RESP=1
12659824	42	STIM=0
12685476	42	RESP=2
12685576	42	STIM=i
12689811	42	RESP=1
12702209	42	STIM=j
12709597	42	RESP=1
12718538	42	STIM=x
12721758	42	RESP=1
12737035	42	STIM=n
12748141	42	RESP=1
12755085	42	STIM=f
12760270	42	RESP=1
12771894	42	STIM=t
12782393	42	RESP=1
12790589	42	STIM=9
12795193	42	RESP=2
12806296	42	STIM=j
12811465	42	RESP=1
12821910	42	STIM=o
12827176	42	RESP=1
12837055	42	STIM=h
12840303	42	RESP=1
12853890	42	STIM=o
12862334	42	RESP=1
12869864	42	STIM=b
12875223	42	RESP=1
12886796	42	STIM=e
12892655	42	RESP=1
12903520	42	STIM=9
12908190	42	RESP=2
12920551	42	STIM=n
12926366	42	RESP=1
12935554	42	STIM=m
12939540	42	RESP=1
12953420	42	STIM=a
12956250	42	RESP=1
12969970	42	STIM=i
12977232	42	RESP=1
12985112	42	STIM=1
12991088	42	RESP=2
13000634	42	STIM=k
13006808	42	RESP=1
13018927	42	STIM=r
13026322	42	RESP=1
13037764	42	STIM=u
13043618	42	RESP=1
13056545	42	STIM=5
13065527	42	RESP=2
13074275	42	STIM=i
13081484	42	RESP=1
13090402	42	STIM=5
13097553	42	RESP=2
13106529	42	STIM=x
13111909	42	RESP=1
13122926	42	STIM=h
13130012	42	RESP=1
13139210	42	STIM=q
13145132	42	RESP=1
13155204	42	STIM=a
13162325	42	RESP=2
13173613	42	STIM=j
13181397	42	RESP=1
13191165	42	STIM=g
13197866	42	RESP=1
13209219	42	STIM=h
13226070	42	RESP=1
13226732	42	STIM=v
13230108	42	RESP=1
13243123	42	STIM=u
13248731	42	RESP=1
13259515	42	STIM=1
13268244	42	RESP=2
13274827	42	STIM=5
13282694	42	RESP=2
13292807	42	STIM=m
13295210	42	RESP=1
13308592	42	STIM=5
13313700	42	RESP=2
13326631	42	STIM=d
13332086	42	RESP=1
13343514	42	STIM=8
13351026	42	RESP=1
13358591	42	STIM=s
13365287	42	RESP=1
13376843	42	STIM=w
13381817	42	RESP=1
13394976	42	STIM=u
13398007	42	RESP=1
13412506	42	STIM=s
13417144	42	RESP=1
13431254	42	STIM=l
13434410	42	RESP=1
13446865	42	STIM=q
13453373	42	RESP=2
13463259	42	STIM=k
13466615	42	RESP=1
13480457	42	STIM=8
13489348	42	RESP=2
13499220	42	STIM=w
13503269	42	RESP=1
13515176	42	STIM=m
13521851	42	RESP=1
13530313	42	STIM=t
13533956	42	RESP=2
13546714	42	STIM=k
13553114	42	RESP=1
13565563	42	STIM=o
13572785	42	RESP=1
13581452	42	STIM=w
13585695	42	RESP=1
13598851	42	STIM=4
13609693	42	RESP=2
13617395	42	STIM=x
13621959	42	RESP=1
13633696	42	STIM=0
13637315	42	RESP=2
13649694	42	STIM=u
13653581	42	RESP=1
13667451	42	STIM=f
13673431	42	RESP=1
13684648	42	STIM=f
13689593	42	RESP=1
13701992	42	STIM=p
13706580	42	RESP=1
13718084	42	STIM=j
13726130	42	RESP=1
13736372	42	STIM=h
13747377	42	RESP=1
13752108	42	STIM=9
13768450	42	RESP=1
13770257	42	STIM=3
13777129	42	RESP=2
13786944	42	STIM=a
13793684	42	RESP=1
13804083	42	STIM=a
13808896	42	RESP=1
13820084	42	STIM=p
13825437	42	RESP=1
13838804	42	STIM=h
13848002	42	RESP=1
13854419	42	STIM=s
13861799	42	RESP=1
13871062	42	STIM=a
13876526	42	RESP=1
13886566	42	STIM=e
13893029	42	RESP=1
13902692	42	STIM=v
13907073	42	RESP=1
13918677	42	STIM=r
13927174	42	RESP=1
13934652	42	STIM=1
13939668	42	RESP=2
13952533	42	STIM=r
13957317	42	RESP=1
13971465	42	STIM=s
13975015	42	RESP=1
13988778	42	STIM=d
13992710	42	RESP=1
14005753	42	STIM=x
14013855	42	RESP=1
14021694	42	STIM=j
14030725	42	RESP=1
14037815	42	STIM=p
14041824	42	RESP=1
14052959	42	STIM=z
14064608	42	RESP=1
14071607	42	STIM=l
14077548	42	RESP=1
14088471	42	STIM=c
14095458	42	RESP=1
14106153	42	STIM=5
14113920	42	RESP=2
14124795	42	STIM=o
14132611	42	RESP=1
14141290	42	STIM=f
14145749	42	RESP=1
14159054	42	STIM=p
14164501	42	RESP=1
14176755	42	STIM=0
14182467	42	RESP=2
14195556	42	STIM=c
14200673	42	RESP=2
14212410	42	STIM=2
14220546	42	RESP=2
14230045	42	STIM=f
14233447	42	RESP=1
14247793	42	STIM=v
14251732	42	RESP=1
14266077	42	STIM=8
14273357	42	RESP=2
14283526	42	STIM=y
14292489	42	RESP=1
14300511	42	STIM=x
14308107	42	RESP=1
14317183	42	STIM=a
14325557	42	RESP=1
14335921	42	STIM=b
14340711	42	RESP=1
14353757	42	STIM=a
14359925	42	RESP=1
14370460	42	STIM=m
14373960	42	RESP=1
14389301	42	STIM=w
14396217	42	RESP=2
14407060	42	STIM=6
14413639	42	RESP=1
14424277	42	STIM=a
14429253	42	RESP=1
14441000	42	STIM=v
14444411	42	RESP=1
14459755	42	STIM=u
14465950	42	RESP=1
14474898	42	STIM=p
14484633	42	RESP=1
14492572	42	STIM=n
14496622	42	RESP=1
14508794	42	STIM=e
14513613	42	RESP=1
14526952	42	STIM=q
14539489	42	RESP=1
14544409	42	STIM=f
14551362	42	RESP=1
14559710	42	STIM=1
14564362	42	RESP=2
14577326	42	STIM=z
14581282	42	RESP=1
14595769	42	STIM=c
14600594	42	RESP=1
14611173	42	STIM=4
14621303	42	RESP=2
14628277	42	STIM=4
14633524	42	RESP=2
14646958	42	STIM=y
14654188	42	RESP=1
14665614	42	STIM=b
14671348	42	RESP=1
14682230	42	STIM=x
14689411	42	RESP=1
14697378	42	STIM=b
14702025	42	RESP=1
14713881	42	STIM=e
14720441	42	RESP=1
14729797	42	STIM=d
14734187	42	RESP=1
14747434	42	STIM=y
14752889	42	RESP=1
14764663	42	STIM=w
14767609	42	RESP=1
14780360	42	STIM=d
14785121	42	RESP=1
14798824	42	STIM=s
14803102	42	RESP=1
14815900	42	STIM=n
14825336	42	RESP=1
14831318	42	STIM=v
14838306	42	RESP=1
14847991	42	STIM=a
14854857	42	RESP=1
14863172	42	STIM=s
14866582	42	RESP=1
14879343	42	STIM=7
14884286	42	RESP=2
14894650	42	STIM=e
14899957	42	RESP=1
14911267	42	STIM=c
14915485	42	RESP=1
14928185	42	STIM=2
14934723	42	RESP=1
14946267	42	STIM=d
14953999	42	RESP=1
14962731	42	STIM=j
14971621	42	RESP=1
14981318	42	STIM=h
14984871	42	RESP=1
14996984	42	STIM=q
15002945	42	RESP=1
15012896	42	STIM=f
15018724	42	RESP=1
15030252	42	STIM=h
15040450	42	RESP=1
15046753	42	STIM=s
15051444	42	RESP=1
15062002	42	STIM=6
15067961	42	RESP=2
15079996	42	STIM=j
15084000	42	RESP=1
15096387	42	STIM=p
15101868	42	RESP=1
15113850	42	STIM=a
15121124	42	RESP=1
15129273	42	STIM=o
15134296	42	RESP=1
15145069	42	STIM=s
15149483	42	RESP=1
15161614	42	STIM=2
15168866	42	RESP=2
15180225	42	STIM=p
15186261	42	RESP=1
15195277	42	STIM=h
15200071	42	RESP=1
15213196	42	STIM=f
15221606	42	RESP=1
15228226	42	STIM=n
15232112	42	RESP=1
15246712	42	STIM=l
15253704	42	RESP=1
15264514	42	STIM=m
15271679	42	RESP=1
15283297	42	STIM=a
15289516	42	RESP=1
15300428	42	STIM=g
15304334	42	RESP=1
15318195	42	STIM=a
15322949	42	RESP=1
15333336	42	STIM=2
15338287	42	RESP=1
15349587	42	STIM=c
15357683	42	RESP=1
15366285	42	STIM=b
15371501	42	RESP=2
15382355	42	STIM=3
15388855	42	RESP=2
15397607	42	STIM=2
15406266	42	RESP=2
15415412	42	STIM=y
15420871	42	RESP=1
15430552	42	STIM=m
15436088	42	RESP=2
15449380	42	STIM=x
15456352	42	RESP=1
15467810	42	STIM=j
15470366	42	RESP=1
15484915	42	STIM=a
15490921	42	RESP=1
15502315	42	STIM=t
15506254	42	RESP=1
15518309	42	STIM=h
15525395	42	RESP=1
15535064	42	STIM=y
15539522	42	RESP=1
15552994	42	STIM=6
15561459	42	RESP=2
15569597	42	STIM=e
15573788	42	RESP=1
15584945	42	STIM=8
15595471	42	RESP=2
15599991	42	STIM=j
15602769	42	RESP=1
15617913	42	STIM=c
15620324	42	RESP=1
15634142	42	STIM=h
15637144	42	RESP=1
15649326	42	STIM=e
15653962	42	RESP=1
15666939	42	STIM=y
15672530	42	RESP=1
15684174	42	STIM=r
15688940	42	RESP=2
15701397	42	STIM=g
15705184	42	RESP=1
15717410	42	STIM=n
15727390	42	RESP=1
15734321	42	STIM=l
15738748	42	RESP=1
15750575	42	STIM=9
15757941	42	RESP=2
15766501	42	STIM=6
15771539	42	RESP=2
15784581	42	STIM=9
15792538	42	RESP=2
15802026	42	STIM=z
15811933	42	RESP=1
15818031	42	STIM=v
15825569	42	RESP=1
15833884	42	STIM=9
15840188	42	RESP=2
15849526	42	STIM=1
15853357	42	RESP=2
15866734	42	STIM=c
15872620	42	RESP=1
15883406	42	STIM=4
15892762	42	RESP=1
15901116	42	STIM=g
15906665	42	RESP=1
15916816	42	STIM=1
15926039	42	RESP=2
15933739	42	STIM=s
15936049	42	RESP=1
15950289	42	STIM=w
15954590	42	RESP=1
15965317	42	STIM=m
15971413	42	RESP=1
15983102	42	STIM=6
15990392	42	RESP=2
15998893	42	STIM=u
16003756	42	RESP=1
16014010	42	STIM=d
16018955	42	RESP=1
16031876	42	STIM=s
16039167	42	RESP=1
16047428	42	STIM=h
16052312	42	RESP=1
16066153	42	STIM=q
16069345	42	RESP=1
16083523	42	STIM=6
16095109	42	RESP=2
16101436	42	STIM=f
16107465	42	RESP=2
16117947	42	STIM=f
16122172	42	RESP=1
16133945	42	STIM=m
16139137	42	RESP=1
16150272	42	STIM=s
16155817	42	RESP=1
16167770	42	STIM=j
16172512	42	RESP=1
16186283	42	STIM=9
16191119	42	RESP=2
16203752	42	STIM=x
16206821	42	RESP=2
16221292	42	STIM=g
16227707	42	RESP=1
16237624	42	STIM=7
16243197	42	RESP=2
16255546	42	STIM=u
16260047	42	RESP=1
16273480	42	STIM=6
16284461	42	RESP=2
16291693	42	STIM=c
16297323	42	RESP=1
16310606	42	STIM=w
16319899	42	RESP=1
16327692	42	STIM=n
16332361	42	RESP=1
16342946	42	STIM=q
16349491	42	RESP=1
16359576	42	STIM=f
16365389	42	RESP=1
16376713	42	STIM=d
16380945	42	RESP=1
16393066	42	STIM=w
16398482	42	RESP=1
16408220	42	STIM=o
16415160	42	RESP=1
16425445	42	STIM=k
16435803	42	RESP=1
16443859	42	STIM=k
16446738	42	RESP=1
16462584	42	STIM=3
16469881	42	RESP=2
16479984	42	STIM=j
16484786	42	RESP=1
16496403	42	STIM=s
16501575	42	RESP=1
16511688	42	STIM=q
16518725	42	RESP=1
16527555	42	STIM=i
16530612	42	RESP=2
16543330	42	STIM=p
16554252	42	RESP=1
16561538	42	STIM=4
16566710	42	RESP=2
16578224	42	STIM=s
16582004	42	RESP=1
16595404	42	STIM=e
16600130	42	RESP=1
16612516	42	STIM=z
16616828	42	RESP=1
16627702	42	STIM=p
16631859	42	RESP=1
16643533	42	STIM=x
16651083	42	RESP=1
16658561	42	STIM=w
16668978	42	RESP=1
16675133	42	STIM=s
16678345	42	RESP=1
16693017	42	STIM=a
16699320	42	RESP=1
16711216	42	STIM=f
16719255	42	RESP=1
16728681	42	STIM=o
16736889	42	RESP=1
16746722	42	STIM=t
16750155	42	RESP=1
16764475	42	STIM=5
16769375	42	RESP=2
16779878	42	STIM=8
16785402	42	RESP=2
16798512	42	STIM=t
16808261	42	RESP=1
16814947	42	STIM=p
16819801	42	RESP=1
16830665	42	STIM=m
16834571	42	RESP=1
16847529	42	STIM=4
16853936	42	RESP=2
16863583	42	STIM=z
16871759	42	RESP=1
16880149	42	STIM=q
16883798	42	RESP=1
16896475	42	STIM=m
16902326	42	RESP=1
16911689	42	STIM=l
16923252	42	RESP=1
16929751	42	STIM=t
16938814	42	RESP=1
16947367	42	STIM=f
16950212	42	RESP=2
16966180	42	STIM=r
16972130	42	RESP=2
16984267	42	STIM=v
16988303	42	RESP=1
16999967	42	STIM=y
17007791	42	RESP=1
17017658	42	STIM=s
17021474	42	RESP=1
17035052	42	STIM=j
17044049	42	RESP=1
17053444	42	STIM=y
17057284	42	RESP=1
17068945	42	STIM=k
17080413	42	RESP=2
17087843	42	STIM=v
17091009	42	RESP=1
17105885	42	STIM=j
17113024	42	RESP=1
17123181	42	STIM=s
17128930	42	RESP=1
17139256	42	STIM=j
17146202	42	RESP=1
17157654	42	STIM=i
17164443	42	RESP=1
17173488	42	STIM=b
17180341	42	RESP=1
17190774	42	STIM=c
17194599	42	RESP=1
17207559	42	STIM=9
17213093	42	RESP=1
17226489	42	STIM=s
17231182	42	RESP=1
17243383	42	STIM=4
17248353	42	RESP=2
17259123	42	STIM=d
17262885	42	RESP=1
17276790	42	STIM=j
17284889	42	RESP=1
17294168	42	STIM=b
17300697	42	RESP=1
17310405	42	STIM=g
17319412	42	RESP=1
17329246	42	STIM=x
17333405	42	RESP=1
17347793	42	STIM=u
17352599	42	RESP=1
17362983	42	STIM=7
17368845	42	RESP=2
17381481	42	STIM=q
17388955	42	RESP=1
17398395	42	STIM=m
17401749	42	RESP=1
17414093	42	STIM=w
17417811	42	RESP=1
17431718	42	STIM=k
17437852	42	RESP=1
17448584	42	STIM=z
17454556	42	RESP=1
17464799	42	STIM=2
17474039	42	RESP=1
17479941	42	STIM=j
17484129	42	RESP=1
17498275	42	STIM=3
17503763	42	RESP=2
17517159	42	STIM=x
17523004	42	RESP=1
17533069	42	STIM=k
17536967	42	RESP=2
17551755	42	STIM=f
17555020	42	RESP=1
17568471	42	STIM=3
17582660	42	RESP=2
17585116	42	STIM=y
17591649	42	RESP=1
17600823	42	STIM=y
17605344	42	RESP=1
17617233	42	STIM=m
17624169	42	RESP=1
17632489	42	STIM=q
17639005	42	RESP=1
17647887	42	STIM=e
17651489	42	RESP=2
17663443	42	STIM=1
17668882	42	RESP=1
17679787	42	STIM=z
17685308	42	RESP=1
17695887	42	STIM=i
17700726	42	RESP=1
17712529	42	STIM=5
17718102	42	RESP=2
17731098	42	STIM=i
17736790	42	RESP=1
17747853	42	STIM=0
17754159	42	RESP=2
17764111	42	STIM=0
17773853	42	RESP=2
17782367	42	STIM=v
17788543	42	RESP=1
17799144	42	STIM=f
17807260	42	RESP=1
17814533	42	STIM=e
17819838	42	RESP=1
17829850	42	STIM=f
17833677	42	RESP=1
17848406	42	STIM=t
17854131	42	RESP=1
17864122	42	STIM=r
17867347	42	RESP=1
17882954	42	STIM=s
17887348	42	RESP=1
17900140	42	STIM=4
17904145	42	RESP=2
17916287	42	STIM=f
17920537	42	RESP=1
17932132	42	STIM=q
17940726	42	RESP=1
17950619	42	STIM=4
17956022	42	RESP=1
17966457	42	STIM=l
17970030	42	RESP=1
17982720	42	STIM=c
17985819	42	RESP=1
18001684	42	STIM=r
18009053	42	RESP=1
18018325	42	STIM=x
18024156	42	RESP=1
18036651	42	STIM=b
18040124	42	RESP=1
18055369	42	STIM=2
18064170	42	RESP=2
18071753	42	STIM=o
18079727	42	RESP=1
18088014	42	STIM=l
18092182	42	RESP=1
18103352	42	STIM=w
18107718	42	RESP=1
18119627	42	STIM=m
18127173	42	RESP=1
18134969	42	STIM=s
18142683	42	RESP=1
18152620	42	STIM=e
18157694	42	RESP=1
18168383	42	STIM=f
18172912	42	RESP=1
18186229	42	STIM=0
18195858	42	RESP=2
18202423	42	STIM=n
18208289	42	RESP=1
18218432	42	STIM=c
18222658	42	RESP=1
18236399	42	STIM=q
18241800	42	RESP=1
18251501	42	STIM=n
18256720	42	RESP=1
18267846	42	STIM=j
18274648	42	RESP=1
18284857	42	STIM=w
18288780	42	RESP=1
18302582	42	STIM=k
18310799	42	RESP=1
18320408	42	STIM=i
18327519	42	RESP=1
18336872	42	STIM=5
18341485	42	RESP=1
18354469	42	STIM=p
18361593	42	RESP=1
18371058	42	STIM=i
18378152	42	RESP=1
18388995	42	STIM=4
18394933	42	RESP=2
18407864	42	STIM=r
18411839	42	RESP=1
18423829	42	STIM=l
18435322	42	RESP=1
18439182	42	STIM=g
18452009	42	RESP=1
18457166	42	STIM=a
18462831	42	RESP=1
18472665	42	STIM=g
18481124	42	RESP=1
18491032	42	STIM=z
18495724	42	RESP=1
18509255	42	STIM=l
18514912	42	RESP=1
18525276	42	STIM=y
18530991	42	RESP=2
18540441	42	STIM=v
18547523	42	RESP=1
18557519	42	STIM=n
18562124	42	RESP=1
18573312	42	STIM=g
18577277	42	RESP=1
18589612	42	STIM=y
18593048	42	RESP=1
18605287	42	STIM=g
18612342	42	RESP=1
18620676	42	STIM=a
18627238	42	RESP=1
18636958	42	STIM=y
18642468	42	RESP=1
18651997	42	STIM=i
18655920	42	RESP=1
18668545	42	STIM=t
18676152	42	RESP=1
18684294	42	STIM=x
18691508	42	RESP=1
18702182	42	STIM=q
18705543	42	RESP=1
18719459	42	STIM=m
18724465	42	RESP=1
18738057	42	STIM=e
18745299	42	RESP=1
18753463	42	STIM=j
18760480	42	RESP=2
18769297	42	STIM=u
18776025	42	RESP=1
18787674	42	STIM=u
18792985	42	RESP=1
18804056	42	STIM=n
18809683	42	RESP=1
18822196	42	STIM=m
18830627	42	RESP=1
18839053	42	STIM=h
18845048	42	RESP=1
18855563	42	STIM=a
18864228	42	RESP=1
18872277	42	STIM=7
18879642	42	RESP=2
18889652	42	STIM=r
18892442	42	RESP=1
18906415	42	STIM=d
18915514	42	RESP=1
18922108	42	STIM=m
18930215	42	RESP=1
18941099	42	STIM=c
18947356	42	RESP=1
18958020	42	STIM=6
18965126	42	RESP=2
18975523	42	STIM=m
18982250	42	RESP=1
18992409	42	STIM=q
19002163	42	RESP=1
19011321	42	STIM=x
19014533	42	RESP=1
19027994	42	STIM=p
19034811	42	RESP=1
19045592	42	STIM=p
19054774	42	RESP=1
19061761	42	STIM=j
19067347	42	RESP=1
19079526	42	STIM=3
19084681	42	RESP=1
19096731	42	STIM=c
19102392	42	RESP=1
19114340	42	STIM=a
19118581	42	RESP=1
19129764	42	STIM=3
19136446	42	RESP=2
19144841	42	STIM=x
19150361	42	RESP=1
19162074	42	STIM=4
19166358	42	RESP=2
19179668	42	STIM=d
19183324	42	RESP=1
19195140	42	STIM=u
19203093	42	RESP=1
19212932	42	STIM=1
19219759	42	RESP=2
19228310	42	STIM=p
19234093	42	RESP=1
19246137	42	STIM=1
19250847	42	RESP=1
19263761	42	STIM=n
19268906	42	RESP=1
19282453	42	STIM=j
19290141	42	RESP=1
19298049	42	STIM=v
19301803	42	RESP=1
19315319	42	STIM=3
19320266	42	RESP=2
19332792	42	STIM=g
19337829	42	RESP=1
19349818	42	STIM=u
19354948	42	RESP=1
19365258	42	STIM=4
19372058	42	RESP=2
19381902	42	STIM=w
19388160	42	RESP=1
19400307	42	STIM=9
19405872	42	RESP=2
19417102	42	STIM=r
19425241	42	RESP=1
19434939	42	STIM=1
19440490	42	RESP=2
19452930	42	STIM=2
19461157	42	RESP=2
19470584	42	STIM=s
19474121	42	RESP=1
19486487	42	STIM=v
19492320	42	RESP=1
19503098	42	STIM=o
19509811	42	RESP=1
19519887	42	STIM=g
19529079	42	RESP=1
19538761	42	STIM=0
19549213	42	RESP=2
19557288	42	STIM=h
19563883	42	RESP=1
19575338	42	STIM=u
19584167	42	RESP=1
19592767	42	STIM=d
19600235	42	RESP=1
19611718	42	STIM=3
19618166	42	RESP=1
19626743	42	STIM=x
19632200	42	RESP=1
19642481	42	STIM=5
19648596	42	RESP=2
19660808	42	STIM=f
19668167	42	RESP=1
19678011	42	STIM=z
19683997	42	RESP=1
19696709	42	STIM=c
19703679	42	RESP=1
19713652	42	STIM=4
19720880	42	RESP=2
19728915	42	STIM=a
19739260	42	RESP=1
19746236	42	STIM=o
19749792	42	RESP=1
19764123	42	STIM=v
19770741	42	RESP=1
19780621	42	STIM=o
19787924	42	RESP=1
19796337	42	STIM=l
19800431	42	RESP=1
19811372	42	STIM=0
19819463	42	RESP=2
19827055	42	STIM=b
19829936	42	RESP=1
19842752	42	STIM=a
19847703	42	RESP=2
19859594	42	STIM=0
19868423	42	RESP=2
19875111	42	STIM=e
19880763	42	RESP=1
19890377	42	STIM=m
19893773	42	RESP=1
19908128	42	STIM=7
19917097	42	RESP=2
19925734	42	STIM=c
19932675	42	RESP=1
19940974	42	STIM=7
19947107	42	RESP=2
19956070	42	STIM=w
19960447	42	RESP=1
19971206	42	STIM=o
19983116	42	RESP=1
19986472	42	STIM=2
19991284	42	RESP=2
20004555	42	STIM=z
20009426	42	RESP=1
20021073	42	STIM=i
20029283	42	RESP=1
20037236	42	STIM=u
20040720	42	RESP=1
20054013	42	STIM=4
20059654	42	RESP=2
20069197	42	STIM=k
20074449	42	RESP=1
20087606	42	STIM=z
20093174	42	RESP=1
20104789	42	STIM=g
20109985	42	RESP=1
20122246	42	STIM=c
20128504	42	RESP=1
20138121	42	STIM=r
20141453	42	RESP=1
20153363	42	STIM=x
20157833	42	RESP=1
20169911	42	STIM=w
20174319	42	RESP=1
20188756	42	STIM=y
20193108	42	RESP=1
20205163	42	STIM=k
20211671	42	RESP=1
20220974	42	STIM=b
20229134	42	RESP=1
20236274	42	STIM=1
20244460	42	RESP=2
20254053	42	STIM=3
20260184	42	RESP=2
20272980	42	STIM=t
20278070	42	RESP=1
20290591	42	STIM=x
20298770	42	RESP=1
20308573	42	STIM=q
20313958	42	RESP=1
20323928	42	STIM=l
20327396	42	RESP=1
20341532	42	STIM=h
20348883	42	RESP=1
20356532	42	STIM=q
20363022	42	RESP=1
20374908	42	STIM=n
20378094	42	RESP=1
20392191	42	STIM=6
20396809	42	RESP=2
20410801	42	STIM=7
20418016	42	RESP=2
20425897	42	STIM=x
20432614	42	RESP=1
20443414	42	STIM=k
20446604	42	RESP=1
20461722	42	STIM=b
20466129	42	RESP=1
20480594	42	STIM=1
20486448	42	RESP=2
20495652	42	STIM=t
20502415	42	RESP=1
20511968	42	STIM=h
20520026	42	RESP=1
20530278	42	STIM=a
20542852	42	RESP=1
20548728	42	STIM=p
20553973	42	RESP=2
20564324	42	STIM=c
20570503	42	RESP=1
20581202	42	STIM=b
20585748	42	RESP=1
20598326	42	STIM=z
20610062	42	RESP=1
20616747	42	STIM=i
20621710	42	RESP=1
20633353	42	STIM=q
20641296	42	RESP=1
20650324	42	STIM=d
20655069	42	RESP=1
20667528	42	STIM=0
20674868	42	RESP=2
20683984	42	STIM=t
20688348	42	RESP=1
20702299	42	STIM=y
20710397	42	RESP=1
20721211	42	STIM=v
20724589	42	RESP=1
20739548	42	STIM=n
20744979	42	RESP=1
20755219	42	STIM=x
20763621	42	RESP=1
20773042	42	STIM=k
20778031	42	RESP=1
20791190	42	STIM=t
20796158	42	RESP=2
20806928	42	STIM=z
20812203	42	RESP=1
20822545	42	STIM=x
20825972	42	RESP=1
20838811	42	STIM=5
20845544	42	RESP=2
20855269	42	STIM=5
20860394	42	RESP=1
20871710	42	STIM=c
20880735	42	RESP=1
20890298	42	STIM=i
20896285	42	RESP=1
20907120	42	STIM=c
20914435	42	RESP=1
20925973	42	STIM=k
20932911	42	RESP=1
20944259	42	STIM=z
20951517	42	RESP=1
20961667	42	STIM=t
20965962	42	RESP=1
20978340	42	STIM=o
20984488	42	RESP=1
20994453	42	STIM=i
20997609	42	RESP=1
21010825	42	STIM=r
21013893	42	RESP=1
21029811	42	STIM=l
21032967	42	RESP=1
21047118	42	STIM=u
21054158	42	RESP=1
21063725	42	STIM=u
21071119	42	RESP=1
21079756	42	STIM=h
21085183	42	RESP=1
21096251	42	STIM=1
21103025	42	RESP=2
21114897	42	STIM=p
21119294	42	RESP=1
21132585	42	STIM=t
21137199	42	RESP=1
21150175	42	STIM=v
21156792	42	RESP=1
21165293	42	STIM=9
21170514	42	RESP=2
21182995	42	STIM=d
21189684	42	RESP=1
21200311	42	STIM=k
21205932	42	RESP=1
21215429	42	STIM=9
21224356	42	RESP=2
21233814	42	STIM=t
21238795	42	RESP=1
21252134	42	STIM=3
21260023	42	RESP=2
21270593	42	STIM=u
21275448	42	RESP=1
21286302	42	STIM=c
21293156	42	RESP=1
21301818	42	STIM=0
21308271	42	RESP=2
21319029	42	STIM=4
21325117	42	RESP=2
21335120	42	STIM=k
21339535	42	RESP=1
21351278	42	STIM=b
21360179	42	RESP=1
21367348	42	STIM=t
21371697	42	RESP=1
21383171	42	STIM=l
21390050	42	RESP=1
21400099	42	STIM=q
21404675	42	RESP=1
21415351	42	STIM=j
21421086	42	RESP=1
21434005	42	STIM=i
21439935	42	RESP=1
21450264	42	STIM=1
21458771	42	RESP=1
21466295	42	STIM=u
21470335	42	RESP=1
21484306	42	STIM=m
21492287	42	RESP=1
21501963	42	STIM=i
21505849	42	RESP=1
21518502	42	STIM=z
21522843	42	RESP=1
21535772	42	STIM=k
21545154	42	RESP=1
21552394	42	STIM=l
21559958	42	RESP=1
21570110	42	STIM=9
21574951	42	RESP=2
21586291	42	STIM=o
21589806	42	RESP=1
21602302	42	STIM=a
21607400	42	RESP=1
21617747	42	STIM=x
21624931	42	RESP=1
21635336	42	STIM=x
21639393	42	RESP=1
21650969	42	STIM=u
21656217	42	RESP=1
21666953	42	STIM=2
21671228	42	RESP=2
21684392	42	STIM=i
21690078	42	RESP=1
21700634	42	STIM=p
21706128	42	RESP=1
21718795	42	STIM=e
21725212	42	RESP=1
