# Original filename: 0034_OEH_2017-08-22.log
# Time unit: 100 us
# RARECAT=digit
#
# Time	HHGG	Event
37954	42	STIM=l
42902	42	RESP=1
54290	42	STIM=q
58516	42	RESP=1
70119	42	STIM=s
75638	42	RESP=1
87343	42	STIM=m
92928	42	RESP=1
104793	42	STIM=f
109533	42	RESP=1
120327	42	STIM=h
125611	42	RESP=1
135396	42	STIM=s
142528	42	RESP=1
150970	42	STIM=l
160532	42	RESP=1
167653	42	STIM=q
172047	42	RESP=1
186167	42	STIM=x
193238	42	RESP=2
201579	42	STIM=y
207881	42	RESP=1
217112	42	STIM=d
221700	42	RESP=1
232482	42	STIM=j
235672	42	RESP=1
248723	42	STIM=g
254036	42	RESP=1
265195	42	STIM=p
269955	42	RESP=1
281222	42	STIM=j
293354	42	RESP=1
299757	42	STIM=7
309117	42	RESP=2
317839	42	STIM=k
322856	42	RESP=1
333374	42	STIM=p
338439	42	RESP=1
352340	42	STIM=t
356792	42	RESP=1
368986	42	STIM=m
380546	42	RESP=1
385300	42	STIM=0
394470	42	RESP=2
402665	42	STIM=c
413981	42	RESP=1
418294	42	STIM=4
424087	42	RESP=2
434017	42	STIM=m
438771	42	RESP=1
449198	42	STIM=g
456777	42	RESP=1
465001	42	STIM=4
472251	42	RESP=2
480193	42	STIM=w
484054	42	RESP=1
498222	42	STIM=4
503712	42	RESP=2
517188	42	STIM=y
526006	42	RESP=1
534778	42	STIM=c
541061	42	RESP=1
552653	42	STIM=z
557218	42	RESP=1
568814	42	STIM=x
574218	42	RESP=2
584535	42	STIM=v
588164	42	RESP=1
600930	42	STIM=v
605766	42	RESP=2
618117	42	STIM=c
624172	42	RESP=1
634598	42	STIM=3
642855	42	RESP=1
650538	42	STIM=r
654772	42	RESP=1
665891	42	STIM=w
669296	42	RESP=1
681585	42	STIM=d
687119	42	RESP=1
698378	42	STIM=h
702904	42	RESP=1
715279	42	STIM=f
722111	42	RESP=1
730841	42	STIM=j
736848	42	RESP=1
749830	42	STIM=o
755417	42	RESP=1
767908	42	STIM=u
778296	42	RESP=1
785434	42	STIM=x
803251	42	RESP=1
804297	42	STIM=b
808000	42	RESP=1
820227	42	STIM=k
826082	42	RESP=1
836011	42	STIM=6
842828	42	RESP=2
852982	42	STIM=f
858662	42	RESP=1
870478	42	STIM=b
876783	42	RESP=1
885977	42	STIM=1
893465	42	RESP=2
901942	42	STIM=b
907557	42	RESP=1
917887	42	STIM=d
924164	42	RESP=1
934404	42	STIM=e
944103	42	RESP=1
951842	42	STIM=l
955922	42	RESP=1
967744	42	STIM=g
971016	42	RESP=1
984893	42	STIM=3
989988	42	RESP=1
1003034	42	STIM=v
1006876	42	RESP=1
1020199	42	STIM=c
1022590	42	RESP=1
1035785	42	STIM=x
1041522	42	RESP=1
1050994	42	STIM=o
1058194	42	RESP=1
1069670	42	STIM=x
1076400	42	RESP=1
1087202	42	STIM=b
1092720	42	RESP=1
1104744	42	STIM=w
1108320	42	RESP=1
1122373	42	STIM=f
1128758	42	RESP=1
1141358	42	STIM=0
1147190	42	RESP=2
1157080	42	STIM=c
1162337	42	RESP=1
1174547	42	STIM=2
1179014	42	RESP=2
1189554	42	STIM=q
1197554	42	RESP=1
1208212	42	STIM=p
1218328	42	RESP=1
1223854	42	STIM=o
1231866	42	RESP=1
1242215	42	STIM=o
1254607	42	RESP=1
1260746	42	STIM=n
1264010	42	RESP=1
1276898	42	STIM=4
1281329	42	RESP=2
1292397	42	STIM=d
1299171	42	RESP=1
1308075	42	STIM=y
1312179	42	RESP=1
1323358	42	STIM=j
1331955	42	RESP=1
1338586	42	STIM=6
1343613	42	RESP=2
1355725	42	STIM=o
1359661	42	RESP=1
1372760	42	STIM=l
1376989	42	RESP=1
1391688	42	STIM=y
1394584	42	RESP=1
1410180	42	STIM=c
1415376	42	RESP=1
1425886	42	STIM=j
1430525	42	RESP=1
1441217	42	STIM=2
1446992	42	RESP=2
1458388	42	STIM=y
1462902	42	RESP=1
1473681	42	STIM=d
1481612	42	RESP=1
1490791	42	STIM=c
1496795	42	RESP=1
1507195	42	STIM=8
1511597	42	RESP=2
1523405	42	STIM=4
1528383	42	RESP=2
1542132	42	STIM=p
1550410	42	RESP=1
1557307	42	STIM=2
1563038	42	RESP=2
1573599	42	STIM=b
1576754	42	RESP=1
1591637	42	STIM=0
1598347	42	RESP=2
1609908	42	STIM=c
1616404	42	RESP=1
1627965	42	STIM=u
1632105	42	RESP=1
1644265	42	STIM=m
1649786	42	RESP=1
1663005	42	STIM=t
1665300	42	RESP=1
1680494	42	STIM=t
1683804	42	RESP=1
1698931	42	STIM=g
1704227	42	RESP=1
1717272	42	STIM=t
1720492	42	RESP=1
1734796	42	STIM=o
1739808	42	RESP=1
1751761	42	STIM=u
1755814	42	RESP=1
1768493	42	STIM=w
1772740	42	RESP=1
1786703	42	STIM=c
1793618	42	RESP=1
1804652	42	STIM=1
1809260	42	RESP=2
1822094	42	STIM=n
1830075	42	RESP=1
1837905	42	STIM=d
1843261	42	RESP=1
1855453	42	STIM=p
1862355	42	RESP=1
1871831	42	STIM=o
1875997	42	RESP=1
1889216	42	STIM=i
1895289	42	RESP=1
1906927	42	STIM=x
1913912	42	RESP=1
1923401	42	STIM=f
1928511	42	RESP=1
1942337	42	STIM=w
1946299	42	RESP=1
1961045	42	STIM=g
1967148	42	RESP=1
1977925	42	STIM=h
1984148	42	RESP=1
1996214	42	STIM=9
2003652	42	RESP=2
2015178	42	STIM=0
2021374	42	RESP=2
2030874	42	STIM=t
2038365	42	RESP=1
2047880	42	STIM=z
2052744	42	RESP=1
2065204	42	STIM=6
2072972	42	RESP=2
2080680	42	STIM=w
2086282	42	RESP=1
2098664	42	STIM=e
2102444	42	RESP=1
2116496	42	STIM=2
2120266	42	RESP=2
2133299	42	STIM=x
2142594	42	RESP=1
2150219	42	STIM=l
2156290	42	RESP=1
2165389	42	STIM=x
2169134	42	RESP=2
2180799	42	STIM=v
2187778	42	RESP=1
2196323	42	STIM=u
2202563	42	RESP=1
2214116	42	STIM=j
2217592	42	RESP=1
2230357	42	STIM=g
2234094	42	RESP=2
2247959	42	STIM=d
2250398	42	RESP=1
2263352	42	STIM=f
2267220	42	RESP=1
2280446	42	STIM=v
2283647	42	RESP=2
2298452	42	STIM=l
2301827	42	RESP=1
2317212	42	STIM=s
2320459	42	RESP=1
2335927	42	STIM=c
2341382	42	RESP=1
2353653	42	STIM=8
2361868	42	RESP=2
2369520	42	STIM=s
2373074	42	RESP=1
2387820	42	STIM=c
2397561	42	RESP=1
2406131	42	STIM=i
2409589	42	RESP=1
2423101	42	STIM=v
2425994	42	RESP=1
2439773	42	STIM=h
2443544	42	RESP=1
2457467	42	STIM=8
2463016	42	RESP=2
2474904	42	STIM=p
2478031	42	RESP=1
2491124	42	STIM=w
2499106	42	RESP=1
2508172	42	STIM=b
2513336	42	RESP=1
2525498	42	STIM=w
2532351	42	RESP=1
2543957	42	STIM=t
2550191	42	RESP=1
2561423	42	STIM=l
2566171	42	RESP=2
2578377	42	STIM=k
2585812	42	RESP=1
2596863	42	STIM=l
2604303	42	RESP=1
2613597	42	STIM=g
2619703	42	RESP=1
2630630	42	STIM=t
2633607	42	RESP=1
2646493	42	STIM=s
2653311	42	RESP=1
2665138	42	STIM=6
2672321	42	RESP=2
2682882	42	STIM=4
2691604	42	RESP=2
2701405	42	STIM=x
2705990	42	RESP=1
2719188	42	STIM=a
2724273	42	RESP=1
2737281	42	STIM=1
2745797	42	RESP=2
2755067	42	STIM=u
2762199	42	RESP=1
2771938	42	STIM=9
2777897	42	RESP=2
2787663	42	STIM=s
2792158	42	RESP=1
2805836	42	STIM=t
2811212	42	RESP=1
2823510	42	STIM=y
2827373	42	RESP=1
2838684	42	STIM=c
2845213	42	RESP=1
2857171	42	STIM=x
2864926	42	RESP=1
2875150	42	STIM=7
2885498	42	RESP=1
2890263	42	STIM=7
2894215	42	RESP=2
2908129	42	STIM=v
2912334	42	RESP=1
2923143	42	STIM=r
2929573	42	RESP=1
2939572	42	STIM=s
2944290	42	RESP=1
2956547	42	STIM=i
2960827	42	RESP=1
2972717	42	STIM=v
2980228	42	RESP=1
2990444	42	STIM=c
2996775	42	RESP=1
3006401	42	STIM=y
3012291	42	RESP=1
3024170	42	STIM=y
3034364	42	RESP=1
3039980	42	STIM=s
3044680	42	RESP=1
3058157	42	STIM=h
3063328	42	RESP=1
3074081	42	STIM=t
3080213	42	RESP=1
3091322	42	STIM=z
3097915	42	RESP=1
3107878	42	STIM=l
3120518	42	RESP=1
3126657	42	STIM=x
3130989	42	RESP=1
3141927	42	STIM=p
3148009	42	RESP=1
3158938	42	STIM=g
3163051	42	RESP=1
3177886	42	STIM=8
3181665	42	RESP=2
3193225	42	STIM=s
3202203	42	RESP=1
3211597	42	STIM=h
3215413	42	RESP=1
3228312	42	STIM=h
3234188	42	RESP=1
3245851	42	STIM=c
3252510	42	RESP=1
3261110	42	STIM=m
3268628	42	RESP=1
3276454	42	STIM=6
3280987	42	RESP=2
3293103	42	STIM=2
3299061	42	RESP=1
3309702	42	STIM=j
3319711	42	RESP=1
3327319	42	STIM=l
3331738	42	RESP=1
3344966	42	STIM=e
3350270	42	RESP=1
3361769	42	STIM=9
3365158	42	RESP=1
3378963	42	STIM=v
3383270	42	RESP=1
3395437	42	STIM=l
3399940	42	RESP=1
3413034	42	STIM=c
3418933	42	RESP=2
3428098	42	STIM=r
3432464	42	RESP=1
3445198	42	STIM=f
3451345	42	RESP=2
3461738	42	STIM=a
3467562	42	RESP=1
3478365	42	STIM=f
3487257	42	RESP=1
3497188	42	STIM=j
3501078	42	RESP=1
3513234	42	STIM=k
3516245	42	RESP=1
3528294	42	STIM=k
3537104	42	RESP=1
3547202	42	STIM=7
3553157	42	RESP=2
3564318	42	STIM=9
3570929	42	RESP=2
3580095	42	STIM=c
3585813	42	RESP=1
3597138	42	STIM=2
3602174	42	RESP=2
3613490	42	STIM=5
3621567	42	RESP=2
3629978	42	STIM=f
3633640	42	RESP=1
3647950	42	STIM=0
3655352	42	RESP=2
3665025	42	STIM=0
3671100	42	RESP=2
3682237	42	STIM=f
3689993	42	RESP=1
3699010	42	STIM=p
3704317	42	RESP=1
3716101	42	STIM=b
3722307	42	RESP=1
3734834	42	STIM=u
3742850	42	RESP=1
3751282	42	STIM=n
3757292	42	RESP=1
3766601	42	STIM=r
3769947	42	RESP=1
3785598	42	STIM=i
3790748	42	RESP=2
3802521	42	STIM=f
3808918	42	RESP=1
3820149	42	STIM=n
3824368	42	RESP=1
3836142	42	STIM=6
3842524	42	RESP=2
3852179	42	STIM=v
3856926	42	RESP=1
3868858	42	STIM=0
3874232	42	RESP=2
3885189	42	STIM=8
3891295	42	RESP=2
3900996	42	STIM=f
3908569	42	RESP=1
3918625	42	STIM=4
3926157	42	RESP=2
3935658	42	STIM=p
3950924	42	RESP=1
3953558	42	STIM=i
3959585	42	RESP=1
3970298	42	STIM=l
3976468	42	RESP=1
3985660	42	STIM=7
3991053	42	RESP=2
4002259	42	STIM=k
4008150	42	RESP=1
4018457	42	STIM=5
4024153	42	RESP=2
4037273	42	STIM=d
4042070	42	RESP=1
4055958	42	STIM=7
4062048	42	RESP=2
4072172	42	STIM=s
4077723	42	RESP=1
4088198	42	STIM=h
4093604	42	RESP=1
4106828	42	STIM=y
4115843	42	RESP=2
4121876	42	STIM=s
4125663	42	RESP=1
4137888	42	STIM=3
4144939	42	RESP=2
4154493	42	STIM=w
4158648	42	RESP=1
4172357	42	STIM=e
4179181	42	RESP=1
4190779	42	STIM=c
4200214	42	RESP=1
4208015	42	STIM=y
4214611	42	RESP=1
4226415	42	STIM=3
4234511	42	RESP=2
4241574	42	STIM=o
4245742	42	RESP=1
4257422	42	STIM=m
4262829	42	RESP=1
4274352	42	STIM=u
4278326	42	RESP=1
4292770	42	STIM=k
4299289	42	RESP=1
4310452	42	STIM=v
4313807	42	RESP=1
4329056	42	STIM=f
4336486	42	RESP=1
4344222	42	STIM=3
4351744	42	RESP=2
4362539	42	STIM=5
4368308	42	RESP=2
4380725	42	STIM=w
4384128	42	RESP=1
4398482	42	STIM=l
4403878	42	RESP=1
4414925	42	STIM=q
4418765	42	RESP=1
4430296	42	STIM=b
4434161	42	RESP=1
4448491	42	STIM=w
4453737	42	RESP=1
4463843	42	STIM=x
4472215	42	RESP=1
4480498	42	STIM=c
4485319	42	RESP=1
4496591	42	STIM=f
4500850	42	RESP=1
4515468	42	STIM=c
4519596	42	RESP=1
4533137	42	STIM=w
4538414	42	RESP=1
4551154	42	STIM=a
4558253	42	RESP=2
4567089	42	STIM=b
4575601	42	RESP=1
4585319	42	STIM=6
4589671	42	RESP=2
4600368	42	STIM=g
4605962	42	RESP=1
4618496	42	STIM=g
4624555	42	RESP=1
4634653	42	STIM=x
4639933	42	RESP=2
4653235	42	STIM=n
4659346	42	RESP=1
4671832	42	STIM=o
4680619	42	RESP=1
4687946	42	STIM=q
4692349	42	RESP=1
4703103	42	STIM=6
4710949	42	RESP=2
4719766	42	STIM=r
4723835	42	RESP=1
4734989	42	STIM=b
4741396	42	RESP=1
4751848	42	STIM=x
4755359	42	RESP=1
4768118	42	STIM=b
4778051	42	RESP=1
4785087	42	STIM=f
4789124	42	RESP=1
4800837	42	STIM=t
4804849	42	RESP=1
4817323	42	STIM=c
4822784	42	RESP=1
4834865	42	STIM=k
4838703	42	RESP=1
4851014	42	STIM=8
4861091	42	RESP=2
4866117	42	STIM=c
4873543	42	RESP=1
4884987	42	STIM=m
4890726	42	RESP=2
4901767	42	STIM=d
4907764	42	RESP=1
4919450	42	STIM=5
4925626	42	RESP=1
4938099	42	STIM=s
4944050	42	RESP=2
4955937	42	STIM=h
4963160	42	RESP=1
4972948	42	STIM=1
4978651	42	RESP=2
4991680	42	STIM=g
4994131	42	RESP=1
5009745	42	STIM=d
5014781	42	RESP=1
5027410	42	STIM=8
5031427	42	RESP=2
5046200	42	STIM=t
5055092	42	RESP=2
5062381	42	STIM=5
5069930	42	RESP=2
5078711	42	STIM=z
5084875	42	RESP=1
5095657	42	STIM=o
5101130	42	RESP=2
5110898	42	STIM=e
5117713	42	RESP=1
5126059	42	STIM=j
5137772	42	RESP=1
5143735	42	STIM=2
5152805	42	RESP=2
5162579	42	STIM=a
5166989	42	RESP=1
5181413	42	STIM=t
5189650	42	RESP=1
5197519	42	STIM=7
5206436	42	RESP=2
5215883	42	STIM=u
5219506	42	RESP=1
5232811	42	STIM=r
5236344	42	RESP=1
5250130	42	STIM=i
5253859	42	RESP=2
5266357	42	STIM=x
5268942	42	RESP=1
5285177	42	STIM=3
5289328	42	RESP=2
5301211	42	STIM=b
5305695	42	RESP=1
5320174	42	STIM=8
5328059	42	RESP=2
5338804	42	STIM=e
5347537	42	RESP=1
5355775	42	STIM=i
5364391	42	RESP=1
5373120	42	STIM=u
5379170	42	RESP=1
5390161	42	STIM=r
5398814	42	RESP=1
5406063	42	STIM=n
5409763	42	RESP=1
5421798	42	STIM=x
5429216	42	RESP=1
5440163	42	STIM=j
5445189	42	RESP=1
5459057	42	STIM=7
5463840	42	RESP=2
5475573	42	STIM=p
5482410	42	RESP=1
5490904	42	STIM=d
5496617	42	RESP=1
5509835	42	STIM=w
5512314	42	RESP=1
5525286	42	STIM=d
5530552	42	RESP=1
5541621	42	STIM=w
5544226	42	RESP=1
5558556	42	STIM=z
5564309	42	RESP=1
5573748	42	STIM=p
5578860	42	RESP=1
5590141	42	STIM=f
5594426	42	RESP=1
5608439	42	STIM=r
5612922	42	RESP=1
5623439	42	STIM=f
5632635	42	RESP=1
5639679	42	STIM=r
5647756	42	RESP=1
5655111	42	STIM=f
5658186	42	RESP=1
5671677	42	STIM=y
5677623	42	RESP=1
5688867	42	STIM=9
5694492	42	RESP=2
5704924	42	STIM=j
5711810	42	RESP=1
5723047	42	STIM=i
5733644	42	RESP=1
5741232	42	STIM=j
5750990	42	RESP=1
5756277	42	STIM=2
5762566	42	RESP=2
5772729	42	STIM=s
5778449	42	RESP=2
5790685	42	STIM=o
5794208	42	RESP=1
5807179	42	STIM=o
5810392	42	RESP=1
5822907	42	STIM=o
5826422	42	RESP=1
5841179	42	STIM=q
5848439	42	RESP=1
5857166	42	STIM=6
5862355	42	RESP=2
5872339	42	STIM=h
5877320	42	RESP=1
5890938	42	STIM=m
5895835	42	RESP=1
5907714	42	STIM=p
5913185	42	RESP=1
5923731	42	STIM=a
5928746	42	RESP=1
5940282	42	STIM=r
5945020	42	RESP=1
5958598	42	STIM=c
5963011	42	RESP=1
5974619	42	STIM=r
5980089	42	RESP=2
5990194	42	STIM=d
5994568	42	RESP=1
6006649	42	STIM=m
6012533	42	RESP=1
6024226	42	STIM=y
6030169	42	RESP=1
6041270	42	STIM=h
6045976	42	RESP=1
6059694	42	STIM=t
6064208	42	RESP=1
6078483	42	STIM=0
6083864	42	RESP=2
6095003	42	STIM=p
6099215	42	RESP=1
6110136	42	STIM=1
6114493	42	RESP=2
6126889	42	STIM=t
6132005	42	RESP=1
6145065	42	STIM=0
6149654	42	RESP=2
6160912	42	STIM=n
6164139	42	RESP=2
6178287	42	STIM=c
6184677	42	RESP=1
6195618	42	STIM=a
6201374	42	RESP=1
6211772	42	STIM=y
6216629	42	RESP=1
6229101	42	STIM=g
6232184	42	RESP=1
6246339	42	STIM=v
6251274	42	RESP=1
6263080	42	STIM=3
6271731	42	RESP=2
6280683	42	STIM=1
6285851	42	RESP=2
6299262	42	STIM=a
6309584	42	RESP=1
6314851	42	STIM=y
6324702	42	RESP=1
6331892	42	STIM=a
6336397	42	RESP=1
6347146	42	STIM=6
6354832	42	RESP=2
6364295	42	STIM=3
6370283	42	RESP=2
6381262	42	STIM=n
6389913	42	RESP=1
6398979	42	STIM=u
6405537	42	RESP=1
6416453	42	STIM=d
6420490	42	RESP=1
6435208	42	STIM=q
6441717	42	RESP=1
6453517	42	STIM=4
6461620	42	RESP=2
6470486	42	STIM=l
6476148	42	RESP=1
6488484	42	STIM=3
6493972	42	RESP=2
6503489	42	STIM=t
6508583	42	RESP=1
6521085	42	STIM=v
6526647	42	RESP=1
6538602	42	STIM=6
6543585	42	RESP=1
6556654	42	STIM=8
6561062	42	RESP=2
6571846	42	STIM=7
6577254	42	RESP=2
6590605	42	STIM=z
6597135	42	RESP=1
6609161	42	STIM=f
6613175	42	RESP=1
6626710	42	STIM=n
6632124	42	RESP=1
6645430	42	STIM=s
6650258	42	RESP=1
6661269	42	STIM=1
6667600	42	RESP=1
6678011	42	STIM=6
6682725	42	RESP=2
6696460	42	STIM=k
6699666	42	RESP=1
6714983	42	STIM=o
6720730	42	RESP=1
6731050	42	STIM=9
6735074	42	RESP=2
6749913	42	STIM=d
6756842	42	RESP=1
6768906	42	STIM=c
6774141	42	RESP=1
6787200	42	STIM=h
6790615	42	RESP=1
6803717	42	STIM=x
6806757	42	RESP=2
6819186	42	STIM=g
6827664	42	RESP=1
6835515	42	STIM=h
6842934	42	RESP=1
6851614	42	STIM=w
6857621	42	RESP=1
6869121	42	STIM=4
6874275	42	RESP=2
6887779	42	STIM=b
6894194	42	RESP=1
6904777	42	STIM=4
6910354	42	RESP=2
6923206	42	STIM=l
6926933	42	RESP=1
6939309	42	STIM=q
6945633	42	RESP=1
6955151	42	STIM=z
6959841	42	RESP=1
6971630	42	STIM=t
6976943	42	RESP=1
6989413	42	STIM=l
6992946	42	RESP=1
7005573	42	STIM=n
7012362	42	RESP=1
7022259	42	STIM=6
7029191	42	RESP=1
7037328	42	STIM=9
7044177	42	RESP=2
7056010	42	STIM=u
7060986	42	RESP=1
7073568	42	STIM=5
7078294	42	RESP=2
7090116	42	STIM=l
7094138	42	RESP=1
7107873	42	STIM=j
7116302	42	RESP=1
7123176	42	STIM=6
7129238	42	RESP=2
7138952	42	STIM=7
7147919	42	RESP=2
7157581	42	STIM=y
7161694	42	RESP=1
7175287	42	STIM=k
7183496	42	RESP=2
7192333	42	STIM=7
7197709	42	RESP=2
7207734	42	STIM=4
7215561	42	RESP=1
7223601	42	STIM=3
7232092	42	RESP=2
7240742	42	STIM=l
7246003	42	RESP=1
7256136	42	STIM=l
7260952	42	RESP=1
7271155	42	STIM=f
7276573	42	RESP=1
7288028	42	STIM=h
7291819	42	RESP=1
7304533	42	STIM=3
7308854	42	RESP=2
7323324	42	STIM=p
7327793	42	RESP=1
7342278	42	STIM=4
7350135	42	RESP=2
7358513	42	STIM=w
7361832	42	RESP=1
7376303	42	STIM=0
7383531	42	RESP=2
7392118	42	STIM=1
7396436	42	RESP=2
7408764	42	STIM=y
7413014	42	RESP=1
7425893	42	STIM=h
7432492	42	RESP=1
7444292	42	STIM=f
7448139	42	RESP=1
7463046	42	STIM=m
7468275	42	RESP=1
7480989	42	STIM=v
7487587	42	RESP=1
7498090	42	STIM=h
7506737	42	RESP=1
7515854	42	STIM=q
7522160	42	RESP=1
7532963	42	STIM=i
7539394	42	RESP=1
7550397	42	STIM=u
7554339	42	RESP=1
7565663	42	STIM=m
7573012	42	RESP=1
7581679	42	STIM=s
7591783	42	RESP=1
7600591	42	STIM=c
7605370	42	RESP=1
7617594	42	STIM=y
7624897	42	RESP=1
7633607	42	STIM=h
7638574	42	RESP=1
7650181	42	STIM=2
7658767	42	RESP=2
7665505	42	STIM=2
7673686	42	RESP=2
7684084	42	STIM=y
7690293	42	RESP=1
7699724	42	STIM=f
7703951	42	RESP=1
7715331	42	STIM=c
7721420	42	RESP=1
7733047	42	STIM=x
7739032	42	RESP=2
7751269	42	STIM=y
7754775	42	RESP=1
7766429	42	STIM=0
7772856	42	RESP=1
7781846	42	STIM=8
7789589	42	RESP=2
7799260	42	STIM=4
7806022	42	RESP=2
7815886	42	STIM=t
7820896	42	RESP=1
7832210	42	STIM=m
7837885	42	RESP=1
7847547	42	STIM=g
7851469	42	RESP=1
7864821	42	STIM=1
7868843	42	RESP=2
7883054	42	STIM=h
7894034	42	RESP=1
7900538	42	STIM=f
7908128	42	RESP=1
7917968	42	STIM=y
7925405	42	RESP=1
7935756	42	STIM=m
7940108	42	RESP=1
7953265	42	STIM=1
7959837	42	RESP=2
7971009	42	STIM=c
7984786	42	RESP=1
7987175	42	STIM=7
7991741	42	RESP=2
8004246	42	STIM=2
8010224	42	RESP=2
8022498	42	STIM=q
8025704	42	RESP=1
8039649	42	STIM=q
8045692	42	RESP=1
8058437	42	STIM=0
8065431	42	RESP=2
8076912	42	STIM=7
8083414	42	RESP=2
8094885	42	STIM=d
8102516	42	RESP=2
8112194	42	STIM=o
8115942	42	RESP=1
8128860	42	STIM=h
8139161	42	RESP=1
8147335	42	STIM=j
8154383	42	RESP=1
8165865	42	STIM=h
8170292	42	RESP=1
8182606	42	STIM=v
8190763	42	RESP=1
8201604	42	STIM=u
8205119	42	RESP=1
8216980	42	STIM=b
8223130	42	RESP=2
8235652	42	STIM=j
8238552	42	RESP=1
8253133	42	STIM=t
8258454	42	RESP=1
8271330	42	STIM=2
8275954	42	RESP=2
8288775	42	STIM=q
8300384	42	RESP=1
8306104	42	STIM=s
8317364	42	RESP=1
8321441	42	STIM=a
8330678	42	RESP=1
8339840	42	STIM=v
8346234	42	RESP=2
8358468	42	STIM=m
8364913	42	RESP=1
8377003	42	STIM=a
8380529	42	RESP=1
8392729	42	STIM=n
8399196	42	RESP=1
8410948	42	STIM=i
8418908	42	RESP=1
8426882	42	STIM=2
8436691	42	RESP=1
8445761	42	STIM=2
8452304	42	RESP=2
8464273	42	STIM=l
8469565	42	RESP=1
8480885	42	STIM=e
8486597	42	RESP=2
8499665	42	STIM=a
8504222	42	RESP=1
8514712	42	STIM=n
8518770	42	RESP=2
8530680	42	STIM=v
8536411	42	RESP=2
8545700	42	STIM=q
8550780	42	RESP=1
8563997	42	STIM=p
8568598	42	RESP=1
8580102	42	STIM=v
8586319	42	RESP=1
8596655	42	STIM=b
8600959	42	RESP=1
8613741	42	STIM=c
8619372	42	RESP=1
8632505	42	STIM=6
8637174	42	RESP=2
8648662	42	STIM=b
8652457	42	RESP=1
8665244	42	STIM=h
8670340	42	RESP=1
8681530	42	STIM=d
8688187	42	RESP=1
8698153	42	STIM=n
8703917	42	RESP=1
8714737	42	STIM=l
8720699	42	RESP=1
8733590	42	STIM=l
8737410	42	RESP=1
8749181	42	STIM=i
8752392	42	RESP=1
8766913	42	STIM=g
8771408	42	RESP=1
8784479	42	STIM=k
8787732	42	RESP=1
8802792	42	STIM=d
8814358	42	RESP=1
8821465	42	STIM=h
8826826	42	RESP=1
8839415	42	STIM=m
8842636	42	RESP=1
8856585	42	STIM=x
8861594	42	RESP=2
8873594	42	STIM=4
8879425	42	RESP=2
8889106	42	STIM=t
8894751	42	RESP=1
8906566	42	STIM=c
8911646	42	RESP=1
8922331	42	STIM=9
8927481	42	RESP=2
8939940	42	STIM=b
8943209	42	RESP=1
8956381	42	STIM=m
8964100	42	RESP=1
8972728	42	STIM=3
8980486	42	RESP=2
8991712	42	STIM=h
8996391	42	RESP=1
9008464	42	STIM=j
9013358	42	RESP=1
9026916	42	STIM=r
9032235	42	RESP=1
9043471	42	STIM=s
9049124	42	RESP=1
9061072	42	STIM=l
9067531	42	RESP=1
9077115	42	STIM=p
9086618	42	RESP=1
9094455	42	STIM=f
9097732	42	RESP=1
9112567	42	STIM=r
9121742	42	RESP=1
9128962	42	STIM=v
9136947	42	RESP=1
9145142	42	STIM=4
9150436	42	RESP=2
9162817	42	STIM=j
9166512	42	RESP=1
9181585	42	STIM=v
9189559	42	RESP=1
9196948	42	STIM=d
9200248	42	RESP=1
9215941	42	STIM=o
9219286	42	RESP=1
9233941	42	STIM=c
9239693	42	RESP=1
9250742	42	STIM=b
9256674	42	RESP=1
9268031	42	STIM=y
9273285	42	RESP=1
9284810	42	STIM=x
9290420	42	RESP=1
9301171	42	STIM=y
9307177	42	RESP=1
9317089	42	STIM=3
9323117	42	RESP=2
9333890	42	STIM=a
9338517	42	RESP=1
9351925	42	STIM=r
9356422	42	RESP=1
9367066	42	STIM=s
9371714	42	RESP=1
9382287	42	STIM=m
9385947	42	RESP=1
9399060	42	STIM=2
9405819	42	RESP=2
9415974	42	STIM=d
9420442	42	RESP=1
9431518	42	STIM=q
9438742	42	RESP=1
9449722	42	STIM=i
9453777	42	RESP=1
9465034	42	STIM=r
9469991	42	RESP=1
9480046	42	STIM=v
9485197	42	RESP=1
9497990	42	STIM=6
9501803	42	RESP=1
9516679	42	STIM=9
9522275	42	RESP=1
9532829	42	STIM=y
9538250	42	RESP=1
9547832	42	STIM=r
9555126	42	RESP=1
9563704	42	STIM=e
9567498	42	RESP=1
9579578	42	STIM=n
9583587	42	RESP=1
9597244	42	STIM=g
9606074	42	RESP=1
9612717	42	STIM=5
9616390	42	RESP=1
9628224	42	STIM=l
9636121	42	RESP=1
9643767	42	STIM=t
9652332	42	RESP=1
9661168	42	STIM=u
9669022	42	RESP=1
9678023	42	STIM=t
9681193	42	RESP=1
9696376	42	STIM=u
9702150	42	RESP=1
9711750	42	STIM=g
9721519	42	RESP=1
9730702	42	STIM=z
9735385	42	RESP=1
9746123	42	STIM=s
9753816	42	RESP=1
9764552	42	STIM=3
9770052	42	RESP=1
9783494	42	STIM=b
9787406	42	RESP=1
9801794	42	STIM=j
9805506	42	RESP=1
9817452	42	STIM=b
9825263	42	RESP=1
9834970	42	STIM=7
9840043	42	RESP=2
9850615	42	STIM=k
9856211	42	RESP=1
9868940	42	STIM=5
9876569	42	RESP=2
9887764	42	STIM=c
9891958	42	RESP=1
9906361	42	STIM=d
9911230	42	RESP=1
9922015	42	STIM=s
9925269	42	RESP=1
9937067	42	STIM=f
9943515	42	RESP=1
9952286	42	STIM=i
9959401	42	RESP=1
9970169	42	STIM=n
9976352	42	RESP=1
9988596	42	STIM=v
9996064	42	RESP=1
10005406	42	STIM=f
10011545	42	RESP=1
10020670	42	STIM=5
10025839	42	RESP=2
10036474	42	STIM=z
10043188	42	RESP=1
10054487	42	STIM=p
10061532	42	RESP=1
10072106	42	STIM=f
10078942	42	RESP=1
10090657	42	STIM=j
10095732	42	RESP=1
10107373	42	STIM=q
10114120	42	RESP=2
10124680	42	STIM=k
10130338	42	RESP=1
10140879	42	STIM=l
10145314	42	RESP=1
10156281	42	STIM=g
10164121	42	RESP=1
10172959	42	STIM=b
10177615	42	RESP=1
10188827	42	STIM=n
10192100	42	RESP=1
10205972	42	STIM=8
10210881	42	RESP=2
10222557	42	STIM=v
10226186	42	RESP=1
10237802	42	STIM=0
10245550	42	RESP=2
10256747	42	STIM=u
10267683	42	RESP=1
10273215	42	STIM=9
10283238	42	RESP=2
10288971	42	STIM=c
10293010	42	RESP=1
10305591	42	STIM=y
10311526	42	RESP=1
10321647	42	STIM=9
10329379	42	RESP=2
10340632	42	STIM=a
10344941	42	RESP=1
10357256	42	STIM=b
10360620	42	RESP=1
10374873	42	STIM=5
10380217	42	RESP=2
10392417	42	STIM=s
10398692	42	RESP=1
10408650	42	STIM=e
10412179	42	RESP=1
10427005	42	STIM=5
10430944	42	RESP=1
10443392	42	STIM=h
10454728	42	RESP=1
10461879	42	STIM=i
10467967	42	RESP=1
10480513	42	STIM=u
10483438	42	RESP=1
10496690	42	STIM=u
10501492	42	RESP=1
10513960	42	STIM=o
10526993	42	RESP=1
10531635	42	STIM=a
10536383	42	RESP=2
10547892	42	STIM=q
10555310	42	RESP=1
10564920	42	STIM=p
10571777	42	RESP=1
10583561	42	STIM=1
10589319	42	RESP=2
10598937	42	STIM=q
10607332	42	RESP=1
10615341	42	STIM=6
10619474	42	RESP=2
10634050	42	STIM=h
10639700	42	RESP=1
10652622	42	STIM=n
10656823	42	RESP=1
10667866	42	STIM=m
10674233	42	RESP=1
10686151	42	STIM=3
10694196	42	RESP=2
10701777	42	STIM=3
10713215	42	RESP=2
10719787	42	STIM=1
10726491	42	RESP=1
10737339	42	STIM=l
10741791	42	RESP=1
10756126	42	STIM=7
10760841	42	RESP=2
10772090	42	STIM=u
10775389	42	RESP=1
10788122	42	STIM=7
10798218	42	RESP=2
10805399	42	STIM=j
10814260	42	RESP=2
10823532	42	STIM=a
10827096	42	RESP=1
10841307	42	STIM=c
10844624	42	RESP=1
10858444	42	STIM=h
10862859	42	RESP=1
10875161	42	STIM=n
10881255	42	RESP=1
10893207	42	STIM=u
10896936	42	RESP=1
10911453	42	STIM=c
10916609	42	RESP=1
10927684	42	STIM=a
10931263	42	RESP=1
10945538	42	STIM=y
10950375	42	RESP=1
10962520	42	STIM=1
10970361	42	RESP=2
10977888	42	STIM=6
10984739	42	RESP=2
10993879	42	STIM=j
10999568	42	RESP=1
11009177	42	STIM=w
11017126	42	RESP=1
11026654	42	STIM=f
11035397	42	RESP=2
11042791	42	STIM=2
11051787	42	RESP=2
11059481	42	STIM=r
11066891	42	RESP=1
11075646	42	STIM=5
11082264	42	RESP=2
11090745	42	STIM=b
11096144	42	RESP=1
11109661	42	STIM=m
11113264	42	RESP=1
11124999	42	STIM=q
11135158	42	RESP=1
11141660	42	STIM=w
11146229	42	RESP=1
11159587	42	STIM=z
11164333	42	RESP=1
11175903	42	STIM=t
11185388	42	RESP=1
11191418	42	STIM=l
11197038	42	RESP=1
11209020	42	STIM=l
11215857	42	RESP=1
11224437	42	STIM=a
11230089	42	RESP=1
11240571	42	STIM=n
11244311	42	RESP=1
11256999	42	STIM=h
11260653	42	RESP=2
11275751	42	STIM=o
11279716	42	RESP=1
11292781	42	STIM=s
11296666	42	RESP=1
11310099	42	STIM=d
11315465	42	RESP=1
11327750	42	STIM=3
11332756	42	RESP=2
11345964	42	STIM=p
11348809	42	RESP=1
11364702	42	STIM=x
11371846	42	RESP=1
11381720	42	STIM=f
11387128	42	RESP=1
11399343	42	STIM=g
11404082	42	RESP=1
11416655	42	STIM=y
11423903	42	RESP=1
11433600	42	STIM=4
11440151	42	RESP=2
11452128	42	STIM=0
11459050	42	RESP=2
11469584	42	STIM=s
11474836	42	RESP=1
11487618	42	STIM=4
11495811	42	RESP=1
11503462	42	STIM=n
11506883	42	RESP=1
11518671	42	STIM=z
11523547	42	RESP=1
11535232	42	STIM=2
11543222	42	RESP=2
11552024	42	STIM=b
11558960	42	RESP=1
11567547	42	STIM=6
11576726	42	RESP=1
11584372	42	STIM=a
11590785	42	RESP=1
11602961	42	STIM=c
11607690	42	RESP=1
11618084	42	STIM=f
11625181	42	RESP=1
11633620	42	STIM=m
11638059	42	RESP=1
11650413	42	STIM=j
11656138	42	RESP=1
11665667	42	STIM=5
11672942	42	RESP=2
11682574	42	STIM=m
11688106	42	RESP=1
11699505	42	STIM=x
11703972	42	RESP=1
11717097	42	STIM=c
11720658	42	RESP=2
11732327	42	STIM=1
11738017	42	RESP=2
11750784	42	STIM=s
11757618	42	RESP=1
11769319	42	STIM=y
11779799	42	RESP=2
11787239	42	STIM=d
11791874	42	RESP=1
11805110	42	STIM=t
11808995	42	RESP=1
11822036	42	STIM=f
11825857	42	RESP=1
11838923	42	STIM=n
11842913	42	RESP=1
11856357	42	STIM=s
11862066	42	RESP=1
11872529	42	STIM=5
11878136	42	RESP=2
11889645	42	STIM=i
11895709	42	RESP=1
11906190	42	STIM=f
11911354	42	RESP=1
11923576	42	STIM=f
11928883	42	RESP=1
11939914	42	STIM=z
11944225	42	RESP=1
11956038	42	STIM=e
11959678	42	RESP=1
11974732	42	STIM=i
11981239	42	RESP=1
11990376	42	STIM=u
11995772	42	RESP=1
12007739	42	STIM=5
12012536	42	RESP=2
12023545	42	STIM=v
12029817	42	RESP=1
12040191	42	STIM=y
12046587	42	RESP=1
12057915	42	STIM=x
12067502	42	RESP=2
12073269	42	STIM=2
12079906	42	RESP=2
12088300	42	STIM=i
12093792	42	RESP=1
12103928	42	STIM=q
12106375	42	RESP=1
12120074	42	STIM=9
12124840	42	RESP=2
12136339	42	STIM=3
12141563	42	RESP=2
12153446	42	STIM=g
12157320	42	RESP=1
12168559	42	STIM=4
12174838	42	RESP=2
12186218	42	STIM=j
12190478	42	RESP=1
12203982	42	STIM=u
12210465	42	RESP=1
12220794	42	STIM=u
12229468	42	RESP=1
12239070	42	STIM=p
12243360	42	RESP=1
12256414	42	STIM=s
12264928	42	RESP=1
12274147	42	STIM=n
12281405	42	RESP=1
12292210	42	STIM=i
12296281	42	RESP=1
12310110	42	STIM=c
12313813	42	RESP=1
12325579	42	STIM=l
12330842	42	RESP=1
12344390	42	STIM=6
12356840	42	RESP=2
12359879	42	STIM=f
12364783	42	RESP=1
12378504	42	STIM=w
12384859	42	RESP=1
12393933	42	STIM=4
12399715	42	RESP=2
12412379	42	STIM=6
12418303	42	RESP=2
12429646	42	STIM=p
12434778	42	RESP=1
12447200	42	STIM=o
12453162	42	RESP=1
12464767	42	STIM=q
12469372	42	RESP=1
12482890	42	STIM=r
12487565	42	RESP=1
12498457	42	STIM=d
12503198	42	RESP=1
12514824	42	STIM=6
12519471	42	RESP=2
12533384	42	STIM=w
12536487	42	RESP=1
12551811	42	STIM=a
12558404	42	RESP=1
12570720	42	STIM=q
12575861	42	RESP=1
12585923	42	STIM=p
12590348	42	RESP=1
12603380	42	STIM=d
12607969	42	RESP=1
12619106	42	STIM=k
12623130	42	RESP=1
12637532	42	STIM=h
12642232	42	RESP=1
12652580	42	STIM=f
12661265	42	RESP=1
12670319	42	STIM=g
12675396	42	RESP=1
12687805	42	STIM=e
12692322	42	RESP=1
12705757	42	STIM=y
12713215	42	RESP=1
12724027	42	STIM=z
12732889	42	RESP=1
12742931	42	STIM=j
12747114	42	RESP=1
12758632	42	STIM=e
12763189	42	RESP=1
12774768	42	STIM=m
12785614	42	RESP=1
12791890	42	STIM=k
12797711	42	RESP=1
12807904	42	STIM=w
12813749	42	RESP=1
12825725	42	STIM=v
12832716	42	RESP=1
12840852	42	STIM=g
12846212	42	RESP=1
12856673	42	STIM=s
12863778	42	RESP=1
12873219	42	STIM=j
12879619	42	RESP=1
12890339	42	STIM=o
12895229	42	RESP=1
12905979	42	STIM=j
12909510	42	RESP=1
12923991	42	STIM=s
12930628	42	RESP=1
12942637	42	STIM=y
12946422	42	RESP=1
12957953	42	STIM=l
12963581	42	RESP=1
12973179	42	STIM=k
12979649	42	RESP=1
12990305	42	STIM=a
12993775	42	RESP=1
13007766	42	STIM=u
13014608	42	RESP=1
13026056	42	STIM=j
13033287	42	RESP=1
13042905	42	STIM=7
13050129	42	RESP=1
13058444	42	STIM=9
13064520	42	RESP=1
13076945	42	STIM=c
13082384	42	RESP=1
13092985	42	STIM=b
13097550	42	RESP=1
13110468	42	STIM=t
13114154	42	RESP=1
13126394	42	STIM=o
13131758	42	RESP=1
13144634	42	STIM=8
13154459	42	RESP=2
13162949	42	STIM=c
13167196	42	RESP=1
13179709	42	STIM=6
13184152	42	RESP=2
13196803	42	STIM=i
13203472	42	RESP=1
13213319	42	STIM=x
13218324	42	RESP=1
13231681	42	STIM=v
13236974	42	RESP=1
13250435	42	STIM=t
13253077	42	RESP=1
13267269	42	STIM=7
13271652	42	RESP=2
13285033	42	STIM=y
13291297	42	RESP=2
13301580	42	STIM=t
13309414	42	RESP=1
13316903	42	STIM=p
13322480	42	RESP=1
13335764	42	STIM=b
13343713	42	RESP=1
13352598	42	STIM=8
13358079	42	RESP=2
13370422	42	STIM=b
13375814	42	RESP=1
13386385	42	STIM=9
13393744	42	RESP=2
13402468	42	STIM=1
13412725	42	RESP=2
13418289	42	STIM=k
13422576	42	RESP=1
13436727	42	STIM=k
13441676	42	RESP=1
13454013	42	STIM=x
13457972	42	RESP=2
13470552	42	STIM=l
13476673	42	RESP=1
13486112	42	STIM=x
13495234	42	RESP=1
13503140	42	STIM=m
13506468	42	RESP=1
13519401	42	STIM=z
13524260	42	RESP=1
13535572	42	STIM=x
13541043	42	RESP=1
13553511	42	STIM=p
13557445	42	RESP=1
13569428	42	STIM=k
13574655	42	RESP=1
13586602	42	STIM=6
13594472	42	RESP=2
13603371	42	STIM=e
13607920	42	RESP=1
13619123	42	STIM=e
13625514	42	RESP=1
13637592	42	STIM=p
13641386	42	RESP=1
13653507	42	STIM=y
13660259	42	RESP=1
13671165	42	STIM=y
13681767	42	RESP=1
13687286	42	STIM=2
13695389	42	RESP=2
13703604	42	STIM=a
13706875	42	RESP=1
13721360	42	STIM=a
13728071	42	RESP=1
13736761	42	STIM=x
13741195	42	RESP=1
13752505	42	STIM=e
13757187	42	RESP=1
13769062	42	STIM=h
13775599	42	RESP=2
13787376	42	STIM=b
13792763	42	RESP=1
13806005	42	STIM=h
13812130	42	RESP=1
13821428	42	STIM=9
13831479	42	RESP=2
13836844	42	STIM=l
13844196	42	RESP=1
13855783	42	STIM=b
13860812	42	RESP=1
13872117	42	STIM=a
13875159	42	RESP=1
13888313	42	STIM=d
13896649	42	RESP=2
13905781	42	STIM=m
13909395	42	RESP=1
13921007	42	STIM=8
13925862	42	RESP=2
13936101	42	STIM=y
13942780	42	RESP=1
13953543	42	STIM=z
13960283	42	RESP=2
13971327	42	STIM=f
13976606	42	RESP=1
13988214	42	STIM=c
13992766	42	RESP=1
14003596	42	STIM=s
14008778	42	RESP=1
14022507	42	STIM=z
14029818	42	RESP=1
14040230	42	STIM=c
14046535	42	RESP=1
14055418	42	STIM=m
14059910	42	RESP=1
14072113	42	STIM=v
14078799	42	RESP=1
14087558	42	STIM=t
14092833	42	RESP=1
14106156	42	STIM=z
14111870	42	RESP=1
14122374	42	STIM=x
14126805	42	RESP=1
14138824	42	STIM=v
14143376	42	RESP=1
14155797	42	STIM=e
14162564	42	RESP=1
14171127	42	STIM=x
14176454	42	RESP=1
14187881	42	STIM=r
14193041	42	RESP=1
14203803	42	STIM=2
14209571	42	RESP=2
14221711	42	STIM=g
14230714	42	RESP=1
14239428	42	STIM=8
14251166	42	RESP=2
14258112	42	STIM=u
14261820	42	RESP=1
14276989	42	STIM=y
14281186	42	RESP=1
14293315	42	STIM=y
14296629	42	RESP=1
14310581	42	STIM=5
14318114	42	RESP=2
14326152	42	STIM=z
14332948	42	RESP=1
14343351	42	STIM=9
14348684	42	RESP=2
14362061	42	STIM=j
14367486	42	RESP=1
14379517	42	STIM=3
14383871	42	RESP=2
14396099	42	STIM=d
14400416	42	RESP=1
14412297	42	STIM=7
14417572	42	RESP=2
14428061	42	STIM=y
14432849	42	RESP=1
14446219	42	STIM=x
14453206	42	RESP=1
14463131	42	STIM=r
14469470	42	RESP=1
14478951	42	STIM=d
14483471	42	RESP=1
14496539	42	STIM=j
14500459	42	RESP=1
14512249	42	STIM=x
14523874	42	RESP=1
14529319	42	STIM=i
14532395	42	RESP=1
14544603	42	STIM=c
14549843	42	RESP=1
14562623	42	STIM=n
14574280	42	RESP=1
14580527	42	STIM=7
14588223	42	RESP=2
14597076	42	STIM=6
14604550	42	RESP=2
14614105	42	STIM=i
14623077	42	RESP=1
14631018	42	STIM=z
14635340	42	RESP=1
14648661	42	STIM=y
14652787	42	RESP=1
14666816	42	STIM=w
14670031	42	RESP=1
14685581	42	STIM=g
14691261	42	RESP=1
14702856	42	STIM=z
14707037	42	RESP=1
14720646	42	STIM=j
14725205	42	RESP=1
14736407	42	STIM=f
14741038	42	RESP=1
14753772	42	STIM=i
14756560	42	RESP=1
14770513	42	STIM=w
14777668	42	RESP=1
14787625	42	STIM=m
14793355	42	RESP=1
14806161	42	STIM=e
14812841	42	RESP=1
14822924	42	STIM=q
14829240	42	RESP=1
14841551	42	STIM=z
14848060	42	RESP=1
14857380	42	STIM=t
14862873	42	RESP=1
14874008	42	STIM=s
14878385	42	RESP=1
14892464	42	STIM=6
14908742	42	RESP=2
14908842	42	STIM=f
14914995	42	RESP=1
14924310	42	STIM=x
14928683	42	RESP=1
14942260	42	STIM=d
14947268	42	RESP=1
14957522	42	STIM=l
14962783	42	RESP=1
14972912	42	STIM=z
14977527	42	RESP=1
14990262	42	STIM=e
14994158	42	RESP=1
15008322	42	STIM=a
15012294	42	RESP=1
15024579	42	STIM=8
15030581	42	RESP=2
15039819	42	STIM=7
15052169	42	RESP=2
15055252	42	STIM=6
15065024	42	RESP=2
15071516	42	STIM=m
15075475	42	RESP=1
15087262	42	STIM=b
15095161	42	RESP=1
15102754	42	STIM=s
15106789	42	RESP=1
15118095	42	STIM=w
15124450	42	RESP=1
15133298	42	STIM=k
15136691	42	RESP=1
15151864	42	STIM=d
15156944	42	RESP=1
15169291	42	STIM=c
15175409	42	RESP=1
15184326	42	STIM=q
15191279	42	RESP=1
15202622	42	STIM=i
15207580	42	RESP=1
15221155	42	STIM=m
15225634	42	RESP=1
15239284	42	STIM=f
15251786	42	RESP=1
15255072	42	STIM=n
15260588	42	RESP=1
15271177	42	STIM=t
15276334	42	RESP=1
15288732	42	STIM=f
15296688	42	RESP=1
15307042	42	STIM=c
15311656	42	RESP=1
15325863	42	STIM=u
15330119	42	RESP=1
15343055	42	STIM=7
15348306	42	RESP=2
15359841	42	STIM=n
15365223	42	RESP=1
15374992	42	STIM=a
15382059	42	RESP=1
15390926	42	STIM=e
15395429	42	RESP=1
15408978	42	STIM=8
15414185	42	RESP=2
15426086	42	STIM=n
15431008	42	RESP=1
15442365	42	STIM=i
15448076	42	RESP=1
15459500	42	STIM=t
15466554	42	RESP=1
15478410	42	STIM=l
15485928	42	RESP=1
15496928	42	STIM=z
15503621	42	RESP=1
15511977	42	STIM=o
15517263	42	RESP=1
15530028	42	STIM=7
15536344	42	RESP=2
15547914	42	STIM=n
15552605	42	RESP=1
15563032	42	STIM=v
15570460	42	RESP=1
15580715	42	STIM=r
15585638	42	RESP=1
15596583	42	STIM=1
15602144	42	RESP=2
15612754	42	STIM=q
15615591	42	RESP=1
15629613	42	STIM=x
15637457	42	RESP=1
15645514	42	STIM=p
15649791	42	RESP=2
15663436	42	STIM=p
15670698	42	RESP=1
15681871	42	STIM=s
15685787	42	RESP=1
15698349	42	STIM=j
15701560	42	RESP=1
15714645	42	STIM=c
15718898	42	RESP=1
15730543	42	STIM=o
15737782	42	RESP=1
15748474	42	STIM=i
15752171	42	RESP=1
15766628	42	STIM=t
15771152	42	RESP=1
15785117	42	STIM=3
15790204	42	RESP=2
15802061	42	STIM=z
15806228	42	RESP=2
15818891	42	STIM=n
15823225	42	RESP=1
15836726	42	STIM=k
15842936	42	RESP=1
15854037	42	STIM=q
15857607	42	RESP=1
15869937	42	STIM=r
15874942	42	RESP=1
15885788	42	STIM=r
15890108	42	RESP=1
15901759	42	STIM=m
15908378	42	RESP=1
15917941	42	STIM=c
15921650	42	RESP=1
15936120	42	STIM=g
15939815	42	RESP=1
15951567	42	STIM=x
15955712	42	RESP=1
15967748	42	STIM=p
15974999	42	RESP=1
15983218	42	STIM=7
15988989	42	RESP=2
16001927	42	STIM=z
16005982	42	RESP=1
16017707	42	STIM=m
16022407	42	RESP=1
16036478	42	STIM=e
16044442	42	RESP=1
16051859	42	STIM=6
16058052	42	RESP=2
16069106	42	STIM=2
16073364	42	RESP=2
16086519	42	STIM=7
16093358	42	RESP=2
16101874	42	STIM=t
16106573	42	RESP=1
16118624	42	STIM=c
16129711	42	RESP=1
16135950	42	STIM=s
16144234	42	RESP=1
16154684	42	STIM=b
16158881	42	RESP=1
16170733	42	STIM=m
16173844	42	RESP=1
16186137	42	STIM=e
16190537	42	RESP=1
16204899	42	STIM=3
16213481	42	RESP=2
16220630	42	STIM=r
16228832	42	RESP=1
16238935	42	STIM=3
16243656	42	RESP=2
16256501	42	STIM=x
16260365	42	RESP=1
16272815	42	STIM=i
16276309	42	RESP=1
16287921	42	STIM=c
16297826	42	RESP=1
16303307	42	STIM=o
16307173	42	RESP=1
16320626	42	STIM=a
16327759	42	RESP=1
16336951	42	STIM=9
16345537	42	RESP=2
16352265	42	STIM=g
16360599	42	RESP=1
16369193	42	STIM=m
16374184	42	RESP=1
16386332	42	STIM=7
16393702	42	RESP=2
16401495	42	STIM=d
16407090	42	RESP=1
16418422	42	STIM=r
16426753	42	RESP=1
16436183	42	STIM=a
16440638	42	RESP=1
16454948	42	STIM=t
16458663	42	RESP=1
16472414	42	STIM=5
16480363	42	RESP=2
16489599	42	STIM=0
16493316	42	RESP=2
16508252	42	STIM=y
16514271	42	RESP=1
16525416	42	STIM=v
16529173	42	RESP=1
16543837	42	STIM=x
16551015	42	RESP=1
16560205	42	STIM=v
16566702	42	RESP=1
16578735	42	STIM=v
16583832	42	RESP=1
16595778	42	STIM=9
16601684	42	RESP=1
16612551	42	STIM=a
16619395	42	RESP=1
16627584	42	STIM=w
16631092	42	RESP=1
16646206	42	STIM=t
16651911	42	RESP=1
16661840	42	STIM=j
16667833	42	RESP=1
16679237	42	STIM=x
16687685	42	RESP=1
16696301	42	STIM=t
16703056	42	RESP=1
16712655	42	STIM=q
16717824	42	RESP=1
16731539	42	STIM=t
16736206	42	RESP=1
16749021	42	STIM=h
16754593	42	RESP=1
16767933	42	STIM=l
16775340	42	RESP=1
16783683	42	STIM=n
16788723	42	RESP=1
16798848	42	STIM=1
16805500	42	RESP=2
16815335	42	STIM=n
16820965	42	RESP=1
16831153	42	STIM=c
16835453	42	RESP=1
16847369	42	STIM=i
16850670	42	RESP=1
16863182	42	STIM=y
16866562	42	RESP=1
16881032	42	STIM=a
16887389	42	RESP=1
16898840	42	STIM=s
16907450	42	RESP=1
16915284	42	STIM=z
16926757	42	RESP=1
16934213	42	STIM=4
16941223	42	RESP=2
16952494	42	STIM=c
16955587	42	RESP=1
16971060	42	STIM=k
16978578	42	RESP=1
16986787	42	STIM=q
16993741	42	RESP=1
17003197	42	STIM=a
17009801	42	RESP=1
17021393	42	STIM=6
17029869	42	RESP=1
17037603	42	STIM=5
17044573	42	RESP=2
17055855	42	STIM=5
17062939	42	RESP=2
17073105	42	STIM=p
17078461	42	RESP=1
17090571	42	STIM=w
17096720	42	RESP=1
17108338	42	STIM=0
17116892	42	RESP=1
17126947	42	STIM=z
17130321	42	RESP=2
17144590	42	STIM=5
17151192	42	RESP=2
17161562	42	STIM=a
17165758	42	RESP=1
17179118	42	STIM=q
17184481	42	RESP=1
17194449	42	STIM=j
17203360	42	RESP=1
17211336	42	STIM=9
17216241	42	RESP=2
17228427	42	STIM=w
17233313	42	RESP=1
17245259	42	STIM=7
17252660	42	RESP=2
17260482	42	STIM=q
17265530	42	RESP=1
17276172	42	STIM=7
17281621	42	RESP=2
17295043	42	STIM=s
17302629	42	RESP=1
17311970	42	STIM=e
17317478	42	RESP=1
17330600	42	STIM=v
17334569	42	RESP=1
17347423	42	STIM=q
17354374	42	RESP=1
17363550	42	STIM=i
17370436	42	RESP=1
17378986	42	STIM=z
17387937	42	RESP=1
17396154	42	STIM=b
17405104	42	RESP=1
17414386	42	STIM=m
17419377	42	RESP=1
17432561	42	STIM=z
17440214	42	RESP=1
17448629	42	STIM=a
17451964	42	RESP=1
17464663	42	STIM=3
17474505	42	RESP=2
17481905	42	STIM=m
17490877	42	RESP=1
17500069	42	STIM=3
17506174	42	RESP=2
17517597	42	STIM=l
17524134	42	RESP=1
17534087	42	STIM=p
17539911	42	RESP=1
17551650	42	STIM=a
17556507	42	RESP=1
17569305	42	STIM=v
17573040	42	RESP=1
17587044	42	STIM=m
17593774	42	RESP=1
17605861	42	STIM=d
17611339	42	RESP=1
17624460	42	STIM=j
17630546	42	RESP=1
17639840	42	STIM=u
17652318	42	RESP=1
17656586	42	STIM=u
17660456	42	RESP=1
17673103	42	STIM=m
17681212	42	RESP=1
17690025	42	STIM=5
17698204	42	RESP=2
17707952	42	STIM=5
17719460	42	RESP=2
17725877	42	STIM=1
17731697	42	RESP=2
17742457	42	STIM=s
17750721	42	RESP=1
17759579	42	STIM=q
17763673	42	RESP=1
17777911	42	STIM=y
17783276	42	RESP=1
17794106	42	STIM=f
17800182	42	RESP=1
17812032	42	STIM=t
17814967	42	RESP=1
17830171	42	STIM=4
17835402	42	RESP=2
17848169	42	STIM=4
17853522	42	RESP=2
17863261	42	STIM=s
17866578	42	RESP=1
17880138	42	STIM=6
17888404	42	RESP=2
17896638	42	STIM=n
17902714	42	RESP=1
17915523	42	STIM=c
17919452	42	RESP=1
17931659	42	STIM=b
17934537	42	RESP=1
17950269	42	STIM=g
17954235	42	RESP=1
17966664	42	STIM=y
17976230	42	RESP=1
17984168	42	STIM=2
17991341	42	RESP=2
18001815	42	STIM=m
18005089	42	RESP=1
18018657	42	STIM=h
18023710	42	RESP=1
18036578	42	STIM=s
18043584	42	RESP=1
18053699	42	STIM=u
18057767	42	RESP=1
18069456	42	STIM=d
18078778	42	RESP=1
18088173	42	STIM=q
18092055	42	RESP=1
18105135	42	STIM=f
18107825	42	RESP=1
18123259	42	STIM=e
18126704	42	RESP=1
18138781	42	STIM=k
18145600	42	RESP=1
18155825	42	STIM=v
18163212	42	RESP=1
18173504	42	STIM=k
18180686	42	RESP=1
18192182	42	STIM=2
18200298	42	RESP=2
18209943	42	STIM=e
18214238	42	RESP=1
18228854	42	STIM=a
18234112	42	RESP=1
18247644	42	STIM=d
18254038	42	RESP=1
18263445	42	STIM=j
18269638	42	RESP=1
18280721	42	STIM=h
18287329	42	RESP=1
18296858	42	STIM=a
18302981	42	RESP=1
18314525	42	STIM=s
18321656	42	RESP=2
18331963	42	STIM=s
18336273	42	RESP=1
18347093	42	STIM=x
18351423	42	RESP=1
18365129	42	STIM=f
18372879	42	RESP=1
18381289	42	STIM=y
18388266	42	RESP=1
18398632	42	STIM=x
18403913	42	RESP=1
18416913	42	STIM=9
18421359	42	RESP=2
18434679	42	STIM=v
18443446	42	RESP=1
18449743	42	STIM=r
18453690	42	RESP=1
18465889	42	STIM=m
18472916	42	RESP=1
18482565	42	STIM=i
18490007	42	RESP=1
18501160	42	STIM=u
18504471	42	RESP=1
18518240	42	STIM=r
18522486	42	RESP=1
18536780	42	STIM=2
18543552	42	RESP=2
18555138	42	STIM=y
18558573	42	RESP=1
18571865	42	STIM=r
18578303	42	RESP=1
18587065	42	STIM=q
18589576	42	RESP=1
18604729	42	STIM=6
18611462	42	RESP=2
18623681	42	STIM=h
18629280	42	RESP=1
18641704	42	STIM=x
18646323	42	RESP=1
18658578	42	STIM=h
18665086	42	RESP=1
18673818	42	STIM=o
18676762	42	RESP=1
18689727	42	STIM=w
18695406	42	RESP=1
18704901	42	STIM=q
18711707	42	RESP=1
18721223	42	STIM=z
18728322	42	RESP=1
18736921	42	STIM=5
18742967	42	RESP=2
18752156	42	STIM=w
18756713	42	RESP=1
18768329	42	STIM=a
18775120	42	RESP=1
18784172	42	STIM=w
18788937	42	RESP=1
18802684	42	STIM=j
18809223	42	RESP=1
18818378	42	STIM=6
18822677	42	RESP=2
18836471	42	STIM=x
18841291	42	RESP=1
18854234	42	STIM=9
18861101	42	RESP=2
18872871	42	STIM=u
18878743	42	RESP=1
18891665	42	STIM=2
18898269	42	RESP=1
18910132	42	STIM=4
18915875	42	RESP=2
18926093	42	STIM=p
18930420	42	RESP=1
18943134	42	STIM=t
18947975	42	RESP=1
18959591	42	STIM=b
18963187	42	RESP=1
18976162	42	STIM=a
18981461	42	RESP=1
18994161	42	STIM=z
19000710	42	RESP=1
19012245	42	STIM=1
19017409	42	RESP=2
19028759	42	STIM=f
19033736	42	RESP=1
19046978	42	STIM=5
19052271	42	RESP=1
19065186	42	STIM=y
19071411	42	RESP=1
19082498	42	STIM=d
19086629	42	RESP=1
19100508	42	STIM=b
19103340	42	RESP=1
19118159	42	STIM=v
19122806	42	RESP=1
19136390	42	STIM=n
19142944	42	RESP=1
19153115	42	STIM=8
19159661	42	RESP=2
19170716	42	STIM=1
19176910	42	RESP=1
19189630	42	STIM=a
19194886	42	RESP=1
19206642	42	STIM=8
19213284	42	RESP=2
19221796	42	STIM=f
19229006	42	RESP=2
19238286	42	STIM=j
19241961	42	RESP=1
19255535	42	STIM=1
19261599	42	RESP=2
19271650	42	STIM=a
19281718	42	RESP=1
19288047	42	STIM=w
19295981	42	RESP=1
19303982	42	STIM=8
19315542	42	RESP=2
19322054	42	STIM=d
19333412	42	RESP=1
19340392	42	STIM=w
19345427	42	RESP=1
19359307	42	STIM=v
19366156	42	RESP=1
19376757	42	STIM=s
19387411	42	RESP=1
19392114	42	STIM=o
19396261	42	RESP=1
19409187	42	STIM=u
19414139	42	RESP=1
19424462	42	STIM=k
19431444	42	RESP=1
19439678	42	STIM=o
19442841	42	RESP=1
19456439	42	STIM=y
19464770	42	RESP=1
19472144	42	STIM=q
19479639	42	RESP=1
19490366	42	STIM=v
19494765	42	RESP=1
19508611	42	STIM=m
19515792	42	RESP=1
19523689	42	STIM=p
19528271	42	RESP=1
19541970	42	STIM=i
19550379	42	RESP=1
19559390	42	STIM=c
19565213	42	RESP=1
19576695	42	STIM=y
19580499	42	RESP=1
19593879	42	STIM=9
19600084	42	RESP=2
19610080	42	STIM=r
19613600	42	RESP=1
19627922	42	STIM=n
19632271	42	RESP=1
19645627	42	STIM=g
19651142	42	RESP=1
19661566	42	STIM=z
19668853	42	RESP=1
19679007	42	STIM=9
19688711	42	RESP=2
19694427	42	STIM=b
19700005	42	RESP=1
19712557	42	STIM=o
19716474	42	RESP=1
19729120	42	STIM=k
19734081	42	RESP=1
19744171	42	STIM=f
19747454	42	RESP=1
19761628	42	STIM=s
19766887	42	RESP=1
19779377	42	STIM=7
19787040	42	RESP=2
19795211	42	STIM=f
19801535	42	RESP=1
19812493	42	STIM=z
19818735	42	RESP=1
19828776	42	STIM=x
19834983	42	RESP=1
19846841	42	STIM=g
19856461	42	RESP=1
19864307	42	STIM=u
19869444	42	RESP=1
19882883	42	STIM=t
19890571	42	RESP=1
19899664	42	STIM=c
19904083	42	RESP=1
19917173	42	STIM=x
19923226	42	RESP=1
19932435	42	STIM=g
19936889	42	RESP=1
19949561	42	STIM=d
19956132	42	RESP=1
19966730	42	STIM=e
19973596	42	RESP=1
19985698	42	STIM=f
19991940	42	RESP=1
20001005	42	STIM=h
20006160	42	RESP=1
20016214	42	STIM=0
20023097	42	RESP=2
20033707	42	STIM=f
20040820	42	RESP=1
20052336	42	STIM=0
20059685	42	RESP=2
20068120	42	STIM=y
20073896	42	RESP=1
20086908	42	STIM=p
20091186	42	RESP=1
20105266	42	STIM=k
20109671	42	RESP=1
20120961	42	STIM=o
20131409	42	RESP=1
20135996	42	STIM=u
20140660	42	RESP=1
20151107	42	STIM=p
20159470	42	RESP=1
20168861	42	STIM=x
20176923	42	RESP=1
20184370	42	STIM=e
20188400	42	RESP=1
20200037	42	STIM=6
20206957	42	RESP=2
20218077	42	STIM=t
20221280	42	RESP=1
20233385	42	STIM=u
20238960	42	RESP=1
20250504	42	STIM=4
20258320	42	RESP=2
20267736	42	STIM=y
20271951	42	RESP=2
20285394	42	STIM=z
20291847	42	RESP=2
20303428	42	STIM=k
20310121	42	RESP=2
20320782	42	STIM=r
20324702	42	RESP=1
20339698	42	STIM=9
20349070	42	RESP=2
20358379	42	STIM=p
20363596	42	RESP=1
20375230	42	STIM=v
20381329	42	RESP=1
20392628	42	STIM=9
20397665	42	RESP=2
20408277	42	STIM=a
20415540	42	RESP=1
20425006	42	STIM=7
20432708	42	RESP=2
20440029	42	STIM=h
20443724	42	RESP=2
20455098	42	STIM=x
20459493	42	RESP=1
20470636	42	STIM=b
20474909	42	RESP=1
20489326	42	STIM=1
20497687	42	RESP=2
20506953	42	STIM=q
20513566	42	RESP=1
20523635	42	STIM=d
20531319	42	RESP=1
20538954	42	STIM=l
20542206	42	RESP=1
20555423	42	STIM=k
20559548	42	RESP=1
20573917	42	STIM=z
20577733	42	RESP=1
20589143	42	STIM=m
20597850	42	RESP=1
20604856	42	STIM=4
20610368	42	RESP=2
20622151	42	STIM=1
20631530	42	RESP=2
20640402	42	STIM=j
20645759	42	RESP=1
20656483	42	STIM=8
20663095	42	RESP=2
20673431	42	STIM=s
20681604	42	RESP=1
20690013	42	STIM=l
20695114	42	RESP=1
20707234	42	STIM=4
20713755	42	RESP=2
20722985	42	STIM=w
20727008	42	RESP=1
20741651	42	STIM=h
20747868	42	RESP=1
20760183	42	STIM=l
20765131	42	RESP=1
20777571	42	STIM=j
20785844	42	RESP=1
20796058	42	STIM=6
20802765	42	RESP=2
20812546	42	STIM=t
20821164	42	RESP=1
20829042	42	STIM=3
20834323	42	RESP=1
20844898	42	STIM=c
20848289	42	RESP=1
20862982	42	STIM=e
20867088	42	RESP=1
20878050	42	STIM=p
20883883	42	RESP=1
20895013	42	STIM=i
20899128	42	RESP=1
20912147	42	STIM=r
20918525	42	RESP=1
20928535	42	STIM=b
20937238	42	RESP=1
20945849	42	STIM=i
20954277	42	RESP=1
20962852	42	STIM=m
20967914	42	RESP=1
20981581	42	STIM=t
20993955	42	RESP=1
20999584	42	STIM=n
21005637	42	RESP=1
21015563	42	STIM=c
21028899	42	RESP=1
21033260	42	STIM=v
21040990	42	RESP=1
21049484	42	STIM=w
21053817	42	RESP=1
21065437	42	STIM=2
21073699	42	RESP=1
21081008	42	STIM=e
21088823	42	RESP=1
21097186	42	STIM=m
21103009	42	RESP=1
21113089	42	STIM=a
21116291	42	RESP=1
21129444	42	STIM=b
21133187	42	RESP=1
21144978	42	STIM=k
21150128	42	RESP=1
21160011	42	STIM=f
21166480	42	RESP=1
21178796	42	STIM=9
21185421	42	RESP=2
21196983	42	STIM=l
21201306	42	RESP=1
21212727	42	STIM=q
21218537	42	RESP=1
21230970	42	STIM=m
21236896	42	RESP=1
21248960	42	STIM=u
21254164	42	RESP=1
21265194	42	STIM=y
21272909	42	RESP=1
21283061	42	STIM=v
21290994	42	RESP=1
21301018	42	STIM=t
21305080	42	RESP=1
21317127	42	STIM=x
21321993	42	RESP=1
21332295	42	STIM=n
21341995	42	RESP=1
21350205	42	STIM=u
21353997	42	RESP=1
21367803	42	STIM=l
21373511	42	RESP=1
21384252	42	STIM=l
21390333	42	RESP=1
21402845	42	STIM=6
21410360	42	RESP=2
21421325	42	STIM=m
21429927	42	RESP=1
21439664	42	STIM=n
21445825	42	RESP=1
21456479	42	STIM=u
21460341	42	RESP=1
21474159	42	STIM=h
21479690	42	RESP=1
21490148	42	STIM=r
21494087	42	RESP=1
21505893	42	STIM=e
21512895	42	RESP=1
21522080	42	STIM=a
21529690	42	RESP=1
21540560	42	STIM=s
21546072	42	RESP=1
21555835	42	STIM=e
21563512	42	RESP=1
21573693	42	STIM=8
21578913	42	RESP=2
21589812	42	STIM=a
21593286	42	RESP=1
21607472	42	STIM=e
21610399	42	RESP=1
21626407	42	STIM=n
21629071	42	RESP=1
21642907	42	STIM=d
21647257	42	RESP=1
21660681	42	STIM=k
21665610	42	RESP=1
21677581	42	STIM=t
21681780	42	RESP=1
21692964	42	STIM=z
21697054	42	RESP=1
21710878	42	STIM=g
21716587	42	RESP=1
21727730	42	STIM=a
21731952	42	RESP=1
21745338	42	STIM=c
21752963	42	RESP=2
21761948	42	STIM=v
21766777	42	RESP=1
21777154	42	STIM=0
21782085	42	RESP=2
