# Original filename: 0035_CRF_2016-11-15.log
# Time unit: 100 us
# RARECAT=digit
#
# Time	HHGG	Event
37346	42	STIM=n
39744	42	RESP=1
54381	42	STIM=z
58006	42	RESP=1
71970	42	STIM=i
79642	42	RESP=1
88358	42	STIM=3
92512	42	RESP=2
103901	42	STIM=q
110755	42	RESP=1
119779	42	STIM=d
124083	42	RESP=1
137107	42	STIM=q
140171	42	RESP=1
155050	42	STIM=0
160972	42	RESP=2
171821	42	STIM=2
179151	42	RESP=2
190699	42	STIM=h
195377	42	RESP=1
207972	42	STIM=2
213100	42	RESP=2
224438	42	STIM=e
228344	42	RESP=1
242235	42	STIM=6
246667	42	RESP=2
260804	42	STIM=a
263592	42	RESP=1
279140	42	STIM=s
282218	42	RESP=2
295678	42	STIM=7
300287	42	RESP=2
314482	42	STIM=j
319938	42	RESP=1
330648	42	STIM=l
335735	42	RESP=1
346793	42	STIM=o
352024	42	RESP=1
364727	42	STIM=9
368269	42	RESP=2
379777	42	STIM=w
383561	42	RESP=1
394932	42	STIM=3
402106	42	RESP=2
413569	42	STIM=w
416395	42	RESP=1
431413	42	STIM=s
438608	42	RESP=1
448433	42	STIM=6
455173	42	RESP=2
465566	42	STIM=n
469408	42	RESP=1
482039	42	STIM=a
487189	42	RESP=1
497287	42	STIM=u
505049	42	RESP=1
512703	42	STIM=k
516609	42	RESP=1
530693	42	STIM=6
537151	42	RESP=2
546364	42	STIM=w
550365	42	RESP=1
563016	42	STIM=6
569254	42	RESP=2
579606	42	STIM=c
583152	42	RESP=1
597155	42	STIM=i
600568	42	RESP=1
616150	42	STIM=k
621195	42	RESP=1
633774	42	STIM=g
639206	42	RESP=1
651093	42	STIM=i
659637	42	RESP=1
668227	42	STIM=z
673196	42	RESP=1
683983	42	STIM=8
692944	42	RESP=2
700145	42	STIM=d
704728	42	RESP=1
717439	42	STIM=y
721751	42	RESP=1
732716	42	STIM=b
738684	42	RESP=1
749815	42	STIM=s
755249	42	RESP=2
765049	42	STIM=l
776654	42	RESP=1
783042	42	STIM=s
787269	42	RESP=1
800470	42	STIM=h
805643	42	RESP=1
817367	42	STIM=v
823382	42	RESP=1
832860	42	STIM=w
837194	42	RESP=1
850128	42	STIM=r
855190	42	RESP=1
867826	42	STIM=d
872742	42	RESP=1
884643	42	STIM=j
891241	42	RESP=1
900069	42	STIM=m
905194	42	RESP=1
918698	42	STIM=7
923245	42	RESP=2
937562	42	STIM=l
941779	42	RESP=1
955836	42	STIM=g
959833	42	RESP=1
972193	42	STIM=z
974717	42	RESP=1
989990	42	STIM=n
993428	42	RESP=1
1005607	42	STIM=x
1011596	42	RESP=1
1022131	42	STIM=a
1024880	42	RESP=1
1040438	42	STIM=c
1045963	42	RESP=2
1056372	42	STIM=q
1062280	42	RESP=1
1074123	42	STIM=g
1082114	42	RESP=1
1089620	42	STIM=z
1096105	42	RESP=1
1105981	42	STIM=j
1112133	42	RESP=1
1123710	42	STIM=y
1126833	42	RESP=1
1140112	42	STIM=u
1149188	42	RESP=1
1157562	42	STIM=g
1162827	42	RESP=1
1175395	42	STIM=r
1180663	42	RESP=1
1194305	42	STIM=d
1198904	42	RESP=2
1212748	42	STIM=w
1218969	42	RESP=1
1228197	42	STIM=6
1236377	42	RESP=2
1244980	42	STIM=u
1248701	42	RESP=1
1263226	42	STIM=t
1267240	42	RESP=1
1278705	42	STIM=h
1281492	42	RESP=1
1296995	42	STIM=8
1305644	42	RESP=2
1313693	42	STIM=e
1318675	42	RESP=1
1331958	42	STIM=p
1336070	42	RESP=1
1348886	42	STIM=q
1353541	42	RESP=1
1366659	42	STIM=y
1372260	42	RESP=1
1384552	42	STIM=g
1388058	42	RESP=1
1401444	42	STIM=z
1407427	42	RESP=1
1418538	42	STIM=y
1421767	42	RESP=1
1435468	42	STIM=9
1441320	42	RESP=2
1451668	42	STIM=r
1457228	42	RESP=1
1467242	42	STIM=e
1472278	42	RESP=1
1482509	42	STIM=s
1486001	42	RESP=1
1499529	42	STIM=t
1502834	42	RESP=1
1517609	42	STIM=8
1520973	42	RESP=2
1533061	42	STIM=z
1538209	42	RESP=1
1549218	42	STIM=a
1552145	42	RESP=1
1567293	42	STIM=5
1572414	42	RESP=2
1585675	42	STIM=6
1590454	42	RESP=2
1600695	42	STIM=h
1603613	42	RESP=1
1618944	42	STIM=l
1628515	42	RESP=1
1636928	42	STIM=v
1641968	42	RESP=2
1655784	42	STIM=t
1658362	42	RESP=1
1671132	42	STIM=g
1677355	42	RESP=1
1687794	42	STIM=9
1692923	42	RESP=2
1703935	42	STIM=i
1707762	42	RESP=1
1722449	42	STIM=r
1726212	42	RESP=1
1738574	42	STIM=u
1745206	42	RESP=1
1757001	42	STIM=1
1764953	42	RESP=2
1773208	42	STIM=v
1776849	42	RESP=1
1790858	42	STIM=b
1795706	42	RESP=1
1806223	42	STIM=i
1809752	42	RESP=2
1825085	42	STIM=2
1832684	42	RESP=2
1840156	42	STIM=a
1845951	42	RESP=1
1855475	42	STIM=b
1860915	42	RESP=1
1874347	42	STIM=9
1879352	42	RESP=2
1890454	42	STIM=r
1896126	42	RESP=1
1908428	42	STIM=m
1911746	42	RESP=1
1923731	42	STIM=l
1926493	42	RESP=1
1939484	42	STIM=l
1946267	42	RESP=1
1957131	42	STIM=6
1961589	42	RESP=2
1973765	42	STIM=q
1980730	42	RESP=1
1992267	42	STIM=t
1996900	42	RESP=1
2010266	42	STIM=y
2017487	42	RESP=1
2026193	42	STIM=i
2029392	42	RESP=1
2041639	42	STIM=b
2045372	42	RESP=1
2057176	42	STIM=g
2062428	42	RESP=1
2073218	42	STIM=g
2082458	42	RESP=1
2089401	42	STIM=o
2095900	42	RESP=1
2108229	42	STIM=d
2116671	42	RESP=1
2124143	42	STIM=w
2127330	42	RESP=1
2139355	42	STIM=m
2142782	42	RESP=1
2156344	42	STIM=3
2165715	42	RESP=2
2172022	42	STIM=m
2177327	42	RESP=1
2187671	42	STIM=z
2190845	42	RESP=1
2203335	42	STIM=r
2207980	42	RESP=1
2221277	42	STIM=p
2225785	42	RESP=1
2237880	42	STIM=y
2242838	42	RESP=1
2253509	42	STIM=k
2258166	42	RESP=1
2270250	42	STIM=g
2274050	42	RESP=1
2286796	42	STIM=q
2292398	42	RESP=1
2302799	42	STIM=a
2306269	42	RESP=1
2318661	42	STIM=8
2323316	42	RESP=2
2336598	42	STIM=7
2341687	42	RESP=2
2355359	42	STIM=z
2359702	42	RESP=1
2372835	42	STIM=6
2378307	42	RESP=2
2388069	42	STIM=3
2393957	42	RESP=2
2405281	42	STIM=t
2409010	42	RESP=1
2423804	42	STIM=f
2429678	42	RESP=1
2442533	42	STIM=r
2447210	42	RESP=1
2458414	42	STIM=a
2463781	42	RESP=1
2476381	42	STIM=c
2481113	42	RESP=1
2494225	42	STIM=i
2498149	42	RESP=1
2509730	42	STIM=1
2515453	42	RESP=2
2525470	42	STIM=o
2532373	42	RESP=1
2541159	42	STIM=o
2544549	42	RESP=1
2559881	42	STIM=j
2563822	42	RESP=2
2575253	42	STIM=y
2580050	42	RESP=1
2593353	42	STIM=z
2596300	42	RESP=1
2610902	42	STIM=d
2615940	42	RESP=1
2626080	42	STIM=9
2631655	42	RESP=2
2641899	42	STIM=a
2645084	42	RESP=1
2660322	42	STIM=p
2666943	42	RESP=1
2675521	42	STIM=f
2681555	42	RESP=1
2693419	42	STIM=f
2698650	42	RESP=1
2709403	42	STIM=b
2713450	42	RESP=1
2728216	42	STIM=j
2730971	42	RESP=1
2745781	42	STIM=o
2749658	42	RESP=1
2762936	42	STIM=l
2767965	42	RESP=1
2780010	42	STIM=o
2784235	42	RESP=1
2797501	42	STIM=q
2804988	42	RESP=1
2813594	42	STIM=c
2818325	42	RESP=1
2829325	42	STIM=5
2835519	42	RESP=2
2846313	42	STIM=z
2850766	42	RESP=1
2862791	42	STIM=n
2871250	42	RESP=1
2878711	42	STIM=m
2882560	42	RESP=1
2895736	42	STIM=f
2900532	42	RESP=1
2911473	42	STIM=o
2915426	42	RESP=1
2927107	42	STIM=w
2933921	42	RESP=1
2943815	42	STIM=h
2947652	42	RESP=1
2959613	42	STIM=6
2965131	42	RESP=2
2975217	42	STIM=l
2984159	42	RESP=1
2993512	42	STIM=r
2997621	42	RESP=1
3008526	42	STIM=e
3014643	42	RESP=1
3024094	42	STIM=b
3028550	42	RESP=1
3040093	42	STIM=h
3043964	42	RESP=1
3056472	42	STIM=q
3061005	42	RESP=1
3074216	42	STIM=6
3081288	42	RESP=1
3090075	42	STIM=t
3094419	42	RESP=1
3108890	42	STIM=d
3112238	42	RESP=1
3124859	42	STIM=h
3129525	42	RESP=1
3142151	42	STIM=7
3148311	42	RESP=2
3159554	42	STIM=o
3163257	42	RESP=1
3174740	42	STIM=o
3178872	42	RESP=1
3189977	42	STIM=g
3195745	42	RESP=1
3206726	42	STIM=e
3210719	42	RESP=1
3223042	42	STIM=7
3230513	42	RESP=2
3241348	42	STIM=o
3247222	42	RESP=1
3259161	42	STIM=e
3265382	42	RESP=1
3278012	42	STIM=y
3283731	42	RESP=2
3294712	42	STIM=7
3300530	42	RESP=2
3312580	42	STIM=s
3316028	42	RESP=1
3328064	42	STIM=6
3333880	42	RESP=2
3346240	42	STIM=r
3349812	42	RESP=1
3365223	42	STIM=w
3370234	42	RESP=1
3382893	42	STIM=d
3389433	42	RESP=1
3399471	42	STIM=b
3405696	42	RESP=1
3416846	42	STIM=s
3425059	42	RESP=1
3434158	42	STIM=j
3441300	42	RESP=1
3453024	42	STIM=i
3456580	42	RESP=1
3468315	42	STIM=5
3474913	42	RESP=2
3483906	42	STIM=e
3488614	42	RESP=1
3500622	42	STIM=j
3504503	42	RESP=1
3518027	42	STIM=6
3524592	42	RESP=2
3534023	42	STIM=3
3540957	42	RESP=2
3549025	42	STIM=t
3553339	42	RESP=1
3566169	42	STIM=d
3572300	42	RESP=1
3584965	42	STIM=b
3588450	42	RESP=1
3603592	42	STIM=p
3609163	42	RESP=1
3621480	42	STIM=y
3626480	42	RESP=1
3640038	42	STIM=t
3645748	42	RESP=1
3656037	42	STIM=m
3659716	42	RESP=1
3673077	42	STIM=o
3677373	42	RESP=1
3690912	42	STIM=l
3696215	42	RESP=1
3708650	42	STIM=a
3712694	42	RESP=1
3726242	42	STIM=y
3730889	42	RESP=1
3744509	42	STIM=b
3749650	42	RESP=1
3760258	42	STIM=e
3766992	42	RESP=1
3775547	42	STIM=r
3778514	42	RESP=1
3791025	42	STIM=j
3796146	42	RESP=1
3808923	42	STIM=q
3812135	42	RESP=1
3827148	42	STIM=w
3835404	42	RESP=1
3843871	42	STIM=f
3847085	42	RESP=1
3860159	42	STIM=h
3864294	42	RESP=1
3877362	42	STIM=j
3881958	42	RESP=1
3895702	42	STIM=q
3899004	42	RESP=1
3914678	42	STIM=q
3919588	42	RESP=1
3932552	42	STIM=q
3938689	42	RESP=1
3949770	42	STIM=e
3954142	42	RESP=1
3967243	42	STIM=d
3972938	42	RESP=1
3982999	42	STIM=j
3989127	42	RESP=1
4000589	42	STIM=q
4005005	42	RESP=1
4016957	42	STIM=t
4024314	42	RESP=1
4034702	42	STIM=q
4041078	42	RESP=1
4051057	42	STIM=3
4056942	42	RESP=2
4066135	42	STIM=w
4070441	42	RESP=1
4081703	42	STIM=3
4090530	42	RESP=2
4097229	42	STIM=s
4102769	42	RESP=1
4112745	42	STIM=5
4121702	42	RESP=2
4130446	42	STIM=3
4137117	42	RESP=2
4145857	42	STIM=k
4149076	42	RESP=1
4163720	42	STIM=d
4169013	42	RESP=1
4181693	42	STIM=o
4184994	42	RESP=1
4198506	42	STIM=w
4203997	42	RESP=1
4214408	42	STIM=9
4224020	42	RESP=1
4232480	42	STIM=s
4237017	42	RESP=1
4251109	42	STIM=e
4255392	42	RESP=1
4266518	42	STIM=6
4271861	42	RESP=2
4285208	42	STIM=l
4289805	42	RESP=2
4300799	42	STIM=z
4306457	42	RESP=1
4316783	42	STIM=w
4321859	42	RESP=1
4333048	42	STIM=7
4340306	42	RESP=2
4349875	42	STIM=o
4355954	42	RESP=1
4368138	42	STIM=3
4373406	42	RESP=2
4386072	42	STIM=u
4391569	42	RESP=1
4401672	42	STIM=d
4405363	42	RESP=1
4418602	42	STIM=g
4427276	42	RESP=1
4437460	42	STIM=p
4440982	42	RESP=1
4454225	42	STIM=f
4458679	42	RESP=1
4469368	42	STIM=s
4473504	42	RESP=1
4486806	42	STIM=y
4491806	42	RESP=1
4502214	42	STIM=j
4507770	42	RESP=1
4517341	42	STIM=7
4521486	42	RESP=2
4532542	42	STIM=1
4535614	42	RESP=2
4550629	42	STIM=a
4556266	42	RESP=1
4567362	42	STIM=v
4570719	42	RESP=1
4582692	42	STIM=2
4586890	42	RESP=1
4601190	42	STIM=l
4606006	42	RESP=1
4619452	42	STIM=9
4625415	42	RESP=2
4636150	42	STIM=8
4641485	42	RESP=2
4651967	42	STIM=a
4654873	42	RESP=1
4668531	42	STIM=7
4675396	42	RESP=2
4686343	42	STIM=y
4690375	42	RESP=1
4703654	42	STIM=o
4713271	42	RESP=1
4722194	42	STIM=c
4726941	42	RESP=2
4737763	42	STIM=v
4740942	42	RESP=1
4753847	42	STIM=h
4760372	42	RESP=1
4769943	42	STIM=r
4776218	42	RESP=1
4786057	42	STIM=w
4789458	42	RESP=1
4801516	42	STIM=r
4806672	42	RESP=1
4820274	42	STIM=q
4823262	42	RESP=1
4836004	42	STIM=y
4839565	42	RESP=1
4852582	42	STIM=9
4857219	42	RESP=2
4868451	42	STIM=8
4873562	42	RESP=2
4884996	42	STIM=7
4891096	42	RESP=2
4901743	42	STIM=v
4907662	42	RESP=1
4917306	42	STIM=x
4923081	42	RESP=1
4934928	42	STIM=j
4937756	42	RESP=1
4953159	42	STIM=z
4958774	42	RESP=1
4970256	42	STIM=v
4975482	42	RESP=1
4989242	42	STIM=3
4996262	42	RESP=1
5006996	42	STIM=z
5013002	42	RESP=1
5025773	42	STIM=2
5030199	42	RESP=2
5044639	42	STIM=b
5047579	42	RESP=1
5060370	42	STIM=h
5066814	42	RESP=1
5076696	42	STIM=6
5084762	42	RESP=2
5092314	42	STIM=o
5097088	42	RESP=1
5110073	42	STIM=k
5114519	42	RESP=1
5126659	42	STIM=y
5131153	42	RESP=1
5143971	42	STIM=m
5149696	42	RESP=1
5161387	42	STIM=j
5165208	42	RESP=1
5178050	42	STIM=a
5185273	42	RESP=1
5194076	42	STIM=t
5198084	42	RESP=1
5212470	42	STIM=1
5217355	42	RESP=2
5230836	42	STIM=8
5236113	42	RESP=2
5249097	42	STIM=x
5253425	42	RESP=1
5267543	42	STIM=z
5275554	42	RESP=1
5285607	42	STIM=z
5290819	42	RESP=1
5301727	42	STIM=y
5305934	42	RESP=1
5317646	42	STIM=g
5320651	42	RESP=1
5335853	42	STIM=a
5339294	42	RESP=1
5354414	42	STIM=v
5359197	42	RESP=1
5372430	42	STIM=u
5377820	42	RESP=1
5389116	42	STIM=g
5396652	42	RESP=1
5405714	42	STIM=i
5408372	42	RESP=1
5424651	42	STIM=l
5430059	42	RESP=1
5441483	42	STIM=p
5445966	42	RESP=1
5458821	42	STIM=w
5467146	42	RESP=1
5476035	42	STIM=8
5480789	42	RESP=1
5494702	42	STIM=g
5499511	42	RESP=1
5509872	42	STIM=d
5513917	42	RESP=1
5527780	42	STIM=0
5532710	42	RESP=2
5545770	42	STIM=5
5551123	42	RESP=2
5563761	42	STIM=f
5569630	42	RESP=1
5578767	42	STIM=o
5583963	42	RESP=1
5595975	42	STIM=i
5599348	42	RESP=1
5614827	42	STIM=t
5620287	42	RESP=1
5632936	42	STIM=n
5637189	42	RESP=1
5648757	42	STIM=b
5651666	42	RESP=1
5665959	42	STIM=q
5672686	42	RESP=1
5682472	42	STIM=l
5685710	42	RESP=1
5698274	42	STIM=c
5703036	42	RESP=1
5713638	42	STIM=4
5717844	42	RESP=2
5730414	42	STIM=6
5735379	42	RESP=2
5748116	42	STIM=j
5754273	42	RESP=1
5766551	42	STIM=j
5773088	42	RESP=1
5783383	42	STIM=v
5788318	42	RESP=1
5802090	42	STIM=i
5807401	42	RESP=1
5818541	42	STIM=1
5825149	42	RESP=2
5834069	42	STIM=i
5839263	42	RESP=1
5852627	42	STIM=g
5856770	42	RESP=1
5868824	42	STIM=n
5872865	42	RESP=1
5885642	42	STIM=z
5890077	42	RESP=1
5904273	42	STIM=6
5909578	42	RESP=2
5920663	42	STIM=r
5925411	42	RESP=1
5937965	42	STIM=c
5944653	42	RESP=1
5952977	42	STIM=k
5956831	42	RESP=1
5968009	42	STIM=v
5973415	42	RESP=1
5984220	42	STIM=w
5989042	42	RESP=1
6002319	42	STIM=1
6006186	42	RESP=2
6020945	42	STIM=a
6024753	42	RESP=1
6036830	42	STIM=o
6042003	42	RESP=1
6053802	42	STIM=q
6060911	42	RESP=1
6071640	42	STIM=1
6078553	42	RESP=2
6089870	42	STIM=r
6095112	42	RESP=1
6104872	42	STIM=g
6108202	42	RESP=1
6121189	42	STIM=t
6124504	42	RESP=1
6136206	42	STIM=r
6139068	42	RESP=1
6154377	42	STIM=t
6163986	42	RESP=1
6171617	42	STIM=a
6179668	42	RESP=1
6186793	42	STIM=7
6190274	42	RESP=2
6205591	42	STIM=c
6212150	42	RESP=1
6222419	42	STIM=c
6226240	42	RESP=1
6240859	42	STIM=r
6245697	42	RESP=1
6259751	42	STIM=d
6262795	42	RESP=1
6277762	42	STIM=x
6284846	42	RESP=1
6296121	42	STIM=o
6301706	42	RESP=1
6312743	42	STIM=z
6316773	42	RESP=1
6329306	42	STIM=y
6332044	42	RESP=1
6344554	42	STIM=g
6347494	42	RESP=1
6362588	42	STIM=i
6365773	42	RESP=1
6377685	42	STIM=e
6384201	42	RESP=1
6395872	42	STIM=v
6400742	42	RESP=1
6412005	42	STIM=h
6417153	42	RESP=1
6430555	42	STIM=s
6435748	42	RESP=1
6448289	42	STIM=g
6452820	42	RESP=1
6463718	42	STIM=d
6468621	42	RESP=1
6481914	42	STIM=3
6486573	42	RESP=2
6498347	42	STIM=g
6503530	42	RESP=1
6516047	42	STIM=j
6520824	42	RESP=1
6533633	42	STIM=1
6538631	42	RESP=2
6548946	42	STIM=4
6559476	42	RESP=2
6564541	42	STIM=k
6570254	42	RESP=1
6581896	42	STIM=f
6585816	42	RESP=1
6600152	42	STIM=p
6604680	42	RESP=1
6615213	42	STIM=l
6621132	42	RESP=1
6630851	42	STIM=q
6636223	42	RESP=1
6647127	42	STIM=2
6652660	42	RESP=2
6662987	42	STIM=6
6669856	42	RESP=2
6678120	42	STIM=a
6682337	42	RESP=1
6693523	42	STIM=w
6701354	42	RESP=1
6709406	42	STIM=b
6718354	42	RESP=1
6727259	42	STIM=v
6731166	42	RESP=1
6744896	42	STIM=s
6748968	42	RESP=1
6763748	42	STIM=d
6768418	42	RESP=1
6782420	42	STIM=f
6785796	42	RESP=1
6798684	42	STIM=3
6805728	42	RESP=2
6815922	42	STIM=g
6819921	42	RESP=1
6834041	42	STIM=h
6840461	42	RESP=1
6849623	42	STIM=u
6853098	42	RESP=1
6866290	42	STIM=p
6870353	42	RESP=1
6884344	42	STIM=4
6890216	42	RESP=2
6901102	42	STIM=3
6909746	42	RESP=2
6919467	42	STIM=6
6923409	42	RESP=2
6937891	42	STIM=g
6942998	42	RESP=1
6956502	42	STIM=g
6962998	42	RESP=2
6973517	42	STIM=j
6978247	42	RESP=1
6990741	42	STIM=x
6997429	42	RESP=1
7008679	42	STIM=o
7018445	42	RESP=1
7026941	42	STIM=q
7032125	42	RESP=1
7042500	42	STIM=t
7046167	42	RESP=1
7061472	42	STIM=b
7068273	42	RESP=1
7077990	42	STIM=u
7084293	42	RESP=1
7096849	42	STIM=p
7101587	42	RESP=1
7114177	42	STIM=z
7116923	42	RESP=1
7131222	42	STIM=f
7139760	42	RESP=1
7147704	42	STIM=v
7154058	42	RESP=1
7163058	42	STIM=j
7166410	42	RESP=1
7180598	42	STIM=n
7185981	42	RESP=1
7195805	42	STIM=k
7199646	42	RESP=1
7211743	42	STIM=g
7215687	42	RESP=1
7227699	42	STIM=w
7233354	42	RESP=1
7244317	42	STIM=m
7249924	42	RESP=1
7261029	42	STIM=i
7266670	42	RESP=1
7279290	42	STIM=i
7283438	42	RESP=1
7296293	42	STIM=s
7302962	42	RESP=1
7313501	42	STIM=x
7321193	42	RESP=1
7331093	42	STIM=q
7334656	42	RESP=1
7346350	42	STIM=b
7351838	42	RESP=1
7364336	42	STIM=r
7367986	42	RESP=1
7382748	42	STIM=2
7387895	42	RESP=2
7400413	42	STIM=a
7405075	42	RESP=1
7417291	42	STIM=9
7421321	42	RESP=2
7435653	42	STIM=c
7441239	42	RESP=1
7451720	42	STIM=v
7455436	42	RESP=1
7467732	42	STIM=1
7471943	42	RESP=2
7485057	42	STIM=4
7489650	42	RESP=1
7502991	42	STIM=z
7505849	42	RESP=1
7518963	42	STIM=l
7523949	42	RESP=1
7537351	42	STIM=k
7541669	42	RESP=1
7554796	42	STIM=0
7558838	42	RESP=2
7573408	42	STIM=j
7576106	42	RESP=1
7590157	42	STIM=b
7595092	42	RESP=1
7608735	42	STIM=c
7612016	42	RESP=1
7625274	42	STIM=t
7628683	42	RESP=1
7640749	42	STIM=l
7646232	42	RESP=1
7655762	42	STIM=u
7659529	42	RESP=1
7674069	42	STIM=n
7679451	42	RESP=1
7689926	42	STIM=x
7701510	42	RESP=2
7706427	42	STIM=y
7712633	42	RESP=2
7722294	42	STIM=w
7726696	42	RESP=1
7738536	42	STIM=w
7741703	42	RESP=1
7756235	42	STIM=h
7762054	42	RESP=1
7771756	42	STIM=u
7775622	42	RESP=1
7788888	42	STIM=c
7795954	42	RESP=1
7804346	42	STIM=y
7808749	42	RESP=1
7822654	42	STIM=z
7833679	42	RESP=1
7840492	42	STIM=v
7843497	42	RESP=1
7856543	42	STIM=n
7860161	42	RESP=1
7872553	42	STIM=5
7878946	42	RESP=2
7889388	42	STIM=1
7897166	42	RESP=2
7905757	42	STIM=b
7913700	42	RESP=1
7922073	42	STIM=p
7926498	42	RESP=1
7939648	42	STIM=h
7945800	42	RESP=2
7956377	42	STIM=x
7959457	42	RESP=1
7973131	42	STIM=1
7978240	42	RESP=2
7988977	42	STIM=n
7994063	42	RESP=1
8007723	42	STIM=j
8011522	42	RESP=1
8025278	42	STIM=w
8028397	42	RESP=1
8042742	42	STIM=o
8047012	42	RESP=1
8059018	42	STIM=5
8063650	42	RESP=2
8076276	42	STIM=v
8080678	42	RESP=1
8094115	42	STIM=0
8099539	42	RESP=2
8112750	42	STIM=i
8116752	42	RESP=1
8128485	42	STIM=l
8132638	42	RESP=2
8146507	42	STIM=o
8150260	42	RESP=1
8164298	42	STIM=q
8171463	42	RESP=1
8180349	42	STIM=8
8184620	42	RESP=2
8195966	42	STIM=q
8201175	42	RESP=1
8214670	42	STIM=o
8220628	42	RESP=1
8230176	42	STIM=k
8235944	42	RESP=1
8246762	42	STIM=3
8251883	42	RESP=2
8263979	42	STIM=x
8267587	42	RESP=1
8281358	42	STIM=6
8285174	42	RESP=2
8298024	42	STIM=o
8308314	42	RESP=1
8316915	42	STIM=m
8321315	42	RESP=1
8334667	42	STIM=0
8346154	42	RESP=2
8352560	42	STIM=l
8355807	42	RESP=1
8371061	42	STIM=6
8380617	42	RESP=1
8386645	42	STIM=5
8391304	42	RESP=2
8403583	42	STIM=e
8409168	42	RESP=1
8418706	42	STIM=o
8426547	42	RESP=1
8437308	42	STIM=r
8440698	42	RESP=2
8452406	42	STIM=m
8456381	42	RESP=1
8470408	42	STIM=y
8474525	42	RESP=1
8488407	42	STIM=y
8497075	42	RESP=1
8505767	42	STIM=1
8511183	42	RESP=2
8523420	42	STIM=9
8531990	42	RESP=2
8540541	42	STIM=l
8545805	42	RESP=1
8559497	42	STIM=u
8564756	42	RESP=1
8576877	42	STIM=9
8582093	42	RESP=2
8592928	42	STIM=b
8597945	42	RESP=1
8610883	42	STIM=b
8614624	42	RESP=1
8629753	42	STIM=p
8634380	42	RESP=1
8647108	42	STIM=r
8651515	42	RESP=1
8664874	42	STIM=0
8673221	42	RESP=1
8683585	42	STIM=f
8688434	42	RESP=1
8701362	42	STIM=r
8706744	42	RESP=1
8719077	42	STIM=z
8723383	42	RESP=1
8737182	42	STIM=2
8742382	42	RESP=1
8754677	42	STIM=q
8757496	42	RESP=1
8770844	42	STIM=d
8775063	42	RESP=1
8787786	42	STIM=h
8791579	42	RESP=1
8805179	42	STIM=c
8808583	42	RESP=1
8821718	42	STIM=k
8825535	42	RESP=1
8838662	42	STIM=k
8846241	42	RESP=1
8854700	42	STIM=f
8858741	42	RESP=1
8870292	42	STIM=2
8875108	42	RESP=2
8888940	42	STIM=6
8893625	42	RESP=2
8904733	42	STIM=4
8910860	42	RESP=2
8920619	42	STIM=x
8924922	42	RESP=1
8938983	42	STIM=n
8947210	42	RESP=1
8956037	42	STIM=m
8959458	42	RESP=1
8973164	42	STIM=v
8977214	42	RESP=1
8988802	42	STIM=p
8993924	42	RESP=1
9007594	42	STIM=k
9012059	42	RESP=1
9026368	42	STIM=n
9028736	42	RESP=1
9044111	42	STIM=b
9047528	42	RESP=1
9059581	42	STIM=w
9062918	42	RESP=1
9075189	42	STIM=t
9079992	42	RESP=1
9090705	42	STIM=e
9097522	42	RESP=1
9109189	42	STIM=u
9114588	42	RESP=1
9125737	42	STIM=s
9132325	42	RESP=1
9141390	42	STIM=3
9144866	42	RESP=2
9159967	42	STIM=v
9164926	42	RESP=1
9177570	42	STIM=y
9181717	42	RESP=1
9194113	42	STIM=v
9198483	42	RESP=1
9211809	42	STIM=6
9215968	42	RESP=2
9228629	42	STIM=k
9233116	42	RESP=1
9247194	42	STIM=r
9252113	42	RESP=1
9264125	42	STIM=h
9271780	42	RESP=1
9279819	42	STIM=9
9283736	42	RESP=2
9297702	42	STIM=x
9302022	42	RESP=1
9314452	42	STIM=3
9320596	42	RESP=1
9333274	42	STIM=j
9341166	42	RESP=1
9351108	42	STIM=z
9357776	42	RESP=1
9368482	42	STIM=r
9376684	42	RESP=1
9386370	42	STIM=q
9390777	42	RESP=1
9404565	42	STIM=a
9411247	42	RESP=1
9420626	42	STIM=6
9428607	42	RESP=2
9439397	42	STIM=v
9443839	42	RESP=1
9457711	42	STIM=l
9461872	42	RESP=1
9476243	42	STIM=m
9482566	42	RESP=1
9492224	42	STIM=n
9497160	42	RESP=1
9510411	42	STIM=j
9514841	42	RESP=1
9529131	42	STIM=c
9533995	42	RESP=1
9546175	42	STIM=r
9551480	42	RESP=1
9563437	42	STIM=u
9567729	42	RESP=1
9578870	42	STIM=g
9583375	42	RESP=1
9595781	42	STIM=v
9599620	42	RESP=1
9611866	42	STIM=n
9616222	42	RESP=1
9628236	42	STIM=u
9632655	42	RESP=1
9644737	42	STIM=h
9652610	42	RESP=1
9663642	42	STIM=z
9667807	42	RESP=1
9680167	42	STIM=3
9687283	42	RESP=2
9695825	42	STIM=k
9701642	42	RESP=1
9710950	42	STIM=7
9715671	42	RESP=2
9726136	42	STIM=h
9730032	42	RESP=1
9745074	42	STIM=i
9748812	42	RESP=1
9760797	42	STIM=n
9764358	42	RESP=1
9779620	42	STIM=e
9783413	42	RESP=1
9796189	42	STIM=k
9800473	42	RESP=1
9812854	42	STIM=7
9819538	42	RESP=2
9829566	42	STIM=x
9832224	42	RESP=1
9844942	42	STIM=q
9852431	42	RESP=1
9863880	42	STIM=r
9869325	42	RESP=1
9881175	42	STIM=w
9888406	42	RESP=1
9898266	42	STIM=0
9904048	42	RESP=2
9914517	42	STIM=o
9919088	42	RESP=1
9930664	42	STIM=q
9935227	42	RESP=1
9948749	42	STIM=s
9952999	42	RESP=1
9967610	42	STIM=y
9972059	42	RESP=2
9982649	42	STIM=l
9985365	42	RESP=1
10001497	42	STIM=d
10006860	42	RESP=1
10019744	42	STIM=d
10025346	42	RESP=1
10037520	42	STIM=z
10043696	42	RESP=1
10053121	42	STIM=n
10056365	42	RESP=1
10069558	42	STIM=r
10078880	42	RESP=1
10087234	42	STIM=a
10090492	42	RESP=1
10102908	42	STIM=p
10110739	42	RESP=1
10118426	42	STIM=h
10123249	42	RESP=1
10135070	42	STIM=o
10138165	42	RESP=1
10151152	42	STIM=e
10155547	42	RESP=1
10166491	42	STIM=3
10172427	42	RESP=2
10182153	42	STIM=j
10188703	42	RESP=1
10197867	42	STIM=y
10202342	42	RESP=1
10214804	42	STIM=d
10221106	42	RESP=1
10231114	42	STIM=y
10237574	42	RESP=1
10246751	42	STIM=1
10252546	42	RESP=2
10265278	42	STIM=k
10269866	42	RESP=1
10280953	42	STIM=y
10284942	42	RESP=1
10298080	42	STIM=i
10301246	42	RESP=1
10315059	42	STIM=m
10319644	42	RESP=1
10330995	42	STIM=f
10335337	42	RESP=1
10347515	42	STIM=f
10350652	42	RESP=1
10363299	42	STIM=3
10372149	42	RESP=2
10379247	42	STIM=k
10383731	42	RESP=1
10395347	42	STIM=6
10401832	42	RESP=2
10410709	42	STIM=x
10416074	42	RESP=1
10428524	42	STIM=c
10433140	42	RESP=1
10446504	42	STIM=z
10451719	42	RESP=1
10463033	42	STIM=p
10467982	42	RESP=1
10481870	42	STIM=x
10485400	42	RESP=1
10497178	42	STIM=5
10506909	42	RESP=2
10512460	42	STIM=h
10515095	42	RESP=1
10530669	42	STIM=d
10535087	42	RESP=1
10548257	42	STIM=j
10554438	42	RESP=1
10566869	42	STIM=f
10570247	42	RESP=1
10585210	42	STIM=r
10588263	42	RESP=1
10601862	42	STIM=m
10610601	42	RESP=1
10620824	42	STIM=h
10624103	42	RESP=1
10638266	42	STIM=k
10642073	42	RESP=1
10654037	42	STIM=6
10657915	42	RESP=2
10670623	42	STIM=j
10674318	42	RESP=1
10689287	42	STIM=3
10693742	42	RESP=2
10707972	42	STIM=q
10711816	42	RESP=1
10724734	42	STIM=h
10731482	42	RESP=1
10743487	42	STIM=v
10748994	42	RESP=1
10759171	42	STIM=6
10765302	42	RESP=2
10775640	42	STIM=h
10780914	42	RESP=1
10791325	42	STIM=9
10797776	42	RESP=2
10808464	42	STIM=w
10814034	42	RESP=1
10825675	42	STIM=8
10832654	42	RESP=2
10842487	42	STIM=q
10846467	42	RESP=1
10858551	42	STIM=1
10863118	42	RESP=2
10876760	42	STIM=z
10882118	42	RESP=1
10894081	42	STIM=2
10899209	42	RESP=2
10910000	42	STIM=m
10916452	42	RESP=1
10928214	42	STIM=h
10932184	42	RESP=1
10944707	42	STIM=j
10948701	42	RESP=1
10961239	42	STIM=m
10969307	42	RESP=1
10977677	42	STIM=m
10982292	42	RESP=1
10993826	42	STIM=y
10998593	42	RESP=1
11012464	42	STIM=6
11017938	42	RESP=1
11030227	42	STIM=8
11036845	42	RESP=2
11048464	42	STIM=y
11056299	42	RESP=1
11064279	42	STIM=9
11072544	42	RESP=2
11081522	42	STIM=c
11089292	42	RESP=1
11099411	42	STIM=u
11104036	42	RESP=1
11117340	42	STIM=i
11120104	42	RESP=1
11132748	42	STIM=x
11138091	42	RESP=1
11147866	42	STIM=e
11151800	42	RESP=1
11165857	42	STIM=u
11171130	42	RESP=1
11184197	42	STIM=a
11188958	42	RESP=1
11202461	42	STIM=v
11205963	42	RESP=1
11220850	42	STIM=t
11224645	42	RESP=1
11237304	42	STIM=6
11240927	42	RESP=2
11253973	42	STIM=f
11261202	42	RESP=1
11272753	42	STIM=h
11277334	42	RESP=1
11291209	42	STIM=p
11295062	42	RESP=1
11309854	42	STIM=z
11313109	42	RESP=1
11326649	42	STIM=p
11329897	42	RESP=1
11343255	42	STIM=1
11347765	42	RESP=2
11360135	42	STIM=8
11367303	42	RESP=2
11376277	42	STIM=y
11385291	42	RESP=1
11393597	42	STIM=9
11398116	42	RESP=2
11408705	42	STIM=s
11413001	42	RESP=1
11427057	42	STIM=l
11433167	42	RESP=1
11442269	42	STIM=0
11447008	42	RESP=2
11460263	42	STIM=8
11466071	42	RESP=1
11475924	42	STIM=y
11480237	42	RESP=1
11494093	42	STIM=e
11502661	42	RESP=1
11512741	42	STIM=i
11517613	42	RESP=1
11530486	42	STIM=r
11534783	42	RESP=1
11545486	42	STIM=4
11549233	42	RESP=2
11562374	42	STIM=m
11568040	42	RESP=1
11577635	42	STIM=4
11581574	42	RESP=1
11596330	42	STIM=r
11599479	42	RESP=1
11615032	42	STIM=2
11619292	42	RESP=2
11632902	42	STIM=b
11636876	42	RESP=1
11651070	42	STIM=p
11659520	42	RESP=2
11667420	42	STIM=x
11672039	42	RESP=1
11685967	42	STIM=a
11690292	42	RESP=1
11702286	42	STIM=x
11710265	42	RESP=1
11719082	42	STIM=f
11723248	42	RESP=1
11736978	42	STIM=i
11740957	42	RESP=1
11755661	42	STIM=h
11761411	42	RESP=1
11774331	42	STIM=l
11778836	42	RESP=1
11790691	42	STIM=f
11794932	42	RESP=1
11808650	42	STIM=4
11815902	42	RESP=1
11824972	42	STIM=f
11829596	42	RESP=1
11840312	42	STIM=a
11844492	42	RESP=1
11856604	42	STIM=f
11863187	42	RESP=1
11872252	42	STIM=g
11876016	42	RESP=1
11890707	42	STIM=j
11898600	42	RESP=1
11905949	42	STIM=l
11910989	42	RESP=1
11921417	42	STIM=r
11924469	42	RESP=1
11939359	42	STIM=c
11944195	42	RESP=1
11954739	42	STIM=v
11958025	42	RESP=1
11972902	42	STIM=y
11978057	42	RESP=1
11988393	42	STIM=8
11997480	42	RESP=2
12004720	42	STIM=p
12015574	42	RESP=1
12021624	42	STIM=i
12025444	42	RESP=1
12037754	42	STIM=u
12041669	42	RESP=1
12054754	42	STIM=w
12058453	42	RESP=1
12072612	42	STIM=f
12075838	42	RESP=1
12088627	42	STIM=a
12091951	42	RESP=1
12106161	42	STIM=t
12110670	42	RESP=1
12123944	42	STIM=a
12127527	42	RESP=1
12141329	42	STIM=t
12146502	42	RESP=1
12157270	42	STIM=u
12166754	42	RESP=1
12172903	42	STIM=r
12175960	42	RESP=1
12189044	42	STIM=l
12194552	42	RESP=1
12207748	42	STIM=4
12213341	42	RESP=2
12225858	42	STIM=j
12229936	42	RESP=1
12243084	42	STIM=d
12247193	42	RESP=1
12258658	42	STIM=d
12263251	42	RESP=1
12276490	42	STIM=l
12282608	42	RESP=1
12292914	42	STIM=8
12300506	42	RESP=2
12309100	42	STIM=k
12319305	42	RESP=1
12324795	42	STIM=9
12329140	42	RESP=2
12343329	42	STIM=t
12347174	42	RESP=1
12359197	42	STIM=m
12363243	42	RESP=1
12375749	42	STIM=y
12380101	42	RESP=1
12391029	42	STIM=g
12395512	42	RESP=1
12408162	42	STIM=i
12411529	42	RESP=1
12426612	42	STIM=8
12432877	42	RESP=2
12443300	42	STIM=x
12450475	42	RESP=1
12459971	42	STIM=c
12463172	42	RESP=1
12476396	42	STIM=u
12484145	42	RESP=1
12493536	42	STIM=w
12498030	42	RESP=1
12511656	42	STIM=x
12515770	42	RESP=1
12530545	42	STIM=t
12533312	42	RESP=1
12548995	42	STIM=a
12555452	42	RESP=1
12567488	42	STIM=6
12573498	42	RESP=2
12582822	42	STIM=h
12586518	42	RESP=1
12598153	42	STIM=k
12602964	42	RESP=1
12615178	42	STIM=9
12619111	42	RESP=1
12633974	42	STIM=w
12638042	42	RESP=1
12652782	42	STIM=p
12656420	42	RESP=1
12671604	42	STIM=d
12675458	42	RESP=1
12688545	42	STIM=p
12695998	42	RESP=1
12705173	42	STIM=q
12708500	42	RESP=1
12721419	42	STIM=m
12725071	42	RESP=1
12739988	42	STIM=m
12744004	42	RESP=1
12758355	42	STIM=c
12763619	42	RESP=1
12774760	42	STIM=7
12779005	42	RESP=2
12790807	42	STIM=p
12793881	42	RESP=1
12807500	42	STIM=3
12811143	42	RESP=2
12825606	42	STIM=v
12833200	42	RESP=1
12841701	42	STIM=i
12844616	42	RESP=1
12859000	42	STIM=c
12862964	42	RESP=1
12875557	42	STIM=u
12880351	42	RESP=1
12892108	42	STIM=1
12895402	42	RESP=2
12907783	42	STIM=4
12912325	42	RESP=2
12924824	42	STIM=k
12929440	42	RESP=1
12942856	42	STIM=q
12947208	42	RESP=1
12959930	42	STIM=l
12964867	42	RESP=1
12975059	42	STIM=i
12979301	42	RESP=1
12992428	42	STIM=t
12994855	42	RESP=1
13010308	42	STIM=q
13013362	42	RESP=1
13026096	42	STIM=z
13029432	42	RESP=1
13043271	42	STIM=1
13049148	42	RESP=2
13060795	42	STIM=2
13068280	42	RESP=2
13079320	42	STIM=r
13084646	42	RESP=1
13098102	42	STIM=l
13101047	42	RESP=1
13116976	42	STIM=l
13121649	42	RESP=1
13135031	42	STIM=e
13138083	42	RESP=1
13151703	42	STIM=l
13155752	42	RESP=1
13169293	42	STIM=l
13172822	42	RESP=1
13187186	42	STIM=m
13193852	42	RESP=1
13204923	42	STIM=t
13209050	42	RESP=1
13222826	42	STIM=f
13228419	42	RESP=1
13241545	42	STIM=j
13247918	42	RESP=1
13259338	42	STIM=d
13264499	42	RESP=1
13274687	42	STIM=m
13280279	42	RESP=1
13290902	42	STIM=1
13296872	42	RESP=2
13307681	42	STIM=a
13311952	42	RESP=1
13326287	42	STIM=h
13334139	42	RESP=2
13344428	42	STIM=p
13349559	42	RESP=1
13359490	42	STIM=l
13364031	42	RESP=1
13378426	42	STIM=z
13383568	42	RESP=2
13394166	42	STIM=k
13396834	42	RESP=1
13409971	42	STIM=x
13415520	42	RESP=1
13427843	42	STIM=b
13434387	42	RESP=1
13443750	42	STIM=h
13449915	42	RESP=1
13462224	42	STIM=d
13468047	42	RESP=1
13477688	42	STIM=p
13482372	42	RESP=1
13494526	42	STIM=m
13497597	42	RESP=1
13509670	42	STIM=c
13514000	42	RESP=1
13526155	42	STIM=k
13530095	42	RESP=1
13543247	42	STIM=m
13546960	42	RESP=1
13560039	42	STIM=1
13568013	42	RESP=2
13577827	42	STIM=t
13582026	42	RESP=1
13593794	42	STIM=4
13604691	42	RESP=2
13609114	42	STIM=a
13612934	42	RESP=1
13626758	42	STIM=1
13631154	42	RESP=2
13645078	42	STIM=s
13651895	42	RESP=1
13660593	42	STIM=y
13665286	42	RESP=1
13676212	42	STIM=k
13680294	42	RESP=1
13694122	42	STIM=x
13699167	42	RESP=1
13709285	42	STIM=2
13713688	42	RESP=1
13725458	42	STIM=b
13731255	42	RESP=1
13742115	42	STIM=a
13747100	42	RESP=1
13758427	42	STIM=x
13762797	42	RESP=1
13776171	42	STIM=g
13781003	42	RESP=1
13792143	42	STIM=v
13795449	42	RESP=1
13807710	42	STIM=a
13813499	42	RESP=1
13823089	42	STIM=7
13830135	42	RESP=2
13840081	42	STIM=x
13842897	42	RESP=1
13855899	42	STIM=o
13859206	42	RESP=1
13871813	42	STIM=e
13878077	42	RESP=2
13887943	42	STIM=l
13895358	42	RESP=1
13904641	42	STIM=i
13911728	42	RESP=1
13920656	42	STIM=v
13926401	42	RESP=1
13937935	42	STIM=f
13940883	42	RESP=1
13956549	42	STIM=y
13960223	42	RESP=1
13972518	42	STIM=g
13978867	42	RESP=1
13990655	42	STIM=u
13995135	42	RESP=1
14009546	42	STIM=n
14015352	42	RESP=1
14025711	42	STIM=v
14031038	42	RESP=1
14042139	42	STIM=d
14045829	42	RESP=1
14060057	42	STIM=j
14064007	42	RESP=1
14078196	42	STIM=q
14082821	42	RESP=1
14094904	42	STIM=j
14099148	42	RESP=1
14112496	42	STIM=m
14115987	42	RESP=1
14130930	42	STIM=m
14137239	42	RESP=1
14147786	42	STIM=8
14151759	42	RESP=2
14163259	42	STIM=a
14168609	42	RESP=1
14179476	42	STIM=j
14184674	42	RESP=1
14196616	42	STIM=4
14204919	42	RESP=1
14215095	42	STIM=k
14220122	42	RESP=1
14232672	42	STIM=g
14239829	42	RESP=1
14249757	42	STIM=r
14253072	42	RESP=1
14266341	42	STIM=z
14270977	42	RESP=1
14283506	42	STIM=4
14290566	42	RESP=2
14300400	42	STIM=m
14308169	42	RESP=1
14318961	42	STIM=b
14322667	42	RESP=1
14335211	42	STIM=0
14340769	42	RESP=2
14352288	42	STIM=s
14357653	42	RESP=1
14368046	42	STIM=j
14375180	42	RESP=2
14384081	42	STIM=n
14392729	42	RESP=1
14400056	42	STIM=k
14404505	42	RESP=1
14415989	42	STIM=t
14419608	42	RESP=1
14433422	42	STIM=r
14438491	42	RESP=1
14450591	42	STIM=z
14456881	42	RESP=1
14466357	42	STIM=z
14469971	42	RESP=1
14482082	42	STIM=x
14488038	42	RESP=1
14500460	42	STIM=r
14505184	42	RESP=1
14517613	42	STIM=0
14521879	42	RESP=2
14533804	42	STIM=n
14542350	42	RESP=1
14550679	42	STIM=j
14555630	42	RESP=1
14567704	42	STIM=s
14571744	42	RESP=1
14584537	42	STIM=d
14589274	42	RESP=1
14603129	42	STIM=k
14606532	42	RESP=1
14620328	42	STIM=v
14624348	42	RESP=1
14637254	42	STIM=m
14640838	42	RESP=1
14654152	42	STIM=8
14660756	42	RESP=2
14672206	42	STIM=q
14676935	42	RESP=1
14690615	42	STIM=9
14696345	42	RESP=2
14708656	42	STIM=0
14717950	42	RESP=2
14723969	42	STIM=i
14727600	42	RESP=1
14741967	42	STIM=8
14746863	42	RESP=2
14758101	42	STIM=x
14761754	42	RESP=1
14773746	42	STIM=a
14777728	42	RESP=1
14790854	42	STIM=j
14796850	42	RESP=1
14808770	42	STIM=7
14812521	42	RESP=2
14824788	42	STIM=b
14829182	42	RESP=1
14842467	42	STIM=i
14845702	42	RESP=1
14860702	42	STIM=p
14864042	42	RESP=1
14878658	42	STIM=y
14882426	42	RESP=1
14894041	42	STIM=p
14897276	42	RESP=1
14909559	42	STIM=e
14913417	42	RESP=1
14926164	42	STIM=w
14935759	42	RESP=1
14943373	42	STIM=7
14949114	42	RESP=2
14958535	42	STIM=f
14962678	42	RESP=1
14975624	42	STIM=7
14983464	42	RESP=1
14991828	42	STIM=r
14998716	42	RESP=1
15009689	42	STIM=u
15016590	42	RESP=1
15028558	42	STIM=q
15032356	42	RESP=1
15045010	42	STIM=h
15052438	42	RESP=1
15062118	42	STIM=y
15069043	42	RESP=1
15078960	42	STIM=y
15081488	42	RESP=1
15097283	42	STIM=d
15103762	42	RESP=1
15112521	42	STIM=i
15118355	42	RESP=1
15128558	42	STIM=b
15131501	42	RESP=1
15147286	42	STIM=l
15151450	42	RESP=1
15165956	42	STIM=k
15169295	42	RESP=1
15184082	42	STIM=u
15189387	42	RESP=1
15201239	42	STIM=n
15205992	42	RESP=1
15219026	42	STIM=a
15222546	42	RESP=1
15238013	42	STIM=a
15241094	42	RESP=1
15253685	42	STIM=f
15257810	42	RESP=1
15269401	42	STIM=t
15275923	42	RESP=1
15287464	42	STIM=o
15291612	42	RESP=1
15303504	42	STIM=m
15308273	42	RESP=1
15318650	42	STIM=i
15322811	42	RESP=1
15336704	42	STIM=o
15341953	42	RESP=1
15352923	42	STIM=7
15357968	42	RESP=2
15371438	42	STIM=c
15376720	42	RESP=1
15387171	42	STIM=z
15392224	42	RESP=1
15404790	42	STIM=p
15408935	42	RESP=2
15423018	42	STIM=i
15425882	42	RESP=1
15439394	42	STIM=1
15444628	42	RESP=2
15456012	42	STIM=6
15460598	42	RESP=2
15473005	42	STIM=a
15478201	42	RESP=1
15490029	42	STIM=o
15492854	42	RESP=1
15507928	42	STIM=f
15513723	42	RESP=1
15523703	42	STIM=i
15527490	42	RESP=1
15542613	42	STIM=b
15546818	42	RESP=1
15558565	42	STIM=g
15562681	42	RESP=1
15575254	42	STIM=d
15579618	42	RESP=2
15592669	42	STIM=f
15598914	42	RESP=1
15610424	42	STIM=0
15614123	42	RESP=2
15628906	42	STIM=v
15632823	42	RESP=1
15646752	42	STIM=f
15651653	42	RESP=1
15664605	42	STIM=n
15671727	42	RESP=1
15680781	42	STIM=6
15685830	42	RESP=2
15698371	42	STIM=0
15701969	42	RESP=1
15713984	42	STIM=y
15716987	42	RESP=1
15730861	42	STIM=0
15735376	42	RESP=2
15749280	42	STIM=t
15754853	42	RESP=1
15767318	42	STIM=p
15770739	42	RESP=1
15786279	42	STIM=u
15791707	42	RESP=1
15803382	42	STIM=k
15806906	42	RESP=1
15820238	42	STIM=5
15827090	42	RESP=2
15836137	42	STIM=t
15842328	42	RESP=2
15851303	42	STIM=6
15857581	42	RESP=2
15866456	42	STIM=c
15871822	42	RESP=1
15884354	42	STIM=a
15888986	42	RESP=1
15901976	42	STIM=p
15906224	42	RESP=1
15917612	42	STIM=d
15921480	42	RESP=1
15933764	42	STIM=e
15939676	42	RESP=1
15950435	42	STIM=s
15956813	42	RESP=1
15966401	42	STIM=y
15970154	42	RESP=1
15982271	42	STIM=w
15988617	42	RESP=1
16001263	42	STIM=1
16006696	42	RESP=2
16017539	42	STIM=p
16022653	42	RESP=1
16032791	42	STIM=n
16038381	42	RESP=1
16048553	42	STIM=j
16051559	42	RESP=1
16065847	42	STIM=2
16071763	42	RESP=1
16082798	42	STIM=z
16088862	42	RESP=1
16101277	42	STIM=j
16108409	42	RESP=1
16119675	42	STIM=o
16125921	42	RESP=1
16137873	42	STIM=s
16141071	42	RESP=1
16155728	42	STIM=6
16161382	42	RESP=2
16173956	42	STIM=i
16182036	42	RESP=1
16192280	42	STIM=d
16195824	42	RESP=1
16209620	42	STIM=c
16212957	42	RESP=1
16224716	42	STIM=c
16229401	42	RESP=1
16242297	42	STIM=j
16246677	42	RESP=1
16258303	42	STIM=h
16264176	42	RESP=1
16273584	42	STIM=o
16278140	42	RESP=1
16290195	42	STIM=e
16294435	42	RESP=1
16307640	42	STIM=x
16311032	42	RESP=1
16323721	42	STIM=e
16326968	42	RESP=1
16341456	42	STIM=z
16347123	42	RESP=1
16360137	42	STIM=s
16365293	42	RESP=2
16375191	42	STIM=p
16382189	42	RESP=1
16392070	42	STIM=5
16398346	42	RESP=2
16411038	42	STIM=6
16415406	42	RESP=2
16429704	42	STIM=k
16436289	42	RESP=1
16447905	42	STIM=s
16452332	42	RESP=1
16466798	42	STIM=r
16475085	42	RESP=2
16485115	42	STIM=l
16489717	42	RESP=1
16502756	42	STIM=a
16508227	42	RESP=1
16517779	42	STIM=n
16522181	42	RESP=1
16535622	42	STIM=n
16539314	42	RESP=1
16551296	42	STIM=5
16555601	42	RESP=2
16569792	42	STIM=v
16575781	42	RESP=1
16588002	42	STIM=4
16595358	42	RESP=2
16604560	42	STIM=z
16618576	42	RESP=1
16619582	42	STIM=6
16625403	42	RESP=2
16637145	42	STIM=a
16643060	42	RESP=1
16653230	42	STIM=v
16656577	42	RESP=1
16670782	42	STIM=1
16675735	42	RESP=2
16686110	42	STIM=n
16690195	42	RESP=1
16702046	42	STIM=5
16710279	42	RESP=2
16718149	42	STIM=1
16721785	42	RESP=2
16735423	42	STIM=y
16740239	42	RESP=1
16754054	42	STIM=l
16758219	42	RESP=1
16770894	42	STIM=m
16774620	42	RESP=1
16787135	42	STIM=s
16793658	42	RESP=1
16805044	42	STIM=u
16808794	42	RESP=1
16824001	42	STIM=e
16827219	42	RESP=1
16842773	42	STIM=h
16846582	42	RESP=1
16860201	42	STIM=j
16867805	42	RESP=1
16879032	42	STIM=g
16885329	42	RESP=1
16897234	42	STIM=u
16903187	42	RESP=1
16916185	42	STIM=n
16922032	42	RESP=1
16931874	42	STIM=x
16936659	42	RESP=1
16948815	42	STIM=b
16955844	42	RESP=1
16964430	42	STIM=o
16968095	42	RESP=1
16980564	42	STIM=l
16985143	42	RESP=1
16996445	42	STIM=q
16999129	42	RESP=1
17015006	42	STIM=e
17017508	42	RESP=1
17032140	42	STIM=f
17035229	42	RESP=1
17048212	42	STIM=o
17053069	42	RESP=1
17066938	42	STIM=8
17071651	42	RESP=1
17083571	42	STIM=x
17087265	42	RESP=1
17099650	42	STIM=n
17105566	42	RESP=1
17115970	42	STIM=n
17119158	42	RESP=1
17131109	42	STIM=p
17134913	42	RESP=1
17149073	42	STIM=v
17152621	42	RESP=1
17167882	42	STIM=2
17174785	42	RESP=2
17183046	42	STIM=c
17191079	42	RESP=1
17199453	42	STIM=3
17206737	42	RESP=2
17215641	42	STIM=q
17223392	42	RESP=1
17233300	42	STIM=k
17238030	42	RESP=1
17249219	42	STIM=d
17257315	42	RESP=1
17265525	42	STIM=v
17269757	42	RESP=1
17283449	42	STIM=a
17291824	42	RESP=1
17300660	42	STIM=j
17303678	42	RESP=1
17316005	42	STIM=n
17320242	42	RESP=1
17332529	42	STIM=m
17336115	42	RESP=1
17349056	42	STIM=p
17355298	42	RESP=1
17367618	42	STIM=a
17370401	42	RESP=1
17385361	42	STIM=d
17388166	42	RESP=1
17402412	42	STIM=n
17406335	42	RESP=1
17417988	42	STIM=k
17420494	42	RESP=1
17433885	42	STIM=p
17437510	42	RESP=1
17449795	42	STIM=p
17453309	42	RESP=1
17467604	42	STIM=t
17472688	42	RESP=1
17486273	42	STIM=n
17492858	42	RESP=1
17505149	42	STIM=9
17511165	42	RESP=2
17521180	42	STIM=q
17526256	42	RESP=1
17537996	42	STIM=v
17543669	42	RESP=1
17553442	42	STIM=z
17557020	42	RESP=1
17569489	42	STIM=d
17575944	42	RESP=2
17586188	42	STIM=g
17589936	42	RESP=1
17602593	42	STIM=4
17607551	42	RESP=2
17619730	42	STIM=t
17625782	42	RESP=1
17635804	42	STIM=l
17645008	42	RESP=1
17653886	42	STIM=o
17662003	42	RESP=1
17669552	42	STIM=s
17673120	42	RESP=1
17685617	42	STIM=t
17688858	42	RESP=1
17702017	42	STIM=4
17708305	42	RESP=2
17717795	42	STIM=v
17724546	42	RESP=1
17734141	42	STIM=v
17737466	42	RESP=1
17751383	42	STIM=m
17757377	42	RESP=1
17767687	42	STIM=b
17771238	42	RESP=1
17783027	42	STIM=h
17786418	42	RESP=1
17801039	42	STIM=d
17806425	42	RESP=1
17816215	42	STIM=f
17819208	42	RESP=1
17834846	42	STIM=g
17838624	42	RESP=1
17853748	42	STIM=p
17858021	42	RESP=1
17872341	42	STIM=p
17876346	42	RESP=1
17887889	42	STIM=i
17891408	42	RESP=1
17903615	42	STIM=2
17910489	42	RESP=2
17918823	42	STIM=j
17924122	42	RESP=1
17937088	42	STIM=s
17943414	42	RESP=1
17953702	42	STIM=1
17960574	42	RESP=2
17969535	42	STIM=y
17973086	42	RESP=1
17986446	42	STIM=f
17990554	42	RESP=1
18004318	42	STIM=j
18008863	42	RESP=1
18021162	42	STIM=o
18025373	42	RESP=1
18038512	42	STIM=5
18046620	42	RESP=1
18055625	42	STIM=u
18059141	42	RESP=1
18074298	42	STIM=p
18079667	42	RESP=1
18089979	42	STIM=f
18093633	42	RESP=1
18105568	42	STIM=2
18109717	42	RESP=2
18123063	42	STIM=a
18126795	42	RESP=1
18141733	42	STIM=3
18145220	42	RESP=2
18158445	42	STIM=4
18162248	42	RESP=2
18176970	42	STIM=w
18181574	42	RESP=1
18195892	42	STIM=s
18200694	42	RESP=1
18212619	42	STIM=r
18216630	42	RESP=1
18231225	42	STIM=r
18238674	42	RESP=1
18248176	42	STIM=9
18255225	42	RESP=2
18267051	42	STIM=h
18272877	42	RESP=2
18284310	42	STIM=e
18287586	42	RESP=1
18300994	42	STIM=1
18306483	42	RESP=2
18316096	42	STIM=u
18322276	42	RESP=1
18334461	42	STIM=d
18339260	42	RESP=1
18350399	42	STIM=q
18353377	42	RESP=1
18367316	42	STIM=k
18373373	42	RESP=1
18385832	42	STIM=z
18389339	42	RESP=1
18402221	42	STIM=m
18406598	42	RESP=1
18417678	42	STIM=g
18421841	42	RESP=1
18436135	42	STIM=h
18442567	42	RESP=1
18452061	42	STIM=b
18455135	42	RESP=1
18469307	42	STIM=r
18472488	42	RESP=1
18488176	42	STIM=i
18491516	42	RESP=1
18505059	42	STIM=6
18512333	42	RESP=2
18522213	42	STIM=7
18527300	42	RESP=2
18540470	42	STIM=z
18544423	42	RESP=1
18557142	42	STIM=1
18562756	42	RESP=2
18572297	42	STIM=4
18577537	42	RESP=1
18589315	42	STIM=8
18595795	42	RESP=2
18605179	42	STIM=g
18610399	42	RESP=1
18622775	42	STIM=x
18628130	42	RESP=1
18640971	42	STIM=3
18645742	42	RESP=2
18657160	42	STIM=5
18666022	42	RESP=2
18675828	42	STIM=j
18679883	42	RESP=1
18692907	42	STIM=q
18696211	42	RESP=1
18711545	42	STIM=p
18716670	42	RESP=1
18726886	42	STIM=c
18730026	42	RESP=2
18742997	42	STIM=k
18747664	42	RESP=1
18759341	42	STIM=f
18764400	42	RESP=1
18774823	42	STIM=8
18780449	42	RESP=2
18790857	42	STIM=5
18795376	42	RESP=2
18809408	42	STIM=w
18815761	42	RESP=1
18828133	42	STIM=t
18832975	42	RESP=1
18845498	42	STIM=s
18849268	42	RESP=1
18861031	42	STIM=v
18864267	42	RESP=1
18878355	42	STIM=0
18882140	42	RESP=2
18893561	42	STIM=p
18897675	42	RESP=1
18910579	42	STIM=z
18917901	42	RESP=1
18926925	42	STIM=q
18931192	42	RESP=1
18944579	42	STIM=o
18951469	42	RESP=1
18961410	42	STIM=3
18966577	42	RESP=2
18978600	42	STIM=e
18982833	42	RESP=1
18994333	42	STIM=i
18997815	42	RESP=1
19012817	42	STIM=3
19018479	42	RESP=2
19028380	42	STIM=0
19032269	42	RESP=1
19046009	42	STIM=p
19049230	42	RESP=1
19063295	42	STIM=q
19066693	42	RESP=1
19078959	42	STIM=i
19082152	42	RESP=1
19094815	42	STIM=f
19100243	42	RESP=2
19111097	42	STIM=6
19115691	42	RESP=1
19129209	42	STIM=n
19132321	42	RESP=1
19146598	42	STIM=n
19152362	42	RESP=1
19163983	42	STIM=q
19169178	42	RESP=1
19182108	42	STIM=k
19184829	42	RESP=1
19197397	42	STIM=q
19203183	42	RESP=1
19215216	42	STIM=6
19219157	42	RESP=2
19231046	42	STIM=z
19236096	42	RESP=1
19248975	42	STIM=j
19252522	42	RESP=1
19267736	42	STIM=g
19272153	42	RESP=1
19283722	42	STIM=d
19288933	42	RESP=1
19300407	42	STIM=f
19307924	42	RESP=1
19318854	42	STIM=5
19322836	42	RESP=2
19334481	42	STIM=7
19340917	42	RESP=2
19351079	42	STIM=r
19359572	42	RESP=1
19368584	42	STIM=n
19377914	42	RESP=1
19384974	42	STIM=6
19389230	42	RESP=2
19402286	42	STIM=r
19406750	42	RESP=1
19420170	42	STIM=k
19424413	42	RESP=1
19438902	42	STIM=6
19445944	42	RESP=2
19454546	42	STIM=s
19460025	42	RESP=1
19470983	42	STIM=r
19477587	42	RESP=1
19489649	42	STIM=p
19494721	42	RESP=1
19507747	42	STIM=3
19514421	42	RESP=2
19526178	42	STIM=9
19530792	42	RESP=2
19542090	42	STIM=6
19547563	42	RESP=1
19558156	42	STIM=u
19567497	42	RESP=1
19577051	42	STIM=1
19585749	42	RESP=2
19594365	42	STIM=y
19597554	42	RESP=1
19609862	42	STIM=g
19617477	42	RESP=1
19626693	42	STIM=s
19631659	42	RESP=1
19642071	42	STIM=m
19645591	42	RESP=1
19658686	42	STIM=w
19662614	42	RESP=1
19673718	42	STIM=l
19678093	42	RESP=1
19688747	42	STIM=r
19693315	42	RESP=1
19705732	42	STIM=u
19710195	42	RESP=1
19721045	42	STIM=1
19728648	42	RESP=2
19737301	42	STIM=b
19743575	42	RESP=1
19752453	42	STIM=n
19759200	42	RESP=1
19770248	42	STIM=3
19774635	42	RESP=2
19785313	42	STIM=a
19789550	42	RESP=1
19801657	42	STIM=3
19805335	42	RESP=2
19819591	42	STIM=h
19824498	42	RESP=1
19835360	42	STIM=t
19840055	42	RESP=1
19852365	42	STIM=t
19858633	42	RESP=1
19867509	42	STIM=y
19876504	42	RESP=1
19883741	42	STIM=q
19889893	42	RESP=1
19899955	42	STIM=e
19903022	42	RESP=1
19915775	42	STIM=u
19920647	42	RESP=1
19931162	42	STIM=0
19937172	42	RESP=2
19950061	42	STIM=j
19954923	42	RESP=1
19966217	42	STIM=3
19970854	42	RESP=2
19984760	42	STIM=k
19991163	42	RESP=1
20002581	42	STIM=i
20007845	42	RESP=1
20020880	42	STIM=6
20025275	42	RESP=2
20036701	42	STIM=h
20041546	42	RESP=1
20054301	42	STIM=q
20061149	42	RESP=1
20070222	42	STIM=0
20075427	42	RESP=2
20088788	42	STIM=b
20092451	42	RESP=1
20107228	42	STIM=s
20111726	42	RESP=1
20123994	42	STIM=3
20130873	42	RESP=2
20140409	42	STIM=h
20142894	42	RESP=1
20156975	42	STIM=m
20160504	42	RESP=1
20173877	42	STIM=b
20179388	42	RESP=1
20191409	42	STIM=2
20195781	42	RESP=2
20209791	42	STIM=l
20213350	42	RESP=1
20224936	42	STIM=m
20228350	42	RESP=1
20241659	42	STIM=k
20245090	42	RESP=1
20258924	42	STIM=d
20264193	42	RESP=1
20277013	42	STIM=e
20284276	42	RESP=1
20294349	42	STIM=q
20297219	42	RESP=1
20309353	42	STIM=e
20319083	42	RESP=1
20324848	42	STIM=5
20334607	42	RESP=2
20341570	42	STIM=3
20347092	42	RESP=2
20358870	42	STIM=d
20362422	42	RESP=1
20376097	42	STIM=f
20380027	42	RESP=1
20392900	42	STIM=f
20396129	42	RESP=1
20409093	42	STIM=i
20417039	42	RESP=1
20426806	42	STIM=s
20430707	42	RESP=1
20445547	42	STIM=7
20451378	42	RESP=2
20464171	42	STIM=n
20470278	42	RESP=1
20479904	42	STIM=9
20483974	42	RESP=2
20496095	42	STIM=t
20505240	42	RESP=1
20512693	42	STIM=5
20520072	42	RESP=2
20528728	42	STIM=4
20532626	42	RESP=2
20544075	42	STIM=o
20549387	42	RESP=1
20559688	42	STIM=n
20562223	42	RESP=1
20577392	42	STIM=j
20581870	42	RESP=1
20594231	42	STIM=l
20601931	42	RESP=1
20610611	42	STIM=d
20615158	42	RESP=1
20626906	42	STIM=x
20633202	42	RESP=1
20642691	42	STIM=v
20645839	42	RESP=1
20659189	42	STIM=r
20662345	42	RESP=1
20675399	42	STIM=b
20681303	42	RESP=1
20691236	42	STIM=b
20701897	42	RESP=1
20707624	42	STIM=f
20718821	42	RESP=1
20725183	42	STIM=y
20729124	42	RESP=1
20743117	42	STIM=6
20747909	42	RESP=2
20758553	42	STIM=g
20764749	42	RESP=1
20774140	42	STIM=w
20780790	42	RESP=1
20789552	42	STIM=z
20793126	42	RESP=1
20807572	42	STIM=p
20813333	42	RESP=1
20824938	42	STIM=3
20831402	42	RESP=2
20840707	42	STIM=n
20843625	42	RESP=1
20859465	42	STIM=k
20865355	42	RESP=1
20876755	42	STIM=l
20879326	42	RESP=1
20893997	42	STIM=h
20900385	42	RESP=2
20911764	42	STIM=y
20917297	42	RESP=1
20930707	42	STIM=6
20935871	42	RESP=2
20947260	42	STIM=s
20959898	42	RESP=1
20965457	42	STIM=t
20970984	42	RESP=1
20984186	42	STIM=q
20989608	42	RESP=1
20999824	42	STIM=q
21005977	42	RESP=2
21015854	42	STIM=v
21019285	42	RESP=1
21032774	42	STIM=2
21037202	42	RESP=2
21049993	42	STIM=2
21054458	42	RESP=2
21065960	42	STIM=g
21069647	42	RESP=1
21081593	42	STIM=9
21087076	42	RESP=1
21100087	42	STIM=i
21109059	42	RESP=1
21115993	42	STIM=x
21120267	42	RESP=1
21131012	42	STIM=b
21134553	42	RESP=1
21146184	42	STIM=5
21153858	42	RESP=2
21164360	42	STIM=z
21168383	42	RESP=1
21181684	42	STIM=j
21186332	42	RESP=1
21197848	42	STIM=2
21202500	42	RESP=2
21215421	42	STIM=a
21219393	42	RESP=1
21234036	42	STIM=d
21236877	42	RESP=1
21250667	42	STIM=z
21258987	42	RESP=1
21268153	42	STIM=5
21273056	42	RESP=2
21285379	42	STIM=e
21291050	42	RESP=1
21302129	42	STIM=l
21306935	42	RESP=1
21318426	42	STIM=w
21322628	42	RESP=1
21336557	42	STIM=x
21343907	42	RESP=1
21355542	42	STIM=d
21361768	42	RESP=1
21372728	42	STIM=r
21379375	42	RESP=1
21390958	42	STIM=a
21395114	42	RESP=1
21406312	42	STIM=t
21418718	42	RESP=1
21423247	42	STIM=l
21427264	42	RESP=1
21438854	42	STIM=j
21442090	42	RESP=1
21456694	42	STIM=x
21460039	42	RESP=1
21472017	42	STIM=4
21477402	42	RESP=2
21487513	42	STIM=z
21494679	42	RESP=1
21503867	42	STIM=y
21508087	42	RESP=1
21520312	42	STIM=5
21526521	42	RESP=1
21536836	42	STIM=u
21542520	42	RESP=1
21554908	42	STIM=s
21560954	42	RESP=1
21570166	42	STIM=7
21577261	42	RESP=1
21588741	42	STIM=k
21592641	42	RESP=1
21604770	42	STIM=j
21612062	42	RESP=1
21623160	42	STIM=t
21628039	42	RESP=1
21641110	42	STIM=t
21646262	42	RESP=1
21659426	42	STIM=h
21662351	42	RESP=1
21675713	42	STIM=f
21682127	42	RESP=1
21694018	42	STIM=v
21696500	42	RESP=1
21711924	42	STIM=d
21717168	42	RESP=1
21728478	42	STIM=7
21732803	42	RESP=2
21743521	42	STIM=n
21749365	42	RESP=1
21762250	42	STIM=x
21765688	42	RESP=1
