# Original filename: 0037_JAR_2017-08-24.log
# Time unit: 100 us
# RARECAT=digit
#
# Time	HHGG	Event
35173	42	STIM=a
39543	42	RESP=1
50970	42	STIM=f
54881	42	RESP=1
66629	42	STIM=u
71679	42	RESP=1
82716	42	STIM=m
88180	42	RESP=1
99467	42	STIM=m
104576	42	RESP=1
115924	42	STIM=v
121378	42	RESP=2
134567	42	STIM=m
138331	42	RESP=1
152640	42	STIM=1
157803	42	RESP=1
170035	42	STIM=t
175715	42	RESP=1
186727	42	STIM=s
195251	42	RESP=1
203541	42	STIM=o
211515	42	RESP=1
220737	42	STIM=d
226572	42	RESP=1
236563	42	STIM=y
244115	42	RESP=1
253684	42	STIM=z
257229	42	RESP=1
270689	42	STIM=y
279128	42	RESP=1
286149	42	STIM=6
291368	42	RESP=1
304895	42	STIM=m
308806	42	RESP=1
322940	42	STIM=6
331115	42	RESP=2
341407	42	STIM=r
350072	42	RESP=1
356416	42	STIM=h
361543	42	RESP=1
372138	42	STIM=8
377852	42	RESP=2
389831	42	STIM=c
394997	42	RESP=1
408107	42	STIM=z
413738	42	RESP=2
426189	42	STIM=s
439104	42	RESP=1
442777	42	STIM=j
448269	42	RESP=1
459354	42	STIM=w
464896	42	RESP=1
474478	42	STIM=z
478891	42	RESP=1
489860	42	STIM=o
492856	42	RESP=1
507627	42	STIM=s
519480	42	RESP=1
524394	42	STIM=t
527126	42	RESP=1
541559	42	STIM=u
548611	42	RESP=1
557860	42	STIM=y
562986	42	RESP=1
576166	42	STIM=7
580420	42	RESP=2
592742	42	STIM=6
598749	42	RESP=2
609614	42	STIM=x
616352	42	RESP=1
626010	42	STIM=i
632268	42	RESP=1
642117	42	STIM=e
647729	42	RESP=1
661096	42	STIM=5
666420	42	RESP=2
677308	42	STIM=s
682757	42	RESP=1
693806	42	STIM=a
697398	42	RESP=1
711671	42	STIM=t
716467	42	RESP=1
730328	42	STIM=h
737289	42	RESP=1
747826	42	STIM=a
752937	42	RESP=1
763622	42	STIM=o
769955	42	RESP=1
779231	42	STIM=m
786179	42	RESP=1
795255	42	STIM=k
798355	42	RESP=1
813317	42	STIM=l
820029	42	RESP=1
829327	42	STIM=y
839051	42	RESP=1
844760	42	STIM=7
848224	42	RESP=2
862149	42	STIM=q
867780	42	RESP=1
879901	42	STIM=n
885541	42	RESP=1
897671	42	STIM=h
902525	42	RESP=1
915905	42	STIM=h
920276	42	RESP=1
934380	42	STIM=z
941272	42	RESP=1
949669	42	STIM=u
953544	42	RESP=1
968141	42	STIM=g
971558	42	RESP=1
986168	42	STIM=m
989690	42	RESP=1
1003938	42	STIM=0
1008551	42	RESP=2
1019890	42	STIM=t
1027919	42	RESP=1
1038587	42	STIM=o
1047413	42	RESP=1
1055989	42	STIM=y
1060298	42	RESP=1
1071673	42	STIM=z
1077919	42	RESP=1
1087199	42	STIM=k
1094762	42	RESP=1
1104450	42	STIM=1
1109553	42	RESP=2
1123028	42	STIM=v
1125626	42	RESP=1
1140825	42	STIM=x
1145969	42	RESP=1
1158863	42	STIM=g
1161407	42	RESP=1
1176069	42	STIM=u
1183358	42	RESP=1
1191947	42	STIM=3
1206279	42	RESP=2
1207453	42	STIM=u
1215366	42	RESP=1
1224520	42	STIM=c
1228941	42	RESP=1
1240327	42	STIM=j
1248612	42	RESP=2
1259129	42	STIM=i
1270035	42	RESP=1
1274757	42	STIM=m
1281013	42	RESP=1
1290355	42	STIM=q
1294740	42	RESP=1
1306812	42	STIM=y
1313617	42	RESP=1
1324710	42	STIM=h
1333864	42	RESP=1
1343203	42	STIM=0
1349505	42	RESP=2
1358228	42	STIM=4
1365267	42	RESP=2
1377007	42	STIM=h
1381589	42	RESP=1
1394059	42	STIM=i
1399671	42	RESP=1
1410373	42	STIM=l
1414113	42	RESP=1
1426500	42	STIM=b
1434675	42	RESP=1
1442703	42	STIM=e
1446650	42	RESP=1
1460074	42	STIM=p
1466801	42	RESP=1
1477002	42	STIM=2
1482303	42	RESP=2
1494639	42	STIM=6
1499132	42	RESP=2
1511649	42	STIM=c
1516497	42	RESP=1
1528932	42	STIM=7
1534908	42	RESP=1
1546860	42	STIM=g
1549960	42	RESP=1
1565025	42	STIM=k
1572262	42	RESP=1
1583734	42	STIM=h
1587323	42	RESP=1
1599530	42	STIM=c
1606170	42	RESP=1
1617115	42	STIM=9
1623826	42	RESP=2
1636064	42	STIM=x
1641931	42	RESP=1
1651642	42	STIM=y
1655808	42	RESP=1
1666668	42	STIM=s
1670118	42	RESP=1
1684186	42	STIM=h
1689456	42	RESP=1
1701726	42	STIM=8
1705205	42	RESP=2
1720177	42	STIM=9
1725500	42	RESP=2
1738363	42	STIM=3
1743642	42	RESP=2
1754160	42	STIM=m
1758588	42	RESP=1
1771223	42	STIM=u
1779923	42	RESP=1
1789332	42	STIM=n
1793530	42	RESP=2
1806200	42	STIM=c
1810748	42	RESP=1
1821876	42	STIM=z
1829624	42	RESP=1
1838971	42	STIM=b
1842960	42	RESP=1
1854847	42	STIM=s
1857345	42	RESP=1
1870188	42	STIM=v
1876839	42	RESP=1
1887243	42	STIM=b
1895527	42	RESP=1
1905981	42	STIM=4
1912496	42	RESP=2
1921388	42	STIM=p
1925372	42	RESP=1
1937789	42	STIM=p
1941091	42	RESP=1
1952848	42	STIM=d
1959300	42	RESP=1
1970250	42	STIM=r
1975589	42	RESP=1
1989090	42	STIM=l
1997565	42	RESP=1
2007170	42	STIM=i
2012549	42	RESP=1
2023382	42	STIM=y
2031395	42	RESP=1
2042240	42	STIM=u
2047298	42	RESP=1
2060778	42	STIM=i
2066990	42	RESP=1
2077353	42	STIM=2
2082883	42	RESP=2
2092976	42	STIM=r
2097702	42	RESP=1
2110477	42	STIM=z
2116593	42	RESP=1
2126097	42	STIM=i
2130783	42	RESP=1
2141198	42	STIM=h
2146761	42	RESP=1
2156682	42	STIM=j
2160136	42	RESP=1
2173342	42	STIM=p
2180131	42	RESP=1
2188752	42	STIM=j
2195224	42	RESP=1
2205579	42	STIM=4
2212434	42	RESP=2
2220639	42	STIM=v
2226265	42	RESP=1
2235762	42	STIM=j
2238816	42	RESP=1
2251615	42	STIM=6
2259957	42	RESP=1
2266641	42	STIM=f
2274207	42	RESP=1
2283359	42	STIM=i
2286722	42	RESP=2
2300890	42	STIM=a
2305668	42	RESP=1
2317518	42	STIM=u
2321716	42	RESP=1
2334682	42	STIM=9
2343005	42	RESP=2
2351463	42	STIM=q
2355593	42	RESP=1
2369356	42	STIM=4
2373069	42	RESP=2
2386775	42	STIM=u
2393069	42	RESP=1
2405186	42	STIM=3
2409257	42	RESP=2
2422716	42	STIM=u
2427232	42	RESP=1
2441573	42	STIM=u
2446284	42	RESP=1
2459541	42	STIM=n
2463132	42	RESP=1
2477545	42	STIM=c
2483916	42	RESP=1
2495547	42	STIM=z
2498241	42	RESP=1
2511191	42	STIM=b
2516265	42	RESP=1
2529699	42	STIM=g
2535785	42	RESP=1
2546863	42	STIM=m
2550566	42	RESP=1
2565532	42	STIM=k
2573345	42	RESP=1
2583713	42	STIM=f
2586484	42	RESP=1
2599878	42	STIM=g
2604893	42	RESP=1
2618721	42	STIM=1
2625791	42	RESP=2
2637174	42	STIM=h
2642238	42	RESP=1
2652781	42	STIM=m
2659611	42	RESP=1
2669740	42	STIM=3
2676176	42	RESP=2
2686062	42	STIM=s
2689558	42	RESP=1
2702212	42	STIM=u
2709197	42	RESP=1
2719781	42	STIM=q
2723687	42	RESP=1
2735375	42	STIM=n
2739374	42	RESP=1
2752089	42	STIM=u
2759524	42	RESP=1
2768517	42	STIM=8
2776725	42	RESP=2
2785528	42	STIM=b
2791332	42	RESP=1
2802922	42	STIM=d
2808278	42	RESP=2
2818887	42	STIM=t
2823334	42	RESP=1
2835957	42	STIM=y
2841235	42	RESP=2
2851206	42	STIM=z
2856872	42	RESP=1
2869569	42	STIM=8
2877792	42	RESP=2
2885365	42	STIM=v
2894857	42	RESP=1
2903712	42	STIM=k
2914442	42	RESP=1
2920632	42	STIM=r
2930042	42	RESP=1
2939202	42	STIM=f
2943607	42	RESP=1
2955159	42	STIM=o
2960046	42	RESP=1
2971660	42	STIM=e
2978754	42	RESP=1
2987045	42	STIM=f
2994392	42	RESP=1
3002617	42	STIM=q
3009582	42	RESP=1
3018602	42	STIM=o
3024546	42	RESP=1
3034739	42	STIM=g
3040674	42	RESP=1
3050649	42	STIM=j
3055211	42	RESP=2
3065802	42	STIM=k
3071382	42	RESP=1
3082411	42	STIM=m
3088222	42	RESP=1
3099578	42	STIM=5
3108821	42	RESP=2
3117660	42	STIM=e
3124413	42	RESP=1
3134355	42	STIM=h
3140811	42	RESP=1
3150450	42	STIM=4
3156062	42	RESP=2
3166509	42	STIM=6
3173912	42	RESP=1
3184021	42	STIM=m
3189336	42	RESP=1
3201037	42	STIM=d
3206958	42	RESP=1
3219032	42	STIM=t
3225762	42	RESP=1
3236324	42	STIM=i
3239434	42	RESP=1
3251911	42	STIM=5
3258440	42	RESP=2
3268911	42	STIM=f
3276329	42	RESP=1
3285257	42	STIM=a
3292891	42	RESP=1
3302042	42	STIM=m
3306683	42	RESP=1
3319799	42	STIM=u
3327347	42	RESP=1
3338556	42	STIM=c
3343241	42	RESP=1
3355552	42	STIM=s
3361442	42	RESP=1
3373011	42	STIM=b
3379223	42	RESP=1
3388653	42	STIM=0
3394419	42	RESP=2
3403711	42	STIM=e
3414196	42	RESP=1
3421642	42	STIM=0
3425950	42	RESP=2
3438683	42	STIM=e
3445907	42	RESP=1
3453880	42	STIM=9
3462990	42	RESP=2
3470593	42	STIM=3
3475562	42	RESP=2
3489549	42	STIM=h
3497229	42	RESP=1
3507465	42	STIM=u
3511910	42	RESP=1
3523301	42	STIM=z
3526717	42	RESP=1
3539851	42	STIM=t
3547317	42	RESP=1
3555260	42	STIM=f
3559719	42	RESP=1
3572176	42	STIM=x
3580196	42	RESP=1
3590797	42	STIM=v
3594731	42	RESP=1
3607711	42	STIM=l
3610139	42	RESP=1
3625052	42	STIM=t
3629002	42	RESP=1
3641205	42	STIM=m
3646780	42	RESP=1
3657698	42	STIM=s
3663523	42	RESP=1
3674924	42	STIM=q
3682384	42	RESP=1
3691083	42	STIM=w
3694418	42	RESP=1
3709778	42	STIM=a
3716491	42	RESP=1
3725654	42	STIM=w
3733747	42	RESP=1
3741260	42	STIM=w
3747004	42	RESP=1
3759025	42	STIM=a
3763438	42	RESP=1
3777888	42	STIM=e
3785344	42	RESP=1
3793798	42	STIM=o
3802196	42	RESP=1
3809381	42	STIM=9
3814117	42	RESP=2
3824493	42	STIM=z
3830257	42	RESP=1
3840631	42	STIM=c
3844531	42	RESP=1
3858640	42	STIM=7
3867124	42	RESP=2
3873751	42	STIM=i
3878528	42	RESP=1
3891719	42	STIM=8
3897132	42	RESP=1
3909132	42	STIM=v
3912479	42	RESP=1
3926564	42	STIM=o
3933544	42	RESP=1
3942356	42	STIM=y
3949938	42	RESP=1
3958754	42	STIM=x
3963616	42	RESP=1
3975048	42	STIM=e
3989310	42	RESP=1
3993246	42	STIM=5
4001498	42	RESP=2
4009230	42	STIM=1
4014076	42	RESP=1
4024861	42	STIM=8
4030077	42	RESP=2
4040303	42	STIM=o
4046933	42	RESP=1
4058810	42	STIM=w
4063150	42	RESP=1
4074124	42	STIM=d
4079158	42	RESP=1
4090408	42	STIM=k
4096861	42	RESP=1
4109075	42	STIM=g
4115179	42	RESP=1
4126260	42	STIM=n
4130618	42	RESP=1
4142891	42	STIM=e
4149925	42	RESP=1
4160972	42	STIM=u
4165563	42	RESP=1
4177810	42	STIM=k
4183730	42	RESP=1
4195050	42	STIM=h
4201267	42	RESP=1
4211779	42	STIM=j
4217132	42	RESP=1
4229418	42	STIM=o
4233009	42	RESP=1
4248119	42	STIM=g
4253431	42	RESP=1
4264014	42	STIM=5
4269263	42	RESP=1
4279243	42	STIM=5
4287810	42	RESP=2
4296997	42	STIM=6
4304136	42	RESP=2
4315221	42	STIM=5
4321704	42	RESP=2
4331112	42	STIM=m
4335811	42	RESP=1
4348029	42	STIM=k
4353465	42	RESP=1
4363600	42	STIM=a
4368680	42	RESP=1
4378933	42	STIM=e
4384472	42	RESP=1
4395060	42	STIM=1
4400134	42	RESP=2
4412940	42	STIM=e
4421698	42	RESP=1
4428335	42	STIM=m
4431437	42	RESP=1
4446668	42	STIM=i
4450337	42	RESP=1
4464775	42	STIM=4
4471342	42	RESP=2
4480496	42	STIM=m
4485070	42	RESP=1
4495502	42	STIM=t
4498513	42	RESP=1
4514134	42	STIM=b
4519672	42	RESP=1
4531846	42	STIM=j
4538965	42	RESP=1
4548770	42	STIM=d
4556591	42	RESP=1
4565392	42	STIM=m
4574885	42	RESP=1
4580544	42	STIM=b
4586614	42	RESP=1
4598734	42	STIM=u
4601493	42	RESP=1
4617113	42	STIM=f
4621794	42	RESP=1
4633161	42	STIM=x
4637888	42	RESP=1
4650133	42	STIM=b
4657120	42	RESP=1
4665395	42	STIM=b
4672366	42	RESP=1
4683612	42	STIM=z
4688724	42	RESP=1
4701227	42	STIM=1
4706691	42	RESP=1
4719547	42	STIM=8
4724206	42	RESP=2
4735645	42	STIM=6
4741728	42	RESP=2
4753273	42	STIM=j
4759267	42	RESP=1
4770068	42	STIM=5
4777742	42	RESP=1
4786877	42	STIM=x
4791349	42	RESP=1
4803181	42	STIM=k
4806271	42	RESP=1
4819910	42	STIM=g
4826505	42	RESP=1
4838049	42	STIM=3
4843428	42	RESP=2
4855942	42	STIM=c
4863582	42	RESP=1
4873912	42	STIM=6
4879028	42	RESP=2
4889878	42	STIM=9
4899798	42	RESP=2
4906250	42	STIM=2
4911841	42	RESP=2
4924173	42	STIM=d
4928943	42	RESP=1
4942007	42	STIM=8
4946977	42	RESP=2
4957985	42	STIM=9
4964614	42	RESP=2
4974872	42	STIM=e
4980292	42	RESP=1
4993744	42	STIM=b
5000373	42	RESP=1
5009587	42	STIM=2
5015879	42	RESP=2
5024995	42	STIM=w
5029943	42	RESP=1
5041827	42	STIM=s
5047471	42	RESP=1
5060373	42	STIM=8
5065809	42	RESP=2
5077623	42	STIM=v
5081569	42	RESP=1
5094356	42	STIM=q
5101282	42	RESP=1
5113150	42	STIM=u
5125834	42	RESP=1
5129520	42	STIM=8
5136881	42	RESP=1
5147804	42	STIM=m
5154454	42	RESP=1
5164450	42	STIM=z
5177129	42	RESP=1
5182021	42	STIM=0
5191073	42	RESP=2
5200757	42	STIM=w
5208925	42	RESP=1
5218676	42	STIM=o
5225058	42	RESP=1
5237460	42	STIM=l
5243035	42	RESP=1
5252674	42	STIM=h
5257337	42	RESP=1
5267759	42	STIM=t
5273755	42	RESP=1
5285680	42	STIM=u
5290476	42	RESP=1
5302083	42	STIM=u
5309900	42	RESP=1
5317221	42	STIM=y
5321821	42	RESP=1
5333181	42	STIM=c
5336209	42	RESP=1
5351825	42	STIM=m
5354781	42	RESP=1
5369712	42	STIM=6
5377660	42	RESP=2
5386547	42	STIM=j
5390750	42	RESP=1
5401659	42	STIM=n
5404494	42	RESP=1
5417553	42	STIM=r
5428199	42	RESP=1
5435118	42	STIM=v
5442558	42	RESP=1
5453618	42	STIM=1
5464806	42	RESP=2
5472048	42	STIM=m
5479688	42	RESP=1
5490977	42	STIM=y
5498939	42	RESP=2
5509231	42	STIM=0
5515075	42	RESP=2
5527099	42	STIM=g
5538882	42	RESP=1
5544137	42	STIM=b
5549416	42	RESP=1
5562387	42	STIM=x
5565501	42	RESP=1
5579230	42	STIM=b
5584656	42	RESP=1
5596188	42	STIM=b
5602219	42	RESP=1
5614112	42	STIM=a
5617544	42	RESP=2
5629227	42	STIM=q
5633384	42	RESP=1
5646148	42	STIM=d
5650960	42	RESP=1
5664121	42	STIM=x
5670911	42	RESP=1
5682882	42	STIM=f
5691317	42	RESP=1
5699014	42	STIM=p
5709527	42	RESP=1
5716200	42	STIM=y
5720910	42	RESP=1
5734018	42	STIM=q
5740310	42	RESP=1
5752252	42	STIM=f
5755023	42	RESP=1
5768990	42	STIM=b
5775210	42	RESP=1
5785025	42	STIM=i
5791504	42	RESP=1
5802222	42	STIM=v
5805310	42	RESP=1
5819916	42	STIM=7
5828010	42	RESP=1
5835778	42	STIM=s
5840164	42	RESP=1
5852450	42	STIM=8
5858029	42	RESP=1
5869201	42	STIM=m
5877085	42	RESP=1
5884384	42	STIM=h
5890735	42	RESP=1
5902041	42	STIM=d
5905325	42	RESP=1
5920040	42	STIM=a
5924674	42	RESP=1
5936081	42	STIM=o
5940226	42	RESP=1
5954207	42	STIM=g
5958392	42	RESP=1
5969815	42	STIM=g
5978897	42	RESP=1
5985991	42	STIM=t
5991790	42	RESP=1
6002387	42	STIM=6
6007541	42	RESP=2
6021126	42	STIM=p
6026788	42	RESP=1
6036295	42	STIM=y
6040259	42	RESP=1
6051479	42	STIM=5
6057093	42	RESP=2
6067447	42	STIM=w
6077489	42	RESP=1
6084512	42	STIM=b
6088314	42	RESP=1
6100381	42	STIM=5
6107717	42	RESP=2
6116240	42	STIM=3
6125888	42	RESP=2
6131885	42	STIM=y
6138215	42	RESP=1
6150322	42	STIM=y
6156496	42	RESP=1
6165401	42	STIM=s
6172129	42	RESP=1
6180654	42	STIM=u
6185807	42	RESP=1
6198441	42	STIM=1
6210834	42	RESP=2
6216260	42	STIM=q
6224044	42	RESP=1
6232788	42	STIM=z
6239918	42	RESP=1
6248846	42	STIM=8
6256100	42	RESP=1
6266877	42	STIM=d
6272900	42	RESP=1
6283612	42	STIM=t
6289154	42	RESP=1
6299432	42	STIM=i
6307711	42	RESP=1
6316750	42	STIM=0
6323928	42	RESP=2
6331955	42	STIM=i
6339235	42	RESP=1
6349922	42	STIM=n
6352998	42	RESP=1
6367067	42	STIM=h
6372760	42	RESP=1
6385080	42	STIM=q
6390666	42	RESP=1
6401915	42	STIM=f
6406737	42	RESP=1
6418480	42	STIM=f
6424536	42	RESP=1
6433536	42	STIM=q
6438367	42	RESP=1
6450333	42	STIM=q
6455907	42	RESP=1
6468429	42	STIM=g
6476016	42	RESP=1
6485055	42	STIM=h
6492642	42	RESP=1
6503253	42	STIM=l
6510788	42	RESP=1
6519825	42	STIM=4
6529146	42	RESP=2
6538030	42	STIM=p
6541556	42	RESP=1
6553540	42	STIM=f
6557080	42	RESP=1
6570612	42	STIM=i
6576725	42	RESP=1
6588964	42	STIM=r
6598091	42	RESP=1
6606958	42	STIM=a
6611258	42	RESP=1
6624561	42	STIM=b
6635794	42	RESP=1
6641516	42	STIM=v
6654282	42	RESP=1
6659107	42	STIM=q
6667205	42	RESP=1
6676864	42	STIM=s
6681028	42	RESP=1
6693548	42	STIM=5
6700495	42	RESP=2
6709840	42	STIM=x
6718231	42	RESP=1
6727750	42	STIM=j
6735168	42	RESP=2
6744644	42	STIM=p
6747921	42	RESP=1
6761415	42	STIM=m
6766838	42	RESP=1
6779060	42	STIM=s
6784835	42	RESP=1
6796847	42	STIM=c
6802452	42	RESP=1
6815423	42	STIM=u
6821983	42	RESP=1
6832152	42	STIM=g
6836683	42	RESP=1
6848230	42	STIM=p
6854758	42	RESP=1
6865067	42	STIM=p
6873729	42	RESP=1
6881431	42	STIM=g
6888876	42	RESP=1
6897848	42	STIM=l
6904586	42	RESP=1
6915120	42	STIM=u
6920785	42	RESP=1
6932164	42	STIM=f
6939036	42	RESP=1
6949077	42	STIM=g
6952199	42	RESP=1
6965990	42	STIM=n
6972212	42	RESP=1
6982344	42	STIM=4
6994245	42	RESP=2
6999435	42	STIM=p
7004786	42	RESP=1
7016844	42	STIM=c
7025012	42	RESP=1
7035320	42	STIM=v
7040141	42	RESP=1
7052544	42	STIM=u
7055917	42	RESP=1
7070525	42	STIM=w
7076071	42	RESP=1
7087670	42	STIM=u
7090524	42	RESP=1
7106610	42	STIM=h
7114578	42	RESP=1
7121811	42	STIM=2
7128542	42	RESP=2
7138714	42	STIM=a
7142863	42	RESP=2
7157442	42	STIM=y
7159973	42	RESP=1
7172800	42	STIM=m
7178675	42	RESP=1
7189744	42	STIM=r
7194450	42	RESP=1
7204921	42	STIM=f
7208641	42	RESP=1
7221333	42	STIM=1
7226420	42	RESP=1
7239692	42	STIM=w
7245601	42	RESP=2
7257253	42	STIM=q
7262908	42	RESP=2
7274576	42	STIM=8
7284330	42	RESP=2
7292346	42	STIM=s
7302802	42	RESP=1
7308520	42	STIM=q
7312750	42	RESP=1
7324241	42	STIM=a
7328239	42	RESP=1
7341868	42	STIM=k
7347088	42	RESP=1
7358255	42	STIM=g
7361805	42	RESP=1
7375356	42	STIM=u
7379699	42	RESP=1
7391921	42	STIM=r
7400686	42	RESP=1
7410279	42	STIM=o
7423646	42	RESP=1
7427530	42	STIM=5
7436637	42	RESP=2
7446394	42	STIM=s
7451523	42	RESP=1
7462923	42	STIM=e
7467615	42	RESP=1
7479538	42	STIM=k
7485039	42	RESP=1
7498158	42	STIM=7
7504270	42	RESP=2
7514460	42	STIM=u
7525459	42	RESP=1
7532388	42	STIM=4
7539554	42	RESP=2
7551074	42	STIM=x
7555614	42	RESP=2
7568189	42	STIM=z
7573852	42	RESP=1
7585960	42	STIM=z
7588855	42	RESP=1
7601686	42	STIM=8
7607784	42	RESP=2
7618431	42	STIM=p
7624003	42	RESP=1
7635086	42	STIM=6
7641293	42	RESP=1
7652048	42	STIM=p
7657002	42	RESP=1
7670956	42	STIM=v
7676497	42	RESP=1
7686819	42	STIM=h
7690445	42	RESP=1
7701876	42	STIM=e
7706240	42	RESP=1
7719611	42	STIM=j
7724210	42	RESP=1
7736133	42	STIM=x
7744556	42	RESP=1
7751556	42	STIM=j
7756440	42	RESP=1
7769025	42	STIM=t
7773637	42	RESP=1
7785358	42	STIM=k
7792991	42	RESP=1
7803330	42	STIM=b
7809719	42	RESP=2
7818503	42	STIM=d
7826449	42	RESP=1
7837091	42	STIM=0
7843274	42	RESP=2
7854862	42	STIM=9
7862649	42	RESP=2
7873161	42	STIM=b
7878366	42	RESP=1
7888877	42	STIM=w
7897689	42	RESP=1
7904638	42	STIM=i
7911552	42	RESP=1
7923070	42	STIM=r
7928834	42	RESP=1
7941782	42	STIM=u
7946771	42	RESP=1
7959140	42	STIM=t
7966311	42	RESP=1
7974966	42	STIM=s
7981228	42	RESP=1
7993927	42	STIM=g
7999038	42	RESP=1
8011263	42	STIM=m
8019885	42	RESP=1
8030174	42	STIM=u
8036586	42	RESP=1
8047876	42	STIM=b
8051642	42	RESP=1
8063841	42	STIM=2
8071728	42	RESP=2
8080403	42	STIM=n
8087029	42	RESP=1
8097245	42	STIM=v
8101627	42	RESP=1
8116021	42	STIM=w
8123790	42	RESP=1
8132380	42	STIM=x
8141109	42	RESP=1
8149961	42	STIM=7
8156301	42	RESP=2
8168947	42	STIM=q
8174693	42	RESP=1
8184448	42	STIM=s
8188855	42	RESP=1
8201608	42	STIM=k
8206017	42	RESP=1
8217837	42	STIM=t
8221758	42	RESP=1
8234955	42	STIM=q
8239192	42	RESP=1
8250324	42	STIM=m
8256103	42	RESP=1
8266744	42	STIM=c
8273712	42	RESP=1
8282568	42	STIM=t
8287748	42	RESP=1
8299740	42	STIM=a
8306312	42	RESP=1
8315831	42	STIM=q
8319254	42	RESP=1
8334803	42	STIM=w
8338166	42	RESP=1
8351183	42	STIM=z
8354036	42	RESP=1
8367286	42	STIM=d
8371543	42	RESP=1
8382919	42	STIM=u
8386940	42	RESP=1
8398674	42	STIM=o
8403980	42	RESP=1
8415080	42	STIM=2
8422577	42	RESP=2
8431685	42	STIM=u
8440446	42	RESP=1
8446798	42	STIM=i
8450209	42	RESP=1
8464973	42	STIM=z
8469342	42	RESP=1
8480211	42	STIM=j
8483779	42	RESP=1
8496211	42	STIM=k
8499068	42	RESP=1
8512417	42	STIM=g
8519053	42	RESP=1
8530845	42	STIM=o
8533685	42	RESP=1
8548701	42	STIM=f
8555554	42	RESP=1
8566819	42	STIM=o
8571013	42	RESP=1
8584683	42	STIM=o
8596733	42	RESP=1
8599885	42	STIM=s
8604011	42	RESP=1
8617316	42	STIM=8
8622914	42	RESP=2
8635655	42	STIM=o
8640283	42	RESP=1
8652182	42	STIM=j
8655474	42	RESP=1
8670175	42	STIM=1
8675236	42	RESP=2
8687074	42	STIM=t
8697780	42	RESP=1
8703090	42	STIM=w
8707379	42	RESP=1
8719714	42	STIM=l
8724000	42	RESP=1
8736591	42	STIM=d
8743887	42	RESP=1
8753388	42	STIM=p
8758702	42	RESP=1
8771664	42	STIM=j
8776413	42	RESP=1
8789912	42	STIM=0
8796301	42	RESP=1
8807703	42	STIM=e
8815221	42	RESP=1
8824542	42	STIM=o
8828149	42	RESP=1
8841644	42	STIM=r
8846039	42	RESP=1
8858231	42	STIM=b
8866071	42	RESP=1
8876445	42	STIM=v
8881074	42	RESP=2
8892191	42	STIM=x
8899211	42	RESP=1
8908229	42	STIM=k
8911657	42	RESP=1
8923641	42	STIM=r
8929221	42	RESP=1
8940275	42	STIM=f
8944896	42	RESP=1
8955283	42	STIM=c
8964358	42	RESP=1
8972551	42	STIM=j
8978197	42	RESP=1
8991312	42	STIM=p
8998152	42	RESP=1
9008730	42	STIM=5
9017376	42	RESP=2
9024448	42	STIM=3
9029637	42	RESP=2
9040458	42	STIM=2
9047841	42	RESP=2
9057381	42	STIM=e
9061527	42	RESP=2
9073850	42	STIM=k
9080352	42	RESP=1
9091935	42	STIM=m
9096214	42	RESP=1
9107580	42	STIM=o
9113783	42	RESP=1
9124387	42	STIM=j
9129363	42	RESP=1
9139693	42	STIM=t
9146351	42	RESP=1
9157763	42	STIM=o
9161467	42	RESP=1
9173619	42	STIM=f
9187280	42	RESP=1
9189677	42	STIM=r
9195099	42	RESP=1
9206385	42	STIM=e
9211275	42	RESP=1
9225054	42	STIM=b
9231520	42	RESP=1
9243618	42	STIM=w
9248783	42	RESP=1
9262532	42	STIM=j
9270949	42	RESP=1
9281468	42	STIM=8
9285425	42	RESP=1
9296624	42	STIM=d
9306180	42	RESP=1
9313691	42	STIM=s
9319851	42	RESP=1
9329255	42	STIM=h
9332089	42	RESP=1
9347966	42	STIM=y
9352001	42	RESP=1
9366554	42	STIM=9
9377359	42	RESP=2
9384975	42	STIM=l
9388489	42	RESP=1
9403708	42	STIM=w
9411246	42	RESP=1
9419493	42	STIM=b
9425398	42	RESP=1
9438220	42	STIM=q
9447558	42	RESP=1
9453503	42	STIM=e
9458759	42	RESP=1
9468564	42	STIM=k
9472968	42	RESP=1
9483570	42	STIM=i
9494012	42	RESP=1
9498960	42	STIM=6
9502982	42	RESP=2
9516768	42	STIM=s
9521994	42	RESP=1
9535581	42	STIM=h
9541056	42	RESP=1
9551491	42	STIM=b
9557549	42	RESP=1
9569369	42	STIM=8
9579976	42	RESP=2
9584604	42	STIM=p
9591990	42	RESP=1
9601890	42	STIM=u
9606168	42	RESP=1
9620827	42	STIM=g
9630804	42	RESP=2
9639226	42	STIM=o
9646971	42	RESP=1
9658151	42	STIM=8
9663651	42	RESP=2
9676616	42	STIM=i
9679428	42	RESP=1
9694931	42	STIM=o
9700628	42	RESP=1
9711393	42	STIM=s
9717174	42	RESP=1
9729074	42	STIM=2
9733410	42	RESP=2
9744577	42	STIM=9
9754763	42	RESP=2
9760323	42	STIM=2
9769085	42	RESP=2
9776948	42	STIM=y
9780605	42	RESP=1
9792388	42	STIM=z
9796939	42	RESP=1
9807622	42	STIM=z
9811441	42	RESP=1
9825476	42	STIM=w
9833910	42	RESP=2
9844190	42	STIM=s
9853287	42	RESP=1
9860769	42	STIM=a
9866559	42	RESP=1
9877189	42	STIM=z
9882893	42	RESP=1
9892502	42	STIM=9
9897910	42	RESP=2
9910897	42	STIM=8
9917405	42	RESP=2
9927116	42	STIM=3
9933486	42	RESP=2
9942945	42	STIM=2
9948934	42	RESP=2
9959212	42	STIM=i
9963798	42	RESP=1
9976266	42	STIM=8
9990984	42	RESP=2
9994316	42	STIM=x
10006383	42	RESP=1
10012799	42	STIM=s
10018985	42	RESP=1
10027844	42	STIM=c
10035790	42	RESP=1
10046182	42	STIM=g
10051516	42	RESP=1
10061910	42	STIM=t
10064914	42	RESP=2
10079580	42	STIM=g
10084374	42	RESP=1
10097963	42	STIM=j
10106925	42	RESP=1
10116696	42	STIM=2
10122911	42	RESP=1
10131944	42	STIM=q
10135574	42	RESP=1
10148836	42	STIM=p
10154736	42	RESP=1
10166423	42	STIM=v
10171851	42	RESP=2
10185380	42	STIM=3
10193031	42	RESP=2
10201941	42	STIM=4
10207382	42	RESP=2
10217570	42	STIM=k
10221799	42	RESP=1
10235159	42	STIM=0
10244907	42	RESP=2
10252336	42	STIM=c
10256890	42	RESP=1
10267866	42	STIM=2
10272461	42	RESP=1
10284344	42	STIM=t
10290604	42	RESP=1
10300269	42	STIM=o
10305985	42	RESP=1
10317035	42	STIM=v
10321945	42	RESP=1
10332946	42	STIM=c
10338438	42	RESP=1
10351620	42	STIM=x
10357887	42	RESP=1
10367808	42	STIM=d
10374351	42	RESP=1
10385628	42	STIM=s
10389571	42	RESP=1
10401413	42	STIM=a
10410219	42	RESP=1
10418669	42	STIM=n
10424938	42	RESP=1
10435958	42	STIM=m
10443816	42	RESP=1
10454366	42	STIM=c
10463113	42	RESP=1
10472583	42	STIM=6
10484128	42	RESP=2
10488246	42	STIM=p
10492001	42	RESP=1
10507156	42	STIM=x
10517510	42	RESP=1
10524089	42	STIM=u
10529989	42	RESP=1
10540424	42	STIM=g
10545667	42	RESP=1
10557845	42	STIM=n
10561395	42	RESP=1
10573932	42	STIM=y
10583660	42	RESP=1
10592094	42	STIM=x
10598032	42	RESP=1
10608661	42	STIM=r
10617780	42	RESP=1
10626759	42	STIM=n
10632622	42	RESP=1
10642779	42	STIM=n
10646996	42	RESP=1
10658894	42	STIM=h
10663051	42	RESP=1
10676448	42	STIM=f
10681531	42	RESP=1
10692814	42	STIM=f
10699701	42	RESP=1
10708163	42	STIM=y
10713005	42	RESP=1
10726462	42	STIM=j
10731152	42	RESP=1
10743442	42	STIM=y
10746501	42	RESP=2
10761147	42	STIM=k
10768499	42	RESP=1
10777676	42	STIM=y
10784104	42	RESP=1
10793519	42	STIM=9
10806190	42	RESP=2
10811420	42	STIM=e
10816321	42	RESP=1
10830137	42	STIM=3
10836228	42	RESP=2
10848617	42	STIM=6
10854172	42	RESP=2
10865855	42	STIM=c
10870462	42	RESP=1
10882429	42	STIM=w
10886042	42	RESP=1
10900470	42	STIM=p
10906291	42	RESP=1
10919020	42	STIM=u
10933656	42	RESP=1
10936863	42	STIM=n
10942080	42	RESP=1
10955229	42	STIM=u
10959288	42	RESP=1
10970845	42	STIM=i
10975125	42	RESP=1
10987572	42	STIM=a
10991150	42	RESP=1
11003973	42	STIM=z
11007072	42	RESP=1
11019810	42	STIM=g
11023832	42	RESP=1
11038262	42	STIM=p
11047469	42	RESP=1
11053588	42	STIM=c
11061839	42	RESP=1
11069947	42	STIM=w
11073641	42	RESP=1
11087293	42	STIM=d
11093877	42	RESP=1
11104717	42	STIM=k
11110052	42	RESP=1
11120159	42	STIM=1
11128025	42	RESP=1
11136835	42	STIM=1
11141885	42	RESP=2
11155072	42	STIM=z
11163268	42	RESP=1
11170335	42	STIM=4
11178790	42	RESP=2
11188698	42	STIM=g
11195749	42	RESP=2
11203931	42	STIM=o
11208455	42	RESP=1
11221858	42	STIM=n
11231349	42	RESP=2
11236984	42	STIM=w
11241846	42	RESP=1
11253120	42	STIM=n
11257544	42	RESP=1
11269504	42	STIM=k
11274762	42	RESP=1
11285318	42	STIM=o
11289471	42	RESP=1
11303927	42	STIM=s
11310833	42	RESP=1
11322056	42	STIM=f
11327126	42	RESP=1
11339543	42	STIM=d
11346462	42	RESP=1
11358136	42	STIM=q
11362779	42	RESP=1
11374966	42	STIM=l
11380600	42	RESP=1
11392418	42	STIM=q
11397757	42	RESP=1
11411248	42	STIM=m
11415146	42	RESP=1
11429771	42	STIM=o
11432944	42	RESP=1
11445593	42	STIM=j
11450395	42	RESP=1
11461479	42	STIM=r
11467969	42	RESP=1
11478856	42	STIM=c
11482274	42	RESP=1
11494959	42	STIM=i
11498331	42	RESP=1
11513199	42	STIM=z
11519043	42	RESP=1
11528942	42	STIM=o
11535164	42	RESP=1
11545712	42	STIM=d
11553361	42	RESP=1
11562605	42	STIM=o
11569975	42	RESP=1
11579997	42	STIM=q
11588895	42	RESP=1
11595509	42	STIM=c
11600405	42	RESP=1
11613010	42	STIM=k
11622812	42	RESP=1
11631609	42	STIM=l
11636153	42	RESP=1
11649686	42	STIM=i
11657769	42	RESP=1
11667411	42	STIM=a
11670594	42	RESP=1
11684406	42	STIM=u
11688956	42	RESP=1
11699492	42	STIM=u
11705001	42	RESP=1
11717438	42	STIM=a
11722011	42	RESP=1
11732450	42	STIM=c
11742935	42	RESP=1
11751102	42	STIM=v
11757138	42	RESP=1
11769174	42	STIM=o
11773130	42	RESP=1
11786734	42	STIM=w
11797442	42	RESP=1
11803676	42	STIM=m
11811633	42	RESP=1
11821401	42	STIM=a
11826316	42	RESP=2
11840303	42	STIM=l
11843423	42	RESP=1
11859033	42	STIM=2
11865004	42	RESP=2
11875910	42	STIM=5
11880710	42	RESP=2
11891688	42	STIM=5
11898809	42	RESP=2
11909879	42	STIM=4
11915495	42	RESP=2
11926851	42	STIM=s
11938357	42	RESP=1
11945403	42	STIM=r
11951365	42	RESP=1
11963962	42	STIM=y
11969084	42	RESP=1
11979233	42	STIM=n
11987580	42	RESP=1
11997150	42	STIM=p
12003412	42	RESP=1
12012872	42	STIM=i
12021473	42	RESP=1
12028417	42	STIM=f
12032407	42	RESP=1
12047348	42	STIM=m
12058008	42	RESP=1
12063745	42	STIM=h
12068196	42	RESP=1
12078992	42	STIM=c
12085547	42	RESP=1
12097423	42	STIM=n
12101746	42	RESP=1
12112737	42	STIM=4
12122672	42	RESP=2
12129510	42	STIM=0
12135329	42	RESP=2
12148267	42	STIM=8
12154721	42	RESP=2
12167165	42	STIM=h
12171563	42	RESP=1
12182652	42	STIM=e
12187340	42	RESP=1
12199010	42	STIM=v
12203203	42	RESP=1
12216237	42	STIM=j
12221174	42	RESP=1
12233039	42	STIM=7
12241432	42	RESP=2
12251315	42	STIM=x
12255299	42	RESP=1
12268806	42	STIM=7
12274318	42	RESP=2
12287156	42	STIM=m
12291216	42	RESP=1
12304764	42	STIM=z
12308579	42	RESP=1
12320917	42	STIM=z
12325711	42	RESP=1
12338649	42	STIM=z
12341379	42	RESP=1
12355059	42	STIM=0
12361553	42	RESP=2
12373946	42	STIM=u
12377875	42	RESP=1
12391189	42	STIM=h
12394498	42	RESP=1
12409812	42	STIM=4
12414942	42	RESP=2
12428114	42	STIM=e
12433620	42	RESP=1
12446527	42	STIM=3
12453753	42	RESP=2
12463504	42	STIM=i
12470807	42	RESP=1
12480632	42	STIM=d
12484752	42	RESP=1
12498516	42	STIM=t
12506052	42	RESP=1
12516027	42	STIM=l
12520120	42	RESP=1
12534802	42	STIM=4
12540894	42	RESP=2
12549934	42	STIM=b
12553865	42	RESP=1
12565102	42	STIM=s
12573565	42	RESP=1
12581760	42	STIM=7
12589315	42	RESP=2
12600056	42	STIM=j
12604758	42	RESP=1
12618463	42	STIM=5
12626573	42	RESP=2
12635745	42	STIM=z
12641170	42	RESP=1
12651971	42	STIM=o
12659658	42	RESP=1
12667940	42	STIM=f
12672787	42	RESP=1
12683532	42	STIM=y
12687581	42	RESP=1
12701245	42	STIM=b
12705058	42	RESP=1
12718377	42	STIM=k
12723974	42	RESP=1
12735377	42	STIM=k
12740193	42	RESP=1
12753467	42	STIM=2
12759841	42	RESP=2
12771833	42	STIM=4
12781159	42	RESP=1
12788014	42	STIM=m
12794192	42	RESP=1
12806697	42	STIM=a
12812641	42	RESP=1
12823848	42	STIM=2
12830688	42	RESP=1
12839016	42	STIM=b
12843763	42	RESP=1
12855249	42	STIM=x
12859092	42	RESP=1
12873279	42	STIM=3
12878856	42	RESP=2
12891326	42	STIM=l
12897462	42	RESP=1
12908812	42	STIM=w
12912065	42	RESP=1
12925911	42	STIM=f
12929848	42	RESP=1
12942480	42	STIM=y
12946930	42	RESP=1
12960758	42	STIM=f
12964634	42	RESP=1
12976728	42	STIM=s
12982954	42	RESP=1
12994531	42	STIM=q
12998520	42	RESP=1
13013308	42	STIM=f
13018738	42	RESP=1
13028429	42	STIM=o
13033231	42	RESP=2
13046375	42	STIM=0
13053616	42	RESP=2
13065263	42	STIM=7
13070128	42	RESP=2
13082985	42	STIM=i
13088752	42	RESP=1
13099556	42	STIM=8
13111988	42	RESP=2
13116502	42	STIM=9
13121771	42	RESP=2
13134960	42	STIM=e
13140050	42	RESP=1
13153026	42	STIM=i
13158884	42	RESP=1
13170173	42	STIM=z
13175921	42	RESP=1
13185587	42	STIM=c
13191409	42	RESP=1
13201642	42	STIM=n
13208906	42	RESP=1
13220365	42	STIM=t
13224153	42	RESP=1
13238641	42	STIM=k
13244636	42	RESP=1
13255024	42	STIM=4
13261685	42	RESP=2
13272110	42	STIM=g
13280133	42	RESP=1
13287223	42	STIM=a
13294638	42	RESP=1
13302915	42	STIM=f
13308389	42	RESP=1
13320613	42	STIM=0
13327656	42	RESP=2
13339301	42	STIM=u
13342632	42	RESP=1
13356930	42	STIM=c
13361324	42	RESP=1
13373478	42	STIM=z
13379494	42	RESP=1
13390957	42	STIM=m
13394192	42	RESP=1
13406403	42	STIM=y
13413351	42	RESP=1
13422226	42	STIM=5
13426942	42	RESP=2
13437759	42	STIM=d
13441736	42	RESP=1
13455936	42	STIM=r
13461411	42	RESP=1
13472751	42	STIM=c
13476338	42	RESP=2
13490223	42	STIM=b
13497463	42	RESP=2
13506194	42	STIM=y
13511582	42	RESP=1
13522688	42	STIM=f
13527846	42	RESP=1
13541121	42	STIM=v
13547466	42	RESP=1
13557481	42	STIM=7
13564420	42	RESP=2
13574731	42	STIM=a
13579870	42	RESP=1
13590133	42	STIM=e
13593910	42	RESP=1
13607568	42	STIM=a
13613816	42	RESP=1
13624088	42	STIM=7
13630737	42	RESP=2
13640725	42	STIM=e
13646087	42	RESP=1
13656838	42	STIM=i
13662209	42	RESP=1
13673216	42	STIM=e
13677005	42	RESP=2
13691589	42	STIM=g
13697787	42	RESP=1
13707756	42	STIM=j
13714943	42	RESP=1
13722992	42	STIM=c
13726285	42	RESP=1
13740561	42	STIM=3
13747252	42	RESP=2
13756951	42	STIM=s
13762350	42	RESP=1
13772286	42	STIM=p
13777955	42	RESP=2
13791279	42	STIM=3
13798016	42	RESP=2
13808639	42	STIM=q
13814845	42	RESP=1
13824277	42	STIM=h
13834273	42	RESP=1
13841538	42	STIM=0
13850405	42	RESP=2
13860117	42	STIM=d
13866695	42	RESP=1
13875660	42	STIM=h
13880421	42	RESP=1
13893338	42	STIM=g
13898162	42	RESP=1
13909830	42	STIM=j
13912978	42	RESP=1
13926553	42	STIM=b
13930690	42	RESP=1
13942333	42	STIM=m
13953576	42	RESP=1
13960267	42	STIM=x
13971524	42	RESP=1
13976946	42	STIM=b
13981357	42	RESP=1
13993291	42	STIM=n
14000283	42	RESP=1
14008673	42	STIM=k
14015567	42	RESP=2
14027563	42	STIM=k
14033126	42	RESP=1
14042887	42	STIM=3
14048916	42	RESP=2
14061528	42	STIM=p
14065294	42	RESP=1
14079191	42	STIM=m
14085773	42	RESP=1
14095443	42	STIM=x
14100737	42	RESP=1
14112034	42	STIM=s
14117019	42	RESP=1
14128258	42	STIM=h
14133251	42	RESP=1
14143710	42	STIM=y
14148918	42	RESP=1
14161593	42	STIM=4
14169489	42	RESP=2
14176607	42	STIM=k
14183492	42	RESP=1
14192575	42	STIM=o
14197377	42	RESP=1
14208505	42	STIM=u
14213799	42	RESP=1
14224026	42	STIM=f
14231073	42	RESP=1
14239629	42	STIM=l
14244148	42	RESP=1
14257862	42	STIM=q
14267519	42	RESP=1
14275776	42	STIM=i
14279878	42	RESP=1
14293440	42	STIM=n
14297056	42	RESP=1
14311607	42	STIM=o
14317640	42	RESP=1
14327645	42	STIM=y
14331258	42	RESP=1
14343316	42	STIM=j
14346531	42	RESP=1
14359955	42	STIM=i
14365940	42	RESP=1
14377011	42	STIM=w
14380977	42	RESP=1
14393789	42	STIM=q
14398482	42	RESP=1
14412258	42	STIM=w
14416216	42	RESP=1
14428546	42	STIM=b
14431738	42	RESP=1
14445707	42	STIM=d
14451115	42	RESP=1
14461581	42	STIM=3
14468437	42	RESP=2
14480265	42	STIM=e
14486923	42	RESP=1
14496602	42	STIM=i
14506049	42	RESP=1
14515099	42	STIM=j
14521347	42	RESP=1
14532899	42	STIM=z
14536839	42	RESP=2
14549884	42	STIM=b
14554200	42	RESP=1
14567226	42	STIM=o
14574374	42	RESP=1
14583932	42	STIM=e
14589088	42	RESP=1
14601216	42	STIM=8
14607076	42	RESP=2
14618818	42	STIM=w
14623334	42	RESP=1
14637612	42	STIM=p
14646449	42	RESP=1
14655570	42	STIM=h
14662638	42	RESP=1
14672727	42	STIM=p
14676375	42	RESP=1
14690187	42	STIM=a
14694625	42	RESP=1
14705483	42	STIM=0
14710478	42	RESP=2
14722629	42	STIM=q
14728953	42	RESP=1
14737887	42	STIM=8
14742307	42	RESP=2
14753360	42	STIM=x
14757308	42	RESP=1
14770387	42	STIM=6
14777576	42	RESP=2
14785640	42	STIM=l
14789823	42	RESP=1
14804028	42	STIM=q
14810927	42	RESP=1
14819141	42	STIM=i
14823573	42	RESP=1
14836006	42	STIM=r
14847199	42	RESP=1
14852946	42	STIM=y
14858785	42	RESP=1
14868881	42	STIM=g
14871703	42	RESP=1
14884078	42	STIM=y
14889670	42	RESP=1
14899262	42	STIM=o
14903950	42	RESP=1
14917354	42	STIM=t
14928040	42	RESP=1
14933238	42	STIM=z
14936921	42	RESP=1
14948598	42	STIM=b
14952248	42	RESP=1
14967272	42	STIM=c
14973472	42	RESP=1
14982653	42	STIM=6
14990363	42	RESP=2
14999800	42	STIM=n
15003552	42	RESP=1
15018164	42	STIM=e
15025504	42	RESP=2
15034108	42	STIM=u
15040099	42	RESP=1
15051358	42	STIM=s
15054721	42	RESP=1
15068546	42	STIM=4
15077658	42	RESP=2
15085352	42	STIM=q
15093881	42	RESP=1
15102174	42	STIM=l
15110650	42	RESP=2
15120979	42	STIM=d
15129971	42	RESP=1
15137164	42	STIM=s
15143513	42	RESP=1
15153388	42	STIM=d
15159799	42	RESP=1
15171469	42	STIM=p
15183736	42	RESP=1
15190165	42	STIM=i
15195271	42	RESP=1
15206223	42	STIM=x
15211628	42	RESP=1
15222374	42	STIM=1
15227413	42	RESP=2
15240119	42	STIM=w
15243147	42	RESP=1
15256458	42	STIM=4
15263391	42	RESP=2
15274087	42	STIM=2
15280623	42	RESP=1
15292309	42	STIM=v
15301606	42	RESP=1
15310358	42	STIM=g
15317655	42	RESP=1
15327869	42	STIM=v
15333948	42	RESP=1
15346056	42	STIM=d
15350271	42	RESP=1
15363357	42	STIM=a
15371747	42	RESP=1
15378400	42	STIM=d
15390411	42	RESP=1
15396133	42	STIM=8
15403383	42	RESP=2
15415023	42	STIM=9
15419901	42	RESP=1
15433617	42	STIM=a
15441484	42	RESP=1
15449207	42	STIM=e
15455492	42	RESP=1
15468099	42	STIM=e
15471965	42	RESP=1
15486524	42	STIM=a
15491493	42	RESP=2
15505082	42	STIM=6
15509815	42	RESP=2
15522270	42	STIM=8
15528837	42	RESP=2
15538302	42	STIM=8
15547252	42	RESP=2
15557266	42	STIM=6
15562188	42	RESP=1
15573761	42	STIM=v
15582826	42	RESP=1
15592607	42	STIM=4
15597459	42	RESP=2
15608784	42	STIM=f
15611988	42	RESP=1
15625447	42	STIM=s
15631087	42	RESP=1
15642912	42	STIM=g
15649617	42	RESP=1
15659420	42	STIM=g
15669026	42	RESP=1
15677902	42	STIM=y
15683304	42	RESP=1
15693754	42	STIM=6
15699102	42	RESP=2
15710571	42	STIM=d
15716025	42	RESP=1
15728140	42	STIM=j
15731418	42	RESP=1
15745973	42	STIM=2
15755709	42	RESP=2
15764533	42	STIM=9
15771320	42	RESP=1
15780378	42	STIM=o
15786112	42	RESP=1
15797346	42	STIM=c
15801760	42	RESP=1
15816063	42	STIM=7
15820822	42	RESP=2
15834746	42	STIM=8
15844189	42	RESP=2
15853478	42	STIM=7
15857590	42	RESP=2
15870889	42	STIM=u
15876693	42	RESP=1
15888693	42	STIM=n
15895331	42	RESP=1
15907295	42	STIM=g
15913059	42	RESP=1
15925346	42	STIM=f
15931592	42	RESP=1
15943267	42	STIM=n
15947783	42	RESP=1
15961407	42	STIM=1
15968059	42	RESP=2
15976917	42	STIM=l
15982156	42	RESP=1
15992868	42	STIM=l
15997626	42	RESP=1
16010597	42	STIM=j
16014534	42	RESP=1
16027260	42	STIM=9
16042356	42	RESP=1
16046187	42	STIM=f
16052359	42	RESP=1
16062235	42	STIM=7
16067323	42	RESP=2
16079517	42	STIM=m
16082502	42	RESP=1
16098232	42	STIM=j
16103716	42	RESP=1
16113382	42	STIM=j
16119663	42	RESP=1
16131656	42	STIM=z
16134774	42	RESP=1
16147859	42	STIM=p
16157007	42	RESP=1
16163249	42	STIM=x
16166790	42	RESP=2
16181384	42	STIM=v
16185303	42	RESP=1
16197458	42	STIM=o
16204000	42	RESP=1
16216019	42	STIM=j
16221352	42	RESP=1
16231364	42	STIM=b
16237411	42	RESP=1
16249554	42	STIM=m
16254595	42	RESP=1
16265442	42	STIM=6
16271131	42	RESP=1
16281815	42	STIM=z
16287217	42	RESP=1
16299193	42	STIM=l
16307512	42	RESP=1
16317518	42	STIM=q
16324021	42	RESP=1
16334353	42	STIM=v
16342430	42	RESP=1
16351473	42	STIM=g
16363022	42	RESP=1
16368550	42	STIM=h
16374974	42	RESP=1
16386599	42	STIM=n
16390058	42	RESP=1
16402343	42	STIM=8
16406605	42	RESP=2
16420974	42	STIM=i
16424392	42	RESP=1
16437443	42	STIM=t
16443045	42	RESP=2
16455412	42	STIM=5
16460500	42	RESP=2
16471956	42	STIM=e
16475843	42	RESP=1
16490347	42	STIM=4
16498530	42	RESP=2
16508936	42	STIM=s
16513731	42	RESP=1
16527856	42	STIM=l
16536900	42	RESP=1
16543320	42	STIM=z
16547367	42	RESP=1
16560620	42	STIM=q
16566995	42	RESP=1
16576324	42	STIM=w
16579741	42	RESP=1
16593417	42	STIM=7
16599064	42	RESP=2
16608730	42	STIM=o
16615655	42	RESP=1
16626480	42	STIM=d
16631726	42	RESP=1
16644258	42	STIM=r
16647433	42	RESP=1
16662901	42	STIM=i
16668967	42	RESP=1
16679291	42	STIM=u
16684427	42	RESP=1
16696333	42	STIM=j
16702896	42	RESP=1
16712293	42	STIM=x
16715497	42	RESP=1
16728823	42	STIM=j
16735682	42	RESP=1
16747325	42	STIM=1
16756510	42	RESP=2
16765920	42	STIM=f
16772084	42	RESP=1
16784657	42	STIM=q
16792150	42	RESP=1
16800630	42	STIM=s
16805158	42	RESP=1
16816655	42	STIM=k
16822444	42	RESP=2
16835329	42	STIM=m
16838432	42	RESP=1
16851830	42	STIM=i
16857039	42	RESP=1
16869989	42	STIM=e
16878115	42	RESP=1
16888030	42	STIM=2
16893699	42	RESP=2
16907016	42	STIM=d
16913785	42	RESP=1
16923723	42	STIM=5
16929060	42	RESP=1
16942238	42	STIM=z
16946928	42	RESP=1
16961106	42	STIM=i
16966808	42	RESP=1
16979404	42	STIM=0
16987139	42	RESP=2
16994467	42	STIM=j
17000336	42	RESP=1
17009661	42	STIM=g
17015990	42	RESP=1
17024873	42	STIM=8
17030387	42	RESP=2
17043318	42	STIM=u
17048330	42	RESP=1
17058449	42	STIM=h
17061990	42	RESP=1
17076467	42	STIM=2
17082736	42	RESP=1
17095215	42	STIM=2
17107467	42	RESP=2
17111513	42	STIM=i
17118300	42	RESP=1
17127045	42	STIM=f
17133551	42	RESP=1
17145366	42	STIM=m
17152718	42	RESP=1
17163725	42	STIM=c
17173432	42	RESP=1
17181397	42	STIM=i
17186002	42	RESP=1
17198574	42	STIM=n
17202173	42	RESP=1
17214000	42	STIM=z
17220482	42	RESP=1
17229690	42	STIM=h
17240734	42	RESP=1
17248065	42	STIM=h
17251273	42	RESP=1
17266360	42	STIM=y
17272463	42	RESP=1
17283629	42	STIM=r
17286052	42	RESP=1
17299171	42	STIM=b
17306454	42	RESP=1
17315342	42	STIM=f
17323830	42	RESP=1
17332130	42	STIM=v
17340005	42	RESP=1
17350453	42	STIM=r
17354654	42	RESP=1
17365802	42	STIM=8
17374025	42	RESP=2
17384179	42	STIM=h
17387167	42	RESP=1
17401574	42	STIM=1
17406435	42	RESP=2
17420424	42	STIM=e
17425104	42	RESP=1
17438164	42	STIM=x
17442465	42	RESP=1
17455656	42	STIM=o
17459728	42	RESP=1
17470868	42	STIM=0
17474945	42	RESP=2
17488602	42	STIM=6
17493504	42	RESP=1
17505780	42	STIM=n
17510000	42	RESP=1
17522344	42	STIM=k
17530979	42	RESP=1
17537821	42	STIM=2
17543417	42	RESP=2
17553171	42	STIM=k
17558689	42	RESP=1
17569657	42	STIM=3
17577514	42	RESP=2
17587268	42	STIM=p
17591955	42	RESP=1
17603227	42	STIM=r
17615453	42	RESP=1
17619227	42	STIM=s
17624502	42	RESP=1
17635872	42	STIM=v
17645200	42	RESP=1
17654864	42	STIM=w
17663518	42	RESP=1
17671165	42	STIM=x
17675599	42	RESP=1
17688259	42	STIM=j
17695342	42	RESP=1
17704366	42	STIM=j
17709564	42	RESP=1
17720511	42	STIM=e
17724898	42	RESP=1
17736756	42	STIM=n
17739820	42	RESP=1
17752834	42	STIM=f
17758215	42	RESP=2
17769927	42	STIM=q
17774698	42	RESP=1
17786548	42	STIM=j
17790824	42	RESP=1
17801777	42	STIM=1
17812591	42	RESP=2
17818581	42	STIM=1
17823884	42	RESP=2
17835238	42	STIM=z
17844961	42	RESP=1
17850248	42	STIM=9
17855087	42	RESP=2
17868408	42	STIM=c
17875215	42	RESP=1
17884763	42	STIM=c
17889008	42	RESP=1
17903431	42	STIM=g
17909156	42	RESP=1
17919093	42	STIM=q
17926237	42	RESP=1
17935520	42	STIM=f
17941146	42	RESP=1
17950546	42	STIM=b
17954925	42	RESP=1
17967864	42	STIM=9
17972343	42	RESP=2
17984645	42	STIM=w
17988626	42	RESP=2
18001416	42	STIM=t
18010991	42	RESP=1
18018064	42	STIM=j
18024929	42	RESP=1
18034500	42	STIM=w
18040488	42	RESP=1
18049639	42	STIM=b
18054352	42	RESP=1
18067021	42	STIM=p
18071015	42	RESP=1
18083148	42	STIM=i
18088178	42	RESP=1
18099591	42	STIM=r
18105950	42	RESP=1
18117259	42	STIM=g
18122689	42	RESP=1
18133652	42	STIM=9
18141607	42	RESP=2
18152626	42	STIM=m
18158111	42	RESP=1
18171574	42	STIM=1
18178803	42	RESP=2
18188619	42	STIM=h
18192597	42	RESP=1
18206180	42	STIM=2
18216421	42	RESP=2
18224914	42	STIM=f
18235315	42	RESP=1
18242254	42	STIM=j
18247619	42	RESP=1
18257515	42	STIM=l
18264069	42	RESP=1
18272774	42	STIM=w
18279046	42	RESP=1
18289449	42	STIM=x
18298500	42	RESP=1
18307842	42	STIM=c
18313762	42	RESP=1
18325630	42	STIM=u
18330751	42	RESP=1
18341560	42	STIM=i
18350182	42	RESP=1
18360449	42	STIM=c
18366012	42	RESP=1
18375548	42	STIM=z
18380033	42	RESP=1
18392784	42	STIM=d
18398304	42	RESP=1
18408354	42	STIM=w
18416847	42	RESP=1
18427317	42	STIM=u
18436274	42	RESP=1
18443701	42	STIM=a
18448869	42	RESP=1
18462156	42	STIM=b
18466049	42	RESP=1
18478099	42	STIM=l
18481525	42	RESP=1
18496644	42	STIM=n
18500321	42	RESP=1
18514470	42	STIM=9
18526676	42	RESP=2
18529853	42	STIM=t
18533652	42	RESP=1
18546479	42	STIM=w
18551150	42	RESP=1
18564740	42	STIM=c
18569005	42	RESP=1
18582361	42	STIM=o
18587099	42	RESP=1
18597952	42	STIM=d
18605725	42	RESP=1
18613053	42	STIM=5
18619246	42	RESP=2
18630676	42	STIM=5
18635817	42	RESP=2
18649187	42	STIM=y
18655106	42	RESP=1
18667871	42	STIM=z
18672282	42	RESP=1
18684007	42	STIM=b
18690128	42	RESP=1
18702161	42	STIM=z
18714607	42	RESP=1
18718066	42	STIM=3
18723047	42	RESP=1
18735174	42	STIM=v
18740029	42	RESP=1
18751815	42	STIM=d
18755553	42	RESP=1
18769191	42	STIM=1
18775255	42	RESP=2
18784602	42	STIM=m
18787837	42	RESP=1
18799757	42	STIM=s
18808935	42	RESP=1
18818297	42	STIM=j
18823615	42	RESP=1
18836416	42	STIM=5
18849103	42	RESP=2
18854154	42	STIM=q
18859267	42	RESP=1
18871207	42	STIM=r
18880355	42	RESP=1
18888394	42	STIM=x
18892930	42	RESP=1
18906198	42	STIM=p
18910642	42	RESP=1
18922996	42	STIM=8
18927789	42	RESP=2
18941094	42	STIM=y
18948248	42	RESP=1
18957890	42	STIM=a
18962419	42	RESP=1
18976070	42	STIM=j
18982690	42	RESP=1
18992916	42	STIM=5
19000941	42	RESP=2
19011063	42	STIM=z
19019410	42	RESP=1
19028774	42	STIM=3
19038912	42	RESP=2
19047097	42	STIM=g
19059706	42	RESP=1
19065437	42	STIM=j
19073740	42	RESP=1
19081194	42	STIM=m
19083945	42	RESP=1
19097316	42	STIM=v
19103791	42	RESP=1
19113009	42	STIM=y
19121602	42	RESP=1
19130402	42	STIM=1
19134823	42	RESP=2
19149162	42	STIM=x
19154655	42	RESP=1
19166952	42	STIM=u
19172772	42	RESP=1
19182300	42	STIM=x
19189393	42	RESP=1
19201216	42	STIM=8
19211961	42	RESP=2
19217291	42	STIM=0
19223484	42	RESP=2
19235685	42	STIM=e
19241243	42	RESP=1
19251423	42	STIM=z
19256585	42	RESP=1
19266714	42	STIM=6
19274102	42	RESP=2
19283145	42	STIM=9
19290867	42	RESP=1
19298441	42	STIM=k
19302735	42	RESP=1
19317091	42	STIM=f
19321651	42	RESP=1
19334905	42	STIM=n
19341899	42	RESP=1
19351393	42	STIM=9
19356054	42	RESP=2
19370157	42	STIM=n
19378361	42	RESP=1
19387375	42	STIM=s
19393089	42	RESP=1
19403243	42	STIM=h
19408755	42	RESP=1
19419431	42	STIM=1
19424063	42	RESP=2
19437616	42	STIM=v
19443434	42	RESP=1
19454982	42	STIM=q
19465042	42	RESP=2
19470941	42	STIM=o
19476092	42	RESP=2
19488133	42	STIM=m
19493222	42	RESP=1
19503239	42	STIM=y
19511290	42	RESP=1
19520168	42	STIM=z
19531609	42	RESP=1
19535601	42	STIM=1
19543094	42	RESP=1
19552350	42	STIM=s
19559178	42	RESP=1
19567859	42	STIM=t
19573825	42	RESP=1
19586803	42	STIM=m
19591554	42	RESP=1
19603356	42	STIM=d
19606931	42	RESP=1
19619948	42	STIM=q
19628353	42	RESP=1
19635766	42	STIM=z
19641026	42	RESP=1
19653580	42	STIM=w
19659594	42	RESP=1
19668896	42	STIM=m
19677568	42	RESP=1
19683923	42	STIM=u
19691191	42	RESP=2
19702551	42	STIM=6
19708040	42	RESP=2
19718042	42	STIM=l
19729781	42	RESP=1
19735096	42	STIM=l
19747119	42	RESP=1
19753547	42	STIM=v
19757235	42	RESP=1
19769726	42	STIM=z
19779422	42	RESP=1
19784954	42	STIM=e
19791351	42	RESP=1
19801285	42	STIM=1
19809372	42	RESP=2
19816752	42	STIM=b
19821477	42	RESP=1
19832787	42	STIM=6
19842177	42	RESP=2
19848646	42	STIM=3
19854374	42	RESP=2
19866593	42	STIM=2
19874902	42	RESP=2
19884778	42	STIM=3
19888856	42	RESP=2
19901647	42	STIM=j
19905405	42	RESP=1
19917774	42	STIM=s
19924225	42	RESP=1
19933496	42	STIM=x
19937258	42	RESP=1
19949477	42	STIM=a
19951787	42	RESP=1
19967964	42	STIM=2
19976110	42	RESP=2
19986837	42	STIM=l
19993054	42	RESP=1
20003560	42	STIM=v
20006569	42	RESP=1
20018957	42	STIM=8
20025409	42	RESP=2
20035705	42	STIM=8
20041003	42	RESP=2
20052100	42	STIM=q
20058298	42	RESP=1
20069660	42	STIM=c
20072874	42	RESP=1
20086934	42	STIM=5
20095020	42	RESP=2
20102106	42	STIM=9
20107632	42	RESP=2
20117926	42	STIM=g
20123592	42	RESP=1
20134456	42	STIM=r
20139481	42	RESP=1
20149990	42	STIM=i
20154117	42	RESP=1
20167123	42	STIM=d
20171768	42	RESP=1
20182164	42	STIM=2
20191445	42	RESP=2
20199585	42	STIM=6
20205208	42	RESP=1
20217455	42	STIM=q
20222970	42	RESP=1
20232819	42	STIM=x
20244780	42	RESP=1
20250921	42	STIM=r
20254607	42	RESP=1
20268070	42	STIM=r
20276227	42	RESP=1
20284664	42	STIM=m
20289841	42	RESP=1
20302306	42	STIM=k
20306696	42	RESP=1
20318888	42	STIM=o
20324550	42	RESP=1
20333919	42	STIM=v
20337839	42	RESP=1
20349107	42	STIM=l
20354216	42	RESP=1
20364804	42	STIM=l
20368419	42	RESP=1
20381847	42	STIM=e
20386891	42	RESP=1
20398477	42	STIM=c
20405055	42	RESP=1
20414674	42	STIM=a
20422237	42	RESP=1
20430206	42	STIM=h
20435539	42	RESP=1
20448438	42	STIM=2
20452700	42	RESP=2
20466287	42	STIM=s
20471188	42	RESP=1
20483192	42	STIM=2
20488723	42	RESP=2
20501871	42	STIM=v
20509485	42	RESP=1
20518166	42	STIM=i
20527085	42	RESP=1
20536513	42	STIM=m
20541910	42	RESP=1
20552886	42	STIM=z
20557944	42	RESP=1
20568964	42	STIM=v
20576783	42	RESP=1
20587059	42	STIM=t
20592131	42	RESP=1
20604074	42	STIM=4
20610781	42	RESP=2
20619081	42	STIM=w
20626082	42	RESP=1
20636002	42	STIM=w
20639149	42	RESP=1
20651297	42	STIM=d
20656604	42	RESP=1
20668725	42	STIM=y
20676862	42	RESP=1
20684830	42	STIM=t
20691746	42	RESP=1
20703679	42	STIM=k
20707953	42	RESP=1
20720128	42	STIM=u
20726836	42	RESP=1
20735925	42	STIM=f
20739802	42	RESP=1
20752603	42	STIM=6
20761167	42	RESP=2
20768527	42	STIM=l
20776405	42	RESP=2
20787374	42	STIM=0
20792218	42	RESP=2
20805900	42	STIM=x
20812600	42	RESP=1
20822735	42	STIM=v
20828278	42	RESP=1
20839315	42	STIM=r
20841780	42	RESP=1
20855954	42	STIM=w
20862662	42	RESP=1
20874312	42	STIM=e
20877957	42	RESP=1
20890403	42	STIM=1
20896141	42	RESP=1
20908642	42	STIM=2
20914134	42	RESP=2
20924183	42	STIM=b
20929857	42	RESP=1
20941558	42	STIM=c
20946165	42	RESP=1
20958659	42	STIM=n
20965596	42	RESP=1
20973872	42	STIM=h
20980763	42	RESP=1
20990089	42	STIM=3
20999665	42	RESP=1
21007404	42	STIM=m
21016316	42	RESP=1
21023551	42	STIM=0
21032247	42	RESP=2
21041291	42	STIM=2
21046968	42	RESP=2
21059433	42	STIM=j
21066143	42	RESP=1
21076637	42	STIM=8
21081633	42	RESP=2
21093046	42	STIM=5
21099572	42	RESP=2
21109769	42	STIM=w
21114448	42	RESP=2
21126536	42	STIM=f
21133674	42	RESP=1
21144871	42	STIM=f
21149527	42	RESP=1
21162980	42	STIM=a
21171022	42	RESP=1
21180645	42	STIM=e
21184707	42	RESP=1
21199367	42	STIM=9
21206559	42	RESP=2
21216476	42	STIM=h
21223985	42	RESP=1
21232368	42	STIM=j
21239725	42	RESP=1
21248091	42	STIM=c
21255098	42	RESP=1
21266608	42	STIM=z
21270977	42	RESP=1
21284735	42	STIM=y
21288634	42	RESP=1
21303377	42	STIM=4
21310033	42	RESP=2
21318638	42	STIM=z
21325859	42	RESP=1
21337257	42	STIM=f
21343389	42	RESP=1
21353192	42	STIM=y
21357594	42	RESP=2
21368439	42	STIM=i
21373950	42	RESP=1
21383990	42	STIM=s
21388491	42	RESP=1
21402224	42	STIM=s
21406313	42	RESP=1
21419044	42	STIM=w
21423824	42	RESP=1
21436349	42	STIM=3
21443808	42	RESP=2
21453648	42	STIM=z
21457627	42	RESP=1
21472380	42	STIM=y
21477467	42	RESP=1
21490293	42	STIM=k
21495827	42	RESP=1
21506620	42	STIM=l
21511441	42	RESP=1
21522494	42	STIM=o
21527894	42	RESP=1
21539557	42	STIM=x
21543283	42	RESP=1
21557612	42	STIM=g
21562391	42	RESP=1
21574576	42	STIM=w
21578175	42	RESP=1
21591542	42	STIM=3
21596527	42	RESP=2
21610203	42	STIM=k
21612805	42	RESP=1
21629150	42	STIM=0
21634033	42	RESP=2
21644290	42	STIM=p
21652033	42	RESP=1
21659935	42	STIM=k
21663389	42	RESP=1
21675015	42	STIM=5
21679919	42	RESP=2
21690970	42	STIM=b
21693932	42	RESP=1
21707751	42	STIM=c
21710449	42	RESP=1
21723536	42	STIM=b
21728755	42	RESP=1
21741038	42	STIM=r
21744723	42	RESP=1
21757475	42	STIM=t
21761007	42	RESP=1
21774042	42	STIM=p
21781040	42	RESP=1
