# Original filename: 0038_NHL_2017-06-11.log
# Time unit: 100 us
# RARECAT=digit
#
# Time	HHGG	Event
38149	42	STIM=j
42363	42	RESP=1
53343	42	STIM=2
60740	42	RESP=2
70598	42	STIM=j
75697	42	RESP=1
89038	42	STIM=9
96111	42	RESP=2
107500	42	STIM=7
115014	42	RESP=2
126082	42	STIM=m
129830	42	RESP=1
141774	42	STIM=o
148188	42	RESP=1
157669	42	STIM=p
163696	42	RESP=2
174127	42	STIM=x
180474	42	RESP=1
192679	42	STIM=l
197859	42	RESP=1
209554	42	STIM=v
214909	42	RESP=1
226893	42	STIM=p
230043	42	RESP=1
243789	42	STIM=4
249493	42	RESP=2
261909	42	STIM=p
267610	42	RESP=1
277082	42	STIM=3
281312	42	RESP=2
293129	42	STIM=4
299616	42	RESP=1
310431	42	STIM=r
321893	42	RESP=1
325979	42	STIM=e
336762	42	RESP=1
343853	42	STIM=m
349605	42	RESP=1
361347	42	STIM=l
366305	42	RESP=1
379032	42	STIM=t
387299	42	RESP=1
396970	42	STIM=n
408468	42	RESP=1
413853	42	STIM=h
418353	42	RESP=1
429704	42	STIM=o
435004	42	RESP=1
448015	42	STIM=o
466048	42	RESP=1
466943	42	STIM=o
478940	42	RESP=2
485277	42	STIM=1
494161	42	RESP=2
503082	42	STIM=r
510466	42	RESP=1
520907	42	STIM=n
527610	42	RESP=1
538296	42	STIM=5
543678	42	RESP=2
555202	42	STIM=i
560347	42	RESP=1
571732	42	STIM=y
577031	42	RESP=1
590675	42	STIM=q
604158	42	RESP=1
608939	42	STIM=k
613349	42	RESP=1
627775	42	STIM=0
631532	42	RESP=2
646636	42	STIM=5
650662	42	RESP=2
664563	42	STIM=6
669329	42	RESP=2
681569	42	STIM=d
687974	42	RESP=1
699735	42	STIM=h
703583	42	RESP=1
715807	42	STIM=l
722523	42	RESP=1
731739	42	STIM=j
739796	42	RESP=1
748422	42	STIM=s
752025	42	RESP=1
764034	42	STIM=p
767623	42	RESP=1
781352	42	STIM=p
788155	42	RESP=1
799363	42	STIM=x
806199	42	RESP=1
816724	42	STIM=d
820039	42	RESP=1
833326	42	STIM=d
836998	42	RESP=1
852082	42	STIM=l
859621	42	RESP=1
867192	42	STIM=c
871757	42	RESP=1
885365	42	STIM=n
892418	42	RESP=1
900928	42	STIM=u
907821	42	RESP=1
917099	42	STIM=y
923250	42	RESP=1
933538	42	STIM=o
938976	42	RESP=1
951770	42	STIM=8
960343	42	RESP=2
967625	42	STIM=t
974126	42	RESP=1
984079	42	STIM=f
988521	42	RESP=1
1001540	42	STIM=m
1006477	42	RESP=1
1019552	42	STIM=h
1022689	42	RESP=1
1038514	42	STIM=0
1044026	42	RESP=2
1054990	42	STIM=m
1062927	42	RESP=1
1071173	42	STIM=w
1078114	42	RESP=1
1088359	42	STIM=e
1094044	42	RESP=1
1105404	42	STIM=g
1112150	42	RESP=1
1121542	42	STIM=s
1126464	42	RESP=1
1137316	42	STIM=h
1141704	42	RESP=1
1156204	42	STIM=k
1159742	42	RESP=1
1172420	42	STIM=6
1178316	42	RESP=1
1189608	42	STIM=g
1204089	42	RESP=2
1207740	42	STIM=h
1211417	42	RESP=1
1223886	42	STIM=u
1233623	42	RESP=1
1238966	42	STIM=8
1255360	42	RESP=2
1255460	42	STIM=g
1263204	42	RESP=1
1272726	42	STIM=5
1283227	42	RESP=1
1291591	42	STIM=z
1295355	42	RESP=1
1306854	42	STIM=s
1314551	42	RESP=1
1324049	42	STIM=o
1334043	42	RESP=1
1341687	42	STIM=a
1345252	42	RESP=1
1357167	42	STIM=b
1365266	42	RESP=2
1373394	42	STIM=z
1379037	42	RESP=1
1390430	42	STIM=1
1398440	42	RESP=2
1406814	42	STIM=f
1412697	42	RESP=1
1423753	42	STIM=e
1429371	42	RESP=1
1439708	42	STIM=p
1446772	42	RESP=1
1455984	42	STIM=k
1461438	42	RESP=1
1472121	42	STIM=e
1476574	42	RESP=1
1490317	42	STIM=1
1497979	42	RESP=2
1507664	42	STIM=q
1510848	42	RESP=1
1526367	42	STIM=c
1532989	42	RESP=1
1544808	42	STIM=p
1551765	42	RESP=1
1560009	42	STIM=y
1567552	42	RESP=1
1576362	42	STIM=u
1579585	42	RESP=1
1593456	42	STIM=c
1597860	42	RESP=1
1609927	42	STIM=r
1615071	42	RESP=1
1625137	42	STIM=d
1628095	42	RESP=1
1640935	42	STIM=3
1645060	42	RESP=2
1656737	42	STIM=m
1665075	42	RESP=1
1673745	42	STIM=o
1677625	42	RESP=1
1690299	42	STIM=i
1696914	42	RESP=1
1708466	42	STIM=7
1712348	42	RESP=2
1724104	42	STIM=5
1730152	42	RESP=2
1739589	42	STIM=v
1743553	42	RESP=1
1757173	42	STIM=a
1762683	42	RESP=2
1774275	42	STIM=c
1781882	42	RESP=1
1791963	42	STIM=v
1795181	42	RESP=1
1808588	42	STIM=z
1813759	42	RESP=1
1824842	42	STIM=3
1831215	42	RESP=2
1841582	42	STIM=1
1847935	42	RESP=2
1858871	42	STIM=g
1862559	42	RESP=1
1875161	42	STIM=c
1882873	42	RESP=1
1893026	42	STIM=1
1899411	42	RESP=2
1908677	42	STIM=h
1914637	42	RESP=1
1925555	42	STIM=6
1932606	42	RESP=2
1944142	42	STIM=s
1948570	42	RESP=1
1962983	42	STIM=c
1968431	42	RESP=1
1979414	42	STIM=n
1985799	42	RESP=1
1997900	42	STIM=f
2004725	42	RESP=1
2014497	42	STIM=k
2021688	42	RESP=1
2029498	42	STIM=c
2034243	42	RESP=1
2047061	42	STIM=f
2053397	42	RESP=1
2064203	42	STIM=s
2071018	42	RESP=1
2080323	42	STIM=l
2085841	42	RESP=2
2096552	42	STIM=m
2099309	42	RESP=1
2111757	42	STIM=a
2117050	42	RESP=2
2127080	42	STIM=p
2134793	42	RESP=1
2144989	42	STIM=i
2150057	42	RESP=1
2160821	42	STIM=7
2167628	42	RESP=2
2177873	42	STIM=r
2186429	42	RESP=1
2196564	42	STIM=s
2200891	42	RESP=1
2212763	42	STIM=a
2220697	42	RESP=1
2230465	42	STIM=z
2234282	42	RESP=1
2247007	42	STIM=j
2252005	42	RESP=1
2264380	42	STIM=y
2268683	42	RESP=1
2281756	42	STIM=p
2292470	42	RESP=2
2297422	42	STIM=l
2303729	42	RESP=1
2313580	42	STIM=j
2318274	42	RESP=1
2331684	42	STIM=e
2340360	42	RESP=1
2348964	42	STIM=s
2356118	42	RESP=2
2364861	42	STIM=r
2371226	42	RESP=1
2383436	42	STIM=p
2386124	42	RESP=1
2399834	42	STIM=6
2410450	42	RESP=2
2415970	42	STIM=h
2419460	42	RESP=1
2434887	42	STIM=k
2440155	42	RESP=1
2450750	42	STIM=b
2457035	42	RESP=1
2467576	42	STIM=a
2472896	42	RESP=1
2484844	42	STIM=r
2489222	42	RESP=1
2500813	42	STIM=l
2507683	42	RESP=1
2518458	42	STIM=s
2524274	42	RESP=1
2534929	42	STIM=u
2538734	42	RESP=1
2550684	42	STIM=f
2556253	42	RESP=1
2566976	42	STIM=j
2573763	42	RESP=1
2584755	42	STIM=h
2590960	42	RESP=1
2601313	42	STIM=g
2607860	42	RESP=1
2617867	42	STIM=s
2620479	42	RESP=1
2633264	42	STIM=3
2639378	42	RESP=2
2650501	42	STIM=2
2655703	42	RESP=2
2665673	42	STIM=o
2670789	42	RESP=1
2681475	42	STIM=b
2686860	42	RESP=1
2697376	42	STIM=e
2701358	42	RESP=1
2713734	42	STIM=7
2723188	42	RESP=2
2731903	42	STIM=n
2739064	42	RESP=1
2748631	42	STIM=4
2755332	42	RESP=2
2764997	42	STIM=a
2771760	42	RESP=1
2780453	42	STIM=z
2786067	42	RESP=1
2796888	42	STIM=a
2804949	42	RESP=1
2813628	42	STIM=j
2819054	42	RESP=1
2830680	42	STIM=u
2835063	42	RESP=1
2846127	42	STIM=g
2852233	42	RESP=1
2861332	42	STIM=c
2866043	42	RESP=2
2876774	42	STIM=7
2880753	42	RESP=1
2893387	42	STIM=4
2899173	42	RESP=1
2909604	42	STIM=q
2919881	42	RESP=1
2925498	42	STIM=i
2932958	42	RESP=2
2943202	42	STIM=p
2947653	42	RESP=1
2960878	42	STIM=j
2970857	42	RESP=1
2977830	42	STIM=w
2982757	42	RESP=1
2993523	42	STIM=y
2997715	42	RESP=1
3010035	42	STIM=j
3015352	42	RESP=1
3028356	42	STIM=p
3033985	42	RESP=1
3047062	42	STIM=m
3052708	42	RESP=1
3062609	42	STIM=i
3065914	42	RESP=1
3081233	42	STIM=v
3090911	42	RESP=1
3097365	42	STIM=o
3106936	42	RESP=1
3115636	42	STIM=n
3121504	42	RESP=1
3132077	42	STIM=j
3138410	42	RESP=1
3149166	42	STIM=q
3156366	42	RESP=2
3167153	42	STIM=b
3174740	42	RESP=1
3182948	42	STIM=v
3189364	42	RESP=1
3198961	42	STIM=o
3204594	42	RESP=1
3217056	42	STIM=d
3222589	42	RESP=1
3234487	42	STIM=u
3240189	42	RESP=1
3252441	42	STIM=k
3258355	42	RESP=1
3267799	42	STIM=f
3273227	42	RESP=1
3285165	42	STIM=2
3290295	42	RESP=2
3304021	42	STIM=h
3309233	42	RESP=1
3319387	42	STIM=j
3324684	42	RESP=1
3336002	42	STIM=q
3343942	42	RESP=1
3352883	42	STIM=q
3355780	42	RESP=1
3370676	42	STIM=s
3375343	42	RESP=1
3388816	42	STIM=j
3396518	42	RESP=1
3405115	42	STIM=e
3411798	42	RESP=1
3420696	42	STIM=5
3426062	42	RESP=2
3436592	42	STIM=7
3446903	42	RESP=2
3454824	42	STIM=8
3468606	42	RESP=2
3469831	42	STIM=1
3478446	42	RESP=2
3487644	42	STIM=j
3492561	42	RESP=2
3503490	42	STIM=w
3510161	42	RESP=1
3521165	42	STIM=h
3524102	42	RESP=1
3539246	42	STIM=v
3544819	42	RESP=1
3556667	42	STIM=4
3568787	42	RESP=2
3572550	42	STIM=5
3585100	42	RESP=2
3590438	42	STIM=h
3594490	42	RESP=1
3606302	42	STIM=r
3610118	42	RESP=1
3622574	42	STIM=0
3629139	42	RESP=2
3639978	42	STIM=5
3645716	42	RESP=1
3658132	42	STIM=n
3663285	42	RESP=1
3674938	42	STIM=f
3680722	42	RESP=1
3693850	42	STIM=v
3700594	42	RESP=1
3709087	42	STIM=b
3714447	42	RESP=1
3725117	42	STIM=d
3730857	42	RESP=1
3741326	42	STIM=g
3745356	42	RESP=1
3760102	42	STIM=p
3767606	42	RESP=1
3777495	42	STIM=p
3781974	42	RESP=1
3795187	42	STIM=f
3799952	42	RESP=1
3811902	42	STIM=l
3815358	42	RESP=1
3827704	42	STIM=9
3835982	42	RESP=2
3842834	42	STIM=p
3850063	42	RESP=1
3859065	42	STIM=f
3865194	42	RESP=1
3876783	42	STIM=u
3885903	42	RESP=1
3894772	42	STIM=r
3898537	42	RESP=1
3911990	42	STIM=d
3918141	42	RESP=1
3928210	42	STIM=e
3932137	42	RESP=1
3946455	42	STIM=m
3950904	42	RESP=1
3965022	42	STIM=t
3969134	42	RESP=1
3982718	42	STIM=1
3987457	42	RESP=2
4000777	42	STIM=m
4004495	42	RESP=1
4018443	42	STIM=9
4028930	42	RESP=2
4033742	42	STIM=v
4038669	42	RESP=1
4052683	42	STIM=o
4061378	42	RESP=1
4067934	42	STIM=k
4071699	42	RESP=1
4085951	42	STIM=2
4090666	42	RESP=2
4102967	42	STIM=p
4111353	42	RESP=1
4119179	42	STIM=b
4123923	42	RESP=1
4135249	42	STIM=f
4139274	42	RESP=1
4151721	42	STIM=i
4156698	42	RESP=1
4168863	42	STIM=u
4179116	42	RESP=1
4184759	42	STIM=b
4193550	42	RESP=1
4203334	42	STIM=x
4213654	42	RESP=1
4219220	42	STIM=d
4225275	42	RESP=1
4235642	42	STIM=y
4241101	42	RESP=1
4251204	42	STIM=i
4262026	42	RESP=1
4269446	42	STIM=p
4273535	42	RESP=1
4285961	42	STIM=v
4289826	42	RESP=1
4302507	42	STIM=d
4307197	42	RESP=1
4318651	42	STIM=o
4325856	42	RESP=1
4334145	42	STIM=v
4339966	42	RESP=1
4349419	42	STIM=a
4359181	42	RESP=1
4365207	42	STIM=i
4373024	42	RESP=2
4383979	42	STIM=4
4390632	42	RESP=2
4401969	42	STIM=e
4409387	42	RESP=1
4419433	42	STIM=t
4422474	42	RESP=1
4436535	42	STIM=w
4442397	42	RESP=1
4454042	42	STIM=o
4459244	42	RESP=1
4469105	42	STIM=0
4474466	42	RESP=2
4485832	42	STIM=e
4489564	42	RESP=1
4500994	42	STIM=s
4507984	42	RESP=1
4519767	42	STIM=y
4523932	42	RESP=1
4538090	42	STIM=f
4546449	42	RESP=1
4555682	42	STIM=r
4563342	42	RESP=1
4573386	42	STIM=a
4578586	42	RESP=1
4592376	42	STIM=o
4598556	42	RESP=1
4609038	42	STIM=1
4614243	42	RESP=2
4626733	42	STIM=3
4636261	42	RESP=2
4642928	42	STIM=5
4647333	42	RESP=1
4658489	42	STIM=4
4666791	42	RESP=2
4674153	42	STIM=3
4683659	42	RESP=2
4691168	42	STIM=s
4694762	42	RESP=1
4709953	42	STIM=b
4716479	42	RESP=1
4728239	42	STIM=d
4734451	42	RESP=1
4744149	42	STIM=q
4750103	42	RESP=1
4760333	42	STIM=f
4765752	42	RESP=1
4776185	42	STIM=7
4786831	42	RESP=2
4795028	42	STIM=8
4803073	42	RESP=2
4813857	42	STIM=u
4818191	42	RESP=2
4831583	42	STIM=c
4839519	42	RESP=1
4848162	42	STIM=j
4856060	42	RESP=1
4866414	42	STIM=s
4871663	42	RESP=1
4882028	42	STIM=h
4885681	42	RESP=1
4899255	42	STIM=e
4903991	42	RESP=1
4914636	42	STIM=l
4918408	42	RESP=1
4930958	42	STIM=q
4936341	42	RESP=1
4948291	42	STIM=b
4951980	42	RESP=1
4964616	42	STIM=r
4969893	42	RESP=1
4980347	42	STIM=i
4987897	42	RESP=1
4996055	42	STIM=v
5003325	42	RESP=2
5014073	42	STIM=k
5021527	42	RESP=1
5030029	42	STIM=p
5037833	42	RESP=1
5047187	42	STIM=b
5052612	42	RESP=1
5062468	42	STIM=r
5068249	42	RESP=1
5081137	42	STIM=b
5087881	42	RESP=1
5096854	42	STIM=y
5103154	42	RESP=1
5114025	42	STIM=p
5119749	42	RESP=1
5131945	42	STIM=q
5140652	42	RESP=1
5148761	42	STIM=v
5152523	42	RESP=2
5165832	42	STIM=f
5170771	42	RESP=1
5183190	42	STIM=a
5186162	42	RESP=1
5201959	42	STIM=4
5208395	42	RESP=2
5220310	42	STIM=6
5224809	42	RESP=2
5236148	42	STIM=x
5246042	42	RESP=1
5251648	42	STIM=f
5254653	42	RESP=1
5269224	42	STIM=r
5273356	42	RESP=1
5285218	42	STIM=b
5290554	42	RESP=1
5301556	42	STIM=2
5307876	42	RESP=2
5317433	42	STIM=u
5322199	42	RESP=1
5332674	42	STIM=2
5338807	42	RESP=2
5351613	42	STIM=6
5356996	42	RESP=2
5367266	42	STIM=h
5377357	42	RESP=1
5384449	42	STIM=x
5390613	42	RESP=1
5400955	42	STIM=e
5406075	42	RESP=1
5418748	42	STIM=b
5422473	42	RESP=1
5434708	42	STIM=f
5438897	42	RESP=1
5450603	42	STIM=u
5457318	42	RESP=1
5468350	42	STIM=q
5477001	42	RESP=1
5483693	42	STIM=f
5491304	42	RESP=1
5502353	42	STIM=0
5511247	42	RESP=2
5517666	42	STIM=f
5522341	42	RESP=1
5533960	42	STIM=y
5540233	42	RESP=1
5550603	42	STIM=d
5556450	42	RESP=1
5569297	42	STIM=a
5573062	42	RESP=1
5587718	42	STIM=u
5593523	42	RESP=1
5603083	42	STIM=i
5609458	42	RESP=1
5619570	42	STIM=r
5623335	42	RESP=1
5637392	42	STIM=k
5644963	42	RESP=1
5654339	42	STIM=f
5658806	42	RESP=1
5669917	42	STIM=q
5673053	42	RESP=1
5684928	42	STIM=j
5688748	42	RESP=1
5701329	42	STIM=z
5708695	42	RESP=1
5720077	42	STIM=8
5729294	42	RESP=1
5738579	42	STIM=q
5742711	42	RESP=1
5756411	42	STIM=7
5761567	42	RESP=2
5773050	42	STIM=j
5776220	42	RESP=1
5791166	42	STIM=n
5796205	42	RESP=1
5806931	42	STIM=w
5813761	42	RESP=1
5825138	42	STIM=c
5831322	42	RESP=1
5842368	42	STIM=b
5849587	42	RESP=2
5857882	42	STIM=h
5863831	42	RESP=1
5875578	42	STIM=h
5882893	42	RESP=1
5892611	42	STIM=8
5898309	42	RESP=1
5907747	42	STIM=9
5912118	42	RESP=2
5924842	42	STIM=7
5932115	42	RESP=2
5942495	42	STIM=m
5945839	42	RESP=1
5959468	42	STIM=u
5967379	42	RESP=1
5975920	42	STIM=p
5981069	42	RESP=1
5991177	42	STIM=m
5994803	42	RESP=1
6008695	42	STIM=v
6017912	42	RESP=1
6025561	42	STIM=u
6033710	42	RESP=1
6041329	42	STIM=a
6050874	42	RESP=2
6056917	42	STIM=e
6061204	42	RESP=1
6072930	42	STIM=f
6076138	42	RESP=1
6091669	42	STIM=t
6099654	42	RESP=1
6107545	42	STIM=4
6117958	42	RESP=1
6123833	42	STIM=w
6127401	42	RESP=1
6142176	42	STIM=d
6146312	42	RESP=1
6158262	42	STIM=m
6162876	42	RESP=1
6174054	42	STIM=v
6182747	42	RESP=1
6189685	42	STIM=v
6197767	42	RESP=1
6204998	42	STIM=h
6211861	42	RESP=1
6222904	42	STIM=k
6228701	42	RESP=1
6241173	42	STIM=h
6248559	42	RESP=2
6257838	42	STIM=p
6263125	42	RESP=1
6275578	42	STIM=g
6281741	42	RESP=1
6290711	42	STIM=1
6299012	42	RESP=1
6308143	42	STIM=8
6314341	42	RESP=2
6325772	42	STIM=c
6329046	42	RESP=1
6342605	42	STIM=n
6347949	42	RESP=1
6358779	42	STIM=m
6365993	42	RESP=1
6377228	42	STIM=m
6384521	42	RESP=1
6393873	42	STIM=8
6401169	42	RESP=2
6408915	42	STIM=4
6413469	42	RESP=1
6427791	42	STIM=x
6431794	42	RESP=1
6444914	42	STIM=w
6449741	42	RESP=1
6463359	42	STIM=b
6469926	42	RESP=1
6478896	42	STIM=n
6483432	42	RESP=1
6495377	42	STIM=4
6502544	42	RESP=2
6512748	42	STIM=x
6516399	42	RESP=2
6529627	42	STIM=w
6534314	42	RESP=1
6544909	42	STIM=m
6549509	42	RESP=1
6561737	42	STIM=e
6569433	42	RESP=1
6580089	42	STIM=r
6584590	42	RESP=1
6596315	42	STIM=t
6600691	42	RESP=1
6611541	42	STIM=1
6619808	42	RESP=2
6628079	42	STIM=o
6631817	42	RESP=1
6643704	42	STIM=q
6648555	42	RESP=1
6660659	42	STIM=l
6670712	42	RESP=1
6678774	42	STIM=t
6683214	42	RESP=1
6695906	42	STIM=d
6699686	42	RESP=1
6714334	42	STIM=k
6719075	42	RESP=1
6733070	42	STIM=d
6736038	42	RESP=1
6749880	42	STIM=i
6755185	42	RESP=1
6766496	42	STIM=l
6772173	42	RESP=1
6782945	42	STIM=p
6786434	42	RESP=1
6800990	42	STIM=p
6809410	42	RESP=1
6816703	42	STIM=d
6820609	42	RESP=1
6834442	42	STIM=i
6838563	42	RESP=1
6850010	42	STIM=1
6858817	42	RESP=2
6865401	42	STIM=i
6876908	42	RESP=2
6882707	42	STIM=h
6886666	42	RESP=1
6897884	42	STIM=j
6909875	42	RESP=1
6913540	42	STIM=1
6920554	42	RESP=2
6929871	42	STIM=h
6937723	42	RESP=1
6947601	42	STIM=j
6955171	42	RESP=1
6962997	42	STIM=r
6965544	42	RESP=1
6981647	42	STIM=u
6987283	42	RESP=1
7000510	42	STIM=p
7011315	42	RESP=1
7017524	42	STIM=f
7023274	42	RESP=1
7033048	42	STIM=w
7039609	42	RESP=1
7050037	42	STIM=m
7057468	42	RESP=1
7065714	42	STIM=w
7070895	42	RESP=1
7084552	42	STIM=o
7088550	42	RESP=1
7102108	42	STIM=x
7110119	42	RESP=1
7118238	42	STIM=f
7120900	42	RESP=1
7135115	42	STIM=c
7140150	42	RESP=1
7152265	42	STIM=m
7156838	42	RESP=1
7168395	42	STIM=5
7174943	42	RESP=2
7183532	42	STIM=j
7188588	42	RESP=1
7202164	42	STIM=f
7210191	42	RESP=1
7220917	42	STIM=u
7230880	42	RESP=1
7237234	42	STIM=q
7241068	42	RESP=1
7253832	42	STIM=x
7261775	42	RESP=1
7268899	42	STIM=p
7275479	42	RESP=2
7285121	42	STIM=v
7291000	42	RESP=1
7302814	42	STIM=s
7309133	42	RESP=1
7321142	42	STIM=g
7328264	42	RESP=1
7338844	42	STIM=t
7342980	42	RESP=1
7357558	42	STIM=e
7364299	42	RESP=1
7373221	42	STIM=f
7376956	42	RESP=1
7391663	42	STIM=5
7398329	42	RESP=2
7406901	42	STIM=e
7414225	42	RESP=1
7425747	42	STIM=m
7433358	42	RESP=1
7441200	42	STIM=7
7448304	42	RESP=2
7457760	42	STIM=3
7463966	42	RESP=1
7473594	42	STIM=l
7482093	42	RESP=1
7491340	42	STIM=u
7501145	42	RESP=1
7509554	42	STIM=s
7514315	42	RESP=2
7526387	42	STIM=r
7532940	42	RESP=1
7543131	42	STIM=2
7550594	42	RESP=2
7558840	42	STIM=o
7565801	42	RESP=1
7575150	42	STIM=w
7579338	42	RESP=1
7590301	42	STIM=r
7599096	42	RESP=1
7607507	42	STIM=2
7613552	42	RESP=2
7625084	42	STIM=t
7629169	42	RESP=1
7640774	42	STIM=0
7653308	42	RESP=2
7658602	42	STIM=w
7662689	42	RESP=1
7676825	42	STIM=q
7683618	42	RESP=1
7694021	42	STIM=s
7698097	42	RESP=1
7710237	42	STIM=s
7715265	42	RESP=1
7728443	42	STIM=x
7731367	42	RESP=1
7747091	42	STIM=e
7750967	42	RESP=1
7765303	42	STIM=8
7773833	42	RESP=2
7782213	42	STIM=u
7788622	42	RESP=1
7799570	42	STIM=2
7804354	42	RESP=1
7815082	42	STIM=v
7822077	42	RESP=1
7832067	42	STIM=9
7836760	42	RESP=2
7850183	42	STIM=1
7855391	42	RESP=2
7866139	42	STIM=f
7872120	42	RESP=1
7882867	42	STIM=t
7888605	42	RESP=1
7898728	42	STIM=l
7903599	42	RESP=1
7915053	42	STIM=z
7921868	42	RESP=1
7932837	42	STIM=g
7937039	42	RESP=1
7949640	42	STIM=u
7954443	42	RESP=1
7966174	42	STIM=1
7972672	42	RESP=2
7983055	42	STIM=g
7987974	42	RESP=1
8000961	42	STIM=u
8006797	42	RESP=1
8018842	42	STIM=8
8024265	42	RESP=2
8037665	42	STIM=v
8042985	42	RESP=1
8053144	42	STIM=a
8061718	42	RESP=1
8071399	42	STIM=m
8076724	42	RESP=1
8087453	42	STIM=y
8089802	42	RESP=1
8103310	42	STIM=2
8109175	42	RESP=2
8121475	42	STIM=d
8126019	42	RESP=1
8136735	42	STIM=v
8144544	42	RESP=1
8153761	42	STIM=f
8157437	42	RESP=1
8170783	42	STIM=v
8176742	42	RESP=1
8188712	42	STIM=n
8192581	42	RESP=1
8206137	42	STIM=2
8213335	42	RESP=2
8223448	42	STIM=n
8229930	42	RESP=1
8239704	42	STIM=k
8251207	42	RESP=1
8258184	42	STIM=y
8264191	42	RESP=1
8274452	42	STIM=8
8279421	42	RESP=2
8290136	42	STIM=e
8293788	42	RESP=1
8307961	42	STIM=b
8318118	42	RESP=1
8325295	42	STIM=2
8330745	42	RESP=2
8340314	42	STIM=z
8345436	42	RESP=1
8356081	42	STIM=w
8359526	42	RESP=1
8374926	42	STIM=f
8379434	42	RESP=1
8391987	42	STIM=w
8396891	42	RESP=1
8408008	42	STIM=s
8414299	42	RESP=1
8424799	42	STIM=a
8430622	42	RESP=2
8439980	42	STIM=5
8447165	42	RESP=2
8458703	42	STIM=h
8463907	42	RESP=1
8475422	42	STIM=n
8481604	42	RESP=1
8491178	42	STIM=7
8496155	42	RESP=1
8507535	42	STIM=i
8513349	42	RESP=1
8524408	42	STIM=r
8529811	42	RESP=1
8540246	42	STIM=z
8544765	42	RESP=1
8559100	42	STIM=f
8566031	42	RESP=1
8577733	42	STIM=h
8583225	42	RESP=1
8593870	42	STIM=j
8598407	42	RESP=1
8610796	42	STIM=i
8615496	42	RESP=1
8625890	42	STIM=q
8628776	42	RESP=1
8642385	42	STIM=m
8650074	42	RESP=1
8657815	42	STIM=t
8661069	42	RESP=1
8675644	42	STIM=6
8685414	42	RESP=2
8693016	42	STIM=h
8697450	42	RESP=1
8708589	42	STIM=f
8714853	42	RESP=1
8723903	42	STIM=u
8729469	42	RESP=1
8739758	42	STIM=f
8745287	42	RESP=1
8755501	42	STIM=3
8761973	42	RESP=2
8773905	42	STIM=d
8777302	42	RESP=1
8792446	42	STIM=k
8795337	42	RESP=1
8809974	42	STIM=i
8814059	42	RESP=1
8825318	42	STIM=l
8829224	42	RESP=1
8841489	42	STIM=g
8847049	42	RESP=1
8859068	42	STIM=8
8865876	42	RESP=2
8875825	42	STIM=k
8881529	42	RESP=1
8890922	42	STIM=u
8894832	42	RESP=1
8907327	42	STIM=h
8913498	42	RESP=1
8922585	42	STIM=1
8927749	42	RESP=2
8939704	42	STIM=c
8944623	42	RESP=1
8957203	42	STIM=1
8962493	42	RESP=2
8975592	42	STIM=2
8980763	42	RESP=2
8992237	42	STIM=q
8996948	42	RESP=1
9009080	42	STIM=g
9015693	42	RESP=1
9024772	42	STIM=x
9031502	42	RESP=1
9040990	42	STIM=8
9047655	42	RESP=2
9058717	42	STIM=r
9062806	42	RESP=1
9077267	42	STIM=r
9082405	42	RESP=1
9096025	42	STIM=l
9099942	42	RESP=1
9113682	42	STIM=i
9120367	42	RESP=1
9130613	42	STIM=n
9135531	42	RESP=1
9147693	42	STIM=a
9151185	42	RESP=1
9165069	42	STIM=q
9170686	42	RESP=1
9182929	42	STIM=s
9186842	42	RESP=1
9198709	42	STIM=s
9205324	42	RESP=1
9215260	42	STIM=8
9221840	42	RESP=2
9230485	42	STIM=9
9236800	42	RESP=2
9248921	42	STIM=0
9256647	42	RESP=2
9264667	42	STIM=w
9271529	42	RESP=1
9280634	42	STIM=u
9284970	42	RESP=1
9297979	42	STIM=a
9302829	42	RESP=1
9313789	42	STIM=a
9318006	42	RESP=1
9330405	42	STIM=n
9337047	42	RESP=1
9347340	42	STIM=a
9353206	42	RESP=1
9363652	42	STIM=t
9367244	42	RESP=1
9379647	42	STIM=v
9384355	42	RESP=1
9395618	42	STIM=y
9399198	42	RESP=1
9412985	42	STIM=p
9416375	42	RESP=1
9428630	42	STIM=q
9431854	42	RESP=1
9446418	42	STIM=k
9451774	42	RESP=1
9465357	42	STIM=r
9470485	42	RESP=1
9480500	42	STIM=o
9483546	42	RESP=1
9497607	42	STIM=p
9501813	42	RESP=1
9516230	42	STIM=m
9521443	42	RESP=1
9534727	42	STIM=o
9540769	42	RESP=1
9553434	42	STIM=j
9559865	42	RESP=1
9572401	42	STIM=w
9577781	42	RESP=1
9590659	42	STIM=v
9594095	42	RESP=1
9608737	42	STIM=3
9614964	42	RESP=2
9624853	42	STIM=p
9630494	42	RESP=1
9640712	42	STIM=5
9648103	42	RESP=1
9657772	42	STIM=t
9665481	42	RESP=1
9675440	42	STIM=3
9679208	42	RESP=2
9692041	42	STIM=h
9696421	42	RESP=2
9710355	42	STIM=n
9717044	42	RESP=1
9728821	42	STIM=6
9732967	42	RESP=2
9746897	42	STIM=i
9751123	42	RESP=1
9765260	42	STIM=m
9769368	42	RESP=1
9783704	42	STIM=6
9790011	42	RESP=2
9802378	42	STIM=2
9809634	42	RESP=2
9821151	42	STIM=w
9824669	42	RESP=1
9839910	42	STIM=s
9851428	42	RESP=1
9857373	42	STIM=t
9861213	42	RESP=1
9875893	42	STIM=8
9880769	42	RESP=2
9892687	42	STIM=i
9899177	42	RESP=1
9911315	42	STIM=y
9915330	42	RESP=1
9929409	42	STIM=f
9935918	42	RESP=1
9945056	42	STIM=r
9948935	42	RESP=1
9961276	42	STIM=f
9964858	42	RESP=1
9978104	42	STIM=6
9991488	42	RESP=2
9993500	42	STIM=q
9998076	42	RESP=2
10010080	42	STIM=n
10016101	42	RESP=1
10026801	42	STIM=u
10030372	42	RESP=1
10042964	42	STIM=v
10047193	42	RESP=1
10060046	42	STIM=u
10070750	42	RESP=1
10076462	42	STIM=k
10082761	42	RESP=1
10095373	42	STIM=f
10101772	42	RESP=1
10113497	42	STIM=l
10116852	42	RESP=2
10128906	42	STIM=z
10135496	42	RESP=1
10147032	42	STIM=k
10155133	42	RESP=2
10163210	42	STIM=p
10169217	42	RESP=1
10178572	42	STIM=z
10184626	42	RESP=1
10196165	42	STIM=k
10199463	42	RESP=1
10212500	42	STIM=r
10217722	42	RESP=1
10227757	42	STIM=b
10233853	42	RESP=1
10243451	42	STIM=a
10249350	42	RESP=1
10258879	42	STIM=v
10265325	42	RESP=1
10276166	42	STIM=p
10281625	42	RESP=1
10292305	42	STIM=b
10295440	42	RESP=1
10311083	42	STIM=e
10315644	42	RESP=1
10329788	42	STIM=x
10332344	42	RESP=1
10346830	42	STIM=u
10354426	42	RESP=1
10363963	42	STIM=m
10371230	42	RESP=1
10381761	42	STIM=h
10386659	42	RESP=1
10399432	42	STIM=7
10407160	42	RESP=1
10416979	42	STIM=m
10421859	42	RESP=1
10435759	42	STIM=4
10443605	42	RESP=2
10452067	42	STIM=j
10457152	42	RESP=1
10470970	42	STIM=c
10475052	42	RESP=1
10489874	42	STIM=t
10494346	42	RESP=1
10506847	42	STIM=8
10511253	42	RESP=2
10525603	42	STIM=8
10534110	42	RESP=1
10544143	42	STIM=v
10547593	42	RESP=1
10561588	42	STIM=j
10568441	42	RESP=1
10579816	42	STIM=z
10585352	42	RESP=1
10595215	42	STIM=9
10601081	42	RESP=2
10610251	42	STIM=a
10618333	42	RESP=1
10627813	42	STIM=f
10632461	42	RESP=1
10645208	42	STIM=o
10653086	42	RESP=1
10661672	42	STIM=4
10670849	42	RESP=1
10680638	42	STIM=6
10685572	42	RESP=2
10698296	42	STIM=2
10704549	42	RESP=2
10717156	42	STIM=k
10731796	42	RESP=2
10732600	42	STIM=p
10739659	42	RESP=1
10750815	42	STIM=u
10754986	42	RESP=1
10768406	42	STIM=n
10772697	42	RESP=1
10784411	42	STIM=h
10787487	42	RESP=1
10799492	42	STIM=5
10807394	42	RESP=2
10816337	42	STIM=7
10822519	42	RESP=1
10832489	42	STIM=h
10839629	42	RESP=1
10849829	42	STIM=3
10857597	42	RESP=1
10865448	42	STIM=0
10871110	42	RESP=2
10880578	42	STIM=6
10893207	42	RESP=2
10899502	42	STIM=u
10904004	42	RESP=1
10917556	42	STIM=f
10923273	42	RESP=1
10936062	42	STIM=m
10944250	42	RESP=1
10951541	42	STIM=x
10955334	42	RESP=1
10969163	42	STIM=t
10975604	42	RESP=1
10984435	42	STIM=m
10989620	42	RESP=1
10999443	42	STIM=e
11006639	42	RESP=1
11017897	42	STIM=p
11022164	42	RESP=1
11035849	42	STIM=d
11041805	42	RESP=1
11054282	42	STIM=t
11059548	42	RESP=1
11072268	42	STIM=p
11076589	42	RESP=1
11090646	42	STIM=d
11098242	42	RESP=2
11106654	42	STIM=b
11113368	42	RESP=2
11122666	42	STIM=7
11134333	42	RESP=1
11137927	42	STIM=p
11142341	42	RESP=1
11154412	42	STIM=1
11159448	42	RESP=2
11173214	42	STIM=m
11178109	42	RESP=1
11188876	42	STIM=q
11194310	42	RESP=1
11205883	42	STIM=f
11211350	42	RESP=1
11223286	42	STIM=k
11229342	42	RESP=1
11239216	42	STIM=b
11245735	42	RESP=1
11254792	42	STIM=w
11260351	42	RESP=1
11272394	42	STIM=k
11276751	42	RESP=1
11291168	42	STIM=a
11300583	42	RESP=1
11308704	42	STIM=y
11313706	42	RESP=1
11326524	42	STIM=a
11330645	42	RESP=1
11343402	42	STIM=3
11349898	42	RESP=2
11359703	42	STIM=d
11365888	42	RESP=1
11376897	42	STIM=q
11380936	42	RESP=1
11395406	42	STIM=g
11398809	42	RESP=2
11412300	42	STIM=y
11416789	42	RESP=1
11430109	42	STIM=q
11434325	42	RESP=1
11447943	42	STIM=d
11453458	42	RESP=1
11465296	42	STIM=l
11469574	42	RESP=1
11480812	42	STIM=c
11485653	42	RESP=1
11499389	42	STIM=c
11506938	42	RESP=1
11516110	42	STIM=g
11519011	42	RESP=1
11534326	42	STIM=b
11541525	42	RESP=1
11549868	42	STIM=h
11555211	42	RESP=1
11565921	42	STIM=r
11570028	42	RESP=1
11583051	42	STIM=m
11593664	42	RESP=1
11598943	42	STIM=g
11606144	42	RESP=1
11614465	42	STIM=v
11621550	42	RESP=1
11629894	42	STIM=h
11634405	42	RESP=1
11645778	42	STIM=j
11652972	42	RESP=1
11662273	42	STIM=i
11670400	42	RESP=1
11680574	42	STIM=4
11689984	42	RESP=2
11695701	42	STIM=g
11701146	42	RESP=1
11712367	42	STIM=v
11719979	42	RESP=1
11730032	42	STIM=h
11734171	42	RESP=1
11748059	42	STIM=w
11752238	42	RESP=1
11763466	42	STIM=z
11775533	42	RESP=2
11780392	42	STIM=p
11787146	42	RESP=1
11795848	42	STIM=h
11799313	42	RESP=1
11812674	42	STIM=c
11817858	42	RESP=1
11830444	42	STIM=c
11835030	42	RESP=1
11847777	42	STIM=t
11855958	42	RESP=1
11863094	42	STIM=b
11866945	42	RESP=1
11878490	42	STIM=d
11885650	42	RESP=1
11895242	42	STIM=s
11900924	42	RESP=1
11912352	42	STIM=a
11917903	42	RESP=1
11928524	42	STIM=w
11934620	42	RESP=1
11945906	42	STIM=f
11954620	42	RESP=1
11961094	42	STIM=m
11968654	42	RESP=1
11976370	42	STIM=c
11982548	42	RESP=1
11993592	42	STIM=f
11997353	42	RESP=1
12011113	42	STIM=k
12015640	42	RESP=1
12026791	42	STIM=q
12030912	42	RESP=2
12042628	42	STIM=f
12049578	42	RESP=2
12060534	42	STIM=7
12064300	42	RESP=1
12076785	42	STIM=0
12085181	42	RESP=2
12094489	42	STIM=u
12106504	42	RESP=1
12113090	42	STIM=b
12117883	42	RESP=1
12131082	42	STIM=v
12134094	42	RESP=1
12148082	42	STIM=t
12154033	42	RESP=1
12164240	42	STIM=o
12168337	42	RESP=1
12181226	42	STIM=f
12185835	42	RESP=1
12196345	42	STIM=l
12198756	42	RESP=1
12213340	42	STIM=p
12217522	42	RESP=1
12228456	42	STIM=a
12234664	42	RESP=1
12246776	42	STIM=d
12251158	42	RESP=1
12262851	42	STIM=j
12270569	42	RESP=1
12281729	42	STIM=2
12288732	42	RESP=2
12300609	42	STIM=b
12313901	42	RESP=1
12317317	42	STIM=u
12323367	42	RESP=1
12334238	42	STIM=h
12341002	42	RESP=1
12352599	42	STIM=y
12359120	42	RESP=1
12370126	42	STIM=p
12374759	42	RESP=1
12386681	42	STIM=t
12390935	42	RESP=1
12405123	42	STIM=x
12408675	42	RESP=1
12420237	42	STIM=l
12424988	42	RESP=2
12437199	42	STIM=l
12440646	42	RESP=1
12452607	42	STIM=v
12456184	42	RESP=1
12469232	42	STIM=y
12474768	42	RESP=1
12485756	42	STIM=h
12491354	42	RESP=1
12501575	42	STIM=6
12506467	42	RESP=2
12519437	42	STIM=w
12525116	42	RESP=1
12535096	42	STIM=a
12539703	42	RESP=1
12551343	42	STIM=e
12557617	42	RESP=1
12568182	42	STIM=2
12572877	42	RESP=2
12584566	42	STIM=t
12587673	42	RESP=1
12600491	42	STIM=q
12603944	42	RESP=1
12615706	42	STIM=m
12623922	42	RESP=1
12632805	42	STIM=b
12636383	42	RESP=1
12651661	42	STIM=g
12656311	42	RESP=1
12669338	42	STIM=i
12678610	42	RESP=1
12686815	42	STIM=7
12692560	42	RESP=2
12705377	42	STIM=y
12711564	42	RESP=1
12723519	42	STIM=7
12730942	42	RESP=2
12742024	42	STIM=e
12748445	42	RESP=1
12760804	42	STIM=n
12765316	42	RESP=1
12778494	42	STIM=n
12786604	42	RESP=1
12794530	42	STIM=y
12800702	42	RESP=1
12811615	42	STIM=c
12817321	42	RESP=2
12828457	42	STIM=r
12832030	42	RESP=1
12844387	42	STIM=g
12848626	42	RESP=1
12862687	42	STIM=4
12866315	42	RESP=2
12880520	42	STIM=6
12885779	42	RESP=2
12898699	42	STIM=t
12902971	42	RESP=1
12917038	42	STIM=j
12926196	42	RESP=1
12932967	42	STIM=s
12937119	42	RESP=1
12950188	42	STIM=g
12955549	42	RESP=1
12968587	42	STIM=y
12974323	42	RESP=1
12984228	42	STIM=w
12988204	42	RESP=1
13000924	42	STIM=y
13008690	42	RESP=1
13018112	42	STIM=c
13021793	42	RESP=1
13033558	42	STIM=z
13038572	42	RESP=1
13050196	42	STIM=o
13058544	42	RESP=1
13067156	42	STIM=p
13073403	42	RESP=1
13085281	42	STIM=c
13094594	42	RESP=1
13100748	42	STIM=x
13106932	42	RESP=2
13117538	42	STIM=s
13130913	42	RESP=1
13135147	42	STIM=7
13143166	42	RESP=2
13153180	42	STIM=c
13157125	42	RESP=1
13169194	42	STIM=k
13172984	42	RESP=1
13185945	42	STIM=o
13190492	42	RESP=2
13203050	42	STIM=9
13212463	42	RESP=2
13220100	42	STIM=p
13225425	42	RESP=2
13236529	42	STIM=f
13243952	42	RESP=1
13253819	42	STIM=0
13260424	42	RESP=1
13268881	42	STIM=d
13275396	42	RESP=1
13286097	42	STIM=d
13292430	42	RESP=1
13303171	42	STIM=p
13311451	42	RESP=1
13321187	42	STIM=j
13326217	42	RESP=1
13336775	42	STIM=s
13344594	42	RESP=1
13353877	42	STIM=x
13358787	42	RESP=1
13369144	42	STIM=f
13373239	42	RESP=1
13387542	42	STIM=h
13398743	42	RESP=1
13402936	42	STIM=e
13407361	42	RESP=1
13417982	42	STIM=p
13425761	42	RESP=1
13436320	42	STIM=9
13441136	42	RESP=2
13453786	42	STIM=a
13460606	42	RESP=1
13469796	42	STIM=k
13475490	42	RESP=1
13487385	42	STIM=a
13493551	42	RESP=1
13505317	42	STIM=m
13509218	42	RESP=1
13523290	42	STIM=5
13530139	42	RESP=2
13538609	42	STIM=x
13544857	42	RESP=1
13554707	42	STIM=c
13560552	42	RESP=2
13570755	42	STIM=k
13576898	42	RESP=1
13586380	42	STIM=7
13595073	42	RESP=2
13603699	42	STIM=9
13611274	42	RESP=2
13621859	42	STIM=n
13625899	42	RESP=1
13638649	42	STIM=7
13649055	42	RESP=1
13653722	42	STIM=4
13659159	42	RESP=1
13672693	42	STIM=y
13676507	42	RESP=1
13691226	42	STIM=v
13697625	42	RESP=1
13709242	42	STIM=y
13713416	42	RESP=1
13727048	42	STIM=6
13734315	42	RESP=1
13744803	42	STIM=y
13749565	42	RESP=1
13761185	42	STIM=y
13768559	42	RESP=1
13779513	42	STIM=y
13785827	42	RESP=2
13795101	42	STIM=w
13801295	42	RESP=2
13810422	42	STIM=s
13815138	42	RESP=1
13825685	42	STIM=z
13832295	42	RESP=1
13841932	42	STIM=s
13849795	42	RESP=1
13858380	42	STIM=5
13862706	42	RESP=2
13874965	42	STIM=8
13879021	42	RESP=2
13890786	42	STIM=c
13894298	42	RESP=1
13907106	42	STIM=k
13911836	42	RESP=1
13925811	42	STIM=d
13930435	42	RESP=1
13942650	42	STIM=w
13949217	42	RESP=1
13958759	42	STIM=e
13964585	42	RESP=1
13974728	42	STIM=c
13985395	42	RESP=1
13990574	42	STIM=r
14003002	42	RESP=1
14009225	42	STIM=l
14015899	42	RESP=1
14024276	42	STIM=q
14027609	42	RESP=1
14042402	42	STIM=1
14048492	42	RESP=2
14060904	42	STIM=b
14064607	42	RESP=1
14077912	42	STIM=6
14088196	42	RESP=2
14096129	42	STIM=w
14103144	42	RESP=1
14114646	42	STIM=4
14121861	42	RESP=2
14133576	42	STIM=z
14138852	42	RESP=1
14150938	42	STIM=2
14158942	42	RESP=2
14168311	42	STIM=c
14172775	42	RESP=2
14183397	42	STIM=d
14195482	42	RESP=1
14201128	42	STIM=t
14205319	42	RESP=1
14217370	42	STIM=s
14222593	42	RESP=1
14234667	42	STIM=c
14238568	42	RESP=1
14250671	42	STIM=s
14254147	42	RESP=1
14268273	42	STIM=y
14271375	42	RESP=1
14286274	42	STIM=c
14293627	42	RESP=1
14302629	42	STIM=y
14309786	42	RESP=1
14320482	42	STIM=b
14324523	42	RESP=1
14336148	42	STIM=2
14342479	42	RESP=2
14351512	42	STIM=x
14357257	42	RESP=1
14369643	42	STIM=i
14373577	42	RESP=1
14386158	42	STIM=t
14391100	42	RESP=1
14402605	42	STIM=t
14407249	42	RESP=2
14418674	42	STIM=j
14428261	42	RESP=1
14436452	42	STIM=7
14442757	42	RESP=2
14452009	42	STIM=x
14458519	42	RESP=1
14467450	42	STIM=s
14477351	42	RESP=1
14483342	42	STIM=a
14491495	42	RESP=1
14501943	42	STIM=l
14508406	42	RESP=1
14519175	42	STIM=s
14525554	42	RESP=1
14537383	42	STIM=f
14541328	42	RESP=1
14553171	42	STIM=z
14557070	42	RESP=1
14571673	42	STIM=z
14580615	42	RESP=1
14588804	42	STIM=r
14595700	42	RESP=1
14604692	42	STIM=y
14609792	42	RESP=1
14619945	42	STIM=g
14625666	42	RESP=1
14638826	42	STIM=r
14644258	42	RESP=2
14656840	42	STIM=q
14662489	42	RESP=1
14672315	42	STIM=d
14678023	42	RESP=2
14690271	42	STIM=v
14698114	42	RESP=1
14705770	42	STIM=5
14713632	42	RESP=2
14724539	42	STIM=b
14728246	42	RESP=1
14741321	42	STIM=i
14744102	42	RESP=1
14758504	42	STIM=o
14761556	42	RESP=1
14777225	42	STIM=1
14781010	42	RESP=1
14792539	42	STIM=d
14797857	42	RESP=1
14807921	42	STIM=c
14813889	42	RESP=1
14825145	42	STIM=e
14835194	42	RESP=1
14842704	42	STIM=l
14849304	42	RESP=1
14859620	42	STIM=a
14863682	42	RESP=1
14876162	42	STIM=x
14881302	42	RESP=1
14891960	42	STIM=m
14896402	42	RESP=1
14910094	42	STIM=q
14914034	42	RESP=1
14926097	42	STIM=d
14932262	42	RESP=1
14944825	42	STIM=l
14948152	42	RESP=2
14960010	42	STIM=7
14967625	42	RESP=2
14977025	42	STIM=r
14983336	42	RESP=2
14994678	42	STIM=d
14999974	42	RESP=1
15013524	42	STIM=6
15022577	42	RESP=2
15031512	42	STIM=k
15039629	42	RESP=2
15050008	42	STIM=6
15056861	42	RESP=1
15065412	42	STIM=u
15074395	42	RESP=1
15083896	42	STIM=n
15090658	42	RESP=1
15102240	42	STIM=g
15112798	42	RESP=1
15117281	42	STIM=m
15121760	42	RESP=1
15136030	42	STIM=9
15142545	42	RESP=2
15153745	42	STIM=b
15158349	42	RESP=1
15172624	42	STIM=a
15178130	42	RESP=1
15190313	42	STIM=4
15199286	42	RESP=2
15206800	42	STIM=a
15214831	42	RESP=1
15224948	42	STIM=k
15232723	42	RESP=1
15242698	42	STIM=j
15248171	42	RESP=1
15257836	42	STIM=o
15269336	42	RESP=1
15276073	42	STIM=v
15283239	42	RESP=1
15293031	42	STIM=b
15299000	42	RESP=1
15310236	42	STIM=l
15316725	42	RESP=1
15328937	42	STIM=9
15334480	42	RESP=2
15346035	42	STIM=f
15350521	42	RESP=1
15364479	42	STIM=1
15376608	42	RESP=1
15381198	42	STIM=i
15383876	42	RESP=1
15400076	42	STIM=j
15404762	42	RESP=1
15417297	42	STIM=c
15425098	42	RESP=1
15434825	42	STIM=6
15440171	42	RESP=2
15452356	42	STIM=a
15462989	42	RESP=1
15471139	42	STIM=q
15475367	42	RESP=1
15489984	42	STIM=k
15497499	42	RESP=1
15508882	42	STIM=3
15515437	42	RESP=2
15527210	42	STIM=0
15534294	42	RESP=2
15543788	42	STIM=0
15555194	42	RESP=2
15561552	42	STIM=w
15569277	42	RESP=1
15578333	42	STIM=s
15583724	42	RESP=1
15594616	42	STIM=z
15602002	42	RESP=1
15613306	42	STIM=f
15618959	42	RESP=1
15630590	42	STIM=u
15640951	42	RESP=1
15649567	42	STIM=l
15654138	42	RESP=1
15668088	42	STIM=r
15673054	42	RESP=1
15685749	42	STIM=f
15692516	42	RESP=1
15702708	42	STIM=b
15708436	42	RESP=1
15719284	42	STIM=e
15733476	42	RESP=1
15737254	42	STIM=h
15746934	42	RESP=1
15753118	42	STIM=f
15758082	42	RESP=1
15770850	42	STIM=s
15774566	42	RESP=1
15787467	42	STIM=4
15795697	42	RESP=2
15804042	42	STIM=e
15808434	42	RESP=1
15821060	42	STIM=m
15825812	42	RESP=1
15836574	42	STIM=u
15844146	42	RESP=1
15853254	42	STIM=k
15859085	42	RESP=1
15869838	42	STIM=3
15879187	42	RESP=2
15888297	42	STIM=5
15893459	42	RESP=2
15906377	42	STIM=a
15909412	42	RESP=1
15924239	42	STIM=r
15927086	42	RESP=2
15940573	42	STIM=1
15946386	42	RESP=2
15956479	42	STIM=6
15961049	42	RESP=2
15974546	42	STIM=z
15980695	42	RESP=1
15992205	42	STIM=a
16000279	42	RESP=1
16007314	42	STIM=4
16018708	42	RESP=2
16025162	42	STIM=3
16031771	42	RESP=2
16040643	42	STIM=5
16045135	42	RESP=1
16056412	42	STIM=0
16062862	42	RESP=2
16072713	42	STIM=m
16076834	42	RESP=1
16090667	42	STIM=4
16097671	42	RESP=2
16109593	42	STIM=p
16114420	42	RESP=1
16127174	42	STIM=m
16132142	42	RESP=1
16143850	42	STIM=i
16149879	42	RESP=1
16162502	42	STIM=u
16167015	42	RESP=1
16179128	42	STIM=w
16183226	42	RESP=1
16195139	42	STIM=b
16199976	42	RESP=1
16212724	42	STIM=1
16221792	42	RESP=2
16231031	42	STIM=8
16237100	42	RESP=2
16248739	42	STIM=9
16257653	42	RESP=2
16265588	42	STIM=f
16272275	42	RESP=1
16281471	42	STIM=6
16286803	42	RESP=2
16299046	42	STIM=f
16303121	42	RESP=1
16316159	42	STIM=g
16321405	42	RESP=1
16331806	42	STIM=g
16341055	42	RESP=1
16348639	42	STIM=y
16353540	42	RESP=1
16366455	42	STIM=c
16374114	42	RESP=1
16381731	42	STIM=i
16385045	42	RESP=1
16397997	42	STIM=r
16401335	42	RESP=2
16413813	42	STIM=j
16423318	42	RESP=1
16431764	42	STIM=w
16438248	42	RESP=1
16449177	42	STIM=7
16455971	42	RESP=2
16468150	42	STIM=8
16473498	42	RESP=2
16483165	42	STIM=s
16488652	42	RESP=2
16499078	42	STIM=2
16504399	42	RESP=2
16516433	42	STIM=a
16521712	42	RESP=1
16531942	42	STIM=w
16536064	42	RESP=1
16550783	42	STIM=q
16561518	42	RESP=1
16567255	42	STIM=m
16573267	42	RESP=1
16582445	42	STIM=s
16587910	42	RESP=1
16600581	42	STIM=v
16604239	42	RESP=1
16617561	42	STIM=b
16621409	42	RESP=1
16634072	42	STIM=0
16637503	42	RESP=2
16652546	42	STIM=r
16658202	42	RESP=1
16669618	42	STIM=2
16677898	42	RESP=2
16688113	42	STIM=k
16694081	42	RESP=1
16705645	42	STIM=m
16711040	42	RESP=1
16720975	42	STIM=d
16729185	42	RESP=1
16736390	42	STIM=8
16741619	42	RESP=2
16753271	42	STIM=o
16756607	42	RESP=1
16769069	42	STIM=b
16775966	42	RESP=1
16787747	42	STIM=y
16793691	42	RESP=1
16806032	42	STIM=l
16812733	42	RESP=1
16823771	42	STIM=w
16829742	42	RESP=1
16842518	42	STIM=r
16846715	42	RESP=2
16858664	42	STIM=o
16863420	42	RESP=1
16874481	42	STIM=a
16880717	42	RESP=1
16892920	42	STIM=2
16899252	42	RESP=2
16911663	42	STIM=r
16914911	42	RESP=2
16930262	42	STIM=0
16937774	42	RESP=2
16946917	42	STIM=o
16954458	42	RESP=1
16963456	42	STIM=l
16968993	42	RESP=1
16981215	42	STIM=c
16989551	42	RESP=1
16999671	42	STIM=w
17007886	42	RESP=1
17016740	42	STIM=n
17027115	42	RESP=1
17032588	42	STIM=h
17036674	42	RESP=1
17050326	42	STIM=e
17058641	42	RESP=1
17065333	42	STIM=o
17074324	42	RESP=1
17082637	42	STIM=s
17089999	42	RESP=1
17098322	42	STIM=z
17105458	42	RESP=1
17116623	42	STIM=o
17120815	42	RESP=1
17134905	42	STIM=j
17140813	42	RESP=1
17151358	42	STIM=c
17155722	42	RESP=1
17169076	42	STIM=3
17178754	42	RESP=2
17184587	42	STIM=c
17190035	42	RESP=1
17202826	42	STIM=h
17205667	42	RESP=1
17220305	42	STIM=w
17224841	42	RESP=1
17237160	42	STIM=x
17243980	42	RESP=1
17256103	42	STIM=g
17261593	42	RESP=1
17274423	42	STIM=2
17282120	42	RESP=2
17291057	42	STIM=2
17301716	42	RESP=2
17307835	42	STIM=c
17313060	42	RESP=1
17324976	42	STIM=r
17328569	42	RESP=1
17341327	42	STIM=p
17344807	42	RESP=1
17357403	42	STIM=a
17363544	42	RESP=1
17373968	42	STIM=a
17377901	42	RESP=2
17389825	42	STIM=5
17400362	42	RESP=1
17407035	42	STIM=s
17412048	42	RESP=2
17422459	42	STIM=e
17427967	42	RESP=1
17438861	42	STIM=v
17450831	42	RESP=1
17457471	42	STIM=k
17463670	42	RESP=1
17473904	42	STIM=o
17481091	42	RESP=1
17490199	42	STIM=5
17498415	42	RESP=2
17505766	42	STIM=0
17512116	42	RESP=2
17520909	42	STIM=i
17524592	42	RESP=1
17539170	42	STIM=3
17545289	42	RESP=2
17556183	42	STIM=y
17563241	42	RESP=1
17573737	42	STIM=j
17585499	42	RESP=1
17591524	42	STIM=p
17595148	42	RESP=1
17607945	42	STIM=y
17619427	42	RESP=1
17625244	42	STIM=u
17630719	42	RESP=1
17641311	42	STIM=t
17646134	42	RESP=1
17660172	42	STIM=6
17666739	42	RESP=2
17676261	42	STIM=1
17681197	42	RESP=2
17693074	42	STIM=z
17698706	42	RESP=1
17709077	42	STIM=k
17717456	42	RESP=1
17726868	42	STIM=7
17734437	42	RESP=2
17743935	42	STIM=0
17748798	42	RESP=1
17759626	42	STIM=w
17764352	42	RESP=1
17777334	42	STIM=p
17783749	42	RESP=1
17794337	42	STIM=x
17800738	42	RESP=1
17810741	42	STIM=2
17819946	42	RESP=2
17827574	42	STIM=e
17835020	42	RESP=1
17843430	42	STIM=1
17849217	42	RESP=2
17861201	42	STIM=r
17865256	42	RESP=1
17880174	42	STIM=q
17887167	42	RESP=1
17898361	42	STIM=f
17903013	42	RESP=1
17916392	42	STIM=2
17924687	42	RESP=2
17933743	42	STIM=i
17937562	42	RESP=1
17948807	42	STIM=5
17961171	42	RESP=2
17965740	42	STIM=c
17977191	42	RESP=1
17981376	42	STIM=d
17987424	42	RESP=1
17996623	42	STIM=n
18000120	42	RESP=2
18013169	42	STIM=5
18018537	42	RESP=2
18029182	42	STIM=w
18033436	42	RESP=1
18045848	42	STIM=j
18052314	42	RESP=1
18063365	42	STIM=2
18074391	42	RESP=2
18081415	42	STIM=2
18091048	42	RESP=2
18098373	42	STIM=w
18104700	42	RESP=1
18116383	42	STIM=p
18120648	42	RESP=1
18134007	42	STIM=w
18140399	42	RESP=1
18149246	42	STIM=1
18153496	42	RESP=2
18166013	42	STIM=f
18169985	42	RESP=1
18182183	42	STIM=3
18186639	42	RESP=2
18197374	42	STIM=1
18202240	42	RESP=2
18213488	42	STIM=y
18218081	42	RESP=1
18230700	42	STIM=b
18240174	42	RESP=1
18247510	42	STIM=o
18252660	42	RESP=1
18263019	42	STIM=s
18268720	42	RESP=1
18281671	42	STIM=p
18286025	42	RESP=1
18300249	42	STIM=l
18305213	42	RESP=1
18319179	42	STIM=2
18329750	42	RESP=2
18337958	42	STIM=3
18342736	42	RESP=2
18353043	42	STIM=r
18359479	42	RESP=1
18371676	42	STIM=o
18378334	42	RESP=1
18388148	42	STIM=b
18391919	42	RESP=1
18406053	42	STIM=1
18415611	42	RESP=2
18423957	42	STIM=4
18433086	42	RESP=2
18439133	42	STIM=g
18450155	42	RESP=1
18454890	42	STIM=f
18460688	42	RESP=1
18473464	42	STIM=r
18480265	42	RESP=1
18492290	42	STIM=p
18497077	42	RESP=1
18511213	42	STIM=8
18518910	42	RESP=2
18529069	42	STIM=g
18538660	42	RESP=1
18547106	42	STIM=r
18555268	42	RESP=2
18562607	42	STIM=t
18570816	42	RESP=1
18580841	42	STIM=l
18586042	42	RESP=1
18596462	42	STIM=b
18600086	42	RESP=1
18612033	42	STIM=3
18618653	42	RESP=1
18630904	42	STIM=a
18635527	42	RESP=1
18648169	42	STIM=z
18653765	42	RESP=1
18664302	42	STIM=n
18677542	42	RESP=1
18680115	42	STIM=3
18686804	42	RESP=2
18695312	42	STIM=2
18703361	42	RESP=2
18712353	42	STIM=9
18718797	42	RESP=1
18728510	42	STIM=q
18734646	42	RESP=1
18743534	42	STIM=t
18747914	42	RESP=1
18761015	42	STIM=u
18765006	42	RESP=1
18776673	42	STIM=7
18783358	42	RESP=2
18793494	42	STIM=p
18799768	42	RESP=1
18811839	42	STIM=e
18818130	42	RESP=1
18828074	42	STIM=p
18834403	42	RESP=1
18844393	42	STIM=2
18851274	42	RESP=2
18860468	42	STIM=3
18866142	42	RESP=2
18877295	42	STIM=7
18887771	42	RESP=2
18892903	42	STIM=6
18898282	42	RESP=1
18908408	42	STIM=w
18914087	42	RESP=1
18923950	42	STIM=d
18930435	42	RESP=1
18939175	42	STIM=w
18946020	42	RESP=1
18957656	42	STIM=c
18961741	42	RESP=2
18975056	42	STIM=c
18984589	42	RESP=1
18991000	42	STIM=v
18999816	42	RESP=1
19006521	42	STIM=w
19009831	42	RESP=1
19024645	42	STIM=0
19028719	42	RESP=2
19041690	42	STIM=g
19049033	42	RESP=1
19057693	42	STIM=h
19066298	42	RESP=1
19074750	42	STIM=z
19083775	42	RESP=1
19091644	42	STIM=v
19101746	42	RESP=1
19108338	42	STIM=z
19118042	42	RESP=1
19123701	42	STIM=2
19128815	42	RESP=2
19141102	42	STIM=q
19144565	42	RESP=2
19158016	42	STIM=m
19161354	42	RESP=1
19175521	42	STIM=g
19181609	42	RESP=1
19193919	42	STIM=j
19203303	42	RESP=1
19209179	42	STIM=m
19214790	42	RESP=1
19225298	42	STIM=m
19234723	42	RESP=1
19242101	42	STIM=5
19249979	42	RESP=2
19260843	42	STIM=3
19269223	42	RESP=2
19277096	42	STIM=0
19285895	42	RESP=2
19294170	42	STIM=k
19299997	42	RESP=1
19309875	42	STIM=0
19319933	42	RESP=1
19325876	42	STIM=k
19331064	42	RESP=1
19344045	42	STIM=s
19347811	42	RESP=1
19359092	42	STIM=c
19368968	42	RESP=1
19377847	42	STIM=k
19383440	42	RESP=1
19394662	42	STIM=i
19398490	42	RESP=1
19410058	42	STIM=j
19416875	42	RESP=1
19425655	42	STIM=3
19432652	42	RESP=2
19441176	42	STIM=x
19451284	42	RESP=1
19457549	42	STIM=t
19460544	42	RESP=1
19473432	42	STIM=w
19477554	42	RESP=1
19489245	42	STIM=q
19494042	42	RESP=1
19508102	42	STIM=m
19513329	42	RESP=1
19525056	42	STIM=f
19530596	42	RESP=2
19540831	42	STIM=y
19550313	42	RESP=1
19559809	42	STIM=c
19563098	42	RESP=1
19575478	42	STIM=h
19578953	42	RESP=1
19593057	42	STIM=a
19599976	42	RESP=1
19608587	42	STIM=n
19612939	42	RESP=1
19626060	42	STIM=d
19629510	42	RESP=1
19642507	42	STIM=5
19649621	42	RESP=2
19659013	42	STIM=w
19663914	42	RESP=1
19675539	42	STIM=1
19689166	42	RESP=1
19691538	42	STIM=w
19694647	42	RESP=2
19708934	42	STIM=t
19716009	42	RESP=1
19724519	42	STIM=l
19733613	42	RESP=1
19739693	42	STIM=9
19746604	42	RESP=1
19756461	42	STIM=n
19762155	42	RESP=1
19773342	42	STIM=n
19780093	42	RESP=1
19791515	42	STIM=y
19796737	42	RESP=1
19809323	42	STIM=v
19815124	42	RESP=1
19825765	42	STIM=u
19831968	42	RESP=1
19840937	42	STIM=w
19847181	42	RESP=1
19859693	42	STIM=2
19863998	42	RESP=2
19877448	42	STIM=4
19890895	42	RESP=2
19894211	42	STIM=1
19904615	42	RESP=1
19912875	42	STIM=b
19918847	42	RESP=1
19930677	42	STIM=s
19937145	42	RESP=1
19947295	42	STIM=n
19951305	42	RESP=1
19963837	42	STIM=8
19967430	42	RESP=2
19979788	42	STIM=f
19984585	42	RESP=1
19997807	42	STIM=7
20004719	42	RESP=2
20013253	42	STIM=5
20016984	42	RESP=2
20029208	42	STIM=z
20031802	42	RESP=1
20048198	42	STIM=8
20052713	42	RESP=2
20064594	42	STIM=e
20067233	42	RESP=1
20080777	42	STIM=d
20086589	42	RESP=1
20096559	42	STIM=s
20099843	42	RESP=1
20113080	42	STIM=a
20120085	42	RESP=1
20129762	42	STIM=t
20133169	42	RESP=1
20145008	42	STIM=w
20158913	42	RESP=1
20162227	42	STIM=q
20169229	42	RESP=1
20180489	42	STIM=w
20183361	42	RESP=1
20198584	42	STIM=0
20206163	42	RESP=2
20216668	42	STIM=z
20221373	42	RESP=1
20234125	42	STIM=7
20240672	42	RESP=2
20252809	42	STIM=r
20264617	42	RESP=1
20271480	42	STIM=o
20275292	42	RESP=1
20290056	42	STIM=j
20297073	42	RESP=1
20306012	42	STIM=t
20310409	42	RESP=1
20321237	42	STIM=k
20328179	42	RESP=1
20339082	42	STIM=q
20343898	42	RESP=1
20356593	42	STIM=w
20364148	42	RESP=2
20374262	42	STIM=l
20377621	42	RESP=1
20391418	42	STIM=p
20396545	42	RESP=1
20408143	42	STIM=s
20414270	42	RESP=1
20424929	42	STIM=v
20429895	42	RESP=1
20441742	42	STIM=m
20447137	42	RESP=1
20459145	42	STIM=i
20465035	42	RESP=2
20477385	42	STIM=v
20481792	42	RESP=1
20492795	42	STIM=q
20498400	42	RESP=1
20511588	42	STIM=d
20517707	42	RESP=1
20530189	42	STIM=h
20534040	42	RESP=1
20547628	42	STIM=i
20550091	42	RESP=1
20565304	42	STIM=w
20569962	42	RESP=1
20581994	42	STIM=d
20590455	42	RESP=1
20600140	42	STIM=m
20604219	42	RESP=1
20616826	42	STIM=y
20624207	42	RESP=1
20632465	42	STIM=g
20639404	42	RESP=1
20650925	42	STIM=2
20656522	42	RESP=2
20669592	42	STIM=l
20674876	42	RESP=1
20685783	42	STIM=l
20689202	42	RESP=1
20702597	42	STIM=f
20706871	42	RESP=1
20720349	42	STIM=x
20726221	42	RESP=1
20735893	42	STIM=a
20744371	42	RESP=1
20751808	42	STIM=s
20758345	42	RESP=1
20766999	42	STIM=5
20771244	42	RESP=2
20782174	42	STIM=c
20790454	42	RESP=1
20801091	42	STIM=i
20805968	42	RESP=1
20818621	42	STIM=b
20825766	42	RESP=1
20836733	42	STIM=n
20844765	42	RESP=2
20852850	42	STIM=4
20858110	42	RESP=2
20870055	42	STIM=b
20876275	42	RESP=1
20888249	42	STIM=h
20893916	42	RESP=1
20906196	42	STIM=i
20913216	42	RESP=1
20921318	42	STIM=a
20929973	42	RESP=1
20939421	42	STIM=z
20946274	42	RESP=1
20956808	42	STIM=s
20962450	42	RESP=1
20973680	42	STIM=m
20978798	42	RESP=1
20988932	42	STIM=j
20994026	42	RESP=1
21006797	42	STIM=u
21012375	42	RESP=1
21023799	42	STIM=k
21027016	42	RESP=1
21040160	42	STIM=6
21049899	42	RESP=2
21055629	42	STIM=l
21058270	42	RESP=1
21072937	42	STIM=c
21077610	42	RESP=1
21089716	42	STIM=z
21098445	42	RESP=1
21105581	42	STIM=d
21111408	42	RESP=1
21121763	42	STIM=n
21125938	42	RESP=1
21138972	42	STIM=8
21144826	42	RESP=2
21154268	42	STIM=8
21160422	42	RESP=2
21172771	42	STIM=s
21181456	42	RESP=1
21189447	42	STIM=c
21199765	42	RESP=1
21204469	42	STIM=z
21207656	42	RESP=1
21220996	42	STIM=d
21226639	42	RESP=1
21236732	42	STIM=t
21249928	42	RESP=1
21253622	42	STIM=r
21258585	42	RESP=1
21270589	42	STIM=v
21277303	42	RESP=1
21285617	42	STIM=i
21291094	42	RESP=1
21301313	42	STIM=w
21308806	42	RESP=1
21319049	42	STIM=r
21324164	42	RESP=1
21336333	42	STIM=o
21341145	42	RESP=1
21355002	42	STIM=h
21358235	42	RESP=1
21371359	42	STIM=u
21376038	42	RESP=2
21387515	42	STIM=m
21391536	42	RESP=1
21406047	42	STIM=3
21411316	42	RESP=2
21423294	42	STIM=j
21430583	42	RESP=1
21439040	42	STIM=b
21447070	42	RESP=1
21457036	42	STIM=g
21465630	42	RESP=1
21475161	42	STIM=w
21481451	42	RESP=1
21492432	42	STIM=a
21504510	42	RESP=1
21510902	42	STIM=h
21516317	42	RESP=1
21528773	42	STIM=m
21533171	42	RESP=1
21544657	42	STIM=a
21550306	42	RESP=1
21560872	42	STIM=h
21565943	42	RESP=1
21579127	42	STIM=n
21583407	42	RESP=1
21595332	42	STIM=o
21602943	42	RESP=1
21611279	42	STIM=n
21614387	42	RESP=1
21629519	42	STIM=z
21637950	42	RESP=1
21646873	42	STIM=d
21649950	42	RESP=1
21663559	42	STIM=3
21672475	42	RESP=2
21678791	42	STIM=3
21683371	42	RESP=2
21695250	42	STIM=2
21701570	42	RESP=2
21710523	42	STIM=k
21715999	42	RESP=1
21726353	42	STIM=8
21733935	42	RESP=2
