# Original filename: 0039_WSW_2017-05-20.log
# Time unit: 100 us
# RARECAT=digit
#
# Time	HHGG	Event
38497	42	STIM=w
45432	42	RESP=1
55615	42	STIM=s
59473	42	RESP=1
74490	42	STIM=m
79846	42	RESP=1
92931	42	STIM=e
98234	42	RESP=1
110067	42	STIM=u
114579	42	RESP=1
127646	42	STIM=z
131504	42	RESP=1
142946	42	STIM=c
152754	42	RESP=1
159108	42	STIM=x
164269	42	RESP=1
177991	42	STIM=q
180725	42	RESP=1
194642	42	STIM=n
199945	42	RESP=1
210112	42	STIM=3
216468	42	RESP=2
227820	42	STIM=a
232116	42	RESP=1
244132	42	STIM=f
257634	42	RESP=1
259256	42	STIM=m
265637	42	RESP=1
276921	42	STIM=s
282424	42	RESP=1
292957	42	STIM=x
302881	42	RESP=1
310757	42	STIM=l
313562	42	RESP=1
327078	42	STIM=e
333254	42	RESP=2
345411	42	STIM=m
348348	42	RESP=1
364184	42	STIM=l
369494	42	RESP=1
380606	42	STIM=i
387363	42	RESP=1
396930	42	STIM=y
401370	42	RESP=2
412104	42	STIM=z
419651	42	RESP=1
430854	42	STIM=c
436085	42	RESP=1
447590	42	STIM=o
451190	42	RESP=1
462728	42	STIM=d
465831	42	RESP=2
480765	42	STIM=7
489684	42	RESP=2
497709	42	STIM=y
505296	42	RESP=1
514519	42	STIM=a
520347	42	RESP=1
531653	42	STIM=8
543541	42	RESP=2
550007	42	STIM=r
557964	42	RESP=1
567733	42	STIM=h
571208	42	RESP=2
583550	42	STIM=x
591874	42	RESP=1
599823	42	STIM=m
606837	42	RESP=1
615184	42	STIM=3
620867	42	RESP=2
631496	42	STIM=e
635235	42	RESP=1
647474	42	STIM=6
652783	42	RESP=2
663760	42	STIM=y
672506	42	RESP=1
681920	42	STIM=5
687950	42	RESP=2
698454	42	STIM=e
704944	42	RESP=1
714656	42	STIM=w
718336	42	RESP=1
732539	42	STIM=n
736899	42	RESP=1
750200	42	STIM=i
754174	42	RESP=1
768489	42	STIM=n
772153	42	RESP=2
786110	42	STIM=t
797086	42	RESP=1
804562	42	STIM=y
809045	42	RESP=1
822720	42	STIM=j
830624	42	RESP=1
839185	42	STIM=4
847315	42	RESP=1
854776	42	STIM=c
861714	42	RESP=1
873301	42	STIM=g
876773	42	RESP=1
891175	42	STIM=f
896647	42	RESP=1
907158	42	STIM=l
910127	42	RESP=1
925160	42	STIM=4
929132	42	RESP=2
940879	42	STIM=y
946942	42	RESP=2
956553	42	STIM=d
960287	42	RESP=1
972744	42	STIM=o
978679	42	RESP=1
988040	42	STIM=5
993774	42	RESP=2
1004783	42	STIM=4
1011847	42	RESP=1
1023415	42	STIM=l
1026507	42	RESP=2
1040161	42	STIM=9
1045367	42	RESP=2
1055412	42	STIM=k
1063610	42	RESP=1
1070625	42	STIM=a
1073889	42	RESP=2
1088114	42	STIM=r
1094738	42	RESP=1
1104310	42	STIM=i
1110086	42	RESP=1
1121742	42	STIM=p
1128988	42	RESP=1
1137245	42	STIM=z
1140534	42	RESP=1
1154495	42	STIM=r
1159734	42	RESP=1
1171270	42	STIM=v
1175835	42	RESP=1
1189861	42	STIM=l
1199246	42	RESP=1
1208707	42	STIM=r
1217123	42	RESP=1
1225199	42	STIM=w
1228900	42	RESP=1
1240800	42	STIM=d
1246335	42	RESP=1
1258531	42	STIM=u
1265567	42	RESP=1
1274890	42	STIM=1
1282481	42	RESP=2
1291735	42	STIM=s
1299439	42	RESP=1
1309679	42	STIM=6
1314812	42	RESP=2
1326621	42	STIM=r
1332150	42	RESP=1
1343471	42	STIM=x
1353019	42	RESP=1
1359996	42	STIM=g
1367865	42	RESP=1
1378086	42	STIM=l
1383993	42	RESP=1
1396854	42	STIM=p
1405954	42	RESP=1
1415559	42	STIM=y
1418815	42	RESP=1
1431571	42	STIM=n
1435501	42	RESP=1
1449267	42	STIM=c
1453668	42	RESP=1
1466013	42	STIM=x
1470002	42	RESP=1
1484933	42	STIM=m
1490760	42	RESP=1
1502641	42	STIM=e
1509036	42	RESP=1
1521366	42	STIM=d
1529962	42	RESP=1
1537634	42	STIM=w
1541664	42	RESP=1
1556293	42	STIM=u
1561116	42	RESP=1
1572159	42	STIM=l
1580754	42	RESP=1
1588758	42	STIM=7
1592669	42	RESP=1
1604119	42	STIM=e
1612518	42	RESP=1
1620941	42	STIM=4
1626993	42	RESP=2
1638975	42	STIM=m
1642825	42	RESP=1
1655980	42	STIM=p
1665806	42	RESP=1
1672132	42	STIM=h
1675361	42	RESP=1
1687646	42	STIM=8
1691901	42	RESP=2
1702802	42	STIM=1
1706207	42	RESP=2
1719714	42	STIM=z
1727175	42	RESP=1
1736594	42	STIM=f
1744495	42	RESP=1
1753732	42	STIM=j
1761446	42	RESP=1
1770906	42	STIM=k
1775793	42	RESP=1
1786299	42	STIM=q
1791785	42	RESP=1
1802101	42	STIM=j
1809038	42	RESP=1
1817950	42	STIM=b
1824218	42	RESP=1
1834641	42	STIM=9
1839373	42	RESP=1
1850987	42	STIM=2
1856216	42	RESP=2
1868487	42	STIM=u
1872095	42	RESP=1
1883698	42	STIM=u
1889316	42	RESP=1
1900515	42	STIM=4
1905069	42	RESP=2
1916832	42	STIM=j
1923945	42	RESP=1
1934861	42	STIM=q
1938552	42	RESP=1
1953255	42	STIM=z
1959710	42	RESP=1
1968866	42	STIM=s
1973223	42	RESP=1
1985999	42	STIM=9
1993474	42	RESP=2
2001624	42	STIM=w
2005990	42	RESP=1
2020256	42	STIM=0
2030627	42	RESP=2
2035748	42	STIM=v
2045845	42	RESP=1
2054478	42	STIM=v
2059401	42	RESP=1
2070325	42	STIM=y
2072962	42	RESP=1
2086191	42	STIM=8
2094174	42	RESP=2
2103769	42	STIM=i
2110526	42	RESP=1
2119702	42	STIM=w
2126889	42	RESP=1
2137019	42	STIM=s
2142021	42	RESP=1
2152614	42	STIM=f
2158617	42	RESP=1
2169826	42	STIM=5
2177210	42	RESP=2
2186072	42	STIM=x
2190418	42	RESP=1
2204405	42	STIM=u
2209846	42	RESP=1
2221587	42	STIM=v
2227229	42	RESP=1
2239226	42	STIM=a
2243896	42	RESP=1
2255431	42	STIM=z
2260541	42	RESP=1
2272971	42	STIM=i
2277074	42	RESP=1
2289809	42	STIM=l
2293928	42	RESP=1
2304815	42	STIM=l
2310546	42	RESP=1
2321380	42	STIM=5
2328198	42	RESP=2
2337985	42	STIM=x
2345693	42	RESP=1
2356317	42	STIM=e
2359575	42	RESP=1
2372368	42	STIM=v
2377890	42	RESP=1
2388195	42	STIM=w
2392617	42	RESP=1
2406054	42	STIM=u
2408670	42	RESP=1
2424760	42	STIM=4
2431366	42	RESP=2
2442103	42	STIM=l
2447440	42	RESP=1
2458723	42	STIM=c
2470201	42	RESP=1
2476006	42	STIM=p
2478977	42	RESP=1
2491014	42	STIM=2
2498679	42	RESP=2
2508641	42	STIM=l
2511991	42	RESP=1
2526418	42	STIM=e
2533969	42	RESP=1
2544231	42	STIM=v
2549656	42	RESP=1
2562184	42	STIM=6
2568071	42	RESP=2
2579989	42	STIM=l
2585310	42	RESP=1
2596618	42	STIM=r
2608107	42	RESP=1
2613083	42	STIM=5
2621476	42	RESP=2
2631213	42	STIM=g
2638643	42	RESP=1
2647974	42	STIM=v
2652766	42	RESP=1
2663837	42	STIM=4
2675286	42	RESP=2
2680320	42	STIM=t
2683965	42	RESP=1
2698893	42	STIM=8
2704489	42	RESP=2
2716844	42	STIM=2
2730277	42	RESP=1
2731973	42	STIM=u
2735314	42	RESP=1
2748066	42	STIM=k
2754808	42	RESP=1
2763733	42	STIM=x
2768355	42	RESP=1
2779816	42	STIM=u
2785682	42	RESP=1
2796685	42	STIM=7
2804090	42	RESP=2
2811892	42	STIM=z
2814873	42	RESP=1
2829884	42	STIM=7
2837214	42	RESP=2
2845953	42	STIM=g
2851333	42	RESP=1
2862433	42	STIM=d
2869126	42	RESP=1
2878731	42	STIM=d
2884205	42	RESP=1
2893771	42	STIM=b
2899857	42	RESP=1
2910834	42	STIM=f
2918158	42	RESP=1
2926216	42	STIM=x
2935823	42	RESP=2
2942782	42	STIM=f
2948884	42	RESP=1
2960759	42	STIM=l
2968620	42	RESP=1
2976468	42	STIM=j
2983992	42	RESP=1
2993449	42	STIM=j
2997047	42	RESP=1
3009075	42	STIM=b
3016407	42	RESP=1
3025021	42	STIM=k
3030647	42	RESP=1
3042349	42	STIM=q
3046914	42	RESP=1
3058485	42	STIM=9
3066314	42	RESP=2
3076219	42	STIM=l
3080733	42	RESP=1
3092576	42	STIM=e
3105639	42	RESP=1
3111104	42	STIM=f
3119149	42	RESP=1
3127450	42	STIM=u
3134408	42	RESP=1
3143895	42	STIM=a
3150193	42	RESP=1
3159959	42	STIM=9
3163801	42	RESP=1
3177808	42	STIM=4
3184301	42	RESP=2
3193781	42	STIM=g
3207480	42	RESP=1
3212506	42	STIM=z
3217028	42	RESP=1
3230618	42	STIM=2
3241548	42	RESP=1
3247571	42	STIM=u
3253450	42	RESP=1
3265159	42	STIM=f
3272729	42	RESP=1
3282319	42	STIM=7
3295883	42	RESP=2
3300753	42	STIM=p
3309350	42	RESP=1
3316089	42	STIM=9
3324615	42	RESP=2
3332310	42	STIM=0
3335910	42	RESP=2
3348471	42	STIM=4
3353931	42	RESP=2
3363815	42	STIM=o
3368939	42	RESP=1
3382621	42	STIM=g
3389559	42	RESP=1
3398298	42	STIM=p
3402164	42	RESP=1
3417036	42	STIM=h
3424612	42	RESP=1
3432770	42	STIM=s
3435407	42	RESP=1
3449193	42	STIM=x
3455004	42	RESP=1
3466379	42	STIM=y
3470293	42	RESP=1
3484230	42	STIM=g
3487426	42	RESP=1
3499862	42	STIM=y
3505629	42	RESP=1
3515646	42	STIM=4
3522682	42	RESP=2
3531281	42	STIM=b
3534840	42	RESP=2
3549847	42	STIM=w
3555391	42	RESP=1
3565829	42	STIM=0
3571371	42	RESP=2
3582220	42	STIM=m
3586520	42	RESP=1
3597761	42	STIM=7
3604484	42	RESP=2
3616410	42	STIM=v
3623646	42	RESP=1
3634139	42	STIM=p
3643782	42	RESP=1
3649365	42	STIM=x
3654849	42	RESP=1
3665626	42	STIM=g
3669360	42	RESP=1
3681348	42	STIM=h
3686283	42	RESP=1
3698432	42	STIM=x
3702076	42	RESP=1
3714375	42	STIM=y
3717455	42	RESP=1
3730038	42	STIM=g
3736286	42	RESP=2
3746014	42	STIM=t
3751137	42	RESP=1
3763118	42	STIM=j
3766080	42	RESP=1
3781593	42	STIM=r
3789973	42	RESP=1
3797455	42	STIM=j
3803081	42	RESP=1
3816023	42	STIM=t
3820031	42	RESP=2
3832095	42	STIM=0
3837637	42	RESP=2
3849163	42	STIM=4
3858464	42	RESP=2
3865188	42	STIM=n
3868681	42	RESP=1
3882494	42	STIM=a
3889573	42	RESP=1
3898569	42	STIM=z
3903610	42	RESP=1
3914947	42	STIM=l
3919559	42	RESP=1
3930617	42	STIM=9
3940767	42	RESP=2
3947964	42	STIM=w
3950885	42	RESP=1
3965771	42	STIM=n
3974006	42	RESP=1
3982889	42	STIM=n
3989085	42	RESP=1
4001683	42	STIM=n
4005189	42	RESP=1
4016957	42	STIM=i
4020196	42	RESP=1
4034473	42	STIM=a
4044231	42	RESP=1
4053025	42	STIM=r
4059411	42	RESP=1
4071767	42	STIM=u
4078955	42	RESP=1
4088189	42	STIM=b
4093411	42	RESP=1
4105770	42	STIM=y
4108777	42	RESP=1
4122096	42	STIM=q
4127147	42	RESP=1
4139606	42	STIM=6
4145076	42	RESP=2
4157951	42	STIM=f
4162379	42	RESP=1
4173709	42	STIM=d
4181662	42	RESP=1
4190683	42	STIM=g
4193669	42	RESP=1
4208453	42	STIM=8
4212820	42	RESP=2
4226614	42	STIM=z
4231032	42	RESP=1
4244939	42	STIM=n
4250223	42	RESP=1
4263860	42	STIM=r
4268415	42	RESP=1
4282288	42	STIM=d
4287043	42	RESP=1
4299449	42	STIM=w
4302988	42	RESP=1
4316690	42	STIM=i
4322724	42	RESP=1
4335659	42	STIM=5
4350395	42	RESP=1
4351596	42	STIM=r
4356561	42	RESP=1
4367887	42	STIM=8
4375842	42	RESP=2
4386380	42	STIM=i
4391690	42	RESP=1
4402549	42	STIM=h
4406976	42	RESP=1
4417689	42	STIM=3
4424975	42	RESP=2
4434278	42	STIM=o
4440673	42	RESP=1
4453204	42	STIM=r
4463210	42	RESP=1
4470361	42	STIM=e
4474092	42	RESP=1
4486127	42	STIM=a
4490147	42	RESP=1
4501368	42	STIM=g
4505004	42	RESP=1
4518186	42	STIM=v
4522711	42	RESP=1
4535294	42	STIM=b
4540419	42	RESP=2
4553448	42	STIM=m
4562884	42	RESP=1
4570193	42	STIM=a
4577266	42	RESP=1
4588627	42	STIM=z
4594877	42	RESP=1
4604242	42	STIM=e
4612166	42	RESP=1
4620723	42	STIM=q
4625384	42	RESP=1
4639433	42	STIM=f
4644651	42	RESP=1
4657873	42	STIM=l
4668106	42	RESP=1
4674469	42	STIM=z
4678373	42	RESP=1
4690244	42	STIM=o
4693931	42	RESP=1
4708777	42	STIM=0
4716903	42	RESP=2
4727292	42	STIM=d
4735788	42	RESP=1
4743156	42	STIM=7
4750970	42	RESP=2
4758824	42	STIM=q
4765109	42	RESP=1
4776321	42	STIM=8
4786742	42	RESP=2
4792439	42	STIM=r
4799675	42	RESP=1
4808740	42	STIM=h
4812741	42	RESP=1
4823823	42	STIM=s
4828357	42	RESP=1
4842162	42	STIM=y
4847770	42	RESP=1
4859103	42	STIM=d
4864094	42	RESP=1
4874602	42	STIM=5
4881578	42	RESP=2
4889722	42	STIM=h
4900417	42	RESP=1
4907231	42	STIM=f
4914034	42	RESP=1
4925268	42	STIM=y
4928410	42	RESP=1
4943217	42	STIM=y
4949351	42	RESP=1
4960701	42	STIM=s
4964558	42	RESP=1
4978370	42	STIM=m
4988637	42	RESP=1
4994313	42	STIM=j
4998997	42	RESP=1
5012791	42	STIM=8
5017936	42	RESP=1
5028189	42	STIM=n
5031381	42	RESP=1
5045893	42	STIM=c
5051749	42	RESP=1
5061549	42	STIM=8
5068772	42	RESP=2
5078290	42	STIM=v
5083410	42	RESP=1
5094866	42	STIM=6
5104949	42	RESP=2
5110177	42	STIM=d
5115971	42	RESP=1
5125509	42	STIM=u
5130893	42	RESP=1
5142392	42	STIM=p
5147815	42	RESP=1
5158841	42	STIM=g
5163854	42	RESP=1
5177563	42	STIM=r
5184503	42	RESP=1
5193827	42	STIM=3
5201877	42	RESP=2
5208976	42	STIM=t
5212973	42	RESP=1
5224727	42	STIM=b
5230539	42	RESP=1
5240489	42	STIM=c
5244263	42	RESP=1
5257625	42	STIM=e
5264070	42	RESP=1
5274213	42	STIM=5
5282817	42	RESP=2
5291186	42	STIM=c
5294555	42	RESP=1
5307647	42	STIM=d
5313326	42	RESP=1
5322665	42	STIM=l
5333601	42	RESP=1
5338142	42	STIM=y
5344094	42	RESP=1
5354812	42	STIM=1
5360736	42	RESP=2
5370476	42	STIM=9
5379616	42	RESP=2
5388717	42	STIM=t
5394669	42	RESP=1
5406457	42	STIM=1
5413881	42	RESP=1
5424244	42	STIM=i
5428298	42	RESP=1
5439247	42	STIM=4
5444713	42	RESP=2
5455467	42	STIM=8
5460380	42	RESP=2
5474313	42	STIM=k
5477025	42	RESP=1
5489980	42	STIM=w
5494849	42	RESP=1
5506694	42	STIM=n
5509888	42	RESP=1
5522685	42	STIM=c
5526832	42	RESP=1
5540531	42	STIM=4
5545322	42	RESP=2
5556494	42	STIM=q
5561090	42	RESP=1
5573371	42	STIM=g
5579686	42	RESP=1
5590124	42	STIM=u
5599391	42	RESP=1
5607831	42	STIM=f
5611443	42	RESP=1
5623245	42	STIM=z
5627657	42	RESP=1
5640774	42	STIM=0
5649692	42	RESP=2
5657163	42	STIM=e
5662630	42	RESP=1
5672989	42	STIM=p
5679149	42	RESP=2
5690537	42	STIM=2
5697779	42	RESP=2
5707650	42	STIM=l
5714218	42	RESP=1
5725499	42	STIM=v
5736465	42	RESP=1
5743951	42	STIM=f
5754412	42	RESP=1
5761617	42	STIM=d
5765851	42	RESP=1
5780122	42	STIM=5
5787893	42	RESP=2
5798162	42	STIM=r
5803172	42	RESP=1
5815094	42	STIM=z
5820327	42	RESP=1
5834046	42	STIM=s
5839750	42	RESP=1
5849312	42	STIM=v
5853817	42	RESP=2
5867910	42	STIM=f
5873312	42	RESP=1
5884915	42	STIM=7
5898074	42	RESP=2
5903455	42	STIM=6
5910746	42	RESP=1
5922366	42	STIM=x
5931775	42	RESP=1
5939389	42	STIM=p
5942817	42	RESP=1
5956004	42	STIM=8
5964446	42	RESP=1
5974332	42	STIM=k
5981649	42	RESP=1
5992563	42	STIM=k
6003103	42	RESP=1
6010770	42	STIM=c
6016968	42	RESP=1
6027289	42	STIM=k
6031002	42	RESP=1
6043490	42	STIM=c
6049349	42	RESP=1
6062152	42	STIM=k
6067910	42	RESP=1
6080688	42	STIM=e
6086608	42	RESP=1
6098863	42	STIM=v
6109115	42	RESP=1
6114216	42	STIM=e
6119715	42	RESP=1
6130324	42	STIM=d
6141103	42	RESP=1
6146912	42	STIM=w
6155646	42	RESP=1
6163459	42	STIM=q
6170622	42	RESP=1
6180187	42	STIM=y
6195272	42	RESP=1
6198007	42	STIM=n
6204511	42	RESP=1
6216377	42	STIM=5
6223526	42	RESP=2
6232384	42	STIM=g
6238827	42	RESP=1
6248837	42	STIM=t
6254530	42	RESP=1
6264585	42	STIM=v
6273743	42	RESP=1
6283424	42	STIM=z
6289472	42	RESP=1
6301582	42	STIM=h
6305916	42	RESP=1
6317148	42	STIM=j
6322235	42	RESP=1
6332960	42	STIM=q
6339383	42	RESP=1
6350367	42	STIM=d
6360933	42	RESP=1
6367607	42	STIM=n
6375641	42	RESP=1
6385113	42	STIM=j
6388062	42	RESP=1
6403484	42	STIM=e
6410008	42	RESP=1
6422068	42	STIM=c
6428502	42	RESP=1
6440844	42	STIM=h
6447486	42	RESP=1
6458412	42	STIM=a
6467321	42	RESP=1
6476439	42	STIM=p
6480485	42	RESP=1
6492611	42	STIM=f
6498748	42	RESP=1
6510312	42	STIM=5
6524655	42	RESP=2
6527700	42	STIM=v
6537016	42	RESP=1
6544685	42	STIM=z
6555007	42	RESP=1
6561423	42	STIM=l
6565092	42	RESP=1
6577662	42	STIM=c
6583810	42	RESP=1
6595566	42	STIM=c
6605253	42	RESP=1
6613554	42	STIM=g
6617445	42	RESP=1
6631135	42	STIM=4
6637340	42	RESP=2
6647414	42	STIM=w
6653611	42	RESP=1
6664587	42	STIM=6
6669711	42	RESP=2
6681269	42	STIM=7
6687583	42	RESP=2
6697923	42	STIM=t
6702631	42	RESP=1
6714158	42	STIM=o
6723303	42	RESP=1
6733110	42	STIM=f
6736933	42	RESP=1
6751930	42	STIM=s
6757919	42	RESP=1
6769816	42	STIM=s
6773619	42	RESP=1
6784920	42	STIM=9
6789521	42	RESP=1
6801826	42	STIM=y
6812186	42	RESP=1
6819126	42	STIM=z
6825225	42	RESP=1
6834193	42	STIM=i
6841056	42	RESP=1
6850684	42	STIM=3
6858487	42	RESP=2
6868048	42	STIM=9
6872039	42	RESP=1
6886561	42	STIM=q
6890989	42	RESP=1
6904291	42	STIM=u
6910676	42	RESP=1
6922855	42	STIM=c
6928422	42	RESP=1
6940947	42	STIM=t
6946190	42	RESP=1
6959287	42	STIM=4
6965749	42	RESP=2
6977174	42	STIM=z
6989288	42	RESP=1
6992876	42	STIM=v
6999064	42	RESP=1
7010658	42	STIM=b
7015690	42	RESP=1
7029286	42	STIM=o
7034110	42	RESP=1
7046067	42	STIM=8
7051116	42	RESP=1
7062917	42	STIM=y
7069173	42	RESP=1
7079190	42	STIM=c
7082101	42	RESP=1
7097761	42	STIM=x
7101459	42	RESP=1
7114308	42	STIM=r
7117816	42	RESP=1
7132120	42	STIM=x
7137186	42	RESP=1
7150205	42	STIM=j
7154078	42	RESP=1
7166596	42	STIM=g
7169700	42	RESP=1
7183350	42	STIM=t
7192704	42	RESP=1
7200066	42	STIM=e
7203419	42	RESP=1
7218020	42	STIM=j
7225288	42	RESP=1
7236692	42	STIM=u
7241487	42	RESP=1
7255513	42	STIM=i
7259152	42	RESP=1
7271357	42	STIM=o
7277115	42	RESP=1
7288945	42	STIM=i
7295054	42	RESP=1
7306379	42	STIM=k
7312904	42	RESP=1
7324226	42	STIM=j
7328660	42	RESP=1
7339726	42	STIM=r
7346126	42	RESP=1
7355142	42	STIM=v
7361548	42	RESP=1
7371365	42	STIM=n
7377951	42	RESP=1
7388945	42	STIM=c
7397163	42	RESP=1
7405315	42	STIM=y
7411784	42	RESP=2
7423760	42	STIM=s
7426401	42	RESP=1
7439014	42	STIM=l
7445362	42	RESP=1
7455851	42	STIM=e
7460048	42	RESP=1
7473414	42	STIM=j
7479526	42	RESP=2
7491902	42	STIM=t
7495711	42	RESP=1
7508041	42	STIM=5
7514521	42	RESP=1
7525160	42	STIM=g
7529704	42	RESP=1
7543444	42	STIM=o
7549397	42	RESP=1
7559408	42	STIM=r
7567377	42	RESP=2
7577291	42	STIM=v
7581128	42	RESP=1
7593628	42	STIM=t
7600610	42	RESP=1
7610486	42	STIM=q
7618199	42	RESP=1
7626201	42	STIM=h
7630023	42	RESP=1
7643676	42	STIM=y
7649844	42	RESP=1
7658883	42	STIM=y
7664890	42	RESP=1
7676384	42	STIM=3
7684078	42	RESP=2
7691958	42	STIM=3
7697058	42	RESP=2
7707980	42	STIM=c
7714791	42	RESP=1
7725389	42	STIM=w
7731077	42	RESP=1
7741754	42	STIM=6
7746533	42	RESP=2
7756962	42	STIM=p
7761932	42	RESP=1
7772136	42	STIM=y
7777189	42	RESP=2
7787910	42	STIM=h
7793878	42	RESP=1
7806186	42	STIM=b
7811441	42	RESP=1
7824756	42	STIM=j
7832725	42	RESP=1
7841670	42	STIM=c
7845779	42	RESP=1
7857306	42	STIM=p
7863418	42	RESP=2
7876231	42	STIM=u
7879885	42	RESP=1
7893955	42	STIM=1
7900068	42	RESP=2
7910059	42	STIM=1
7914000	42	RESP=2
7927588	42	STIM=h
7932189	42	RESP=1
7943268	42	STIM=u
7948295	42	RESP=1
7958446	42	STIM=f
7963228	42	RESP=1
7976497	42	STIM=m
7983729	42	RESP=1
7992731	42	STIM=g
7998966	42	RESP=1
8009910	42	STIM=d
8015022	42	RESP=1
8028661	42	STIM=f
8037721	42	RESP=1
8046448	42	STIM=j
8050672	42	RESP=1
8062914	42	STIM=o
8067103	42	RESP=1
8078672	42	STIM=g
8083140	42	RESP=1
8097616	42	STIM=f
8103623	42	RESP=1
8114761	42	STIM=h
8125385	42	RESP=1
8131129	42	STIM=e
8137266	42	RESP=1
8147094	42	STIM=d
8150824	42	RESP=1
8162828	42	STIM=o
8165925	42	RESP=1
8180847	42	STIM=q
8185452	42	RESP=1
8196100	42	STIM=g
8202964	42	RESP=1
8212742	42	STIM=l
8216027	42	RESP=1
8230675	42	STIM=v
8234408	42	RESP=1
8246265	42	STIM=y
8260393	42	RESP=1
8264561	42	STIM=f
8271617	42	RESP=1
8280479	42	STIM=a
8286829	42	RESP=1
8299178	42	STIM=f
8303750	42	RESP=1
8315356	42	STIM=1
8322037	42	RESP=2
8332256	42	STIM=0
8339155	42	RESP=2
8350227	42	STIM=w
8359074	42	RESP=2
8368045	42	STIM=q
8371505	42	RESP=1
8383344	42	STIM=p
8386832	42	RESP=1
8400079	42	STIM=h
8407738	42	RESP=1
8418772	42	STIM=0
8425009	42	RESP=2
8436721	42	STIM=w
8439539	42	RESP=1
8454503	42	STIM=0
8462049	42	RESP=2
8469666	42	STIM=t
8472611	42	RESP=1
8485446	42	STIM=u
8496384	42	RESP=1
8501162	42	STIM=a
8510211	42	RESP=1
8516900	42	STIM=p
8521323	42	RESP=1
8535080	42	STIM=8
8541053	42	RESP=2
8550450	42	STIM=o
8558039	42	RESP=1
8568687	42	STIM=y
8571944	42	RESP=1
8587655	42	STIM=2
8594300	42	RESP=2
8603706	42	STIM=8
8612322	42	RESP=2
8622400	42	STIM=n
8627248	42	RESP=1
8639964	42	STIM=x
8645479	42	RESP=1
8657298	42	STIM=o
8665176	42	RESP=1
8674877	42	STIM=8
8680054	42	RESP=2
8692671	42	STIM=d
8696690	42	RESP=2
8709583	42	STIM=c
8715310	42	RESP=1
8728196	42	STIM=3
8733880	42	RESP=2
8745968	42	STIM=9
8754264	42	RESP=2
8763547	42	STIM=6
8769125	42	RESP=2
8781119	42	STIM=b
8790362	42	RESP=1
8798306	42	STIM=k
8801365	42	RESP=1
8813937	42	STIM=r
8817396	42	RESP=1
8830077	42	STIM=w
8835883	42	RESP=1
8845972	42	STIM=2
8855038	42	RESP=2
8863151	42	STIM=e
8867756	42	RESP=1
8879329	42	STIM=h
8884547	42	RESP=1
8896606	42	STIM=h
8900618	42	RESP=1
8914996	42	STIM=l
8925920	42	RESP=1
8933875	42	STIM=r
8942815	42	RESP=1
8951731	42	STIM=p
8956991	42	RESP=1
8966941	42	STIM=0
8971560	42	RESP=2
8984660	42	STIM=x
8987842	42	RESP=1
9000781	42	STIM=o
9005674	42	RESP=1
9018106	42	STIM=e
9022351	42	RESP=1
9034770	42	STIM=i
9038899	42	RESP=1
9053526	42	STIM=c
9061102	42	RESP=1
9068707	42	STIM=i
9075434	42	RESP=1
9087381	42	STIM=q
9091902	42	RESP=1
9105721	42	STIM=n
9109291	42	RESP=1
9122158	42	STIM=j
9131099	42	RESP=1
9140714	42	STIM=6
9146313	42	RESP=2
9157641	42	STIM=r
9161786	42	RESP=1
9174507	42	STIM=a
9179798	42	RESP=1
9192125	42	STIM=z
9196338	42	RESP=1
9210125	42	STIM=f
9217450	42	RESP=1
9225545	42	STIM=a
9229522	42	RESP=1
9241152	42	STIM=8
9245725	42	RESP=2
9256709	42	STIM=v
9259899	42	RESP=1
9274886	42	STIM=i
9281783	42	RESP=2
9293702	42	STIM=h
9300031	42	RESP=1
9311692	42	STIM=n
9317818	42	RESP=1
9330422	42	STIM=t
9334435	42	RESP=1
9345872	42	STIM=e
9348358	42	RESP=1
9362374	42	STIM=5
9366985	42	RESP=1
9378055	42	STIM=w
9384983	42	RESP=1
9394693	42	STIM=p
9403904	42	RESP=1
9410542	42	STIM=8
9416054	42	RESP=2
9425902	42	STIM=c
9431079	42	RESP=1
9442596	42	STIM=r
9450722	42	RESP=1
9457866	42	STIM=k
9462750	42	RESP=1
9474718	42	STIM=6
9481015	42	RESP=2
9492715	42	STIM=a
9504822	42	RESP=1
9511341	42	STIM=m
9516123	42	RESP=1
9526673	42	STIM=t
9532892	42	RESP=1
9543110	42	STIM=a
9550325	42	RESP=1
9560622	42	STIM=i
9567541	42	RESP=1
9576275	42	STIM=d
9580586	42	RESP=1
9591708	42	STIM=y
9596894	42	RESP=1
9606997	42	STIM=m
9610095	42	RESP=1
9624175	42	STIM=j
9628641	42	RESP=1
9642282	42	STIM=w
9646045	42	RESP=1
9657488	42	STIM=k
9669590	42	RESP=1
9674230	42	STIM=v
9677904	42	RESP=1
9692340	42	STIM=t
9695995	42	RESP=1
9710622	42	STIM=p
9714380	42	RESP=1
9729247	42	STIM=m
9737711	42	RESP=1
9747488	42	STIM=q
9754460	42	RESP=1
9763958	42	STIM=w
9771824	42	RESP=1
9781187	42	STIM=y
9787179	42	RESP=1
9797008	42	STIM=v
9802354	42	RESP=1
9815501	42	STIM=g
9819026	42	RESP=1
9831396	42	STIM=h
9836001	42	RESP=1
9849252	42	STIM=b
9853616	42	RESP=1
9866703	42	STIM=t
9872223	42	RESP=1
9885208	42	STIM=2
9890134	42	RESP=2
9904136	42	STIM=x
9907771	42	RESP=1
9922824	42	STIM=7
9926596	42	RESP=2
9939560	42	STIM=5
9943825	42	RESP=2
9956653	42	STIM=y
9959744	42	RESP=1
9971735	42	STIM=t
9978308	42	RESP=1
9987570	42	STIM=m
9992124	42	RESP=1
10004427	42	STIM=n
10009056	42	RESP=1
10019439	42	STIM=b
10024288	42	RESP=1
10037895	42	STIM=q
10043679	42	RESP=1
10056349	42	STIM=j
10061074	42	RESP=1
10072297	42	STIM=a
10079124	42	RESP=1
10087915	42	STIM=l
10092987	42	RESP=1
10104665	42	STIM=h
10111837	42	RESP=1
10122851	42	STIM=n
10128307	42	RESP=1
10139378	42	STIM=d
10144921	42	RESP=1
10154549	42	STIM=w
10159957	42	RESP=1
10170336	42	STIM=2
10174721	42	RESP=1
10188134	42	STIM=3
10194154	42	RESP=2
10206194	42	STIM=l
10214247	42	RESP=1
10221288	42	STIM=7
10226372	42	RESP=2
10239971	42	STIM=q
10247141	42	RESP=1
10258816	42	STIM=p
10263733	42	RESP=1
10274747	42	STIM=s
10281945	42	RESP=1
10291570	42	STIM=7
10298830	42	RESP=2
10307267	42	STIM=l
10310401	42	RESP=1
10323608	42	STIM=3
10330137	42	RESP=2
10338920	42	STIM=4
10346522	42	RESP=2
10354841	42	STIM=t
10365024	42	RESP=1
10371357	42	STIM=o
10376504	42	RESP=1
10386521	42	STIM=p
10394811	42	RESP=1
10401914	42	STIM=e
10408984	42	RESP=1
10418494	42	STIM=x
10429236	42	RESP=1
10436280	42	STIM=s
10442625	42	RESP=1
10454795	42	STIM=i
10462126	42	RESP=2
10473292	42	STIM=2
10480016	42	RESP=2
10488792	42	STIM=r
10493842	42	RESP=1
10503903	42	STIM=j
10510215	42	RESP=1
10519903	42	STIM=o
10523297	42	RESP=1
10535182	42	STIM=z
10540375	42	RESP=1
10553289	42	STIM=g
10560107	42	RESP=1
10570127	42	STIM=q
10576004	42	RESP=1
10587464	42	STIM=f
10592628	42	RESP=1
10603372	42	STIM=e
10612838	42	RESP=1
10620851	42	STIM=5
10629952	42	RESP=2
10638360	42	STIM=s
10646860	42	RESP=1
10657157	42	STIM=i
10661450	42	RESP=1
10674299	42	STIM=g
10681352	42	RESP=1
10691880	42	STIM=n
10695439	42	RESP=1
10708143	42	STIM=1
10717465	42	RESP=2
10723589	42	STIM=d
10727710	42	RESP=1
10739859	42	STIM=n
10745664	42	RESP=1
10756515	42	STIM=k
10763005	42	RESP=1
10771684	42	STIM=y
10777207	42	RESP=1
10790522	42	STIM=w
10795795	42	RESP=1
10805729	42	STIM=e
10813748	42	RESP=1
10821591	42	STIM=4
10825740	42	RESP=2
10839854	42	STIM=5
10846443	42	RESP=2
10856089	42	STIM=a
10860765	42	RESP=1
10873219	42	STIM=n
10878119	42	RESP=1
10889790	42	STIM=c
10894905	42	RESP=1
10908331	42	STIM=3
10913212	42	RESP=2
10924748	42	STIM=j
10929172	42	RESP=1
10942683	42	STIM=a
10949107	42	RESP=1
10959322	42	STIM=3
10967631	42	RESP=2
10975694	42	STIM=n
10980588	42	RESP=1
10991252	42	STIM=r
10996208	42	RESP=1
11006691	42	STIM=q
11010157	42	RESP=1
11024868	42	STIM=9
11029951	42	RESP=2
11043159	42	STIM=k
11047842	42	RESP=1
11061969	42	STIM=z
11069650	42	RESP=1
11077546	42	STIM=n
11086062	42	RESP=1
11094322	42	STIM=g
11100836	42	RESP=1
11111395	42	STIM=a
11115573	42	RESP=2
11127680	42	STIM=r
11135264	42	RESP=1
11145045	42	STIM=d
11149699	42	RESP=1
11160062	42	STIM=g
11170899	42	RESP=1
11175277	42	STIM=w
11186337	42	RESP=1
11192550	42	STIM=x
11196406	42	RESP=1
11209039	42	STIM=4
11219030	42	RESP=2
11227463	42	STIM=0
11235912	42	RESP=2
11245087	42	STIM=e
11252192	42	RESP=1
11263813	42	STIM=v
11269489	42	RESP=1
11281908	42	STIM=z
11285338	42	RESP=1
11299117	42	STIM=x
11302759	42	RESP=1
11314561	42	STIM=t
11318737	42	RESP=1
11331163	42	STIM=b
11337941	42	RESP=1
11348784	42	STIM=v
11352589	42	RESP=1
11367439	42	STIM=p
11370861	42	RESP=1
11384682	42	STIM=e
11390302	42	RESP=1
11400869	42	STIM=w
11407932	42	RESP=1
11416973	42	STIM=m
11422516	42	RESP=1
11435568	42	STIM=x
11443312	42	RESP=1
11450757	42	STIM=c
11457011	42	RESP=1
11466445	42	STIM=w
11472088	42	RESP=1
11482028	42	STIM=m
11489194	42	RESP=1
11498326	42	STIM=x
11502556	42	RESP=1
11514675	42	STIM=u
11520300	42	RESP=2
11531058	42	STIM=a
11537858	42	RESP=1
11546063	42	STIM=3
11552955	42	RESP=2
11562459	42	STIM=e
11569135	42	RESP=1
11577746	42	STIM=a
11582352	42	RESP=1
11592751	42	STIM=s
11597579	42	RESP=2
11610704	42	STIM=4
11616842	42	RESP=2
11626790	42	STIM=1
11635406	42	RESP=1
11644070	42	STIM=j
11651276	42	RESP=2
11661169	42	STIM=j
11666386	42	RESP=1
11677079	42	STIM=c
11681456	42	RESP=1
11694289	42	STIM=n
11698707	42	RESP=1
11711432	42	STIM=c
11718396	42	RESP=1
11726578	42	STIM=n
11733283	42	RESP=1
11745272	42	STIM=l
11753517	42	RESP=1
11761576	42	STIM=h
11769158	42	RESP=1
11778161	42	STIM=8
11786680	42	RESP=2
11793894	42	STIM=p
11799843	42	RESP=1
11811403	42	STIM=h
11820890	42	RESP=1
11830376	42	STIM=x
11836042	42	RESP=1
11845994	42	STIM=r
11851631	42	RESP=1
11864534	42	STIM=y
11868194	42	RESP=1
11879964	42	STIM=8
11884570	42	RESP=2
11897792	42	STIM=k
11902763	42	RESP=1
11915044	42	STIM=a
11917983	42	RESP=1
11933697	42	STIM=f
11939066	42	RESP=1
11952383	42	STIM=1
11958784	42	RESP=1
11967912	42	STIM=a
11970974	42	RESP=1
11984406	42	STIM=m
11988987	42	RESP=1
12002201	42	STIM=c
12007661	42	RESP=1
12020446	42	STIM=h
12028337	42	RESP=1
12037538	42	STIM=y
12040517	42	RESP=1
12053313	42	STIM=g
12057144	42	RESP=1
12071579	42	STIM=j
12076922	42	RESP=1
12090578	42	STIM=8
12096407	42	RESP=2
12106019	42	STIM=p
12110075	42	RESP=1
12122910	42	STIM=j
12127846	42	RESP=1
12138009	42	STIM=z
12143080	42	RESP=1
12154507	42	STIM=z
12161742	42	RESP=1
12170204	42	STIM=k
12177606	42	RESP=1
12187947	42	STIM=c
12191129	42	RESP=2
12206815	42	STIM=u
12210864	42	RESP=1
12222503	42	STIM=p
12226238	42	RESP=1
12240546	42	STIM=i
12248999	42	RESP=1
12258942	42	STIM=9
12264448	42	RESP=2
12276808	42	STIM=f
12281470	42	RESP=1
12293985	42	STIM=q
12296727	42	RESP=1
12310425	42	STIM=2
12315938	42	RESP=2
12328638	42	STIM=p
12332478	42	RESP=1
12345890	42	STIM=e
12351834	42	RESP=1
12362194	42	STIM=2
12371770	42	RESP=2
12379184	42	STIM=q
12385207	42	RESP=1
12397641	42	STIM=c
12402147	42	RESP=1
12415498	42	STIM=r
12420840	42	RESP=1
12434178	42	STIM=a
12439352	42	RESP=1
12452447	42	STIM=v
12460135	42	RESP=1
12468214	42	STIM=w
12474247	42	RESP=1
12486864	42	STIM=y
12492511	42	RESP=1
12502560	42	STIM=u
12515314	42	RESP=1
12519958	42	STIM=l
12525081	42	RESP=2
12537291	42	STIM=m
12541451	42	RESP=1
12554652	42	STIM=y
12563318	42	RESP=1
12571647	42	STIM=s
12576617	42	RESP=1
12589631	42	STIM=f
12594600	42	RESP=1
12605197	42	STIM=g
12608388	42	RESP=1
12622237	42	STIM=1
12630927	42	RESP=2
12641223	42	STIM=d
12645186	42	RESP=1
12657368	42	STIM=6
12665750	42	RESP=2
12673219	42	STIM=d
12682417	42	RESP=1
12688269	42	STIM=l
12695090	42	RESP=1
12705896	42	STIM=s
12709971	42	RESP=1
12722066	42	STIM=m
12728270	42	RESP=1
12739333	42	STIM=8
12744246	42	RESP=2
12754789	42	STIM=y
12759280	42	RESP=1
12770359	42	STIM=t
12775033	42	RESP=1
12786401	42	STIM=f
12793045	42	RESP=1
12804719	42	STIM=f
12810263	42	RESP=1
12819849	42	STIM=p
12826114	42	RESP=1
12836247	42	STIM=j
12841657	42	RESP=1
12854193	42	STIM=a
12857009	42	RESP=1
12871169	42	STIM=h
12874928	42	RESP=1
12886878	42	STIM=m
12890746	42	RESP=1
12903601	42	STIM=p
12908603	42	RESP=2
12921734	42	STIM=e
12926734	42	RESP=1
12937186	42	STIM=w
12943254	42	RESP=1
12952333	42	STIM=8
12958772	42	RESP=2
12970434	42	STIM=5
12984751	42	RESP=2
12986241	42	STIM=0
12991268	42	RESP=2
13003487	42	STIM=7
13007420	42	RESP=2
13019751	42	STIM=j
13024235	42	RESP=1
13037698	42	STIM=j
13040926	42	RESP=1
13053147	42	STIM=a
13057565	42	RESP=1
13071110	42	STIM=l
13074807	42	RESP=1
13089394	42	STIM=h
13093373	42	RESP=1
13105182	42	STIM=q
13110976	42	RESP=1
13123794	42	STIM=n
13126826	42	RESP=1
13140901	42	STIM=a
13146598	42	RESP=2
13159193	42	STIM=a
13165564	42	RESP=1
13177246	42	STIM=4
13183997	42	RESP=2
13196018	42	STIM=g
13201807	42	RESP=1
13213241	42	STIM=j
13218926	42	RESP=1
13230265	42	STIM=u
13235462	42	RESP=1
13248589	42	STIM=o
13252966	42	RESP=1
13264130	42	STIM=x
13270389	42	RESP=1
13281560	42	STIM=r
13287819	42	RESP=2
13298101	42	STIM=m
13303333	42	RESP=1
13314756	42	STIM=d
13329260	42	RESP=1
13331667	42	STIM=i
13334892	42	RESP=1
13350658	42	STIM=b
13355077	42	RESP=1
13367042	42	STIM=7
13373066	42	RESP=2
13383701	42	STIM=7
13388984	42	RESP=1
13399614	42	STIM=t
13405725	42	RESP=1
13416159	42	STIM=2
13420669	42	RESP=2
13433823	42	STIM=a
13440498	42	RESP=1
13451643	42	STIM=b
13458407	42	RESP=1
13468016	42	STIM=j
13475159	42	RESP=1
13485668	42	STIM=z
13494953	42	RESP=1
13503599	42	STIM=m
13512084	42	RESP=1
13521364	42	STIM=8
13526504	42	RESP=1
13538583	42	STIM=t
13546628	42	RESP=1
13554345	42	STIM=w
13557214	42	RESP=2
13569404	42	STIM=g
13574653	42	RESP=1
13587808	42	STIM=u
13592526	42	RESP=1
13605871	42	STIM=c
13613913	42	RESP=1
13621963	42	STIM=y
13625625	42	RESP=1
13640415	42	STIM=u
13646420	42	RESP=1
13656310	42	STIM=y
13661689	42	RESP=1
13672352	42	STIM=y
13680303	42	RESP=1
13689452	42	STIM=k
13694317	42	RESP=1
13707226	42	STIM=x
13715547	42	RESP=1
13725240	42	STIM=g
13732387	42	RESP=1
13741231	42	STIM=y
13745055	42	RESP=1
13756952	42	STIM=k
13763294	42	RESP=1
13772231	42	STIM=n
13777932	42	RESP=1
13788326	42	STIM=v
13795329	42	RESP=1
13805328	42	STIM=o
13813041	42	RESP=1
13821207	42	STIM=n
13826219	42	RESP=1
13837268	42	STIM=3
13850275	42	RESP=2
13856013	42	STIM=z
13864873	42	RESP=1
13872017	42	STIM=0
13877238	42	RESP=2
13890070	42	STIM=c
13894526	42	RESP=2
13905313	42	STIM=h
13910212	42	RESP=1
13923727	42	STIM=l
13927698	42	RESP=1
13939847	42	STIM=n
13943402	42	RESP=1
13956889	42	STIM=s
13960982	42	RESP=1
13974720	42	STIM=b
13979159	42	RESP=1
13990375	42	STIM=p
13997678	42	RESP=1
14008856	42	STIM=y
14013695	42	RESP=1
14027315	42	STIM=y
14033338	42	RESP=1
14045360	42	STIM=z
14056467	42	RESP=1
14063855	42	STIM=4
14070089	42	RESP=2
14079126	42	STIM=3
14085551	42	RESP=2
14096375	42	STIM=n
14103941	42	RESP=1
14115245	42	STIM=j
14120346	42	RESP=1
14131214	42	STIM=1
14136247	42	RESP=2
14146589	42	STIM=0
14152056	42	RESP=2
14163249	42	STIM=e
14168399	42	RESP=1
14179825	42	STIM=3
14186884	42	RESP=2
14195184	42	STIM=a
14200637	42	RESP=1
14213212	42	STIM=q
14219753	42	RESP=1
14231162	42	STIM=6
14244212	42	RESP=2
14246420	42	STIM=9
14252389	42	RESP=2
14263843	42	STIM=5
14268514	42	RESP=2
14280103	42	STIM=9
14288254	42	RESP=2
14296731	42	STIM=x
14302311	42	RESP=1
14314902	42	STIM=2
14320575	42	RESP=2
14330448	42	STIM=w
14335058	42	RESP=1
14347608	42	STIM=o
14353059	42	RESP=1
14363864	42	STIM=p
14367068	42	RESP=1
14379802	42	STIM=b
14387937	42	RESP=1
14398736	42	STIM=x
14402366	42	RESP=1
14415477	42	STIM=0
14422245	42	RESP=2
14430533	42	STIM=6
14442225	42	RESP=2
14448423	42	STIM=y
14451761	42	RESP=1
14466634	42	STIM=z
14471611	42	RESP=1
14485564	42	STIM=k
14495624	42	RESP=1
14504082	42	STIM=1
14510399	42	RESP=2
14520127	42	STIM=x
14525879	42	RESP=1
14537968	42	STIM=5
14545733	42	RESP=2
14552984	42	STIM=h
14562403	42	RESP=1
14570417	42	STIM=e
14576336	42	RESP=1
14585795	42	STIM=u
14593949	42	RESP=1
14604310	42	STIM=o
14612061	42	RESP=1
14622905	42	STIM=z
14627479	42	RESP=1
14639781	42	STIM=p
14644477	42	RESP=1
14658438	42	STIM=o
14663090	42	RESP=1
14675981	42	STIM=l
14679382	42	RESP=1
14694327	42	STIM=v
14698793	42	RESP=1
14712219	42	STIM=2
14717366	42	RESP=2
14727820	42	STIM=h
14735301	42	RESP=1
14746038	42	STIM=r
14759336	42	RESP=1
14761184	42	STIM=k
14766362	42	RESP=1
14776561	42	STIM=i
14782952	42	RESP=1
14794369	42	STIM=q
14809002	42	RESP=1
14810529	42	STIM=m
14817230	42	RESP=1
14828742	42	STIM=i
14836743	42	RESP=1
14846427	42	STIM=o
14849931	42	RESP=2
14861983	42	STIM=j
14869786	42	RESP=1
14879173	42	STIM=9
14884911	42	RESP=2
14897229	42	STIM=z
14903836	42	RESP=1
14913695	42	STIM=l
14920288	42	RESP=1
14932522	42	STIM=w
14936878	42	RESP=1
14950275	42	STIM=1
14955412	42	RESP=2
14967915	42	STIM=9
14971641	42	RESP=1
14985295	42	STIM=9
14992998	42	RESP=1
15000873	42	STIM=l
15010782	42	RESP=1
15018641	42	STIM=i
15024764	42	RESP=1
15035012	42	STIM=8
15041114	42	RESP=2
15050111	42	STIM=u
15053699	42	RESP=1
15068988	42	STIM=y
15079068	42	RESP=1
15084559	42	STIM=k
15089745	42	RESP=1
15099587	42	STIM=u
15108192	42	RESP=1
15116953	42	STIM=3
15122852	42	RESP=2
15133205	42	STIM=5
15138314	42	RESP=2
15152125	42	STIM=d
15157971	42	RESP=1
15169516	42	STIM=f
15178552	42	RESP=2
15187197	42	STIM=v
15191205	42	RESP=1
15204846	42	STIM=p
15213387	42	RESP=1
15220022	42	STIM=j
15227982	42	RESP=1
15237419	42	STIM=0
15241005	42	RESP=2
15254871	42	STIM=m
15262613	42	RESP=1
15270271	42	STIM=e
15279087	42	RESP=1
15285587	42	STIM=d
15292718	42	RESP=1
15303085	42	STIM=s
15309546	42	RESP=2
15318270	42	STIM=4
15323460	42	RESP=2
15335228	42	STIM=n
15344249	42	RESP=1
15351975	42	STIM=n
15357027	42	RESP=1
15370584	42	STIM=k
15379879	42	RESP=1
15388632	42	STIM=e
15392922	42	RESP=1
15406367	42	STIM=5
15415518	42	RESP=2
15423607	42	STIM=6
15430535	42	RESP=2
15439942	42	STIM=1
15446061	42	RESP=2
15458385	42	STIM=r
15465850	42	RESP=1
15476111	42	STIM=b
15481706	42	RESP=1
15494840	42	STIM=w
15499337	42	RESP=1
15510682	42	STIM=q
15514933	42	RESP=1
15526552	42	STIM=s
15529710	42	RESP=1
15544585	42	STIM=4
15552409	42	RESP=2
15563343	42	STIM=u
15567779	42	RESP=1
15581601	42	STIM=l
15585620	42	RESP=1
15598148	42	STIM=6
15609414	42	RESP=2
15613549	42	STIM=0
15617791	42	RESP=2
15629271	42	STIM=x
15634261	42	RESP=1
15644666	42	STIM=o
15653838	42	RESP=1
15662163	42	STIM=i
15667302	42	RESP=1
15680752	42	STIM=r
15685419	42	RESP=1
15695883	42	STIM=v
15702018	42	RESP=1
15711843	42	STIM=r
15718148	42	RESP=1
15728483	42	STIM=0
15734829	42	RESP=2
15746205	42	STIM=q
15751064	42	RESP=1
15763140	42	STIM=3
15770690	42	RESP=2
15779479	42	STIM=c
15784389	42	RESP=1
15795962	42	STIM=c
15801163	42	RESP=1
15813161	42	STIM=k
15817852	42	RESP=1
15829840	42	STIM=3
15837146	42	RESP=2
15844953	42	STIM=n
15851285	42	RESP=1
15863152	42	STIM=n
15871479	42	RESP=1
15878402	42	STIM=g
15884571	42	RESP=1
15896487	42	STIM=m
15906605	42	RESP=1
15912416	42	STIM=w
15916157	42	RESP=1
15929155	42	STIM=5
15932678	42	RESP=2
15946036	42	STIM=b
15958288	42	RESP=2
15963160	42	STIM=q
15967123	42	RESP=1
15978468	42	STIM=g
15982694	42	RESP=1
15993749	42	STIM=h
15999615	42	RESP=1
16010387	42	STIM=3
16018672	42	RESP=1
16028363	42	STIM=m
16032279	42	RESP=1
16044117	42	STIM=u
16048393	42	RESP=1
16060271	42	STIM=3
16065349	42	RESP=2
16078894	42	STIM=d
16086552	42	RESP=2
16094682	42	STIM=5
16100371	42	RESP=1
16109842	42	STIM=0
16117613	42	RESP=2
16124906	42	STIM=q
16130465	42	RESP=1
16142574	42	STIM=e
16150902	42	RESP=1
16159392	42	STIM=h
16164850	42	RESP=1
16174721	42	STIM=v
16182197	42	RESP=1
16190839	42	STIM=7
16198444	42	RESP=2
16205943	42	STIM=r
16213600	42	RESP=1
16223390	42	STIM=m
16227923	42	RESP=1
16241698	42	STIM=p
16249392	42	RESP=1
16257391	42	STIM=2
16262925	42	RESP=2
16276059	42	STIM=4
16286094	42	RESP=2
16291119	42	STIM=c
16296360	42	RESP=1
16309725	42	STIM=v
16314428	42	RESP=1
16328407	42	STIM=1
16333521	42	RESP=2
16344409	42	STIM=r
16349982	42	RESP=1
16361932	42	STIM=a
16366082	42	RESP=1
16376939	42	STIM=x
16386254	42	RESP=1
16395126	42	STIM=q
16400510	42	RESP=1
16413574	42	STIM=u
16418314	42	RESP=1
16432421	42	STIM=o
16437039	42	RESP=1
16448907	42	STIM=e
16456377	42	RESP=1
16464598	42	STIM=d
16475367	42	RESP=1
16483459	42	STIM=b
16494870	42	RESP=1
16501871	42	STIM=n
16509375	42	RESP=2
16519430	42	STIM=d
16524484	42	RESP=1
16538294	42	STIM=z
16542310	42	RESP=1
16553296	42	STIM=i
16557860	42	RESP=2
16569129	42	STIM=u
16574000	42	RESP=1
16584230	42	STIM=u
16589788	42	RESP=1
16600103	42	STIM=7
16609922	42	RESP=2
16617227	42	STIM=f
16621925	42	RESP=1
16634520	42	STIM=x
16638128	42	RESP=1
16651887	42	STIM=y
16661531	42	RESP=1
16668760	42	STIM=t
16675146	42	RESP=1
16686696	42	STIM=8
16691416	42	RESP=2
16701755	42	STIM=i
16713518	42	RESP=1
16718131	42	STIM=g
16726147	42	RESP=1
16736744	42	STIM=q
16744106	42	RESP=1
16753326	42	STIM=p
16760836	42	RESP=1
16769175	42	STIM=h
16780706	42	RESP=1
16784862	42	STIM=i
16791153	42	RESP=1
16801501	42	STIM=4
16805996	42	RESP=2
16817369	42	STIM=c
16820032	42	RESP=1
16833549	42	STIM=y
16838012	42	RESP=2
16852352	42	STIM=q
16861345	42	RESP=1
16870838	42	STIM=o
16876024	42	RESP=1
16886444	42	STIM=8
16890845	42	RESP=1
16903147	42	STIM=8
16909259	42	RESP=2
16921201	42	STIM=h
16926185	42	RESP=2
16937840	42	STIM=u
16942160	42	RESP=1
16956212	42	STIM=x
16963261	42	RESP=1
16974163	42	STIM=7
16980305	42	RESP=1
16992057	42	STIM=g
16997520	42	RESP=1
17010488	42	STIM=i
17016630	42	RESP=1
17028650	42	STIM=z
17034875	42	RESP=1
17047640	42	STIM=3
17052141	42	RESP=2
17066207	42	STIM=k
17080403	42	RESP=1
17082716	42	STIM=4
17090520	42	RESP=2
17100692	42	STIM=l
17104931	42	RESP=1
17118195	42	STIM=g
17123050	42	RESP=1
17134457	42	STIM=4
17140055	42	RESP=2
17152753	42	STIM=m
17158060	42	RESP=1
17169854	42	STIM=j
17177066	42	RESP=1
17185637	42	STIM=3
17190135	42	RESP=2
17202760	42	STIM=q
17208026	42	RESP=1
17218903	42	STIM=5
17224651	42	RESP=1
17234861	42	STIM=0
17239363	42	RESP=2
17251706	42	STIM=t
17261267	42	RESP=1
17269688	42	STIM=m
17275120	42	RESP=1
17287325	42	STIM=f
17291330	42	RESP=1
17304143	42	STIM=p
17307814	42	RESP=1
17320467	42	STIM=i
17324606	42	RESP=1
17337263	42	STIM=z
17341933	42	RESP=2
17355866	42	STIM=m
17361629	42	RESP=1
17371760	42	STIM=i
17375409	42	RESP=1
17387079	42	STIM=x
17392431	42	RESP=1
17404330	42	STIM=k
17411288	42	RESP=1
17423253	42	STIM=y
17430827	42	RESP=1
17439493	42	STIM=d
17445926	42	RESP=1
17454851	42	STIM=p
17462918	42	RESP=1
17470542	42	STIM=0
17476120	42	RESP=2
17486224	42	STIM=w
17490962	42	RESP=1
17502526	42	STIM=q
17509936	42	RESP=1
17520464	42	STIM=v
17525931	42	RESP=1
17536864	42	STIM=3
17549491	42	RESP=1
17555614	42	STIM=a
17559681	42	RESP=1
17573367	42	STIM=h
17583646	42	RESP=1
17589866	42	STIM=q
17595492	42	RESP=1
17605977	42	STIM=f
17613861	42	RESP=1
17623963	42	STIM=m
17629678	42	RESP=1
17639250	42	STIM=5
17644044	42	RESP=2
17657938	42	STIM=b
17662897	42	RESP=1
17674000	42	STIM=c
17684629	42	RESP=2
17691838	42	STIM=s
17698494	42	RESP=1
17707229	42	STIM=i
17710839	42	RESP=1
17723143	42	STIM=c
17728162	42	RESP=1
17739215	42	STIM=v
17744083	42	RESP=1
17757023	42	STIM=y
17762015	42	RESP=1
17773598	42	STIM=z
17777044	42	RESP=2
17788877	42	STIM=2
17795830	42	RESP=2
17804414	42	STIM=v
17813800	42	RESP=1
17820219	42	STIM=9
17824193	42	RESP=2
17836697	42	STIM=z
17840625	42	RESP=1
17855001	42	STIM=w
17860543	42	RESP=1
17870558	42	STIM=3
17877608	42	RESP=2
17889529	42	STIM=d
17897963	42	RESP=1
17907971	42	STIM=l
17913183	42	RESP=1
17926600	42	STIM=4
17932773	42	RESP=2
17945418	42	STIM=u
17952128	42	RESP=1
17964054	42	STIM=m
17969011	42	RESP=1
17981485	42	STIM=z
17987937	42	RESP=1
17997592	42	STIM=t
18000641	42	RESP=1
18015374	42	STIM=l
18020221	42	RESP=2
18033756	42	STIM=1
18040495	42	RESP=2
18051295	42	STIM=2
18061086	42	RESP=2
18066498	42	STIM=k
18074299	42	RESP=1
18084691	42	STIM=6
18091832	42	RESP=2
18100930	42	STIM=c
18108067	42	RESP=1
18116788	42	STIM=7
18123649	42	RESP=2
18133673	42	STIM=5
18140036	42	RESP=1
18151364	42	STIM=j
18156559	42	RESP=1
18170033	42	STIM=w
18175295	42	RESP=1
18188025	42	STIM=4
18195613	42	RESP=2
18203912	42	STIM=e
18209328	42	RESP=1
18221293	42	STIM=d
18227500	42	RESP=1
18238653	42	STIM=3
18246827	42	RESP=2
18255556	42	STIM=t
18262783	42	RESP=1
18270587	42	STIM=1
18275566	42	RESP=2
18286720	42	STIM=b
18294133	42	RESP=1
18301997	42	STIM=c
18306465	42	RESP=1
18320499	42	STIM=d
18326227	42	RESP=1
18336380	42	STIM=x
18340236	42	RESP=1
18354503	42	STIM=a
18359273	42	RESP=1
18370751	42	STIM=y
18375675	42	RESP=1
18388332	42	STIM=l
18393285	42	RESP=1
18406667	42	STIM=n
18413451	42	RESP=1
18422280	42	STIM=7
18428964	42	RESP=2
18437794	42	STIM=e
18448114	42	RESP=1
18453396	42	STIM=j
18457310	42	RESP=1
18471819	42	STIM=k
18479008	42	RESP=1
18489263	42	STIM=b
18495084	42	RESP=1
18504593	42	STIM=3
18510239	42	RESP=1
18520552	42	STIM=e
18528547	42	RESP=1
18538905	42	STIM=p
18545390	42	RESP=1
18556170	42	STIM=f
18559423	42	RESP=1
18572683	42	STIM=0
18577629	42	RESP=1
18589328	42	STIM=v
18594820	42	RESP=1
18607425	42	STIM=d
18610695	42	RESP=1
18623294	42	STIM=c
18629886	42	RESP=1
18639762	42	STIM=u
18643412	42	RESP=1
18658060	42	STIM=p
18662686	42	RESP=1
18675152	42	STIM=v
18684130	42	RESP=1
18693208	42	STIM=r
18698263	42	RESP=1
18711730	42	STIM=n
18717138	42	RESP=2
18726799	42	STIM=1
18731064	42	RESP=2
18742673	42	STIM=r
18753213	42	RESP=1
18760634	42	STIM=n
18766602	42	RESP=1
18778588	42	STIM=6
18791089	42	RESP=2
18796734	42	STIM=j
18803674	42	RESP=1
18815322	42	STIM=t
18820218	42	RESP=1
18833644	42	STIM=k
18843090	42	RESP=1
18848682	42	STIM=3
18855398	42	RESP=2
18867431	42	STIM=7
18874935	42	RESP=2
18882719	42	STIM=e
18886891	42	RESP=1
18900648	42	STIM=d
18906625	42	RESP=1
18916517	42	STIM=5
18924344	42	RESP=2
18934752	42	STIM=z
18938749	42	RESP=1
18952246	42	STIM=t
18957217	42	RESP=1
18968974	42	STIM=r
18973247	42	RESP=1
18987866	42	STIM=y
18991483	42	RESP=1
19004353	42	STIM=o
19007583	42	RESP=1
19020935	42	STIM=t
19026983	42	RESP=1
19039662	42	STIM=m
19044883	42	RESP=1
19056897	42	STIM=i
19061993	42	RESP=2
19073575	42	STIM=5
19081175	42	RESP=2
19091546	42	STIM=r
19098785	42	RESP=1
19108846	42	STIM=7
19114608	42	RESP=2
19126282	42	STIM=l
19130462	42	RESP=1
19144899	42	STIM=o
19152074	42	RESP=1
19163059	42	STIM=p
19167088	42	RESP=1
19179987	42	STIM=x
19187995	42	RESP=1
19198810	42	STIM=7
19206732	42	RESP=2
19214332	42	STIM=x
19221754	42	RESP=2
19229995	42	STIM=d
19234101	42	RESP=1
19248192	42	STIM=q
19251515	42	RESP=1
19265352	42	STIM=q
19268893	42	RESP=2
19283259	42	STIM=z
19287484	42	RESP=1
19299899	42	STIM=c
19304086	42	RESP=2
19317826	42	STIM=n
19323657	42	RESP=1
19336285	42	STIM=r
19340604	42	RESP=1
19354557	42	STIM=g
19358062	42	RESP=1
19370701	42	STIM=y
19376632	42	RESP=1
19386853	42	STIM=i
19394048	42	RESP=1
19401891	42	STIM=a
19404865	42	RESP=1
19418044	42	STIM=9
19426166	42	RESP=2
19433222	42	STIM=3
19441402	42	RESP=2
19450280	42	STIM=g
19456052	42	RESP=1
19466007	42	STIM=9
19471186	42	RESP=2
19484642	42	STIM=y
19489089	42	RESP=1
19500992	42	STIM=i
19505077	42	RESP=1
19516177	42	STIM=1
19520274	42	RESP=2
19535077	42	STIM=6
19538790	42	RESP=2
19550849	42	STIM=4
19558540	42	RESP=2
19567190	42	STIM=u
19570628	42	RESP=1
19585135	42	STIM=j
19590953	42	RESP=1
19602369	42	STIM=g
19609650	42	RESP=1
19617702	42	STIM=o
19623455	42	RESP=1
19633464	42	STIM=r
19639934	42	RESP=1
19650410	42	STIM=s
19655483	42	RESP=1
19667459	42	STIM=m
19670406	42	RESP=1
19682621	42	STIM=q
19692791	42	RESP=1
19700240	42	STIM=g
19708607	42	RESP=1
19719238	42	STIM=v
19722868	42	RESP=1
19734751	42	STIM=f
19740674	42	RESP=2
19749953	42	STIM=7
19757623	42	RESP=2
19766999	42	STIM=u
19772811	42	RESP=1
19783713	42	STIM=4
19787687	42	RESP=1
19800737	42	STIM=n
19804448	42	RESP=1
19818746	42	STIM=a
19824342	42	RESP=1
19836463	42	STIM=u
19842942	42	RESP=1
19851608	42	STIM=i
19862456	42	RESP=1
19866765	42	STIM=n
19878248	42	RESP=1
19883649	42	STIM=i
19887503	42	RESP=1
19902290	42	STIM=1
19907928	42	RESP=2
19917377	42	STIM=k
19921864	42	RESP=1
19932633	42	STIM=v
19938600	42	RESP=1
19950975	42	STIM=7
19958745	42	RESP=2
19967995	42	STIM=p
19972972	42	RESP=1
19986987	42	STIM=h
19991352	42	RESP=1
20002300	42	STIM=v
20007649	42	RESP=1
20018715	42	STIM=y
20026505	42	RESP=1
20034303	42	STIM=m
20040752	42	RESP=1
20049753	42	STIM=9
20055827	42	RESP=2
20068091	42	STIM=l
20076479	42	RESP=1
20084606	42	STIM=y
20092288	42	RESP=1
20099636	42	STIM=e
20103356	42	RESP=1
20115106	42	STIM=l
20118244	42	RESP=1
20130630	42	STIM=9
20137648	42	RESP=1
20146209	42	STIM=e
20150983	42	RESP=1
20161365	42	STIM=f
20172282	42	RESP=1
20179202	42	STIM=b
20184024	42	RESP=1
20195657	42	STIM=q
20199739	42	RESP=1
20211091	42	STIM=e
20214705	42	RESP=1
20228573	42	STIM=1
20235472	42	RESP=2
20243789	42	STIM=d
20250497	42	RESP=1
20260147	42	STIM=k
20264847	42	RESP=1
20276918	42	STIM=k
20283868	42	RESP=1
20294888	42	STIM=3
20299754	42	RESP=2
20310361	42	STIM=j
20316825	42	RESP=1
20329216	42	STIM=z
20338187	42	RESP=1
20347985	42	STIM=o
20351093	42	RESP=1
20363397	42	STIM=g
20370664	42	RESP=1
20378551	42	STIM=s
20390902	42	RESP=1
20396444	42	STIM=z
20404301	42	RESP=1
20411600	42	STIM=s
20421024	42	RESP=1
20428764	42	STIM=y
20431834	42	RESP=1
20444718	42	STIM=f
20452554	42	RESP=1
20461566	42	STIM=1
20466084	42	RESP=2
20477817	42	STIM=o
20483569	42	RESP=2
20495973	42	STIM=b
20499833	42	RESP=1
20514781	42	STIM=w
20519111	42	RESP=1
20530829	42	STIM=t
20535430	42	RESP=1
20546688	42	STIM=m
20550559	42	RESP=1
20561983	42	STIM=w
20568370	42	RESP=1
20577343	42	STIM=r
20580431	42	RESP=1
20593850	42	STIM=b
20604515	42	RESP=1
20609446	42	STIM=5
20615214	42	RESP=1
20625635	42	STIM=l
20632331	42	RESP=1
20643639	42	STIM=r
20653907	42	RESP=1
20658996	42	STIM=j
20668850	42	RESP=1
20677507	42	STIM=k
20685515	42	RESP=1
20693358	42	STIM=p
20699042	42	RESP=1
20710472	42	STIM=p
20714825	42	RESP=1
20725487	42	STIM=e
20731096	42	RESP=1
20743613	42	STIM=6
20753870	42	RESP=2
20760489	42	STIM=m
20763429	42	RESP=1
20775737	42	STIM=x
20784607	42	RESP=1
20793946	42	STIM=x
20800769	42	RESP=1
20809117	42	STIM=2
20815659	42	RESP=2
20824220	42	STIM=o
20835985	42	RESP=1
20842029	42	STIM=y
20845936	42	RESP=1
20859111	42	STIM=w
20863960	42	RESP=2
20875941	42	STIM=v
20882747	42	RESP=1
20894733	42	STIM=2
20901475	42	RESP=2
20913207	42	STIM=u
20919273	42	RESP=1
20930162	42	STIM=j
20933700	42	RESP=1
20946492	42	STIM=j
20951976	42	RESP=1
20961720	42	STIM=q
20964699	42	RESP=1
20977873	42	STIM=d
20989208	42	RESP=1
20993741	42	STIM=q
20996138	42	RESP=1
21012293	42	STIM=i
21016010	42	RESP=1
21028271	42	STIM=t
21034455	42	RESP=1
21046946	42	STIM=z
21051386	42	RESP=1
21065250	42	STIM=k
21068337	42	RESP=1
21083442	42	STIM=y
21088827	42	RESP=1
21101626	42	STIM=x
21108106	42	RESP=1
21117262	42	STIM=e
21122836	42	RESP=1
21132730	42	STIM=l
21137806	42	RESP=1
21150522	42	STIM=r
21160173	42	RESP=1
21169266	42	STIM=n
21176147	42	RESP=1
21188037	42	STIM=j
21196775	42	RESP=1
21206503	42	STIM=4
21213479	42	RESP=2
21221629	42	STIM=t
21228284	42	RESP=1
21237645	42	STIM=l
21244894	42	RESP=1
21255695	42	STIM=u
21259396	42	RESP=1
21274403	42	STIM=p
21279860	42	RESP=1
21292527	42	STIM=v
21295457	42	RESP=1
21310272	42	STIM=w
21315431	42	RESP=1
21328317	42	STIM=m
21335979	42	RESP=1
21346231	42	STIM=0
21353138	42	RESP=2
21364524	42	STIM=f
21367838	42	RESP=1
21382343	42	STIM=r
21386781	42	RESP=1
21397354	42	STIM=7
21404288	42	RESP=2
21416116	42	STIM=d
21419458	42	RESP=1
21434054	42	STIM=b
21437944	42	RESP=1
21449782	42	STIM=v
21457538	42	RESP=1
21464990	42	STIM=4
21469768	42	RESP=2
21481349	42	STIM=4
21486568	42	RESP=2
21498598	42	STIM=j
21503086	42	RESP=1
21517466	42	STIM=p
21523394	42	RESP=1
21535110	42	STIM=q
21541247	42	RESP=1
21554070	42	STIM=g
21557273	42	RESP=1
21572864	42	STIM=3
21580000	42	RESP=2
21590017	42	STIM=g
21593252	42	RESP=1
21605615	42	STIM=h
21609979	42	RESP=1
21624458	42	STIM=j
21629287	42	RESP=1
21640571	42	STIM=m
21646565	42	RESP=1
21658765	42	STIM=z
21661308	42	RESP=1
21673780	42	STIM=j
21678129	42	RESP=1
21689121	42	STIM=o
21698957	42	RESP=1
21705977	42	STIM=r
21709870	42	RESP=1
21722594	42	STIM=m
21728098	42	RESP=1
