# Original filename: 0040_BWV_2016-09-27.log
# Time unit: 100 us
# RARECAT=digit
#
# Time	HHGG	Event
37499	42	STIM=i
41707	42	RESP=1
54967	42	STIM=v
59549	42	RESP=1
73788	42	STIM=5
80556	42	RESP=2
88882	42	STIM=g
92837	42	RESP=1
105586	42	STIM=3
111452	42	RESP=2
120873	42	STIM=4
128473	42	RESP=2
138598	42	STIM=j
143743	42	RESP=1
157423	42	STIM=u
162902	42	RESP=1
173524	42	STIM=w
180123	42	RESP=1
190435	42	STIM=d
194630	42	RESP=1
208468	42	STIM=k
217572	42	RESP=1
225918	42	STIM=0
230102	42	RESP=2
242697	42	STIM=v
250883	42	RESP=1
258886	42	STIM=7
266160	42	RESP=1
274936	42	STIM=q
279622	42	RESP=1
293229	42	STIM=c
297757	42	RESP=1
308942	42	STIM=f
315594	42	RESP=1
325742	42	STIM=l
330459	42	RESP=1
342505	42	STIM=b
347001	42	RESP=1
358498	42	STIM=e
365178	42	RESP=1
377467	42	STIM=n
382524	42	RESP=1
395267	42	STIM=8
399809	42	RESP=1
413599	42	STIM=s
416950	42	RESP=1
431572	42	STIM=k
434485	42	RESP=1
449087	42	STIM=z
452599	42	RESP=1
467984	42	STIM=p
472318	42	RESP=1
484973	42	STIM=g
488256	42	RESP=1
501681	42	STIM=p
506945	42	RESP=1
520615	42	STIM=z
525836	42	RESP=1
536167	42	STIM=m
539391	42	RESP=1
553764	42	STIM=y
557006	42	RESP=1
570289	42	STIM=d
579754	42	RESP=1
585429	42	STIM=c
589625	42	RESP=1
601797	42	STIM=8
606528	42	RESP=2
620275	42	STIM=b
623659	42	RESP=1
637003	42	STIM=y
641026	42	RESP=1
654751	42	STIM=8
660829	42	RESP=2
670559	42	STIM=l
676798	42	RESP=1
687440	42	STIM=f
691239	42	RESP=1
703493	42	STIM=g
707887	42	RESP=1
718700	42	STIM=q
724371	42	RESP=1
735417	42	STIM=z
738714	42	RESP=1
752995	42	STIM=g
759203	42	RESP=1
768013	42	STIM=p
772423	42	RESP=1
786982	42	STIM=y
794462	42	RESP=1
804753	42	STIM=3
815951	42	RESP=2
820291	42	STIM=w
825366	42	RESP=1
839280	42	STIM=g
845017	42	RESP=1
855071	42	STIM=v
862980	42	RESP=1
870129	42	STIM=x
874677	42	RESP=1
885264	42	STIM=w
895224	42	RESP=1
901109	42	STIM=n
903827	42	RESP=1
916672	42	STIM=1
923676	42	RESP=2
932999	42	STIM=l
936003	42	RESP=1
951697	42	STIM=p
956345	42	RESP=1
968325	42	STIM=m
976425	42	RESP=1
985245	42	STIM=o
994340	42	RESP=1
1003514	42	STIM=o
1011276	42	RESP=1
1022117	42	STIM=q
1028185	42	RESP=1
1039402	42	STIM=q
1046876	42	RESP=1
1056215	42	STIM=l
1060228	42	RESP=1
1073069	42	STIM=k
1078670	42	RESP=1
1091636	42	STIM=v
1095022	42	RESP=1
1108870	42	STIM=y
1113681	42	RESP=1
1127055	42	STIM=f
1131257	42	RESP=1
1142433	42	STIM=t
1147113	42	RESP=2
1161320	42	STIM=i
1166556	42	RESP=1
1179607	42	STIM=z
1184130	42	RESP=1
1197770	42	STIM=t
1204833	42	RESP=1
1212825	42	STIM=2
1217793	42	RESP=2
1228613	42	STIM=o
1234562	42	RESP=1
1246930	42	STIM=e
1257037	42	RESP=1
1262716	42	STIM=a
1266671	42	RESP=1
1280069	42	STIM=3
1283477	42	RESP=2
1296422	42	STIM=v
1300011	42	RESP=1
1311631	42	STIM=t
1315527	42	RESP=1
1327202	42	STIM=b
1331258	42	RESP=1
1345080	42	STIM=4
1350861	42	RESP=1
1362842	42	STIM=2
1366665	42	RESP=2
1380168	42	STIM=f
1384346	42	RESP=1
1397257	42	STIM=v
1402981	42	RESP=1
1413309	42	STIM=5
1419730	42	RESP=2
1428734	42	STIM=3
1435270	42	RESP=1
1444447	42	STIM=l
1447660	42	RESP=1
1459464	42	STIM=r
1461991	42	RESP=1
1476774	42	STIM=6
1483541	42	RESP=1
1495338	42	STIM=8
1500425	42	RESP=2
1513144	42	STIM=v
1519686	42	RESP=1
1531139	42	STIM=b
1534747	42	RESP=1
1548992	42	STIM=8
1557373	42	RESP=1
1565965	42	STIM=j
1574399	42	RESP=1
1581089	42	STIM=w
1585977	42	RESP=1
1598522	42	STIM=7
1604593	42	RESP=2
1616608	42	STIM=p
1619727	42	RESP=1
1633894	42	STIM=g
1640117	42	RESP=1
1651262	42	STIM=n
1658634	42	RESP=1
1666405	42	STIM=e
1673228	42	RESP=1
1683606	42	STIM=0
1688559	42	RESP=2
1699503	42	STIM=7
1705050	42	RESP=2
1714822	42	STIM=t
1723247	42	RESP=1
1731996	42	STIM=x
1735625	42	RESP=1
1748360	42	STIM=r
1752586	42	RESP=1
1764816	42	STIM=u
1768883	42	RESP=1
1783432	42	STIM=b
1787819	42	RESP=1
1798995	42	STIM=v
1802922	42	RESP=1
1816677	42	STIM=s
1820088	42	RESP=1
1833413	42	STIM=z
1837070	42	RESP=1
1851958	42	STIM=v
1857971	42	RESP=1
1870840	42	STIM=y
1874902	42	RESP=1
1886870	42	STIM=h
1890512	42	RESP=1
1903108	42	STIM=p
1907396	42	RESP=1
1921271	42	STIM=s
1924333	42	RESP=1
1938472	42	STIM=q
1943876	42	RESP=1
1956450	42	STIM=a
1959279	42	RESP=1
1974358	42	STIM=5
1979628	42	RESP=2
1990336	42	STIM=r
1993515	42	RESP=1
2008195	42	STIM=w
2011282	42	RESP=1
2023498	42	STIM=x
2027957	42	RESP=1
2039011	42	STIM=c
2046996	42	RESP=1
2055878	42	STIM=6
2062486	42	RESP=2
2071167	42	STIM=v
2075228	42	RESP=1
2088122	42	STIM=o
2091692	42	RESP=1
2107041	42	STIM=3
2110562	42	RESP=2
2125541	42	STIM=c
2132070	42	RESP=1
2140805	42	STIM=c
2143623	42	RESP=1
2157493	42	STIM=p
2161417	42	RESP=1
2173457	42	STIM=d
2177053	42	RESP=1
2189038	42	STIM=1
2197206	42	RESP=1
2206167	42	STIM=5
2212437	42	RESP=2
2222059	42	STIM=r
2224880	42	RESP=1
2239026	42	STIM=k
2242373	42	RESP=1
2256848	42	STIM=z
2263204	42	RESP=1
2274245	42	STIM=z
2279907	42	RESP=1
2292424	42	STIM=i
2297714	42	RESP=1
2308883	42	STIM=e
2312369	42	RESP=1
2326831	42	STIM=e
2330226	42	RESP=1
2342278	42	STIM=i
2347627	42	RESP=1
2361037	42	STIM=b
2364506	42	RESP=1
2376266	42	STIM=y
2381113	42	RESP=1
2393423	42	STIM=v
2396295	42	RESP=1
2410905	42	STIM=u
2414277	42	RESP=1
2428131	42	STIM=i
2432396	42	RESP=1
2446520	42	STIM=n
2450170	42	RESP=1
2462378	42	STIM=h
2470015	42	RESP=1
2480686	42	STIM=f
2483820	42	RESP=1
2498588	42	STIM=2
2503616	42	RESP=2
2515886	42	STIM=r
2519184	42	RESP=1
2534300	42	STIM=h
2542021	42	RESP=1
2552479	42	STIM=x
2558207	42	RESP=1
2571100	42	STIM=y
2575519	42	RESP=1
2589982	42	STIM=e
2594399	42	RESP=1
2605613	42	STIM=g
2608507	42	RESP=1
2624355	42	STIM=1
2632500	42	RESP=2
2641347	42	STIM=z
2644803	42	RESP=1
2658660	42	STIM=6
2663829	42	RESP=2
2673965	42	STIM=c
2676569	42	RESP=1
2689771	42	STIM=9
2696277	42	RESP=2
2706389	42	STIM=v
2711646	42	RESP=1
2722028	42	STIM=d
2725416	42	RESP=1
2740103	42	STIM=i
2744698	42	RESP=1
2755530	42	STIM=f
2762454	42	RESP=1
2773313	42	STIM=q
2780248	42	RESP=1
2788354	42	STIM=z
2791100	42	RESP=1
2806966	42	STIM=t
2814485	42	RESP=1
2823879	42	STIM=j
2830134	42	RESP=1
2840333	42	STIM=h
2846938	42	RESP=1
2858442	42	STIM=1
2865023	42	RESP=1
2874557	42	STIM=8
2881945	42	RESP=2
2892244	42	STIM=2
2898278	42	RESP=2
2909859	42	STIM=a
2914230	42	RESP=1
2926649	42	STIM=2
2936733	42	RESP=2
2943083	42	STIM=e
2948820	42	RESP=1
2961678	42	STIM=c
2965258	42	RESP=1
2976987	42	STIM=1
2981405	42	RESP=2
2992087	42	STIM=f
2997108	42	RESP=1
3009791	42	STIM=d
3012771	42	RESP=1
3027516	42	STIM=0
3033273	42	RESP=2
3042907	42	STIM=z
3047811	42	RESP=1
3060538	42	STIM=c
3064279	42	RESP=1
3078902	42	STIM=8
3083627	42	RESP=2
3094919	42	STIM=j
3099968	42	RESP=1
3112446	42	STIM=a
3117764	42	RESP=1
3131443	42	STIM=w
3138583	42	RESP=1
3147330	42	STIM=m
3151344	42	RESP=1
3162667	42	STIM=b
3167440	42	RESP=1
3179425	42	STIM=l
3185035	42	RESP=1
3194648	42	STIM=z
3197984	42	RESP=1
3212854	42	STIM=b
3217388	42	RESP=1
3231291	42	STIM=2
3236681	42	RESP=2
3248311	42	STIM=c
3254609	42	RESP=1
3267248	42	STIM=r
3270980	42	RESP=1
3285091	42	STIM=9
3291787	42	RESP=2
3302634	42	STIM=6
3306814	42	RESP=2
3320139	42	STIM=q
3324831	42	RESP=1
3337465	42	STIM=v
3347871	42	RESP=1
3356122	42	STIM=5
3365032	42	RESP=1
3373041	42	STIM=t
3381798	42	RESP=1
3388927	42	STIM=w
3393828	42	RESP=1
3404789	42	STIM=c
3407507	42	RESP=1
3420952	42	STIM=a
3427401	42	RESP=1
3438057	42	STIM=7
3446413	42	RESP=2
3456514	42	STIM=o
3462299	42	RESP=1
3475136	42	STIM=i
3479780	42	RESP=1
3491991	42	STIM=p
3496224	42	RESP=1
3510171	42	STIM=y
3517459	42	RESP=1
3525314	42	STIM=b
3528167	42	RESP=1
3540997	42	STIM=3
3546262	42	RESP=2
3559188	42	STIM=i
3563253	42	RESP=1
3574274	42	STIM=e
3578928	42	RESP=2
3592638	42	STIM=h
3605288	42	RESP=1
3611052	42	STIM=u
3617401	42	RESP=1
3627497	42	STIM=c
3635019	42	RESP=1
3645194	42	STIM=w
3649827	42	RESP=1
3661133	42	STIM=d
3666244	42	RESP=1
3679142	42	STIM=z
3683334	42	RESP=1
3696341	42	STIM=l
3706972	42	RESP=1
3713190	42	STIM=g
3719464	42	RESP=1
3728314	42	STIM=v
3732994	42	RESP=1
3744243	42	STIM=b
3748444	42	RESP=1
3762329	42	STIM=d
3768082	42	RESP=1
3778855	42	STIM=1
3783139	42	RESP=1
3797512	42	STIM=k
3801188	42	RESP=1
3816176	42	STIM=z
3819606	42	RESP=1
3832396	42	STIM=r
3841341	42	RESP=1
3847492	42	STIM=c
3851738	42	RESP=2
3866420	42	STIM=p
3873780	42	RESP=1
3885418	42	STIM=s
3889088	42	RESP=1
3901509	42	STIM=v
3907448	42	RESP=1
3918306	42	STIM=x
3926731	42	RESP=1
3933753	42	STIM=m
3938122	42	RESP=2
3950234	42	STIM=e
3952745	42	RESP=1
3965948	42	STIM=q
3970077	42	RESP=1
3982692	42	STIM=7
3990788	42	RESP=2
3999627	42	STIM=u
4007744	42	RESP=1
4015553	42	STIM=h
4020078	42	RESP=1
4034431	42	STIM=t
4040905	42	RESP=1
4053097	42	STIM=x
4057155	42	RESP=1
4071391	42	STIM=f
4076988	42	RESP=1
4086518	42	STIM=a
4092377	42	RESP=1
4105423	42	STIM=y
4108993	42	RESP=1
4121076	42	STIM=a
4127402	42	RESP=1
4138256	42	STIM=o
4141067	42	RESP=1
4155498	42	STIM=f
4159508	42	RESP=1
4171272	42	STIM=d
4174870	42	RESP=1
4186854	42	STIM=q
4190477	42	RESP=1
4202310	42	STIM=y
4208344	42	RESP=1
4217347	42	STIM=s
4220139	42	RESP=1
4232650	42	STIM=s
4236285	42	RESP=1
4250243	42	STIM=4
4254137	42	RESP=1
4267916	42	STIM=j
4272436	42	RESP=1
4284729	42	STIM=o
4287380	42	RESP=1
4303169	42	STIM=e
4309470	42	RESP=2
4318183	42	STIM=f
4322346	42	RESP=1
4334443	42	STIM=e
4341246	42	RESP=1
4349878	42	STIM=s
4357185	42	RESP=1
4366042	42	STIM=d
4370418	42	RESP=1
4384045	42	STIM=6
4389100	42	RESP=2
4401019	42	STIM=t
4407436	42	RESP=2
4418115	42	STIM=p
4420942	42	RESP=1
4433858	42	STIM=h
4437069	42	RESP=1
4449722	42	STIM=v
4455600	42	RESP=1
4468648	42	STIM=l
4473419	42	RESP=1
4486320	42	STIM=r
4490172	42	RESP=1
4501900	42	STIM=l
4507674	42	RESP=1
4519480	42	STIM=q
4524765	42	RESP=1
4536335	42	STIM=l
4540963	42	RESP=1
4551856	42	STIM=a
4557161	42	RESP=1
4567399	42	STIM=b
4571774	42	RESP=1
4586137	42	STIM=n
4590421	42	RESP=1
4603218	42	STIM=s
4608138	42	RESP=1
4621019	42	STIM=o
4627042	42	RESP=1
4639604	42	STIM=6
4644354	42	RESP=2
4658403	42	STIM=b
4664755	42	RESP=1
4677386	42	STIM=w
4680470	42	RESP=1
4693952	42	STIM=g
4697357	42	RESP=1
4712739	42	STIM=h
4719420	42	RESP=1
4729561	42	STIM=e
4732740	42	RESP=1
4744734	42	STIM=2
4753411	42	RESP=1
4762520	42	STIM=e
4765903	42	RESP=1
4778442	42	STIM=r
4781592	42	RESP=1
4794419	42	STIM=b
4799886	42	RESP=1
4809615	42	STIM=v
4815219	42	RESP=1
4826449	42	STIM=q
4829934	42	RESP=1
4843075	42	STIM=4
4849622	42	RESP=2
4860941	42	STIM=j
4865815	42	RESP=1
4879655	42	STIM=r
4886227	42	RESP=1
4898453	42	STIM=z
4906598	42	RESP=1
4917036	42	STIM=q
4923932	42	RESP=1
4932487	42	STIM=d
4936037	42	RESP=1
4947961	42	STIM=x
4952642	42	RESP=1
4963981	42	STIM=f
4971199	42	RESP=1
4979816	42	STIM=7
4984623	42	RESP=2
4997950	42	STIM=m
5002386	42	RESP=1
5013725	42	STIM=6
5020911	42	RESP=2
5031032	42	STIM=k
5034107	42	RESP=1
5046669	42	STIM=u
5050296	42	RESP=1
5061957	42	STIM=0
5069903	42	RESP=2
5077415	42	STIM=5
5083832	42	RESP=1
5094682	42	STIM=w
5098958	42	RESP=1
5110179	42	STIM=d
5118666	42	RESP=1
5127696	42	STIM=o
5130752	42	RESP=1
5146184	42	STIM=m
5152386	42	RESP=1
5165047	42	STIM=a
5171433	42	RESP=1
5180647	42	STIM=z
5185369	42	RESP=1
5197277	42	STIM=p
5205347	42	RESP=1
5215670	42	STIM=y
5219469	42	RESP=1
5231960	42	STIM=q
5235782	42	RESP=1
5247096	42	STIM=z
5250496	42	RESP=1
5266004	42	STIM=r
5270121	42	RESP=1
5281841	42	STIM=d
5288564	42	RESP=2
5297085	42	STIM=2
5301996	42	RESP=2
5313623	42	STIM=l
5318959	42	RESP=1
5332013	42	STIM=y
5336738	42	RESP=1
5350106	42	STIM=y
5354188	42	RESP=1
5368386	42	STIM=g
5371693	42	RESP=1
5386915	42	STIM=a
5393292	42	RESP=1
5404055	42	STIM=y
5408077	42	RESP=1
5420836	42	STIM=6
5426881	42	RESP=2
5439047	42	STIM=v
5441878	42	RESP=1
5454920	42	STIM=o
5458669	42	RESP=1
5472139	42	STIM=6
5475492	42	RESP=1
5489486	42	STIM=c
5493627	42	RESP=1
5504596	42	STIM=o
5508443	42	RESP=1
5521809	42	STIM=7
5528871	42	RESP=2
5539830	42	STIM=x
5545930	42	RESP=1
5555526	42	STIM=m
5563225	42	RESP=1
5571298	42	STIM=q
5575249	42	RESP=1
5588391	42	STIM=3
5593108	42	RESP=1
5604710	42	STIM=w
5608942	42	RESP=1
5620009	42	STIM=f
5624204	42	RESP=1
5635270	42	STIM=m
5644475	42	RESP=1
5653425	42	STIM=z
5656762	42	RESP=1
5669895	42	STIM=u
5672926	42	RESP=1
5685200	42	STIM=5
5688332	42	RESP=2
5702986	42	STIM=j
5708310	42	RESP=1
5719987	42	STIM=q
5723765	42	RESP=1
5738036	42	STIM=q
5745395	42	RESP=1
5754282	42	STIM=h
5760064	42	RESP=1
5772303	42	STIM=h
5783403	42	RESP=1
5791222	42	STIM=3
5794402	42	RESP=2
5806896	42	STIM=w
5813257	42	RESP=1
5824962	42	STIM=v
5828391	42	RESP=1
5841726	42	STIM=t
5845876	42	RESP=2
5856748	42	STIM=n
5861100	42	RESP=1
5875629	42	STIM=8
5880851	42	RESP=1
5894453	42	STIM=o
5899287	42	RESP=1
5912845	42	STIM=p
5916865	42	RESP=1
5930749	42	STIM=2
5939601	42	RESP=2
5946409	42	STIM=l
5948907	42	RESP=1
5963712	42	STIM=u
5968095	42	RESP=1
5978938	42	STIM=n
5983336	42	RESP=1
5995920	42	STIM=g
5998594	42	RESP=1
6014618	42	STIM=a
6020702	42	RESP=1
6033383	42	STIM=g
6039859	42	RESP=1
6049729	42	STIM=h
6053869	42	RESP=1
6066584	42	STIM=y
6070401	42	RESP=1
6084224	42	STIM=j
6087304	42	RESP=1
6102586	42	STIM=f
6106260	42	RESP=1
6120628	42	STIM=x
6126306	42	RESP=1
6137839	42	STIM=a
6142525	42	RESP=1
6156467	42	STIM=c
6161125	42	RESP=1
6171542	42	STIM=s
6177711	42	RESP=1
6189933	42	STIM=i
6193379	42	RESP=1
6207177	42	STIM=z
6213710	42	RESP=2
6225232	42	STIM=q
6229507	42	RESP=1
6242596	42	STIM=n
6246212	42	RESP=1
6258172	42	STIM=d
6273072	42	RESP=1
6274912	42	STIM=y
6280626	42	RESP=1
6293556	42	STIM=l
6298473	42	RESP=1
6308567	42	STIM=q
6314998	42	RESP=1
6323983	42	STIM=1
6328523	42	RESP=2
6342403	42	STIM=y
6347291	42	RESP=1
6361239	42	STIM=q
6364515	42	RESP=1
6377955	42	STIM=5
6384328	42	RESP=1
6393030	42	STIM=u
6397662	42	RESP=1
6408900	42	STIM=b
6415684	42	RESP=1
6427640	42	STIM=x
6431739	42	RESP=1
6445468	42	STIM=e
6454628	42	RESP=1
6461029	42	STIM=a
6464829	42	RESP=1
6476857	42	STIM=l
6481150	42	RESP=1
6492679	42	STIM=p
6498807	42	RESP=1
6510340	42	STIM=v
6513968	42	RESP=1
6527589	42	STIM=y
6533546	42	RESP=1
6542674	42	STIM=5
6547099	42	RESP=2
6558414	42	STIM=3
6563065	42	RESP=2
6576573	42	STIM=r
6581928	42	RESP=1
6593133	42	STIM=p
6600394	42	RESP=1
6610195	42	STIM=s
6615561	42	RESP=1
6626939	42	STIM=z
6631209	42	RESP=1
6644916	42	STIM=h
6647789	42	RESP=1
6662662	42	STIM=j
6668121	42	RESP=1
6679031	42	STIM=5
6682462	42	RESP=2
6697073	42	STIM=c
6701268	42	RESP=1
6712333	42	STIM=6
6716592	42	RESP=2
6730321	42	STIM=i
6735368	42	RESP=1
6746135	42	STIM=7
6754589	42	RESP=2
6764229	42	STIM=e
6770555	42	RESP=1
6782272	42	STIM=f
6788487	42	RESP=1
6800792	42	STIM=n
6804638	42	RESP=1
6816054	42	STIM=g
6823620	42	RESP=1
6834826	42	STIM=w
6838248	42	RESP=1
6849955	42	STIM=r
6852625	42	RESP=1
6867078	42	STIM=u
6871971	42	RESP=1
6883028	42	STIM=l
6886124	42	RESP=1
6898826	42	STIM=l
6901865	42	RESP=1
6914142	42	STIM=n
6918234	42	RESP=1
6932934	42	STIM=j
6938218	42	RESP=1
6951859	42	STIM=z
6961167	42	RESP=1
6970118	42	STIM=t
6975137	42	RESP=1
6988744	42	STIM=n
6997514	42	RESP=1
7003971	42	STIM=d
7006957	42	RESP=1
7020239	42	STIM=t
7027567	42	RESP=2
7038309	42	STIM=x
7041457	42	RESP=1
7056354	42	STIM=4
7066151	42	RESP=2
7072252	42	STIM=7
7079101	42	RESP=2
7090646	42	STIM=d
7095565	42	RESP=1
7106687	42	STIM=s
7110743	42	RESP=1
7122568	42	STIM=m
7127991	42	RESP=1
7140966	42	STIM=e
7146447	42	RESP=1
7158549	42	STIM=r
7163568	42	RESP=1
7177247	42	STIM=o
7181129	42	RESP=1
7193236	42	STIM=5
7198221	42	RESP=2
7208881	42	STIM=3
7216186	42	RESP=2
7224812	42	STIM=a
7228074	42	RESP=1
7240471	42	STIM=6
7245415	42	RESP=2
7258592	42	STIM=t
7262336	42	RESP=1
7276901	42	STIM=q
7281983	42	RESP=1
7293554	42	STIM=7
7298524	42	RESP=2
7309753	42	STIM=p
7317370	42	RESP=1
7327437	42	STIM=b
7331588	42	RESP=1
7343244	42	STIM=f
7349885	42	RESP=1
7361492	42	STIM=h
7368942	42	RESP=1
7379631	42	STIM=w
7384393	42	RESP=1
7397722	42	STIM=9
7401413	42	RESP=2
7413702	42	STIM=9
7421369	42	RESP=1
7430132	42	STIM=0
7435309	42	RESP=2
7448669	42	STIM=m
7460559	42	RESP=1
7466312	42	STIM=c
7474081	42	RESP=1
7484161	42	STIM=a
7491455	42	RESP=1
7502165	42	STIM=r
7506561	42	RESP=1
7520078	42	STIM=t
7524649	42	RESP=1
7535342	42	STIM=n
7539116	42	RESP=2
7551863	42	STIM=r
7557331	42	RESP=1
7567619	42	STIM=t
7571850	42	RESP=1
7585121	42	STIM=p
7590840	42	RESP=1
7602875	42	STIM=0
7607965	42	RESP=2
7618680	42	STIM=c
7624835	42	RESP=1
7636598	42	STIM=s
7641869	42	RESP=1
7654522	42	STIM=2
7660459	42	RESP=2
7671568	42	STIM=4
7681013	42	RESP=2
7687779	42	STIM=e
7691859	42	RESP=1
7704933	42	STIM=l
7715436	42	RESP=1
7723826	42	STIM=k
7728407	42	RESP=2
7739157	42	STIM=9
7743581	42	RESP=2
7756604	42	STIM=9
7762629	42	RESP=2
7773319	42	STIM=y
7778575	42	RESP=1
7791792	42	STIM=3
7795544	42	RESP=2
7808307	42	STIM=x
7811354	42	RESP=1
7823738	42	STIM=6
7828512	42	RESP=2
7840031	42	STIM=a
7846052	42	RESP=1
7857447	42	STIM=z
7860309	42	RESP=1
7873864	42	STIM=q
7877635	42	RESP=1
7891028	42	STIM=e
7898601	42	RESP=1
7909252	42	STIM=x
7916157	42	RESP=1
7927744	42	STIM=2
7932601	42	RESP=2
7945237	42	STIM=w
7948375	42	RESP=1
7960941	42	STIM=x
7965031	42	RESP=1
7977359	42	STIM=v
7983211	42	RESP=1
7993752	42	STIM=w
7998016	42	RESP=1
8012546	42	STIM=t
8016555	42	RESP=1
8029051	42	STIM=3
8033302	42	RESP=2
8046209	42	STIM=x
8051631	42	RESP=1
8065011	42	STIM=u
8070958	42	RESP=1
8081511	42	STIM=s
8084129	42	RESP=1
8096817	42	STIM=1
8102954	42	RESP=2
8113849	42	STIM=i
8116784	42	RESP=1
8131041	42	STIM=t
8136893	42	RESP=1
8148201	42	STIM=c
8151812	42	RESP=1
8167058	42	STIM=i
8171954	42	RESP=1
8182630	42	STIM=x
8188593	42	RESP=1
8201203	42	STIM=3
8209182	42	RESP=2
8217567	42	STIM=y
8223109	42	RESP=1
8235168	42	STIM=o
8239631	42	RESP=1
8251197	42	STIM=z
8255523	42	RESP=1
8269963	42	STIM=i
8276515	42	RESP=1
8286654	42	STIM=g
8292651	42	RESP=1
8304829	42	STIM=0
8310859	42	RESP=2
8323297	42	STIM=l
8330009	42	RESP=1
8340104	42	STIM=k
8342766	42	RESP=1
8358685	42	STIM=o
8361942	42	RESP=1
8374835	42	STIM=n
8378956	42	RESP=1
8391484	42	STIM=f
8397897	42	RESP=1
8409610	42	STIM=b
8412343	42	RESP=1
8425159	42	STIM=9
8435267	42	RESP=1
8442923	42	STIM=y
8450013	42	RESP=1
8460518	42	STIM=i
8465610	42	RESP=1
8476398	42	STIM=b
8480504	42	RESP=1
8491876	42	STIM=d
8498075	42	RESP=1
8510218	42	STIM=h
8514457	42	RESP=1
8527550	42	STIM=e
8535042	42	RESP=1
8545042	42	STIM=t
8548882	42	RESP=1
8560072	42	STIM=8
8565911	42	RESP=2
8576716	42	STIM=x
8581690	42	RESP=1
8592232	42	STIM=q
8598434	42	RESP=1
8608182	42	STIM=q
8615389	42	RESP=1
8626917	42	STIM=u
8631473	42	RESP=1
8642640	42	STIM=8
8648449	42	RESP=1
8658624	42	STIM=6
8665373	42	RESP=2
8674765	42	STIM=x
8678422	42	RESP=1
8692547	42	STIM=m
8697958	42	RESP=1
8708902	42	STIM=z
8713644	42	RESP=2
8724979	42	STIM=q
8733187	42	RESP=1
8743552	42	STIM=l
8748146	42	RESP=1
8762138	42	STIM=t
8769907	42	RESP=1
8778603	42	STIM=i
8784115	42	RESP=1
8795139	42	STIM=0
8800028	42	RESP=2
8812079	42	STIM=z
8815903	42	RESP=1
8827779	42	STIM=m
8834382	42	RESP=1
8845579	42	STIM=q
8851554	42	RESP=1
8862488	42	STIM=l
8870012	42	RESP=1
8879459	42	STIM=w
8882441	42	RESP=1
8897348	42	STIM=o
8901937	42	RESP=1
8914788	42	STIM=q
8921108	42	RESP=1
8933717	42	STIM=x
8937974	42	RESP=1
8948726	42	STIM=3
8952414	42	RESP=2
8964833	42	STIM=e
8970183	42	RESP=1
8980812	42	STIM=x
8985247	42	RESP=1
8998510	42	STIM=c
9004089	42	RESP=2
9017119	42	STIM=8
9025597	42	RESP=2
9034630	42	STIM=a
9039226	42	RESP=1
9052811	42	STIM=m
9057184	42	RESP=1
9071611	42	STIM=g
9074976	42	RESP=2
9089373	42	STIM=i
9093843	42	RESP=1
9105272	42	STIM=u
9108381	42	RESP=1
9121457	42	STIM=k
9124789	42	RESP=1
9140175	42	STIM=3
9146863	42	RESP=2
9155198	42	STIM=l
9160758	42	RESP=1
9172532	42	STIM=s
9175062	42	RESP=1
9189226	42	STIM=u
9193226	42	RESP=1
9205791	42	STIM=r
9211671	42	RESP=1
9222062	42	STIM=d
9225299	42	RESP=1
9238419	42	STIM=9
9246909	42	RESP=2
9255643	42	STIM=w
9258974	42	RESP=1
9272270	42	STIM=j
9278077	42	RESP=1
9288148	42	STIM=p
9294635	42	RESP=1
9304010	42	STIM=f
9313222	42	RESP=1
9319065	42	STIM=t
9326404	42	RESP=1
9337715	42	STIM=i
9342153	42	RESP=1
9353287	42	STIM=5
9358504	42	RESP=2
9371022	42	STIM=k
9377316	42	RESP=1
9389116	42	STIM=f
9396012	42	RESP=1
9404586	42	STIM=s
9410330	42	RESP=1
9419716	42	STIM=j
9424967	42	RESP=1
9438274	42	STIM=3
9442191	42	RESP=1
9454076	42	STIM=l
9459933	42	RESP=1
9469699	42	STIM=k
9473148	42	RESP=2
9486683	42	STIM=u
9494536	42	RESP=1
9505091	42	STIM=d
9508214	42	RESP=1
9520665	42	STIM=p
9525414	42	RESP=1
9536839	42	STIM=7
9541167	42	RESP=1
9555698	42	STIM=b
9558509	42	RESP=1
9574008	42	STIM=a
9578091	42	RESP=1
9589123	42	STIM=4
9594734	42	RESP=2
9604671	42	STIM=p
9612560	42	RESP=1
9621870	42	STIM=4
9628498	42	RESP=2
9637797	42	STIM=d
9647750	42	RESP=1
9652950	42	STIM=k
9660268	42	RESP=1
9669263	42	STIM=p
9674452	42	RESP=1
9684702	42	STIM=b
9688848	42	RESP=1
9699909	42	STIM=1
9703331	42	RESP=2
9717653	42	STIM=f
9720651	42	RESP=1
9735206	42	STIM=u
9738311	42	RESP=1
9751967	42	STIM=u
9755401	42	RESP=1
9768510	42	STIM=9
9772934	42	RESP=2
9787254	42	STIM=r
9795696	42	RESP=1
9804813	42	STIM=p
9809438	42	RESP=1
9822782	42	STIM=x
9829778	42	RESP=1
9839517	42	STIM=g
9846558	42	RESP=1
9856508	42	STIM=c
9863777	42	RESP=1
9874524	42	STIM=o
9880283	42	RESP=1
9891622	42	STIM=3
9897317	42	RESP=1
9906669	42	STIM=v
9913072	42	RESP=1
9925318	42	STIM=9
9930330	42	RESP=2
9943488	42	STIM=i
9948299	42	RESP=1
9961670	42	STIM=4
9965624	42	RESP=2
9977594	42	STIM=9
9982148	42	RESP=1
9994798	42	STIM=d
9998734	42	RESP=1
10012784	42	STIM=d
10017053	42	RESP=1
10030852	42	STIM=n
10035079	42	RESP=1
10046379	42	STIM=h
10049307	42	RESP=1
10062993	42	STIM=g
10066679	42	RESP=1
10078731	42	STIM=m
10085715	42	RESP=1
10097568	42	STIM=f
10103716	42	RESP=1
10115967	42	STIM=3
10120339	42	RESP=2
10131220	42	STIM=b
10134003	42	RESP=1
10148961	42	STIM=z
10152283	42	RESP=1
10164873	42	STIM=v
10170908	42	RESP=1
10182590	42	STIM=r
10190878	42	RESP=1
10198832	42	STIM=e
10203403	42	RESP=1
10215306	42	STIM=z
10221299	42	RESP=1
10231366	42	STIM=v
10234521	42	RESP=1
10249640	42	STIM=0
10254138	42	RESP=1
10265093	42	STIM=r
10268212	42	RESP=1
10283378	42	STIM=o
10286900	42	RESP=1
10300639	42	STIM=m
10303748	42	RESP=1
10317232	42	STIM=j
10324601	42	RESP=1
10335173	42	STIM=e
10338188	42	RESP=1
10350954	42	STIM=j
10359772	42	RESP=1
10368596	42	STIM=f
10373898	42	RESP=1
10387327	42	STIM=v
10392138	42	RESP=1
10404837	42	STIM=y
10407828	42	RESP=1
10422821	42	STIM=k
10427132	42	RESP=1
10439535	42	STIM=g
10445792	42	RESP=1
10455840	42	STIM=6
10461667	42	RESP=2
10473770	42	STIM=n
10477132	42	RESP=1
10488853	42	STIM=a
10500277	42	RESP=1
10506124	42	STIM=p
10508950	42	RESP=1
10522153	42	STIM=t
10526410	42	RESP=1
10539226	42	STIM=j
10541826	42	RESP=1
10554743	42	STIM=p
10562905	42	RESP=1
10571555	42	STIM=q
10576194	42	RESP=1
10588030	42	STIM=c
10593008	42	RESP=1
10603125	42	STIM=1
10606749	42	RESP=2
10621296	42	STIM=d
10624090	42	RESP=1
10636585	42	STIM=h
10641597	42	RESP=1
10654424	42	STIM=c
10657668	42	RESP=1
10670358	42	STIM=2
10674860	42	RESP=2
10688372	42	STIM=j
10690727	42	RESP=1
10705560	42	STIM=8
10710606	42	RESP=2
10721922	42	STIM=e
10725556	42	RESP=1
10739745	42	STIM=m
10742695	42	RESP=1
10757339	42	STIM=l
10762271	42	RESP=1
10775855	42	STIM=1
10779628	42	RESP=2
10793917	42	STIM=m
10799080	42	RESP=1
10812524	42	STIM=d
10823963	42	RESP=1
10830571	42	STIM=w
10834639	42	RESP=1
10846293	42	STIM=n
10852935	42	RESP=1
10861761	42	STIM=b
10865166	42	RESP=2
10879835	42	STIM=1
10888406	42	RESP=1
10898435	42	STIM=o
10904294	42	RESP=1
10915277	42	STIM=w
10918944	42	RESP=1
10930899	42	STIM=9
10936717	42	RESP=2
10949027	42	STIM=z
10955636	42	RESP=1
10967310	42	STIM=f
10970400	42	RESP=1
10984752	42	STIM=0
10988953	42	RESP=1
11000470	42	STIM=q
11006914	42	RESP=1
11018082	42	STIM=e
11023915	42	RESP=1
11033358	42	STIM=l
11036709	42	RESP=1
11051017	42	STIM=f
11054412	42	RESP=1
11068382	42	STIM=j
11072770	42	RESP=1
11084585	42	STIM=r
11087975	42	RESP=1
11099745	42	STIM=d
11104267	42	RESP=1
11117473	42	STIM=o
11127250	42	RESP=1
11135032	42	STIM=0
11144550	42	RESP=2
11153796	42	STIM=0
11160919	42	RESP=2
11169592	42	STIM=u
11176039	42	RESP=1
11188213	42	STIM=l
11191359	42	RESP=1
11206171	42	STIM=1
11214975	42	RESP=2
11225039	42	STIM=g
11231164	42	RESP=1
11240514	42	STIM=h
11247999	42	RESP=1
11255730	42	STIM=b
11259496	42	RESP=1
11272120	42	STIM=y
11281302	42	RESP=1
11287230	42	STIM=g
11290625	42	RESP=1
11302545	42	STIM=q
11308087	42	RESP=1
11321307	42	STIM=6
11326922	42	RESP=2
11339818	42	STIM=t
11346732	42	RESP=1
11355283	42	STIM=a
11364914	42	RESP=1
11373735	42	STIM=i
11378322	42	RESP=1
11390121	42	STIM=h
11395267	42	RESP=2
11407324	42	STIM=j
11415431	42	RESP=1
11426002	42	STIM=y
11429802	42	RESP=1
11444929	42	STIM=c
11450470	42	RESP=1
11462428	42	STIM=n
11467331	42	RESP=1
11480201	42	STIM=c
11485073	42	RESP=1
11495222	42	STIM=t
11501269	42	RESP=1
11511466	42	STIM=l
11516835	42	RESP=1
11529236	42	STIM=j
11531881	42	RESP=1
11547484	42	STIM=6
11551510	42	RESP=2
11563534	42	STIM=o
11570873	42	RESP=1
11581224	42	STIM=l
11589662	42	RESP=1
11600028	42	STIM=c
11603671	42	RESP=1
11615201	42	STIM=8
11620434	42	RESP=1
11633190	42	STIM=i
11640910	42	RESP=2
11648910	42	STIM=u
11657809	42	RESP=1
11665718	42	STIM=b
11669174	42	RESP=1
11683320	42	STIM=r
11688333	42	RESP=1
11698714	42	STIM=n
11703348	42	RESP=1
11717332	42	STIM=c
11721735	42	RESP=1
11733696	42	STIM=m
11739923	42	RESP=1
11752069	42	STIM=z
11755582	42	RESP=1
11770639	42	STIM=g
11774995	42	RESP=1
11789473	42	STIM=r
11794073	42	RESP=1
11804908	42	STIM=p
11809301	42	RESP=1
11823428	42	STIM=r
11826566	42	RESP=1
11839445	42	STIM=s
11844442	42	RESP=1
11856746	42	STIM=p
11860342	42	RESP=1
11873163	42	STIM=s
11878195	42	RESP=1
11891606	42	STIM=b
11896013	42	RESP=1
11908762	42	STIM=p
11914191	42	RESP=1
11926403	42	STIM=e
11932848	42	RESP=1
11944737	42	STIM=h
11952594	42	RESP=1
11963499	42	STIM=i
11969270	42	RESP=1
11980567	42	STIM=z
11987110	42	RESP=1
11998438	42	STIM=b
12000871	42	RESP=1
12016107	42	STIM=a
12021423	42	RESP=1
12032594	42	STIM=8
12040095	42	RESP=2
12049454	42	STIM=k
12055883	42	RESP=1
12067764	42	STIM=f
12074439	42	RESP=1
12084152	42	STIM=k
12088067	42	RESP=1
12099211	42	STIM=f
12103199	42	RESP=1
12115499	42	STIM=c
12124969	42	RESP=1
12132875	42	STIM=g
12137202	42	RESP=1
12149805	42	STIM=o
12155225	42	RESP=1
12167716	42	STIM=c
12171481	42	RESP=1
12185176	42	STIM=n
12187890	42	RESP=1
12204126	42	STIM=u
12211354	42	RESP=1
12221208	42	STIM=w
12226353	42	RESP=1
12237481	42	STIM=v
12240983	42	RESP=1
12252654	42	STIM=z
12255983	42	RESP=1
12269014	42	STIM=8
12272190	42	RESP=2
12287781	42	STIM=d
12298717	42	RESP=1
12304369	42	STIM=u
12310249	42	RESP=1
12319381	42	STIM=8
12325504	42	RESP=2
12336316	42	STIM=j
12344563	42	RESP=1
12355067	42	STIM=o
12362096	42	RESP=1
12370249	42	STIM=7
12378313	42	RESP=2
12388961	42	STIM=f
12397372	42	RESP=1
12407784	42	STIM=e
12412783	42	RESP=1
12425577	42	STIM=e
12431850	42	RESP=1
12443987	42	STIM=v
12451052	42	RESP=1
12462503	42	STIM=j
12469188	42	RESP=1
12477717	42	STIM=f
12481807	42	RESP=1
12495847	42	STIM=v
12500823	42	RESP=1
12514755	42	STIM=b
12523066	42	RESP=1
12533020	42	STIM=r
12538308	42	RESP=1
12549017	42	STIM=a
12552901	42	RESP=1
12564638	42	STIM=e
12569024	42	RESP=1
12580531	42	STIM=s
12584093	42	RESP=1
12598379	42	STIM=f
12603007	42	RESP=1
12613407	42	STIM=5
12623821	42	RESP=2
12629657	42	STIM=9
12635659	42	RESP=2
12647835	42	STIM=o
12653825	42	RESP=1
12664911	42	STIM=p
12669961	42	RESP=1
12681686	42	STIM=i
12688882	42	RESP=1
12699720	42	STIM=4
12705898	42	RESP=2
12714817	42	STIM=2
12721256	42	RESP=2
12731424	42	STIM=v
12735089	42	RESP=1
12750277	42	STIM=f
12756672	42	RESP=1
12769083	42	STIM=y
12776797	42	RESP=1
12785932	42	STIM=w
12791361	42	RESP=2
12801057	42	STIM=1
12809397	42	RESP=2
12817888	42	STIM=l
12821849	42	RESP=1
12835341	42	STIM=g
12840394	42	RESP=2
12850396	42	STIM=c
12857549	42	RESP=1
12865756	42	STIM=m
12872132	42	RESP=1
12883572	42	STIM=f
12889682	42	RESP=1
12900203	42	STIM=m
12903290	42	RESP=1
12916219	42	STIM=v
12922198	42	RESP=1
12933808	42	STIM=f
12937549	42	RESP=1
12949133	42	STIM=z
12952745	42	RESP=1
12968047	42	STIM=a
12972093	42	RESP=1
12984770	42	STIM=1
12988214	42	RESP=1
13001371	42	STIM=b
13005081	42	RESP=1
13019741	42	STIM=k
13024368	42	RESP=1
13037608	42	STIM=h
13041826	42	RESP=1
13054007	42	STIM=j
13060843	42	RESP=1
13069680	42	STIM=b
13074596	42	RESP=1
13084758	42	STIM=f
13088805	42	RESP=1
13101592	42	STIM=e
13105351	42	RESP=1
13120284	42	STIM=r
13126394	42	RESP=1
13139077	42	STIM=s
13141803	42	RESP=1
13155415	42	STIM=p
13159770	42	RESP=1
13172481	42	STIM=m
13180617	42	RESP=1
13189203	42	STIM=u
13194325	42	RESP=1
13206350	42	STIM=l
13213916	42	RESP=1
13222390	42	STIM=l
13226270	42	RESP=1
13239333	42	STIM=4
13245833	42	RESP=2
13255338	42	STIM=k
13259442	42	RESP=1
13272664	42	STIM=6
13278596	42	RESP=2
13290094	42	STIM=z
13295729	42	RESP=1
13306719	42	STIM=r
13311451	42	RESP=1
13324799	42	STIM=4
13334399	42	RESP=2
13340563	42	STIM=a
13344376	42	RESP=1
13359507	42	STIM=1
13366507	42	RESP=2
13375927	42	STIM=t
13380540	42	RESP=1
13391176	42	STIM=m
13397863	42	RESP=1
13408741	42	STIM=r
13414000	42	RESP=1
13425110	42	STIM=g
13429999	42	RESP=1
13440440	42	STIM=x
13446447	42	RESP=1
13459230	42	STIM=y
13463096	42	RESP=1
13475775	42	STIM=z
13480326	42	RESP=2
13492461	42	STIM=i
13497691	42	RESP=1
13510083	42	STIM=8
13513521	42	RESP=2
13526005	42	STIM=r
13531850	42	RESP=1
13542869	42	STIM=d
13546802	42	RESP=1
13561284	42	STIM=k
13567370	42	RESP=1
13578567	42	STIM=9
13585890	42	RESP=2
13593924	42	STIM=t
13600266	42	RESP=1
13609246	42	STIM=p
13611792	42	RESP=1
13625922	42	STIM=r
13632951	42	RESP=1
13643276	42	STIM=1
13648973	42	RESP=2
13659698	42	STIM=w
13665158	42	RESP=1
13676670	42	STIM=n
13684196	42	RESP=1
13694411	42	STIM=z
13700191	42	RESP=1
13709935	42	STIM=t
13716249	42	RESP=1
13727899	42	STIM=f
13739657	42	RESP=1
13743198	42	STIM=b
13755895	42	RESP=1
13761792	42	STIM=d
13767555	42	RESP=1
13778960	42	STIM=t
13784144	42	RESP=1
13795415	42	STIM=m
13801773	42	RESP=2
13812184	42	STIM=f
13820183	42	RESP=1
13827427	42	STIM=d
13832591	42	RESP=1
13843133	42	STIM=3
13848640	42	RESP=2
13858685	42	STIM=c
13864863	42	RESP=1
13877597	42	STIM=b
13883342	42	RESP=1
13896022	42	STIM=r
13902910	42	RESP=1
13914332	42	STIM=h
13919103	42	RESP=1
13930164	42	STIM=s
13934837	42	RESP=1
13947481	42	STIM=f
13953538	42	RESP=1
13963679	42	STIM=d
13972750	42	RESP=1
13979445	42	STIM=a
13983052	42	RESP=1
13994604	42	STIM=o
13997413	42	RESP=1
14012998	42	STIM=x
14017918	42	RESP=1
14030009	42	STIM=e
14034841	42	RESP=1
14048626	42	STIM=3
14052081	42	RESP=2
14064051	42	STIM=c
14069240	42	RESP=1
14081076	42	STIM=7
14085372	42	RESP=2
14099130	42	STIM=y
14102736	42	RESP=1
14114634	42	STIM=v
14121868	42	RESP=1
14130751	42	STIM=f
14134972	42	RESP=1
14145894	42	STIM=5
14151709	42	RESP=2
14162684	42	STIM=s
14169701	42	RESP=1
14179142	42	STIM=x
14184222	42	RESP=1
14195098	42	STIM=0
14198511	42	RESP=2
14212693	42	STIM=j
14220719	42	RESP=1
14231648	42	STIM=r
14237636	42	RESP=1
14249212	42	STIM=j
14254238	42	RESP=1
14267560	42	STIM=4
14273882	42	RESP=2
14286327	42	STIM=1
14291363	42	RESP=2
14301922	42	STIM=t
14309862	42	RESP=1
14320493	42	STIM=z
14326113	42	RESP=1
14337127	42	STIM=z
14341572	42	RESP=1
14356119	42	STIM=7
14361000	42	RESP=2
14371619	42	STIM=n
14376524	42	RESP=1
14389151	42	STIM=n
14393353	42	RESP=1
14404882	42	STIM=m
14408168	42	RESP=1
14423791	42	STIM=x
14428345	42	RESP=1
14439202	42	STIM=p
14442868	42	RESP=1
14455002	42	STIM=l
14459335	42	RESP=1
14473117	42	STIM=z
14477397	42	RESP=1
14489199	42	STIM=z
14492966	42	RESP=1
14504352	42	STIM=m
14512022	42	RESP=1
14519466	42	STIM=u
14523710	42	RESP=1
14536218	42	STIM=8
14540017	42	RESP=1
14552041	42	STIM=b
14557090	42	RESP=1
14568995	42	STIM=y
14574495	42	RESP=1
14586329	42	STIM=d
14591504	42	RESP=1
14601423	42	STIM=2
14608856	42	RESP=2
14619028	42	STIM=r
14625703	42	RESP=1
14637034	42	STIM=o
14640482	42	RESP=1
14653449	42	STIM=i
14657496	42	RESP=1
14669621	42	STIM=6
14674876	42	RESP=2
14685986	42	STIM=0
14690822	42	RESP=2
14703964	42	STIM=9
14708908	42	RESP=2
14719633	42	STIM=7
14723322	42	RESP=2
14736474	42	STIM=k
14739811	42	RESP=1
14753431	42	STIM=r
14758555	42	RESP=1
14772399	42	STIM=d
14775388	42	RESP=1
14788469	42	STIM=a
14792162	42	RESP=1
14806882	42	STIM=q
14813288	42	RESP=2
14821886	42	STIM=z
14825689	42	RESP=1
14838163	42	STIM=z
14841768	42	RESP=1
14854173	42	STIM=6
14860580	42	RESP=2
14869935	42	STIM=8
14874954	42	RESP=2
14888806	42	STIM=y
14893687	42	RESP=1
14905724	42	STIM=a
14909926	42	RESP=1
14924407	42	STIM=o
14931181	42	RESP=1
14942341	42	STIM=j
14946693	42	RESP=1
14959659	42	STIM=s
14965210	42	RESP=1
14978379	42	STIM=d
14984606	42	RESP=1
14993448	42	STIM=j
14998466	42	RESP=1
15010295	42	STIM=8
15015759	42	RESP=2
15028294	42	STIM=4
15032491	42	RESP=2
15047033	42	STIM=c
15052492	42	RESP=1
15065750	42	STIM=b
15069449	42	RESP=2
15081096	42	STIM=d
15083792	42	RESP=1
15096936	42	STIM=u
15105234	42	RESP=1
15113733	42	STIM=d
15119584	42	RESP=1
15129075	42	STIM=h
15134025	42	RESP=1
15145177	42	STIM=d
15148972	42	RESP=1
15160561	42	STIM=h
15167489	42	RESP=1
15177302	42	STIM=v
15180984	42	RESP=1
15194747	42	STIM=5
15203589	42	RESP=2
15210446	42	STIM=y
15216275	42	RESP=1
15226633	42	STIM=l
15229312	42	RESP=1
15245270	42	STIM=s
15250242	42	RESP=1
15261993	42	STIM=7
15266552	42	RESP=2
15277519	42	STIM=e
15283271	42	RESP=1
15294167	42	STIM=f
15299058	42	RESP=1
15311107	42	STIM=u
15315222	42	RESP=2
15327308	42	STIM=r
15331006	42	RESP=1
15345847	42	STIM=c
15350083	42	RESP=2
15362684	42	STIM=r
15368717	42	RESP=1
15379318	42	STIM=3
15384492	42	RESP=2
15397214	42	STIM=g
15400573	42	RESP=1
15414969	42	STIM=g
15420318	42	RESP=1
15431601	42	STIM=h
15435706	42	RESP=1
15446842	42	STIM=u
15452526	42	RESP=1
15464293	42	STIM=r
15468005	42	RESP=1
15482753	42	STIM=z
15490086	42	RESP=1
15500730	42	STIM=i
15504177	42	RESP=1
15517432	42	STIM=1
15522969	42	RESP=2
15534532	42	STIM=o
15538789	42	RESP=1
15552588	42	STIM=c
15557025	42	RESP=1
15568505	42	STIM=h
15576991	42	RESP=1
15586257	42	STIM=a
15591171	42	RESP=1
15603579	42	STIM=x
15607391	42	RESP=1
15620637	42	STIM=8
15625111	42	RESP=2
15637332	42	STIM=2
15645017	42	RESP=2
15653132	42	STIM=h
15657731	42	RESP=1
15670543	42	STIM=u
15676300	42	RESP=1
15687667	42	STIM=x
15694648	42	RESP=1
15706142	42	STIM=3
15710643	42	RESP=2
15725051	42	STIM=6
15729698	42	RESP=1
15741512	42	STIM=f
15745669	42	RESP=1
15758168	42	STIM=1
15763962	42	RESP=2
15776955	42	STIM=c
15787629	42	RESP=1
15793449	42	STIM=r
15798043	42	RESP=1
15811497	42	STIM=d
15818132	42	RESP=1
15826553	42	STIM=l
15830416	42	RESP=1
15843330	42	STIM=u
15849515	42	RESP=1
15860626	42	STIM=l
15868324	42	RESP=1
15879416	42	STIM=d
15885483	42	RESP=1
15896815	42	STIM=x
15901615	42	RESP=1
15913623	42	STIM=4
15919376	42	RESP=2
15930139	42	STIM=t
15935002	42	RESP=1
15946727	42	STIM=5
15951416	42	RESP=2
15965652	42	STIM=l
15973835	42	RESP=1
15982594	42	STIM=l
15990005	42	RESP=1
16000660	42	STIM=7
16006773	42	RESP=2
16016052	42	STIM=l
16021779	42	RESP=1
16031940	42	STIM=4
16040578	42	RESP=2
16047447	42	STIM=n
16051077	42	RESP=1
16065903	42	STIM=v
16069126	42	RESP=1
16082915	42	STIM=6
16088958	42	RESP=1
16098261	42	STIM=o
16101320	42	RESP=1
16114237	42	STIM=k
16118633	42	RESP=1
16131845	42	STIM=z
16135206	42	RESP=1
16147247	42	STIM=b
16150749	42	RESP=1
16164545	42	STIM=c
16173344	42	RESP=1
16179831	42	STIM=w
16184069	42	RESP=1
16198688	42	STIM=k
16203694	42	RESP=1
16215671	42	STIM=i
16219995	42	RESP=1
16230761	42	STIM=u
16235388	42	RESP=1
16248428	42	STIM=s
16259286	42	RESP=1
16266811	42	STIM=s
16271481	42	RESP=1
16283934	42	STIM=2
16291300	42	RESP=2
16300678	42	STIM=w
16307069	42	RESP=1
16316713	42	STIM=j
16322618	42	RESP=1
16332433	42	STIM=u
16337353	42	RESP=1
16348253	42	STIM=n
16351023	42	RESP=1
16366797	42	STIM=0
16371161	42	RESP=2
16382321	42	STIM=w
16385946	42	RESP=1
16399798	42	STIM=z
16405440	42	RESP=1
16417030	42	STIM=0
16422199	42	RESP=2
16433156	42	STIM=7
16439351	42	RESP=2
16448733	42	STIM=6
16452979	42	RESP=2
16467529	42	STIM=p
16471249	42	RESP=1
16486045	42	STIM=t
16490548	42	RESP=1
16504162	42	STIM=x
16513067	42	RESP=2
16522799	42	STIM=c
16527350	42	RESP=1
16540822	42	STIM=d
16544093	42	RESP=1
16559770	42	STIM=c
16562666	42	RESP=1
16575267	42	STIM=a
16579288	42	RESP=1
16593106	42	STIM=u
16596485	42	RESP=1
16611788	42	STIM=6
16615942	42	RESP=2
16628715	42	STIM=f
16634308	42	RESP=1
16645199	42	STIM=o
16651415	42	RESP=1
16661043	42	STIM=a
16670502	42	RESP=1
16677091	42	STIM=v
16681704	42	RESP=2
16693511	42	STIM=q
16700382	42	RESP=1
16710625	42	STIM=4
16717191	42	RESP=2
16726558	42	STIM=n
16730793	42	RESP=1
16742463	42	STIM=7
16750103	42	RESP=2
16758005	42	STIM=o
16762428	42	RESP=1
16774229	42	STIM=s
16777726	42	RESP=1
16790365	42	STIM=z
16794346	42	RESP=1
16808959	42	STIM=k
16813330	42	RESP=1
16824380	42	STIM=a
16827212	42	RESP=1
16842560	42	STIM=s
16846302	42	RESP=1
16861080	42	STIM=d
16867635	42	RESP=1
16879226	42	STIM=2
16883243	42	RESP=2
16895178	42	STIM=f
16901702	42	RESP=1
16913037	42	STIM=k
16921015	42	RESP=2
16931851	42	STIM=a
16940241	42	RESP=1
16947203	42	STIM=n
16953723	42	RESP=1
16963503	42	STIM=m
16970011	42	RESP=1
16979431	42	STIM=h
16984135	42	RESP=1
16994508	42	STIM=v
16998912	42	RESP=1
17010645	42	STIM=u
17016185	42	RESP=1
17026361	42	STIM=j
17033248	42	RESP=1
17042822	42	STIM=3
17046914	42	RESP=2
17057896	42	STIM=e
17062150	42	RESP=1
17075806	42	STIM=x
17081228	42	RESP=1
17093580	42	STIM=s
17096779	42	RESP=1
17109148	42	STIM=q
17118001	42	RESP=1
17126239	42	STIM=c
17132457	42	RESP=1
17144633	42	STIM=4
17148800	42	RESP=2
17160487	42	STIM=z
17166336	42	RESP=1
17178202	42	STIM=7
17181730	42	RESP=2
17195698	42	STIM=j
17201365	42	RESP=1
17214364	42	STIM=7
17220560	42	RESP=2
17230350	42	STIM=f
17234676	42	RESP=1
17249120	42	STIM=v
17252476	42	RESP=1
17266762	42	STIM=p
17270068	42	RESP=1
17283256	42	STIM=b
17288396	42	RESP=1
17299562	42	STIM=r
17304099	42	RESP=1
17315551	42	STIM=l
17319760	42	RESP=1
17331483	42	STIM=4
17337081	42	RESP=2
17348438	42	STIM=u
17356677	42	RESP=1
17364837	42	STIM=n
17368157	42	RESP=1
17381470	42	STIM=w
17389351	42	RESP=1
17397080	42	STIM=w
17400174	42	RESP=1
17415429	42	STIM=o
17418968	42	RESP=1
17432417	42	STIM=8
17436315	42	RESP=1
17451173	42	STIM=q
17455436	42	RESP=1
17469600	42	STIM=p
17473479	42	RESP=1
17485611	42	STIM=6
17491461	42	RESP=2
17503730	42	STIM=j
17511500	42	RESP=1
17519775	42	STIM=y
17522877	42	RESP=1
17535379	42	STIM=b
17540280	42	RESP=1
17551709	42	STIM=9
17558265	42	RESP=2
17569844	42	STIM=8
17577896	42	RESP=1
17588640	42	STIM=l
17592849	42	RESP=1
17606870	42	STIM=s
17612450	42	RESP=1
17623585	42	STIM=t
17627866	42	RESP=1
17640792	42	STIM=k
17644049	42	RESP=1
17656448	42	STIM=e
17663517	42	RESP=1
17675369	42	STIM=t
17679437	42	RESP=1
17691156	42	STIM=d
17698064	42	RESP=1
17707588	42	STIM=l
17713273	42	RESP=1
17725872	42	STIM=1
17730264	42	RESP=2
17744228	42	STIM=w
17748518	42	RESP=1
17760505	42	STIM=k
17767225	42	RESP=1
17776813	42	STIM=p
17784463	42	RESP=1
17792235	42	STIM=e
17796006	42	RESP=1
17809207	42	STIM=h
17813767	42	RESP=1
17827396	42	STIM=b
17832970	42	RESP=1
17845950	42	STIM=j
17850055	42	RESP=1
17862907	42	STIM=i
17871407	42	RESP=1
17879882	42	STIM=q
17883207	42	RESP=1
17896429	42	STIM=j
17900100	42	RESP=1
17911955	42	STIM=5
17919553	42	RESP=2
17927520	42	STIM=p
17932280	42	RESP=1
17944873	42	STIM=o
17951194	42	RESP=2
17961514	42	STIM=4
17965614	42	RESP=1
17980388	42	STIM=j
17983788	42	RESP=1
17997486	42	STIM=b
18002952	42	RESP=1
18016228	42	STIM=7
18026476	42	RESP=2
18033465	42	STIM=g
18037768	42	RESP=1
18052049	42	STIM=o
18055642	42	RESP=1
18069850	42	STIM=g
18075152	42	RESP=1
18088367	42	STIM=z
18091268	42	RESP=1
18106591	42	STIM=d
18121998	42	RESP=1
18122604	42	STIM=i
18129543	42	RESP=1
18139449	42	STIM=1
18145656	42	RESP=2
18156378	42	STIM=7
18162963	42	RESP=1
18171709	42	STIM=i
18177259	42	RESP=1
18188205	42	STIM=6
18195387	42	RESP=2
18203566	42	STIM=k
18207900	42	RESP=1
18219168	42	STIM=o
18223256	42	RESP=1
18235807	42	STIM=y
18241378	42	RESP=1
18252622	42	STIM=g
18258006	42	RESP=1
18268096	42	STIM=8
18272711	42	RESP=1
18285195	42	STIM=v
18289874	42	RESP=1
18303111	42	STIM=y
18306689	42	RESP=1
18319378	42	STIM=9
18325353	42	RESP=2
18337206	42	STIM=6
18341917	42	RESP=2
18352294	42	STIM=h
18357869	42	RESP=1
18370503	42	STIM=l
18376307	42	RESP=1
18386714	42	STIM=d
18393897	42	RESP=1
18404896	42	STIM=h
18409368	42	RESP=1
18421952	42	STIM=9
18427501	42	RESP=2
18437603	42	STIM=l
18443177	42	RESP=1
18453060	42	STIM=0
18460018	42	RESP=2
18470096	42	STIM=d
18475440	42	RESP=1
18488528	42	STIM=4
18494231	42	RESP=2
18505299	42	STIM=l
18511368	42	RESP=1
18521328	42	STIM=f
18524856	42	RESP=1
18537351	42	STIM=d
18541326	42	RESP=1
18554538	42	STIM=4
18559403	42	RESP=2
18572584	42	STIM=p
18575083	42	RESP=1
18589249	42	STIM=7
18592910	42	RESP=2
18606439	42	STIM=j
18609210	42	RESP=1
18621567	42	STIM=i
18625636	42	RESP=1
18637217	42	STIM=h
18643065	42	RESP=1
18652922	42	STIM=b
18662493	42	RESP=1
18667983	42	STIM=c
18674280	42	RESP=1
18684731	42	STIM=a
18688897	42	RESP=1
18702369	42	STIM=v
18706012	42	RESP=1
18720904	42	STIM=s
18725660	42	RESP=1
18736154	42	STIM=q
18743085	42	RESP=1
18752187	42	STIM=w
18756421	42	RESP=1
18769043	42	STIM=j
18773167	42	RESP=1
18785226	42	STIM=f
18792338	42	RESP=1
18801356	42	STIM=b
18806579	42	RESP=1
18818913	42	STIM=2
18822988	42	RESP=2
18836816	42	STIM=6
18842349	42	RESP=2
18855351	42	STIM=x
18858066	42	RESP=2
18872727	42	STIM=4
18876732	42	RESP=2
18888830	42	STIM=t
18893139	42	RESP=1
18905305	42	STIM=e
18910354	42	RESP=1
18923982	42	STIM=t
18928053	42	RESP=1
18942419	42	STIM=v
18945941	42	RESP=1
18960947	42	STIM=p
18966469	42	RESP=1
18977850	42	STIM=r
18981099	42	RESP=1
18993508	42	STIM=e
18997816	42	RESP=1
19008915	42	STIM=2
19015479	42	RESP=2
19024384	42	STIM=v
19031386	42	RESP=1
19041288	42	STIM=s
19046789	42	RESP=1
19059104	42	STIM=9
19067018	42	RESP=2
19074311	42	STIM=p
19078812	42	RESP=1
19089842	42	STIM=4
19095614	42	RESP=2
19104950	42	STIM=j
19108368	42	RESP=1
19123938	42	STIM=a
19129607	42	RESP=1
19142241	42	STIM=2
19151099	42	RESP=2
19159930	42	STIM=k
19165402	42	RESP=1
19178240	42	STIM=6
19184430	42	RESP=2
19196071	42	STIM=1
19204107	42	RESP=1
19213289	42	STIM=6
19217487	42	RESP=2
19229048	42	STIM=l
19235594	42	RESP=1
19246266	42	STIM=4
19251968	42	RESP=2
19262576	42	STIM=n
19266939	42	RESP=1
19280176	42	STIM=q
19287680	42	RESP=1
19296095	42	STIM=9
19302370	42	RESP=2
19313316	42	STIM=5
19317213	42	RESP=2
19332268	42	STIM=p
19336430	42	RESP=1
19347875	42	STIM=3
19351982	42	RESP=2
19366275	42	STIM=b
19368628	42	RESP=1
19383563	42	STIM=a
19387687	42	RESP=1
19398705	42	STIM=v
19406226	42	RESP=1
19417446	42	STIM=v
19421552	42	RESP=2
19433256	42	STIM=e
19437230	42	RESP=1
19450748	42	STIM=5
19458441	42	RESP=1
19466422	42	STIM=g
19470636	42	RESP=1
19484227	42	STIM=t
19488361	42	RESP=1
19502525	42	STIM=b
19505641	42	RESP=1
19520406	42	STIM=k
19524239	42	RESP=1
19538098	42	STIM=2
19543207	42	RESP=2
19554492	42	STIM=o
19562285	42	RESP=1
19572039	42	STIM=4
19578850	42	RESP=2
19589184	42	STIM=g
19593616	42	RESP=1
19604466	42	STIM=w
19609050	42	RESP=1
19621369	42	STIM=h
19628971	42	RESP=1
19639970	42	STIM=d
19644621	42	RESP=1
19657353	42	STIM=5
19662837	42	RESP=1
19675240	42	STIM=f
19680461	42	RESP=1
19690953	42	STIM=t
19699884	42	RESP=1
19706142	42	STIM=n
19710437	42	RESP=1
19723293	42	STIM=9
19727392	42	RESP=2
19740238	42	STIM=g
19743081	42	RESP=1
19758966	42	STIM=n
19764732	42	RESP=1
19775233	42	STIM=3
19779216	42	RESP=2
19790615	42	STIM=h
19793445	42	RESP=1
19805656	42	STIM=e
19810580	42	RESP=1
19823741	42	STIM=l
19827768	42	RESP=1
19841180	42	STIM=e
19850097	42	RESP=1
19856549	42	STIM=w
19862686	42	RESP=1
19872387	42	STIM=t
19876595	42	RESP=2
19888606	42	STIM=k
19891938	42	RESP=1
19904862	42	STIM=3
19909524	42	RESP=2
19920641	42	STIM=6
19925075	42	RESP=2
19937535	42	STIM=f
19944192	42	RESP=1
19954033	42	STIM=5
19963170	42	RESP=2
19972363	42	STIM=3
19977034	42	RESP=2
19989734	42	STIM=0
19995227	42	RESP=2
20005852	42	STIM=p
20008434	42	RESP=1
20022228	42	STIM=f
20025644	42	RESP=1
20037343	42	STIM=v
20041633	42	RESP=1
20054602	42	STIM=6
20058781	42	RESP=2
20070901	42	STIM=h
20076671	42	RESP=1
20086749	42	STIM=u
20091051	42	RESP=1
20104274	42	STIM=h
20109253	42	RESP=1
20120748	42	STIM=p
20123800	42	RESP=1
20135929	42	STIM=p
20140091	42	RESP=1
20152440	42	STIM=y
20155605	42	RESP=1
20171266	42	STIM=u
20178346	42	RESP=1
20186334	42	STIM=8
20190824	42	RESP=2
20202790	42	STIM=0
20208737	42	RESP=1
20219870	42	STIM=s
20224054	42	RESP=1
20238182	42	STIM=r
20240796	42	RESP=1
20253184	42	STIM=j
20258010	42	RESP=1
20268184	42	STIM=4
20274766	42	RESP=2
20284086	42	STIM=m
20286760	42	RESP=1
20302210	42	STIM=o
20306287	42	RESP=1
20319228	42	STIM=t
20326716	42	RESP=1
20335751	42	STIM=d
20342990	42	RESP=1
20353127	42	STIM=0
20358094	42	RESP=2
20371018	42	STIM=v
20375773	42	RESP=1
20388070	42	STIM=t
20391832	42	RESP=1
20405681	42	STIM=h
20410161	42	RESP=1
20422400	42	STIM=z
20429886	42	RESP=1
20441075	42	STIM=c
20445318	42	RESP=1
20457131	42	STIM=4
20462298	42	RESP=2
20474617	42	STIM=j
20480628	42	RESP=2
20492913	42	STIM=4
20499061	42	RESP=2
20508442	42	STIM=n
20515863	42	RESP=1
20524076	42	STIM=b
20531273	42	RESP=1
20541219	42	STIM=z
20547798	42	RESP=1
20556312	42	STIM=a
20559053	42	RESP=1
20574224	42	STIM=a
20578759	42	RESP=1
20591568	42	STIM=z
20595351	42	RESP=1
20607706	42	STIM=w
20611769	42	RESP=1
20623800	42	STIM=l
20627640	42	RESP=1
20639602	42	STIM=b
20646883	42	RESP=1
20656429	42	STIM=l
20666011	42	RESP=1
20671598	42	STIM=l
20676606	42	RESP=1
20689712	42	STIM=q
20693175	42	RESP=1
20705045	42	STIM=i
20708795	42	RESP=1
20721811	42	STIM=u
20729985	42	RESP=1
20740404	42	STIM=b
20744412	42	RESP=1
20755594	42	STIM=c
20760974	42	RESP=1
20771717	42	STIM=n
20777495	42	RESP=1
20789248	42	STIM=v
20792375	42	RESP=1
20805533	42	STIM=s
20813446	42	RESP=1
20822410	42	STIM=x
20829413	42	RESP=1
20838418	42	STIM=2
20842777	42	RESP=2
20855990	42	STIM=b
20858784	42	RESP=1
20871748	42	STIM=g
20874492	42	RESP=1
20887130	42	STIM=v
20889526	42	RESP=1
20905691	42	STIM=9
20910425	42	RESP=2
20922783	42	STIM=p
20929109	42	RESP=1
20939853	42	STIM=r
20942952	42	RESP=1
20958330	42	STIM=b
20962593	42	RESP=2
20976235	42	STIM=w
20985556	42	RESP=1
20995219	42	STIM=l
21002327	42	RESP=1
21012058	42	STIM=k
21017252	42	RESP=1
21027524	42	STIM=y
21032128	42	RESP=1
21044123	42	STIM=q
21048624	42	RESP=1
21060550	42	STIM=b
21065252	42	RESP=1
21079081	42	STIM=1
21089126	42	RESP=2
21097918	42	STIM=r
21101797	42	RESP=1
21113266	42	STIM=w
21118046	42	RESP=1
21131241	42	STIM=s
21138625	42	RESP=2
21146789	42	STIM=m
21154318	42	RESP=1
21162203	42	STIM=6
21169702	42	RESP=2
21180613	42	STIM=1
21185510	42	RESP=2
21198751	42	STIM=n
21203724	42	RESP=1
21215009	42	STIM=v
21223740	42	RESP=1
21230044	42	STIM=b
21235502	42	RESP=1
21245880	42	STIM=1
21253164	42	RESP=2
21262607	42	STIM=s
21268776	42	RESP=1
21280467	42	STIM=k
21284056	42	RESP=1
21296853	42	STIM=8
21304650	42	RESP=2
21314264	42	STIM=o
21318643	42	RESP=1
21332547	42	STIM=t
21337551	42	RESP=1
21350662	42	STIM=z
21355322	42	RESP=1
21366466	42	STIM=3
21371490	42	RESP=2
21383522	42	STIM=k
21390122	42	RESP=1
21399008	42	STIM=7
21403823	42	RESP=1
21414724	42	STIM=b
21418018	42	RESP=1
21430686	42	STIM=r
21436011	42	RESP=1
21449279	42	STIM=6
21454759	42	RESP=2
21466233	42	STIM=d
21470731	42	RESP=1
21484240	42	STIM=f
21488618	42	RESP=1
21501657	42	STIM=f
21508842	42	RESP=1
21517353	42	STIM=i
21521717	42	RESP=2
21536195	42	STIM=h
21542474	42	RESP=1
21553411	42	STIM=j
21561852	42	RESP=1
21568445	42	STIM=x
21570924	42	RESP=1
21585686	42	STIM=o
21588770	42	RESP=1
21604678	42	STIM=8
21609079	42	RESP=1
21620092	42	STIM=n
21627713	42	RESP=1
21636219	42	STIM=c
21643518	42	RESP=1
21653218	42	STIM=e
21658852	42	RESP=1
21669495	42	STIM=1
21676091	42	RESP=2
21688216	42	STIM=w
21694217	42	RESP=1
21703445	42	STIM=x
21709455	42	RESP=1
21721594	42	STIM=9
21726125	42	RESP=2
21736799	42	STIM=7
21741576	42	RESP=2
