# Original filename: 0041_FPL_2016-09-08.log
# Time unit: 100 us
# RARECAT=digit
#
# Time	HHGG	Event
38822	42	STIM=z
41632	42	RESP=1
55807	42	STIM=n
62245	42	RESP=1
73476	42	STIM=p
78162	42	RESP=1
88706	42	STIM=p
91852	42	RESP=1
107553	42	STIM=g
111951	42	RESP=1
125807	42	STIM=c
130103	42	RESP=1
143840	42	STIM=v
147987	42	RESP=1
161174	42	STIM=f
166830	42	RESP=1
176586	42	STIM=h
179425	42	RESP=1
192563	42	STIM=1
199132	42	RESP=2
208815	42	STIM=i
212929	42	RESP=1
227363	42	STIM=e
231645	42	RESP=1
244908	42	STIM=h
249838	42	RESP=1
262043	42	STIM=5
266597	42	RESP=2
277776	42	STIM=n
281766	42	RESP=1
292828	42	STIM=d
297739	42	RESP=1
310438	42	STIM=l
318731	42	RESP=1
328588	42	STIM=v
334097	42	RESP=1
347019	42	STIM=6
352928	42	RESP=2
364732	42	STIM=x
369476	42	RESP=1
381440	42	STIM=p
385872	42	RESP=1
397265	42	STIM=k
401563	42	RESP=1
412946	42	STIM=0
421731	42	RESP=2
430223	42	STIM=s
433073	42	RESP=1
448540	42	STIM=1
454805	42	RESP=2
465813	42	STIM=u
469939	42	RESP=1
483176	42	STIM=f
486475	42	RESP=1
499073	42	STIM=w
505204	42	RESP=1
516659	42	STIM=z
519520	42	RESP=2
534530	42	STIM=9
539843	42	RESP=2
550341	42	STIM=e
553935	42	RESP=1
568981	42	STIM=5
574647	42	RESP=2
584746	42	STIM=8
590658	42	RESP=2
600770	42	STIM=a
603343	42	RESP=1
617640	42	STIM=a
621779	42	RESP=2
632657	42	STIM=7
636871	42	RESP=2
649386	42	STIM=g
653683	42	RESP=1
664515	42	STIM=x
667977	42	RESP=1
682619	42	STIM=p
686264	42	RESP=1
699024	42	STIM=j
702936	42	RESP=1
716803	42	STIM=7
722486	42	RESP=2
731858	42	STIM=f
738880	42	RESP=1
747289	42	STIM=y
751335	42	RESP=1
764802	42	STIM=e
770514	42	RESP=1
779827	42	STIM=z
783461	42	RESP=1
795853	42	STIM=t
801329	42	RESP=1
813912	42	STIM=4
822290	42	RESP=2
829030	42	STIM=l
835004	42	RESP=1
845266	42	STIM=z
848382	42	RESP=1
863815	42	STIM=z
868962	42	RESP=2
879518	42	STIM=a
884217	42	RESP=1
897581	42	STIM=y
902247	42	RESP=1
914591	42	STIM=z
924936	42	RESP=1
931184	42	STIM=x
939048	42	RESP=1
948862	42	STIM=b
955404	42	RESP=1
967795	42	STIM=g
970397	42	RESP=1
985950	42	STIM=p
989870	42	RESP=1
1004773	42	STIM=q
1009710	42	RESP=1
1020798	42	STIM=k
1026834	42	RESP=1
1037012	42	STIM=k
1040497	42	RESP=1
1052403	42	STIM=n
1056360	42	RESP=1
1070455	42	STIM=l
1079267	42	RESP=1
1089159	42	STIM=m
1094222	42	RESP=1
1107686	42	STIM=2
1113887	42	RESP=2
1123638	42	STIM=k
1130793	42	RESP=1
1142003	42	STIM=a
1147433	42	RESP=2
1158791	42	STIM=o
1162642	42	RESP=1
1176327	42	STIM=u
1183767	42	RESP=1
1195017	42	STIM=s
1199035	42	RESP=1
1210079	42	STIM=0
1216966	42	RESP=2
1227093	42	STIM=p
1231266	42	RESP=1
1242388	42	STIM=6
1249505	42	RESP=2
1259302	42	STIM=h
1262372	42	RESP=1
1275122	42	STIM=s
1278139	42	RESP=1
1292301	42	STIM=s
1296468	42	RESP=1
1311209	42	STIM=w
1316523	42	RESP=1
1329799	42	STIM=l
1334159	42	RESP=1
1347322	42	STIM=p
1352688	42	RESP=1
1366245	42	STIM=u
1374217	42	RESP=1
1384050	42	STIM=f
1387705	42	RESP=1
1400397	42	STIM=f
1408362	42	RESP=1
1416683	42	STIM=r
1420548	42	RESP=1
1432646	42	STIM=9
1440361	42	RESP=2
1449778	42	STIM=g
1455988	42	RESP=1
1465519	42	STIM=k
1471770	42	RESP=1
1482478	42	STIM=t
1487409	42	RESP=1
1497496	42	STIM=t
1503751	42	RESP=1
1513360	42	STIM=n
1518849	42	RESP=1
1531814	42	STIM=i
1538319	42	RESP=1
1547345	42	STIM=v
1551925	42	RESP=1
1565987	42	STIM=v
1574885	42	RESP=1
1583644	42	STIM=t
1589880	42	RESP=1
1601687	42	STIM=w
1606224	42	RESP=1
1618027	42	STIM=7
1627336	42	RESP=2
1634171	42	STIM=a
1641655	42	RESP=1
1649583	42	STIM=z
1661413	42	RESP=1
1666695	42	STIM=h
1670326	42	RESP=1
1685153	42	STIM=3
1692555	42	RESP=2
1702479	42	STIM=i
1705833	42	RESP=1
1718258	42	STIM=a
1721945	42	RESP=1
1736177	42	STIM=u
1739361	42	RESP=1
1753177	42	STIM=l
1756755	42	RESP=1
1771425	42	STIM=q
1774916	42	RESP=1
1787932	42	STIM=g
1793781	42	RESP=1
1805263	42	STIM=x
1813541	42	RESP=1
1823195	42	STIM=e
1827523	42	RESP=1
1839968	42	STIM=i
1844682	42	RESP=1
1856030	42	STIM=i
1860256	42	RESP=1
1872615	42	STIM=e
1876242	42	RESP=1
1891464	42	STIM=h
1898385	42	RESP=1
1908601	42	STIM=y
1913831	42	RESP=1
1925598	42	STIM=a
1928594	42	RESP=1
1941837	42	STIM=w
1948167	42	RESP=1
1957601	42	STIM=1
1963724	42	RESP=2
1974820	42	STIM=6
1981432	42	RESP=1
1990421	42	STIM=9
1994127	42	RESP=2
2008477	42	STIM=a
2011824	42	RESP=1
2026970	42	STIM=k
2031168	42	RESP=1
2042006	42	STIM=n
2048499	42	RESP=1
2057763	42	STIM=y
2064710	42	RESP=1
2074602	42	STIM=x
2078466	42	RESP=2
2090079	42	STIM=d
2094963	42	RESP=1
2105773	42	STIM=s
2111607	42	RESP=1
2124671	42	STIM=n
2130476	42	RESP=1
2143048	42	STIM=4
2146476	42	RESP=2
2160552	42	STIM=n
2169672	42	RESP=1
2177078	42	STIM=k
2181247	42	RESP=1
2195083	42	STIM=f
2199123	42	RESP=1
2211118	42	STIM=1
2215836	42	RESP=2
2228529	42	STIM=u
2232447	42	RESP=1
2245831	42	STIM=h
2251297	42	RESP=1
2264755	42	STIM=d
2269230	42	RESP=1
2282211	42	STIM=c
2285510	42	RESP=1
2299797	42	STIM=g
2304041	42	RESP=1
2316739	42	STIM=c
2321674	42	RESP=1
2333435	42	STIM=c
2336655	42	RESP=1
2348436	42	STIM=g
2351535	42	RESP=1
2364436	42	STIM=t
2369722	42	RESP=1
2382978	42	STIM=0
2386958	42	RESP=2
2398170	42	STIM=u
2403911	42	RESP=1
2415590	42	STIM=z
2419085	42	RESP=1
2431282	42	STIM=m
2437268	42	RESP=1
2447231	42	STIM=c
2454439	42	RESP=1
2466022	42	STIM=y
2468927	42	RESP=1
2482880	42	STIM=6
2486933	42	RESP=2
2498892	42	STIM=8
2505550	42	RESP=2
2514654	42	STIM=m
2518933	42	RESP=1
2532266	42	STIM=j
2536466	42	RESP=1
2550697	42	STIM=f
2554889	42	RESP=1
2566950	42	STIM=i
2571065	42	RESP=1
2585417	42	STIM=v
2591500	42	RESP=1
2600613	42	STIM=k
2604905	42	RESP=1
2619149	42	STIM=3
2624899	42	RESP=2
2636915	42	STIM=z
2640004	42	RESP=1
2655359	42	STIM=j
2661550	42	RESP=1
2672779	42	STIM=b
2677670	42	RESP=1
2691252	42	STIM=m
2696203	42	RESP=1
2710236	42	STIM=d
2719898	42	RESP=1
2728590	42	STIM=w
2733713	42	RESP=1
2744256	42	STIM=5
2749510	42	RESP=2
2762442	42	STIM=x
2772488	42	RESP=1
2778239	42	STIM=4
2786197	42	RESP=2
2794242	42	STIM=h
2798857	42	RESP=2
2812767	42	STIM=5
2817673	42	RESP=2
2831646	42	STIM=t
2836973	42	RESP=1
2849058	42	STIM=i
2857745	42	RESP=1
2864163	42	STIM=k
2867498	42	RESP=1
2879224	42	STIM=9
2883777	42	RESP=2
2895282	42	STIM=j
2898004	42	RESP=1
2913244	42	STIM=u
2918070	42	RESP=1
2928422	42	STIM=z
2932992	42	RESP=1
2946231	42	STIM=l
2950641	42	RESP=1
2962039	42	STIM=p
2967766	42	RESP=2
2977940	42	STIM=t
2983719	42	RESP=1
2994824	42	STIM=u
2998920	42	RESP=1
3010471	42	STIM=h
3015049	42	RESP=1
3028551	42	STIM=t
3034130	42	RESP=1
3045776	42	STIM=g
3051011	42	RESP=1
3063837	42	STIM=7
3069699	42	RESP=2
3080609	42	STIM=g
3084524	42	RESP=1
3097563	42	STIM=0
3103358	42	RESP=2
3116261	42	STIM=5
3121045	42	RESP=2
3133910	42	STIM=o
3137988	42	RESP=1
3152847	42	STIM=s
3161004	42	RESP=1
3169871	42	STIM=m
3176203	42	RESP=2
3184985	42	STIM=0
3188698	42	RESP=2
3203163	42	STIM=f
3207372	42	RESP=2
3221527	42	STIM=g
3225868	42	RESP=2
3238936	42	STIM=u
3246901	42	RESP=1
3257593	42	STIM=a
3261375	42	RESP=1
3276404	42	STIM=u
3284347	42	RESP=1
3294509	42	STIM=c
3299082	42	RESP=1
3311315	42	STIM=i
3316265	42	RESP=2
3327349	42	STIM=1
3333826	42	RESP=2
3344877	42	STIM=f
3352259	42	RESP=1
3360179	42	STIM=d
3364369	42	RESP=1
3378755	42	STIM=f
3383085	42	RESP=2
3396330	42	STIM=0
3401529	42	RESP=2
3413520	42	STIM=8
3419572	42	RESP=2
3430052	42	STIM=e
3436035	42	RESP=1
3445618	42	STIM=x
3449512	42	RESP=1
3462280	42	STIM=6
3469024	42	RESP=2
3478503	42	STIM=b
3485950	42	RESP=1
3496800	42	STIM=l
3505046	42	RESP=2
3513402	42	STIM=x
3517754	42	RESP=1
3532223	42	STIM=n
3536112	42	RESP=1
3548198	42	STIM=r
3552300	42	RESP=1
3564994	42	STIM=f
3568733	42	RESP=1
3580740	42	STIM=m
3585673	42	RESP=1
3599482	42	STIM=6
3604818	42	RESP=2
3617963	42	STIM=g
3627610	42	RESP=1
3634090	42	STIM=n
3636948	42	RESP=1
3649289	42	STIM=b
3653158	42	RESP=1
3665805	42	STIM=p
3670415	42	RESP=1
3681982	42	STIM=g
3687856	42	RESP=1
3699397	42	STIM=q
3705322	42	RESP=1
3716566	42	STIM=p
3721107	42	RESP=1
3733371	42	STIM=d
3739939	42	RESP=1
3751430	42	STIM=f
3757793	42	RESP=1
3767292	42	STIM=n
3773583	42	RESP=1
3784911	42	STIM=h
3789267	42	RESP=1
3801226	42	STIM=e
3806584	42	RESP=1
3816774	42	STIM=q
3820997	42	RESP=1
3833988	42	STIM=t
3836646	42	RESP=1
3850463	42	STIM=6
3855300	42	RESP=2
3866634	42	STIM=t
3873956	42	RESP=1
3882535	42	STIM=h
3887230	42	RESP=1
3900470	42	STIM=o
3905552	42	RESP=1
3918176	42	STIM=s
3922157	42	RESP=1
3934560	42	STIM=g
3940695	42	RESP=1
3951637	42	STIM=t
3958208	42	RESP=1
3967213	42	STIM=5
3973898	42	RESP=2
3982333	42	STIM=w
3985440	42	RESP=1
4000880	42	STIM=v
4005659	42	RESP=1
4017428	42	STIM=a
4022912	42	RESP=1
4033572	42	STIM=k
4036897	42	RESP=1
4050751	42	STIM=j
4053935	42	RESP=1
4067291	42	STIM=i
4071232	42	RESP=1
4083370	42	STIM=3
4092963	42	RESP=2
4101697	42	STIM=q
4105569	42	RESP=1
4117037	42	STIM=s
4121430	42	RESP=1
4132546	42	STIM=u
4135932	42	RESP=1
4148533	42	STIM=m
4154193	42	RESP=1
4164061	42	STIM=c
4167473	42	RESP=1
4181246	42	STIM=m
4187070	42	RESP=1
4200224	42	STIM=q
4203529	42	RESP=1
4218761	42	STIM=a
4227776	42	RESP=1
4233987	42	STIM=e
4239717	42	RESP=1
4250546	42	STIM=d
4256705	42	RESP=1
4268428	42	STIM=c
4273440	42	RESP=1
4284155	42	STIM=u
4289025	42	RESP=1
4302685	42	STIM=v
4306650	42	RESP=1
4320358	42	STIM=y
4325055	42	RESP=1
4337623	42	STIM=1
4341340	42	RESP=2
4354475	42	STIM=e
4360782	42	RESP=1
4370294	42	STIM=t
4373705	42	RESP=1
4387540	42	STIM=e
4395918	42	RESP=1
4403030	42	STIM=q
4406193	42	RESP=1
4420142	42	STIM=8
4423972	42	RESP=1
4436123	42	STIM=1
4442865	42	RESP=2
4452668	42	STIM=x
4457762	42	RESP=1
4469552	42	STIM=0
4474261	42	RESP=2
4487660	42	STIM=d
4494664	42	RESP=1
4506484	42	STIM=t
4517895	42	RESP=1
4522329	42	STIM=s
4526109	42	RESP=1
4539001	42	STIM=j
4543578	42	RESP=1
4555436	42	STIM=k
4559859	42	RESP=1
4571875	42	STIM=t
4575357	42	RESP=1
4588767	42	STIM=s
4597781	42	RESP=1
4604823	42	STIM=t
4608352	42	RESP=1
4620795	42	STIM=s
4628472	42	RESP=1
4638601	42	STIM=f
4647732	42	RESP=1
4654947	42	STIM=i
4661086	42	RESP=1
4673409	42	STIM=3
4678904	42	RESP=2
4688654	42	STIM=5
4693022	42	RESP=2
4704979	42	STIM=w
4708303	42	RESP=1
4720637	42	STIM=y
4725848	42	RESP=1
4738727	42	STIM=k
4745038	42	RESP=1
4755915	42	STIM=v
4763670	42	RESP=1
4773397	42	STIM=q
4780600	42	RESP=1
4789091	42	STIM=f
4793843	42	RESP=1
4808030	42	STIM=5
4812976	42	RESP=1
4826693	42	STIM=f
4831718	42	RESP=1
4843394	42	STIM=9
4847323	42	RESP=2
4859098	42	STIM=r
4863301	42	RESP=1
4876353	42	STIM=i
4881610	42	RESP=1
4891696	42	STIM=m
4896908	42	RESP=1
4909319	42	STIM=c
4916240	42	RESP=2
4927160	42	STIM=m
4930018	42	RESP=1
4944094	42	STIM=z
4948722	42	RESP=1
4960226	42	STIM=w
4964163	42	RESP=1
4977163	42	STIM=l
4980223	42	RESP=1
4992449	42	STIM=t
4996614	42	RESP=1
5008270	42	STIM=e
5012382	42	RESP=1
5023281	42	STIM=z
5028395	42	RESP=1
5042123	42	STIM=w
5046867	42	RESP=1
5059735	42	STIM=1
5066367	42	RESP=2
5078073	42	STIM=z
5082139	42	RESP=1
5097031	42	STIM=s
5100164	42	RESP=1
5115985	42	STIM=2
5121974	42	RESP=2
5133580	42	STIM=o
5138522	42	RESP=1
5149703	42	STIM=r
5152290	42	RESP=1
5167165	42	STIM=n
5170692	42	RESP=1
5184253	42	STIM=g
5188836	42	RESP=1
5202210	42	STIM=u
5205825	42	RESP=1
5220119	42	STIM=h
5223583	42	RESP=1
5238177	42	STIM=n
5244848	42	RESP=1
5253810	42	STIM=e
5258864	42	RESP=1
5269115	42	STIM=k
5272454	42	RESP=1
5284908	42	STIM=f
5290295	42	RESP=1
5303879	42	STIM=x
5307252	42	RESP=1
5319966	42	STIM=t
5324495	42	RESP=1
5336413	42	STIM=i
5341253	42	RESP=1
5353598	42	STIM=6
5360724	42	RESP=2
5370848	42	STIM=o
5376201	42	RESP=1
5389611	42	STIM=f
5399094	42	RESP=1
5408224	42	STIM=j
5412301	42	RESP=1
5425627	42	STIM=g
5430312	42	RESP=1
5444232	42	STIM=k
5448685	42	RESP=2
5460304	42	STIM=p
5465011	42	RESP=1
5477454	42	STIM=q
5484954	42	RESP=1
5495841	42	STIM=c
5500873	42	RESP=1
5513236	42	STIM=3
5518817	42	RESP=2
5532088	42	STIM=h
5535159	42	RESP=1
5548669	42	STIM=z
5554493	42	RESP=1
5564524	42	STIM=t
5571517	42	RESP=1
5579706	42	STIM=d
5582871	42	RESP=1
5598184	42	STIM=w
5603723	42	RESP=1
5614293	42	STIM=i
5617371	42	RESP=2
5632681	42	STIM=3
5637441	42	RESP=2
5647909	42	STIM=a
5654605	42	RESP=1
5665926	42	STIM=r
5669961	42	RESP=1
5684435	42	STIM=m
5694377	42	RESP=1
5700600	42	STIM=d
5704822	42	RESP=1
5716948	42	STIM=3
5721332	42	RESP=2
5734267	42	STIM=e
5738677	42	RESP=1
5751470	42	STIM=l
5756666	42	RESP=1
5769350	42	STIM=2
5775390	42	RESP=2
5785838	42	STIM=c
5790313	42	RESP=1
5803203	42	STIM=8
5809281	42	RESP=2
5820281	42	STIM=v
5826878	42	RESP=1
5837044	42	STIM=2
5842819	42	RESP=2
5853851	42	STIM=n
5859480	42	RESP=1
5870219	42	STIM=o
5875217	42	RESP=1
5886252	42	STIM=9
5894217	42	RESP=2
5903106	42	STIM=a
5907356	42	RESP=1
5918366	42	STIM=e
5927338	42	RESP=1
5933720	42	STIM=j
5940439	42	RESP=1
5949356	42	STIM=6
5955167	42	RESP=2
5965935	42	STIM=7
5969969	42	RESP=1
5983512	42	STIM=8
5987297	42	RESP=2
6002083	42	STIM=d
6008157	42	RESP=1
6020323	42	STIM=x
6027611	42	RESP=1
6038862	42	STIM=j
6041756	42	RESP=1
6055214	42	STIM=p
6062298	42	RESP=1
6071201	42	STIM=h
6074977	42	RESP=1
6087438	42	STIM=s
6091514	42	RESP=1
6104626	42	STIM=m
6107906	42	RESP=1
6121392	42	STIM=v
6126747	42	RESP=1
6136656	42	STIM=s
6144181	42	RESP=1
6155448	42	STIM=7
6160696	42	RESP=2
6173681	42	STIM=e
6181297	42	RESP=1
6189857	42	STIM=q
6195574	42	RESP=1
6208524	42	STIM=k
6211511	42	RESP=1
6227108	42	STIM=3
6233092	42	RESP=1
6244016	42	STIM=n
6250401	42	RESP=1
6261326	42	STIM=a
6265020	42	RESP=1
6276511	42	STIM=o
6281124	42	RESP=1
6293341	42	STIM=f
6296778	42	RESP=1
6310600	42	STIM=6
6316875	42	RESP=2
6327123	42	STIM=d
6336182	42	RESP=1
6345565	42	STIM=f
6349172	42	RESP=1
6364352	42	STIM=c
6370353	42	RESP=1
6381418	42	STIM=q
6385048	42	RESP=1
6399192	42	STIM=r
6402340	42	RESP=1
6416385	42	STIM=4
6420504	42	RESP=2
6431779	42	STIM=1
6436630	42	RESP=2
6448557	42	STIM=1
6455920	42	RESP=2
6465397	42	STIM=h
6471202	42	RESP=1
6480771	42	STIM=b
6483480	42	RESP=1
6497047	42	STIM=p
6500631	42	RESP=1
6513983	42	STIM=f
6519338	42	RESP=1
6529087	42	STIM=o
6534753	42	RESP=1
6544278	42	STIM=b
6549248	42	RESP=1
6562571	42	STIM=x
6570493	42	RESP=1
6577852	42	STIM=9
6582687	42	RESP=1
6596242	42	STIM=p
6601064	42	RESP=1
6613523	42	STIM=8
6616940	42	RESP=2
6629103	42	STIM=n
6635313	42	RESP=1
6647925	42	STIM=r
6652142	42	RESP=1
6664738	42	STIM=w
6669123	42	RESP=1
6682658	42	STIM=p
6689010	42	RESP=1
6698840	42	STIM=r
6702462	42	RESP=1
6713994	42	STIM=r
6718246	42	RESP=1
6731678	42	STIM=0
6739310	42	RESP=1
6750074	42	STIM=u
6756285	42	RESP=1
6767641	42	STIM=4
6772300	42	RESP=2
6783681	42	STIM=g
6790755	42	RESP=1
6801403	42	STIM=8
6806677	42	RESP=2
6818812	42	STIM=h
6825706	42	RESP=1
6835113	42	STIM=a
6840096	42	RESP=1
6852780	42	STIM=u
6863167	42	RESP=1
6868696	42	STIM=e
6872182	42	RESP=1
6886864	42	STIM=6
6895832	42	RESP=2
6903205	42	STIM=x
6910102	42	RESP=1
6920386	42	STIM=o
6929328	42	RESP=1
6935506	42	STIM=k
6942866	42	RESP=2
6954439	42	STIM=2
6960567	42	RESP=1
6969654	42	STIM=q
6973911	42	RESP=1
6986589	42	STIM=o
6992523	42	RESP=1
7003118	42	STIM=4
7009115	42	RESP=2
7018709	42	STIM=a
7024288	42	RESP=1
7035450	42	STIM=q
7041372	42	RESP=2
7054017	42	STIM=g
7060415	42	RESP=1
7070853	42	STIM=u
7075962	42	RESP=1
7087180	42	STIM=6
7094491	42	RESP=2
7105670	42	STIM=q
7109687	42	RESP=1
7123235	42	STIM=l
7128252	42	RESP=1
7139123	42	STIM=0
7144571	42	RESP=2
7156758	42	STIM=y
7161241	42	RESP=1
7172161	42	STIM=o
7178350	42	RESP=1
7188597	42	STIM=e
7191497	42	RESP=1
7206215	42	STIM=y
7209813	42	RESP=1
7224746	42	STIM=f
7230281	42	RESP=2
7242060	42	STIM=2
7248265	42	RESP=2
7259533	42	STIM=9
7263806	42	RESP=2
7275060	42	STIM=j
7278912	42	RESP=1
7293944	42	STIM=m
7300245	42	RESP=1
7311490	42	STIM=l
7316339	42	RESP=1
7329944	42	STIM=9
7333817	42	RESP=2
7347172	42	STIM=n
7352240	42	RESP=1
7363733	42	STIM=b
7367997	42	RESP=1
7381677	42	STIM=b
7384002	42	RESP=1
7400613	42	STIM=4
7404657	42	RESP=2
7419341	42	STIM=e
7422176	42	RESP=1
7437268	42	STIM=6
7441754	42	RESP=2
7454326	42	STIM=o
7459204	42	RESP=1
7472536	42	STIM=q
7477051	42	RESP=1
7488832	42	STIM=h
7492263	42	RESP=1
7505972	42	STIM=p
7513182	42	RESP=1
7522377	42	STIM=d
7528314	42	RESP=1
7539408	42	STIM=a
7544297	42	RESP=1
7556807	42	STIM=e
7561096	42	RESP=1
7572531	42	STIM=i
7576245	42	RESP=2
7589133	42	STIM=s
7594239	42	RESP=1
7605972	42	STIM=5
7611130	42	RESP=2
7621747	42	STIM=j
7626127	42	RESP=2
7637849	42	STIM=d
7643836	42	RESP=1
7654204	42	STIM=q
7658938	42	RESP=1
7672761	42	STIM=x
7678139	42	RESP=1
7691490	42	STIM=u
7698807	42	RESP=1
7707377	42	STIM=x
7715412	42	RESP=1
7724159	42	STIM=u
7729649	42	RESP=1
7740974	42	STIM=i
7745536	42	RESP=1
7758692	42	STIM=f
7762284	42	RESP=1
7776740	42	STIM=q
7782462	42	RESP=1
7791744	42	STIM=i
7794976	42	RESP=1
7808366	42	STIM=6
7812647	42	RESP=2
7825768	42	STIM=o
7829122	42	RESP=1
7842612	42	STIM=v
7848598	42	RESP=1
7857673	42	STIM=u
7860977	42	RESP=1
7875430	42	STIM=n
7879584	42	RESP=1
7891805	42	STIM=3
7898255	42	RESP=2
7909622	42	STIM=b
7912194	42	RESP=1
7925352	42	STIM=l
7929932	42	RESP=1
7944055	42	STIM=f
7949485	42	RESP=1
7960928	42	STIM=i
7966327	42	RESP=1
7978514	42	STIM=8
7983003	42	RESP=2
7997394	42	STIM=e
7999775	42	RESP=1
8015626	42	STIM=d
8020454	42	RESP=1
8030745	42	STIM=i
8035881	42	RESP=2
8048949	42	STIM=4
8059675	42	RESP=2
8067061	42	STIM=x
8070259	42	RESP=1
8084443	42	STIM=6
8088519	42	RESP=1
8100890	42	STIM=8
8108782	42	RESP=2
8118798	42	STIM=e
8122381	42	RESP=1
8134136	42	STIM=d
8138349	42	RESP=1
8152841	42	STIM=2
8162202	42	RESP=2
8171074	42	STIM=d
8174056	42	RESP=1
8188448	42	STIM=j
8191810	42	RESP=1
8204951	42	STIM=t
8209589	42	RESP=1
8222558	42	STIM=a
8229568	42	RESP=1
8240340	42	STIM=m
8244875	42	RESP=1
8258446	42	STIM=m
8263250	42	RESP=1
8273702	42	STIM=e
8277245	42	RESP=1
8291360	42	STIM=i
8296288	42	RESP=1
8307504	42	STIM=h
8312477	42	RESP=1
8322576	42	STIM=o
8328963	42	RESP=1
8339272	42	STIM=d
8345479	42	RESP=1
8357746	42	STIM=d
8363666	42	RESP=1
8373095	42	STIM=n
8375956	42	RESP=1
8388998	42	STIM=c
8396507	42	RESP=1
8404524	42	STIM=0
8408509	42	RESP=2
8419708	42	STIM=y
8424794	42	RESP=1
8437371	42	STIM=v
8444765	42	RESP=1
8455533	42	STIM=q
8458473	42	RESP=1
8471132	42	STIM=l
8475546	42	RESP=1
8487202	42	STIM=6
8491546	42	RESP=1
8505750	42	STIM=u
8509834	42	RESP=1
8523794	42	STIM=e
8530486	42	RESP=1
8541342	42	STIM=g
8547735	42	RESP=1
8557104	42	STIM=a
8565038	42	RESP=1
8573195	42	STIM=8
8577912	42	RESP=2
8590245	42	STIM=h
8593882	42	RESP=1
8605688	42	STIM=l
8610002	42	RESP=1
8623799	42	STIM=8
8627609	42	RESP=2
8640690	42	STIM=s
8644950	42	RESP=1
8656532	42	STIM=m
8661520	42	RESP=1
8673605	42	STIM=q
8680995	42	RESP=1
8691080	42	STIM=v
8695820	42	RESP=1
8707702	42	STIM=6
8713494	42	RESP=2
8724445	42	STIM=q
8730638	42	RESP=1
8741969	42	STIM=r
8746738	42	RESP=1
8759120	42	STIM=l
8765443	42	RESP=1
8774319	42	STIM=u
8777811	42	RESP=1
8792287	42	STIM=0
8798277	42	RESP=2
8807583	42	STIM=c
8812440	42	RESP=1
8825520	42	STIM=m
8832643	42	RESP=1
8841956	42	STIM=p
8845872	42	RESP=1
8857031	42	STIM=3
8862120	42	RESP=2
8873554	42	STIM=p
8877898	42	RESP=1
8891037	42	STIM=o
8899737	42	RESP=1
8906957	42	STIM=a
8911840	42	RESP=1
8923555	42	STIM=6
8930037	42	RESP=2
8942090	42	STIM=6
8945402	42	RESP=2
8959265	42	STIM=q
8963653	42	RESP=1
8974966	42	STIM=a
8980023	42	RESP=1
8990842	42	STIM=r
8994403	42	RESP=1
9008833	42	STIM=q
9014801	42	RESP=1
9027476	42	STIM=n
9030929	42	RESP=1
9046413	42	STIM=y
9049516	42	RESP=1
9064657	42	STIM=0
9074833	42	RESP=2
9080608	42	STIM=p
9084895	42	RESP=2
9099210	42	STIM=z
9102773	42	RESP=1
9116926	42	STIM=0
9122111	42	RESP=2
9133145	42	STIM=y
9138780	42	RESP=1
9151888	42	STIM=o
9158563	42	RESP=1
9168484	42	STIM=i
9172635	42	RESP=1
9186125	42	STIM=u
9189670	42	RESP=2
9203323	42	STIM=o
9207683	42	RESP=1
9221378	42	STIM=m
9227560	42	RESP=1
9239366	42	STIM=6
9248309	42	RESP=2
9255742	42	STIM=w
9260407	42	RESP=1
9274124	42	STIM=c
9279357	42	RESP=1
9289595	42	STIM=u
9294183	42	RESP=2
9306535	42	STIM=y
9311493	42	RESP=1
9324040	42	STIM=g
9329064	42	RESP=1
9339504	42	STIM=s
9344757	42	RESP=1
9357182	42	STIM=3
9364370	42	RESP=2
9375861	42	STIM=x
9378862	42	RESP=1
9392827	42	STIM=z
9398672	42	RESP=1
9411363	42	STIM=n
9416768	42	RESP=1
9426744	42	STIM=1
9433785	42	RESP=2
9442434	42	STIM=j
9447858	42	RESP=1
9457589	42	STIM=e
9465304	42	RESP=1
9473205	42	STIM=n
9476645	42	RESP=1
9488838	42	STIM=k
9493744	42	RESP=1
9505387	42	STIM=q
9508895	42	RESP=1
9522279	42	STIM=c
9526897	42	RESP=1
9538833	42	STIM=d
9542336	42	RESP=1
9556933	42	STIM=s
9562022	42	RESP=1
9574460	42	STIM=q
9578969	42	RESP=1
9590482	42	STIM=o
9594925	42	RESP=1
9606125	42	STIM=r
9610020	42	RESP=1
9624252	42	STIM=g
9628694	42	RESP=1
9641189	42	STIM=d
9646209	42	RESP=1
9658615	42	STIM=h
9663888	42	RESP=2
9676820	42	STIM=4
9682051	42	RESP=1
9694808	42	STIM=s
9700542	42	RESP=1
9711715	42	STIM=j
9717712	42	RESP=1
9729545	42	STIM=l
9734495	42	RESP=1
9747578	42	STIM=e
9756643	42	RESP=1
9763087	42	STIM=0
9768378	42	RESP=2
9781908	42	STIM=6
9786554	42	RESP=2
9798135	42	STIM=y
9801851	42	RESP=1
9813993	42	STIM=f
9820632	42	RESP=1
9830305	42	STIM=o
9834502	42	RESP=1
9845322	42	STIM=3
9851221	42	RESP=2
9862505	42	STIM=p
9868274	42	RESP=1
9877789	42	STIM=p
9884308	42	RESP=1
9895634	42	STIM=5
9899434	42	RESP=2
9912506	42	STIM=x
9917817	42	RESP=1
9927891	42	STIM=k
9931228	42	RESP=1
9946513	42	STIM=m
9950219	42	RESP=1
9963071	42	STIM=1
9967030	42	RESP=2
9981124	42	STIM=z
9987079	42	RESP=1
9999538	42	STIM=b
10005424	42	RESP=1
10017120	42	STIM=c
10022737	42	RESP=1
10032459	42	STIM=l
10035440	42	RESP=1
10051134	42	STIM=p
10053640	42	RESP=1
10067847	42	STIM=e
10073552	42	RESP=1
10085861	42	STIM=4
10089758	42	RESP=2
10102229	42	STIM=0
10107591	42	RESP=1
10119974	42	STIM=o
10124614	42	RESP=1
10138215	42	STIM=c
10141119	42	RESP=1
10155404	42	STIM=h
10158848	42	RESP=1
10172975	42	STIM=q
10179111	42	RESP=1
10189948	42	STIM=e
10196834	42	RESP=1
10208906	42	STIM=n
10212065	42	RESP=1
10224842	42	STIM=k
10228441	42	RESP=1
10240813	42	STIM=r
10247038	42	RESP=1
10257646	42	STIM=l
10260508	42	RESP=1
10275711	42	STIM=w
10281738	42	RESP=2
10294345	42	STIM=z
10297351	42	RESP=1
10309815	42	STIM=g
10314824	42	RESP=1
10325585	42	STIM=c
10332298	42	RESP=1
10342609	42	STIM=y
10346259	42	RESP=1
10361509	42	STIM=n
10364837	42	RESP=1
10376545	42	STIM=k
10379411	42	RESP=1
10394759	42	STIM=d
10398730	42	RESP=1
10411110	42	STIM=x
10415534	42	RESP=1
10429746	42	STIM=f
10432439	42	RESP=1
10446258	42	STIM=h
10453158	42	RESP=1
10464225	42	STIM=i
10470464	42	RESP=1
10481393	42	STIM=5
10490491	42	RESP=2
10499078	42	STIM=e
10502088	42	RESP=1
10516092	42	STIM=6
10519803	42	RESP=2
10533750	42	STIM=j
10542133	42	RESP=1
10550389	42	STIM=r
10553781	42	RESP=1
10567070	42	STIM=1
10573375	42	RESP=2
10585112	42	STIM=f
10588693	42	RESP=1
10602710	42	STIM=w
10608020	42	RESP=1
10618784	42	STIM=q
10623581	42	RESP=1
10634831	42	STIM=3
10638909	42	RESP=2
10653606	42	STIM=0
10657481	42	RESP=2
10669268	42	STIM=q
10672587	42	RESP=1
10687556	42	STIM=w
10695353	42	RESP=1
10706518	42	STIM=8
10710640	42	RESP=2
10723284	42	STIM=g
10728304	42	RESP=1
10738405	42	STIM=q
10744535	42	RESP=1
10753912	42	STIM=s
10758008	42	RESP=1
10772543	42	STIM=8
10777817	42	RESP=2
10789985	42	STIM=7
10795659	42	RESP=2
10807821	42	STIM=e
10816657	42	RESP=1
10823202	42	STIM=4
10829571	42	RESP=2
10841061	42	STIM=r
10844515	42	RESP=1
10858414	42	STIM=p
10861429	42	RESP=1
10875001	42	STIM=j
10879570	42	RESP=1
10890483	42	STIM=j
10896078	42	RESP=1
10907066	42	STIM=v
10912953	42	RESP=1
10922273	42	STIM=q
10927203	42	RESP=1
10938711	42	STIM=4
10943141	42	RESP=1
10954913	42	STIM=r
10960383	42	RESP=1
10972637	42	STIM=k
10980641	42	RESP=1
10989273	42	STIM=m
10994095	42	RESP=1
11005312	42	STIM=i
11010984	42	RESP=1
11021839	42	STIM=f
11025645	42	RESP=1
11036869	42	STIM=h
11039973	42	RESP=1
11054045	42	STIM=v
11058501	42	RESP=1
11071337	42	STIM=g
11076237	42	RESP=1
11088699	42	STIM=g
11094423	42	RESP=1
11107234	42	STIM=a
11110518	42	RESP=1
11122533	42	STIM=p
11127011	42	RESP=1
11139392	42	STIM=d
11149251	42	RESP=1
11154837	42	STIM=z
11158001	42	RESP=1
11171517	42	STIM=k
11177269	42	RESP=1
11188173	42	STIM=h
11191236	42	RESP=1
11204315	42	STIM=6
11210004	42	RESP=2
11222980	42	STIM=j
11227295	42	RESP=1
11238992	42	STIM=y
11243061	42	RESP=1
11255687	42	STIM=x
11261628	42	RESP=1
11273793	42	STIM=f
11278520	42	RESP=1
11291154	42	STIM=4
11295395	42	RESP=2
11309843	42	STIM=y
11318029	42	RESP=1
11328039	42	STIM=d
11330634	42	RESP=1
11343312	42	STIM=e
11346232	42	RESP=1
11360481	42	STIM=k
11367837	42	RESP=1
11375622	42	STIM=m
11379930	42	RESP=1
11394107	42	STIM=k
11397702	42	RESP=1
11411644	42	STIM=s
11415887	42	RESP=1
11430472	42	STIM=n
11434493	42	RESP=1
11448085	42	STIM=h
11453440	42	RESP=1
11466773	42	STIM=y
11469606	42	RESP=1
11485015	42	STIM=j
11488941	42	RESP=1
11501201	42	STIM=g
11505045	42	RESP=1
11518840	42	STIM=5
11524502	42	RESP=1
11534098	42	STIM=a
11536864	42	RESP=1
11552890	42	STIM=8
11557230	42	RESP=2
11571033	42	STIM=e
11577303	42	RESP=1
11588690	42	STIM=q
11591878	42	RESP=1
11604402	42	STIM=o
11607618	42	RESP=1
11622042	42	STIM=c
11626888	42	RESP=2
11637882	42	STIM=k
11641081	42	RESP=1
11656770	42	STIM=c
11663602	42	RESP=1
11674013	42	STIM=b
11680493	42	RESP=1
11690915	42	STIM=6
11696450	42	RESP=2
11709026	42	STIM=6
11719314	42	RESP=2
11724158	42	STIM=2
11730063	42	RESP=2
11742063	42	STIM=z
11746336	42	RESP=1
11759799	42	STIM=k
11764874	42	RESP=2
11776951	42	STIM=l
11779620	42	RESP=1
11793309	42	STIM=c
11797902	42	RESP=1
11812168	42	STIM=l
11815961	42	RESP=1
11828606	42	STIM=9
11835290	42	RESP=2
11846560	42	STIM=z
11853500	42	RESP=1
11864042	42	STIM=w
11873773	42	RESP=1
11879612	42	STIM=p
11884408	42	RESP=1
11898493	42	STIM=y
11902203	42	RESP=1
11915414	42	STIM=9
11922429	42	RESP=2
11934396	42	STIM=4
11941100	42	RESP=2
11949725	42	STIM=3
11954684	42	RESP=2
11966161	42	STIM=z
11972181	42	RESP=1
11981751	42	STIM=y
11986844	42	RESP=1
11999996	42	STIM=k
12005152	42	RESP=1
12018101	42	STIM=p
12025646	42	RESP=1
12034072	42	STIM=e
12040759	42	RESP=1
12050364	42	STIM=m
12055532	42	RESP=1
12068029	42	STIM=d
12071904	42	RESP=1
12084538	42	STIM=y
12089427	42	RESP=1
12102692	42	STIM=q
12110768	42	RESP=1
12118021	42	STIM=j
12125540	42	RESP=1
12133709	42	STIM=o
12138350	42	RESP=1
12150152	42	STIM=w
12154223	42	RESP=1
12168010	42	STIM=e
12173616	42	RESP=1
12186385	42	STIM=x
12193725	42	RESP=1
12204324	42	STIM=s
12208004	42	RESP=1
12222886	42	STIM=k
12226085	42	RESP=1
12239822	42	STIM=d
12244634	42	RESP=1
12257231	42	STIM=b
12266785	42	RESP=1
12274432	42	STIM=i
12281025	42	RESP=1
12292545	42	STIM=g
12296695	42	RESP=1
12310426	42	STIM=1
12314279	42	RESP=2
12326445	42	STIM=q
12335921	42	RESP=1
12342699	42	STIM=8
12350947	42	RESP=2
12358712	42	STIM=p
12362501	42	RESP=1
12375601	42	STIM=i
12378573	42	RESP=1
12391288	42	STIM=u
12398803	42	RESP=1
12409178	42	STIM=x
12415172	42	RESP=1
12428046	42	STIM=c
12434251	42	RESP=1
12446043	42	STIM=f
12449286	42	RESP=1
12462004	42	STIM=m
12468512	42	RESP=1
12478276	42	STIM=l
12484138	42	RESP=1
12493619	42	STIM=m
12497827	42	RESP=1
12508868	42	STIM=n
12513961	42	RESP=2
12525332	42	STIM=s
12529717	42	RESP=1
12543348	42	STIM=i
12547140	42	RESP=1
12561836	42	STIM=i
12568166	42	RESP=1
12579539	42	STIM=a
12585018	42	RESP=1
12596496	42	STIM=z
12599470	42	RESP=1
12613506	42	STIM=a
12621567	42	RESP=1
12631103	42	STIM=q
12635782	42	RESP=1
12649196	42	STIM=n
12655023	42	RESP=1
12667670	42	STIM=7
12676775	42	RESP=2
12686235	42	STIM=q
12690596	42	RESP=1
12702710	42	STIM=i
12710843	42	RESP=1
12718294	42	STIM=j
12722653	42	RESP=1
12733344	42	STIM=q
12735978	42	RESP=2
12750652	42	STIM=9
12757416	42	RESP=2
12767329	42	STIM=o
12772154	42	RESP=1
12782434	42	STIM=c
12785070	42	RESP=1
12801108	42	STIM=u
12806402	42	RESP=1
12817471	42	STIM=l
12824037	42	RESP=1
12836038	42	STIM=g
12840575	42	RESP=1
12851484	42	STIM=p
12855038	42	RESP=1
12868156	42	STIM=7
12872439	42	RESP=2
12885969	42	STIM=k
12897376	42	RESP=1
12902449	42	STIM=d
12908634	42	RESP=1
12918520	42	STIM=h
12921801	42	RESP=1
12935912	42	STIM=t
12944847	42	RESP=1
12952717	42	STIM=w
12956575	42	RESP=1
12969248	42	STIM=k
12976958	42	RESP=1
12985407	42	STIM=r
12988684	42	RESP=2
13000761	42	STIM=4
13005927	42	RESP=2
13015998	42	STIM=i
13024912	42	RESP=1
13034861	42	STIM=2
13037989	42	RESP=2
13050537	42	STIM=i
13053699	42	RESP=1
13066470	42	STIM=q
13070961	42	RESP=1
13084032	42	STIM=8
13091117	42	RESP=2
13100299	42	STIM=1
13105349	42	RESP=2
13116138	42	STIM=8
13122343	42	RESP=1
13133705	42	STIM=4
13138152	42	RESP=2
13149258	42	STIM=l
13153386	42	RESP=1
13164284	42	STIM=f
13168612	42	RESP=1
13181549	42	STIM=o
13185521	42	RESP=1
13198140	42	STIM=e
13203612	42	RESP=1
13217049	42	STIM=d
13222455	42	RESP=1
13234152	42	STIM=h
13239348	42	RESP=1
13250403	42	STIM=k
13254286	42	RESP=1
13268145	42	STIM=e
13275902	42	RESP=1
13284237	42	STIM=y
13288675	42	RESP=1
13302977	42	STIM=b
13308274	42	RESP=1
13321779	42	STIM=c
13326862	42	RESP=1
13337194	42	STIM=9
13344833	42	RESP=2
13354289	42	STIM=3
13362164	42	RESP=2
13369919	42	STIM=i
13375095	42	RESP=1
13387735	42	STIM=e
13391819	42	RESP=1
13403813	42	STIM=o
13407634	42	RESP=1
13420122	42	STIM=g
13425321	42	RESP=1
13436126	42	STIM=b
13443640	42	RESP=1
13453109	42	STIM=j
13457885	42	RESP=1
13468931	42	STIM=b
13473989	42	RESP=1
13485435	42	STIM=b
13491409	42	RESP=1
13503974	42	STIM=r
13509480	42	RESP=1
13519044	42	STIM=e
13522664	42	RESP=1
13535885	42	STIM=s
13538903	42	RESP=1
13552759	42	STIM=f
13557491	42	RESP=1
13568424	42	STIM=c
13573180	42	RESP=1
13584953	42	STIM=9
13588453	42	RESP=1
13601657	42	STIM=2
13607511	42	RESP=2
13618773	42	STIM=t
13626143	42	RESP=1
13636552	42	STIM=f
13642993	42	RESP=1
13651814	42	STIM=m
13658305	42	RESP=1
13669197	42	STIM=0
13674575	42	RESP=2
13684597	42	STIM=q
13688255	42	RESP=1
13701420	42	STIM=6
13704787	42	RESP=2
13718216	42	STIM=5
13723501	42	RESP=2
13735724	42	STIM=o
13740192	42	RESP=1
13752179	42	STIM=x
13757449	42	RESP=1
13767222	42	STIM=8
13772071	42	RESP=2
13783130	42	STIM=u
13785746	42	RESP=1
13798819	42	STIM=q
13802236	42	RESP=1
13814343	42	STIM=i
13818240	42	RESP=1
13830773	42	STIM=1
13840576	42	RESP=2
13848061	42	STIM=j
13853064	42	RESP=1
13866970	42	STIM=a
13873120	42	RESP=1
13884096	42	STIM=b
13892454	42	RESP=1
13903016	42	STIM=t
13908961	42	RESP=1
13921754	42	STIM=b
13924842	42	RESP=1
13937009	42	STIM=m
13941394	42	RESP=1
13955128	42	STIM=f
13958256	42	RESP=1
13973598	42	STIM=m
13980460	42	RESP=1
13991043	42	STIM=j
13997192	42	RESP=1
14010030	42	STIM=8
14020290	42	RESP=2
14025684	42	STIM=0
14030861	42	RESP=2
14042051	42	STIM=m
14046356	42	RESP=1
14061025	42	STIM=i
14066732	42	RESP=1
14077130	42	STIM=u
14082164	42	RESP=1
14095390	42	STIM=v
14100605	42	RESP=1
14112853	42	STIM=k
14115611	42	RESP=1
14131146	42	STIM=g
14136568	42	RESP=1
14146407	42	STIM=f
14151028	42	RESP=1
14164084	42	STIM=c
14167247	42	RESP=1
14181836	42	STIM=5
14186666	42	RESP=1
14197180	42	STIM=u
14200321	42	RESP=1
14212626	42	STIM=k
14218065	42	RESP=1
14230594	42	STIM=9
14236161	42	RESP=2
14246607	42	STIM=z
14251590	42	RESP=1
14263017	42	STIM=y
14269895	42	RESP=1
14281996	42	STIM=l
14288344	42	RESP=1
14298587	42	STIM=k
14310414	42	RESP=1
14315662	42	STIM=l
14322453	42	RESP=1
14333684	42	STIM=i
14338743	42	RESP=1
14351217	42	STIM=y
14359057	42	RESP=1
14366470	42	STIM=b
14370693	42	RESP=1
14384245	42	STIM=z
14388119	42	RESP=1
14399688	42	STIM=7
14406659	42	RESP=2
14417650	42	STIM=k
14423130	42	RESP=1
14436296	42	STIM=d
14441068	42	RESP=1
14453091	42	STIM=p
14456463	42	RESP=1
14469221	42	STIM=q
14473490	42	RESP=2
14485169	42	STIM=9
14490635	42	RESP=1
14502632	42	STIM=h
14507121	42	RESP=1
14518752	42	STIM=4
14521993	42	RESP=1
14534871	42	STIM=l
14538635	42	RESP=1
14551430	42	STIM=s
14556422	42	RESP=1
14569343	42	STIM=6
14573807	42	RESP=2
14586781	42	STIM=b
14591025	42	RESP=1
14602749	42	STIM=v
14605564	42	RESP=1
14617869	42	STIM=6
14621964	42	RESP=2
14636244	42	STIM=2
14640939	42	RESP=2
14652129	42	STIM=m
14655507	42	RESP=1
14668324	42	STIM=y
14673114	42	RESP=1
14683709	42	STIM=q
14692275	42	RESP=1
14701375	42	STIM=0
14705617	42	RESP=2
14717556	42	STIM=l
14726128	42	RESP=1
14732895	42	STIM=o
14736828	42	RESP=1
14749626	42	STIM=w
14752983	42	RESP=1
14767804	42	STIM=t
14772619	42	RESP=1
14785120	42	STIM=2
14794119	42	RESP=2
14803986	42	STIM=x
14811979	42	RESP=1
14819869	42	STIM=n
14825532	42	RESP=1
14835001	42	STIM=j
14837846	42	RESP=1
14850136	42	STIM=j
14864293	42	RESP=1
14867471	42	STIM=k
14872246	42	RESP=2
14883988	42	STIM=w
14889193	42	RESP=1
14900883	42	STIM=1
14906154	42	RESP=1
14919731	42	STIM=m
14925127	42	RESP=1
14935312	42	STIM=k
14939699	42	RESP=1
14950724	42	STIM=a
14956986	42	RESP=1
14967343	42	STIM=i
14970605	42	RESP=2
14984298	42	STIM=d
14988163	42	RESP=1
15000523	42	STIM=s
15005531	42	RESP=1
15015638	42	STIM=1
15021634	42	RESP=2
15030672	42	STIM=v
15034272	42	RESP=1
15048816	42	STIM=s
15051738	42	RESP=1
15066039	42	STIM=f
15069449	42	RESP=1
15083684	42	STIM=7
15093409	42	RESP=2
15099904	42	STIM=2
15106904	42	RESP=2
15117797	42	STIM=n
15120666	42	RESP=1
15135025	42	STIM=l
15137984	42	RESP=1
15153377	42	STIM=h
15158008	42	RESP=1
15171366	42	STIM=z
15174664	42	RESP=1
15189583	42	STIM=f
15197560	42	RESP=1
15208278	42	STIM=h
15212836	42	RESP=1
15226450	42	STIM=0
15230569	42	RESP=1
15242988	42	STIM=p
15249602	42	RESP=1
15259725	42	STIM=b
15263903	42	RESP=1
15275975	42	STIM=u
15280241	42	RESP=1
15291746	42	STIM=a
15295196	42	RESP=1
15307976	42	STIM=e
15316619	42	RESP=1
15326093	42	STIM=s
15330377	42	RESP=1
15344568	42	STIM=n
15349690	42	RESP=1
15360252	42	STIM=r
15365851	42	RESP=1
15378990	42	STIM=f
15382041	42	RESP=1
15395391	42	STIM=r
15399151	42	RESP=1
15411235	42	STIM=o
15421419	42	RESP=1
15426693	42	STIM=d
15431201	42	RESP=1
15443650	42	STIM=z
15448234	42	RESP=1
15461923	42	STIM=e
15464788	42	RESP=1
15480578	42	STIM=s
15485306	42	RESP=1
15496047	42	STIM=t
15502331	42	RESP=1
15514165	42	STIM=c
15518932	42	RESP=1
15530202	42	STIM=r
15533938	42	RESP=1
15547357	42	STIM=n
15551179	42	RESP=1
15565613	42	STIM=u
15569075	42	RESP=1
15583894	42	STIM=b
15590293	42	RESP=1
15599655	42	STIM=x
15606425	42	RESP=1
15617032	42	STIM=h
15622295	42	RESP=1
15632151	42	STIM=6
15640802	42	RESP=2
15647799	42	STIM=p
15652205	42	RESP=1
15665132	42	STIM=2
15671114	42	RESP=2
15682554	42	STIM=b
15686405	42	RESP=2
15700053	42	STIM=a
15704401	42	RESP=1
15717429	42	STIM=7
15720907	42	RESP=2
15732587	42	STIM=s
15737494	42	RESP=1
15747676	42	STIM=y
15753089	42	RESP=1
15766251	42	STIM=s
15770286	42	RESP=1
15781340	42	STIM=o
15787452	42	RESP=1
15800291	42	STIM=l
15803484	42	RESP=1
15817321	42	STIM=t
15821030	42	RESP=1
15835708	42	STIM=i
15841540	42	RESP=1
15852932	42	STIM=1
15860058	42	RESP=2
15870143	42	STIM=4
15875747	42	RESP=2
15888055	42	STIM=g
15891400	42	RESP=1
15903860	42	STIM=7
15907654	42	RESP=1
15922208	42	STIM=a
15926905	42	RESP=1
15939314	42	STIM=l
15946429	42	RESP=1
15955106	42	STIM=b
15959369	42	RESP=1
15971855	42	STIM=n
15977466	42	RESP=2
15989908	42	STIM=9
15996147	42	RESP=2
16005850	42	STIM=c
16009949	42	RESP=1
16023651	42	STIM=h
16034273	42	RESP=1
16041876	42	STIM=e
16046678	42	RESP=1
16057077	42	STIM=x
16061762	42	RESP=1
16073562	42	STIM=r
16077277	42	RESP=1
16091931	42	STIM=f
16096611	42	RESP=1
16108223	42	STIM=e
16113148	42	RESP=1
16125384	42	STIM=w
16130634	42	RESP=1
16143783	42	STIM=d
16147677	42	RESP=1
16162562	42	STIM=b
16168657	42	RESP=1
16181139	42	STIM=u
16185504	42	RESP=1
16199888	42	STIM=k
16208468	42	RESP=1
16217661	42	STIM=l
16220632	42	RESP=1
16233284	42	STIM=z
16237511	42	RESP=1
16250832	42	STIM=4
16255618	42	RESP=2
16266124	42	STIM=3
16271311	42	RESP=1
16283645	42	STIM=y
16286871	42	RESP=1
16301665	42	STIM=a
16304915	42	RESP=1
16318767	42	STIM=b
16323222	42	RESP=1
16336973	42	STIM=r
16342681	42	RESP=1
16354517	42	STIM=a
16357843	42	RESP=1
16371940	42	STIM=o
16375919	42	RESP=1
16388961	42	STIM=i
16392643	42	RESP=1
16404700	42	STIM=w
16408247	42	RESP=1
16421749	42	STIM=s
16425163	42	RESP=1
16440525	42	STIM=o
16444965	42	RESP=1
16458383	42	STIM=d
16463562	42	RESP=1
16477230	42	STIM=1
16481301	42	RESP=2
16493181	42	STIM=s
16497242	42	RESP=1
16510281	42	STIM=z
16514983	42	RESP=1
16525625	42	STIM=3
16531616	42	RESP=2
16544607	42	STIM=8
16548855	42	RESP=2
16562152	42	STIM=t
16566039	42	RESP=1
16579852	42	STIM=j
16584288	42	RESP=1
16595273	42	STIM=n
16599715	42	RESP=1
16611075	42	STIM=p
16615794	42	RESP=1
16626461	42	STIM=q
16631279	42	RESP=1
16644522	42	STIM=g
16650433	42	RESP=1
16660218	42	STIM=9
16664383	42	RESP=2
16678288	42	STIM=d
16683023	42	RESP=1
16693973	42	STIM=g
16696941	42	RESP=1
16712467	42	STIM=h
16715887	42	RESP=1
16727742	42	STIM=r
16732988	42	RESP=1
16743257	42	STIM=g
16746319	42	RESP=1
16762134	42	STIM=l
16764821	42	RESP=1
16780282	42	STIM=k
16788243	42	RESP=1
16797214	42	STIM=7
16803167	42	RESP=2
16812352	42	STIM=t
16816932	42	RESP=1
16828345	42	STIM=4
16832727	42	RESP=2
16843379	42	STIM=l
16847285	42	RESP=1
16859945	42	STIM=1
16867284	42	RESP=1
16877309	42	STIM=u
16884975	42	RESP=1
16894242	42	STIM=d
16898932	42	RESP=1
16911869	42	STIM=8
16916360	42	RESP=2
16929804	42	STIM=8
16934331	42	RESP=2
16945502	42	STIM=a
16948563	42	RESP=1
16961386	42	STIM=m
16966542	42	RESP=1
16976459	42	STIM=6
16985013	42	RESP=2
16993654	42	STIM=f
16997001	42	RESP=1
17009017	42	STIM=n
17013413	42	RESP=1
17025349	42	STIM=v
17029083	42	RESP=1
17040920	42	STIM=3
17048423	42	RESP=2
17056988	42	STIM=f
17060563	42	RESP=1
17074024	42	STIM=k
17078039	42	RESP=1
17092881	42	STIM=7
17098287	42	RESP=2
17111754	42	STIM=w
17116473	42	RESP=1
17130045	42	STIM=6
17136928	42	RESP=2
17146365	42	STIM=7
17151891	42	RESP=1
17164822	42	STIM=o
17171820	42	RESP=1
17182612	42	STIM=j
17186680	42	RESP=1
17201373	42	STIM=l
17206067	42	RESP=1
17218939	42	STIM=f
17222896	42	RESP=1
17235175	42	STIM=k
17241836	42	RESP=1
17250519	42	STIM=c
17256898	42	RESP=1
17265651	42	STIM=b
17269587	42	RESP=1
17282947	42	STIM=n
17288753	42	RESP=1
17301478	42	STIM=v
17304752	42	RESP=1
17317714	42	STIM=2
17323442	42	RESP=2
17335766	42	STIM=1
17339915	42	RESP=2
17352541	42	STIM=i
17358178	42	RESP=1
17368388	42	STIM=a
17371298	42	RESP=1
17385082	42	STIM=8
17393915	42	RESP=2
17402268	42	STIM=k
17405680	42	RESP=1
17419206	42	STIM=q
17425660	42	RESP=1
17437460	42	STIM=t
17441669	42	RESP=1
17452676	42	STIM=6
17456476	42	RESP=2
17471464	42	STIM=2
17476910	42	RESP=2
17488668	42	STIM=q
17493599	42	RESP=1
17507127	42	STIM=f
17509559	42	RESP=1
17522715	42	STIM=3
17526563	42	RESP=2
17540043	42	STIM=d
17546259	42	RESP=1
17556255	42	STIM=q
17561875	42	RESP=1
17573865	42	STIM=7
17577867	42	RESP=2
17591610	42	STIM=i
17597268	42	RESP=1
17608771	42	STIM=l
17613489	42	RESP=1
17626304	42	STIM=u
17632858	42	RESP=1
17645277	42	STIM=r
17648357	42	RESP=2
17662165	42	STIM=x
17667667	42	RESP=1
17680612	42	STIM=n
17684108	42	RESP=1
17699047	42	STIM=c
17702703	42	RESP=1
17717569	42	STIM=5
17724024	42	RESP=2
17733830	42	STIM=2
17738726	42	RESP=2
17752284	42	STIM=x
17761880	42	RESP=1
17768339	42	STIM=q
17771896	42	RESP=1
17784467	42	STIM=w
17789807	42	RESP=1
17802705	42	STIM=7
17810500	42	RESP=2
17818550	42	STIM=b
17824056	42	RESP=1
17836173	42	STIM=w
17838816	42	RESP=1
17853787	42	STIM=u
17860464	42	RESP=1
17871668	42	STIM=d
17876504	42	RESP=1
17887942	42	STIM=5
17893989	42	RESP=2
17906155	42	STIM=x
17911212	42	RESP=1
17922908	42	STIM=h
17929401	42	RESP=1
17938326	42	STIM=j
17943424	42	RESP=1
17955082	42	STIM=d
17958412	42	RESP=1
17971730	42	STIM=m
17977805	42	RESP=1
17987074	42	STIM=m
17994883	42	RESP=1
18003262	42	STIM=a
18010929	42	RESP=1
18021130	42	STIM=m
18025346	42	RESP=1
18038706	42	STIM=g
18042135	42	RESP=1
18056925	42	STIM=1
18064440	42	RESP=2
18075115	42	STIM=o
18079244	42	RESP=1
18093334	42	STIM=4
18098576	42	RESP=2
18109633	42	STIM=6
18114665	42	RESP=1
18126607	42	STIM=h
18131767	42	RESP=1
18143541	42	STIM=q
18147480	42	RESP=1
18159671	42	STIM=q
18162956	42	RESP=1
18177064	42	STIM=o
18181740	42	RESP=1
18195257	42	STIM=x
18201752	42	RESP=1
18210936	42	STIM=i
18216784	42	RESP=1
18228683	42	STIM=u
18233097	42	RESP=1
18247294	42	STIM=i
18254360	42	RESP=1
18265649	42	STIM=j
18272101	42	RESP=1
18282999	42	STIM=t
18291458	42	RESP=1
18301182	42	STIM=t
18307579	42	RESP=1
18316883	42	STIM=b
18322790	42	RESP=1
18332042	42	STIM=d
18337513	42	RESP=1
18350905	42	STIM=e
18356886	42	RESP=1
18369358	42	STIM=6
18372649	42	RESP=2
18386391	42	STIM=f
18392858	42	RESP=1
18404021	42	STIM=r
18408377	42	RESP=1
18420442	42	STIM=j
18423433	42	RESP=1
18439029	42	STIM=g
18442954	42	RESP=1
18456706	42	STIM=a
18463112	42	RESP=1
18472626	42	STIM=j
18479263	42	RESP=1
18488641	42	STIM=z
18493981	42	RESP=1
18506453	42	STIM=0
18510076	42	RESP=2
18524567	42	STIM=q
18527220	42	RESP=1
18541372	42	STIM=y
18545970	42	RESP=1
18557236	42	STIM=l
18561630	42	RESP=1
18574275	42	STIM=x
18578415	42	RESP=1
18589918	42	STIM=4
18594736	42	RESP=2
18607979	42	STIM=8
18613560	42	RESP=1
18623641	42	STIM=e
18630660	42	RESP=1
18640000	42	STIM=d
18642879	42	RESP=1
18656469	42	STIM=f
18662918	42	RESP=1
18672458	42	STIM=v
18675470	42	RESP=1
18691072	42	STIM=f
18694825	42	RESP=1
18707675	42	STIM=p
18712731	42	RESP=1
18726148	42	STIM=m
18729441	42	RESP=1
18744818	42	STIM=k
18747197	42	RESP=1
18760211	42	STIM=s
18765421	42	RESP=1
18778695	42	STIM=l
18783739	42	RESP=1
18796313	42	STIM=t
18800605	42	RESP=2
18812516	42	STIM=j
18816159	42	RESP=1
18827796	42	STIM=l
18830895	42	RESP=1
18844391	42	STIM=s
18847872	42	RESP=2
18863330	42	STIM=h
18869393	42	RESP=1
18878396	42	STIM=w
18881768	42	RESP=1
18895644	42	STIM=d
18900897	42	RESP=1
18912632	42	STIM=c
18915957	42	RESP=1
18930385	42	STIM=9
18935320	42	RESP=2
18945994	42	STIM=z
18951710	42	RESP=1
18964047	42	STIM=p
18970535	42	RESP=1
18982300	42	STIM=o
18989089	42	RESP=1
18999995	42	STIM=j
19004337	42	RESP=1
19017645	42	STIM=5
19021460	42	RESP=2
19036212	42	STIM=y
19042688	42	RESP=1
19051485	42	STIM=c
19055444	42	RESP=1
19067431	42	STIM=8
19074126	42	RESP=2
19085408	42	STIM=s
19091706	42	RESP=2
19101640	42	STIM=w
19106586	42	RESP=1
19119559	42	STIM=8
19125176	42	RESP=2
19136614	42	STIM=f
19139625	42	RESP=1
19154466	42	STIM=5
19160673	42	RESP=2
19173213	42	STIM=n
19177543	42	RESP=1
19190709	42	STIM=s
19194983	42	RESP=1
19207940	42	STIM=j
19212784	42	RESP=1
19225856	42	STIM=y
19228776	42	RESP=1
19242763	42	STIM=r
19252095	42	RESP=1
19258652	42	STIM=9
19264379	42	RESP=2
19277605	42	STIM=e
19283556	42	RESP=1
19294864	42	STIM=i
19298482	42	RESP=1
19310615	42	STIM=b
19317315	42	RESP=1
19326073	42	STIM=c
19330576	42	RESP=1
19342020	42	STIM=x
19348508	42	RESP=1
19358388	42	STIM=v
19362467	42	RESP=1
19374451	42	STIM=g
19378923	42	RESP=1
19391515	42	STIM=j
19396616	42	RESP=1
19407918	42	STIM=k
19417543	42	RESP=1
19425924	42	STIM=3
19429321	42	RESP=2
19442146	42	STIM=z
19448894	42	RESP=1
19459315	42	STIM=p
19468640	42	RESP=1
19476248	42	STIM=j
19480339	42	RESP=1
19494886	42	STIM=k
19501778	42	RESP=1
19512955	42	STIM=g
19519275	42	RESP=1
19531887	42	STIM=9
19538671	42	RESP=2
19550796	42	STIM=j
19553455	42	RESP=1
19565853	42	STIM=4
19571952	42	RESP=1
19582756	42	STIM=u
19586220	42	RESP=1
19600104	42	STIM=c
19602981	42	RESP=1
19617063	42	STIM=w
19621957	42	RESP=1
19633779	42	STIM=u
19638675	42	RESP=2
19648873	42	STIM=1
19653097	42	RESP=2
19666503	42	STIM=e
19673091	42	RESP=1
19681547	42	STIM=h
19686075	42	RESP=1
19698779	42	STIM=i
19702965	42	RESP=1
19715884	42	STIM=w
19719244	42	RESP=1
19731035	42	STIM=0
19740658	42	RESP=2
19746162	42	STIM=3
19751310	42	RESP=2
19765027	42	STIM=q
19768183	42	RESP=1
19783678	42	STIM=3
19790510	42	RESP=2
19799500	42	STIM=y
19805277	42	RESP=1
19818293	42	STIM=z
19827632	42	RESP=1
19833537	42	STIM=u
19837625	42	RESP=1
19850436	42	STIM=o
19857746	42	RESP=1
19869243	42	STIM=5
19874473	42	RESP=2
19884436	42	STIM=q
19887659	42	RESP=1
19900495	42	STIM=i
19907165	42	RESP=1
19916450	42	STIM=m
19923225	42	RESP=1
19933293	42	STIM=g
19940169	42	RESP=1
19951175	42	STIM=p
19957587	42	RESP=1
19969703	42	STIM=f
19977965	42	RESP=1
19985828	42	STIM=q
19994643	42	RESP=1
20001109	42	STIM=8
20006212	42	RESP=2
20016600	42	STIM=1
20028403	42	RESP=2
20034420	42	STIM=s
20041782	42	RESP=1
20052011	42	STIM=i
20056493	42	RESP=1
20070748	42	STIM=v
20075663	42	RESP=1
20086039	42	STIM=i
20088902	42	RESP=1
20104601	42	STIM=v
20108612	42	RESP=1
20120717	42	STIM=1
20124710	42	RESP=2
20138101	42	STIM=u
20141691	42	RESP=1
20154329	42	STIM=k
20157942	42	RESP=1
20171830	42	STIM=p
20176445	42	RESP=1
20187829	42	STIM=3
20195082	42	RESP=1
20206406	42	STIM=r
20210842	42	RESP=1
20224925	42	STIM=d
20228974	42	RESP=1
20243879	42	STIM=i
20248055	42	RESP=1
20260877	42	STIM=l
20265862	42	RESP=1
20277910	42	STIM=y
20283048	42	RESP=1
20293221	42	STIM=x
20299796	42	RESP=1
20311109	42	STIM=g
20314384	42	RESP=1
20327580	42	STIM=z
20331915	42	RESP=1
20342747	42	STIM=m
20347686	42	RESP=1
20358869	42	STIM=9
20365361	42	RESP=2
20374633	42	STIM=s
20378948	42	RESP=1
20392265	42	STIM=6
20403366	42	RESP=2
20409344	42	STIM=d
20415473	42	RESP=1
20425531	42	STIM=4
20430264	42	RESP=2
20444329	42	STIM=w
20449639	42	RESP=1
20460135	42	STIM=o
20463621	42	RESP=1
20478886	42	STIM=m
20484919	42	RESP=1
20494977	42	STIM=c
20501849	42	RESP=1
20513665	42	STIM=h
20517518	42	RESP=1
20532264	42	STIM=h
20537021	42	RESP=1
20550867	42	STIM=x
20554518	42	RESP=1
20567705	42	STIM=3
20574296	42	RESP=2
20585265	42	STIM=t
20592089	42	RESP=1
20602984	42	STIM=8
20607756	42	RESP=2
20620226	42	STIM=h
20626051	42	RESP=1
20636311	42	STIM=y
20641804	42	RESP=1
20651866	42	STIM=x
20655172	42	RESP=1
20670572	42	STIM=8
20676162	42	RESP=2
20687558	42	STIM=d
20692198	42	RESP=1
20703633	42	STIM=i
20708016	42	RESP=1
20718756	42	STIM=x
20724536	42	RESP=1
20734329	42	STIM=x
20737887	42	RESP=1
20749830	42	STIM=v
20754802	42	RESP=1
20766553	42	STIM=o
20769520	42	RESP=1
20784308	42	STIM=5
20789345	42	RESP=2
20801030	42	STIM=i
20805946	42	RESP=1
20816932	42	STIM=0
20821799	42	RESP=2
20833290	42	STIM=n
20839071	42	RESP=1
20851143	42	STIM=e
20855044	42	RESP=1
20867008	42	STIM=j
20870727	42	RESP=1
20885213	42	STIM=i
20887725	42	RESP=1
20903552	42	STIM=r
20913800	42	RESP=1
20920178	42	STIM=r
20924156	42	RESP=1
20937622	42	STIM=h
20941084	42	RESP=1
20954069	42	STIM=a
20957564	42	RESP=1
20970722	42	STIM=m
20975680	42	RESP=1
20986230	42	STIM=2
20995149	42	RESP=2
21003941	42	STIM=p
21010573	42	RESP=1
21020327	42	STIM=o
21025677	42	RESP=1
21038703	42	STIM=z
21043962	42	RESP=1
21055631	42	STIM=m
21059565	42	RESP=1
21070813	42	STIM=z
21075140	42	RESP=1
21087357	42	STIM=s
21092990	42	RESP=1
21105457	42	STIM=w
21112560	42	RESP=1
21123932	42	STIM=4
21133756	42	RESP=2
21142148	42	STIM=b
21145163	42	RESP=1
21157578	42	STIM=5
21160898	42	RESP=2
21175883	42	STIM=i
21180389	42	RESP=1
21192551	42	STIM=4
21196852	42	RESP=2
21209199	42	STIM=4
21219248	42	RESP=2
21226036	42	STIM=m
21230762	42	RESP=1
21244646	42	STIM=8
21250491	42	RESP=2
21259661	42	STIM=0
21264461	42	RESP=2
21277555	42	STIM=2
21283565	42	RESP=2
21293268	42	STIM=0
21300466	42	RESP=2
21310415	42	STIM=i
21313491	42	RESP=1
21328271	42	STIM=1
21332864	42	RESP=2
21343607	42	STIM=g
21354295	42	RESP=1
21359026	42	STIM=f
21365275	42	RESP=1
21376460	42	STIM=c
21380624	42	RESP=1
21392399	42	STIM=6
21397512	42	RESP=2
21408046	42	STIM=6
21417059	42	RESP=2
21423969	42	STIM=a
21427962	42	RESP=1
21439447	42	STIM=r
21445734	42	RESP=1
21455833	42	STIM=f
21459127	42	RESP=2
21473262	42	STIM=k
21476393	42	RESP=1
21489331	42	STIM=q
21496950	42	RESP=2
21505412	42	STIM=9
21513462	42	RESP=2
21520936	42	STIM=o
21527719	42	RESP=1
21538996	42	STIM=m
21544543	42	RESP=1
21556042	42	STIM=d
21562041	42	RESP=1
21572884	42	STIM=g
21578432	42	RESP=1
21589312	42	STIM=j
21593152	42	RESP=1
21606784	42	STIM=h
21613466	42	RESP=1
21624729	42	STIM=7
21634382	42	RESP=2
21643128	42	STIM=t
21650684	42	RESP=1
21659688	42	STIM=9
21667374	42	RESP=2
21678501	42	STIM=0
21690089	42	RESP=2
21694708	42	STIM=x
21701383	42	RESP=1
21710690	42	STIM=r
21717676	42	RESP=1
21727436	42	STIM=w
21734749	42	RESP=1
21743346	42	STIM=2
21747868	42	RESP=2
21760875	42	STIM=x
21765305	42	RESP=1
21776543	42	STIM=u
21780005	42	RESP=1
