# Original filename: 0043_BFO_2017-02-13.log
# Time unit: 100 us
# RARECAT=digit
#
# Time	HHGG	Event
36331	42	STIM=l
39585	42	RESP=1
54497	42	STIM=p
58645	42	RESP=1
70403	42	STIM=u
76493	42	RESP=1
88938	42	STIM=7
95655	42	RESP=2
103984	42	STIM=y
110438	42	RESP=1
122474	42	STIM=4
129742	42	RESP=2
141471	42	STIM=l
144584	42	RESP=1
160375	42	STIM=r
165058	42	RESP=1
177974	42	STIM=y
184069	42	RESP=1
195834	42	STIM=n
206339	42	RESP=1
211972	42	STIM=j
219757	42	RESP=1
227505	42	STIM=k
233880	42	RESP=1
242533	42	STIM=8
249665	42	RESP=2
260417	42	STIM=x
265952	42	RESP=1
278946	42	STIM=d
284228	42	RESP=1
296198	42	STIM=x
301740	42	RESP=1
315091	42	STIM=q
320717	42	RESP=1
333975	42	STIM=4
338337	42	RESP=2
350405	42	STIM=5
355660	42	RESP=2
368484	42	STIM=f
374386	42	RESP=1
386737	42	STIM=g
391800	42	RESP=1
404115	42	STIM=7
409171	42	RESP=2
421426	42	STIM=3
431293	42	RESP=2
436685	42	STIM=x
440622	42	RESP=1
454952	42	STIM=g
461332	42	RESP=1
473266	42	STIM=b
478375	42	RESP=2
489252	42	STIM=x
495340	42	RESP=1
508133	42	STIM=q
514916	42	RESP=1
523159	42	STIM=l
526198	42	RESP=1
539175	42	STIM=9
543415	42	RESP=2
554293	42	STIM=b
563063	42	RESP=1
571474	42	STIM=x
576854	42	RESP=1
589235	42	STIM=w
595559	42	RESP=1
607706	42	STIM=u
613196	42	RESP=1
624979	42	STIM=d
627847	42	RESP=1
640178	42	STIM=d
643180	42	RESP=1
658920	42	STIM=i
665140	42	RESP=1
677280	42	STIM=f
683494	42	RESP=1
695877	42	STIM=k
700951	42	RESP=1
712441	42	STIM=z
716693	42	RESP=1
729864	42	STIM=e
735971	42	RESP=1
748522	42	STIM=f
752069	42	RESP=1
765748	42	STIM=j
769599	42	RESP=1
782726	42	STIM=8
789905	42	RESP=2
798108	42	STIM=s
802065	42	RESP=1
816242	42	STIM=t
820256	42	RESP=1
834070	42	STIM=u
836602	42	RESP=1
852306	42	STIM=7
857310	42	RESP=2
868514	42	STIM=y
873689	42	RESP=1
886450	42	STIM=n
892964	42	RESP=1
903596	42	STIM=i
908297	42	RESP=1
921046	42	STIM=h
926370	42	RESP=1
938205	42	STIM=b
942788	42	RESP=1
954590	42	STIM=o
958831	42	RESP=2
969801	42	STIM=4
977465	42	RESP=1
986071	42	STIM=r
991558	42	RESP=1
1003318	42	STIM=e
1008696	42	RESP=1
1018963	42	STIM=m
1026613	42	RESP=1
1034952	42	STIM=e
1038460	42	RESP=1
1050385	42	STIM=d
1053759	42	RESP=1
1066084	42	STIM=s
1070540	42	RESP=1
1083095	42	STIM=k
1087648	42	RESP=1
1099344	42	STIM=l
1103888	42	RESP=1
1114968	42	STIM=i
1119987	42	RESP=1
1131072	42	STIM=h
1136800	42	RESP=1
1146840	42	STIM=x
1152779	42	RESP=1
1163362	42	STIM=c
1166780	42	RESP=1
1181154	42	STIM=0
1191039	42	RESP=2
1198884	42	STIM=d
1204964	42	RESP=1
1213992	42	STIM=n
1219747	42	RESP=1
1230636	42	STIM=0
1238654	42	RESP=2
1246412	42	STIM=y
1250928	42	RESP=1
1263311	42	STIM=h
1266542	42	RESP=1
1279300	42	STIM=n
1285263	42	RESP=1
1298176	42	STIM=9
1303951	42	RESP=1
1313798	42	STIM=u
1320354	42	RESP=1
1331995	42	STIM=y
1337321	42	RESP=1
1350788	42	STIM=w
1355349	42	RESP=1
1365862	42	STIM=d
1370825	42	RESP=1
1383856	42	STIM=1
1387643	42	RESP=2
1402669	42	STIM=e
1407671	42	RESP=2
1420249	42	STIM=g
1427122	42	RESP=1
1437152	42	STIM=v
1444594	42	RESP=1
1455240	42	STIM=6
1460149	42	RESP=2
1473537	42	STIM=v
1479509	42	RESP=1
1490313	42	STIM=2
1497606	42	RESP=2
1507695	42	STIM=6
1514554	42	RESP=2
1522771	42	STIM=4
1530563	42	RESP=2
1540243	42	STIM=s
1543848	42	RESP=1
1558892	42	STIM=y
1563761	42	RESP=1
1574536	42	STIM=u
1580032	42	RESP=1
1590119	42	STIM=z
1593149	42	RESP=1
1605725	42	STIM=2
1610640	42	RESP=2
1621524	42	STIM=q
1624600	42	RESP=1
1636634	42	STIM=x
1643233	42	RESP=1
1651739	42	STIM=l
1654682	42	RESP=1
1668479	42	STIM=6
1674315	42	RESP=1
1684189	42	STIM=n
1689030	42	RESP=1
1700348	42	STIM=o
1707070	42	RESP=1
1717754	42	STIM=u
1725761	42	RESP=1
1734446	42	STIM=b
1736842	42	RESP=1
1751200	42	STIM=s
1755249	42	RESP=1
1768973	42	STIM=q
1774798	42	RESP=1
1785251	42	STIM=u
1788848	42	RESP=1
1802323	42	STIM=q
1805872	42	RESP=1
1819378	42	STIM=k
1827628	42	RESP=1
1835888	42	STIM=t
1842431	42	RESP=1
1851452	42	STIM=y
1854965	42	RESP=1
1866534	42	STIM=r
1870012	42	RESP=1
1885091	42	STIM=q
1891122	42	RESP=1
1902202	42	STIM=z
1906434	42	RESP=1
1918966	42	STIM=1
1926043	42	RESP=2
1934002	42	STIM=3
1940117	42	RESP=2
1950786	42	STIM=y
1954662	42	RESP=1
1969409	42	STIM=c
1975136	42	RESP=1
1986277	42	STIM=a
1996100	42	RESP=1
2003541	42	STIM=f
2007723	42	RESP=1
2022264	42	STIM=6
2025848	42	RESP=2
2040523	42	STIM=i
2043885	42	RESP=1
2056256	42	STIM=o
2063012	42	RESP=1
2074956	42	STIM=8
2080142	42	RESP=2
2092002	42	STIM=t
2098014	42	RESP=1
2110592	42	STIM=w
2114266	42	RESP=1
2127376	42	STIM=w
2131668	42	RESP=1
2144733	42	STIM=z
2151050	42	RESP=1
2159904	42	STIM=o
2163912	42	RESP=2
2176251	42	STIM=k
2182320	42	RESP=1
2191888	42	STIM=a
2197001	42	RESP=1
2208989	42	STIM=t
2219146	42	RESP=1
2225914	42	STIM=k
2229339	42	RESP=1
2244325	42	STIM=k
2250034	42	RESP=1
2262797	42	STIM=o
2268169	42	RESP=1
2281447	42	STIM=3
2286516	42	RESP=2
2299335	42	STIM=5
2303840	42	RESP=2
2317741	42	STIM=d
2321514	42	RESP=1
2334570	42	STIM=4
2344924	42	RESP=2
2352852	42	STIM=q
2355669	42	RESP=1
2369661	42	STIM=a
2373037	42	RESP=1
2385475	42	STIM=o
2391639	42	RESP=1
2400660	42	STIM=q
2408286	42	RESP=1
2416187	42	STIM=4
2420138	42	RESP=1
2433111	42	STIM=7
2441011	42	RESP=1
2450784	42	STIM=t
2455289	42	RESP=1
2469364	42	STIM=k
2473135	42	RESP=1
2485010	42	STIM=y
2490665	42	RESP=1
2501074	42	STIM=x
2506658	42	RESP=2
2516541	42	STIM=o
2521846	42	RESP=1
2534916	42	STIM=t
2538634	42	RESP=1
2551008	42	STIM=v
2556256	42	RESP=1
2567791	42	STIM=3
2573116	42	RESP=2
2586752	42	STIM=i
2592747	42	RESP=1
2603199	42	STIM=j
2606403	42	RESP=1
2619170	42	STIM=4
2623700	42	RESP=2
2634787	42	STIM=4
2640425	42	RESP=1
2653553	42	STIM=g
2660962	42	RESP=1
2670636	42	STIM=x
2675480	42	RESP=1
2687301	42	STIM=f
2693975	42	RESP=1
2705115	42	STIM=y
2708927	42	RESP=1
2722600	42	STIM=z
2728682	42	RESP=1
2738519	42	STIM=s
2745778	42	RESP=1
2756826	42	STIM=1
2763170	42	RESP=2
2775570	42	STIM=q
2779617	42	RESP=1
2793693	42	STIM=j
2803742	42	RESP=1
2811097	42	STIM=d
2815525	42	RESP=1
2827976	42	STIM=e
2831663	42	RESP=1
2845795	42	STIM=2
2852740	42	RESP=2
2864593	42	STIM=n
2869636	42	RESP=1
2882644	42	STIM=l
2886113	42	RESP=1
2898998	42	STIM=m
2903048	42	RESP=1
2917775	42	STIM=b
2925932	42	RESP=1
2935643	42	STIM=0
2940685	42	RESP=2
2951066	42	STIM=c
2956704	42	RESP=1
2969155	42	STIM=h
2973627	42	RESP=1
2987230	42	STIM=a
2990786	42	RESP=2
3004563	42	STIM=t
3008268	42	RESP=1
3022285	42	STIM=v
3026029	42	RESP=1
3040847	42	STIM=0
3050580	42	RESP=2
3058055	42	STIM=1
3061759	42	RESP=2
3075427	42	STIM=9
3079462	42	RESP=2
3093755	42	STIM=r
3098252	42	RESP=1
3110969	42	STIM=y
3115596	42	RESP=1
3129918	42	STIM=u
3132976	42	RESP=1
3148875	42	STIM=h
3155306	42	RESP=1
3164049	42	STIM=4
3167810	42	RESP=2
3182069	42	STIM=k
3188343	42	RESP=1
3197577	42	STIM=s
3203004	42	RESP=1
3216564	42	STIM=h
3221259	42	RESP=2
3233272	42	STIM=w
3236695	42	RESP=1
3249357	42	STIM=d
3252377	42	RESP=1
3268019	42	STIM=x
3274724	42	RESP=1
3285589	42	STIM=y
3292858	42	RESP=1
3302377	42	STIM=k
3306524	42	RESP=1
3317402	42	STIM=3
3321821	42	RESP=2
3333719	42	STIM=r
3338970	42	RESP=1
3349736	42	STIM=j
3353159	42	RESP=1
3365661	42	STIM=o
3370172	42	RESP=1
3384462	42	STIM=s
3394326	42	RESP=1
3401450	42	STIM=7
3406639	42	RESP=2
3418284	42	STIM=6
3425931	42	RESP=2
3435701	42	STIM=c
3439588	42	RESP=1
3451327	42	STIM=g
3461733	42	RESP=1
3469068	42	STIM=p
3473534	42	RESP=1
3485996	42	STIM=c
3493327	42	RESP=1
3501543	42	STIM=h
3504998	42	RESP=2
3517756	42	STIM=r
3523190	42	RESP=1
3536048	42	STIM=s
3544736	42	RESP=1
3552121	42	STIM=0
3557620	42	RESP=2
3570377	42	STIM=j
3576164	42	RESP=1
3587839	42	STIM=r
3593728	42	RESP=1
3602985	42	STIM=0
3610563	42	RESP=2
3619353	42	STIM=z
3624664	42	RESP=1
3638132	42	STIM=w
3641996	42	RESP=1
3654981	42	STIM=j
3659370	42	RESP=1
3671790	42	STIM=9
3679002	42	RESP=2
3688925	42	STIM=o
3693800	42	RESP=1
3705209	42	STIM=1
3710448	42	RESP=2
3723641	42	STIM=d
3731382	42	RESP=1
3741888	42	STIM=i
3744885	42	RESP=1
3756939	42	STIM=l
3760218	42	RESP=1
3774944	42	STIM=d
3779479	42	RESP=1
3793599	42	STIM=v
3796551	42	RESP=1
3809742	42	STIM=a
3817105	42	RESP=1
3826292	42	STIM=c
3833166	42	RESP=1
3841688	42	STIM=g
3847270	42	RESP=1
3860179	42	STIM=p
3863729	42	RESP=1
3877724	42	STIM=c
3883311	42	RESP=1
3894817	42	STIM=5
3899368	42	RESP=2
3913079	42	STIM=6
3919442	42	RESP=2
3930246	42	STIM=5
3934478	42	RESP=2
3949041	42	STIM=q
3953463	42	RESP=1
3965982	42	STIM=p
3969181	42	RESP=1
3984254	42	STIM=f
3988351	42	RESP=1
4000567	42	STIM=p
4009820	42	RESP=1
4017201	42	STIM=s
4021182	42	RESP=1
4035774	42	STIM=g
4039809	42	RESP=1
4051217	42	STIM=6
4058057	42	RESP=2
4066398	42	STIM=u
4071136	42	RESP=1
4081873	42	STIM=k
4090212	42	RESP=1
4097822	42	STIM=v
4102742	42	RESP=1
4115245	42	STIM=e
4119758	42	RESP=1
4132904	42	STIM=4
4137582	42	RESP=2
4149229	42	STIM=0
4153752	42	RESP=2
4167216	42	STIM=b
4170277	42	RESP=1
4183437	42	STIM=e
4187803	42	RESP=1
4201254	42	STIM=s
4203790	42	RESP=1
4217545	42	STIM=p
4221584	42	RESP=1
4234963	42	STIM=p
4240862	42	RESP=1
4253635	42	STIM=b
4259375	42	RESP=1
4269731	42	STIM=u
4274977	42	RESP=1
4286522	42	STIM=0
4293103	42	RESP=2
4302240	42	STIM=l
4309112	42	RESP=1
4318493	42	STIM=s
4321790	42	RESP=1
4336130	42	STIM=n
4340229	42	RESP=1
4351638	42	STIM=x
4357170	42	RESP=1
4368752	42	STIM=z
4373089	42	RESP=1
4385504	42	STIM=t
4390318	42	RESP=1
4403660	42	STIM=l
4409228	42	RESP=1
4422071	42	STIM=5
4431150	42	RESP=2
4440600	42	STIM=l
4445275	42	RESP=1
4456759	42	STIM=k
4459648	42	RESP=1
4475001	42	STIM=x
4481604	42	RESP=2
4491092	42	STIM=x
4497211	42	RESP=1
4508093	42	STIM=1
4513653	42	RESP=2
4524117	42	STIM=x
4530334	42	RESP=1
4539821	42	STIM=a
4544806	42	RESP=1
4557017	42	STIM=w
4561672	42	RESP=1
4573450	42	STIM=w
4580756	42	RESP=1
4589230	42	STIM=8
4593173	42	RESP=2
4607641	42	STIM=u
4611200	42	RESP=1
4623486	42	STIM=2
4634109	42	RESP=2
4640826	42	STIM=p
4646641	42	RESP=1
4656488	42	STIM=t
4661796	42	RESP=1
4672856	42	STIM=o
4677586	42	RESP=2
4689593	42	STIM=j
4694706	42	RESP=1
4704970	42	STIM=k
4708024	42	RESP=1
4723025	42	STIM=z
4725949	42	RESP=1
4739388	42	STIM=6
4743331	42	RESP=2
4756212	42	STIM=w
4760833	42	RESP=1
4774785	42	STIM=r
4784289	42	RESP=1
4792902	42	STIM=k
4796756	42	RESP=1
4811642	42	STIM=j
4815409	42	RESP=1
4826948	42	STIM=c
4831385	42	RESP=1
4842477	42	STIM=s
4845985	42	RESP=1
4857617	42	STIM=s
4860551	42	RESP=1
4875837	42	STIM=i
4879610	42	RESP=1
4893632	42	STIM=w
4903119	42	RESP=1
4912443	42	STIM=i
4915035	42	RESP=1
4930116	42	STIM=q
4933575	42	RESP=1
4948788	42	STIM=k
4956648	42	RESP=1
4963794	42	STIM=j
4969818	42	RESP=1
4981562	42	STIM=5
4985507	42	RESP=1
4998546	42	STIM=5
5003675	42	RESP=2
5014495	42	STIM=p
5018195	42	RESP=1
5032251	42	STIM=n
5039565	42	RESP=1
5049894	42	STIM=q
5053979	42	RESP=1
5065448	42	STIM=n
5068756	42	RESP=1
5080471	42	STIM=d
5083545	42	RESP=1
5098497	42	STIM=7
5102578	42	RESP=2
5115558	42	STIM=x
5123335	42	RESP=1
5133387	42	STIM=t
5137262	42	RESP=1
5150034	42	STIM=y
5155669	42	RESP=1
5167909	42	STIM=x
5172336	42	RESP=1
5185861	42	STIM=z
5191199	42	RESP=1
5202641	42	STIM=n
5206379	42	RESP=1
5221225	42	STIM=t
5226879	42	RESP=1
5236563	42	STIM=c
5241989	42	RESP=1
5252653	42	STIM=k
5255631	42	RESP=1
5270173	42	STIM=0
5273521	42	RESP=2
5287165	42	STIM=p
5291389	42	RESP=1
5305780	42	STIM=f
5310937	42	RESP=1
5323073	42	STIM=s
5328587	42	RESP=1
5341338	42	STIM=1
5347565	42	RESP=2
5357900	42	STIM=a
5363737	42	RESP=1
5374107	42	STIM=4
5377294	42	RESP=2
5391624	42	STIM=k
5396626	42	RESP=1
5407067	42	STIM=n
5415078	42	RESP=1
5422863	42	STIM=y
5426366	42	RESP=1
5439865	42	STIM=r
5444302	42	RESP=1
5457254	42	STIM=y
5461627	42	RESP=1
5476075	42	STIM=w
5479590	42	RESP=1
5491400	42	STIM=i
5494146	42	RESP=1
5506750	42	STIM=1
5512303	42	RESP=2
5522473	42	STIM=8
5529791	42	RESP=2
5539569	42	STIM=c
5543403	42	RESP=1
5554976	42	STIM=a
5560438	42	RESP=1
5570547	42	STIM=i
5573885	42	RESP=1
5585696	42	STIM=q
5591484	42	RESP=1
5603622	42	STIM=g
5607968	42	RESP=1
5620006	42	STIM=1
5627032	42	RESP=2
5636587	42	STIM=u
5641566	42	RESP=1
5652673	42	STIM=v
5665096	42	RESP=1
5671657	42	STIM=m
5675146	42	RESP=1
5687427	42	STIM=v
5693385	42	RESP=1
5705029	42	STIM=i
5709886	42	RESP=1
5722674	42	STIM=v
5729279	42	RESP=1
5738803	42	STIM=5
5746025	42	RESP=2
5755587	42	STIM=a
5761245	42	RESP=1
5773831	42	STIM=b
5779514	42	RESP=1
5789337	42	STIM=w
5795726	42	RESP=1
5805468	42	STIM=f
5808226	42	RESP=1
5820895	42	STIM=i
5823992	42	RESP=1
5835917	42	STIM=r
5841533	42	RESP=1
5852639	42	STIM=m
5857706	42	RESP=1
5869577	42	STIM=w
5873523	42	RESP=1
5886318	42	STIM=8
5891463	42	RESP=2
5902030	42	STIM=r
5907848	42	RESP=2
5918458	42	STIM=k
5922478	42	RESP=1
5936989	42	STIM=j
5940064	42	RESP=1
5953096	42	STIM=8
5957396	42	RESP=2
5968604	42	STIM=u
5972799	42	RESP=1
5985588	42	STIM=1
5990408	42	RESP=2
6002268	42	STIM=2
6011471	42	RESP=2
6018827	42	STIM=u
6024374	42	RESP=1
6037160	42	STIM=6
6041043	42	RESP=2
6054902	42	STIM=f
6058937	42	RESP=1
6071340	42	STIM=d
6074791	42	RESP=1
6088076	42	STIM=6
6095372	42	RESP=2
6106250	42	STIM=5
6112497	42	RESP=2
6122398	42	STIM=w
6128516	42	RESP=1
6139088	42	STIM=b
6146861	42	RESP=1
6154645	42	STIM=7
6160619	42	RESP=2
6172629	42	STIM=g
6179572	42	RESP=1
6188190	42	STIM=x
6197183	42	RESP=1
6203291	42	STIM=o
6208262	42	RESP=1
6218827	42	STIM=8
6226149	42	RESP=2
6237301	42	STIM=t
6240890	42	RESP=1
6254073	42	STIM=r
6259095	42	RESP=1
6271486	42	STIM=u
6276839	42	RESP=1
6286596	42	STIM=6
6293971	42	RESP=2
6302630	42	STIM=1
6308778	42	RESP=2
6318000	42	STIM=4
6321519	42	RESP=2
6334346	42	STIM=u
6339334	42	RESP=1
6351896	42	STIM=y
6354883	42	RESP=1
6368124	42	STIM=a
6374967	42	RESP=1
6383160	42	STIM=n
6387634	42	RESP=1
6401786	42	STIM=u
6408217	42	RESP=1
6418683	42	STIM=t
6422258	42	RESP=1
6436641	42	STIM=h
6440741	42	RESP=1
6455181	42	STIM=f
6459544	42	RESP=1
6472683	42	STIM=8
6477853	42	RESP=2
6488674	42	STIM=p
6495181	42	RESP=1
6505055	42	STIM=g
6515618	42	RESP=1
6522195	42	STIM=g
6526820	42	RESP=1
6539095	42	STIM=s
6544261	42	RESP=1
6555759	42	STIM=y
6558560	42	RESP=1
6573342	42	STIM=y
6576021	42	RESP=1
6588671	42	STIM=s
6594954	42	RESP=1
6604129	42	STIM=g
6607692	42	RESP=1
6620736	42	STIM=9
6627613	42	RESP=2
6636576	42	STIM=e
6646553	42	RESP=1
6655295	42	STIM=q
6659076	42	RESP=1
6674244	42	STIM=s
6677329	42	RESP=1
6691665	42	STIM=b
6694866	42	RESP=1
6709056	42	STIM=j
6712396	42	RESP=1
6728036	42	STIM=6
6734269	42	RESP=2
6743989	42	STIM=i
6748042	42	RESP=1
6761101	42	STIM=r
6766705	42	RESP=1
6777405	42	STIM=d
6780370	42	RESP=1
6792984	42	STIM=3
6796935	42	RESP=2
6811427	42	STIM=d
6815253	42	RESP=1
6827743	42	STIM=z
6833325	42	RESP=1
6844924	42	STIM=g
6849770	42	RESP=1
6861536	42	STIM=3
6865288	42	RESP=2
6877074	42	STIM=9
6885873	42	RESP=2
6893174	42	STIM=w
6897120	42	RESP=1
6909141	42	STIM=i
6913849	42	RESP=1
6925921	42	STIM=d
6931201	42	RESP=1
6944050	42	STIM=0
6949336	42	RESP=2
6961584	42	STIM=f
6964716	42	RESP=1
6978857	42	STIM=j
6987493	42	RESP=1
6995872	42	STIM=s
7002066	42	RESP=1
7012989	42	STIM=7
7017654	42	RESP=1
7031901	42	STIM=r
7035558	42	RESP=1
7047066	42	STIM=t
7051205	42	RESP=1
7065625	42	STIM=7
7072234	42	RESP=2
7080902	42	STIM=a
7084983	42	RESP=1
7099048	42	STIM=a
7103037	42	RESP=1
7114262	42	STIM=k
7120968	42	RESP=1
7131867	42	STIM=a
7138012	42	RESP=1
7149480	42	STIM=l
7153174	42	RESP=1
7167139	42	STIM=q
7170330	42	RESP=1
7184860	42	STIM=1
7188988	42	RESP=2
7203703	42	STIM=t
7207921	42	RESP=1
7221628	42	STIM=h
7225046	42	RESP=1
7240305	42	STIM=z
7246132	42	RESP=1
7256234	42	STIM=h
7259366	42	RESP=1
7272433	42	STIM=q
7279611	42	RESP=1
7288855	42	STIM=3
7297455	42	RESP=2
7305824	42	STIM=k
7308856	42	RESP=1
7321526	42	STIM=l
7327126	42	RESP=1
7337642	42	STIM=l
7341329	42	RESP=1
7352872	42	STIM=o
7355460	42	RESP=1
7370275	42	STIM=f
7375686	42	RESP=1
7387761	42	STIM=j
7394125	42	RESP=1
7405599	42	STIM=y
7412912	42	RESP=1
7421468	42	STIM=y
7428219	42	RESP=1
7439139	42	STIM=m
7443574	42	RESP=1
7456969	42	STIM=h
7462339	42	RESP=1
7475632	42	STIM=k
7479035	42	RESP=2
7493828	42	STIM=c
7497288	42	RESP=1
7509974	42	STIM=d
7514561	42	RESP=1
7528637	42	STIM=l
7533750	42	RESP=1
7546541	42	STIM=4
7551270	42	RESP=2
7564538	42	STIM=h
7571264	42	RESP=1
7579594	42	STIM=4
7583331	42	RESP=1
7597249	42	STIM=v
7601905	42	RESP=1
7612518	42	STIM=r
7617946	42	RESP=1
7629907	42	STIM=a
7635338	42	RESP=1
7648008	42	STIM=d
7653236	42	RESP=1
7666286	42	STIM=3
7673388	42	RESP=2
7682405	42	STIM=2
7690161	42	RESP=2
7701183	42	STIM=x
7704462	42	RESP=1
7719674	42	STIM=k
7723914	42	RESP=1
7736221	42	STIM=7
7742504	42	RESP=2
7754375	42	STIM=y
7760418	42	RESP=1
7771493	42	STIM=x
7777368	42	RESP=1
7787152	42	STIM=n
7796437	42	RESP=1
7802999	42	STIM=4
7809194	42	RESP=1
7818666	42	STIM=k
7821629	42	RESP=1
7833997	42	STIM=w
7837863	42	RESP=1
7849176	42	STIM=j
7852855	42	RESP=1
7866091	42	STIM=t
7872287	42	RESP=1
7882763	42	STIM=c
7887434	42	RESP=1
7899393	42	STIM=8
7904448	42	RESP=2
7917121	42	STIM=d
7924561	42	RESP=1
7933231	42	STIM=p
7936424	42	RESP=1
7951796	42	STIM=d
7956328	42	RESP=1
7969033	42	STIM=y
7972112	42	RESP=1
7985202	42	STIM=3
7990082	42	RESP=2
8003396	42	STIM=s
8007901	42	RESP=2
8018729	42	STIM=u
8022605	42	RESP=1
8036819	42	STIM=j
8040396	42	RESP=1
8052768	42	STIM=j
8060083	42	RESP=1
8068340	42	STIM=h
8074600	42	RESP=1
8083781	42	STIM=f
8094708	42	RESP=1
8098958	42	STIM=h
8105768	42	RESP=1
8117634	42	STIM=9
8124192	42	RESP=2
8132999	42	STIM=u
8137999	42	RESP=1
8150146	42	STIM=i
8154191	42	RESP=1
8166205	42	STIM=i
8169481	42	RESP=1
8185075	42	STIM=j
8189336	42	RESP=1
8202810	42	STIM=p
8207177	42	RESP=1
8219177	42	STIM=5
8224315	42	RESP=2
8235313	42	STIM=l
8238768	42	RESP=1
8251881	42	STIM=o
8256555	42	RESP=1
8268285	42	STIM=r
8274809	42	RESP=1
8283894	42	STIM=g
8287316	42	RESP=1
8299582	42	STIM=j
8302589	42	RESP=1
8316355	42	STIM=s
8322970	42	RESP=1
8331398	42	STIM=z
8341134	42	RESP=1
8349440	42	STIM=1
8354064	42	RESP=2
8367213	42	STIM=u
8372172	42	RESP=1
8383977	42	STIM=r
8390507	42	RESP=2
8401658	42	STIM=a
8407338	42	RESP=1
8418032	42	STIM=0
8421552	42	RESP=2
8436273	42	STIM=6
8440794	42	RESP=2
8453795	42	STIM=3
8462682	42	RESP=2
8471077	42	STIM=k
8477877	42	RESP=1
8486358	42	STIM=t
8490941	42	RESP=1
8502421	42	STIM=h
8509918	42	RESP=1
8521419	42	STIM=p
8525493	42	RESP=1
8536825	42	STIM=0
8541218	42	RESP=2
8555186	42	STIM=r
8559148	42	RESP=1
8571803	42	STIM=u
8579896	42	RESP=1
8590208	42	STIM=w
8595914	42	RESP=1
8607293	42	STIM=l
8613086	42	RESP=2
8623454	42	STIM=8
8628684	42	RESP=2
8642133	42	STIM=b
8645374	42	RESP=1
8659535	42	STIM=8
8664526	42	RESP=2
8674864	42	STIM=w
8682385	42	RESP=1
8690399	42	STIM=g
8694272	42	RESP=1
8708114	42	STIM=4
8714180	42	RESP=1
8724030	42	STIM=y
8727767	42	RESP=1
8739033	42	STIM=h
8743619	42	RESP=1
8754648	42	STIM=z
8758605	42	RESP=1
8773318	42	STIM=r
8779799	42	RESP=1
8789151	42	STIM=t
8794296	42	RESP=1
8807053	42	STIM=l
8813373	42	RESP=1
8825502	42	STIM=v
8829672	42	RESP=1
8843658	42	STIM=u
8846727	42	RESP=1
8861574	42	STIM=y
8866690	42	RESP=1
8878998	42	STIM=j
8883935	42	RESP=1
8896228	42	STIM=e
8899618	42	RESP=1
8913359	42	STIM=k
8921688	42	RESP=1
8930057	42	STIM=x
8934129	42	RESP=1
8947372	42	STIM=j
8950807	42	RESP=1
8965389	42	STIM=r
8968897	42	RESP=1
8983453	42	STIM=3
8990033	42	RESP=2
9000832	42	STIM=i
9003747	42	RESP=1
9018102	42	STIM=i
9021553	42	RESP=1
9035229	42	STIM=k
9041170	42	RESP=1
9050931	42	STIM=a
9053990	42	RESP=1
9065950	42	STIM=x
9074101	42	RESP=1
9084856	42	STIM=e
9088731	42	RESP=1
9101616	42	STIM=1
9108701	42	RESP=2
9119205	42	STIM=z
9131044	42	RESP=1
9137690	42	STIM=k
9142641	42	RESP=1
9154678	42	STIM=o
9158300	42	RESP=1
9172716	42	STIM=n
9176192	42	RESP=1
9190200	42	STIM=3
9195021	42	RESP=2
9208129	42	STIM=m
9211218	42	RESP=1
9223340	42	STIM=i
9229331	42	RESP=1
9238997	42	STIM=5
9245033	42	RESP=1
9254423	42	STIM=f
9257736	42	RESP=1
9271387	42	STIM=d
9275504	42	RESP=1
9289583	42	STIM=f
9292712	42	RESP=1
9305520	42	STIM=i
9308307	42	RESP=1
9320856	42	STIM=n
9324756	42	RESP=1
9338621	42	STIM=y
9341904	42	RESP=1
9355941	42	STIM=t
9359678	42	RESP=1
9374349	42	STIM=k
9380301	42	RESP=1
9389553	42	STIM=w
9393138	42	RESP=1
9406154	42	STIM=d
9409701	42	RESP=1
9425039	42	STIM=i
9430078	42	RESP=1
9441507	42	STIM=2
9446013	42	RESP=2
9459475	42	STIM=v
9462527	42	RESP=1
9477226	42	STIM=8
9481346	42	RESP=2
9492444	42	STIM=2
9499741	42	RESP=2
9509150	42	STIM=l
9513130	42	RESP=1
9526712	42	STIM=d
9530829	42	RESP=1
9542256	42	STIM=y
9546516	42	RESP=2
9560944	42	STIM=h
9565390	42	RESP=1
9578065	42	STIM=i
9584001	42	RESP=2
9596175	42	STIM=q
9604908	42	RESP=1
9613769	42	STIM=c
9618054	42	RESP=1
9632567	42	STIM=1
9639762	42	RESP=2
9651182	42	STIM=w
9657565	42	RESP=1
9667930	42	STIM=3
9676217	42	RESP=2
9685304	42	STIM=d
9689628	42	RESP=1
9702274	42	STIM=y
9708370	42	RESP=1
9720801	42	STIM=z
9727390	42	RESP=1
9738654	42	STIM=6
9742125	42	RESP=2
9754479	42	STIM=s
9757975	42	RESP=1
9773159	42	STIM=x
9775592	42	RESP=1
9790794	42	STIM=4
9794526	42	RESP=2
9809735	42	STIM=u
9814183	42	RESP=1
9828370	42	STIM=k
9834951	42	RESP=1
9845881	42	STIM=o
9849475	42	RESP=1
9861195	42	STIM=j
9866364	42	RESP=1
9877437	42	STIM=2
9880880	42	RESP=2
9896073	42	STIM=t
9902191	42	RESP=2
9914998	42	STIM=p
9921685	42	RESP=1
9933724	42	STIM=4
9939312	42	RESP=2
9951914	42	STIM=s
9957778	42	RESP=1
9967633	42	STIM=7
9973261	42	RESP=2
9986562	42	STIM=w
9992532	42	RESP=1
10002277	42	STIM=3
10010261	42	RESP=2
10020511	42	STIM=c
10027007	42	RESP=1
10036926	42	STIM=j
10040359	42	RESP=1
10054725	42	STIM=0
10060869	42	RESP=1
10071057	42	STIM=q
10080085	42	RESP=1
10086841	42	STIM=k
10098137	42	RESP=1
10104103	42	STIM=k
10110453	42	RESP=1
10123009	42	STIM=d
10125701	42	RESP=1
10140063	42	STIM=s
10146274	42	RESP=1
10156355	42	STIM=s
10164748	42	RESP=1
10174870	42	STIM=1
10178537	42	RESP=2
10193261	42	STIM=b
10197663	42	RESP=1
10208319	42	STIM=s
10213305	42	RESP=1
10224053	42	STIM=n
10228393	42	RESP=1
10241402	42	STIM=r
10244687	42	RESP=1
10258202	42	STIM=p
10264257	42	RESP=1
10275358	42	STIM=f
10282690	42	RESP=1
10292886	42	STIM=s
10297805	42	RESP=1
10308369	42	STIM=p
10311050	42	RESP=1
10326340	42	STIM=o
10331319	42	RESP=1
10342971	42	STIM=3
10348778	42	RESP=2
10361053	42	STIM=y
10365731	42	RESP=1
10379399	42	STIM=k
10384026	42	RESP=1
10395926	42	STIM=l
10399586	42	RESP=1
10413911	42	STIM=7
10420265	42	RESP=2
10429363	42	STIM=c
10434902	42	RESP=1
10444656	42	STIM=p
10448605	42	RESP=1
10463112	42	STIM=1
10468183	42	RESP=2
10481463	42	STIM=v
10489073	42	RESP=1
10499838	42	STIM=v
10505121	42	RESP=1
10516782	42	STIM=g
10520166	42	RESP=1
10534759	42	STIM=9
10538964	42	RESP=2
10552945	42	STIM=4
10557438	42	RESP=2
10568810	42	STIM=v
10575431	42	RESP=1
10585895	42	STIM=p
10590009	42	RESP=1
10602865	42	STIM=x
10606334	42	RESP=1
10617928	42	STIM=4
10627191	42	RESP=2
10634451	42	STIM=2
10640603	42	RESP=2
10651020	42	STIM=u
10657715	42	RESP=1
10667925	42	STIM=q
10675047	42	RESP=2
10683672	42	STIM=v
10687990	42	RESP=1
10701185	42	STIM=f
10709800	42	RESP=1
10719138	42	STIM=x
10723783	42	RESP=1
10737579	42	STIM=k
10741255	42	RESP=1
10756005	42	STIM=y
10760305	42	RESP=1
10771110	42	STIM=k
10777811	42	RESP=1
10789615	42	STIM=b
10795676	42	RESP=1
10805624	42	STIM=a
10809002	42	RESP=1
10823931	42	STIM=i
10829177	42	RESP=1
10842797	42	STIM=s
10846587	42	RESP=1
10860720	42	STIM=6
10868289	42	RESP=1
10876046	42	STIM=u
10884253	42	RESP=1
10892370	42	STIM=x
10897034	42	RESP=1
10909527	42	STIM=w
10913973	42	RESP=1
10926809	42	STIM=c
10930434	42	RESP=1
10943731	42	STIM=e
10947413	42	RESP=1
10960460	42	STIM=m
10962940	42	RESP=1
10978624	42	STIM=g
10983680	42	RESP=1
10996301	42	STIM=p
11000566	42	RESP=1
11013223	42	STIM=0
11016919	42	RESP=2
11030861	42	STIM=d
11034087	42	RESP=1
11048657	42	STIM=t
11054515	42	RESP=1
11066140	42	STIM=9
11072686	42	RESP=2
11083634	42	STIM=9
11088842	42	RESP=2
11099499	42	STIM=z
11105364	42	RESP=1
11118105	42	STIM=y
11125231	42	RESP=1
11136607	42	STIM=u
11141719	42	RESP=1
11151871	42	STIM=j
11155207	42	RESP=1
11170673	42	STIM=l
11175805	42	RESP=1
11186985	42	STIM=q
11191930	42	RESP=1
11203623	42	STIM=m
11207412	42	RESP=1
11218763	42	STIM=g
11222656	42	RESP=1
11237585	42	STIM=i
11240932	42	RESP=1
11253428	42	STIM=e
11259171	42	RESP=1
11272033	42	STIM=y
11276198	42	RESP=1
11288138	42	STIM=u
11292859	42	RESP=1
11306691	42	STIM=r
11309363	42	RESP=1
11324356	42	STIM=l
11328946	42	RESP=1
11341818	42	STIM=y
11346439	42	RESP=1
11359131	42	STIM=r
11363493	42	RESP=1
11374765	42	STIM=h
11383350	42	RESP=1
11391319	42	STIM=j
11396584	42	RESP=1
11409635	42	STIM=b
11416617	42	RESP=1
11425490	42	STIM=e
11428531	42	RESP=1
11442380	42	STIM=j
11449533	42	RESP=1
11457796	42	STIM=7
11461143	42	RESP=2
11475380	42	STIM=v
11479082	42	RESP=1
11491436	42	STIM=v
11495103	42	RESP=1
11507358	42	STIM=x
11510972	42	RESP=1
11524447	42	STIM=n
11529613	42	RESP=1
11542957	42	STIM=v
11547841	42	RESP=1
11558487	42	STIM=x
11562498	42	RESP=1
11576555	42	STIM=v
11581238	42	RESP=1
11592943	42	STIM=o
11597741	42	RESP=1
11608042	42	STIM=u
11612749	42	RESP=1
11626584	42	STIM=3
11631763	42	RESP=2
11641725	42	STIM=w
11647675	42	RESP=1
11657996	42	STIM=n
11660849	42	RESP=1
11676953	42	STIM=c
11682915	42	RESP=1
11692676	42	STIM=y
11695048	42	RESP=1
11711196	42	STIM=e
11715770	42	RESP=1
11727307	42	STIM=g
11737817	42	RESP=1
11746092	42	STIM=k
11750461	42	RESP=1
11762350	42	STIM=r
11769730	42	RESP=1
11780207	42	STIM=r
11785004	42	RESP=1
11799198	42	STIM=c
11805294	42	RESP=2
11816970	42	STIM=a
11823020	42	RESP=1
11832966	42	STIM=v
11836552	42	RESP=1
11848148	42	STIM=f
11854595	42	RESP=2
11863304	42	STIM=t
11866517	42	RESP=1
11881578	42	STIM=5
11887949	42	RESP=1
11897695	42	STIM=m
11901418	42	RESP=1
11914908	42	STIM=n
11918920	42	RESP=1
11932932	42	STIM=g
11936967	42	RESP=1
11951700	42	STIM=k
11955656	42	RESP=1
11970111	42	STIM=x
11974641	42	RESP=1
11988245	42	STIM=x
11993803	42	RESP=2
12004148	42	STIM=l
12007848	42	RESP=1
12019654	42	STIM=t
12023012	42	RESP=1
12037357	42	STIM=k
12042948	42	RESP=1
12052555	42	STIM=g
12055965	42	RESP=1
12068692	42	STIM=x
12073608	42	RESP=1
12087288	42	STIM=k
12092510	42	RESP=1
12102944	42	STIM=i
12106972	42	RESP=1
12120283	42	STIM=z
12127044	42	RESP=2
12135878	42	STIM=x
12139293	42	RESP=1
12151421	42	STIM=b
12154901	42	RESP=1
12167974	42	STIM=s
12171496	42	RESP=1
12183728	42	STIM=r
12187517	42	RESP=1
12200694	42	STIM=g
12204678	42	RESP=1
12219603	42	STIM=t
12223259	42	RESP=1
12236696	42	STIM=w
12240717	42	RESP=1
12254002	42	STIM=m
12259542	42	RESP=1
12270639	42	STIM=h
12274681	42	RESP=1
12286035	42	STIM=v
12290346	42	RESP=1
12302445	42	STIM=7
12308058	42	RESP=2
12319246	42	STIM=5
12323937	42	RESP=2
12336081	42	STIM=b
12340926	42	RESP=1
12353719	42	STIM=g
12357395	42	RESP=1
12372510	42	STIM=j
12377161	42	RESP=1
12388734	42	STIM=u
12393416	42	RESP=1
12405478	42	STIM=u
12409345	42	RESP=1
12421947	42	STIM=s
12427364	42	RESP=1
12440841	42	STIM=f
12444184	42	RESP=1
12459556	42	STIM=l
12464566	42	RESP=1
12477536	42	STIM=x
12480595	42	RESP=1
12494162	42	STIM=p
12497745	42	RESP=1
12511346	42	STIM=0
12517873	42	RESP=2
12528129	42	STIM=0
12533781	42	RESP=2
12547039	42	STIM=1
12551392	42	RESP=2
12563885	42	STIM=l
12567669	42	RESP=1
12579170	42	STIM=1
12584567	42	RESP=2
12595522	42	STIM=k
12600904	42	RESP=1
12610690	42	STIM=0
12620878	42	RESP=2
12625852	42	STIM=c
12629595	42	RESP=2
12642057	42	STIM=x
12644909	42	RESP=1
12660047	42	STIM=7
12663631	42	RESP=2
12677653	42	STIM=b
12681783	42	RESP=1
12695344	42	STIM=5
12698843	42	RESP=1
12712277	42	STIM=h
12719861	42	RESP=1
12729541	42	STIM=i
12735051	42	RESP=1
12748349	42	STIM=f
12753226	42	RESP=1
12764679	42	STIM=2
12769790	42	RESP=2
12781437	42	STIM=g
12786907	42	RESP=1
12797297	42	STIM=m
12800496	42	RESP=1
12812423	42	STIM=t
12817875	42	RESP=1
12828926	42	STIM=q
12833581	42	RESP=1
12847817	42	STIM=l
12853073	42	RESP=1
12865331	42	STIM=y
12872421	42	RESP=1
12880785	42	STIM=r
12888136	42	RESP=1
12897964	42	STIM=y
12900403	42	RESP=1
12916218	42	STIM=i
12920833	42	RESP=1
12935207	42	STIM=a
12941761	42	RESP=1
12950513	42	STIM=t
12955745	42	RESP=1
12967454	42	STIM=w
12971980	42	RESP=1
12986116	42	STIM=k
12990570	42	RESP=1
13003451	42	STIM=x
13008616	42	RESP=1
13021286	42	STIM=g
13025681	42	RESP=1
13038208	42	STIM=f
13041452	42	RESP=1
13053446	42	STIM=d
13062455	42	RESP=1
13070402	42	STIM=y
13073265	42	RESP=1
13086032	42	STIM=o
13089702	42	RESP=1
13104806	42	STIM=v
13113288	42	RESP=1
13121619	42	STIM=l
13124900	42	RESP=1
13140527	42	STIM=i
13145172	42	RESP=1
13158519	42	STIM=x
13162637	42	RESP=1
13176800	42	STIM=r
13186307	42	RESP=2
13195291	42	STIM=h
13201027	42	RESP=1
13211829	42	STIM=h
13216773	42	RESP=1
13229365	42	STIM=f
13234285	42	RESP=1
13247513	42	STIM=c
13255193	42	RESP=1
13265699	42	STIM=e
13269979	42	RESP=1
13282529	42	STIM=0
13289082	42	RESP=2
13301178	42	STIM=i
13305594	42	RESP=1
13318652	42	STIM=y
13321933	42	RESP=1
13336021	42	STIM=8
13342391	42	RESP=1
13354897	42	STIM=z
13360038	42	RESP=1
13371129	42	STIM=e
13374787	42	RESP=1
13387692	42	STIM=1
13393809	42	RESP=2
13405426	42	STIM=o
13413660	42	RESP=1
13421354	42	STIM=8
13426731	42	RESP=2
13439926	42	STIM=p
13443240	42	RESP=2
13456445	42	STIM=n
13463024	42	RESP=1
13471923	42	STIM=f
13477263	42	RESP=1
13488448	42	STIM=r
13493722	42	RESP=1
13506922	42	STIM=i
13510604	42	RESP=1
13525187	42	STIM=k
13533213	42	RESP=1
13542349	42	STIM=w
13545631	42	RESP=1
13557567	42	STIM=2
13562442	42	RESP=2
13573964	42	STIM=c
13577521	42	RESP=1
13589414	42	STIM=g
13595138	42	RESP=1
13608194	42	STIM=2
13614727	42	RESP=2
13624349	42	STIM=a
13628181	42	RESP=1
13643294	42	STIM=k
13646219	42	RESP=1
13660768	42	STIM=j
13665859	42	RESP=1
13678082	42	STIM=s
13685688	42	RESP=2
13696403	42	STIM=w
13700013	42	RESP=1
13713089	42	STIM=h
13716854	42	RESP=1
13728659	42	STIM=v
13731725	42	RESP=1
13746089	42	STIM=t
13750818	42	RESP=1
13761973	42	STIM=q
13766501	42	RESP=1
13779057	42	STIM=l
13782021	42	RESP=1
13796397	42	STIM=i
13799145	42	RESP=1
13813686	42	STIM=c
13818644	42	RESP=1
13831077	42	STIM=u
13836744	42	RESP=1
13847684	42	STIM=p
13852291	42	RESP=1
13863257	42	STIM=k
13867454	42	RESP=1
13880090	42	STIM=r
13883527	42	RESP=1
13898408	42	STIM=b
13907888	42	RESP=1
13915427	42	STIM=r
13918673	42	RESP=1
13934287	42	STIM=s
13944185	42	RESP=1
13949768	42	STIM=n
13955369	42	RESP=1
13965552	42	STIM=z
13968832	42	RESP=1
13983166	42	STIM=1
13989575	42	RESP=2
14000619	42	STIM=1
14005803	42	RESP=1
14017314	42	STIM=r
14022399	42	RESP=1
14032442	42	STIM=n
14035998	42	RESP=1
14048378	42	STIM=m
14052029	42	RESP=1
14064977	42	STIM=t
14069279	42	RESP=1
14081059	42	STIM=a
14086921	42	RESP=1
14097208	42	STIM=8
14103224	42	RESP=2
14113243	42	STIM=q
14120992	42	RESP=1
14128869	42	STIM=w
14132784	42	RESP=1
14144454	42	STIM=m
14147564	42	RESP=1
14159903	42	STIM=h
14163956	42	RESP=1
14178383	42	STIM=j
14181010	42	RESP=2
14195949	42	STIM=u
14200607	42	RESP=1
14211592	42	STIM=x
14216667	42	RESP=1
14228089	42	STIM=a
14235987	42	RESP=1
14245773	42	STIM=6
14251578	42	RESP=1
14263145	42	STIM=1
14267390	42	RESP=2
14279234	42	STIM=w
14287370	42	RESP=1
14295877	42	STIM=d
14298377	42	RESP=1
14312689	42	STIM=5
14318125	42	RESP=2
14328654	42	STIM=9
14333756	42	RESP=1
14343669	42	STIM=n
14346604	42	RESP=1
14362454	42	STIM=w
14367219	42	RESP=1
14381438	42	STIM=j
14386095	42	RESP=1
14399764	42	STIM=1
14409906	42	RESP=2
14416229	42	STIM=z
14421993	42	RESP=1
14434177	42	STIM=z
14442301	42	RESP=1
14453060	42	STIM=z
14458555	42	RESP=1
14469254	42	STIM=m
14472976	42	RESP=1
14485861	42	STIM=7
14491266	42	RESP=2
14502656	42	STIM=6
14507778	42	RESP=2
14519651	42	STIM=t
14523342	42	RESP=1
14535026	42	STIM=h
14540810	42	RESP=1
14550589	42	STIM=1
14554226	42	RESP=1
14569217	42	STIM=3
14573866	42	RESP=2
14586401	42	STIM=k
14590881	42	RESP=1
14603041	42	STIM=i
14606218	42	RESP=1
14619991	42	STIM=b
14624942	42	RESP=1
14635891	42	STIM=r
14639200	42	RESP=1
14653661	42	STIM=d
14658967	42	RESP=1
14671587	42	STIM=u
14678125	42	RESP=1
14687572	42	STIM=c
14691451	42	RESP=1
14705861	42	STIM=d
14711203	42	RESP=1
14722461	42	STIM=h
14727287	42	RESP=1
14738687	42	STIM=k
14742655	42	RESP=1
14756667	42	STIM=h
14762086	42	RESP=1
14772048	42	STIM=j
14776729	42	RESP=1
14787170	42	STIM=z
14792228	42	RESP=1
14804744	42	STIM=c
14807856	42	RESP=1
14820805	42	STIM=s
14828318	42	RESP=1
14836742	42	STIM=a
14840460	42	RESP=1
14851853	42	STIM=q
14855682	42	RESP=1
14868944	42	STIM=g
14872715	42	RESP=1
14885186	42	STIM=2
14891245	42	RESP=2
14902730	42	STIM=m
14905632	42	RESP=1
14919184	42	STIM=y
14922973	42	RESP=1
14936553	42	STIM=z
14941732	42	RESP=1
14953959	42	STIM=l
14958111	42	RESP=1
14971244	42	STIM=g
14976600	42	RESP=1
14987296	42	STIM=s
14994097	42	RESP=1
15004437	42	STIM=a
15009535	42	RESP=1
15022089	42	STIM=0
15028286	42	RESP=2
15037786	42	STIM=2
15042061	42	RESP=2
15055997	42	STIM=i
15061099	42	RESP=1
15072202	42	STIM=s
15078088	42	RESP=1
15088049	42	STIM=s
15093672	42	RESP=1
15103381	42	STIM=v
15107353	42	RESP=1
15120210	42	STIM=t
15124371	42	RESP=1
15136276	42	STIM=m
15140451	42	RESP=1
15152591	42	STIM=b
15155544	42	RESP=1
15171135	42	STIM=4
15174355	42	RESP=2
15187189	42	STIM=x
15192322	42	RESP=1
15205944	42	STIM=l
15209611	42	RESP=1
15224707	42	STIM=v
15228048	42	RESP=1
15240692	42	STIM=m
15245337	42	RESP=1
15259391	42	STIM=h
15264080	42	RESP=1
15277254	42	STIM=9
15282022	42	RESP=2
15292358	42	STIM=2
15299978	42	RESP=2
15308454	42	STIM=n
15315638	42	RESP=1
15327434	42	STIM=d
15332956	42	RESP=1
15343771	42	STIM=j
15347801	42	RESP=1
15362421	42	STIM=4
15366635	42	RESP=2
15378866	42	STIM=5
15382943	42	RESP=2
15396261	42	STIM=x
15404486	42	RESP=1
15412383	42	STIM=a
15417074	42	RESP=1
15428426	42	STIM=9
15432018	42	RESP=2
15446869	42	STIM=s
15452741	42	RESP=1
15465578	42	STIM=j
15472129	42	RESP=1
15482616	42	STIM=a
15489353	42	RESP=1
15498753	42	STIM=9
15502956	42	RESP=2
15516366	42	STIM=p
15520628	42	RESP=1
15534347	42	STIM=3
15541343	42	RESP=2
15550704	42	STIM=z
15555057	42	RESP=1
15566190	42	STIM=s
15573169	42	RESP=1
15582109	42	STIM=i
15585924	42	RESP=1
15599422	42	STIM=h
15606086	42	RESP=1
15618262	42	STIM=o
15625294	42	RESP=1
15633554	42	STIM=v
15640427	42	RESP=2
15650160	42	STIM=v
15655695	42	RESP=1
15666069	42	STIM=d
15671376	42	RESP=1
15684736	42	STIM=a
15687724	42	RESP=1
15702961	42	STIM=t
15708958	42	RESP=1
15718940	42	STIM=w
15723009	42	RESP=1
15734277	42	STIM=p
15737378	42	RESP=1
15749682	42	STIM=4
15756011	42	RESP=2
15764916	42	STIM=x
15767898	42	RESP=1
15781986	42	STIM=a
15785432	42	RESP=2
15800277	42	STIM=a
15809534	42	RESP=1
15817047	42	STIM=j
15821797	42	RESP=1
15835476	42	STIM=5
15840682	42	RESP=2
15851434	42	STIM=j
15855514	42	RESP=1
15867652	42	STIM=7
15876511	42	RESP=2
15885079	42	STIM=n
15889295	42	RESP=1
15901828	42	STIM=p
15909062	42	RESP=1
15917466	42	STIM=u
15924084	42	RESP=1
15934334	42	STIM=f
15940076	42	RESP=1
15950668	42	STIM=p
15954284	42	RESP=1
15967506	42	STIM=r
15971606	42	RESP=1
15984573	42	STIM=b
15987274	42	RESP=2
16000263	42	STIM=i
16003545	42	RESP=1
16017907	42	STIM=p
16024754	42	RESP=1
16033598	42	STIM=f
16040851	42	RESP=1
16052075	42	STIM=j
16055638	42	RESP=1
16068098	42	STIM=f
16071523	42	RESP=1
16086122	42	STIM=6
16094317	42	RESP=2
16103434	42	STIM=v
16109666	42	RESP=1
16118723	42	STIM=q
16123297	42	RESP=1
16137067	42	STIM=t
16142561	42	RESP=1
16152249	42	STIM=6
16157780	42	RESP=2
16167841	42	STIM=i
16174760	42	RESP=1
16184935	42	STIM=x
16188721	42	RESP=1
16203412	42	STIM=b
16211526	42	RESP=1
16219945	42	STIM=d
16224607	42	RESP=1
16236010	42	STIM=z
16239650	42	RESP=1
16251344	42	STIM=x
16256630	42	RESP=1
16269565	42	STIM=f
16272797	42	RESP=1
16285537	42	STIM=i
16288797	42	RESP=1
16301498	42	STIM=d
16307812	42	RESP=1
16318756	42	STIM=g
16323958	42	RESP=1
16334311	42	STIM=j
16338719	42	RESP=1
16352982	42	STIM=i
16358180	42	RESP=1
16368674	42	STIM=i
16373492	42	RESP=1
16384566	42	STIM=2
16391777	42	RESP=2
16400200	42	STIM=s
16408754	42	RESP=1
16415972	42	STIM=x
16424183	42	RESP=1
16431273	42	STIM=d
16437212	42	RESP=1
16447495	42	STIM=8
16458442	42	RESP=2
16462698	42	STIM=o
16467559	42	RESP=1
16478284	42	STIM=3
16484397	42	RESP=2
16494507	42	STIM=d
16497472	42	RESP=1
16509645	42	STIM=z
16514488	42	RESP=1
16526914	42	STIM=j
16531853	42	RESP=1
16543330	42	STIM=s
16546479	42	RESP=1
16560289	42	STIM=v
16562910	42	RESP=1
16575963	42	STIM=v
16580279	42	RESP=1
16593037	42	STIM=o
16596463	42	RESP=1
16611729	42	STIM=t
16615973	42	RESP=1
16629913	42	STIM=2
16633809	42	RESP=2
16645155	42	STIM=x
16648061	42	RESP=1
16661959	42	STIM=j
16665602	42	RESP=1
16680464	42	STIM=p
16685017	42	RESP=1
16698115	42	STIM=d
16702697	42	RESP=1
16714191	42	STIM=g
16717528	42	RESP=1
16730556	42	STIM=g
16736939	42	RESP=1
16748765	42	STIM=f
16752292	42	RESP=1
16764937	42	STIM=i
16769289	42	RESP=1
16780116	42	STIM=x
16785347	42	RESP=1
16797753	42	STIM=f
16802638	42	RESP=1
16815008	42	STIM=q
16818818	42	RESP=1
16833072	42	STIM=q
16837204	42	RESP=1
16850382	42	STIM=h
16853915	42	RESP=1
16865951	42	STIM=f
16871507	42	RESP=1
16884865	42	STIM=v
16888530	42	RESP=1
16899936	42	STIM=c
16903400	42	RESP=1
16915534	42	STIM=m
16923508	42	RESP=2
16932565	42	STIM=3
16936231	42	RESP=2
16948681	42	STIM=a
16952819	42	RESP=1
16965489	42	STIM=f
16969595	42	RESP=1
16982935	42	STIM=z
16991144	42	RESP=1
17001320	42	STIM=9
17008007	42	RESP=2
17019750	42	STIM=7
17024179	42	RESP=2
17037085	42	STIM=4
17041087	42	RESP=2
17053104	42	STIM=g
17059155	42	RESP=1
17071932	42	STIM=s
17075995	42	RESP=1
17087511	42	STIM=d
17093860	42	RESP=2
17103525	42	STIM=q
17112084	42	RESP=2
17121456	42	STIM=3
17127542	42	RESP=2
17137935	42	STIM=e
17146961	42	RESP=1
17155749	42	STIM=u
17161398	42	RESP=1
17172567	42	STIM=y
17176426	42	RESP=1
17189973	42	STIM=y
17193177	42	RESP=1
17208208	42	STIM=i
17212337	42	RESP=1
17224854	42	STIM=p
17228183	42	RESP=1
17240188	42	STIM=z
17243295	42	RESP=1
17257108	42	STIM=c
17264023	42	RESP=1
17273408	42	STIM=m
17276808	42	RESP=1
17292349	42	STIM=z
17297578	42	RESP=1
17311210	42	STIM=r
17316754	42	RESP=1
17328038	42	STIM=q
17331967	42	RESP=1
17343085	42	STIM=n
17349820	42	RESP=1
17359740	42	STIM=b
17366228	42	RESP=1
17376486	42	STIM=1
17380344	42	RESP=2
17392750	42	STIM=l
17396333	42	RESP=1
17411109	42	STIM=2
17416662	42	RESP=2
17426215	42	STIM=h
17429356	42	RESP=1
17444380	42	STIM=2
17448833	42	RESP=2
17461052	42	STIM=i
17468234	42	RESP=1
17478055	42	STIM=n
17481849	42	RESP=1
17495645	42	STIM=3
17499058	42	RESP=2
17513596	42	STIM=a
17518219	42	RESP=1
17531999	42	STIM=c
17534872	42	RESP=1
17549636	42	STIM=7
17555647	42	RESP=2
17566743	42	STIM=1
17574079	42	RESP=2
17584606	42	STIM=b
17588851	42	RESP=1
17600568	42	STIM=7
17606669	42	RESP=2
17617287	42	STIM=f
17623336	42	RESP=2
17633047	42	STIM=4
17640422	42	RESP=2
17648119	42	STIM=g
17651562	42	RESP=1
17664822	42	STIM=x
17670561	42	RESP=1
17680477	42	STIM=i
17684412	42	RESP=1
17697690	42	STIM=h
17706043	42	RESP=1
17716159	42	STIM=e
17721873	42	RESP=1
17731572	42	STIM=b
17734683	42	RESP=1
17749445	42	STIM=i
17755246	42	RESP=1
17764661	42	STIM=c
17771646	42	RESP=1
17782007	42	STIM=g
17786264	42	RESP=1
17800575	42	STIM=2
17804276	42	RESP=2
17818141	42	STIM=o
17822322	42	RESP=1
17833406	42	STIM=8
17837315	42	RESP=2
17849235	42	STIM=d
17855188	42	RESP=1
17865924	42	STIM=r
17869352	42	RESP=1
17883400	42	STIM=g
17887622	42	RESP=1
17899508	42	STIM=n
17903315	42	RESP=1
17914995	42	STIM=o
17918171	42	RESP=1
17932379	42	STIM=u
17937879	42	RESP=1
17950376	42	STIM=p
17956282	42	RESP=1
17968389	42	STIM=l
17971698	42	RESP=1
17985511	42	STIM=x
17992962	42	RESP=1
18001137	42	STIM=i
18004148	42	RESP=1
18016185	42	STIM=c
18019450	42	RESP=1
18033905	42	STIM=b
18038975	42	RESP=1
18049815	42	STIM=4
18057322	42	RESP=2
18067569	42	STIM=r
18070332	42	RESP=1
18086559	42	STIM=n
18091084	42	RESP=1
18104599	42	STIM=j
18108677	42	RESP=1
18123331	42	STIM=8
18127609	42	RESP=2
18140588	42	STIM=t
18146861	42	RESP=1
18156449	42	STIM=e
18161169	42	RESP=1
18173149	42	STIM=3
18179642	42	RESP=2
18188213	42	STIM=l
18192610	42	RESP=1
18206114	42	STIM=w
18209834	42	RESP=1
18224821	42	STIM=i
18229629	42	RESP=1
18239886	42	STIM=j
18246476	42	RESP=1
18257810	42	STIM=y
18262262	42	RESP=1
18273345	42	STIM=9
18279607	42	RESP=2
18289118	42	STIM=5
18293015	42	RESP=2
18306693	42	STIM=i
18312902	42	RESP=1
18323812	42	STIM=h
18327079	42	RESP=2
18342143	42	STIM=o
18346617	42	RESP=1
18357169	42	STIM=5
18360689	42	RESP=2
18374780	42	STIM=z
18379315	42	RESP=1
18391610	42	STIM=n
18394483	42	RESP=1
18407825	42	STIM=g
18411143	42	RESP=1
18424756	42	STIM=o
18429608	42	RESP=1
18441264	42	STIM=o
18447039	42	RESP=1
18457581	42	STIM=r
18461281	42	RESP=1
18474300	42	STIM=m
18479181	42	RESP=1
18490802	42	STIM=u
18494545	42	RESP=1
18507057	42	STIM=z
18511316	42	RESP=1
18522429	42	STIM=j
18525832	42	RESP=1
18538478	42	STIM=k
18543109	42	RESP=1
18554881	42	STIM=9
18561144	42	RESP=2
18573339	42	STIM=y
18576623	42	RESP=1
18591042	42	STIM=j
18594049	42	RESP=1
18606094	42	STIM=h
18611385	42	RESP=1
18622406	42	STIM=v
18627240	42	RESP=1
18638331	42	STIM=i
18644238	42	RESP=1
18655352	42	STIM=o
18660308	42	RESP=1
18673348	42	STIM=i
18680765	42	RESP=1
18690178	42	STIM=g
18694830	42	RESP=1
18705275	42	STIM=0
18709130	42	RESP=2
18723186	42	STIM=u
18730666	42	RESP=1
18741704	42	STIM=3
18750229	42	RESP=2
18759886	42	STIM=3
18763543	42	RESP=2
18775327	42	STIM=x
18777895	42	RESP=1
18792363	42	STIM=n
18800961	42	RESP=1
18807703	42	STIM=w
18812502	42	RESP=1
18824412	42	STIM=f
18827898	42	RESP=1
18842219	42	STIM=n
18848429	42	RESP=1
18858616	42	STIM=u
18862673	42	RESP=1
18876064	42	STIM=f
18879911	42	RESP=1
18891345	42	STIM=p
18894558	42	RESP=1
18907147	42	STIM=w
18911560	42	RESP=1
18925856	42	STIM=t
18929969	42	RESP=1
18941169	42	STIM=2
18949458	42	RESP=2
18959331	42	STIM=2
18967689	42	RESP=2
18974819	42	STIM=x
18977953	42	RESP=1
18991334	42	STIM=j
18995519	42	RESP=1
19009877	42	STIM=r
19014543	42	RESP=1
19026790	42	STIM=4
19030930	42	RESP=2
19043353	42	STIM=z
19049380	42	RESP=1
19059751	42	STIM=g
19066847	42	RESP=1
19077091	42	STIM=u
19080381	42	RESP=1
19092152	42	STIM=v
19097119	42	RESP=1
19109922	42	STIM=w
19116906	42	RESP=1
19128375	42	STIM=v
19135322	42	RESP=1
19143388	42	STIM=b
19150689	42	RESP=1
19161093	42	STIM=b
19166525	42	RESP=2
19176943	42	STIM=6
19180241	42	RESP=2
19193391	42	STIM=s
19199629	42	RESP=1
19209428	42	STIM=m
19212053	42	RESP=1
19227358	42	STIM=5
19232228	42	RESP=2
19244261	42	STIM=y
19248039	42	RESP=1
19261448	42	STIM=v
19265350	42	RESP=1
19280366	42	STIM=d
19287102	42	RESP=1
19295947	42	STIM=k
19299026	42	RESP=1
19313399	42	STIM=8
19319842	42	RESP=2
19332271	42	STIM=x
19336151	42	RESP=1
19348864	42	STIM=x
19353072	42	RESP=1
19364859	42	STIM=s
19368454	42	RESP=1
19382739	42	STIM=f
19387650	42	RESP=1
19401306	42	STIM=e
19405459	42	RESP=1
19418563	42	STIM=n
19423837	42	RESP=1
19436889	42	STIM=r
19440429	42	RESP=1
19453508	42	STIM=0
19461224	42	RESP=2
19471363	42	STIM=h
19478993	42	RESP=1
19488255	42	STIM=q
19491679	42	RESP=1
19505117	42	STIM=d
19508559	42	RESP=1
19522356	42	STIM=g
19528598	42	RESP=1
19540161	42	STIM=2
19547294	42	RESP=2
19555543	42	STIM=3
19560226	42	RESP=2
19572543	42	STIM=z
19578982	42	RESP=1
19589311	42	STIM=o
19593243	42	RESP=1
19604381	42	STIM=p
19609197	42	RESP=1
19622050	42	STIM=l
19625695	42	RESP=1
19640139	42	STIM=4
19644133	42	RESP=2
19658919	42	STIM=r
19665642	42	RESP=1
19675565	42	STIM=f
19679034	42	RESP=1
19690569	42	STIM=e
19693941	42	RESP=1
19708766	42	STIM=p
19714085	42	RESP=1
19725111	42	STIM=o
19732586	42	RESP=1
19742490	42	STIM=j
19745263	42	RESP=1
19760485	42	STIM=s
19765571	42	RESP=1
19777724	42	STIM=6
19784902	42	RESP=2
19793850	42	STIM=w
19799086	42	RESP=1
19809980	42	STIM=l
19814086	42	RESP=1
19828497	42	STIM=6
19834358	42	RESP=2
19843901	42	STIM=i
19850518	42	RESP=1
19862200	42	STIM=r
19867636	42	RESP=1
19880306	42	STIM=4
19884466	42	RESP=2
19897362	42	STIM=d
19902210	42	RESP=1
19915301	42	STIM=x
19920633	42	RESP=1
19932180	42	STIM=f
19934913	42	RESP=1
19947530	42	STIM=h
19952258	42	RESP=1
19965996	42	STIM=v
19970651	42	RESP=1
19984456	42	STIM=u
19991237	42	RESP=1
20002212	42	STIM=2
20007413	42	RESP=2
20020734	42	STIM=y
20027250	42	RESP=2
20039542	42	STIM=z
20042876	42	RESP=2
20056253	42	STIM=9
20063076	42	RESP=2
20074323	42	STIM=x
20077663	42	RESP=1
20092521	42	STIM=r
20098433	42	RESP=1
20109040	42	STIM=2
20114753	42	RESP=2
20127983	42	STIM=g
20131104	42	RESP=1
20144826	42	STIM=x
20153687	42	RESP=1
20162862	42	STIM=o
20166311	42	RESP=1
20181280	42	STIM=i
20184924	42	RESP=1
20197052	42	STIM=x
20204239	42	RESP=1
20214365	42	STIM=7
20219238	42	RESP=2
20233231	42	STIM=x
20236755	42	RESP=1
20251071	42	STIM=r
20259379	42	RESP=1
20269787	42	STIM=z
20275438	42	RESP=1
20287013	42	STIM=4
20290937	42	RESP=2
20305903	42	STIM=l
20309603	42	RESP=1
20322288	42	STIM=l
20325220	42	RESP=1
20337868	42	STIM=u
20342254	42	RESP=1
20353825	42	STIM=9
20358126	42	RESP=2
20369282	42	STIM=y
20378348	42	RESP=1
20384949	42	STIM=9
20389552	42	RESP=2
20403012	42	STIM=r
20407899	42	RESP=1
20419230	42	STIM=d
20423453	42	RESP=1
20437537	42	STIM=g
20443562	42	RESP=1
20452656	42	STIM=2
20459543	42	RESP=2
20471367	42	STIM=a
20475762	42	RESP=1
20487578	42	STIM=k
20493679	42	RESP=1
20504950	42	STIM=t
20509431	42	RESP=1
20520362	42	STIM=3
20525817	42	RESP=2
20537782	42	STIM=c
20543559	42	RESP=1
20556705	42	STIM=9
20566860	42	RESP=2
20572971	42	STIM=f
20579804	42	RESP=1
20590479	42	STIM=w
20596193	42	RESP=2
20609313	42	STIM=0
20616147	42	RESP=2
20626029	42	STIM=4
20632454	42	RESP=1
20641859	42	STIM=i
20645118	42	RESP=1
20657834	42	STIM=w
20663111	42	RESP=1
20675352	42	STIM=v
20681316	42	RESP=1
20690564	42	STIM=7
20696877	42	RESP=2
20709288	42	STIM=e
20711761	42	RESP=1
20726504	42	STIM=e
20730137	42	RESP=1
20742678	42	STIM=8
20747864	42	RESP=2
20761392	42	STIM=7
20764849	42	RESP=2
20779350	42	STIM=e
20782894	42	RESP=1
20797499	42	STIM=w
20801941	42	RESP=1
20815133	42	STIM=n
20821881	42	RESP=1
20834046	42	STIM=w
20840440	42	RESP=1
20853034	42	STIM=3
20856783	42	RESP=1
20870965	42	STIM=e
20875899	42	RESP=1
20889537	42	STIM=4
20897151	42	RESP=2
20904968	42	STIM=6
20911845	42	RESP=2
20923623	42	STIM=e
20928225	42	RESP=1
20939709	42	STIM=z
20945196	42	RESP=1
20958567	42	STIM=x
20963119	42	RESP=1
20975487	42	STIM=u
20981301	42	RESP=1
20993024	42	STIM=n
20997119	42	RESP=1
21008130	42	STIM=p
21013009	42	RESP=1
21023449	42	STIM=e
21027849	42	RESP=1
21038979	42	STIM=n
21043953	42	RESP=1
21055259	42	STIM=1
21064123	42	RESP=1
21072224	42	STIM=x
21075056	42	RESP=1
21090763	42	STIM=7
21096698	42	RESP=1
21107999	42	STIM=h
21111265	42	RESP=1
21123536	42	STIM=j
21130628	42	RESP=1
21140984	42	STIM=v
21146308	42	RESP=1
21159584	42	STIM=a
21165036	42	RESP=1
21178583	42	STIM=4
21182912	42	RESP=2
21195987	42	STIM=v
21200359	42	RESP=1
21211940	42	STIM=o
21219104	42	RESP=1
21227681	42	STIM=d
21234593	42	RESP=1
21246406	42	STIM=n
21252218	42	RESP=1
21262588	42	STIM=4
21267839	42	RESP=2
21278676	42	STIM=l
21283142	42	RESP=1
21294534	42	STIM=6
21298366	42	RESP=2
21312228	42	STIM=6
21321292	42	RESP=2
21329964	42	STIM=q
21335757	42	RESP=1
21346377	42	STIM=1
21350991	42	RESP=2
21361725	42	STIM=l
21369416	42	RESP=1
21377198	42	STIM=l
21382244	42	RESP=1
21395108	42	STIM=a
21398838	42	RESP=1
21413759	42	STIM=m
21417101	42	RESP=1
21429062	42	STIM=a
21433560	42	RESP=1
21446610	42	STIM=a
21455107	42	RESP=1
21462538	42	STIM=m
21467262	42	RESP=1
21480281	42	STIM=y
21483316	42	RESP=1
21495368	42	STIM=o
21501868	42	RESP=1
21510747	42	STIM=d
21516384	42	RESP=1
21527507	42	STIM=r
21532041	42	RESP=1
21543318	42	STIM=p
21548002	42	RESP=1
21560644	42	STIM=5
21565147	42	RESP=2
21575893	42	STIM=j
21581233	42	RESP=1
21592691	42	STIM=0
21598760	42	RESP=2
21608881	42	STIM=w
21614276	42	RESP=1
21626516	42	STIM=r
21630871	42	RESP=1
21645140	42	STIM=6
21649903	42	RESP=2
21663070	42	STIM=l
21666528	42	RESP=2
21681512	42	STIM=l
21687595	42	RESP=1
21696846	42	STIM=c
21699909	42	RESP=1
21711922	42	STIM=x
21717960	42	RESP=1
21727734	42	STIM=3
21733437	42	RESP=2
21744641	42	STIM=k
21750958	42	RESP=2
21760302	42	STIM=v
21764041	42	RESP=1
