# Original filename: 0044_AFZ_2017-05-17.log
# Time unit: 100 us
# RARECAT=digit
#
# Time	HHGG	Event
37470	42	STIM=c
42754	42	RESP=1
56358	42	STIM=j
61689	42	RESP=1
71421	42	STIM=u
76638	42	RESP=1
90003	42	STIM=f
95006	42	RESP=1
107837	42	STIM=h
112236	42	RESP=1
124136	42	STIM=h
130359	42	RESP=1
139826	42	STIM=n
144664	42	RESP=1
155733	42	STIM=v
158725	42	RESP=1
172640	42	STIM=v
175936	42	RESP=1
189039	42	STIM=r
194960	42	RESP=1
206658	42	STIM=h
211581	42	RESP=1
222352	42	STIM=n
226162	42	RESP=1
240878	42	STIM=3
244154	42	RESP=2
256501	42	STIM=x
260336	42	RESP=1
271783	42	STIM=u
282094	42	RESP=1
289552	42	STIM=p
298640	42	RESP=1
306429	42	STIM=4
317980	42	RESP=2
324518	42	STIM=f
328663	42	RESP=1
340620	42	STIM=s
344739	42	RESP=1
359404	42	STIM=y
371475	42	RESP=1
375526	42	STIM=q
380991	42	RESP=1
390715	42	STIM=m
400946	42	RESP=1
406329	42	STIM=0
414462	42	RESP=1
424330	42	STIM=y
429315	42	RESP=1
439864	42	STIM=5
449103	42	RESP=2
457617	42	STIM=h
460873	42	RESP=1
474612	42	STIM=e
480139	42	RESP=1
491946	42	STIM=v
498679	42	RESP=1
509344	42	STIM=v
515700	42	RESP=1
524373	42	STIM=z
529503	42	RESP=1
540049	42	STIM=s
545580	42	RESP=1
557046	42	STIM=k
561801	42	RESP=1
574735	42	STIM=7
583173	42	RESP=1
591622	42	STIM=s
595740	42	RESP=1
610521	42	STIM=b
614700	42	RESP=1
627699	42	STIM=w
633543	42	RESP=1
644435	42	STIM=j
648938	42	RESP=1
660781	42	STIM=7
665080	42	RESP=2
675986	42	STIM=y
680048	42	RESP=1
692645	42	STIM=5
699855	42	RESP=2
709780	42	STIM=w
715136	42	RESP=1
726026	42	STIM=8
735223	42	RESP=2
744024	42	STIM=3
753596	42	RESP=2
761031	42	STIM=v
764917	42	RESP=1
778806	42	STIM=d
785646	42	RESP=1
794081	42	STIM=w
797508	42	RESP=1
809797	42	STIM=o
817234	42	RESP=1
825019	42	STIM=d
833686	42	RESP=1
842268	42	STIM=h
845540	42	RESP=1
858712	42	STIM=q
862376	42	RESP=1
877557	42	STIM=a
882092	42	RESP=1
896391	42	STIM=b
901799	42	RESP=1
915059	42	STIM=8
920057	42	RESP=2
933409	42	STIM=r
939728	42	RESP=1
948658	42	STIM=l
956182	42	RESP=1
966948	42	STIM=w
976281	42	RESP=1
983133	42	STIM=t
990385	42	RESP=1
998426	42	STIM=e
1005360	42	RESP=2
1015829	42	STIM=b
1022744	42	RESP=1
1034271	42	STIM=3
1043385	42	RESP=2
1051803	42	STIM=7
1056175	42	RESP=1
1070605	42	STIM=l
1078074	42	RESP=1
1087507	42	STIM=h
1090126	42	RESP=1
1103513	42	STIM=u
1107873	42	RESP=1
1120358	42	STIM=n
1126561	42	RESP=2
1138669	42	STIM=a
1147634	42	RESP=1
1154754	42	STIM=y
1161052	42	RESP=1
1171733	42	STIM=u
1181613	42	RESP=1
1188169	42	STIM=o
1194659	42	RESP=1
1206122	42	STIM=e
1211372	42	RESP=1
1221708	42	STIM=o
1226712	42	RESP=1
1237768	42	STIM=x
1244700	42	RESP=1
1254769	42	STIM=t
1259760	42	RESP=1
1271602	42	STIM=8
1281148	42	RESP=2
1290070	42	STIM=i
1296737	42	RESP=1
1305395	42	STIM=j
1310938	42	RESP=1
1322436	42	STIM=4
1326765	42	RESP=2
1340898	42	STIM=z
1348641	42	RESP=1
1357135	42	STIM=r
1363873	42	RESP=1
1372788	42	STIM=r
1375877	42	RESP=1
1390515	42	STIM=b
1394848	42	RESP=1
1408626	42	STIM=0
1417532	42	RESP=1
1423742	42	STIM=u
1429595	42	RESP=1
1438910	42	STIM=p
1443625	42	RESP=1
1454308	42	STIM=5
1459577	42	RESP=2
1473035	42	STIM=k
1478438	42	RESP=1
1489219	42	STIM=b
1495400	42	RESP=2
1506703	42	STIM=h
1510444	42	RESP=1
1524840	42	STIM=2
1530690	42	RESP=1
1543404	42	STIM=k
1550349	42	RESP=1
1559505	42	STIM=7
1564425	42	RESP=2
1577975	42	STIM=v
1584418	42	RESP=1
1594246	42	STIM=x
1599023	42	RESP=1
1609462	42	STIM=w
1613176	42	RESP=1
1624723	42	STIM=h
1627636	42	RESP=1
1642445	42	STIM=z
1645749	42	RESP=1
1661371	42	STIM=c
1665004	42	RESP=1
1677631	42	STIM=u
1681878	42	RESP=1
1695560	42	STIM=i
1700548	42	RESP=1
1713899	42	STIM=x
1720051	42	RESP=1
1731624	42	STIM=u
1740009	42	RESP=1
1749114	42	STIM=m
1754258	42	RESP=1
1765242	42	STIM=w
1770672	42	RESP=1
1783746	42	STIM=c
1793383	42	RESP=1
1800170	42	STIM=o
1804699	42	RESP=1
1817439	42	STIM=m
1821247	42	RESP=1
1833771	42	STIM=g
1836787	42	RESP=1
1848794	42	STIM=d
1857916	42	RESP=1
1865320	42	STIM=c
1871438	42	RESP=1
1883748	42	STIM=y
1888296	42	RESP=1
1901330	42	STIM=3
1906840	42	RESP=2
1916509	42	STIM=c
1922107	42	RESP=1
1932989	42	STIM=i
1939194	42	RESP=1
1950794	42	STIM=b
1962152	42	RESP=2
1967732	42	STIM=f
1973848	42	RESP=1
1984535	42	STIM=4
1990381	42	RESP=1
1999552	42	STIM=j
2004101	42	RESP=1
2018532	42	STIM=h
2026289	42	RESP=1
2036116	42	STIM=4
2042446	42	RESP=2
2054619	42	STIM=q
2058362	42	RESP=1
2073080	42	STIM=m
2077647	42	RESP=1
2089055	42	STIM=w
2092401	42	RESP=1
2106230	42	STIM=n
2108524	42	RESP=1
2121272	42	STIM=8
2127777	42	RESP=2
2137833	42	STIM=4
2143081	42	RESP=1
2156388	42	STIM=m
2161197	42	RESP=1
2173161	42	STIM=4
2181131	42	RESP=2
2190465	42	STIM=f
2195998	42	RESP=1
2207465	42	STIM=n
2212158	42	RESP=1
2226335	42	STIM=7
2231831	42	RESP=2
2244719	42	STIM=x
2249589	42	RESP=1
2263517	42	STIM=n
2266538	42	RESP=1
2282101	42	STIM=0
2290890	42	RESP=2
2300779	42	STIM=x
2305267	42	RESP=1
2318974	42	STIM=2
2325392	42	RESP=2
2335290	42	STIM=h
2340538	42	RESP=1
2353039	42	STIM=c
2355901	42	RESP=1
2371839	42	STIM=7
2381179	42	RESP=2
2387092	42	STIM=z
2393701	42	RESP=1
2403155	42	STIM=3
2410417	42	RESP=2
2419367	42	STIM=n
2431507	42	RESP=1
2437216	42	STIM=k
2443014	42	RESP=1
2455033	42	STIM=2
2460166	42	RESP=2
2471002	42	STIM=i
2474498	42	RESP=1
2488428	42	STIM=t
2495324	42	RESP=1
2504061	42	STIM=7
2511390	42	RESP=1
2522298	42	STIM=l
2526026	42	RESP=1
2540320	42	STIM=c
2544403	42	RESP=1
2558427	42	STIM=f
2561924	42	RESP=1
2575474	42	STIM=y
2580574	42	RESP=1
2594106	42	STIM=p
2597177	42	RESP=1
2609184	42	STIM=h
2618181	42	RESP=1
2626241	42	STIM=j
2634306	42	RESP=1
2645126	42	STIM=q
2647813	42	RESP=1
2660620	42	STIM=t
2664294	42	RESP=1
2677685	42	STIM=h
2685637	42	RESP=1
2692979	42	STIM=c
2698649	42	RESP=1
2708305	42	STIM=5
2714009	42	RESP=2
2725858	42	STIM=j
2729747	42	RESP=1
2740951	42	STIM=m
2748764	42	RESP=1
2759194	42	STIM=g
2763578	42	RESP=1
2775665	42	STIM=t
2781842	42	RESP=2
2791228	42	STIM=e
2801656	42	RESP=1
2807506	42	STIM=p
2811928	42	RESP=1
2823830	42	STIM=a
2827151	42	RESP=1
2842301	42	STIM=9
2851622	42	RESP=2
2859109	42	STIM=g
2864230	42	RESP=1
2874140	42	STIM=m
2878090	42	RESP=1
2891886	42	STIM=y
2897483	42	RESP=1
2908474	42	STIM=n
2912261	42	RESP=1
2925404	42	STIM=s
2930804	42	RESP=1
2941206	42	STIM=5
2953266	42	RESP=2
2957494	42	STIM=4
2962502	42	RESP=2
2972854	42	STIM=v
2981714	42	RESP=1
2990777	42	STIM=h
2994813	42	RESP=1
3006396	42	STIM=a
3013157	42	RESP=1
3023839	42	STIM=n
3029292	42	RESP=1
3039508	42	STIM=z
3044941	42	RESP=1
3055276	42	STIM=y
3058882	42	RESP=1
3073981	42	STIM=x
3078587	42	RESP=1
3089631	42	STIM=7
3094578	42	RESP=2
3105807	42	STIM=f
3108853	42	RESP=1
3124500	42	STIM=r
3128938	42	RESP=1
3142812	42	STIM=j
3147242	42	RESP=1
3161456	42	STIM=m
3165714	42	RESP=1
3178708	42	STIM=u
3184799	42	RESP=1
3197601	42	STIM=c
3200505	42	RESP=1
3213194	42	STIM=e
3217482	42	RESP=1
3230254	42	STIM=o
3235581	42	RESP=1
3245993	42	STIM=l
3258338	42	RESP=1
3261367	42	STIM=e
3267698	42	RESP=1
3278880	42	STIM=p
3285000	42	RESP=1
3296485	42	STIM=8
3303421	42	RESP=2
3312723	42	STIM=z
3317781	42	RESP=1
3331715	42	STIM=c
3335760	42	RESP=1
3348458	42	STIM=5
3353740	42	RESP=1
3366516	42	STIM=t
3371205	42	RESP=1
3382787	42	STIM=v
3391752	42	RESP=1
3400766	42	STIM=g
3405770	42	RESP=1
3418592	42	STIM=y
3423292	42	RESP=1
3435298	42	STIM=e
3442479	42	RESP=1
3451142	42	STIM=f
3458866	42	RESP=1
3470038	42	STIM=y
3479147	42	RESP=1
3486560	42	STIM=0
3490296	42	RESP=2
3501893	42	STIM=s
3508089	42	RESP=1
3517293	42	STIM=u
3526626	42	RESP=1
3535872	42	STIM=f
3540604	42	RESP=1
3553244	42	STIM=c
3557947	42	RESP=1
3569402	42	STIM=t
3575754	42	RESP=1
3584898	42	STIM=c
3590780	42	RESP=1
3601439	42	STIM=d
3608884	42	RESP=1
3617794	42	STIM=a
3623580	42	RESP=1
3633939	42	STIM=m
3641513	42	RESP=2
3652807	42	STIM=u
3660108	42	RESP=1
3670361	42	STIM=u
3674275	42	RESP=1
3686709	42	STIM=6
3693036	42	RESP=1
3703631	42	STIM=t
3711199	42	RESP=1
3722348	42	STIM=y
3729067	42	RESP=1
3739136	42	STIM=v
3745477	42	RESP=1
3755550	42	STIM=7
3760662	42	RESP=2
3771813	42	STIM=n
3779063	42	RESP=1
3787586	42	STIM=p
3792176	42	RESP=1
3805210	42	STIM=u
3811335	42	RESP=1
3822261	42	STIM=9
3832574	42	RESP=1
3838369	42	STIM=t
3841578	42	RESP=1
3854266	42	STIM=y
3858302	42	RESP=1
3870510	42	STIM=w
3874691	42	RESP=1
3886013	42	STIM=k
3894690	42	RESP=1
3901078	42	STIM=c
3906061	42	RESP=1
3919853	42	STIM=d
3923789	42	RESP=1
3938338	42	STIM=r
3946082	42	RESP=1
3955596	42	STIM=1
3961783	42	RESP=2
3973123	42	STIM=v
3977747	42	RESP=1
3989023	42	STIM=t
3999333	42	RESP=1
4005646	42	STIM=w
4012287	42	RESP=2
4022078	42	STIM=7
4030225	42	RESP=2
4037403	42	STIM=p
4043630	42	RESP=1
4055676	42	STIM=z
4062947	42	RESP=1
4073830	42	STIM=b
4082895	42	RESP=1
4090497	42	STIM=s
4095081	42	RESP=1
4106525	42	STIM=p
4113226	42	RESP=1
4125409	42	STIM=b
4129574	42	RESP=1
4144035	42	STIM=0
4149656	42	RESP=2
4159606	42	STIM=j
4165846	42	RESP=1
4177626	42	STIM=f
4180934	42	RESP=1
4195214	42	STIM=2
4202066	42	RESP=2
4212196	42	STIM=n
4219602	42	RESP=1
4227219	42	STIM=n
4231938	42	RESP=1
4243578	42	STIM=z
4247828	42	RESP=1
4262015	42	STIM=d
4270769	42	RESP=1
4280622	42	STIM=7
4290300	42	RESP=2
4297003	42	STIM=z
4300920	42	RESP=1
4312269	42	STIM=s
4316144	42	RESP=1
4328102	42	STIM=g
4330810	42	RESP=1
4343924	42	STIM=u
4350812	42	RESP=1
4360278	42	STIM=e
4363257	42	RESP=1
4376183	42	STIM=5
4385054	42	RESP=1
4393396	42	STIM=a
4400143	42	RESP=1
4408573	42	STIM=z
4411943	42	RESP=1
4423988	42	STIM=4
4429024	42	RESP=1
4439721	42	STIM=e
4445388	42	RESP=1
4457011	42	STIM=w
4462472	42	RESP=1
4474266	42	STIM=y
4483334	42	RESP=1
4491394	42	STIM=j
4495566	42	RESP=1
4507086	42	STIM=4
4511256	42	RESP=2
4522355	42	STIM=w
4531656	42	RESP=1
4539005	42	STIM=7
4545964	42	RESP=2
4554138	42	STIM=d
4565629	42	RESP=1
4569294	42	STIM=4
4579904	42	RESP=1
4584787	42	STIM=r
4592494	42	RESP=1
4603299	42	STIM=u
4609159	42	RESP=1
4620536	42	STIM=l
4623411	42	RESP=1
4639464	42	STIM=r
4648016	42	RESP=1
4657495	42	STIM=a
4663270	42	RESP=1
4672715	42	STIM=8
4680900	42	RESP=1
4690192	42	STIM=h
4695513	42	RESP=1
4705700	42	STIM=p
4714782	42	RESP=1
4724472	42	STIM=t
4730793	42	RESP=1
4741136	42	STIM=s
4746489	42	RESP=1
4759691	42	STIM=x
4763327	42	RESP=1
4775371	42	STIM=y
4778819	42	RESP=1
4793089	42	STIM=t
4800488	42	RESP=1
4810266	42	STIM=2
4817422	42	RESP=2
4826583	42	STIM=0
4833527	42	RESP=2
4843092	42	STIM=8
4856667	42	RESP=2
4859340	42	STIM=h
4870127	42	RESP=1
4875416	42	STIM=s
4883003	42	RESP=1
4890534	42	STIM=8
4896646	42	RESP=1
4906863	42	STIM=0
4913436	42	RESP=2
4923756	42	STIM=c
4927120	42	RESP=1
4939790	42	STIM=n
4945147	42	RESP=2
4955867	42	STIM=k
4960293	42	RESP=1
4971364	42	STIM=z
4977646	42	RESP=1
4987096	42	STIM=s
4992871	42	RESP=1
5003220	42	STIM=z
5009579	42	RESP=1
5018234	42	STIM=k
5022667	42	RESP=1
5033433	42	STIM=q
5037135	42	RESP=1
5050632	42	STIM=s
5056807	42	RESP=1
5067324	42	STIM=f
5072611	42	RESP=1
5084889	42	STIM=w
5093329	42	RESP=1
5101043	42	STIM=4
5106231	42	RESP=2
5119635	42	STIM=g
5125414	42	RESP=1
5138250	42	STIM=5
5141944	42	RESP=2
5155280	42	STIM=c
5158938	42	RESP=1
5172409	42	STIM=k
5181991	42	RESP=1
5190914	42	STIM=a
5197513	42	RESP=1
5209561	42	STIM=5
5215960	42	RESP=2
5225721	42	STIM=6
5233782	42	RESP=2
5240750	42	STIM=j
5244014	42	RESP=1
5258901	42	STIM=g
5264387	42	RESP=1
5274089	42	STIM=c
5277101	42	RESP=1
5291285	42	STIM=t
5294331	42	RESP=1
5308102	42	STIM=a
5310724	42	RESP=1
5326368	42	STIM=0
5338096	42	RESP=2
5344168	42	STIM=0
5350961	42	RESP=2
5362702	42	STIM=j
5367380	42	RESP=1
5381566	42	STIM=3
5387586	42	RESP=2
5398156	42	STIM=w
5404708	42	RESP=1
5415031	42	STIM=c
5419133	42	RESP=1
5432144	42	STIM=7
5439592	42	RESP=2
5449728	42	STIM=y
5454331	42	RESP=1
5465900	42	STIM=o
5471411	42	RESP=1
5482022	42	STIM=c
5487612	42	RESP=1
5498241	42	STIM=j
5503452	42	RESP=1
5513424	42	STIM=t
5517682	42	RESP=1
5528991	42	STIM=u
5532678	42	RESP=1
5547639	42	STIM=m
5553814	42	RESP=1
5563750	42	STIM=w
5569608	42	RESP=1
5579898	42	STIM=d
5583960	42	RESP=1
5596475	42	STIM=y
5599685	42	RESP=1
5615459	42	STIM=w
5620695	42	RESP=1
5631876	42	STIM=y
5639194	42	RESP=1
5649459	42	STIM=p
5658123	42	RESP=1
5665841	42	STIM=s
5671314	42	RESP=1
5683124	42	STIM=p
5691462	42	RESP=1
5701850	42	STIM=s
5705738	42	RESP=1
5719638	42	STIM=l
5723198	42	RESP=1
5738013	42	STIM=c
5744624	42	RESP=1
5754341	42	STIM=o
5766304	42	RESP=1
5771428	42	STIM=z
5779413	42	RESP=1
5790035	42	STIM=d
5794104	42	RESP=1
5808755	42	STIM=x
5812454	42	RESP=2
5823986	42	STIM=7
5829458	42	RESP=2
5841939	42	STIM=f
5846484	42	RESP=1
5860838	42	STIM=i
5868446	42	RESP=1
5879516	42	STIM=b
5883572	42	RESP=1
5896161	42	STIM=t
5900594	42	RESP=1
5912709	42	STIM=s
5917715	42	RESP=1
5928467	42	STIM=u
5935180	42	RESP=1
5946415	42	STIM=7
5953326	42	RESP=2
5964224	42	STIM=t
5969939	42	RESP=1
5979445	42	STIM=g
5985172	42	RESP=1
5994975	42	STIM=s
5998527	42	RESP=1
6011589	42	STIM=e
6014851	42	RESP=1
6030363	42	STIM=8
6039351	42	RESP=2
6046425	42	STIM=2
6053615	42	RESP=2
6061816	42	STIM=a
6068192	42	RESP=1
6079382	42	STIM=u
6082124	42	RESP=1
6096689	42	STIM=m
6101586	42	RESP=1
6114868	42	STIM=x
6122639	42	RESP=1
6130373	42	STIM=l
6136787	42	RESP=1
6147911	42	STIM=o
6153713	42	RESP=1
6164721	42	STIM=a
6170383	42	RESP=1
6182272	42	STIM=o
6187938	42	RESP=1
6197637	42	STIM=4
6202668	42	RESP=2
6214697	42	STIM=8
6219730	42	RESP=1
6231682	42	STIM=9
6235350	42	RESP=2
6249425	42	STIM=o
6255729	42	RESP=1
6268032	42	STIM=l
6275940	42	RESP=1
6284795	42	STIM=m
6290200	42	RESP=1
6301689	42	STIM=d
6305680	42	RESP=1
6317012	42	STIM=g
6321764	42	RESP=1
6334165	42	STIM=b
6336891	42	RESP=1
6351339	42	STIM=1
6358866	42	RESP=1
6369562	42	STIM=1
6375589	42	RESP=2
6387499	42	STIM=6
6397103	42	RESP=2
6403907	42	STIM=q
6410496	42	RESP=1
6421952	42	STIM=r
6425170	42	RESP=1
6440474	42	STIM=l
6446470	42	RESP=1
6456122	42	STIM=4
6462463	42	RESP=2
6474207	42	STIM=k
6480503	42	RESP=1
6491687	42	STIM=0
6496962	42	RESP=2
6509581	42	STIM=3
6517329	42	RESP=2
6527719	42	STIM=i
6532682	42	RESP=1
6546327	42	STIM=3
6554261	42	RESP=2
6561928	42	STIM=5
6570504	42	RESP=2
6578755	42	STIM=8
6590565	42	RESP=2
6595525	42	STIM=a
6600811	42	RESP=1
6613590	42	STIM=t
6617502	42	RESP=1
6632076	42	STIM=c
6637354	42	RESP=1
6648050	42	STIM=m
6652925	42	RESP=1
6666694	42	STIM=h
6671361	42	RESP=1
6683097	42	STIM=u
6687071	42	RESP=1
6701756	42	STIM=y
6706383	42	RESP=1
6719111	42	STIM=s
6723502	42	RESP=1
6736560	42	STIM=x
6742061	42	RESP=1
6755301	42	STIM=q
6762268	42	RESP=1
6774013	42	STIM=s
6780107	42	RESP=1
6790940	42	STIM=z
6795364	42	RESP=1
6809815	42	STIM=h
6815039	42	RESP=1
6827845	42	STIM=j
6835366	42	RESP=1
6844095	42	STIM=c
6849141	42	RESP=1
6861859	42	STIM=q
6865737	42	RESP=1
6878707	42	STIM=b
6884722	42	RESP=1
6896584	42	STIM=u
6903154	42	RESP=1
6913544	42	STIM=j
6916877	42	RESP=1
6929660	42	STIM=a
6933718	42	RESP=1
6946994	42	STIM=k
6955677	42	RESP=1
6963917	42	STIM=j
6973701	42	RESP=1
6982423	42	STIM=f
6988209	42	RESP=1
7000537	42	STIM=d
7004759	42	RESP=1
7018927	42	STIM=s
7022004	42	RESP=1
7034677	42	STIM=5
7044494	42	RESP=1
7050612	42	STIM=r
7056101	42	RESP=2
7069406	42	STIM=q
7074228	42	RESP=1
7085534	42	STIM=0
7090202	42	RESP=2
7100764	42	STIM=2
7104283	42	RESP=2
7118160	42	STIM=s
7124599	42	RESP=1
7135676	42	STIM=6
7140987	42	RESP=2
7154388	42	STIM=5
7159466	42	RESP=2
7170300	42	STIM=s
7176193	42	RESP=1
7189009	42	STIM=6
7195286	42	RESP=1
7206674	42	STIM=l
7209663	42	RESP=1
7224637	42	STIM=c
7227479	42	RESP=1
7240254	42	STIM=c
7244680	42	RESP=1
7257707	42	STIM=j
7265908	42	RESP=1
7276445	42	STIM=y
7282464	42	RESP=1
7292386	42	STIM=w
7296888	42	RESP=1
7308605	42	STIM=x
7315305	42	RESP=1
7326939	42	STIM=p
7332023	42	RESP=1
7344249	42	STIM=u
7351515	42	RESP=1
7360327	42	STIM=6
7364422	42	RESP=1
7377830	42	STIM=x
7385736	42	RESP=1
7396074	42	STIM=3
7401405	42	RESP=2
7411459	42	STIM=o
7417879	42	RESP=1
7427696	42	STIM=s
7434578	42	RESP=1
7444025	42	STIM=4
7449513	42	RESP=2
7461287	42	STIM=d
7466559	42	RESP=1
7478035	42	STIM=n
7482475	42	RESP=1
7493263	42	STIM=b
7499134	42	RESP=1
7509155	42	STIM=b
7513593	42	RESP=1
7527229	42	STIM=5
7536389	42	RESP=2
7545655	42	STIM=s
7550232	42	RESP=1
7562702	42	STIM=c
7567992	42	RESP=1
7580906	42	STIM=3
7585614	42	RESP=2
7597942	42	STIM=e
7603503	42	RESP=1
7613639	42	STIM=c
7621638	42	RESP=1
7632022	42	STIM=z
7645619	42	RESP=1
7650393	42	STIM=o
7655887	42	RESP=1
7667783	42	STIM=f
7672387	42	RESP=1
7686694	42	STIM=c
7691637	42	RESP=1
7704021	42	STIM=a
7709996	42	RESP=1
7720383	42	STIM=6
7731526	42	RESP=2
7737756	42	STIM=h
7744904	42	RESP=1
7754872	42	STIM=a
7758442	42	RESP=1
7772411	42	STIM=r
7775410	42	RESP=1
7789510	42	STIM=9
7796130	42	RESP=2
7805936	42	STIM=d
7809554	42	RESP=1
7820971	42	STIM=0
7826577	42	RESP=2
7839436	42	STIM=v
7849831	42	RESP=1
7855692	42	STIM=3
7862799	42	RESP=1
7873971	42	STIM=7
7879922	42	RESP=2
7890611	42	STIM=e
7894122	42	RESP=1
7908430	42	STIM=j
7914270	42	RESP=1
7924033	42	STIM=w
7928193	42	RESP=1
7941456	42	STIM=l
7947845	42	RESP=1
7957508	42	STIM=n
7968644	42	RESP=1
7975529	42	STIM=q
7980671	42	RESP=1
7992719	42	STIM=w
7997334	42	RESP=1
8008309	42	STIM=l
8014240	42	RESP=1
8025387	42	STIM=s
8029560	42	RESP=1
8042225	42	STIM=r
8046797	42	RESP=1
8060571	42	STIM=g
8065840	42	RESP=1
8076487	42	STIM=i
8080348	42	RESP=1
8095044	42	STIM=8
8101194	42	RESP=2
8113160	42	STIM=v
8117374	42	RESP=1
8129045	42	STIM=m
8137902	42	RESP=1
8144592	42	STIM=d
8148708	42	RESP=1
8161535	42	STIM=y
8171331	42	RESP=1
8176621	42	STIM=w
8186906	42	RESP=1
8193569	42	STIM=p
8204225	42	RESP=2
8212074	42	STIM=j
8219261	42	RESP=1
8228143	42	STIM=l
8231732	42	RESP=1
8247027	42	STIM=p
8258732	42	RESP=1
8263843	42	STIM=x
8272336	42	RESP=1
8281228	42	STIM=k
8285373	42	RESP=2
8299761	42	STIM=j
8303706	42	RESP=1
8316824	42	STIM=o
8322873	42	RESP=1
8334705	42	STIM=u
8338467	42	RESP=1
8351026	42	STIM=8
8356614	42	RESP=1
8368421	42	STIM=q
8374656	42	RESP=1
8386615	42	STIM=u
8396934	42	RESP=1
8403966	42	STIM=3
8412926	42	RESP=2
8422491	42	STIM=t
8428487	42	RESP=1
8441433	42	STIM=l
8450095	42	RESP=1
8459095	42	STIM=i
8462765	42	RESP=1
8477665	42	STIM=q
8488319	42	RESP=1
8496107	42	STIM=w
8503032	42	RESP=1
8512261	42	STIM=2
8518234	42	RESP=1
8530699	42	STIM=l
8533662	42	RESP=1
8545954	42	STIM=k
8549664	42	RESP=1
8562857	42	STIM=7
8567393	42	RESP=1
8578578	42	STIM=6
8583292	42	RESP=2
8595288	42	STIM=c
8604511	42	RESP=1
8612506	42	STIM=p
8617864	42	RESP=1
8628975	42	STIM=1
8635949	42	RESP=1
8647040	42	STIM=u
8654416	42	RESP=1
8662817	42	STIM=g
8668542	42	RESP=1
8680279	42	STIM=k
8684961	42	RESP=1
8697446	42	STIM=d
8700278	42	RESP=1
8712540	42	STIM=k
8716724	42	RESP=1
8729438	42	STIM=d
8737708	42	RESP=1
8746662	42	STIM=2
8751857	42	RESP=2
8765277	42	STIM=f
8771552	42	RESP=1
8783350	42	STIM=e
8788602	42	RESP=1
8798639	42	STIM=0
8805227	42	RESP=2
8815111	42	STIM=2
8822659	42	RESP=2
8830809	42	STIM=e
8836475	42	RESP=1
8847459	42	STIM=m
8853053	42	RESP=1
8865401	42	STIM=v
8868765	42	RESP=1
8882122	42	STIM=d
8888780	42	RESP=1
8901111	42	STIM=o
8908884	42	RESP=1
8916298	42	STIM=t
8922535	42	RESP=1
8935013	42	STIM=8
8941375	42	RESP=2
8952610	42	STIM=t
8958308	42	RESP=2
8971439	42	STIM=x
8980026	42	RESP=1
8988092	42	STIM=c
8995538	42	RESP=1
9003147	42	STIM=t
9011924	42	RESP=1
9019352	42	STIM=1
9027167	42	RESP=1
9035116	42	STIM=t
9041804	42	RESP=1
9052956	42	STIM=p
9056468	42	RESP=1
9070532	42	STIM=r
9074474	42	RESP=1
9087723	42	STIM=8
9095380	42	RESP=1
9105435	42	STIM=j
9110351	42	RESP=1
9123743	42	STIM=r
9128410	42	RESP=1
9142343	42	STIM=y
9148904	42	RESP=1
9161034	42	STIM=x
9166232	42	RESP=1
9179864	42	STIM=i
9186144	42	RESP=1
9198656	42	STIM=2
9203686	42	RESP=2
9215793	42	STIM=d
9224849	42	RESP=2
9232100	42	STIM=f
9237101	42	RESP=1
9248872	42	STIM=1
9256423	42	RESP=2
9266335	42	STIM=q
9271267	42	RESP=1
9281809	42	STIM=b
9287792	42	RESP=1
9299126	42	STIM=y
9306278	42	RESP=2
9314667	42	STIM=r
9319699	42	RESP=2
9331654	42	STIM=n
9336172	42	RESP=1
9349307	42	STIM=m
9356479	42	RESP=1
9367460	42	STIM=b
9372196	42	RESP=1
9386006	42	STIM=j
9391160	42	RESP=1
9404061	42	STIM=1
9408840	42	RESP=2
9421737	42	STIM=e
9428399	42	RESP=1
9436830	42	STIM=y
9441910	42	RESP=1
9452312	42	STIM=6
9458039	42	RESP=2
9469775	42	STIM=v
9473564	42	RESP=1
9487279	42	STIM=o
9494131	42	RESP=1
9503830	42	STIM=m
9507769	42	RESP=1
9519004	42	STIM=a
9523749	42	RESP=1
9536525	42	STIM=s
9541930	42	RESP=1
9552039	42	STIM=c
9556148	42	RESP=1
9567725	42	STIM=1
9573776	42	RESP=2
9582962	42	STIM=g
9588103	42	RESP=1
9600807	42	STIM=8
9605081	42	RESP=2
9616429	42	STIM=f
9621042	42	RESP=1
9632909	42	STIM=j
9637304	42	RESP=1
9649156	42	STIM=p
9655340	42	RESP=1
9665818	42	STIM=p
9670041	42	RESP=1
9680975	42	STIM=x
9689015	42	RESP=1
9699823	42	STIM=a
9704152	42	RESP=1
9715004	42	STIM=a
9723357	42	RESP=1
9732401	42	STIM=l
9739809	42	RESP=1
9750845	42	STIM=p
9756126	42	RESP=1
9768632	42	STIM=e
9772703	42	RESP=1
9784400	42	STIM=p
9789876	42	RESP=1
9802424	42	STIM=k
9811741	42	RESP=1
9817573	42	STIM=r
9821317	42	RESP=1
9835419	42	STIM=j
9838618	42	RESP=1
9854013	42	STIM=0
9859638	42	RESP=2
9872845	42	STIM=r
9879178	42	RESP=1
9888983	42	STIM=i
9893085	42	RESP=1
9905919	42	STIM=o
9911286	42	RESP=1
9923645	42	STIM=x
9937576	42	RESP=1
9941047	42	STIM=b
9946602	42	RESP=1
9956718	42	STIM=k
9965652	42	RESP=2
9972069	42	STIM=d
9975478	42	RESP=1
9989265	42	STIM=8
9995026	42	RESP=2
10007886	42	STIM=w
10012912	42	RESP=1
10025117	42	STIM=z
10028096	42	RESP=1
10043725	42	STIM=h
10049372	42	RESP=1
10059385	42	STIM=k
10068125	42	RESP=1
10076520	42	STIM=v
10083171	42	RESP=1
10095092	42	STIM=y
10101328	42	RESP=1
10110177	42	STIM=g
10114745	42	RESP=1
10128879	42	STIM=e
10138671	42	RESP=1
10147127	42	STIM=m
10152121	42	RESP=1
10162955	42	STIM=p
10169406	42	RESP=1
10180850	42	STIM=n
10186072	42	RESP=1
10196617	42	STIM=w
10204163	42	RESP=1
10213452	42	STIM=f
10220416	42	RESP=2
10230180	42	STIM=c
10237275	42	RESP=1
10247270	42	STIM=b
10257550	42	RESP=2
10265593	42	STIM=5
10269571	42	RESP=2
10283204	42	STIM=q
10286921	42	RESP=1
10301035	42	STIM=v
10305527	42	RESP=1
10319319	42	STIM=p
10323070	42	RESP=1
10336389	42	STIM=d
10339481	42	RESP=1
10352156	42	STIM=4
10358316	42	RESP=2
10370154	42	STIM=m
10376870	42	RESP=1
10387047	42	STIM=c
10394634	42	RESP=2
10404597	42	STIM=q
10409448	42	RESP=1
10420428	42	STIM=j
10423116	42	RESP=1
10439381	42	STIM=x
10444408	42	RESP=1
10456370	42	STIM=i
10462155	42	RESP=1
10472469	42	STIM=b
10478668	42	RESP=1
10488701	42	STIM=e
10493955	42	RESP=1
10506987	42	STIM=3
10514575	42	RESP=1
10522557	42	STIM=1
10527399	42	RESP=2
10539980	42	STIM=g
10543383	42	RESP=1
10555515	42	STIM=l
10562472	42	RESP=1
10570536	42	STIM=f
10573888	42	RESP=1
10586099	42	STIM=d
10589929	42	RESP=1
10604401	42	STIM=u
10608425	42	RESP=1
10623160	42	STIM=v
10628850	42	RESP=1
10641768	42	STIM=f
10644562	42	RESP=1
10658634	42	STIM=4
10665841	42	RESP=2
10675345	42	STIM=w
10679766	42	RESP=1
10692989	42	STIM=p
10699075	42	RESP=1
10709010	42	STIM=v
10713429	42	RESP=1
10726355	42	STIM=u
10733259	42	RESP=1
10742582	42	STIM=j
10754141	42	RESP=1
10761379	42	STIM=s
10766614	42	RESP=1
10776867	42	STIM=x
10782574	42	RESP=1
10794355	42	STIM=f
10797166	42	RESP=1
10809505	42	STIM=p
10813400	42	RESP=1
10824727	42	STIM=u
10830279	42	RESP=1
10842235	42	STIM=n
10848462	42	RESP=1
10859746	42	STIM=k
10866002	42	RESP=1
10878158	42	STIM=a
10881389	42	RESP=1
10894922	42	STIM=1
10902735	42	RESP=2
10912344	42	STIM=s
10920136	42	RESP=1
10931050	42	STIM=p
10940099	42	RESP=2
10948785	42	STIM=q
10952608	42	RESP=1
10966122	42	STIM=b
10971266	42	RESP=1
10982832	42	STIM=i
10987382	42	RESP=1
11000238	42	STIM=4
11005407	42	RESP=2
11016038	42	STIM=2
11022565	42	RESP=1
11034089	42	STIM=j
11037806	42	RESP=1
11052791	42	STIM=u
11056235	42	RESP=1
11069479	42	STIM=x
11079467	42	RESP=1
11086648	42	STIM=n
11090485	42	RESP=1
11105167	42	STIM=u
11110705	42	RESP=1
11121885	42	STIM=y
11124834	42	RESP=1
11137348	42	STIM=3
11143291	42	RESP=2
11152501	42	STIM=f
11157454	42	RESP=1
11169432	42	STIM=r
11176179	42	RESP=1
11188341	42	STIM=x
11192843	42	RESP=1
11206785	42	STIM=p
11211260	42	RESP=1
11225531	42	STIM=u
11230635	42	RESP=1
11241843	42	STIM=2
11247270	42	RESP=2
11257999	42	STIM=v
11261107	42	RESP=1
11276781	42	STIM=t
11281073	42	RESP=1
11293914	42	STIM=u
11296931	42	RESP=1
11310821	42	STIM=b
11317043	42	RESP=1
11326889	42	STIM=y
11330817	42	RESP=1
11345040	42	STIM=6
11350779	42	RESP=2
11361711	42	STIM=2
11370041	42	RESP=2
11377392	42	STIM=r
11384639	42	RESP=1
11394235	42	STIM=p
11401428	42	RESP=1
11412837	42	STIM=m
11418954	42	RESP=1
11431674	42	STIM=y
11438589	42	RESP=1
11447583	42	STIM=u
11451564	42	RESP=1
11463522	42	STIM=f
11471737	42	RESP=1
11479417	42	STIM=4
11486423	42	RESP=2
11496718	42	STIM=c
11507518	42	RESP=1
11515024	42	STIM=2
11521433	42	RESP=2
11534019	42	STIM=i
11539445	42	RESP=1
11552116	42	STIM=1
11560180	42	RESP=2
11570038	42	STIM=6
11576132	42	RESP=2
11585633	42	STIM=m
11598127	42	RESP=2
11602358	42	STIM=i
11609398	42	RESP=2
11618002	42	STIM=p
11621421	42	RESP=1
11633453	42	STIM=2
11639915	42	RESP=2
11649497	42	STIM=v
11652907	42	RESP=1
11664922	42	STIM=0
11673125	42	RESP=2
11682910	42	STIM=2
11689643	42	RESP=1
11698355	42	STIM=s
11707411	42	RESP=1
11716996	42	STIM=j
11720847	42	RESP=1
11735993	42	STIM=y
11740731	42	RESP=1
11754073	42	STIM=c
11757870	42	RESP=1
11769293	42	STIM=8
11774717	42	RESP=2
11787678	42	STIM=k
11794688	42	RESP=1
11805180	42	STIM=f
11810336	42	RESP=1
11821625	42	STIM=v
11826537	42	RESP=1
11838523	42	STIM=j
11846807	42	RESP=1
11856657	42	STIM=s
11860093	42	RESP=1
11873717	42	STIM=c
11880350	42	RESP=1
11891878	42	STIM=w
11898234	42	RESP=1
11908884	42	STIM=j
11912714	42	RESP=1
11926106	42	STIM=o
11932081	42	RESP=1
11943866	42	STIM=k
11955379	42	RESP=1
11959889	42	STIM=c
11968981	42	RESP=1
11977551	42	STIM=y
11983959	42	RESP=1
11995297	42	STIM=o
11998933	42	RESP=1
12013340	42	STIM=i
12016792	42	RESP=1
12029043	42	STIM=i
12035612	42	RESP=1
12047248	42	STIM=e
12051209	42	RESP=1
12065463	42	STIM=f
12069155	42	RESP=1
12083604	42	STIM=k
12086555	42	RESP=1
12100638	42	STIM=e
12107975	42	RESP=1
12115971	42	STIM=u
12121054	42	RESP=1
12132964	42	STIM=4
12138247	42	RESP=2
12150267	42	STIM=a
12153979	42	RESP=1
12167758	42	STIM=p
12172059	42	RESP=1
12183162	42	STIM=g
12187401	42	RESP=1
12199345	42	STIM=j
12203876	42	RESP=1
12214382	42	STIM=o
12219618	42	RESP=1
12229830	42	STIM=1
12236817	42	RESP=2
12246365	42	STIM=p
12254325	42	RESP=1
12264710	42	STIM=u
12269142	42	RESP=1
12279902	42	STIM=4
12289219	42	RESP=1
12295721	42	STIM=x
12300223	42	RESP=1
12312035	42	STIM=5
12321734	42	RESP=2
12328256	42	STIM=k
12334507	42	RESP=1
12343277	42	STIM=e
12347332	42	RESP=1
12360589	42	STIM=e
12366264	42	RESP=1
12378310	42	STIM=3
12388390	42	RESP=2
12395944	42	STIM=q
12399804	42	RESP=1
12410975	42	STIM=v
12424971	42	RESP=2
12426219	42	STIM=k
12432437	42	RESP=1
12442081	42	STIM=o
12446648	42	RESP=1
12458861	42	STIM=f
12464005	42	RESP=1
12477043	42	STIM=p
12482449	42	RESP=1
12493995	42	STIM=d
12499477	42	RESP=1
12512555	42	STIM=v
12516533	42	RESP=1
12529866	42	STIM=h
12534497	42	RESP=1
12548038	42	STIM=i
12555033	42	RESP=1
12565744	42	STIM=p
12572309	42	RESP=2
12581568	42	STIM=a
12587282	42	RESP=1
12600450	42	STIM=a
12604972	42	RESP=1
12616084	42	STIM=m
12626052	42	RESP=1
12632815	42	STIM=l
12641718	42	RESP=2
12651271	42	STIM=m
12655337	42	RESP=1
12668410	42	STIM=i
12675669	42	RESP=1
12685068	42	STIM=m
12689676	42	RESP=2
12700955	42	STIM=p
12706814	42	RESP=1
12717706	42	STIM=x
12725379	42	RESP=1
12733537	42	STIM=r
12741001	42	RESP=1
12750407	42	STIM=k
12755358	42	RESP=1
12766877	42	STIM=p
12772261	42	RESP=1
12784241	42	STIM=i
12791189	42	RESP=1
12801279	42	STIM=o
12805796	42	RESP=1
12820126	42	STIM=x
12825068	42	RESP=1
12837676	42	STIM=i
12841295	42	RESP=1
12855025	42	STIM=z
12861238	42	RESP=1
12872923	42	STIM=d
12878098	42	RESP=2
12891663	42	STIM=h
12900506	42	RESP=1
12908195	42	STIM=e
12912391	42	RESP=1
12925494	42	STIM=u
12934372	42	RESP=1
12943363	42	STIM=i
12947202	42	RESP=1
12959344	42	STIM=y
12963822	42	RESP=1
12977138	42	STIM=8
12983210	42	RESP=2
12993384	42	STIM=y
12997592	42	RESP=1
13011434	42	STIM=5
13015510	42	RESP=2
13029609	42	STIM=w
13041926	42	RESP=1
13047125	42	STIM=2
13052426	42	RESP=2
13064283	42	STIM=o
13067886	42	RESP=1
13081340	42	STIM=p
13089629	42	RESP=1
13096792	42	STIM=k
13099903	42	RESP=1
13113008	42	STIM=u
13118342	42	RESP=1
13131450	42	STIM=6
13136361	42	RESP=1
13150223	42	STIM=v
13159801	42	RESP=1
13168127	42	STIM=r
13171551	42	RESP=1
13185199	42	STIM=g
13189694	42	RESP=1
13201894	42	STIM=k
13206733	42	RESP=2
13220164	42	STIM=j
13225392	42	RESP=1
13236940	42	STIM=p
13242064	42	RESP=1
13252536	42	STIM=h
13258477	42	RESP=1
13269247	42	STIM=l
13272160	42	RESP=1
13287268	42	STIM=u
13295050	42	RESP=1
13302541	42	STIM=u
13307164	42	RESP=1
13321350	42	STIM=j
13329147	42	RESP=1
13337740	42	STIM=v
13343820	42	RESP=1
13355924	42	STIM=f
13360338	42	RESP=1
13371038	42	STIM=n
13379645	42	RESP=1
13387459	42	STIM=8
13392128	42	RESP=2
13403993	42	STIM=q
13414141	42	RESP=1
13419586	42	STIM=o
13426103	42	RESP=1
13435853	42	STIM=z
13441427	42	RESP=1
13452340	42	STIM=f
13457380	42	RESP=1
13468882	42	STIM=a
13475632	42	RESP=1
13485192	42	STIM=7
13490721	42	RESP=2
13504060	42	STIM=k
13508554	42	RESP=1
13519184	42	STIM=g
13527095	42	RESP=1
13536101	42	STIM=x
13539700	42	RESP=1
13551223	42	STIM=a
13556095	42	RESP=1
13567232	42	STIM=t
13573222	42	RESP=1
13584996	42	STIM=m
13590089	42	RESP=1
13600451	42	STIM=2
13606808	42	RESP=1
13618653	42	STIM=g
13625087	42	RESP=1
13634653	42	STIM=h
13641351	42	RESP=1
13652898	42	STIM=y
13658198	42	RESP=1
13669129	42	STIM=x
13673115	42	RESP=1
13687452	42	STIM=5
13692433	42	RESP=2
13704128	42	STIM=0
13710071	42	RESP=2
13722447	42	STIM=u
13727494	42	RESP=1
13738774	42	STIM=i
13744331	42	RESP=1
13754200	42	STIM=x
13757973	42	RESP=1
13772567	42	STIM=b
13777597	42	RESP=2
13787722	42	STIM=8
13794711	42	RESP=1
13805890	42	STIM=y
13812158	42	RESP=1
13821833	42	STIM=q
13825822	42	RESP=1
13839958	42	STIM=4
13846432	42	RESP=1
13856518	42	STIM=k
13863053	42	RESP=1
13871947	42	STIM=p
13876884	42	RESP=1
13890806	42	STIM=n
13896599	42	RESP=1
13908547	42	STIM=b
13913476	42	RESP=1
13926997	42	STIM=k
13931966	42	RESP=1
13944968	42	STIM=a
13951811	42	RESP=1
13962922	42	STIM=y
13966484	42	RESP=1
13981484	42	STIM=g
13985693	42	RESP=1
13997751	42	STIM=a
14003546	42	RESP=1
14013276	42	STIM=k
14025188	42	RESP=1
14028600	42	STIM=1
14032352	42	RESP=2
14047222	42	STIM=u
14057079	42	RESP=1
14065666	42	STIM=p
14074527	42	RESP=1
14083442	42	STIM=d
14088482	42	RESP=1
14102194	42	STIM=h
14108281	42	RESP=1
14121185	42	STIM=2
14126695	42	RESP=2
14139262	42	STIM=z
14144389	42	RESP=1
14156745	42	STIM=o
14161051	42	RESP=1
14172609	42	STIM=0
14178576	42	RESP=2
14188505	42	STIM=c
14193540	42	RESP=1
14207097	42	STIM=y
14214414	42	RESP=1
14223762	42	STIM=l
14227074	42	RESP=1
14241965	42	STIM=m
14245702	42	RESP=1
14259481	42	STIM=s
14264029	42	RESP=1
14275181	42	STIM=5
14280838	42	RESP=2
14291423	42	STIM=k
14298277	42	RESP=1
14307183	42	STIM=g
14311327	42	RESP=1
14322358	42	STIM=l
14328550	42	RESP=1
14339185	42	STIM=x
14344379	42	RESP=1
14356479	42	STIM=o
14363740	42	RESP=1
14372785	42	STIM=h
14382765	42	RESP=1
14389963	42	STIM=o
14396724	42	RESP=1
14408134	42	STIM=x
14412836	42	RESP=1
14425507	42	STIM=4
14430399	42	RESP=2
14440688	42	STIM=j
14445231	42	RESP=1
14456803	42	STIM=n
14464036	42	RESP=1
14472809	42	STIM=p
14480655	42	RESP=1
14490437	42	STIM=3
14497214	42	RESP=2
14509120	42	STIM=5
14512695	42	RESP=2
14526821	42	STIM=l
14530500	42	RESP=1
14543581	42	STIM=4
14548072	42	RESP=2
14559934	42	STIM=z
14566644	42	RESP=1
14575124	42	STIM=p
14581094	42	RESP=1
14591019	42	STIM=4
14599065	42	RESP=1
14609320	42	STIM=q
14614515	42	RESP=1
14624403	42	STIM=m
14629303	42	RESP=1
14641333	42	STIM=k
14644503	42	RESP=1
14658304	42	STIM=d
14665060	42	RESP=1
14676295	42	STIM=o
14683113	42	RESP=1
14694803	42	STIM=e
14703579	42	RESP=1
14710955	42	STIM=n
14714399	42	RESP=1
14727390	42	STIM=2
14733349	42	RESP=2
14743006	42	STIM=t
14746288	42	RESP=1
14761239	42	STIM=4
14765326	42	RESP=2
14780038	42	STIM=p
14783427	42	RESP=1
14795946	42	STIM=k
14802081	42	RESP=1
14814299	42	STIM=0
14822704	42	RESP=2
14830015	42	STIM=z
14836911	42	RESP=1
14847911	42	STIM=f
14853150	42	RESP=1
14865234	42	STIM=i
14871648	42	RESP=1
14882870	42	STIM=k
14887983	42	RESP=1
14898243	42	STIM=2
14905658	42	RESP=2
14915051	42	STIM=o
14921560	42	RESP=1
14931912	42	STIM=c
14935145	42	RESP=2
14947998	42	STIM=s
14952599	42	RESP=1
14963366	42	STIM=y
14970893	42	RESP=1
14981706	42	STIM=j
14995499	42	RESP=2
14998814	42	STIM=h
15002408	42	RESP=1
15016251	42	STIM=m
15022366	42	RESP=1
15033121	42	STIM=7
15037773	42	RESP=1
15049242	42	STIM=z
15056437	42	RESP=1
15068205	42	STIM=0
15073797	42	RESP=2
15086659	42	STIM=a
15096274	42	RESP=1
15102245	42	STIM=f
15106290	42	RESP=1
15118648	42	STIM=l
15122855	42	RESP=1
15137288	42	STIM=a
15145188	42	RESP=1
15152676	42	STIM=1
15162163	42	RESP=2
15170890	42	STIM=0
15178524	42	RESP=1
15186558	42	STIM=l
15190804	42	RESP=1
15203887	42	STIM=j
15209905	42	RESP=1
15220482	42	STIM=f
15227505	42	RESP=1
15237992	42	STIM=w
15241581	42	RESP=1
15256854	42	STIM=g
15261933	42	RESP=1
15272718	42	STIM=j
15276158	42	RESP=1
15290234	42	STIM=p
15294418	42	RESP=1
15306377	42	STIM=e
15310505	42	RESP=1
15323124	42	STIM=l
15326661	42	RESP=1
15340391	42	STIM=z
15343186	42	RESP=1
15357859	42	STIM=f
15361734	42	RESP=1
15375393	42	STIM=i
15379365	42	RESP=1
15393123	42	STIM=4
15400675	42	RESP=2
15408365	42	STIM=y
15411435	42	RESP=1
15426132	42	STIM=b
15432719	42	RESP=1
15441936	42	STIM=o
15447069	42	RESP=1
15459751	42	STIM=j
15466504	42	RESP=1
15475049	42	STIM=o
15481826	42	RESP=1
15491951	42	STIM=v
15497478	42	RESP=1
15508488	42	STIM=g
15511584	42	RESP=1
15526788	42	STIM=q
15532580	42	RESP=1
15544755	42	STIM=1
15550328	42	RESP=2
15560394	42	STIM=y
15563694	42	RESP=1
15575651	42	STIM=7
15581589	42	RESP=2
15591268	42	STIM=z
15594690	42	RESP=2
15607503	42	STIM=a
15613338	42	RESP=1
15625353	42	STIM=n
15630013	42	RESP=1
15641653	42	STIM=9
15646229	42	RESP=2
15657539	42	STIM=y
15663539	42	RESP=1
15673288	42	STIM=t
15680467	42	RESP=1
15691215	42	STIM=4
15696431	42	RESP=2
15709852	42	STIM=i
15715025	42	RESP=1
15728701	42	STIM=y
15733637	42	RESP=1
15746741	42	STIM=d
15753502	42	RESP=1
15761755	42	STIM=k
15765712	42	RESP=1
15780392	42	STIM=8
15785429	42	RESP=2
15798465	42	STIM=f
15804423	42	RESP=1
15817375	42	STIM=8
15824046	42	RESP=2
15835502	42	STIM=b
15841666	42	RESP=1
15852217	42	STIM=y
15857402	42	RESP=1
15869622	42	STIM=w
15873732	42	RESP=1
15887352	42	STIM=h
15890971	42	RESP=1
15905347	42	STIM=u
15908965	42	RESP=1
15922454	42	STIM=u
15928791	42	RESP=1
15938779	42	STIM=h
15947446	42	RESP=1
15955032	42	STIM=v
15962374	42	RESP=1
15973558	42	STIM=1
15978569	42	RESP=2
15992513	42	STIM=r
16000893	42	RESP=1
16011071	42	STIM=i
16017885	42	RESP=1
16026944	42	STIM=h
16031925	42	RESP=1
16045441	42	STIM=9
16050085	42	RESP=2
16063968	42	STIM=k
16067382	42	RESP=1
16081751	42	STIM=y
16086407	42	RESP=1
16099081	42	STIM=u
16102935	42	RESP=1
16115842	42	STIM=e
16121267	42	RESP=1
16134379	42	STIM=u
16140804	42	RESP=1
16150990	42	STIM=m
16158834	42	RESP=1
16169183	42	STIM=f
16175334	42	RESP=1
16188019	42	STIM=1
16193896	42	RESP=1
16205231	42	STIM=g
16209051	42	RESP=1
16220248	42	STIM=q
16230156	42	RESP=2
16237435	42	STIM=r
16242657	42	RESP=1
16255598	42	STIM=s
16259707	42	RESP=1
16270835	42	STIM=q
16278060	42	RESP=1
16286213	42	STIM=8
16293655	42	RESP=2
16304044	42	STIM=8
16311259	42	RESP=1
16320078	42	STIM=p
16329946	42	RESP=1
16335670	42	STIM=l
16341813	42	RESP=1
16353899	42	STIM=4
16362412	42	RESP=2
16372267	42	STIM=s
16379246	42	RESP=1
16388269	42	STIM=m
16398672	42	RESP=1
16406672	42	STIM=g
16409326	42	RESP=1
16423513	42	STIM=o
16429284	42	RESP=1
16441471	42	STIM=f
16449215	42	RESP=1
16458083	42	STIM=7
16465330	42	RESP=1
16473727	42	STIM=c
16479356	42	RESP=1
16488958	42	STIM=e
16492723	42	RESP=1
16507005	42	STIM=q
16513113	42	RESP=1
16522275	42	STIM=i
16525305	42	RESP=1
16539673	42	STIM=a
16546267	42	RESP=1
16558255	42	STIM=s
16562237	42	RESP=1
16575912	42	STIM=c
16579636	42	RESP=1
16593406	42	STIM=l
16598767	42	RESP=1
16611028	42	STIM=k
16614722	42	RESP=1
16627480	42	STIM=x
16633280	42	RESP=1
16643848	42	STIM=q
16648755	42	RESP=1
16661527	42	STIM=p
16666788	42	RESP=1
16679630	42	STIM=f
16685868	42	RESP=1
16697988	42	STIM=p
16702724	42	RESP=1
16714417	42	STIM=a
16723178	42	RESP=1
16730639	42	STIM=y
16736247	42	RESP=1
16747077	42	STIM=n
16752094	42	RESP=1
16762250	42	STIM=0
16770901	42	RESP=2
16779808	42	STIM=d
16788044	42	RESP=1
16797454	42	STIM=k
16801953	42	RESP=1
16813098	42	STIM=0
16827077	42	RESP=2
16828861	42	STIM=8
16834973	42	RESP=2
16843978	42	STIM=d
16858429	42	RESP=1
16861369	42	STIM=x
16864802	42	RESP=1
16876431	42	STIM=7
16881275	42	RESP=1
16893929	42	STIM=z
16901416	42	RESP=1
16911807	42	STIM=s
16916625	42	RESP=1
16930061	42	STIM=p
16937497	42	RESP=1
16948577	42	STIM=b
16953099	42	RESP=1
16963937	42	STIM=i
16971773	42	RESP=1
16981316	42	STIM=9
16992699	42	RESP=1
16997705	42	STIM=e
17008384	42	RESP=1
17013239	42	STIM=u
17019272	42	RESP=2
17031566	42	STIM=1
17036825	42	RESP=2
17049240	42	STIM=w
17056361	42	RESP=1
17067723	42	STIM=w
17075557	42	RESP=2
17083855	42	STIM=q
17089122	42	RESP=1
17100993	42	STIM=a
17105327	42	RESP=1
17118228	42	STIM=w
17125012	42	RESP=1
17133661	42	STIM=g
17139538	42	RESP=1
17152367	42	STIM=v
17160711	42	RESP=1
17169885	42	STIM=b
17173897	42	RESP=1
17188636	42	STIM=4
17196048	42	RESP=1
17206738	42	STIM=z
17212904	42	RESP=1
17222251	42	STIM=f
17228191	42	RESP=1
17238980	42	STIM=d
17249320	42	RESP=1
17255673	42	STIM=1
17263033	42	RESP=1
17274539	42	STIM=d
17278392	42	RESP=1
17293495	42	STIM=y
17303472	42	RESP=1
17310437	42	STIM=v
17316330	42	RESP=1
17329343	42	STIM=g
17334815	42	RESP=1
17347694	42	STIM=u
17353696	42	RESP=1
17362896	42	STIM=0
17368437	42	RESP=2
17378622	42	STIM=f
17382935	42	RESP=1
17395336	42	STIM=j
17404245	42	RESP=1
17413117	42	STIM=b
17415703	42	RESP=1
17431283	42	STIM=i
17437527	42	RESP=1
17446708	42	STIM=3
17454617	42	RESP=2
17464423	42	STIM=7
17474123	42	RESP=1
17482046	42	STIM=l
17488039	42	RESP=1
17500421	42	STIM=p
17507786	42	RESP=1
17518540	42	STIM=6
17527635	42	RESP=2
17534718	42	STIM=9
17540236	42	RESP=2
17551962	42	STIM=m
17561126	42	RESP=1
17569008	42	STIM=l
17575161	42	RESP=1
17584301	42	STIM=i
17589785	42	RESP=1
17601784	42	STIM=n
17607381	42	RESP=1
17616955	42	STIM=p
17623591	42	RESP=1
17631961	42	STIM=u
17638558	42	RESP=1
17650609	42	STIM=6
17657936	42	RESP=2
17667626	42	STIM=4
17671911	42	RESP=2
17683334	42	STIM=8
17694107	42	RESP=2
17701619	42	STIM=d
17707320	42	RESP=1
17719075	42	STIM=d
17727452	42	RESP=1
17736951	42	STIM=j
17741381	42	RESP=1
17754554	42	STIM=d
17763042	42	RESP=1
17772156	42	STIM=o
17776109	42	RESP=1
17787824	42	STIM=a
17790766	42	RESP=1
17805915	42	STIM=f
17812829	42	RESP=1
17822626	42	STIM=p
17825918	42	RESP=1
17840954	42	STIM=z
17847847	42	RESP=1
17856160	42	STIM=z
17859548	42	RESP=1
17873717	42	STIM=l
17879217	42	RESP=1
17889356	42	STIM=b
17894683	42	RESP=1
17908332	42	STIM=r
17913885	42	RESP=1
17927284	42	STIM=e
17933877	42	RESP=1
17945822	42	STIM=r
17951262	42	RESP=2
17964055	42	STIM=q
17971767	42	RESP=1
17982512	42	STIM=j
17991253	42	RESP=1
18000906	42	STIM=x
18010017	42	RESP=1
18019783	42	STIM=6
18027854	42	RESP=2
18034992	42	STIM=3
18042581	42	RESP=2
18053620	42	STIM=2
18059684	42	RESP=2
18068838	42	STIM=4
18073358	42	RESP=1
18085395	42	STIM=n
18090108	42	RESP=1
18104088	42	STIM=4
18115582	42	RESP=2
18122107	42	STIM=q
18127653	42	RESP=1
18137663	42	STIM=j
18143588	42	RESP=1
18156509	42	STIM=x
18160624	42	RESP=1
18175464	42	STIM=a
18185376	42	RESP=1
18193677	42	STIM=n
18197591	42	RESP=1
18211410	42	STIM=9
18217294	42	RESP=2
18230261	42	STIM=1
18234964	42	RESP=2
18248307	42	STIM=7
18252736	42	RESP=2
18266708	42	STIM=1
18274809	42	RESP=2
18283143	42	STIM=p
18287093	42	RESP=1
18299668	42	STIM=a
18302663	42	RESP=1
18318086	42	STIM=o
18325097	42	RESP=1
18333776	42	STIM=6
18339133	42	RESP=2
18351129	42	STIM=4
18357866	42	RESP=2
18368242	42	STIM=j
18371784	42	RESP=1
18386892	42	STIM=4
18393118	42	RESP=1
18402228	42	STIM=v
18406332	42	RESP=1
18420961	42	STIM=d
18425324	42	RESP=1
18438457	42	STIM=0
18445463	42	RESP=2
18454608	42	STIM=u
18462333	42	RESP=1
18471220	42	STIM=x
18475663	42	RESP=2
18489329	42	STIM=b
18501632	42	RESP=2
18505489	42	STIM=0
18511854	42	RESP=2
18521344	42	STIM=6
18526308	42	RESP=1
18538693	42	STIM=h
18543432	42	RESP=1
18557008	42	STIM=k
18560323	42	RESP=1
18574800	42	STIM=7
18583081	42	RESP=2
18591549	42	STIM=v
18595713	42	RESP=1
18609988	42	STIM=j
18618748	42	RESP=1
18627588	42	STIM=o
18635887	42	RESP=1
18646304	42	STIM=p
18650895	42	RESP=1
18662963	42	STIM=o
18670877	42	RESP=1
18681149	42	STIM=k
18685416	42	RESP=1
18697341	42	STIM=p
18704299	42	RESP=1
18712544	42	STIM=x
18717476	42	RESP=1
18728864	42	STIM=q
18732299	42	RESP=1
18746251	42	STIM=a
18754227	42	RESP=1
18761656	42	STIM=h
18769343	42	RESP=1
18779344	42	STIM=7
18789133	42	RESP=1
18795798	42	STIM=s
18800800	42	RESP=1
18813787	42	STIM=t
18816858	42	RESP=1
18832539	42	STIM=f
18837958	42	RESP=1
18851299	42	STIM=b
18861905	42	RESP=1
18869233	42	STIM=i
18876187	42	RESP=1
18885844	42	STIM=f
18891288	42	RESP=1
18902208	42	STIM=4
18906434	42	RESP=2
18920108	42	STIM=f
18924973	42	RESP=2
18937081	42	STIM=b
18941772	42	RESP=2
18952136	42	STIM=s
18955593	42	RESP=2
18970926	42	STIM=h
18975853	42	RESP=1
18988983	42	STIM=b
18995923	42	RESP=1
19004885	42	STIM=u
19011013	42	RESP=1
19021827	42	STIM=v
19027985	42	RESP=1
19039002	42	STIM=x
19043793	42	RESP=1
19056674	42	STIM=o
19061065	42	RESP=2
19074015	42	STIM=i
19080869	42	RESP=1
19089441	42	STIM=p
19098141	42	RESP=1
19107439	42	STIM=l
19113822	42	RESP=1
19125537	42	STIM=e
19130304	42	RESP=1
19141789	42	STIM=2
19146010	42	RESP=1
19158231	42	STIM=h
19162821	42	RESP=1
19173813	42	STIM=n
19182510	42	RESP=1
19189813	42	STIM=1
19195032	42	RESP=2
19206775	42	STIM=f
19211795	42	RESP=1
19225376	42	STIM=q
19230296	42	RESP=1
19243755	42	STIM=d
19255286	42	RESP=1
19260604	42	STIM=d
19268759	42	RESP=1
19276268	42	STIM=c
19281982	42	RESP=1
19293951	42	STIM=h
19299061	42	RESP=1
19310192	42	STIM=m
19317005	42	RESP=1
19327362	42	STIM=n
19332726	42	RESP=1
19345055	42	STIM=k
19349107	42	RESP=1
19360954	42	STIM=y
19364370	42	RESP=1
19376105	42	STIM=7
19384461	42	RESP=2
19391384	42	STIM=c
19396708	42	RESP=1
19410009	42	STIM=n
19415343	42	RESP=1
19428141	42	STIM=b
19439804	42	RESP=1
19446924	42	STIM=r
19450524	42	RESP=1
19464312	42	STIM=l
19471532	42	RESP=1
19482061	42	STIM=d
19495441	42	RESP=1
19498304	42	STIM=v
19503527	42	RESP=1
19514519	42	STIM=9
19523872	42	RESP=2
19530064	42	STIM=i
19541870	42	RESP=1
19549012	42	STIM=x
19555164	42	RESP=1
19567057	42	STIM=9
19572035	42	RESP=2
19585770	42	STIM=m
19590815	42	RESP=1
19602941	42	STIM=f
19614560	42	RESP=1
19621896	42	STIM=c
19626292	42	RESP=1
19639932	42	STIM=o
19643132	42	RESP=1
19656867	42	STIM=g
19662221	42	RESP=1
19673327	42	STIM=5
19682268	42	RESP=2
19690036	42	STIM=i
19693372	42	RESP=1
19708820	42	STIM=l
19714730	42	RESP=1
19726333	42	STIM=x
19734814	42	RESP=1
19741342	42	STIM=f
19748505	42	RESP=1
19759264	42	STIM=a
19767771	42	RESP=1
19774511	42	STIM=g
19783828	42	RESP=1
19792642	42	STIM=8
19797666	42	RESP=2
19811331	42	STIM=f
19815233	42	RESP=1
19828170	42	STIM=i
19835208	42	RESP=1
19843844	42	STIM=z
19847987	42	RESP=1
19861140	42	STIM=3
19865673	42	RESP=2
19880014	42	STIM=o
19885235	42	RESP=1
19898604	42	STIM=1
19904775	42	RESP=2
19913715	42	STIM=y
19924025	42	RESP=1
19929020	42	STIM=e
19935379	42	RESP=1
19947031	42	STIM=i
19951763	42	RESP=1
19964426	42	STIM=r
19970330	42	RESP=1
19981232	42	STIM=r
19985676	42	RESP=1
19998075	42	STIM=n
20002562	42	RESP=1
20016491	42	STIM=j
20022296	42	RESP=1
20033365	42	STIM=9
20039896	42	RESP=2
20050318	42	STIM=i
20054628	42	RESP=1
20067545	42	STIM=d
20071827	42	RESP=1
20084247	42	STIM=c
20088322	42	RESP=1
20099977	42	STIM=0
20105446	42	RESP=2
20117532	42	STIM=s
20121880	42	RESP=1
20133325	42	STIM=b
20136871	42	RESP=1
20150055	42	STIM=2
20156004	42	RESP=2
20168342	42	STIM=0
20174561	42	RESP=2
20186876	42	STIM=j
20191095	42	RESP=2
20205622	42	STIM=x
20215218	42	RESP=1
20222452	42	STIM=g
20228147	42	RESP=1
20239160	42	STIM=l
20248062	42	RESP=1
20255303	42	STIM=f
20259279	42	RESP=1
20272267	42	STIM=9
20279273	42	RESP=2
20291079	42	STIM=v
20296745	42	RESP=1
20309878	42	STIM=d
20314864	42	RESP=1
20325547	42	STIM=s
20330811	42	RESP=1
20343518	42	STIM=9
20348924	42	RESP=2
20359870	42	STIM=8
20371762	42	RESP=2
20375394	42	STIM=1
20380384	42	RESP=2
20390414	42	STIM=9
20398578	42	RESP=2
20408081	42	STIM=q
20414424	42	RESP=1
20423591	42	STIM=3
20431660	42	RESP=1
20439606	42	STIM=8
20444563	42	RESP=2
20456608	42	STIM=f
20465882	42	RESP=1
20474555	42	STIM=f
20477983	42	RESP=1
20489937	42	STIM=n
20497993	42	RESP=1
20506856	42	STIM=t
20514099	42	RESP=1
20524262	42	STIM=i
20528893	42	RESP=1
20542274	42	STIM=d
20547195	42	RESP=1
20557738	42	STIM=1
20564381	42	RESP=2
20573609	42	STIM=9
20580469	42	RESP=1
20591032	42	STIM=5
20601305	42	RESP=2
20609832	42	STIM=v
20615720	42	RESP=1
20625434	42	STIM=z
20629066	42	RESP=1
20640645	42	STIM=j
20645845	42	RESP=1
20655749	42	STIM=c
20662667	42	RESP=1
20672311	42	STIM=w
20678711	42	RESP=1
20688525	42	STIM=0
20694011	42	RESP=1
20706124	42	STIM=n
20712104	42	RESP=1
20721652	42	STIM=o
20729473	42	RESP=1
20737583	42	STIM=1
20746733	42	RESP=2
20753124	42	STIM=5
20760210	42	RESP=2
20770195	42	STIM=m
20777469	42	RESP=1
20786850	42	STIM=7
20792798	42	RESP=2
20802075	42	STIM=t
20810031	42	RESP=1
20817601	42	STIM=w
20821700	42	RESP=1
20834141	42	STIM=s
20836757	42	RESP=1
20851052	42	STIM=v
20857043	42	RESP=1
20869540	42	STIM=h
20878205	42	RESP=1
20888129	42	STIM=i
20894220	42	RESP=1
20903348	42	STIM=s
20906314	42	RESP=1
20918916	42	STIM=p
20924616	42	RESP=1
20934709	42	STIM=i
20938896	42	RESP=1
20952582	42	STIM=m
20964346	42	RESP=1
20969414	42	STIM=a
20974354	42	RESP=1
20985577	42	STIM=z
20990766	42	RESP=1
21001388	42	STIM=5
21007989	42	RESP=2
21018862	42	STIM=w
21023101	42	RESP=1
21034463	42	STIM=w
21038144	42	RESP=1
21049905	42	STIM=t
21056250	42	RESP=1
21068134	42	STIM=x
21079355	42	RESP=1
21084436	42	STIM=p
21089803	42	RESP=1
21100788	42	STIM=q
21105902	42	RESP=1
21119640	42	STIM=h
21123226	42	RESP=1
21137246	42	STIM=t
21142745	42	RESP=1
21154902	42	STIM=x
21161304	42	RESP=1
21170802	42	STIM=i
21175907	42	RESP=2
21187455	42	STIM=j
21193502	42	RESP=1
21204448	42	STIM=w
21210821	42	RESP=1
21220009	42	STIM=j
21224881	42	RESP=1
21235292	42	STIM=u
21240823	42	RESP=1
21252488	42	STIM=b
21257870	42	RESP=1
21269014	42	STIM=n
21277050	42	RESP=1
21285422	42	STIM=e
21292117	42	RESP=1
21301426	42	STIM=q
21306463	42	RESP=1
21319766	42	STIM=b
21333294	42	RESP=1
21336008	42	STIM=q
21341291	42	RESP=1
21353483	42	STIM=h
21359100	42	RESP=1
21369091	42	STIM=z
21373938	42	RESP=1
21386168	42	STIM=o
21390534	42	RESP=1
21403540	42	STIM=t
21410011	42	RESP=1
21419679	42	STIM=c
21426729	42	RESP=2
21435534	42	STIM=j
21439148	42	RESP=1
21453283	42	STIM=c
21459854	42	RESP=1
21470639	42	STIM=o
21477896	42	RESP=1
21486829	42	STIM=0
21492436	42	RESP=2
21505616	42	STIM=8
21513276	42	RESP=2
21524257	42	STIM=4
21529845	42	RESP=2
21541254	42	STIM=1
21546996	42	RESP=2
21556487	42	STIM=6
21562763	42	RESP=2
21574740	42	STIM=c
21577926	42	RESP=1
21590022	42	STIM=q
21594125	42	RESP=1
21606978	42	STIM=z
21614986	42	RESP=1
21623043	42	STIM=j
21628066	42	RESP=1
21639765	42	STIM=k
21652298	42	RESP=1
21655722	42	STIM=o
21662908	42	RESP=1
21674127	42	STIM=d
21679875	42	RESP=1
21691880	42	STIM=k
21700846	42	RESP=1
21709854	42	STIM=c
21715005	42	RESP=1
21724979	42	STIM=7
21731255	42	RESP=2
21743236	42	STIM=m
21753414	42	RESP=1
21761771	42	STIM=7
21770935	42	RESP=2
21779050	42	STIM=b
21787479	42	RESP=1
21794059	42	STIM=r
21800827	42	RESP=1
21810434	42	STIM=k
21817401	42	RESP=1
21828845	42	STIM=2
21834659	42	RESP=2
