# Original filename: 0045_YIG_2017-03-13.log
# Time unit: 100 us
# RARECAT=digit
#
# Time	HHGG	Event
37917	42	STIM=f
43137	42	RESP=1
55663	42	STIM=k
62395	42	RESP=1
73237	42	STIM=g
77555	42	RESP=1
90300	42	STIM=i
94198	42	RESP=1
106604	42	STIM=z
112479	42	RESP=1
125262	42	STIM=d
129321	42	RESP=1
143990	42	STIM=v
148229	42	RESP=1
161225	42	STIM=s
166209	42	RESP=1
179729	42	STIM=j
185832	42	RESP=1
197906	42	STIM=1
203744	42	RESP=2
213743	42	STIM=k
216721	42	RESP=1
229784	42	STIM=2
236297	42	RESP=1
247431	42	STIM=e
252536	42	RESP=2
262525	42	STIM=8
273053	42	RESP=2
280093	42	STIM=w
285577	42	RESP=1
297376	42	STIM=p
303005	42	RESP=1
315081	42	STIM=v
318539	42	RESP=1
332449	42	STIM=a
337916	42	RESP=1
351015	42	STIM=n
359669	42	RESP=1
367115	42	STIM=b
374605	42	RESP=1
382626	42	STIM=x
388326	42	RESP=1
399879	42	STIM=v
404927	42	RESP=1
417560	42	STIM=2
425722	42	RESP=2
435385	42	STIM=n
440739	42	RESP=1
453954	42	STIM=b
458564	42	RESP=1
471873	42	STIM=k
475516	42	RESP=1
488108	42	STIM=7
493507	42	RESP=2
505408	42	STIM=5
511795	42	RESP=2
523658	42	STIM=n
526603	42	RESP=1
539718	42	STIM=t
546293	42	RESP=1
556772	42	STIM=l
560800	42	RESP=1
572141	42	STIM=v
576809	42	RESP=1
590382	42	STIM=d
593704	42	RESP=1
608546	42	STIM=z
612184	42	RESP=1
626437	42	STIM=a
629887	42	RESP=1
645112	42	STIM=t
652913	42	RESP=1
663790	42	STIM=f
667093	42	RESP=1
679945	42	STIM=y
682691	42	RESP=1
698059	42	STIM=9
703198	42	RESP=2
716681	42	STIM=8
721326	42	RESP=1
732499	42	STIM=k
739925	42	RESP=1
751470	42	STIM=c
755142	42	RESP=1
766672	42	STIM=e
774797	42	RESP=1
785037	42	STIM=f
799545	42	RESP=1
801536	42	STIM=m
806584	42	RESP=1
820213	42	STIM=j
824565	42	RESP=1
835895	42	STIM=3
841594	42	RESP=2
854371	42	STIM=6
858627	42	RESP=2
869788	42	STIM=m
873819	42	RESP=1
885052	42	STIM=w
888687	42	RESP=1
901811	42	STIM=1
908318	42	RESP=1
919511	42	STIM=t
922863	42	RESP=1
936504	42	STIM=c
939183	42	RESP=1
954537	42	STIM=5
958015	42	RESP=1
972152	42	STIM=m
975533	42	RESP=1
990381	42	STIM=g
994390	42	RESP=1
1006394	42	STIM=j
1011358	42	RESP=1
1025349	42	STIM=t
1029276	42	RESP=1
1041265	42	STIM=t
1049906	42	RESP=1
1058429	42	STIM=q
1065679	42	RESP=1
1074759	42	STIM=y
1077694	42	RESP=1
1091431	42	STIM=l
1095068	42	RESP=1
1107601	42	STIM=0
1111526	42	RESP=2
1123035	42	STIM=m
1126915	42	RESP=1
1138348	42	STIM=e
1142892	42	RESP=1
1156114	42	STIM=w
1163852	42	RESP=1
1174949	42	STIM=b
1177994	42	RESP=1
1192410	42	STIM=e
1195280	42	RESP=1
1210179	42	STIM=o
1213565	42	RESP=1
1227707	42	STIM=d
1230356	42	RESP=1
1244281	42	STIM=q
1248608	42	RESP=1
1262328	42	STIM=k
1265551	42	RESP=1
1278485	42	STIM=c
1282869	42	RESP=2
1297053	42	STIM=p
1300772	42	RESP=1
1312093	42	STIM=j
1315982	42	RESP=1
1328853	42	STIM=j
1336050	42	RESP=1
1344438	42	STIM=6
1349644	42	RESP=2
1360135	42	STIM=p
1364025	42	RESP=1
1376278	42	STIM=r
1380923	42	RESP=1
1393793	42	STIM=8
1398898	42	RESP=2
1410037	42	STIM=7
1417318	42	RESP=1
1428552	42	STIM=l
1432807	42	RESP=1
1446418	42	STIM=n
1450132	42	RESP=1
1462714	42	STIM=i
1466266	42	RESP=2
1478953	42	STIM=6
1482605	42	RESP=2
1495061	42	STIM=y
1501850	42	RESP=1
1512271	42	STIM=0
1517076	42	RESP=2
1529888	42	STIM=b
1535991	42	RESP=1
1548492	42	STIM=z
1552345	42	RESP=1
1565527	42	STIM=m
1569169	42	RESP=1
1582288	42	STIM=l
1586759	42	RESP=1
1600198	42	STIM=n
1604635	42	RESP=1
1616994	42	STIM=0
1622144	42	RESP=2
1632649	42	STIM=s
1635686	42	RESP=1
1648564	42	STIM=g
1652282	42	RESP=1
1665306	42	STIM=c
1670474	42	RESP=1
1684018	42	STIM=9
1687901	42	RESP=2
1700345	42	STIM=y
1705422	42	RESP=1
1718858	42	STIM=9
1723125	42	RESP=2
1734468	42	STIM=f
1738664	42	RESP=1
1752401	42	STIM=c
1757778	42	RESP=1
1770208	42	STIM=b
1775345	42	RESP=1
1785669	42	STIM=i
1790166	42	RESP=2
1802207	42	STIM=n
1805882	42	RESP=1
1817293	42	STIM=3
1822086	42	RESP=2
1834182	42	STIM=v
1843568	42	RESP=1
1852092	42	STIM=m
1859552	42	RESP=1
1867704	42	STIM=p
1870731	42	RESP=1
1882889	42	STIM=r
1887454	42	RESP=1
1901294	42	STIM=d
1904586	42	RESP=2
1919533	42	STIM=w
1924707	42	RESP=1
1934841	42	STIM=p
1938905	42	RESP=1
1953222	42	STIM=9
1960738	42	RESP=2
1970391	42	STIM=m
1981351	42	RESP=1
1986558	42	STIM=s
1992432	42	RESP=1
2004718	42	STIM=b
2008951	42	RESP=1
2022770	42	STIM=p
2026789	42	RESP=1
2041312	42	STIM=t
2044935	42	RESP=1
2059143	42	STIM=t
2063872	42	RESP=1
2075601	42	STIM=j
2078724	42	RESP=1
2093059	42	STIM=g
2097016	42	RESP=1
2111124	42	STIM=9
2117225	42	RESP=1
2126280	42	STIM=p
2131467	42	RESP=1
2143551	42	STIM=0
2153494	42	RESP=2
2158766	42	STIM=5
2161918	42	RESP=2
2177423	42	STIM=m
2181081	42	RESP=1
2196296	42	STIM=c
2201050	42	RESP=1
2214557	42	STIM=l
2220436	42	RESP=1
2233396	42	STIM=6
2239361	42	RESP=2
2252370	42	STIM=r
2258122	42	RESP=1
2268669	42	STIM=t
2274141	42	RESP=2
2286464	42	STIM=x
2296720	42	RESP=1
2304043	42	STIM=e
2308533	42	RESP=1
2320615	42	STIM=z
2324395	42	RESP=1
2337404	42	STIM=u
2340332	42	RESP=1
2354024	42	STIM=a
2363255	42	RESP=1
2372885	42	STIM=p
2375880	42	RESP=1
2389137	42	STIM=l
2395456	42	RESP=1
2407209	42	STIM=d
2410528	42	RESP=1
2423950	42	STIM=a
2427699	42	RESP=1
2441372	42	STIM=u
2446607	42	RESP=1
2458202	42	STIM=w
2462181	42	RESP=1
2476268	42	STIM=2
2488417	42	RESP=2
2493387	42	STIM=r
2497576	42	RESP=1
2508936	42	STIM=4
2515366	42	RESP=2
2526628	42	STIM=r
2529330	42	RESP=1
2544796	42	STIM=q
2548174	42	RESP=1
2561259	42	STIM=6
2567130	42	RESP=2
2578337	42	STIM=x
2581509	42	RESP=1
2595259	42	STIM=v
2598323	42	RESP=1
2611327	42	STIM=2
2617998	42	RESP=2
2630261	42	STIM=0
2636778	42	RESP=2
2645351	42	STIM=x
2648964	42	RESP=1
2664266	42	STIM=w
2668684	42	RESP=1
2681953	42	STIM=u
2687035	42	RESP=1
2700066	42	STIM=k
2708349	42	RESP=1
2717671	42	STIM=x
2723951	42	RESP=1
2736145	42	STIM=t
2742119	42	RESP=1
2753987	42	STIM=f
2757864	42	RESP=1
2769724	42	STIM=o
2774022	42	RESP=1
2785346	42	STIM=3
2789855	42	RESP=2
2802376	42	STIM=z
2810608	42	RESP=1
2818847	42	STIM=u
2824599	42	RESP=1
2833883	42	STIM=j
2836741	42	RESP=1
2852179	42	STIM=x
2856832	42	RESP=1
2870692	42	STIM=e
2876386	42	RESP=1
2886402	42	STIM=i
2896291	42	RESP=1
2905212	42	STIM=r
2911291	42	RESP=1
2922332	42	STIM=7
2927365	42	RESP=2
2937902	42	STIM=i
2942643	42	RESP=1
2955858	42	STIM=r
2960501	42	RESP=1
2970958	42	STIM=d
2977896	42	RESP=1
2989313	42	STIM=q
2993390	42	RESP=1
3007062	42	STIM=y
3013438	42	RESP=1
3022914	42	STIM=1
3027846	42	RESP=2
3041537	42	STIM=x
3044392	42	RESP=1
3058956	42	STIM=j
3061887	42	RESP=1
3076457	42	STIM=d
3087356	42	RESP=1
3092451	42	STIM=0
3097567	42	RESP=2
3111194	42	STIM=4
3116469	42	RESP=2
3129566	42	STIM=q
3133468	42	RESP=1
3147212	42	STIM=i
3151831	42	RESP=1
3163299	42	STIM=c
3171103	42	RESP=1
3180265	42	STIM=m
3184153	42	RESP=1
3198288	42	STIM=b
3202322	42	RESP=1
3214226	42	STIM=v
3219463	42	RESP=1
3232104	42	STIM=h
3236743	42	RESP=1
3247554	42	STIM=z
3252629	42	RESP=1
3263790	42	STIM=z
3267646	42	RESP=1
3282628	42	STIM=l
3287320	42	RESP=1
3300498	42	STIM=1
3306853	42	RESP=2
3318828	42	STIM=h
3322254	42	RESP=2
3334617	42	STIM=c
3339282	42	RESP=1
3350767	42	STIM=y
3354973	42	RESP=1
3366881	42	STIM=3
3374187	42	RESP=2
3383214	42	STIM=a
3386825	42	RESP=1
3399653	42	STIM=9
3406184	42	RESP=2
3417800	42	STIM=d
3421398	42	RESP=1
3434430	42	STIM=p
3438402	42	RESP=1
3450620	42	STIM=a
3455498	42	RESP=1
3468703	42	STIM=g
3471800	42	RESP=1
3485300	42	STIM=p
3488977	42	RESP=1
3501671	42	STIM=o
3505189	42	RESP=1
3520254	42	STIM=f
3525566	42	RESP=1
3538179	42	STIM=n
3542247	42	RESP=1
3556810	42	STIM=8
3563505	42	RESP=2
3573029	42	STIM=u
3577156	42	RESP=1
3589947	42	STIM=x
3595943	42	RESP=1
3606431	42	STIM=9
3610633	42	RESP=1
3624808	42	STIM=q
3630056	42	RESP=1
3642541	42	STIM=r
3647917	42	RESP=1
3658311	42	STIM=y
3665320	42	RESP=1
3673557	42	STIM=b
3679277	42	RESP=1
3690550	42	STIM=k
3694412	42	RESP=1
3707812	42	STIM=f
3711227	42	RESP=1
3725973	42	STIM=n
3731948	42	RESP=1
3741910	42	STIM=3
3747957	42	RESP=2
3757586	42	STIM=n
3761943	42	RESP=1
3775448	42	STIM=z
3778903	42	RESP=1
3793876	42	STIM=c
3805329	42	RESP=1
3811918	42	STIM=j
3817420	42	RESP=2
3830377	42	STIM=o
3833976	42	RESP=1
3845997	42	STIM=f
3852277	42	RESP=1
3863990	42	STIM=s
3868325	42	RESP=1
3882706	42	STIM=0
3886962	42	RESP=2
3900446	42	STIM=x
3907983	42	RESP=1
3917516	42	STIM=o
3920339	42	RESP=1
3936082	42	STIM=v
3941540	42	RESP=1
3952058	42	STIM=p
3958026	42	RESP=1
3968888	42	STIM=s
3978171	42	RESP=1
3985374	42	STIM=0
3992801	42	RESP=2
4001774	42	STIM=2
4005494	42	RESP=2
4020290	42	STIM=m
4023419	42	RESP=1
4036316	42	STIM=l
4041705	42	RESP=1
4052306	42	STIM=g
4056984	42	RESP=1
4068765	42	STIM=d
4075750	42	RESP=1
4084943	42	STIM=i
4091288	42	RESP=1
4101442	42	STIM=p
4105587	42	RESP=1
4118743	42	STIM=a
4121793	42	RESP=1
4136076	42	STIM=x
4138994	42	RESP=1
4153572	42	STIM=0
4158863	42	RESP=2
4170579	42	STIM=f
4174719	42	RESP=1
4185777	42	STIM=w
4190695	42	RESP=1
4204678	42	STIM=h
4208195	42	RESP=1
4220684	42	STIM=8
4225006	42	RESP=2
4236550	42	STIM=r
4243671	42	RESP=1
4254465	42	STIM=z
4258832	42	RESP=1
4273374	42	STIM=u
4280499	42	RESP=1
4290242	42	STIM=s
4294377	42	RESP=1
4308720	42	STIM=f
4312429	42	RESP=1
4326005	42	STIM=v
4330664	42	RESP=1
4343333	42	STIM=o
4348375	42	RESP=1
4359035	42	STIM=1
4363569	42	RESP=2
4377488	42	STIM=5
4384134	42	RESP=2
4394564	42	STIM=e
4402041	42	RESP=1
4409699	42	STIM=r
4414195	42	RESP=1
4427138	42	STIM=w
4434312	42	RESP=1
4444637	42	STIM=1
4451109	42	RESP=2
4461593	42	STIM=4
4466963	42	RESP=2
4476607	42	STIM=a
4481856	42	RESP=1
4492792	42	STIM=v
4497874	42	RESP=1
4509546	42	STIM=y
4512909	42	RESP=1
4526739	42	STIM=a
4529237	42	RESP=1
4541939	42	STIM=s
4546166	42	RESP=1
4558174	42	STIM=g
4562099	42	RESP=1
4577058	42	STIM=c
4584442	42	RESP=1
4594058	42	STIM=a
4601407	42	RESP=1
4610768	42	STIM=m
4613947	42	RESP=1
4629526	42	STIM=s
4635448	42	RESP=1
4645432	42	STIM=3
4655513	42	RESP=1
4661989	42	STIM=i
4666234	42	RESP=1
4680681	42	STIM=e
4691217	42	RESP=1
4698136	42	STIM=i
4701919	42	RESP=1
4713957	42	STIM=v
4719460	42	RESP=1
4729027	42	STIM=o
4738428	42	RESP=2
4745391	42	STIM=w
4749285	42	RESP=1
4763963	42	STIM=3
4770976	42	RESP=2
4782751	42	STIM=m
4786203	42	RESP=1
4801371	42	STIM=c
4804945	42	RESP=1
4816396	42	STIM=l
4819150	42	RESP=1
4832485	42	STIM=v
4841737	42	RESP=1
4849705	42	STIM=q
4855327	42	RESP=1
4867516	42	STIM=5
4871302	42	RESP=2
4883601	42	STIM=l
4888954	42	RESP=1
4900009	42	STIM=h
4907297	42	RESP=1
4915135	42	STIM=f
4923062	42	RESP=1
4933467	42	STIM=8
4939415	42	RESP=2
4950683	42	STIM=m
4955367	42	RESP=1
4969110	42	STIM=v
4973745	42	RESP=1
4985140	42	STIM=m
4992520	42	RESP=2
5002625	42	STIM=x
5006757	42	RESP=1
5021413	42	STIM=a
5025457	42	RESP=1
5036695	42	STIM=h
5041334	42	RESP=1
5053666	42	STIM=d
5058231	42	RESP=1
5070423	42	STIM=n
5075828	42	RESP=1
5085832	42	STIM=g
5090369	42	RESP=1
5101888	42	STIM=c
5106118	42	RESP=1
5120645	42	STIM=k
5125287	42	RESP=1
5136725	42	STIM=m
5139322	42	RESP=1
5153422	42	STIM=6
5159230	42	RESP=2
5171320	42	STIM=l
5177142	42	RESP=1
5189244	42	STIM=i
5196522	42	RESP=1
5205725	42	STIM=7
5211832	42	RESP=2
5222053	42	STIM=0
5225732	42	RESP=2
5237645	42	STIM=j
5242684	42	RESP=1
5256107	42	STIM=p
5264887	42	RESP=1
5273980	42	STIM=z
5282203	42	RESP=1
5290628	42	STIM=i
5298428	42	RESP=1
5307738	42	STIM=b
5313376	42	RESP=2
5326290	42	STIM=9
5334856	42	RESP=2
5343739	42	STIM=k
5351674	42	RESP=1
5361230	42	STIM=n
5367697	42	RESP=1
5377126	42	STIM=n
5382355	42	RESP=1
5394860	42	STIM=4
5401661	42	RESP=2
5413517	42	STIM=n
5418807	42	RESP=1
5431507	42	STIM=e
5436945	42	RESP=1
5449429	42	STIM=i
5457082	42	RESP=1
5466006	42	STIM=1
5471087	42	RESP=2
5481976	42	STIM=o
5489407	42	RESP=1
5497173	42	STIM=t
5501238	42	RESP=1
5515812	42	STIM=b
5522048	42	RESP=1
5531989	42	STIM=8
5539635	42	RESP=2
5548637	42	STIM=8
5554569	42	RESP=2
5564230	42	STIM=m
5568057	42	RESP=1
5581550	42	STIM=o
5586196	42	RESP=1
5598369	42	STIM=8
5605933	42	RESP=2
5614543	42	STIM=z
5622168	42	RESP=1
5630634	42	STIM=8
5636412	42	RESP=2
5648818	42	STIM=v
5659699	42	RESP=1
5664793	42	STIM=0
5672073	42	RESP=2
5681574	42	STIM=2
5691527	42	RESP=2
5699011	42	STIM=8
5702248	42	RESP=2
5716050	42	STIM=2
5722470	42	RESP=2
5731226	42	STIM=j
5734731	42	RESP=1
5748799	42	STIM=4
5756457	42	RESP=2
5766977	42	STIM=f
5771547	42	RESP=1
5783795	42	STIM=h
5789695	42	RESP=1
5802652	42	STIM=u
5805906	42	RESP=2
5820547	42	STIM=p
5828148	42	RESP=2
5838224	42	STIM=g
5841916	42	RESP=1
5854762	42	STIM=s
5862251	42	RESP=1
5869925	42	STIM=6
5874975	42	RESP=2
5887282	42	STIM=h
5891406	42	RESP=1
5903320	42	STIM=q
5908039	42	RESP=1
5922168	42	STIM=l
5928485	42	RESP=1
5940975	42	STIM=7
5946465	42	RESP=2
5959966	42	STIM=h
5966224	42	RESP=1
5977260	42	STIM=e
5981646	42	RESP=1
5993839	42	STIM=v
5998125	42	RESP=1
6010772	42	STIM=b
6018925	42	RESP=1
6026438	42	STIM=t
6032859	42	RESP=1
6044183	42	STIM=p
6050446	42	RESP=2
6061496	42	STIM=x
6065901	42	RESP=1
6079918	42	STIM=c
6083023	42	RESP=1
6095838	42	STIM=w
6099588	42	RESP=1
6114046	42	STIM=j
6119116	42	RESP=2
6130770	42	STIM=x
6133806	42	RESP=1
6146709	42	STIM=8
6153947	42	RESP=2
6162130	42	STIM=5
6167683	42	RESP=2
6179133	42	STIM=o
6181794	42	RESP=1
6194267	42	STIM=l
6198383	42	RESP=1
6209623	42	STIM=h
6217212	42	RESP=2
6227502	42	STIM=n
6232260	42	RESP=1
6244711	42	STIM=o
6248269	42	RESP=1
6261414	42	STIM=1
6270234	42	RESP=2
6277714	42	STIM=i
6285697	42	RESP=1
6296428	42	STIM=q
6300942	42	RESP=1
6313704	42	STIM=c
6318734	42	RESP=1
6332145	42	STIM=m
6337365	42	RESP=1
6349067	42	STIM=i
6355976	42	RESP=1
6366917	42	STIM=a
6371982	42	RESP=1
6382409	42	STIM=u
6389138	42	RESP=1
6399733	42	STIM=1
6402935	42	RESP=2
6414915	42	STIM=6
6420502	42	RESP=2
6432553	42	STIM=5
6439248	42	RESP=2
6449424	42	STIM=k
6454158	42	RESP=1
6466096	42	STIM=q
6468679	42	RESP=1
6484179	42	STIM=z
6492973	42	RESP=1
6501599	42	STIM=w
6505566	42	RESP=1
6518146	42	STIM=4
6522493	42	RESP=2
6533697	42	STIM=s
6538516	42	RESP=1
6551033	42	STIM=m
6554392	42	RESP=1
6566060	42	STIM=y
6569628	42	RESP=1
6581074	42	STIM=1
6587507	42	RESP=2
6598448	42	STIM=p
6603714	42	RESP=1
6613645	42	STIM=v
6616885	42	RESP=1
6630729	42	STIM=i
6637378	42	RESP=1
6648576	42	STIM=3
6652519	42	RESP=2
6665467	42	STIM=1
6673200	42	RESP=2
6684032	42	STIM=t
6690620	42	RESP=1
6702547	42	STIM=w
6707302	42	RESP=1
6719761	42	STIM=l
6726902	42	RESP=1
6737307	42	STIM=g
6746258	42	RESP=1
6755092	42	STIM=9
6761127	42	RESP=2
6771626	42	STIM=s
6774998	42	RESP=1
6788554	42	STIM=r
6792394	42	RESP=1
6805421	42	STIM=j
6809579	42	RESP=1
6820968	42	STIM=7
6826709	42	RESP=2
6837103	42	STIM=s
6846944	42	RESP=2
6853185	42	STIM=k
6857876	42	RESP=1
6868601	42	STIM=m
6873309	42	RESP=1
6884337	42	STIM=n
6887787	42	RESP=1
6901246	42	STIM=3
6906320	42	RESP=2
6918075	42	STIM=x
6921677	42	RESP=1
6933988	42	STIM=g
6941020	42	RESP=1
6952312	42	STIM=g
6955625	42	RESP=1
6968131	42	STIM=l
6974140	42	RESP=1
6983475	42	STIM=a
6987482	42	RESP=1
7000859	42	STIM=b
7004982	42	RESP=1
7017021	42	STIM=u
7020628	42	RESP=1
7034198	42	STIM=e
7038750	42	RESP=1
7052680	42	STIM=h
7060073	42	RESP=1
7070001	42	STIM=f
7073881	42	RESP=1
7086163	42	STIM=7
7090908	42	RESP=1
7101637	42	STIM=c
7106795	42	RESP=2
7118868	42	STIM=6
7122956	42	RESP=2
7134457	42	STIM=j
7142990	42	RESP=1
7150069	42	STIM=9
7154687	42	RESP=2
7165827	42	STIM=9
7170150	42	RESP=2
7183159	42	STIM=u
7186335	42	RESP=1
7200812	42	STIM=n
7204016	42	RESP=1
7219692	42	STIM=k
7222649	42	RESP=1
7236499	42	STIM=t
7239486	42	RESP=1
7252966	42	STIM=8
7256116	42	RESP=2
7268841	42	STIM=t
7272009	42	RESP=1
7286804	42	STIM=d
7291273	42	RESP=1
7302592	42	STIM=s
7308596	42	RESP=1
7319493	42	STIM=u
7323755	42	RESP=1
7338163	42	STIM=o
7342648	42	RESP=1
7353705	42	STIM=f
7358196	42	RESP=1
7369121	42	STIM=1
7374770	42	RESP=2
7387116	42	STIM=2
7392941	42	RESP=2
7405991	42	STIM=f
7410165	42	RESP=1
7423189	42	STIM=m
7428560	42	RESP=1
7439872	42	STIM=9
7444076	42	RESP=2
7458412	42	STIM=3
7463157	42	RESP=2
7476016	42	STIM=e
7478761	42	RESP=1
7491757	42	STIM=7
7497461	42	RESP=1
7507707	42	STIM=m
7512812	42	RESP=2
7523321	42	STIM=g
7527192	42	RESP=1
7540956	42	STIM=f
7544235	42	RESP=1
7559713	42	STIM=x
7563932	42	RESP=1
7577418	42	STIM=m
7580433	42	RESP=1
7595563	42	STIM=b
7600902	42	RESP=1
7613102	42	STIM=2
7620165	42	RESP=2
7629165	42	STIM=u
7633158	42	RESP=1
7647202	42	STIM=1
7654029	42	RESP=2
7663016	42	STIM=f
7668284	42	RESP=1
7678172	42	STIM=y
7681416	42	RESP=1
7694077	42	STIM=g
7697699	42	RESP=1
7711665	42	STIM=n
7716264	42	RESP=1
7728666	42	STIM=v
7731576	42	RESP=1
7745938	42	STIM=w
7752781	42	RESP=1
7762535	42	STIM=7
7766746	42	RESP=2
7780526	42	STIM=r
7784531	42	RESP=1
7795697	42	STIM=d
7800146	42	RESP=1
7811598	42	STIM=8
7816409	42	RESP=2
7829523	42	STIM=o
7832178	42	RESP=1
7847877	42	STIM=4
7853784	42	RESP=2
7866385	42	STIM=k
7873994	42	RESP=1
7883171	42	STIM=n
7886533	42	RESP=1
7899099	42	STIM=6
7908421	42	RESP=2
7916914	42	STIM=e
7924507	42	RESP=1
7933620	42	STIM=e
7940751	42	RESP=1
7948873	42	STIM=8
7953274	42	RESP=1
7965314	42	STIM=w
7969873	42	RESP=1
7981009	42	STIM=z
7987011	42	RESP=1
7996499	42	STIM=q
7999480	42	RESP=1
8012861	42	STIM=o
8017169	42	RESP=2
8031569	42	STIM=q
8036610	42	RESP=1
8047445	42	STIM=x
8051510	42	RESP=1
8062731	42	STIM=k
8069262	42	RESP=2
8081681	42	STIM=s
8088133	42	RESP=1
8097446	42	STIM=u
8101674	42	RESP=1
8115781	42	STIM=y
8119927	42	RESP=1
8131485	42	STIM=s
8135365	42	RESP=1
8146857	42	STIM=m
8150401	42	RESP=1
8163025	42	STIM=k
8168068	42	RESP=1
8178181	42	STIM=o
8184838	42	RESP=1
8196686	42	STIM=u
8201432	42	RESP=1
8212430	42	STIM=s
8217968	42	RESP=1
8230725	42	STIM=6
8239720	42	RESP=1
8249209	42	STIM=2
8253362	42	RESP=2
8264322	42	STIM=c
8269620	42	RESP=1
8280463	42	STIM=o
8283463	42	RESP=2
8297765	42	STIM=w
8300481	42	RESP=1
8313113	42	STIM=g
8319042	42	RESP=1
8331579	42	STIM=m
8335131	42	RESP=1
8346937	42	STIM=j
8351344	42	RESP=1
8362388	42	STIM=r
8370277	42	RESP=1
8381060	42	STIM=l
8384209	42	RESP=1
8396392	42	STIM=w
8400566	42	RESP=1
8413766	42	STIM=b
8418027	42	RESP=1
8429263	42	STIM=k
8436437	42	RESP=1
8447374	42	STIM=s
8451242	42	RESP=1
8462803	42	STIM=r
8468728	42	RESP=1
8478718	42	STIM=d
8484499	42	RESP=1
8495863	42	STIM=8
8499332	42	RESP=2
8514759	42	STIM=i
8517944	42	RESP=1
8533354	42	STIM=5
8538249	42	RESP=2
8550016	42	STIM=j
8554430	42	RESP=1
8565319	42	STIM=r
8571836	42	RESP=1
8580931	42	STIM=f
8584894	42	RESP=1
8598250	42	STIM=c
8602593	42	RESP=1
8615189	42	STIM=j
8619366	42	RESP=1
8633116	42	STIM=4
8636242	42	RESP=1
8651346	42	STIM=5
8657008	42	RESP=2
8667425	42	STIM=z
8670876	42	RESP=1
8685962	42	STIM=v
8694883	42	RESP=1
8702101	42	STIM=a
8706002	42	RESP=1
8720624	42	STIM=u
8727182	42	RESP=1
8736242	42	STIM=v
8739586	42	RESP=1
8754761	42	STIM=o
8759816	42	RESP=1
8773484	42	STIM=h
8776924	42	RESP=1
8792267	42	STIM=3
8798386	42	RESP=2
8807440	42	STIM=9
8812371	42	RESP=2
8822730	42	STIM=l
8827537	42	RESP=1
8839187	42	STIM=c
8842398	42	RESP=1
8856861	42	STIM=g
8862128	42	RESP=1
8874906	42	STIM=s
8878857	42	RESP=1
8891257	42	STIM=o
8896192	42	RESP=1
8906401	42	STIM=h
8913377	42	RESP=1
8921947	42	STIM=k
8925342	42	RESP=1
8940336	42	STIM=y
8946384	42	RESP=1
8955385	42	STIM=c
8959007	42	RESP=1
8973343	42	STIM=k
8977107	42	RESP=1
8991501	42	STIM=c
8995779	42	RESP=1
9007101	42	STIM=a
9009813	42	RESP=1
9022672	42	STIM=r
9029095	42	RESP=1
9040631	42	STIM=i
9047295	42	RESP=1
9056131	42	STIM=l
9059891	42	RESP=1
9073715	42	STIM=m
9077510	42	RESP=1
9090793	42	STIM=c
9093756	42	RESP=1
9109167	42	STIM=v
9113375	42	RESP=1
9128156	42	STIM=3
9134184	42	RESP=2
9143775	42	STIM=s
9147221	42	RESP=1
9162002	42	STIM=t
9165877	42	RESP=1
9177582	42	STIM=l
9181229	42	RESP=1
9194951	42	STIM=z
9198743	42	RESP=1
9213041	42	STIM=q
9218408	42	RESP=1
9230398	42	STIM=h
9236085	42	RESP=1
9248946	42	STIM=j
9252603	42	RESP=1
9264944	42	STIM=t
9269866	42	RESP=1
9283047	42	STIM=j
9285933	42	RESP=1
9298056	42	STIM=n
9304424	42	RESP=2
9316679	42	STIM=s
9320709	42	RESP=1
9332959	42	STIM=4
9337773	42	RESP=2
9351399	42	STIM=h
9354990	42	RESP=1
9368432	42	STIM=x
9374082	42	RESP=1
9385930	42	STIM=v
9390922	42	RESP=1
9404758	42	STIM=n
9411683	42	RESP=1
9423347	42	STIM=0
9428225	42	RESP=2
9440882	42	STIM=a
9444748	42	RESP=1
9458776	42	STIM=v
9463304	42	RESP=1
9476342	42	STIM=h
9480060	42	RESP=1
9494895	42	STIM=5
9498865	42	RESP=2
9509935	42	STIM=d
9513950	42	RESP=1
9525746	42	STIM=w
9531629	42	RESP=1
9541080	42	STIM=z
9546505	42	RESP=1
9557051	42	STIM=g
9560585	42	RESP=1
9573222	42	STIM=l
9576986	42	RESP=2
9588465	42	STIM=m
9591293	42	RESP=1
9605107	42	STIM=f
9610760	42	RESP=1
9622216	42	STIM=6
9630099	42	RESP=2
9639693	42	STIM=g
9645681	42	RESP=1
9655012	42	STIM=y
9662163	42	RESP=2
9673522	42	STIM=n
9678798	42	RESP=1
9690952	42	STIM=2
9696287	42	RESP=1
9709691	42	STIM=o
9715050	42	RESP=1
9725726	42	STIM=h
9731410	42	RESP=1
9743198	42	STIM=2
9747204	42	RESP=2
9761304	42	STIM=t
9764495	42	RESP=1
9776487	42	STIM=7
9780689	42	RESP=2
9794235	42	STIM=n
9799749	42	RESP=1
9811739	42	STIM=d
9819379	42	RESP=1
9828259	42	STIM=x
9833000	42	RESP=1
9845370	42	STIM=b
9849785	42	RESP=1
9860965	42	STIM=h
9866838	42	RESP=1
9879722	42	STIM=y
9884520	42	RESP=1
9898608	42	STIM=q
9904086	42	RESP=1
9914667	42	STIM=p
9920297	42	RESP=1
9932602	42	STIM=w
9943232	42	RESP=1
9948129	42	STIM=t
9953842	42	RESP=1
9964810	42	STIM=r
9967445	42	RESP=1
9982392	42	STIM=u
9988785	42	RESP=1
9998079	42	STIM=e
10001345	42	RESP=1
10016859	42	STIM=9
10021399	42	RESP=2
10033505	42	STIM=k
10037701	42	RESP=1
10051145	42	STIM=3
10059296	42	RESP=2
10069178	42	STIM=e
10072692	42	RESP=1
10085259	42	STIM=1
10089938	42	RESP=2
10101590	42	STIM=l
10107675	42	RESP=1
10119742	42	STIM=t
10125422	42	RESP=1
10138178	42	STIM=7
10145035	42	RESP=2
10154916	42	STIM=f
10159942	42	RESP=1
10173215	42	STIM=p
10176533	42	RESP=1
10188329	42	STIM=y
10191667	42	RESP=1
10205872	42	STIM=l
10209501	42	RESP=1
10222670	42	STIM=d
10229736	42	RESP=1
10238668	42	STIM=b
10243157	42	RESP=1
10256866	42	STIM=6
10262058	42	RESP=1
10272912	42	STIM=a
10278629	42	RESP=1
10289001	42	STIM=n
10297084	42	RESP=1
10307803	42	STIM=i
10311263	42	RESP=1
10324313	42	STIM=e
10328770	42	RESP=1
10339325	42	STIM=5
10343251	42	RESP=2
10357830	42	STIM=z
10370980	42	RESP=1
10374741	42	STIM=g
10385464	42	RESP=1
10392089	42	STIM=4
10396110	42	RESP=2
10410923	42	STIM=w
10415810	42	RESP=1
10429667	42	STIM=x
10433614	42	RESP=1
10447853	42	STIM=7
10455276	42	RESP=2
10463782	42	STIM=a
10470884	42	RESP=1
10480156	42	STIM=h
10485225	42	RESP=1
10498084	42	STIM=c
10503850	42	RESP=1
10516219	42	STIM=d
10519140	42	RESP=1
10531896	42	STIM=q
10536069	42	RESP=1
10548429	42	STIM=b
10556190	42	RESP=1
10567096	42	STIM=m
10570265	42	RESP=1
10585543	42	STIM=t
10591300	42	RESP=1
10600591	42	STIM=k
10604766	42	RESP=1
10617823	42	STIM=8
10622131	42	RESP=2
10635385	42	STIM=b
10642540	42	RESP=1
10650907	42	STIM=8
10658365	42	RESP=2
10667900	42	STIM=d
10671426	42	RESP=1
10683046	42	STIM=w
10688248	42	RESP=1
10699422	42	STIM=r
10704778	42	RESP=1
10717059	42	STIM=h
10719847	42	RESP=2
10733569	42	STIM=7
10741845	42	RESP=2
10752073	42	STIM=s
10756888	42	RESP=1
10771014	42	STIM=x
10775671	42	RESP=1
10789612	42	STIM=0
10797789	42	RESP=2
10806526	42	STIM=7
10814574	42	RESP=2
10822582	42	STIM=t
10827030	42	RESP=1
10841105	42	STIM=q
10844733	42	RESP=1
10857280	42	STIM=a
10862780	42	RESP=1
10873066	42	STIM=x
10877767	42	RESP=1
10891217	42	STIM=p
10894712	42	RESP=1
10908558	42	STIM=v
10911423	42	RESP=1
10926905	42	STIM=d
10931914	42	RESP=1
10942743	42	STIM=d
10948575	42	RESP=1
10959087	42	STIM=b
10963470	42	RESP=1
10977052	42	STIM=k
10979584	42	RESP=2
10995548	42	STIM=7
11004086	42	RESP=2
11013463	42	STIM=i
11019748	42	RESP=1
11030880	42	STIM=z
11034650	42	RESP=1
11048536	42	STIM=p
11057122	42	RESP=1
11064120	42	STIM=t
11070730	42	RESP=1
11079230	42	STIM=v
11086009	42	RESP=1
11096766	42	STIM=3
11104847	42	RESP=2
11114648	42	STIM=s
11119500	42	RESP=1
11130734	42	STIM=b
11139009	42	RESP=1
11149538	42	STIM=z
11153429	42	RESP=1
11165131	42	STIM=7
11170269	42	RESP=2
11181543	42	STIM=s
11186867	42	RESP=1
11198643	42	STIM=m
11202812	42	RESP=1
11216008	42	STIM=e
11220812	42	RESP=1
11231885	42	STIM=d
11234983	42	RESP=1
11247450	42	STIM=i
11253704	42	RESP=1
11266125	42	STIM=q
11270415	42	RESP=1
11283516	42	STIM=r
11286067	42	RESP=1
11302035	42	STIM=k
11304676	42	RESP=1
11317520	42	STIM=0
11321577	42	RESP=2
11332573	42	STIM=m
11336866	42	RESP=1
11348301	42	STIM=x
11353849	42	RESP=1
11366394	42	STIM=k
11374616	42	RESP=1
11381434	42	STIM=r
11384421	42	RESP=1
11396752	42	STIM=p
11400028	42	RESP=1
11415111	42	STIM=j
11418474	42	RESP=1
11432598	42	STIM=9
11437541	42	RESP=2
11449080	42	STIM=b
11453058	42	RESP=1
11464821	42	STIM=i
11469829	42	RESP=1
11480612	42	STIM=z
11485008	42	RESP=1
11497434	42	STIM=4
11506027	42	RESP=1
11514289	42	STIM=d
11523595	42	RESP=2
11530772	42	STIM=f
11535459	42	RESP=1
11546163	42	STIM=i
11548907	42	RESP=1
11564008	42	STIM=2
11569951	42	RESP=2
11582331	42	STIM=j
11585234	42	RESP=1
11599528	42	STIM=t
11604330	42	RESP=1
11617131	42	STIM=r
11620890	42	RESP=1
11635852	42	STIM=p
11639629	42	RESP=1
11654117	42	STIM=s
11656838	42	RESP=1
11670814	42	STIM=i
11674685	42	RESP=1
11688593	42	STIM=q
11694337	42	RESP=1
11704314	42	STIM=z
11707941	42	RESP=1
11720430	42	STIM=k
11724091	42	RESP=1
11738272	42	STIM=e
11741191	42	RESP=1
11755474	42	STIM=q
11759066	42	RESP=1
11770647	42	STIM=l
11776820	42	RESP=1
11789157	42	STIM=8
11797760	42	RESP=2
11808028	42	STIM=z
11812625	42	RESP=1
11823269	42	STIM=u
11829871	42	RESP=1
11839922	42	STIM=f
11844519	42	RESP=1
11855125	42	STIM=k
11858201	42	RESP=1
11870886	42	STIM=1
11874979	42	RESP=1
11889558	42	STIM=8
11896139	42	RESP=2
11904829	42	STIM=7
11911626	42	RESP=2
11922092	42	STIM=n
11926784	42	RESP=1
11940094	42	STIM=a
11943506	42	RESP=1
11955276	42	STIM=j
11958983	42	RESP=1
11973469	42	STIM=q
11977083	42	RESP=1
11992376	42	STIM=6
11996230	42	RESP=2
12011194	42	STIM=u
12017236	42	RESP=1
12027731	42	STIM=v
12032975	42	RESP=1
12042926	42	STIM=8
12048019	42	RESP=2
12057948	42	STIM=u
12066151	42	RESP=1
12075894	42	STIM=l
12080010	42	RESP=1
12091584	42	STIM=f
12095362	42	RESP=2
12106792	42	STIM=w
12112943	42	RESP=1
12124913	42	STIM=v
12128760	42	RESP=1
12141706	42	STIM=n
12144528	42	RESP=1
12160419	42	STIM=0
12167571	42	RESP=2
12179317	42	STIM=m
12185985	42	RESP=1
12196797	42	STIM=h
12203347	42	RESP=1
12214574	42	STIM=o
12220360	42	RESP=1
12231262	42	STIM=x
12235126	42	RESP=1
12247841	42	STIM=i
12251344	42	RESP=1
12263743	42	STIM=y
12268619	42	RESP=1
12281326	42	STIM=q
12285797	42	RESP=2
12297776	42	STIM=s
12302385	42	RESP=1
12316124	42	STIM=b
12319357	42	RESP=1
12334986	42	STIM=w
12339077	42	RESP=1
12352266	42	STIM=u
12359029	42	RESP=1
12367709	42	STIM=w
12373701	42	RESP=1
12386052	42	STIM=e
12389933	42	RESP=1
12401933	42	STIM=3
12406942	42	RESP=2
12417299	42	STIM=7
12422412	42	RESP=2
12432636	42	STIM=n
12437857	42	RESP=1
12449097	42	STIM=r
12458681	42	RESP=1
12466511	42	STIM=p
12470670	42	RESP=1
12484029	42	STIM=r
12487784	42	RESP=1
12501936	42	STIM=o
12506046	42	RESP=1
12518478	42	STIM=p
12521285	42	RESP=1
12536184	42	STIM=v
12544354	42	RESP=1
12553145	42	STIM=a
12558176	42	RESP=1
12568631	42	STIM=c
12571680	42	RESP=1
12587307	42	STIM=i
12593051	42	RESP=1
12606012	42	STIM=y
12610045	42	RESP=1
12622880	42	STIM=5
12627616	42	RESP=2
12640466	42	STIM=8
12648187	42	RESP=2
12657547	42	STIM=1
12662580	42	RESP=2
12672797	42	STIM=0
12676922	42	RESP=2
12691286	42	STIM=6
12696821	42	RESP=1
12709295	42	STIM=s
12715162	42	RESP=2
12727876	42	STIM=s
12732242	42	RESP=1
12746173	42	STIM=d
12751332	42	RESP=1
12761433	42	STIM=p
12765938	42	RESP=1
12777446	42	STIM=n
12780511	42	RESP=1
12793205	42	STIM=4
12799465	42	RESP=2
12809149	42	STIM=j
12812862	42	RESP=1
12826055	42	STIM=r
12830961	42	RESP=1
12844719	42	STIM=i
12848999	42	RESP=1
12861945	42	STIM=5
12871279	42	RESP=2
12880910	42	STIM=y
12889079	42	RESP=1
12897301	42	STIM=x
12901057	42	RESP=1
12915208	42	STIM=u
12922111	42	RESP=1
12930782	42	STIM=q
12936846	42	RESP=1
12949754	42	STIM=6
12954398	42	RESP=2
12965153	42	STIM=g
12972634	42	RESP=1
12981161	42	STIM=a
12986114	42	RESP=1
12998436	42	STIM=l
13002507	42	RESP=1
13014937	42	STIM=8
13023234	42	RESP=2
13031783	42	STIM=m
13035119	42	RESP=1
13047747	42	STIM=2
13053083	42	RESP=2
13063552	42	STIM=a
13066765	42	RESP=1
13081156	42	STIM=d
13087833	42	RESP=1
13097872	42	STIM=g
13102808	42	RESP=1
13115202	42	STIM=m
13123219	42	RESP=1
13132034	42	STIM=o
13137744	42	RESP=1
13147783	42	STIM=h
13152291	42	RESP=1
13164318	42	STIM=o
13167132	42	RESP=1
13182684	42	STIM=i
13187287	42	RESP=1
13200947	42	STIM=e
13204206	42	RESP=1
13219084	42	STIM=4
13225075	42	RESP=2
13234739	42	STIM=h
13244491	42	RESP=1
13251704	42	STIM=2
13257257	42	RESP=1
13270583	42	STIM=p
13274506	42	RESP=1
13286621	42	STIM=u
13290596	42	RESP=1
13302793	42	STIM=i
13307124	42	RESP=1
13319546	42	STIM=q
13324473	42	RESP=1
13336035	42	STIM=c
13339289	42	RESP=1
13354323	42	STIM=h
13360806	42	RESP=1
13371810	42	STIM=k
13376831	42	RESP=1
13387159	42	STIM=b
13393171	42	RESP=1
13404413	42	STIM=p
13408555	42	RESP=1
13419848	42	STIM=r
13426099	42	RESP=1
13436630	42	STIM=t
13441981	42	RESP=1
13453605	42	STIM=w
13457971	42	RESP=1
13469543	42	STIM=v
13474547	42	RESP=1
13488111	42	STIM=i
13490830	42	RESP=1
13505342	42	STIM=g
13513535	42	RESP=1
13520661	42	STIM=c
13525615	42	RESP=1
13536432	42	STIM=2
13542559	42	RESP=2
13553721	42	STIM=u
13557653	42	RESP=1
13571836	42	STIM=3
13579345	42	RESP=2
13587052	42	STIM=1
13595527	42	RESP=2
13602612	42	STIM=c
13612851	42	RESP=1
13621093	42	STIM=v
13626710	42	RESP=1
13638173	42	STIM=n
13642897	42	RESP=1
13655060	42	STIM=f
13658422	42	RESP=1
13672716	42	STIM=x
13676631	42	RESP=1
13689736	42	STIM=h
13696303	42	RESP=1
13706325	42	STIM=g
13710563	42	RESP=1
13723513	42	STIM=j
13726879	42	RESP=1
13740476	42	STIM=k
13747879	42	RESP=1
13755785	42	STIM=r
13760176	42	RESP=1
13772815	42	STIM=l
13781520	42	RESP=1
13790956	42	STIM=t
13795251	42	RESP=1
13809954	42	STIM=a
13814492	42	RESP=1
13828419	42	STIM=z
13832704	42	RESP=1
13844717	42	STIM=l
13847417	42	RESP=1
13860650	42	STIM=j
13863516	42	RESP=1
13876449	42	STIM=i
13881003	42	RESP=1
13892376	42	STIM=8
13900475	42	RESP=2
13910376	42	STIM=k
13915310	42	RESP=1
13926651	42	STIM=k
13931190	42	RESP=1
13943486	42	STIM=7
13948714	42	RESP=2
13958659	42	STIM=v
13963074	42	RESP=1
13973668	42	STIM=a
13978002	42	RESP=1
13990746	42	STIM=5
13995420	42	RESP=2
14009604	42	STIM=y
14014153	42	RESP=1
14025147	42	STIM=c
14029708	42	RESP=1
14043749	42	STIM=u
14049612	42	RESP=1
14061016	42	STIM=h
14066115	42	RESP=1
14078244	42	STIM=x
14087020	42	RESP=1
14093267	42	STIM=z
14098605	42	RESP=1
14112049	42	STIM=b
14119817	42	RESP=1
14127658	42	STIM=t
14130554	42	RESP=1
14145391	42	STIM=b
14150380	42	RESP=1
14161278	42	STIM=v
14165723	42	RESP=1
14177727	42	STIM=b
14184325	42	RESP=1
14194277	42	STIM=5
14197910	42	RESP=2
14212500	42	STIM=e
14216755	42	RESP=1
14230543	42	STIM=o
14236025	42	RESP=1
14249435	42	STIM=6
14255988	42	RESP=2
14264467	42	STIM=p
14267126	42	RESP=1
14281999	42	STIM=c
14286596	42	RESP=1
14300692	42	STIM=t
14307447	42	RESP=1
14316603	42	STIM=z
14320066	42	RESP=1
14334493	42	STIM=9
14340858	42	RESP=2
14352820	42	STIM=h
14355583	42	RESP=1
14369140	42	STIM=4
14373428	42	RESP=1
14385253	42	STIM=w
14388039	42	RESP=1
14400775	42	STIM=t
14405242	42	RESP=1
14416068	42	STIM=w
14420009	42	RESP=1
14433082	42	STIM=6
14439423	42	RESP=2
14448242	42	STIM=e
14453107	42	RESP=1
14464169	42	STIM=j
14468271	42	RESP=1
14480898	42	STIM=g
14485823	42	RESP=2
14498642	42	STIM=9
14504422	42	RESP=2
14515350	42	STIM=o
14519316	42	RESP=1
14531513	42	STIM=c
14535445	42	RESP=1
14550286	42	STIM=x
14556142	42	RESP=1
14568605	42	STIM=l
14576879	42	RESP=1
14585880	42	STIM=7
14590843	42	RESP=2
14603967	42	STIM=8
14611685	42	RESP=2
14620278	42	STIM=l
14623593	42	RESP=1
14635390	42	STIM=4
14640117	42	RESP=2
14652864	42	STIM=t
14655614	42	RESP=1
14670737	42	STIM=p
14674490	42	RESP=1
14688007	42	STIM=p
14690910	42	RESP=1
14705694	42	STIM=m
14708119	42	RESP=1
14723701	42	STIM=u
14730695	42	RESP=1
14739179	42	STIM=o
14744826	42	RESP=2
14757186	42	STIM=w
14761604	42	RESP=1
14776043	42	STIM=y
14781608	42	RESP=1
14792450	42	STIM=m
14796166	42	RESP=1
14807921	42	STIM=q
14811953	42	RESP=1
14825542	42	STIM=0
14830901	42	RESP=2
14844512	42	STIM=d
14848607	42	RESP=1
14862237	42	STIM=p
14866868	42	RESP=2
14879266	42	STIM=n
14884119	42	RESP=1
14895910	42	STIM=y
14899699	42	RESP=1
14914166	42	STIM=m
14916949	42	RESP=1
14931044	42	STIM=3
14939840	42	RESP=2
14949249	42	STIM=c
14955165	42	RESP=1
14967874	42	STIM=m
14972113	42	RESP=1
14985922	42	STIM=t
14990112	42	RESP=1
15001323	42	STIM=s
15007457	42	RESP=1
15019596	42	STIM=1
15026247	42	RESP=2
15036358	42	STIM=g
15041394	42	RESP=1
15052356	42	STIM=y
15056410	42	RESP=1
15071299	42	STIM=z
15077797	42	RESP=1
15088355	42	STIM=a
15091822	42	RESP=1
15105677	42	STIM=c
15111295	42	RESP=1
15122276	42	STIM=1
15128818	42	RESP=2
15140119	42	STIM=m
15144826	42	RESP=1
15157079	42	STIM=0
15164739	42	RESP=2
15174244	42	STIM=8
15178677	42	RESP=2
15193186	42	STIM=s
15199555	42	RESP=1
15209139	42	STIM=e
15213885	42	RESP=1
15225981	42	STIM=u
15228925	42	RESP=1
15242665	42	STIM=j
15254044	42	RESP=1
15261120	42	STIM=u
15267592	42	RESP=1
15277461	42	STIM=c
15282891	42	RESP=1
15294352	42	STIM=e
15296787	42	RESP=1
15310007	42	STIM=n
15313473	42	RESP=1
15325923	42	STIM=k
15330730	42	RESP=1
15343228	42	STIM=u
15350300	42	RESP=1
15359222	42	STIM=u
15364763	42	RESP=1
15376147	42	STIM=6
15385420	42	RESP=2
15392510	42	STIM=7
15399206	42	RESP=2
15408934	42	STIM=m
15413455	42	RESP=1
15427817	42	STIM=r
15433083	42	RESP=1
15445032	42	STIM=1
15453900	42	RESP=2
15460612	42	STIM=3
15466199	42	RESP=2
15476069	42	STIM=e
15484508	42	RESP=1
15493462	42	STIM=y
15499621	42	RESP=1
15512156	42	STIM=g
15515418	42	RESP=1
15529462	42	STIM=n
15535684	42	RESP=1
15547839	42	STIM=c
15553074	42	RESP=1
15565633	42	STIM=5
15569152	42	RESP=2
15583076	42	STIM=n
15589835	42	RESP=1
15600948	42	STIM=p
15607469	42	RESP=1
15618801	42	STIM=s
15622426	42	RESP=1
15635510	42	STIM=y
15643227	42	RESP=1
15652119	42	STIM=l
15655388	42	RESP=1
15668694	42	STIM=n
15673822	42	RESP=1
15687618	42	STIM=m
15693098	42	RESP=1
15706044	42	STIM=8
15711396	42	RESP=2
15724160	42	STIM=7
15729506	42	RESP=2
15743052	42	STIM=p
15745929	42	RESP=1
15760165	42	STIM=y
15766044	42	RESP=1
15777517	42	STIM=e
15781711	42	RESP=1
15796483	42	STIM=i
15800915	42	RESP=1
15811814	42	STIM=i
15816100	42	RESP=1
15828460	42	STIM=b
15831059	42	RESP=1
15846981	42	STIM=4
15851096	42	RESP=2
15865268	42	STIM=8
15868894	42	RESP=2
15881354	42	STIM=9
15887917	42	RESP=1
15897866	42	STIM=8
15904406	42	RESP=2
15915331	42	STIM=7
15921805	42	RESP=2
15931983	42	STIM=t
15938518	42	RESP=1
15949105	42	STIM=t
15954791	42	RESP=1
15965315	42	STIM=i
15969561	42	RESP=1
15983714	42	STIM=d
15989296	42	RESP=1
16002600	42	STIM=e
16009784	42	RESP=1
16018278	42	STIM=6
16023186	42	RESP=2
16035119	42	STIM=v
16040453	42	RESP=1
16054104	42	STIM=f
16059085	42	RESP=1
16070150	42	STIM=z
16073395	42	RESP=1
16087511	42	STIM=3
16096091	42	RESP=2
16106083	42	STIM=e
16109362	42	RESP=1
16123748	42	STIM=e
16128989	42	RESP=1
16139181	42	STIM=g
16141820	42	RESP=1
16155987	42	STIM=z
16159307	42	RESP=1
16172239	42	STIM=f
16176104	42	RESP=1
16190823	42	STIM=z
16193836	42	RESP=1
16207394	42	STIM=i
16213752	42	RESP=1
16226074	42	STIM=g
16231857	42	RESP=1
16243391	42	STIM=z
16250995	42	RESP=1
16262071	42	STIM=u
16267249	42	RESP=1
16277600	42	STIM=m
16281158	42	RESP=1
16295205	42	STIM=8
16299561	42	RESP=2
16311728	42	STIM=8
16317136	42	RESP=1
16329545	42	STIM=6
16333331	42	RESP=2
16347576	42	STIM=s
16352238	42	RESP=1
16363645	42	STIM=6
16368575	42	RESP=2
16380316	42	STIM=s
16383456	42	RESP=1
16397210	42	STIM=c
16399918	42	RESP=1
16416115	42	STIM=u
16419562	42	RESP=1
16433357	42	STIM=q
16437141	42	RESP=1
16449997	42	STIM=o
16457523	42	RESP=1
16467629	42	STIM=k
16471958	42	RESP=1
16482868	42	STIM=j
16487007	42	RESP=1
16501557	42	STIM=a
16505966	42	RESP=1
16519290	42	STIM=u
16524552	42	RESP=1
16537812	42	STIM=9
16546993	42	RESP=2
16556085	42	STIM=e
16562593	42	RESP=1
16571705	42	STIM=d
16574860	42	RESP=1
16589770	42	STIM=v
16592822	42	RESP=1
16608050	42	STIM=h
16612951	42	RESP=1
16624854	42	STIM=s
16630768	42	RESP=1
16641087	42	STIM=n
16644417	42	RESP=2
16659403	42	STIM=9
16669506	42	RESP=2
16678241	42	STIM=h
16684533	42	RESP=2
16696006	42	STIM=y
16702160	42	RESP=1
16714609	42	STIM=t
16719451	42	RESP=1
16731742	42	STIM=b
16739192	42	RESP=1
16749216	42	STIM=z
16753271	42	RESP=1
16766924	42	STIM=r
16770589	42	RESP=1
16783667	42	STIM=g
16790784	42	RESP=1
16801799	42	STIM=f
16805773	42	RESP=1
16818002	42	STIM=m
16825474	42	RESP=1
16834001	42	STIM=d
16840096	42	RESP=1
16852926	42	STIM=p
16856100	42	RESP=1
16869169	42	STIM=y
16878319	42	RESP=1
16884628	42	STIM=v
16887841	42	RESP=1
16899760	42	STIM=n
16903729	42	RESP=1
16916655	42	STIM=r
16921143	42	RESP=1
16932672	42	STIM=o
16943067	42	RESP=1
16948777	42	STIM=m
16952201	42	RESP=1
16966188	42	STIM=j
16969511	42	RESP=1
16982123	42	STIM=7
16989175	42	RESP=2
16999233	42	STIM=h
17003205	42	RESP=1
17017827	42	STIM=s
17022041	42	RESP=1
17036650	42	STIM=4
17042472	42	RESP=1
17055298	42	STIM=d
17059821	42	RESP=1
17072593	42	STIM=k
17076983	42	RESP=1
17089453	42	STIM=d
17093934	42	RESP=1
17107164	42	STIM=w
17114576	42	RESP=1
17125845	42	STIM=b
17129140	42	RESP=1
17142244	42	STIM=3
17146202	42	RESP=2
17158064	42	STIM=c
17163223	42	RESP=1
17175949	42	STIM=a
17180492	42	RESP=1
17194871	42	STIM=n
17198781	42	RESP=1
17213415	42	STIM=j
17215979	42	RESP=1
17232241	42	STIM=y
17236079	42	RESP=1
17249112	42	STIM=w
17252719	42	RESP=1
17267001	42	STIM=k
17271036	42	RESP=1
17284596	42	STIM=v
17288983	42	RESP=1
17303064	42	STIM=x
17306949	42	RESP=1
17321588	42	STIM=m
17331811	42	RESP=1
17337129	42	STIM=d
17343226	42	RESP=1
17355928	42	STIM=o
17362213	42	RESP=1
17371347	42	STIM=e
17374708	42	RESP=1
17386577	42	STIM=m
17392990	42	RESP=1
17405138	42	STIM=g
17409271	42	RESP=1
17422132	42	STIM=w
17428805	42	RESP=1
17438912	42	STIM=a
17442182	42	RESP=1
17454424	42	STIM=q
17457545	42	RESP=1
17471661	42	STIM=m
17475982	42	RESP=1
17490373	42	STIM=p
17493912	42	RESP=1
17505772	42	STIM=4
17511808	42	RESP=2
17524190	42	STIM=s
17528486	42	RESP=1
17542625	42	STIM=g
17546813	42	RESP=1
17559404	42	STIM=o
17563586	42	RESP=1
17574876	42	STIM=9
17580228	42	RESP=2
17593044	42	STIM=k
17599045	42	RESP=2
17612005	42	STIM=7
17617554	42	RESP=2
17630910	42	STIM=v
17634832	42	RESP=1
17647812	42	STIM=n
17651535	42	RESP=1
17662871	42	STIM=h
17668493	42	RESP=1
17680016	42	STIM=5
17684191	42	RESP=2
17697095	42	STIM=m
17700454	42	RESP=1
17716090	42	STIM=z
17720549	42	RESP=1
17732178	42	STIM=2
17739839	42	RESP=2
17749429	42	STIM=r
17754465	42	RESP=1
17766184	42	STIM=y
17769052	42	RESP=1
17784207	42	STIM=g
17787886	42	RESP=1
17800171	42	STIM=c
17804189	42	RESP=1
17816329	42	STIM=2
17820205	42	RESP=2
17834819	42	STIM=h
17837457	42	RESP=1
17852927	42	STIM=o
17856526	42	RESP=1
17871549	42	STIM=m
17880760	42	RESP=1
17887157	42	STIM=9
17894549	42	RESP=2
17902581	42	STIM=0
17908125	42	RESP=2
17920805	42	STIM=s
17927129	42	RESP=1
17939345	42	STIM=w
17948121	42	RESP=1
17957128	42	STIM=f
17959463	42	RESP=1
17973307	42	STIM=h
17978597	42	RESP=1
17989433	42	STIM=d
17994571	42	RESP=1
18008067	42	STIM=d
18011860	42	RESP=1
18024563	42	STIM=v
18028840	42	RESP=1
18039999	42	STIM=7
18044367	42	RESP=2
18056029	42	STIM=2
18063044	42	RESP=2
18071033	42	STIM=s
18075942	42	RESP=1
18089930	42	STIM=9
18095298	42	RESP=1
18107444	42	STIM=c
18111805	42	RESP=1
18124915	42	STIM=u
18128769	42	RESP=1
18142723	42	STIM=l
18147193	42	RESP=1
18159092	42	STIM=z
18161566	42	RESP=1
18176228	42	STIM=m
18181259	42	RESP=1
18193393	42	STIM=h
18201601	42	RESP=1
18210567	42	STIM=k
18215076	42	RESP=1
18229087	42	STIM=h
18231849	42	RESP=1
18247187	42	STIM=k
18256600	42	RESP=1
18265483	42	STIM=v
18269648	42	RESP=1
18283910	42	STIM=3
18289638	42	RESP=2
18301442	42	STIM=p
18305984	42	RESP=1
18319806	42	STIM=3
18324221	42	RESP=2
18337397	42	STIM=8
18344362	42	RESP=2
18353008	42	STIM=e
18355756	42	RESP=1
18368493	42	STIM=r
18371857	42	RESP=1
18384919	42	STIM=h
18392592	42	RESP=1
18403229	42	STIM=v
18406563	42	RESP=1
18419184	42	STIM=y
18423480	42	RESP=1
18435421	42	STIM=w
18439641	42	RESP=1
18452788	42	STIM=x
18458300	42	RESP=1
18469195	42	STIM=i
18472712	42	RESP=1
18486630	42	STIM=n
18491311	42	RESP=1
18503256	42	STIM=p
18507436	42	RESP=1
18520092	42	STIM=7
18526508	42	RESP=2
18538408	42	STIM=1
18544485	42	RESP=2
18553486	42	STIM=u
18558639	42	RESP=1
18570282	42	STIM=9
18574270	42	RESP=2
18588250	42	STIM=g
18593044	42	RESP=2
18604789	42	STIM=0
18609741	42	RESP=2
18619834	42	STIM=m
18627515	42	RESP=1
18636717	42	STIM=1
18643652	42	RESP=2
18654732	42	STIM=h
18659652	42	RESP=1
18673457	42	STIM=d
18679378	42	RESP=1
18688723	42	STIM=9
18696447	42	RESP=1
18707310	42	STIM=r
18710264	42	RESP=1
18725866	42	STIM=8
18731837	42	RESP=1
18742167	42	STIM=1
18746320	42	RESP=2
18758146	42	STIM=r
18762629	42	RESP=1
18775617	42	STIM=k
18781039	42	RESP=1
18794489	42	STIM=g
18799922	42	RESP=1
18810855	42	STIM=5
18814805	42	RESP=1
18826279	42	STIM=5
18832851	42	RESP=2
18844476	42	STIM=o
18849251	42	RESP=2
18861791	42	STIM=z
18867656	42	RESP=1
18880245	42	STIM=r
18886875	42	RESP=2
18897009	42	STIM=y
18901179	42	RESP=1
18912255	42	STIM=4
18916942	42	RESP=2
18929527	42	STIM=u
18934131	42	RESP=1
18948003	42	STIM=o
18954149	42	RESP=1
18964941	42	STIM=x
18971469	42	RESP=1
18981941	42	STIM=u
18988085	42	RESP=1
19000107	42	STIM=x
19006500	42	RESP=1
19019022	42	STIM=u
19024199	42	RESP=1
19037208	42	STIM=g
19043354	42	RESP=1
19055577	42	STIM=0
19061066	42	RESP=2
19071741	42	STIM=h
19075185	42	RESP=1
19087996	42	STIM=t
19091660	42	RESP=1
19103704	42	STIM=x
19113504	42	RESP=1
19121264	42	STIM=9
19129157	42	RESP=2
19139274	42	STIM=b
19143048	42	RESP=1
19156075	42	STIM=t
19161364	42	RESP=1
19173334	42	STIM=7
19181190	42	RESP=2
19188554	42	STIM=z
19193933	42	RESP=1
19205961	42	STIM=g
19210232	42	RESP=1
19224763	42	STIM=2
19230931	42	RESP=2
19241722	42	STIM=x
19244950	42	RESP=1
19259410	42	STIM=z
19264357	42	RESP=1
19276230	42	STIM=h
19281548	42	RESP=1
19292513	42	STIM=z
19295469	42	RESP=1
19310906	42	STIM=j
19316052	42	RESP=1
19329349	42	STIM=p
19337050	42	RESP=1
19345054	42	STIM=l
19351207	42	RESP=1
19362322	42	STIM=p
19372993	42	RESP=1
19377921	42	STIM=0
19381539	42	RESP=2
19395261	42	STIM=l
19400197	42	RESP=1
19411542	42	STIM=u
19417782	42	RESP=1
19428386	42	STIM=5
19432701	42	RESP=2
19444066	42	STIM=k
19448057	42	RESP=2
19462474	42	STIM=w
19472412	42	RESP=1
19477701	42	STIM=3
19486043	42	RESP=2
19492982	42	STIM=k
19495823	42	RESP=1
19511389	42	STIM=k
19515254	42	RESP=1
19528651	42	STIM=d
19534885	42	RESP=1
19543695	42	STIM=b
19548128	42	RESP=1
19562361	42	STIM=e
19568456	42	RESP=1
19579405	42	STIM=m
19585067	42	RESP=1
19596937	42	STIM=g
19602152	42	RESP=1
19613122	42	STIM=t
19616838	42	RESP=1
19630383	42	STIM=i
19634898	42	RESP=1
19646765	42	STIM=u
19649780	42	RESP=1
19662700	42	STIM=5
19667867	42	RESP=1
19679107	42	STIM=3
19683188	42	RESP=2
19696721	42	STIM=w
19701367	42	RESP=1
19715278	42	STIM=0
19720258	42	RESP=2
19731356	42	STIM=r
19738094	42	RESP=1
19746596	42	STIM=e
19751806	42	RESP=1
19762363	42	STIM=s
19767902	42	RESP=1
19781256	42	STIM=w
19791023	42	RESP=1
19797925	42	STIM=e
19802258	42	RESP=1
19815115	42	STIM=s
19818171	42	RESP=1
19831613	42	STIM=d
19835834	42	RESP=1
19847057	42	STIM=l
19853483	42	RESP=1
19864003	42	STIM=9
19869553	42	RESP=1
19881771	42	STIM=o
19887496	42	RESP=1
19900469	42	STIM=y
19903946	42	RESP=1
19918481	42	STIM=8
19923574	42	RESP=1
19936090	42	STIM=z
19940867	42	RESP=1
19953414	42	STIM=6
19959578	42	RESP=2
19968912	42	STIM=g
19973210	42	RESP=1
19987417	42	STIM=n
19993653	42	RESP=1
20004313	42	STIM=o
20011056	42	RESP=1
20021934	42	STIM=3
20028445	42	RESP=2
20037163	42	STIM=f
20040283	42	RESP=1
20053947	42	STIM=w
20058587	42	RESP=1
20069027	42	STIM=h
20073608	42	RESP=1
20085067	42	STIM=l
20090493	42	RESP=1
20103234	42	STIM=o
20106458	42	RESP=1
20120705	42	STIM=1
20126304	42	RESP=1
20136360	42	STIM=f
20141275	42	RESP=1
20151607	42	STIM=f
20159373	42	RESP=1
20168709	42	STIM=r
20172235	42	RESP=1
20186336	42	STIM=m
20191436	42	RESP=1
20203700	42	STIM=x
20209524	42	RESP=1
20218705	42	STIM=h
20223282	42	RESP=1
20237687	42	STIM=y
20246940	42	RESP=1
20252690	42	STIM=b
20255427	42	RESP=1
20268824	42	STIM=b
20271913	42	RESP=1
20287088	42	STIM=e
20295959	42	RESP=1
20305271	42	STIM=v
20311487	42	RESP=1
20322856	42	STIM=t
20329319	42	RESP=1
20341139	42	STIM=o
20346255	42	RESP=1
20356931	42	STIM=z
20360895	42	RESP=1
20373579	42	STIM=s
20376215	42	RESP=1
20389756	42	STIM=m
20395089	42	RESP=1
20405413	42	STIM=y
20408744	42	RESP=1
20422420	42	STIM=d
20428311	42	RESP=1
20438904	42	STIM=9
20442938	42	RESP=2
20455649	42	STIM=t
20460742	42	RESP=1
20471424	42	STIM=g
20475827	42	RESP=1
20489683	42	STIM=x
20493900	42	RESP=1
20507291	42	STIM=7
20511808	42	RESP=2
20525519	42	STIM=c
20533712	42	RESP=1
20541580	42	STIM=y
20546122	42	RESP=1
20559686	42	STIM=b
20565553	42	RESP=1
20576385	42	STIM=z
20580643	42	RESP=1
20594815	42	STIM=i
20599179	42	RESP=1
20612040	42	STIM=f
20617475	42	RESP=1
20627823	42	STIM=a
20632562	42	RESP=1
20646486	42	STIM=s
20653744	42	RESP=1
20661665	42	STIM=q
20666291	42	RESP=1
20676921	42	STIM=s
20680394	42	RESP=1
20692291	42	STIM=d
20698991	42	RESP=1
20708009	42	STIM=f
20712685	42	RESP=1
20723780	42	STIM=x
20728186	42	RESP=1
20740223	42	STIM=0
20744391	42	RESP=2
20758384	42	STIM=n
20762994	42	RESP=1
20776924	42	STIM=y
20781447	42	RESP=1
20794483	42	STIM=k
20800914	42	RESP=1
20811107	42	STIM=g
20815005	42	RESP=1
20826602	42	STIM=7
20832371	42	RESP=2
20844913	42	STIM=n
20848787	42	RESP=1
20861943	42	STIM=j
20865092	42	RESP=1
20877134	42	STIM=e
20880592	42	RESP=1
20894348	42	STIM=c
20899930	42	RESP=1
20913046	42	STIM=i
20919924	42	RESP=1
20930481	42	STIM=c
20934123	42	RESP=1
20948971	42	STIM=9
20953498	42	RESP=2
20966802	42	STIM=i
20970543	42	RESP=1
20984696	42	STIM=x
20992603	42	RESP=1
21001634	42	STIM=g
21005686	42	RESP=1
21018634	42	STIM=y
21022068	42	RESP=1
21035272	42	STIM=v
21038512	42	RESP=1
21052914	42	STIM=v
21060546	42	RESP=1
21069319	42	STIM=j
21075282	42	RESP=1
21084506	42	STIM=e
21088552	42	RESP=1
21099612	42	STIM=v
21104108	42	RESP=1
21117962	42	STIM=h
21120703	42	RESP=1
21135904	42	STIM=v
21140727	42	RESP=1
21154245	42	STIM=9
21160213	42	RESP=2
21171648	42	STIM=8
21180831	42	RESP=2
21188581	42	STIM=w
21192817	42	RESP=1
21204964	42	STIM=l
21207974	42	RESP=1
21222431	42	STIM=1
21226806	42	RESP=1
21240007	42	STIM=j
21243505	42	RESP=1
21256323	42	STIM=a
21258971	42	RESP=1
21272927	42	STIM=p
21279466	42	RESP=1
21290725	42	STIM=2
21295526	42	RESP=2
21306550	42	STIM=z
21309606	42	RESP=1
21321778	42	STIM=v
21324591	42	RESP=1
21339712	42	STIM=t
21344937	42	RESP=1
21358016	42	STIM=b
21362167	42	RESP=1
21374785	42	STIM=i
21378927	42	RESP=1
21391209	42	STIM=k
21394455	42	RESP=1
21408640	42	STIM=h
21412012	42	RESP=1
21427445	42	STIM=9
21433307	42	RESP=2
21443642	42	STIM=y
21448200	42	RESP=1
21461708	42	STIM=p
21466709	42	RESP=1
21478463	42	STIM=s
21482091	42	RESP=1
21496292	42	STIM=q
21500159	42	RESP=1
21514608	42	STIM=e
21520101	42	RESP=1
21533434	42	STIM=7
21539168	42	RESP=2
21548746	42	STIM=r
21551818	42	RESP=1
21566532	42	STIM=x
21573628	42	RESP=1
21581875	42	STIM=d
21587162	42	RESP=1
21597858	42	STIM=8
21602006	42	RESP=2
21616252	42	STIM=u
21622289	42	RESP=1
21634548	42	STIM=j
21638466	42	RESP=1
21650965	42	STIM=c
21654280	42	RESP=1
21667461	42	STIM=s
21672637	42	RESP=1
21686337	42	STIM=q
21694307	42	RESP=1
21702974	42	STIM=a
21708686	42	RESP=1
21719955	42	STIM=w
21723721	42	RESP=1
21735278	42	STIM=z
21740345	42	RESP=1
21753909	42	STIM=m
21759052	42	RESP=1
21771493	42	STIM=p
21775728	42	RESP=1
21786513	42	STIM=t
21790754	42	RESP=1
21804676	42	STIM=b
21809577	42	RESP=1
21823491	42	STIM=x
21828058	42	RESP=1
21841332	42	STIM=s
21847927	42	RESP=1
21860237	42	STIM=s
21863779	42	RESP=2
