# Original filename: 0047_HJA_2017-06-09.log
# Time unit: 100 us
# RARECAT=digit
#
# Time	HHGG	Event
36067	42	STIM=3
42759	42	RESP=2
54011	42	STIM=p
60219	42	RESP=1
70343	42	STIM=8
77482	42	RESP=2
87544	42	STIM=o
93269	42	RESP=1
106043	42	STIM=q
111914	42	RESP=1
123938	42	STIM=x
131294	42	RESP=1
140870	42	STIM=o
145953	42	RESP=1
158248	42	STIM=y
164718	42	RESP=1
175576	42	STIM=5
180931	42	RESP=2
194481	42	STIM=o
202397	42	RESP=1
213448	42	STIM=j
220408	42	RESP=1
228560	42	STIM=2
232853	42	RESP=1
244300	42	STIM=b
257374	42	RESP=1
259434	42	STIM=s
263918	42	RESP=1
274816	42	STIM=a
278774	42	RESP=1
291614	42	STIM=f
296885	42	RESP=1
309619	42	STIM=l
317389	42	RESP=1
327734	42	STIM=i
335818	42	RESP=1
342954	42	STIM=o
350943	42	RESP=1
358409	42	STIM=h
363791	42	RESP=1
376552	42	STIM=c
381406	42	RESP=1
391734	42	STIM=1
397542	42	RESP=2
410067	42	STIM=r
418846	42	RESP=1
426667	42	STIM=u
431360	42	RESP=1
441764	42	STIM=4
449502	42	RESP=2
458333	42	STIM=d
461788	42	RESP=1
476554	42	STIM=l
483366	42	RESP=1
491730	42	STIM=v
496108	42	RESP=1
510043	42	STIM=0
514046	42	RESP=1
528435	42	STIM=a
534912	42	RESP=1
547420	42	STIM=g
555899	42	RESP=1
564212	42	STIM=8
569931	42	RESP=2
581407	42	STIM=v
590111	42	RESP=1
600093	42	STIM=p
604075	42	RESP=1
616731	42	STIM=e
622878	42	RESP=1
634424	42	STIM=c
639283	42	RESP=1
653102	42	STIM=i
658857	42	RESP=1
669690	42	STIM=5
674720	42	RESP=2
686792	42	STIM=a
692169	42	RESP=1
702232	42	STIM=j
706858	42	RESP=2
719965	42	STIM=i
723113	42	RESP=1
735493	42	STIM=2
740977	42	RESP=2
753929	42	STIM=3
760145	42	RESP=2
772504	42	STIM=j
779409	42	RESP=1
789287	42	STIM=k
795279	42	RESP=1
804864	42	STIM=5
809485	42	RESP=1
822049	42	STIM=7
830407	42	RESP=2
837711	42	STIM=u
842214	42	RESP=1
854922	42	STIM=y
862961	42	RESP=1
872229	42	STIM=c
878930	42	RESP=1
890039	42	STIM=x
894630	42	RESP=1
908420	42	STIM=9
913139	42	RESP=2
926466	42	STIM=2
932197	42	RESP=2
944636	42	STIM=k
954097	42	RESP=1
960532	42	STIM=2
966708	42	RESP=2
977035	42	STIM=h
980203	42	RESP=1
993975	42	STIM=k
998333	42	RESP=1
1010761	42	STIM=o
1015453	42	RESP=1
1026343	42	STIM=m
1029916	42	RESP=1
1045215	42	STIM=s
1050762	42	RESP=2
1062731	42	STIM=m
1067713	42	RESP=1
1081428	42	STIM=6
1089802	42	RESP=2
1099741	42	STIM=q
1104606	42	RESP=1
1116342	42	STIM=a
1122767	42	RESP=1
1132189	42	STIM=9
1138123	42	RESP=2
1150501	42	STIM=z
1162600	42	RESP=1
1167120	42	STIM=q
1170546	42	RESP=1
1186008	42	STIM=z
1193458	42	RESP=1
1202955	42	STIM=0
1209993	42	RESP=1
1219403	42	STIM=c
1225892	42	RESP=1
1235658	42	STIM=m
1239423	42	RESP=1
1254152	42	STIM=a
1261349	42	RESP=1
1269165	42	STIM=a
1274894	42	RESP=1
1287147	42	STIM=h
1291378	42	RESP=1
1303917	42	STIM=n
1312862	42	RESP=1
1319149	42	STIM=d
1324908	42	RESP=1
1338069	42	STIM=j
1348853	42	RESP=2
1355359	42	STIM=9
1360631	42	RESP=2
1372595	42	STIM=m
1383520	42	RESP=1
1391470	42	STIM=7
1397841	42	RESP=1
1407238	42	STIM=o
1418188	42	RESP=1
1424152	42	STIM=a
1429737	42	RESP=1
1442404	42	STIM=9
1450870	42	RESP=2
1457888	42	STIM=k
1464016	42	RESP=1
1475605	42	STIM=i
1484319	42	RESP=1
1494165	42	STIM=q
1499229	42	RESP=1
1512854	42	STIM=b
1521968	42	RESP=1
1529492	42	STIM=l
1533509	42	RESP=1
1547142	42	STIM=t
1551954	42	RESP=1
1565665	42	STIM=i
1570132	42	RESP=1
1581274	42	STIM=o
1584515	42	RESP=1
1597884	42	STIM=w
1603406	42	RESP=1
1616240	42	STIM=v
1625420	42	RESP=1
1632560	42	STIM=w
1638392	42	RESP=2
1649756	42	STIM=f
1652980	42	RESP=1
1667327	42	STIM=y
1674453	42	RESP=1
1686076	42	STIM=z
1691181	42	RESP=1
1703331	42	STIM=8
1712917	42	RESP=1
1718956	42	STIM=z
1724528	42	RESP=1
1735837	42	STIM=p
1743275	42	RESP=1
1751708	42	STIM=q
1764894	42	RESP=1
1769198	42	STIM=d
1773220	42	RESP=2
1787709	42	STIM=u
1790552	42	RESP=1
1804343	42	STIM=5
1812418	42	RESP=1
1821706	42	STIM=u
1826432	42	RESP=1
1840213	42	STIM=q
1846083	42	RESP=1
1857256	42	STIM=z
1861778	42	RESP=1
1875531	42	STIM=g
1880264	42	RESP=1
1894099	42	STIM=v
1900563	42	RESP=1
1913013	42	STIM=u
1917251	42	RESP=1
1930495	42	STIM=j
1936991	42	RESP=1
1947042	42	STIM=m
1952479	42	RESP=1
1962302	42	STIM=0
1967816	42	RESP=1
1977616	42	STIM=e
1986395	42	RESP=1
1992829	42	STIM=d
1996491	42	RESP=1
2009179	42	STIM=f
2013214	42	RESP=1
2027293	42	STIM=u
2031376	42	RESP=1
2044115	42	STIM=m
2052700	42	RESP=1
2059519	42	STIM=p
2064405	42	RESP=1
2078280	42	STIM=8
2083791	42	RESP=2
2095455	42	STIM=o
2100201	42	RESP=1
2112774	42	STIM=c
2116103	42	RESP=1
2131385	42	STIM=9
2138527	42	RESP=2
2149563	42	STIM=s
2153491	42	RESP=1
2164573	42	STIM=2
2170421	42	RESP=2
2180573	42	STIM=s
2187403	42	RESP=1
2196543	42	STIM=s
2204161	42	RESP=1
2214617	42	STIM=x
2222010	42	RESP=1
2231286	42	STIM=p
2235958	42	RESP=1
2249689	42	STIM=e
2254140	42	RESP=1
2265016	42	STIM=m
2273942	42	RESP=1
2282965	42	STIM=p
2287166	42	RESP=2
2299239	42	STIM=u
2304351	42	RESP=1
2317144	42	STIM=t
2320513	42	RESP=1
2332800	42	STIM=i
2337862	42	RESP=1
2348204	42	STIM=i
2352707	42	RESP=1
2365024	42	STIM=b
2370329	42	RESP=1
2380715	42	STIM=l
2389236	42	RESP=1
2395799	42	STIM=c
2403178	42	RESP=1
2413759	42	STIM=s
2419823	42	RESP=1
2430057	42	STIM=k
2436353	42	RESP=1
2447491	42	STIM=t
2451526	42	RESP=1
2465120	42	STIM=r
2469245	42	RESP=1
2481805	42	STIM=e
2486239	42	RESP=1
2498380	42	STIM=9
2502998	42	RESP=2
2516696	42	STIM=b
2524802	42	RESP=1
2532569	42	STIM=z
2536429	42	RESP=1
2548395	42	STIM=9
2554753	42	RESP=2
2567107	42	STIM=b
2572204	42	RESP=1
2583853	42	STIM=a
2588068	42	RESP=1
2600912	42	STIM=u
2606869	42	RESP=1
2619783	42	STIM=c
2624374	42	RESP=1
2635567	42	STIM=3
2644168	42	RESP=2
2650796	42	STIM=j
2655210	42	RESP=1
2667769	42	STIM=h
2673552	42	RESP=1
2685826	42	STIM=q
2690534	42	RESP=1
2702503	42	STIM=n
2711762	42	RESP=1
2720977	42	STIM=4
2726088	42	RESP=1
2738715	42	STIM=7
2745094	42	RESP=2
2755022	42	STIM=c
2760272	42	RESP=1
2773311	42	STIM=j
2777560	42	RESP=1
2790199	42	STIM=q
2796891	42	RESP=1
2808236	42	STIM=w
2811672	42	RESP=1
2826553	42	STIM=s
2835904	42	RESP=1
2844712	42	STIM=c
2848872	42	RESP=1
2863417	42	STIM=h
2869618	42	RESP=1
2880338	42	STIM=w
2884102	42	RESP=1
2897704	42	STIM=p
2901376	42	RESP=1
2915462	42	STIM=o
2920648	42	RESP=1
2933562	42	STIM=q
2938801	42	RESP=1
2951457	42	STIM=w
2954239	42	RESP=1
2969366	42	STIM=w
2972887	42	RESP=1
2986710	42	STIM=8
2992486	42	RESP=2
3005319	42	STIM=j
3010195	42	RESP=1
3023778	42	STIM=z
3027954	42	RESP=1
3041387	42	STIM=6
3049877	42	RESP=2
3057653	42	STIM=a
3065321	42	RESP=1
3074508	42	STIM=f
3082810	42	RESP=1
3090800	42	STIM=x
3098089	42	RESP=1
3107275	42	STIM=x
3110937	42	RESP=1
3122732	42	STIM=6
3131145	42	RESP=2
3140223	42	STIM=d
3145865	42	RESP=1
3157293	42	STIM=w
3164563	42	RESP=1
3175479	42	STIM=u
3183908	42	RESP=1
3194283	42	STIM=j
3201467	42	RESP=1
3210135	42	STIM=z
3213318	42	RESP=1
3226630	42	STIM=n
3233946	42	RESP=1
3245478	42	STIM=j
3248961	42	RESP=1
3261170	42	STIM=9
3266303	42	RESP=1
3278436	42	STIM=3
3285403	42	RESP=2
3295425	42	STIM=h
3300010	42	RESP=1
3311245	42	STIM=r
3322149	42	RESP=1
3329741	42	STIM=x
3334709	42	RESP=1
3347355	42	STIM=j
3352224	42	RESP=1
3362951	42	STIM=r
3365948	42	RESP=1
3379049	42	STIM=r
3384176	42	RESP=1
3394411	42	STIM=u
3398446	42	RESP=1
3409510	42	STIM=2
3414793	42	RESP=2
3425838	42	STIM=7
3431513	42	RESP=2
3444496	42	STIM=j
3452471	42	RESP=1
3461989	42	STIM=c
3471519	42	RESP=1
3479255	42	STIM=j
3485227	42	RESP=1
3497723	42	STIM=q
3504157	42	RESP=1
3516578	42	STIM=4
3521214	42	RESP=1
3535115	42	STIM=i
3539935	42	RESP=1
3550727	42	STIM=l
3554822	42	RESP=1
3566600	42	STIM=6
3573020	42	RESP=2
3585484	42	STIM=j
3588327	42	RESP=1
3604083	42	STIM=e
3608649	42	RESP=1
3622717	42	STIM=8
3629099	42	RESP=2
3640157	42	STIM=m
3644854	42	RESP=1
3655470	42	STIM=0
3661984	42	RESP=1
3672439	42	STIM=e
3679478	42	RESP=1
3688454	42	STIM=g
3694490	42	RESP=1
3706319	42	STIM=w
3713658	42	RESP=1
3723588	42	STIM=u
3734105	42	RESP=1
3741388	42	STIM=s
3748814	42	RESP=1
3758562	42	STIM=j
3763867	42	RESP=1
3774494	42	STIM=3
3786810	42	RESP=2
3790187	42	STIM=r
3794519	42	RESP=1
3807119	42	STIM=u
3823757	42	RESP=1
3824752	42	STIM=3
3830050	42	RESP=2
3840079	42	STIM=a
3844764	42	RESP=1
3857097	42	STIM=d
3861522	42	RESP=1
3873217	42	STIM=j
3879578	42	RESP=1
3889971	42	STIM=b
3893702	42	RESP=1
3908558	42	STIM=j
3915023	42	RESP=1
3925916	42	STIM=9
3933652	42	RESP=1
3943231	42	STIM=y
3946872	42	RESP=1
3960435	42	STIM=w
3965157	42	RESP=1
3977202	42	STIM=w
3983421	42	RESP=1
3995131	42	STIM=c
4001212	42	RESP=1
4010881	42	STIM=v
4016334	42	RESP=1
4028305	42	STIM=n
4031523	42	RESP=1
4046819	42	STIM=o
4052020	42	RESP=1
4062409	42	STIM=i
4067775	42	RESP=1
4078570	42	STIM=o
4082149	42	RESP=1
4093773	42	STIM=e
4098555	42	RESP=1
4109884	42	STIM=a
4113061	42	RESP=1
4125438	42	STIM=y
4131137	42	RESP=1
4142363	42	STIM=e
4146815	42	RESP=1
4159136	42	STIM=a
4164027	42	RESP=1
4174327	42	STIM=4
4182944	42	RESP=2
4190117	42	STIM=k
4194623	42	RESP=1
4207693	42	STIM=r
4217081	42	RESP=1
4226454	42	STIM=z
4233937	42	RESP=1
4242809	42	STIM=p
4246952	42	RESP=1
4258949	42	STIM=1
4271989	42	RESP=2
4276586	42	STIM=x
4286352	42	RESP=1
4294677	42	STIM=p
4302112	42	RESP=1
4311836	42	STIM=w
4318814	42	RESP=1
4327591	42	STIM=x
4332210	42	RESP=1
4343734	42	STIM=k
4350403	42	RESP=1
4359058	42	STIM=k
4362709	42	RESP=1
4374666	42	STIM=y
4379996	42	RESP=1
4392259	42	STIM=r
4397995	42	RESP=1
4410290	42	STIM=t
4416363	42	RESP=1
4427160	42	STIM=i
4434159	42	RESP=1
4443632	42	STIM=q
4447540	42	RESP=1
4461544	42	STIM=v
4466497	42	RESP=1
4477756	42	STIM=p
4480538	42	RESP=1
4493110	42	STIM=1
4501862	42	RESP=2
4511744	42	STIM=z
4519306	42	RESP=1
4527997	42	STIM=p
4535867	42	RESP=1
4544996	42	STIM=g
4552544	42	RESP=1
4563536	42	STIM=e
4573113	42	RESP=1
4580478	42	STIM=n
4585563	42	RESP=1
4597804	42	STIM=z
4605718	42	RESP=1
4613307	42	STIM=x
4618797	42	RESP=1
4631598	42	STIM=7
4640427	42	RESP=2
4648024	42	STIM=m
4655698	42	RESP=1
4663200	42	STIM=6
4670493	42	RESP=2
4680883	42	STIM=y
4686719	42	RESP=2
4699701	42	STIM=l
4705458	42	RESP=1
4718247	42	STIM=f
4725487	42	RESP=1
4734383	42	STIM=u
4742834	42	RESP=1
4753104	42	STIM=x
4756489	42	RESP=1
4771584	42	STIM=h
4778458	42	RESP=1
4789147	42	STIM=p
4791951	42	RESP=1
4806086	42	STIM=i
4810612	42	RESP=1
4823648	42	STIM=p
4829924	42	RESP=1
4840246	42	STIM=9
4847906	42	RESP=2
4855330	42	STIM=p
4858680	42	RESP=1
4870872	42	STIM=k
4877056	42	RESP=1
4887998	42	STIM=6
4895218	42	RESP=2
4906804	42	STIM=k
4912918	42	RESP=1
4922672	42	STIM=p
4925620	42	RESP=1
4938586	42	STIM=v
4943178	42	RESP=1
4954614	42	STIM=n
4961608	42	RESP=1
4972784	42	STIM=u
4975461	42	RESP=1
4988025	42	STIM=o
4994957	42	RESP=1
5006935	42	STIM=t
5011181	42	RESP=1
5022410	42	STIM=2
5027518	42	RESP=2
5040430	42	STIM=e
5048900	42	RESP=1
5056025	42	STIM=e
5061076	42	RESP=1
5073542	42	STIM=q
5078584	42	RESP=2
5090293	42	STIM=f
5095120	42	RESP=1
5105994	42	STIM=d
5111716	42	RESP=1
5121833	42	STIM=2
5131357	42	RESP=2
5137070	42	STIM=g
5142089	42	RESP=1
5154375	42	STIM=c
5164181	42	RESP=1
5172449	42	STIM=c
5182533	42	RESP=1
5188098	42	STIM=j
5194516	42	RESP=1
5204599	42	STIM=c
5213589	42	RESP=1
5221484	42	STIM=3
5227342	42	RESP=2
5237192	42	STIM=n
5240679	42	RESP=1
5252579	42	STIM=o
5257755	42	RESP=1
5270147	42	STIM=e
5276936	42	RESP=1
5287208	42	STIM=0
5292122	42	RESP=1
5302423	42	STIM=c
5309301	42	RESP=1
5320259	42	STIM=9
5327692	42	RESP=2
5338535	42	STIM=j
5343771	42	RESP=1
5355987	42	STIM=0
5360421	42	RESP=2
5374524	42	STIM=o
5379042	42	RESP=1
5391301	42	STIM=9
5401578	42	RESP=2
5408090	42	STIM=8
5413376	42	RESP=2
5424895	42	STIM=k
5429181	42	RESP=1
5442306	42	STIM=9
5446838	42	RESP=2
5459655	42	STIM=5
5469851	42	RESP=2
5476136	42	STIM=v
5479900	42	RESP=1
5491672	42	STIM=v
5496261	42	RESP=1
5509590	42	STIM=m
5516051	42	RESP=2
5525307	42	STIM=s
5531295	42	RESP=1
5543049	42	STIM=9
5547967	42	RESP=2
5561310	42	STIM=f
5571185	42	RESP=1
5577864	42	STIM=r
5583444	42	RESP=1
5593208	42	STIM=7
5598461	42	RESP=1
5608378	42	STIM=l
5614084	42	RESP=1
5624931	42	STIM=9
5633241	42	RESP=2
5641529	42	STIM=3
5647771	42	RESP=2
5657443	42	STIM=y
5662500	42	RESP=2
5673152	42	STIM=e
5679031	42	RESP=1
5690625	42	STIM=1
5694905	42	RESP=2
5707738	42	STIM=q
5710533	42	RESP=1
5726456	42	STIM=j
5732666	42	RESP=1
5742628	42	STIM=8
5749430	42	RESP=2
5759588	42	STIM=k
5766400	42	RESP=1
5778187	42	STIM=j
5785731	42	RESP=1
5793276	42	STIM=r
5797801	42	RESP=1
5808896	42	STIM=j
5812105	42	RESP=1
5824849	42	STIM=m
5830551	42	RESP=1
5841582	42	STIM=i
5852000	42	RESP=1
5859067	42	STIM=a
5866501	42	RESP=1
5875603	42	STIM=n
5880762	42	RESP=2
5892905	42	STIM=q
5895773	42	RESP=1
5908265	42	STIM=9
5916082	42	RESP=2
5925975	42	STIM=z
5935543	42	RESP=2
5941030	42	STIM=l
5945887	42	RESP=1
5956402	42	STIM=y
5963372	42	RESP=1
5974857	42	STIM=b
5982821	42	RESP=1
5992527	42	STIM=e
5998219	42	RESP=1
6007892	42	STIM=1
6015724	42	RESP=2
6023474	42	STIM=n
6031069	42	RESP=1
6042401	42	STIM=j
6046763	42	RESP=1
6060553	42	STIM=m
6065976	42	RESP=1
6079551	42	STIM=1
6087486	42	RESP=2
6096383	42	STIM=d
6100486	42	RESP=1
6112455	42	STIM=g
6117483	42	RESP=1
6128689	42	STIM=6
6133396	42	RESP=2
6147603	42	STIM=l
6152981	42	RESP=1
6166094	42	STIM=j
6177861	42	RESP=1
6182463	42	STIM=v
6186948	42	RESP=1
6199886	42	STIM=k
6205309	42	RESP=1
6216723	42	STIM=c
6223770	42	RESP=1
6233900	42	STIM=q
6240484	42	RESP=1
6251644	42	STIM=l
6256658	42	RESP=1
6269968	42	STIM=z
6276585	42	RESP=1
6288396	42	STIM=r
6297831	42	RESP=1
6305621	42	STIM=d
6312809	42	RESP=1
6323920	42	STIM=v
6329343	42	RESP=1
6340849	42	STIM=x
6347771	42	RESP=1
6358241	42	STIM=y
6363082	42	RESP=1
6373887	42	STIM=h
6377544	42	RESP=1
6391523	42	STIM=y
6399204	42	RESP=1
6409979	42	STIM=r
6417848	42	RESP=1
6428033	42	STIM=h
6436475	42	RESP=1
6443563	42	STIM=p
6449385	42	RESP=1
6462269	42	STIM=z
6471154	42	RESP=1
6478834	42	STIM=p
6487331	42	RESP=1
6496943	42	STIM=g
6500723	42	RESP=1
6513986	42	STIM=i
6522137	42	RESP=1
6532372	42	STIM=c
6541146	42	RESP=1
6551187	42	STIM=u
6559659	42	RESP=1
6567594	42	STIM=a
6571909	42	RESP=1
6585649	42	STIM=q
6590252	42	RESP=1
6601392	42	STIM=2
6606303	42	RESP=2
6618176	42	STIM=v
6621480	42	RESP=1
6636458	42	STIM=g
6644604	42	RESP=1
6655171	42	STIM=q
6659831	42	RESP=1
6671698	42	STIM=h
6679096	42	RESP=1
6687482	42	STIM=y
6692311	42	RESP=1
6704487	42	STIM=7
6711336	42	RESP=2
6721584	42	STIM=0
6726594	42	RESP=2
6737082	42	STIM=i
6743561	42	RESP=1
6753690	42	STIM=0
6758314	42	RESP=2
6772366	42	STIM=f
6777886	42	RESP=1
6788993	42	STIM=q
6793653	42	RESP=2
6807811	42	STIM=h
6813757	42	RESP=1
6825630	42	STIM=y
6828284	42	RESP=1
6844325	42	STIM=j
6848594	42	RESP=1
6859820	42	STIM=m
6863309	42	RESP=1
6876381	42	STIM=t
6881611	42	RESP=1
6893923	42	STIM=p
6899766	42	RESP=1
6912078	42	STIM=r
6920681	42	RESP=1
6928652	42	STIM=q
6937440	42	RESP=1
6944163	42	STIM=j
6951580	42	RESP=1
6960826	42	STIM=1
6968684	42	RESP=2
6978623	42	STIM=w
6982335	42	RESP=1
6995816	42	STIM=5
7008270	42	RESP=2
7011426	42	STIM=g
7017171	42	RESP=1
7029838	42	STIM=q
7040471	42	RESP=1
7046525	42	STIM=n
7052027	42	RESP=1
7063315	42	STIM=q
7069811	42	RESP=1
7081448	42	STIM=c
7086429	42	RESP=1
7099885	42	STIM=s
7109670	42	RESP=1
7116000	42	STIM=g
7119653	42	RESP=1
7131867	42	STIM=3
7139575	42	RESP=2
7149313	42	STIM=8
7156126	42	RESP=2
7167678	42	STIM=b
7178343	42	RESP=1
7184540	42	STIM=j
7189074	42	RESP=1
7201865	42	STIM=e
7206194	42	RESP=1
7218747	42	STIM=0
7223754	42	RESP=2
7235880	42	STIM=f
7243656	42	RESP=2
7252979	42	STIM=o
7260299	42	RESP=1
7271302	42	STIM=j
7274551	42	RESP=1
7287938	42	STIM=1
7292533	42	RESP=2
7306741	42	STIM=5
7315375	42	RESP=2
7325593	42	STIM=a
7332055	42	RESP=1
7344439	42	STIM=6
7356093	42	RESP=2
7361602	42	STIM=r
7366333	42	RESP=1
7380174	42	STIM=q
7385725	42	RESP=1
7397347	42	STIM=k
7404087	42	RESP=1
7414367	42	STIM=e
7419087	42	RESP=1
7432618	42	STIM=l
7436943	42	RESP=1
7450570	42	STIM=3
7459924	42	RESP=2
7466135	42	STIM=h
7472715	42	RESP=1
7482605	42	STIM=5
7489852	42	RESP=2
7498085	42	STIM=y
7502089	42	RESP=1
7516218	42	STIM=y
7523193	42	RESP=1
7534571	42	STIM=u
7541402	42	RESP=1
7551852	42	STIM=t
7555335	42	RESP=1
7568359	42	STIM=j
7572235	42	RESP=1
7585772	42	STIM=2
7592185	42	RESP=2
7604496	42	STIM=c
7611757	42	RESP=1
7622217	42	STIM=3
7628775	42	RESP=1
7638862	42	STIM=4
7643624	42	RESP=2
7655153	42	STIM=v
7661366	42	RESP=1
7671455	42	STIM=g
7677715	42	RESP=1
7688704	42	STIM=6
7694554	42	RESP=2
7707152	42	STIM=q
7712057	42	RESP=1
7722986	42	STIM=f
7728036	42	RESP=1
7740190	42	STIM=3
7745444	42	RESP=2
7756678	42	STIM=x
7760504	42	RESP=1
7774914	42	STIM=l
7781374	42	RESP=1
7792215	42	STIM=j
7797893	42	RESP=1
7811200	42	STIM=m
7822326	42	RESP=1
7829024	42	STIM=9
7837779	42	RESP=1
7844590	42	STIM=h
7853154	42	RESP=1
7861120	42	STIM=p
7868755	42	RESP=1
7877712	42	STIM=z
7883936	42	RESP=1
7896389	42	STIM=e
7899868	42	RESP=1
7912675	42	STIM=9
7918248	42	RESP=2
7931629	42	STIM=a
7935624	42	RESP=1
7946765	42	STIM=v
7951182	42	RESP=1
7962041	42	STIM=5
7966295	42	RESP=2
7980864	42	STIM=c
7987471	42	RESP=1
7999261	42	STIM=z
8003336	42	RESP=1
8014627	42	STIM=c
8025138	42	RESP=1
8030163	42	STIM=4
8034172	42	RESP=2
8047793	42	STIM=v
8052752	42	RESP=1
8064458	42	STIM=j
8069323	42	RESP=2
8082504	42	STIM=t
8085529	42	RESP=1
8100743	42	STIM=p
8105238	42	RESP=1
8119376	42	STIM=m
8123688	42	RESP=1
8136432	42	STIM=o
8139431	42	RESP=1
8152260	42	STIM=v
8155486	42	RESP=1
8167888	42	STIM=e
8176819	42	RESP=1
8183773	42	STIM=4
8189891	42	RESP=2
8202381	42	STIM=s
8209689	42	RESP=1
8220817	42	STIM=s
8225574	42	RESP=1
8239106	42	STIM=d
8244873	42	RESP=1
8255420	42	STIM=4
8261075	42	RESP=2
8272691	42	STIM=x
8276068	42	RESP=1
8288342	42	STIM=q
8293193	42	RESP=1
8306570	42	STIM=q
8310521	42	RESP=1
8321987	42	STIM=s
8330327	42	RESP=1
8340169	42	STIM=p
8344052	42	RESP=1
8356336	42	STIM=e
8360906	42	RESP=1
8371681	42	STIM=a
8375626	42	RESP=1
8390676	42	STIM=v
8395145	42	RESP=1
8406588	42	STIM=c
8409436	42	RESP=1
8423285	42	STIM=y
8428584	42	RESP=1
8439983	42	STIM=a
8445349	42	RESP=1
8455040	42	STIM=m
8460951	42	RESP=1
8471743	42	STIM=o
8476793	42	RESP=1
8488428	42	STIM=i
8494225	42	RESP=1
8504808	42	STIM=h
8509009	42	RESP=1
8523397	42	STIM=r
8525949	42	RESP=1
8539462	42	STIM=1
8544496	42	RESP=1
8555814	42	STIM=8
8561475	42	RESP=2
8570885	42	STIM=g
8575909	42	RESP=1
8589322	42	STIM=9
8596240	42	RESP=2
8604783	42	STIM=l
8609659	42	RESP=1
8623427	42	STIM=8
8629468	42	RESP=2
8641041	42	STIM=o
8647999	42	RESP=1
8657225	42	STIM=l
8659629	42	RESP=1
8675923	42	STIM=n
8681077	42	RESP=1
8694820	42	STIM=z
8699869	42	RESP=1
8711772	42	STIM=4
8719534	42	RESP=2
8727265	42	STIM=a
8733336	42	RESP=1
8745527	42	STIM=6
8752555	42	RESP=2
8760592	42	STIM=3
8768056	42	RESP=1
8775940	42	STIM=g
8781559	42	RESP=1
8792419	42	STIM=b
8796706	42	RESP=1
8807653	42	STIM=k
8810773	42	RESP=2
8824557	42	STIM=r
8827826	42	RESP=1
8839669	42	STIM=t
8844952	42	RESP=1
8856506	42	STIM=3
8862522	42	RESP=2
8871930	42	STIM=y
8876821	42	RESP=1
8887651	42	STIM=t
8893574	42	RESP=1
8904287	42	STIM=x
8915583	42	RESP=1
8922057	42	STIM=z
8924533	42	RESP=1
8940852	42	STIM=o
8945792	42	RESP=1
8957994	42	STIM=i
8961685	42	RESP=1
8975333	42	STIM=c
8980285	42	RESP=1
8991306	42	STIM=s
8995189	42	RESP=1
9008681	42	STIM=v
9012424	42	RESP=1
9026051	42	STIM=w
9032104	42	RESP=1
9044404	42	STIM=m
9049632	42	RESP=1
9060165	42	STIM=g
9064867	42	RESP=1
9078170	42	STIM=3
9086840	42	RESP=2
9095160	42	STIM=k
9099827	42	RESP=1
9113665	42	STIM=w
9120001	42	RESP=1
9132116	42	STIM=z
9141436	42	RESP=1
9148402	42	STIM=9
9153495	42	RESP=2
9163800	42	STIM=j
9171578	42	RESP=1
9181060	42	STIM=3
9189747	42	RESP=2
9196285	42	STIM=2
9205935	42	RESP=1
9214549	42	STIM=s
9218495	42	RESP=1
9233207	42	STIM=f
9237563	42	RESP=1
9250984	42	STIM=4
9255357	42	RESP=2
9267906	42	STIM=m
9275491	42	RESP=1
9286905	42	STIM=p
9290030	42	RESP=1
9305115	42	STIM=b
9310046	42	RESP=1
9322522	42	STIM=z
9326526	42	RESP=1
9338679	42	STIM=0
9346204	42	RESP=2
9357526	42	STIM=o
9364126	42	RESP=1
9376235	42	STIM=5
9382002	42	RESP=2
9393651	42	STIM=t
9397805	42	RESP=1
9409041	42	STIM=g
9414497	42	RESP=1
9425693	42	STIM=j
9430194	42	RESP=1
9441836	42	STIM=d
9449304	42	RESP=1
9460023	42	STIM=f
9467326	42	RESP=1
9477667	42	STIM=s
9482365	42	RESP=1
9494555	42	STIM=y
9498612	42	RESP=1
9510239	42	STIM=j
9514695	42	RESP=1
9527509	42	STIM=p
9536448	42	RESP=1
9543586	42	STIM=a
9548901	42	RESP=1
9561829	42	STIM=y
9572352	42	RESP=1
9578489	42	STIM=s
9584337	42	RESP=1
9595525	42	STIM=j
9600424	42	RESP=1
9613735	42	STIM=f
9617288	42	RESP=1
9630199	42	STIM=n
9635610	42	RESP=1
9648859	42	STIM=h
9655010	42	RESP=1
9666278	42	STIM=4
9673526	42	RESP=1
9681316	42	STIM=u
9686470	42	RESP=1
9696651	42	STIM=u
9709719	42	RESP=1
9714911	42	STIM=q
9722334	42	RESP=1
9732004	42	STIM=x
9735399	42	RESP=1
9748719	42	STIM=i
9752443	42	RESP=1
9764387	42	STIM=f
9769358	42	RESP=1
9780035	42	STIM=b
9786178	42	RESP=2
9797839	42	STIM=b
9804674	42	RESP=1
9816413	42	STIM=4
9825369	42	RESP=2
9832838	42	STIM=5
9837603	42	RESP=2
9849853	42	STIM=v
9854293	42	RESP=1
9867216	42	STIM=3
9872997	42	RESP=1
9883280	42	STIM=7
9891175	42	RESP=2
9901140	42	STIM=l
9904841	42	RESP=1
9916986	42	STIM=x
9921506	42	RESP=1
9935805	42	STIM=f
9940103	42	RESP=1
9952058	42	STIM=d
9959486	42	RESP=1
9970272	42	STIM=l
9974181	42	RESP=2
9985295	42	STIM=q
9990025	42	RESP=1
10002833	42	STIM=j
10007203	42	RESP=1
10020167	42	STIM=a
10025261	42	RESP=1
10038706	42	STIM=g
10043597	42	RESP=1
10056115	42	STIM=c
10061775	42	RESP=1
10071930	42	STIM=3
10080200	42	RESP=2
10088052	42	STIM=r
10094405	42	RESP=1
10105436	42	STIM=x
10108744	42	RESP=1
10122983	42	STIM=u
10128581	42	RESP=1
10141497	42	STIM=v
10147653	42	RESP=1
10158145	42	STIM=j
10164809	42	RESP=1
10173610	42	STIM=0
10183807	42	RESP=2
10189101	42	STIM=f
10193562	42	RESP=2
10204887	42	STIM=8
10214922	42	RESP=1
10220842	42	STIM=k
10225395	42	RESP=1
10235900	42	STIM=i
10239273	42	RESP=1
10254815	42	STIM=d
10262295	42	RESP=1
10269837	42	STIM=z
10275156	42	RESP=1
10285242	42	STIM=2
10289712	42	RESP=2
10301360	42	STIM=h
10306357	42	RESP=1
10317686	42	STIM=g
10322232	42	RESP=1
10333624	42	STIM=4
10341758	42	RESP=2
10350134	42	STIM=j
10356424	42	RESP=1
10368340	42	STIM=d
10374669	42	RESP=1
10385273	42	STIM=z
10388801	42	RESP=1
10400294	42	STIM=9
10410693	42	RESP=2
10416298	42	STIM=b
10423543	42	RESP=1
10431298	42	STIM=2
10437466	42	RESP=2
10448742	42	STIM=r
10455245	42	RESP=1
10466463	42	STIM=x
10471021	42	RESP=1
10481797	42	STIM=p
10486674	42	RESP=1
10497250	42	STIM=e
10501166	42	RESP=1
10512915	42	STIM=d
10520668	42	RESP=1
10530558	42	STIM=c
10536932	42	RESP=1
10548659	42	STIM=h
10555275	42	RESP=1
10567001	42	STIM=5
10572897	42	RESP=2
10584331	42	STIM=a
10588195	42	RESP=1
10601793	42	STIM=h
10610073	42	RESP=1
10620454	42	STIM=b
10626328	42	RESP=1
10636740	42	STIM=7
10644963	42	RESP=2
10654386	42	STIM=3
10660333	42	RESP=2
10672378	42	STIM=y
10679005	42	RESP=1
10690042	42	STIM=t
10696021	42	RESP=1
10706709	42	STIM=w
10711401	42	RESP=1
10723481	42	STIM=6
10738501	42	RESP=2
10741200	42	STIM=k
10744167	42	RESP=1
10758815	42	STIM=0
10765136	42	RESP=2
10776768	42	STIM=e
10785893	42	RESP=1
10792188	42	STIM=l
10798463	42	RESP=1
10809877	42	STIM=j
10816483	42	RESP=1
10828615	42	STIM=6
10837184	42	RESP=2
10844112	42	STIM=x
10851422	42	RESP=1
10863001	42	STIM=t
10871779	42	RESP=1
10881814	42	STIM=b
10888782	42	RESP=1
10900206	42	STIM=p
10904927	42	RESP=1
10916241	42	STIM=1
10920829	42	RESP=1
10931416	42	STIM=s
10936451	42	RESP=1
10948130	42	STIM=v
10956774	42	RESP=1
10964516	42	STIM=3
10973257	42	RESP=1
10981150	42	STIM=t
10991146	42	RESP=1
10996747	42	STIM=b
11004097	42	RESP=1
11012696	42	STIM=e
11016473	42	RESP=1
11028628	42	STIM=h
11035494	42	RESP=1
11045681	42	STIM=s
11050549	42	RESP=1
11062534	42	STIM=5
11072971	42	RESP=2
11078168	42	STIM=k
11083797	42	RESP=1
11093856	42	STIM=u
11098555	42	RESP=1
11110657	42	STIM=0
11116599	42	RESP=2
11129249	42	STIM=8
11134777	42	RESP=2
11147438	42	STIM=5
11153913	42	RESP=2
11164590	42	STIM=x
11168919	42	RESP=1
11181075	42	STIM=0
11186559	42	RESP=2
11199911	42	STIM=t
11203743	42	RESP=1
11217113	42	STIM=f
11224703	42	RESP=1
11235314	42	STIM=x
11240678	42	RESP=1
11251618	42	STIM=s
11257697	42	RESP=1
11268566	42	STIM=5
11276779	42	RESP=2
11286100	42	STIM=5
11290902	42	RESP=2
11303361	42	STIM=e
11308854	42	RESP=1
11319864	42	STIM=9
11326768	42	RESP=2
11338847	42	STIM=j
11344342	42	RESP=1
11355720	42	STIM=s
11361095	42	RESP=1
11374292	42	STIM=v
11380019	42	RESP=1
11389525	42	STIM=m
11392512	42	RESP=1
11405858	42	STIM=v
11412307	42	RESP=1
11421779	42	STIM=e
11427575	42	RESP=1
11437491	42	STIM=q
11445481	42	RESP=1
11456359	42	STIM=p
11464436	42	RESP=1
11472056	42	STIM=1
11479052	42	RESP=2
11487230	42	STIM=w
11490858	42	RESP=1
11503739	42	STIM=r
11510080	42	RESP=1
11521690	42	STIM=j
11525218	42	RESP=1
11539315	42	STIM=7
11544332	42	RESP=2
11557774	42	STIM=w
11562541	42	RESP=1
11575746	42	STIM=a
11581154	42	RESP=1
11594001	42	STIM=g
11599977	42	RESP=1
11610378	42	STIM=9
11616040	42	RESP=2
11627691	42	STIM=n
11632014	42	RESP=1
11646549	42	STIM=e
11651143	42	RESP=1
11663817	42	STIM=f
11669400	42	RESP=1
11680286	42	STIM=x
11685473	42	RESP=1
11695732	42	STIM=p
11705047	42	RESP=1
11711219	42	STIM=o
11714140	42	RESP=1
11726840	42	STIM=0
11732111	42	RESP=2
11744244	42	STIM=m
11750792	42	RESP=1
11761083	42	STIM=z
11764821	42	RESP=1
11777755	42	STIM=5
11783035	42	RESP=2
11794424	42	STIM=a
11802234	42	RESP=1
11809592	42	STIM=u
11821540	42	RESP=1
11825247	42	STIM=g
11834816	42	RESP=1
11843089	42	STIM=g
11846323	42	RESP=1
11858724	42	STIM=0
11868364	42	RESP=1
11877414	42	STIM=n
11882877	42	RESP=1
11892864	42	STIM=2
11897781	42	RESP=1
11909729	42	STIM=h
11918592	42	RESP=1
11926223	42	STIM=2
11931481	42	RESP=2
11942114	42	STIM=r
11946368	42	RESP=1
11959585	42	STIM=u
11963714	42	RESP=1
11975354	42	STIM=t
11982043	42	RESP=1
11991043	42	STIM=z
11996274	42	RESP=1
12008715	42	STIM=q
12012678	42	RESP=1
12025181	42	STIM=4
12031589	42	RESP=2
12042960	42	STIM=n
12048083	42	RESP=1
12060901	42	STIM=u
12068554	42	RESP=1
12077015	42	STIM=o
12081942	42	RESP=1
12093365	42	STIM=b
12100486	42	RESP=1
12108778	42	STIM=a
12113968	42	RESP=1
12124134	42	STIM=w
12128793	42	RESP=2
12141351	42	STIM=0
12148165	42	RESP=2
12159476	42	STIM=i
12164671	42	RESP=1
12176450	42	STIM=a
12184978	42	RESP=1
12191559	42	STIM=l
12198070	42	RESP=1
12206760	42	STIM=b
12213683	42	RESP=1
12225662	42	STIM=7
12231786	42	RESP=2
12243758	42	STIM=8
12251415	42	RESP=2
12260600	42	STIM=2
12264834	42	RESP=2
12279020	42	STIM=m
12283158	42	RESP=1
12295522	42	STIM=i
12301169	42	RESP=1
12313912	42	STIM=z
12319712	42	RESP=1
12331112	42	STIM=x
12335131	42	RESP=1
12350038	42	STIM=e
12354217	42	RESP=1
12367921	42	STIM=m
12372367	42	RESP=2
12385397	42	STIM=y
12389462	42	RESP=1
12403580	42	STIM=r
12410480	42	RESP=1
12420298	42	STIM=4
12424547	42	RESP=1
12436537	42	STIM=z
12442190	42	RESP=1
12452669	42	STIM=9
12458029	42	RESP=2
12470354	42	STIM=y
12475657	42	RESP=1
12486531	42	STIM=r
12493495	42	RESP=1
12504251	42	STIM=e
12510041	42	RESP=1
12519282	42	STIM=c
12522788	42	RESP=1
12535826	42	STIM=b
12540820	42	RESP=1
12552064	42	STIM=k
12557609	42	RESP=1
12568428	42	STIM=w
12572877	42	RESP=1
12587018	42	STIM=7
12597515	42	RESP=2
12605577	42	STIM=b
12611321	42	RESP=1
12622481	42	STIM=y
12629800	42	RESP=1
12639878	42	STIM=g
12643316	42	RESP=1
12655559	42	STIM=t
12659475	42	RESP=1
12672208	42	STIM=f
12676610	42	RESP=1
12690666	42	STIM=h
12694529	42	RESP=1
12706445	42	STIM=7
12713205	42	RESP=2
12724472	42	STIM=0
12730398	42	RESP=1
12740739	42	STIM=t
12746056	42	RESP=1
12758563	42	STIM=p
12762502	42	RESP=1
12777221	42	STIM=g
12787234	42	RESP=1
12795597	42	STIM=w
12799301	42	RESP=1
12812333	42	STIM=v
12818165	42	RESP=1
12828679	42	STIM=c
12835308	42	RESP=1
12846064	42	STIM=5
12860235	42	RESP=1
12863804	42	STIM=s
12868788	42	RESP=1
12882134	42	STIM=e
12885818	42	RESP=1
12898258	42	STIM=m
12905224	42	RESP=1
12914611	42	STIM=o
12918245	42	RESP=1
12932996	42	STIM=x
12939051	42	RESP=1
12951531	42	STIM=w
12956886	42	RESP=1
12966659	42	STIM=v
12971312	42	RESP=1
12982462	42	STIM=h
12988961	42	RESP=1
12998666	42	STIM=q
13004605	42	RESP=1
13015959	42	STIM=5
13023591	42	RESP=2
13033854	42	STIM=c
13036565	42	RESP=1
13049402	42	STIM=2
13059488	42	RESP=2
13067796	42	STIM=v
13072013	42	RESP=1
13083623	42	STIM=p
13089251	42	RESP=1
13102195	42	STIM=r
13105767	42	RESP=1
13120119	42	STIM=x
13127408	42	RESP=1
13139045	42	STIM=t
13144736	42	RESP=1
13158034	42	STIM=g
13163572	42	RESP=2
13175634	42	STIM=8
13185613	42	RESP=2
13194502	42	STIM=6
13202686	42	RESP=1
13212561	42	STIM=i
13216864	42	RESP=1
13228269	42	STIM=k
13235357	42	RESP=1
13246442	42	STIM=d
13252442	42	RESP=1
13265414	42	STIM=5
13270664	42	RESP=2
13284027	42	STIM=t
13287958	42	RESP=1
13299373	42	STIM=8
13307071	42	RESP=2
13317791	42	STIM=d
13323053	42	RESP=1
13335982	42	STIM=3
13343166	42	RESP=2
13352203	42	STIM=j
13362299	42	RESP=1
13367415	42	STIM=d
13373828	42	RESP=1
13384230	42	STIM=f
13390172	42	RESP=1
13400722	42	STIM=v
13411223	42	RESP=1
13417398	42	STIM=f
13424243	42	RESP=1
13434258	42	STIM=l
13437618	42	RESP=1
13450158	42	STIM=y
13460134	42	RESP=1
13465900	42	STIM=x
13472773	42	RESP=1
13481439	42	STIM=o
13487920	42	RESP=1
13497536	42	STIM=k
13500952	42	RESP=1
13514704	42	STIM=r
13524990	42	RESP=1
13531871	42	STIM=n
13544601	42	RESP=1
13548929	42	STIM=s
13555219	42	RESP=1
13567114	42	STIM=z
13571686	42	RESP=1
13584652	42	STIM=4
13590482	42	RESP=2
13600417	42	STIM=u
13608893	42	RESP=1
13619359	42	STIM=q
13623582	42	RESP=1
13635327	42	STIM=7
13641300	42	RESP=1
13652204	42	STIM=k
13657784	42	RESP=1
13669461	42	STIM=r
13675168	42	RESP=1
13686471	42	STIM=v
13695597	42	RESP=1
13703111	42	STIM=7
13709870	42	RESP=2
13721997	42	STIM=g
13728549	42	RESP=1
13738953	42	STIM=g
13745239	42	RESP=1
13756489	42	STIM=k
13759637	42	RESP=1
13772891	42	STIM=h
13777481	42	RESP=1
13790377	42	STIM=z
13796017	42	RESP=1
13805891	42	STIM=f
13809410	42	RESP=1
13824865	42	STIM=r
13829268	42	RESP=1
13841214	42	STIM=l
13846865	42	RESP=1
13859054	42	STIM=c
13867187	42	RESP=1
13874122	42	STIM=g
13878107	42	RESP=1
13891271	42	STIM=2
13897528	42	RESP=2
13906801	42	STIM=v
13912719	42	RESP=1
13922841	42	STIM=f
13928463	42	RESP=2
13938734	42	STIM=8
13944600	42	RESP=2
13956589	42	STIM=f
13968706	42	RESP=1
13973643	42	STIM=b
13981574	42	RESP=1
13992217	42	STIM=f
13995875	42	RESP=1
14009758	42	STIM=6
14014974	42	RESP=2
14028542	42	STIM=o
14034442	42	RESP=1
14045893	42	STIM=9
14051246	42	RESP=2
14062596	42	STIM=u
14068222	42	RESP=1
14077796	42	STIM=c
14081416	42	RESP=1
14094831	42	STIM=b
14098243	42	RESP=1
14110027	42	STIM=7
14115948	42	RESP=2
14127409	42	STIM=d
14130769	42	RESP=1
14145323	42	STIM=l
14151755	42	RESP=1
14162676	42	STIM=o
14168174	42	RESP=1
14180070	42	STIM=j
14185877	42	RESP=1
14197007	42	STIM=q
14202074	42	RESP=1
14213066	42	STIM=6
14219342	42	RESP=2
14230846	42	STIM=a
14235845	42	RESP=1
14249581	42	STIM=f
14256517	42	RESP=1
14266733	42	STIM=h
14273112	42	RESP=1
14283688	42	STIM=k
14288675	42	RESP=1
14302244	42	STIM=i
14310655	42	RESP=1
14319634	42	STIM=q
14324561	42	RESP=1
14337787	42	STIM=h
14345519	42	RESP=1
14355456	42	STIM=v
14360251	42	RESP=1
14373116	42	STIM=1
14379345	42	RESP=2
14389080	42	STIM=n
14394070	42	RESP=1
14406824	42	STIM=0
14414144	42	RESP=2
14425099	42	STIM=2
14429741	42	RESP=2
14441274	42	STIM=f
14444188	42	RESP=1
14459448	42	STIM=7
14466930	42	RESP=2
14476526	42	STIM=v
14492106	42	RESP=1
14494909	42	STIM=0
14499570	42	RESP=2
14512511	42	STIM=z
14517139	42	RESP=1
14529295	42	STIM=0
14533889	42	RESP=2
14544587	42	STIM=w
14551177	42	RESP=1
14559798	42	STIM=5
14566723	42	RESP=2
14576759	42	STIM=s
14582908	42	RESP=1
14593537	42	STIM=i
14598574	42	RESP=1
14609045	42	STIM=0
14614773	42	RESP=2
14626882	42	STIM=t
14634041	42	RESP=1
14643368	42	STIM=p
14652438	42	RESP=1
14659211	42	STIM=t
14664864	42	RESP=1
14676254	42	STIM=h
14682449	42	RESP=1
14695188	42	STIM=5
14699487	42	RESP=2
14710692	42	STIM=o
14718001	42	RESP=1
14729212	42	STIM=v
14732779	42	RESP=1
14747537	42	STIM=f
14758174	42	RESP=1
14763788	42	STIM=f
14767604	42	RESP=1
14779599	42	STIM=1
14786954	42	RESP=2
14796422	42	STIM=c
14800994	42	RESP=1
14812842	42	STIM=x
14821599	42	RESP=1
14828123	42	STIM=w
14831942	42	RESP=1
14843344	42	STIM=u
14847828	42	RESP=1
14859111	42	STIM=q
14863293	42	RESP=1
14876979	42	STIM=r
14884840	42	RESP=1
14893137	42	STIM=f
14897573	42	RESP=1
14909042	42	STIM=u
14916045	42	RESP=1
14925325	42	STIM=u
14932689	42	RESP=1
14941913	42	STIM=y
14945316	42	RESP=1
14959309	42	STIM=b
14965491	42	RESP=1
14977060	42	STIM=q
14984194	42	RESP=1
14993997	42	STIM=g
15003306	42	RESP=1
15012814	42	STIM=h
15019332	42	RESP=1
15029863	42	STIM=t
15034550	42	RESP=1
15046831	42	STIM=m
15054524	42	RESP=1
15063580	42	STIM=1
15067972	42	RESP=2
15079975	42	STIM=j
15086137	42	RESP=1
15095363	42	STIM=s
15100553	42	RESP=1
15111730	42	STIM=c
15115988	42	RESP=1
15129174	42	STIM=p
15135301	42	RESP=1
15144459	42	STIM=i
15150184	42	RESP=1
15160437	42	STIM=x
15167646	42	RESP=1
15179140	42	STIM=d
15183911	42	RESP=1
15197438	42	STIM=z
15203130	42	RESP=1
15216243	42	STIM=s
15225663	42	RESP=1
15231303	42	STIM=t
15235524	42	RESP=1
15248954	42	STIM=6
15252862	42	RESP=2
15267663	42	STIM=r
15270915	42	RESP=1
15285132	42	STIM=q
15290255	42	RESP=1
15302569	42	STIM=q
15306481	42	RESP=1
15319533	42	STIM=q
15324939	42	RESP=1
15338241	42	STIM=4
15343981	42	RESP=2
15356027	42	STIM=z
15361770	42	RESP=1
15373085	42	STIM=2
15382918	42	RESP=2
15390891	42	STIM=9
15398457	42	RESP=2
15409594	42	STIM=a
15412907	42	RESP=1
15424872	42	STIM=2
15431580	42	RESP=2
15441957	42	STIM=o
15445321	42	RESP=1
15459313	42	STIM=x
15464656	42	RESP=1
15478291	42	STIM=q
15483152	42	RESP=1
15495412	42	STIM=g
15506956	42	RESP=1
15513917	42	STIM=n
15523780	42	RESP=1
15529929	42	STIM=w
15535886	42	RESP=1
15547439	42	STIM=d
15550746	42	RESP=1
15563009	42	STIM=c
15567288	42	RESP=1
15578168	42	STIM=o
15582060	42	RESP=1
15596613	42	STIM=l
15602111	42	RESP=1
15612035	42	STIM=7
15618807	42	RESP=2
15628675	42	STIM=h
15635079	42	RESP=1
15647316	42	STIM=k
15651713	42	RESP=1
15664072	42	STIM=f
15672034	42	RESP=1
15680978	42	STIM=w
15687889	42	RESP=1
15698375	42	STIM=6
15705857	42	RESP=2
15714866	42	STIM=d
15720059	42	RESP=1
15732811	42	STIM=b
15738050	42	RESP=1
15748520	42	STIM=j
15757099	42	RESP=1
15765642	42	STIM=o
15769881	42	RESP=1
15783779	42	STIM=e
15791108	42	RESP=1
15802147	42	STIM=f
15806429	42	RESP=1
15821061	42	STIM=y
15824540	42	RESP=1
15836360	42	STIM=l
15842720	42	RESP=1
15855019	42	STIM=s
15859007	42	RESP=1
15873632	42	STIM=g
15884410	42	RESP=1
15888808	42	STIM=c
15893719	42	RESP=1
15905779	42	STIM=u
15910847	42	RESP=1
15923310	42	STIM=l
15932795	42	RESP=1
15939313	42	STIM=p
15944770	42	RESP=1
15957719	42	STIM=f
15962175	42	RESP=1
15974829	42	STIM=t
15978589	42	RESP=2
15992563	42	STIM=b
15996612	42	RESP=1
16008531	42	STIM=j
16015197	42	RESP=1
16024508	42	STIM=c
16033728	42	RESP=1
16043464	42	STIM=i
16051774	42	RESP=1
16061507	42	STIM=1
16067222	42	RESP=2
16078063	42	STIM=r
16084332	42	RESP=1
16094681	42	STIM=q
16097617	42	RESP=1
16110795	42	STIM=m
16118284	42	RESP=1
16129355	42	STIM=l
16137168	42	RESP=1
16145217	42	STIM=g
16154456	42	RESP=1
16162871	42	STIM=c
16166368	42	RESP=1
16178185	42	STIM=m
16183271	42	RESP=1
16196449	42	STIM=k
16199335	42	RESP=1
16213570	42	STIM=j
16219812	42	RESP=1
16231070	42	STIM=2
16238006	42	RESP=2
16246722	42	STIM=c
16250786	42	RESP=1
16265208	42	STIM=w
16271647	42	RESP=1
16283697	42	STIM=m
16288363	42	RESP=1
16300311	42	STIM=q
16306483	42	RESP=1
16315383	42	STIM=l
16320596	42	RESP=1
16332318	42	STIM=7
16338140	42	RESP=2
16348933	42	STIM=m
16354939	42	RESP=1
16365114	42	STIM=s
16370068	42	RESP=1
16381255	42	STIM=m
16388665	42	RESP=1
16396592	42	STIM=t
16400523	42	RESP=1
16415299	42	STIM=8
16422754	42	RESP=2
16431480	42	STIM=i
16436044	42	RESP=1
16448581	42	STIM=h
16455115	42	RESP=1
16466801	42	STIM=y
16471952	42	RESP=1
16484510	42	STIM=0
16489522	42	RESP=2
16500661	42	STIM=c
16508163	42	RESP=1
16516746	42	STIM=c
16520734	42	RESP=1
16531775	42	STIM=r
16536921	42	RESP=1
16549270	42	STIM=x
16558618	42	RESP=1
16566646	42	STIM=b
16571297	42	RESP=1
16585573	42	STIM=7
16592329	42	RESP=2
16601839	42	STIM=j
16607497	42	RESP=1
16616976	42	STIM=p
16621029	42	RESP=1
16632130	42	STIM=t
16636823	42	RESP=1
16650281	42	STIM=h
16654957	42	RESP=1
16667131	42	STIM=h
16670441	42	RESP=1
16682987	42	STIM=k
16689965	42	RESP=1
16701294	42	STIM=e
16707404	42	RESP=1
16718220	42	STIM=w
16723985	42	RESP=1
16736267	42	STIM=z
16743014	42	RESP=1
16751416	42	STIM=z
16755994	42	RESP=1
16767536	42	STIM=j
16775166	42	RESP=2
16785108	42	STIM=8
16789440	42	RESP=2
16802602	42	STIM=r
16807593	42	RESP=1
16819151	42	STIM=f
16825555	42	RESP=1
16835752	42	STIM=j
16842628	42	RESP=1
16852576	42	STIM=v
16857433	42	RESP=2
16870957	42	STIM=m
16874928	42	RESP=1
16889294	42	STIM=o
16892461	42	RESP=1
16904682	42	STIM=r
16913577	42	RESP=1
16922904	42	STIM=w
16927465	42	RESP=1
16938477	42	STIM=o
16942609	42	RESP=1
16955128	42	STIM=e
16962253	42	RESP=1
16973335	42	STIM=3
16981246	42	RESP=2
16991743	42	STIM=y
16998246	42	RESP=1
17007449	42	STIM=u
17013033	42	RESP=1
17024533	42	STIM=0
17031869	42	RESP=2
17042577	42	STIM=j
17047069	42	RESP=1
17059238	42	STIM=q
17062669	42	RESP=1
17078049	42	STIM=w
17081732	42	RESP=1
17094722	42	STIM=m
17102109	42	RESP=1
17112332	42	STIM=a
17117630	42	RESP=1
17131245	42	STIM=m
17137747	42	RESP=1
17146903	42	STIM=d
17156449	42	RESP=1
17164674	42	STIM=i
17170113	42	RESP=1
17182161	42	STIM=9
17188270	42	RESP=2
17200321	42	STIM=5
17205160	42	RESP=2
17218537	42	STIM=3
17224304	42	RESP=2
17233686	42	STIM=1
17241783	42	RESP=2
17248705	42	STIM=3
17254786	42	RESP=2
17264207	42	STIM=9
17275700	42	RESP=2
17282066	42	STIM=c
17289387	42	RESP=1
17299736	42	STIM=c
17306525	42	RESP=1
17316602	42	STIM=5
17326123	42	RESP=2
17332715	42	STIM=u
17337040	42	RESP=1
17347827	42	STIM=q
17351596	42	RESP=1
17364409	42	STIM=u
17369141	42	RESP=1
17379838	42	STIM=y
17386347	42	RESP=1
17396488	42	STIM=9
17402819	42	RESP=2
17413904	42	STIM=v
17418537	42	RESP=1
17431860	42	STIM=0
17438254	42	RESP=2
17449153	42	STIM=g
17452627	42	RESP=1
17465732	42	STIM=y
17470942	42	RESP=1
17482386	42	STIM=n
17488653	42	RESP=1
17500604	42	STIM=1
17505538	42	RESP=2
17517188	42	STIM=6
17525084	42	RESP=1
17532629	42	STIM=r
17537766	42	RESP=1
17548400	42	STIM=w
17556970	42	RESP=1
17565570	42	STIM=g
17575202	42	RESP=1
17583498	42	STIM=7
17588603	42	RESP=2
17600016	42	STIM=z
17604761	42	RESP=1
17617948	42	STIM=p
17621633	42	RESP=1
17633485	42	STIM=v
17636736	42	RESP=1
17651175	42	STIM=m
17660834	42	RESP=1
17669273	42	STIM=3
17674266	42	RESP=2
17686082	42	STIM=v
17690265	42	RESP=1
17703262	42	STIM=7
17710659	42	RESP=1
17721758	42	STIM=u
17725478	42	RESP=1
17738576	42	STIM=5
17746388	42	RESP=2
17753617	42	STIM=4
17760658	42	RESP=2
17770721	42	STIM=l
17778458	42	RESP=1
17787086	42	STIM=z
17791434	42	RESP=1
17802841	42	STIM=r
17810932	42	RESP=1
17819709	42	STIM=k
17824932	42	RESP=1
17834906	42	STIM=x
17841263	42	RESP=1
17851262	42	STIM=n
17855292	42	RESP=1
17866687	42	STIM=x
17874327	42	RESP=1
17884637	42	STIM=s
17890290	42	RESP=1
17900433	42	STIM=q
17905220	42	RESP=1
17917160	42	STIM=o
17927771	42	RESP=1
17935269	42	STIM=3
17940797	42	RESP=2
17951278	42	STIM=8
17959735	42	RESP=2
17966333	42	STIM=u
17971425	42	RESP=1
17983470	42	STIM=x
17986861	42	RESP=1
17999154	42	STIM=c
18004029	42	RESP=1
18015205	42	STIM=b
18019872	42	RESP=1
18033873	42	STIM=k
18038528	42	RESP=1
18051289	42	STIM=t
18060353	42	RESP=1
18070209	42	STIM=l
18079389	42	RESP=1
18089143	42	STIM=s
18095654	42	RESP=1
18107278	42	STIM=i
18118111	42	RESP=1
18123438	42	STIM=h
18128663	42	RESP=2
18139176	42	STIM=3
18149143	42	RESP=2
18157965	42	STIM=y
18165636	42	RESP=1
18176516	42	STIM=e
18180036	42	RESP=1
18194067	42	STIM=b
18198131	42	RESP=1
18209520	42	STIM=y
18213912	42	RESP=1
18224900	42	STIM=q
18234429	42	RESP=1
18242864	42	STIM=z
18247302	42	RESP=1
18261120	42	STIM=j
18267439	42	RESP=1
18276659	42	STIM=i
18282477	42	RESP=1
18291735	42	STIM=t
18294830	42	RESP=1
18310225	42	STIM=f
18314440	42	RESP=1
18328481	42	STIM=d
18333011	42	RESP=1
18346112	42	STIM=p
18351346	42	RESP=1
18363857	42	STIM=q
18371463	42	RESP=1
18380273	42	STIM=g
18387694	42	RESP=1
18397249	42	STIM=0
18404029	42	RESP=2
18415851	42	STIM=x
18422174	42	RESP=1
18431416	42	STIM=g
18436106	42	RESP=1
18448177	42	STIM=m
18455379	42	RESP=1
18464985	42	STIM=3
18472532	42	RESP=2
18480393	42	STIM=s
18485577	42	RESP=1
18498502	42	STIM=h
18504290	42	RESP=2
18516635	42	STIM=p
18520113	42	RESP=1
18535451	42	STIM=o
18540986	42	RESP=1
18553253	42	STIM=5
18560000	42	RESP=2
18570347	42	STIM=h
18578108	42	RESP=1
18587870	42	STIM=2
18598003	42	RESP=2
18603810	42	STIM=v
18609151	42	RESP=2
18620299	42	STIM=0
18628633	42	RESP=2
18637773	42	STIM=w
18640972	42	RESP=1
18656738	42	STIM=3
18665666	42	RESP=2
18675234	42	STIM=g
18680795	42	RESP=2
18691539	42	STIM=v
18696387	42	RESP=1
18709240	42	STIM=r
18714773	42	RESP=1
18726260	42	STIM=c
18730316	42	RESP=1
18741284	42	STIM=k
18745825	42	RESP=1
18758920	42	STIM=j
18765318	42	RESP=1
18774962	42	STIM=e
18780442	42	RESP=1
18793915	42	STIM=w
18797205	42	RESP=1
18811221	42	STIM=t
18816869	42	RESP=1
18826611	42	STIM=y
18831861	42	RESP=1
18842979	42	STIM=v
18846990	42	RESP=1
18858347	42	STIM=s
18860962	42	RESP=1
18873959	42	STIM=l
18881910	42	RESP=1
18892352	42	STIM=m
18900857	42	RESP=2
18909694	42	STIM=t
18915233	42	RESP=1
18928146	42	STIM=q
18933069	42	RESP=1
18947102	42	STIM=a
18954687	42	RESP=1
18962624	42	STIM=6
18977943	42	RESP=2
18979854	42	STIM=y
18986321	42	RESP=1
18997306	42	STIM=3
19003518	42	RESP=2
19014337	42	STIM=7
19018205	42	RESP=2
19029849	42	STIM=g
19033802	42	RESP=1
19046358	42	STIM=x
19051664	42	RESP=1
19063492	42	STIM=d
19067265	42	RESP=1
19082405	42	STIM=7
19087453	42	RESP=2
19098765	42	STIM=1
19105389	42	RESP=2
19113982	42	STIM=8
19122924	42	RESP=1
19130693	42	STIM=b
19136204	42	RESP=1
19149035	42	STIM=f
19153513	42	RESP=1
19166869	42	STIM=f
19171320	42	RESP=1
19185238	42	STIM=s
19189408	42	RESP=1
19203526	42	STIM=t
19207076	42	RESP=1
19218998	42	STIM=0
19224431	42	RESP=2
19234835	42	STIM=z
19246993	42	RESP=1
19250867	42	STIM=8
19257795	42	RESP=2
19267548	42	STIM=k
19273187	42	RESP=1
19286477	42	STIM=r
19294625	42	RESP=1
19304788	42	STIM=r
19309815	42	RESP=1
19321301	42	STIM=j
19327037	42	RESP=1
19339143	42	STIM=x
19348321	42	RESP=1
19354744	42	STIM=j
19359964	42	RESP=1
19372455	42	STIM=x
19380039	42	RESP=1
19389854	42	STIM=y
19398082	42	RESP=1
19405983	42	STIM=g
19410229	42	RESP=1
19422370	42	STIM=q
19427892	42	RESP=1
19437968	42	STIM=b
19443107	42	RESP=1
19453372	42	STIM=i
19456449	42	RESP=1
19468625	42	STIM=e
19472387	42	RESP=1
19484833	42	STIM=y
19489012	42	RESP=1
19501345	42	STIM=i
19509405	42	RESP=1
19516831	42	STIM=j
19519803	42	RESP=1
19534344	42	STIM=u
19539156	42	RESP=1
19553073	42	STIM=a
19558204	42	RESP=1
19571663	42	STIM=k
19575457	42	RESP=1
19589141	42	STIM=h
19596202	42	RESP=1
19605858	42	STIM=q
19613456	42	RESP=1
19622108	42	STIM=m
19626978	42	RESP=1
19640846	42	STIM=l
19648785	42	RESP=1
19658930	42	STIM=2
19663670	42	RESP=2
19676075	42	STIM=i
19680702	42	RESP=1
19692052	42	STIM=u
19695003	42	RESP=1
19708628	42	STIM=2
19713132	42	RESP=2
19725109	42	STIM=r
19730399	42	RESP=1
19740441	42	STIM=v
19744147	42	RESP=1
19756802	42	STIM=d
19762974	42	RESP=1
19774219	42	STIM=e
19783102	42	RESP=1
19791700	42	STIM=p
19799297	42	RESP=1
19807393	42	STIM=a
19811148	42	RESP=1
19824417	42	STIM=u
19829743	42	RESP=1
19841541	42	STIM=s
19847753	42	RESP=1
19858171	42	STIM=o
19864946	42	RESP=1
19876615	42	STIM=e
19880433	42	RESP=1
19893541	42	STIM=j
19897198	42	RESP=1
19909393	42	STIM=m
19914312	42	RESP=1
19927622	42	STIM=r
19931887	42	RESP=1
19944005	42	STIM=l
19947201	42	RESP=1
19962136	42	STIM=g
19969594	42	RESP=1
19980009	42	STIM=o
19985874	42	RESP=1
19995427	42	STIM=x
20003576	42	RESP=1
20010454	42	STIM=u
20016518	42	RESP=1
20027250	42	STIM=p
20032396	42	RESP=1
20042387	42	STIM=p
20046719	42	RESP=1
20059316	42	STIM=b
20064551	42	RESP=1
20077347	42	STIM=l
20090748	42	RESP=1
20092531	42	STIM=0
20102413	42	RESP=2
20108779	42	STIM=t
20115221	42	RESP=1
20124362	42	STIM=p
20131254	42	RESP=1
20142588	42	STIM=2
20150080	42	RESP=1
20158951	42	STIM=g
20163804	42	RESP=1
20175421	42	STIM=r
20181063	42	RESP=1
20193188	42	STIM=b
20197614	42	RESP=1
20210660	42	STIM=h
20215981	42	RESP=1
20228356	42	STIM=6
20233398	42	RESP=2
20245066	42	STIM=n
20255079	42	RESP=1
20263442	42	STIM=b
20268747	42	RESP=2
20282078	42	STIM=b
20287147	42	RESP=1
20297921	42	STIM=j
20301198	42	RESP=1
20313611	42	STIM=1
20321279	42	RESP=2
20331480	42	STIM=u
20335332	42	RESP=1
20348679	42	STIM=h
20353910	42	RESP=2
20364848	42	STIM=n
20370163	42	RESP=1
20380006	42	STIM=h
20384082	42	RESP=1
20398132	42	STIM=b
20403803	42	RESP=1
20413783	42	STIM=t
20419947	42	RESP=1
20431367	42	STIM=p
20435514	42	RESP=1
20449880	42	STIM=1
20454293	42	RESP=1
20468556	42	STIM=x
20475428	42	RESP=1
20484868	42	STIM=m
20492442	42	RESP=1
20503137	42	STIM=c
20506393	42	RESP=1
20521251	42	STIM=x
20531894	42	RESP=1
20539695	42	STIM=l
20548356	42	RESP=1
20557741	42	STIM=v
20563033	42	RESP=1
20573995	42	STIM=n
20579119	42	RESP=1
20591291	42	STIM=2
20596935	42	RESP=2
20607049	42	STIM=x
20612309	42	RESP=1
20624133	42	STIM=a
20633662	42	RESP=1
20642956	42	STIM=9
20652144	42	RESP=2
20659928	42	STIM=z
20665035	42	RESP=1
20676528	42	STIM=g
20681393	42	RESP=1
20693315	42	STIM=t
20699806	42	RESP=1
20709645	42	STIM=s
20718758	42	RESP=1
20726450	42	STIM=e
20732264	42	RESP=1
20744524	42	STIM=j
20748786	42	RESP=1
20759912	42	STIM=d
20767634	42	RESP=1
20778117	42	STIM=c
20786364	42	RESP=1
20795056	42	STIM=p
20802607	42	RESP=1
20811348	42	STIM=8
20817570	42	RESP=2
20828739	42	STIM=z
20834491	42	RESP=1
20847210	42	STIM=g
20854540	42	RESP=1
20866186	42	STIM=f
20869317	42	RESP=1
20884270	42	STIM=n
20891302	42	RESP=1
20902284	42	STIM=y
20911758	42	RESP=1
20920423	42	STIM=q
20924523	42	RESP=1
20935649	42	STIM=t
20942907	42	RESP=1
20950747	42	STIM=e
20955174	42	RESP=1
20966903	42	STIM=1
20971080	42	RESP=2
20983219	42	STIM=1
20995920	42	RESP=2
21002018	42	STIM=s
21006783	42	RESP=1
21019274	42	STIM=o
21025129	42	RESP=1
21037087	42	STIM=s
21044032	42	RESP=1
21055159	42	STIM=k
21063812	42	RESP=1
21073061	42	STIM=n
21079419	42	RESP=1
21091145	42	STIM=0
21099669	42	RESP=2
21107273	42	STIM=g
21113013	42	RESP=1
21124405	42	STIM=o
21129246	42	RESP=1
21141572	42	STIM=c
21146658	42	RESP=1
21159168	42	STIM=l
21168424	42	RESP=1
21174882	42	STIM=f
21177842	42	RESP=1
21193146	42	STIM=d
21200377	42	RESP=1
21210088	42	STIM=c
21216113	42	RESP=1
21228858	42	STIM=m
21236064	42	RESP=1
21245046	42	STIM=y
21250597	42	RESP=2
21262075	42	STIM=c
21267452	42	RESP=1
21278166	42	STIM=i
21282508	42	RESP=1
21295947	42	STIM=e
21299112	42	RESP=2
21311763	42	STIM=p
21317432	42	RESP=1
21330402	42	STIM=u
21335537	42	RESP=1
21346227	42	STIM=h
21350434	42	RESP=1
21364221	42	STIM=o
21368566	42	RESP=1
21379520	42	STIM=2
21386453	42	RESP=2
21395016	42	STIM=0
21404202	42	RESP=1
21411300	42	STIM=1
21415775	42	RESP=2
21429342	42	STIM=n
21435308	42	RESP=1
21445615	42	STIM=y
21450036	42	RESP=1
21461963	42	STIM=a
21465866	42	RESP=1
21479905	42	STIM=w
21483663	42	RESP=1
21497336	42	STIM=f
21505101	42	RESP=1
21512673	42	STIM=i
21519079	42	RESP=1
21527805	42	STIM=a
21534556	42	RESP=1
21544459	42	STIM=z
21550031	42	RESP=1
21563215	42	STIM=1
21572394	42	RESP=2
21579577	42	STIM=m
21584181	42	RESP=1
21594998	42	STIM=f
21599882	42	RESP=2
21612455	42	STIM=y
21617236	42	RESP=1
21628149	42	STIM=7
21633564	42	RESP=1
21646035	42	STIM=f
21651863	42	RESP=1
21662885	42	STIM=7
21668625	42	RESP=2
21678315	42	STIM=s
21684932	42	RESP=1
21696883	42	STIM=o
21701067	42	RESP=1
21714232	42	STIM=z
21718970	42	RESP=1
21731502	42	STIM=g
21743461	42	RESP=1
21747016	42	STIM=f
21753777	42	RESP=1
21765741	42	STIM=a
21769503	42	RESP=1
21783980	42	STIM=n
21792144	42	RESP=1
21799283	42	STIM=l
21802905	42	RESP=1
21815940	42	STIM=u
21820552	42	RESP=1
