# Original filename: 0048_LCP_2016-10-10.log
# Time unit: 100 us
# RARECAT=digit
#
# Time	HHGG	Event
35581	42	STIM=y
39668	42	RESP=1
51626	42	STIM=1
57946	42	RESP=2
68702	42	STIM=m
72921	42	RESP=1
84680	42	STIM=b
94140	42	RESP=1
103341	42	STIM=m
114147	42	RESP=1
118761	42	STIM=5
124112	42	RESP=1
136462	42	STIM=q
140373	42	RESP=1
151691	42	STIM=x
155477	42	RESP=1
166856	42	STIM=w
172987	42	RESP=1
185213	42	STIM=s
190165	42	RESP=1
200517	42	STIM=5
207987	42	RESP=2
215930	42	STIM=4
224079	42	RESP=2
233327	42	STIM=n
237144	42	RESP=1
250657	42	STIM=k
257532	42	RESP=1
266906	42	STIM=j
271853	42	RESP=1
282948	42	STIM=i
287960	42	RESP=2
301087	42	STIM=k
306722	42	RESP=1
316985	42	STIM=s
328159	42	RESP=1
332324	42	STIM=e
338520	42	RESP=1
350105	42	STIM=4
358164	42	RESP=2
367796	42	STIM=q
372968	42	RESP=1
383596	42	STIM=1
388321	42	RESP=2
398945	42	STIM=c
406526	42	RESP=1
415542	42	STIM=9
421822	42	RESP=2
433296	42	STIM=k
436949	42	RESP=1
448316	42	STIM=1
453725	42	RESP=2
465063	42	STIM=v
471634	42	RESP=1
480229	42	STIM=t
486353	42	RESP=1
499102	42	STIM=q
503052	42	RESP=1
516129	42	STIM=e
525819	42	RESP=1
533430	42	STIM=l
540187	42	RESP=1
549128	42	STIM=s
553357	42	RESP=1
567469	42	STIM=u
573713	42	RESP=1
582903	42	STIM=w
585950	42	RESP=1
598200	42	STIM=n
606668	42	RESP=1
616701	42	STIM=c
620073	42	RESP=1
633281	42	STIM=8
644233	42	RESP=1
651503	42	STIM=i
656045	42	RESP=1
666904	42	STIM=7
673886	42	RESP=2
683603	42	STIM=f
687064	42	RESP=1
698690	42	STIM=o
702136	42	RESP=1
714402	42	STIM=l
720239	42	RESP=1
733390	42	STIM=5
737290	42	RESP=2
751092	42	STIM=b
757970	42	RESP=1
768308	42	STIM=i
774636	42	RESP=1
783613	42	STIM=t
787506	42	RESP=1
800480	42	STIM=0
809239	42	RESP=2
818026	42	STIM=e
824730	42	RESP=1
833832	42	STIM=v
845521	42	RESP=1
852228	42	STIM=q
859164	42	RESP=1
869994	42	STIM=r
873823	42	RESP=1
887656	42	STIM=c
892954	42	RESP=1
905150	42	STIM=r
912788	42	RESP=1
923886	42	STIM=o
929872	42	RESP=1
941019	42	STIM=i
944609	42	RESP=1
959423	42	STIM=7
964786	42	RESP=2
976206	42	STIM=2
983377	42	RESP=2
992681	42	STIM=h
1000904	42	RESP=1
1009446	42	STIM=b
1012977	42	RESP=1
1026044	42	STIM=u
1029928	42	RESP=1
1044806	42	STIM=g
1049579	42	RESP=1
1062487	42	STIM=h
1069573	42	RESP=1
1079996	42	STIM=q
1084434	42	RESP=1
1097012	42	STIM=b
1101993	42	RESP=1
1112406	42	STIM=g
1120919	42	RESP=1
1128559	42	STIM=n
1134892	42	RESP=1
1144598	42	STIM=k
1147483	42	RESP=1
1161533	42	STIM=v
1167906	42	RESP=1
1178858	42	STIM=r
1186220	42	RESP=1
1195840	42	STIM=z
1199987	42	RESP=1
1212193	42	STIM=m
1223827	42	RESP=1
1230935	42	STIM=a
1236304	42	RESP=1
1247164	42	STIM=4
1256702	42	RESP=2
1265805	42	STIM=j
1272478	42	RESP=2
1284452	42	STIM=u
1289883	42	RESP=2
1300211	42	STIM=n
1310806	42	RESP=1
1316462	42	STIM=b
1322920	42	RESP=1
1332532	42	STIM=x
1336867	42	RESP=1
1347668	42	STIM=z
1355187	42	RESP=1
1365806	42	STIM=p
1369695	42	RESP=1
1384352	42	STIM=r
1390385	42	RESP=1
1399836	42	STIM=n
1404783	42	RESP=1
1418155	42	STIM=x
1423614	42	RESP=1
1436029	42	STIM=z
1445390	42	RESP=1
1454054	42	STIM=v
1459030	42	RESP=1
1470187	42	STIM=m
1477911	42	RESP=1
1487114	42	STIM=q
1490154	42	RESP=1
1505867	42	STIM=f
1511811	42	RESP=1
1522728	42	STIM=x
1531895	42	RESP=1
1541669	42	STIM=m
1547090	42	RESP=1
1558560	42	STIM=x
1563522	42	RESP=1
1575609	42	STIM=s
1583460	42	RESP=1
1592639	42	STIM=1
1601155	42	RESP=2
1611089	42	STIM=j
1615571	42	RESP=1
1627879	42	STIM=a
1633545	42	RESP=1
1645760	42	STIM=f
1650321	42	RESP=1
1660886	42	STIM=t
1665116	42	RESP=1
1676211	42	STIM=k
1680137	42	RESP=2
1694537	42	STIM=1
1707307	42	RESP=2
1710364	42	STIM=h
1718544	42	RESP=1
1726750	42	STIM=k
1732456	42	RESP=1
1743348	42	STIM=a
1751789	42	RESP=1
1761514	42	STIM=1
1769975	42	RESP=2
1778603	42	STIM=g
1788010	42	RESP=1
1796580	42	STIM=9
1804193	42	RESP=2
1811673	42	STIM=j
1817362	42	RESP=1
1828060	42	STIM=y
1835713	42	RESP=1
1846949	42	STIM=l
1849567	42	RESP=1
1864128	42	STIM=8
1871410	42	RESP=2
1882789	42	STIM=k
1888020	42	RESP=1
1898278	42	STIM=x
1901823	42	RESP=1
1913751	42	STIM=b
1918776	42	RESP=1
1930025	42	STIM=h
1935054	42	RESP=1
1948589	42	STIM=3
1954489	42	RESP=1
1967490	42	STIM=e
1975213	42	RESP=1
1985886	42	STIM=w
1990162	42	RESP=1
2004139	42	STIM=9
2010046	42	RESP=2
2022158	42	STIM=m
2028620	42	RESP=1
2040769	42	STIM=e
2048174	42	RESP=1
2057972	42	STIM=l
2065136	42	RESP=1
2073865	42	STIM=d
2079066	42	RESP=1
2089239	42	STIM=s
2094469	42	RESP=1
2105282	42	STIM=z
2108063	42	RESP=1
2122378	42	STIM=n
2125418	42	RESP=1
2139646	42	STIM=9
2146673	42	RESP=1
2157690	42	STIM=j
2161329	42	RESP=1
2176452	42	STIM=t
2181701	42	RESP=1
2192241	42	STIM=y
2198423	42	RESP=1
2208139	42	STIM=h
2215172	42	RESP=1
2226091	42	STIM=c
2232542	42	RESP=1
2242642	42	STIM=g
2251379	42	RESP=1
2260749	42	STIM=z
2266173	42	RESP=1
2277050	42	STIM=y
2283522	42	RESP=1
2295191	42	STIM=q
2298408	42	RESP=1
2312715	42	STIM=w
2316411	42	RESP=1
2329193	42	STIM=r
2336315	42	RESP=1
2345333	42	STIM=y
2351209	42	RESP=1
2362035	42	STIM=a
2365077	42	RESP=1
2378230	42	STIM=o
2381904	42	RESP=1
2396539	42	STIM=z
2401910	42	RESP=1
2413363	42	STIM=e
2417500	42	RESP=1
2431401	42	STIM=q
2436919	42	RESP=1
2448483	42	STIM=i
2460266	42	RESP=1
2466756	42	STIM=q
2471584	42	RESP=1
2483984	42	STIM=w
2487344	42	RESP=1
2500477	42	STIM=l
2504801	42	RESP=1
2519239	42	STIM=j
2524716	42	RESP=1
2537768	42	STIM=d
2544052	42	RESP=2
2553653	42	STIM=x
2562511	42	RESP=1
2569545	42	STIM=b
2575595	42	RESP=1
2584732	42	STIM=g
2589125	42	RESP=1
2599734	42	STIM=d
2604253	42	RESP=1
2617955	42	STIM=d
2623855	42	RESP=1
2635401	42	STIM=v
2639710	42	RESP=1
2651018	42	STIM=p
2660350	42	RESP=1
2669918	42	STIM=r
2673222	42	RESP=1
2685241	42	STIM=i
2688679	42	RESP=1
2701867	42	STIM=e
2706414	42	RESP=1
2719978	42	STIM=e
2726956	42	RESP=1
2735523	42	STIM=t
2740379	42	RESP=1
2752303	42	STIM=g
2755768	42	RESP=1
2771063	42	STIM=r
2775576	42	RESP=1
2790013	42	STIM=t
2798580	42	RESP=1
2807915	42	STIM=e
2812859	42	RESP=1
2825643	42	STIM=r
2830168	42	RESP=1
2842814	42	STIM=p
2848441	42	RESP=1
2861442	42	STIM=v
2866107	42	RESP=1
2878898	42	STIM=y
2882916	42	RESP=1
2895437	42	STIM=t
2899549	42	RESP=1
2912485	42	STIM=c
2917479	42	RESP=1
2928492	42	STIM=l
2932130	42	RESP=1
2944394	42	STIM=u
2951231	42	RESP=1
2961987	42	STIM=5
2968101	42	RESP=2
2980147	42	STIM=v
2986232	42	RESP=1
2998097	42	STIM=b
3007223	42	RESP=1
3016216	42	STIM=q
3022483	42	RESP=1
3032649	42	STIM=v
3036885	42	RESP=1
3048117	42	STIM=n
3055312	42	RESP=1
3063247	42	STIM=8
3068981	42	RESP=2
3079361	42	STIM=l
3090488	42	RESP=1
3095421	42	STIM=y
3101126	42	RESP=1
3113011	42	STIM=p
3117818	42	RESP=1
3131315	42	STIM=4
3135895	42	RESP=2
3149296	42	STIM=2
3154182	42	RESP=2
3165424	42	STIM=p
3168770	42	RESP=1
3181037	42	STIM=t
3191637	42	RESP=1
3198019	42	STIM=w
3201701	42	RESP=1
3216107	42	STIM=m
3222310	42	RESP=1
3231804	42	STIM=n
3242208	42	RESP=1
3250221	42	STIM=1
3255198	42	RESP=2
3265485	42	STIM=4
3271003	42	RESP=2
3282167	42	STIM=3
3287001	42	RESP=2
3300088	42	STIM=f
3304948	42	RESP=1
3317905	42	STIM=r
3326215	42	RESP=1
3335298	42	STIM=n
3342227	42	RESP=1
3350581	42	STIM=n
3354824	42	RESP=1
3368332	42	STIM=r
3371797	42	RESP=1
3386919	42	STIM=b
3391293	42	RESP=1
3404366	42	STIM=u
3413210	42	RESP=1
3421523	42	STIM=q
3427356	42	RESP=1
3436849	42	STIM=z
3441400	42	RESP=1
3454362	42	STIM=o
3459487	42	RESP=1
3473334	42	STIM=g
3480048	42	RESP=1
3492040	42	STIM=o
3500298	42	RESP=1
3508386	42	STIM=4
3518550	42	RESP=1
3523674	42	STIM=5
3527478	42	RESP=2
3541313	42	STIM=i
3546728	42	RESP=1
3558269	42	STIM=q
3562961	42	RESP=1
3573400	42	STIM=a
3576835	42	RESP=1
3589926	42	STIM=l
3599897	42	RESP=1
3606365	42	STIM=d
3610025	42	RESP=1
3621945	42	STIM=w
3626363	42	RESP=1
3637973	42	STIM=d
3645217	42	RESP=1
3653572	42	STIM=m
3662470	42	RESP=1
3672221	42	STIM=p
3677118	42	RESP=1
3688190	42	STIM=7
3692826	42	RESP=2
3704506	42	STIM=f
3711508	42	RESP=1
3722463	42	STIM=t
3728489	42	RESP=1
3739922	42	STIM=l
3747376	42	RESP=1
3758650	42	STIM=t
3767455	42	RESP=1
3774613	42	STIM=z
3788104	42	RESP=1
3789897	42	STIM=6
3794692	42	RESP=2
3805758	42	STIM=p
3812174	42	RESP=1
3822802	42	STIM=i
3829356	42	RESP=1
3839598	42	STIM=r
3842583	42	RESP=1
3857233	42	STIM=3
3865690	42	RESP=2
3873082	42	STIM=y
3878266	42	RESP=1
3889480	42	STIM=r
3896607	42	RESP=1
3905782	42	STIM=r
3912931	42	RESP=1
3922874	42	STIM=d
3930071	42	RESP=1
3938861	42	STIM=y
3942236	42	RESP=1
3954991	42	STIM=b
3964962	42	RESP=2
3972003	42	STIM=p
3978051	42	RESP=1
3990945	42	STIM=z
3996390	42	RESP=1
4006712	42	STIM=o
4011186	42	RESP=1
4022819	42	STIM=c
4027222	42	RESP=1
4040530	42	STIM=e
4044251	42	RESP=1
4056631	42	STIM=s
4064198	42	RESP=1
4074856	42	STIM=f
4082074	42	RESP=1
4091454	42	STIM=8
4097175	42	RESP=2
4109974	42	STIM=o
4116761	42	RESP=2
4126343	42	STIM=n
4133135	42	RESP=1
4143428	42	STIM=p
4148564	42	RESP=1
4161852	42	STIM=z
4170575	42	RESP=1
4177847	42	STIM=q
4182738	42	RESP=1
4196614	42	STIM=v
4204871	42	RESP=1
4212291	42	STIM=1
4220033	42	RESP=2
4230127	42	STIM=3
4237537	42	RESP=2
4249098	42	STIM=1
4255312	42	RESP=2
4264345	42	STIM=e
4268015	42	RESP=1
4282598	42	STIM=i
4286401	42	RESP=1
4300219	42	STIM=9
4306723	42	RESP=2
4316292	42	STIM=v
4321687	42	RESP=2
4333509	42	STIM=p
4342805	42	RESP=1
4348826	42	STIM=h
4354817	42	RESP=2
4365059	42	STIM=b
4372954	42	RESP=1
4382384	42	STIM=t
4387251	42	RESP=1
4398992	42	STIM=t
4406745	42	RESP=1
4416255	42	STIM=3
4425340	42	RESP=2
4434241	42	STIM=u
4438848	42	RESP=1
4452403	42	STIM=n
4457041	42	RESP=1
4470123	42	STIM=y
4473654	42	RESP=1
4486238	42	STIM=x
4491816	42	RESP=1
4502360	42	STIM=7
4514714	42	RESP=2
4518476	42	STIM=8
4523365	42	RESP=2
4534950	42	STIM=1
4540222	42	RESP=2
4550926	42	STIM=f
4558786	42	RESP=1
4566218	42	STIM=h
4570218	42	RESP=1
4583252	42	STIM=z
4587135	42	RESP=1
4600675	42	STIM=l
4606784	42	RESP=1
4617181	42	STIM=g
4622346	42	RESP=1
4632289	42	STIM=y
4642075	42	RESP=1
4649199	42	STIM=w
4653118	42	RESP=1
4667155	42	STIM=g
4671423	42	RESP=1
4684758	42	STIM=a
4691800	42	RESP=2
4703612	42	STIM=m
4709570	42	RESP=1
4721184	42	STIM=y
4726037	42	RESP=1
4737255	42	STIM=j
4744950	42	RESP=1
4755529	42	STIM=s
4759480	42	RESP=1
4774041	42	STIM=j
4777040	42	RESP=1
4790035	42	STIM=6
4796480	42	RESP=2
4805513	42	STIM=j
4809291	42	RESP=1
4823834	42	STIM=u
4828338	42	RESP=1
4840000	42	STIM=k
4843944	42	RESP=1
4855224	42	STIM=y
4858028	42	RESP=2
4874077	42	STIM=3
4880446	42	RESP=2
4892647	42	STIM=q
4898266	42	RESP=1
4910592	42	STIM=l
4917449	42	RESP=1
4927683	42	STIM=f
4932684	42	RESP=1
4944940	42	STIM=i
4955584	42	RESP=1
4960561	42	STIM=d
4968823	42	RESP=1
4979482	42	STIM=p
4985290	42	RESP=2
4996626	42	STIM=l
4999241	42	RESP=1
5014205	42	STIM=u
5017816	42	RESP=1
5031076	42	STIM=e
5035847	42	RESP=1
5046493	42	STIM=y
5055010	42	RESP=1
5063522	42	STIM=w
5072554	42	RESP=1
5079152	42	STIM=c
5082850	42	RESP=1
5096639	42	STIM=u
5105051	42	RESP=1
5114943	42	STIM=m
5122093	42	RESP=1
5133693	42	STIM=n
5137658	42	RESP=1
5150170	42	STIM=m
5157678	42	RESP=1
5167780	42	STIM=e
5173862	42	RESP=2
5184068	42	STIM=d
5192787	42	RESP=1
5199638	42	STIM=u
5203730	42	RESP=1
5217459	42	STIM=k
5223670	42	RESP=1
5234442	42	STIM=e
5240100	42	RESP=1
5249655	42	STIM=w
5255232	42	RESP=1
5265238	42	STIM=r
5270007	42	RESP=1
5283814	42	STIM=m
5289694	42	RESP=2
5300132	42	STIM=0
5304196	42	RESP=2
5315590	42	STIM=k
5322546	42	RESP=1
5331522	42	STIM=8
5338146	42	RESP=2
5350352	42	STIM=n
5353392	42	RESP=1
5368569	42	STIM=j
5373719	42	RESP=1
5386709	42	STIM=h
5391645	42	RESP=1
5404501	42	STIM=t
5411820	42	RESP=1
5422135	42	STIM=j
5428785	42	RESP=1
5438776	42	STIM=b
5448461	42	RESP=1
5454822	42	STIM=h
5459416	42	RESP=1
5471190	42	STIM=z
5476330	42	RESP=1
5487493	42	STIM=i
5490694	42	RESP=1
5503978	42	STIM=d
5513040	42	RESP=1
5519730	42	STIM=q
5528374	42	RESP=1
5537226	42	STIM=j
5540423	42	RESP=1
5553207	42	STIM=u
5557791	42	RESP=1
5571860	42	STIM=w
5574779	42	RESP=1
5590463	42	STIM=g
5595319	42	RESP=1
5609078	42	STIM=s
5613508	42	RESP=1
5625214	42	STIM=s
5629114	42	RESP=1
5642792	42	STIM=y
5647387	42	RESP=1
5659474	42	STIM=9
5672405	42	RESP=2
5675188	42	STIM=z
5684361	42	RESP=1
5693356	42	STIM=p
5697949	42	RESP=1
5709855	42	STIM=r
5717346	42	RESP=1
5726355	42	STIM=y
5733098	42	RESP=1
5743690	42	STIM=r
5752053	42	RESP=1
5762237	42	STIM=h
5768632	42	RESP=1
5777640	42	STIM=5
5783835	42	RESP=2
5793955	42	STIM=z
5801004	42	RESP=1
5809625	42	STIM=q
5818046	42	RESP=1
5825474	42	STIM=k
5831697	42	RESP=1
5841133	42	STIM=a
5844835	42	RESP=1
5859609	42	STIM=3
5864313	42	RESP=1
5877059	42	STIM=5
5883369	42	RESP=2
5894208	42	STIM=s
5899314	42	RESP=1
5910403	42	STIM=3
5917788	42	RESP=2
5926375	42	STIM=q
5930751	42	RESP=1
5942570	42	STIM=y
5947415	42	RESP=1
5961193	42	STIM=d
5965137	42	RESP=1
5979161	42	STIM=0
5985930	42	RESP=2
5994653	42	STIM=3
5999031	42	RESP=2
6011031	42	STIM=e
6016649	42	RESP=1
6028052	42	STIM=c
6031022	42	RESP=1
6044881	42	STIM=w
6052490	42	RESP=1
6060259	42	STIM=u
6068554	42	RESP=1
6077035	42	STIM=x
6081479	42	RESP=1
6095424	42	STIM=f
6105280	42	RESP=1
6114217	42	STIM=v
6121965	42	RESP=1
6130381	42	STIM=j
6137411	42	RESP=1
6148749	42	STIM=c
6155025	42	RESP=1
6165930	42	STIM=c
6171916	42	RESP=1
6181199	42	STIM=n
6187190	42	RESP=1
6196914	42	STIM=g
6200543	42	RESP=1
6215222	42	STIM=p
6218604	42	RESP=1
6232537	42	STIM=p
6240724	42	RESP=1
6249775	42	STIM=o
6253823	42	RESP=1
6267604	42	STIM=t
6273151	42	RESP=1
6283750	42	STIM=7
6288340	42	RESP=2
6300225	42	STIM=g
6308272	42	RESP=1
6315808	42	STIM=4
6321793	42	RESP=1
6333811	42	STIM=v
6336884	42	RESP=1
6348902	42	STIM=a
6358782	42	RESP=1
6365341	42	STIM=u
6370665	42	RESP=1
6384100	42	STIM=v
6390134	42	RESP=1
6402570	42	STIM=i
6410712	42	RESP=1
6419436	42	STIM=4
6428757	42	RESP=2
6435953	42	STIM=5
6443716	42	RESP=2
6451860	42	STIM=u
6464469	42	RESP=1
6467799	42	STIM=a
6477293	42	RESP=1
6484516	42	STIM=h
6491196	42	RESP=1
6500427	42	STIM=j
6504565	42	RESP=1
6519385	42	STIM=6
6526301	42	RESP=2
6535227	42	STIM=u
6542855	42	RESP=1
6553970	42	STIM=9
6569111	42	RESP=2
6572476	42	STIM=t
6578721	42	RESP=1
6587890	42	STIM=p
6591695	42	RESP=1
6603460	42	STIM=k
6613013	42	RESP=1
6622451	42	STIM=x
6626864	42	RESP=1
6639929	42	STIM=h
6643511	42	RESP=1
6655813	42	STIM=x
6660740	42	RESP=1
6674627	42	STIM=d
6682559	42	RESP=1
6690994	42	STIM=r
6697928	42	RESP=1
6708043	42	STIM=6
6715395	42	RESP=2
6724436	42	STIM=n
6737188	42	RESP=1
6740162	42	STIM=u
6746142	42	RESP=1
6757190	42	STIM=l
6761013	42	RESP=1
6774250	42	STIM=p
6780891	42	RESP=1
6790230	42	STIM=7
6794680	42	RESP=1
6807184	42	STIM=r
6811439	42	RESP=2
6822352	42	STIM=e
6825207	42	RESP=1
6839308	42	STIM=n
6843036	42	RESP=1
6858305	42	STIM=6
6865477	42	RESP=2
6875872	42	STIM=v
6880446	42	RESP=1
6891438	42	STIM=a
6893956	42	RESP=1
6910350	42	STIM=9
6915036	42	RESP=2
6927265	42	STIM=o
6931253	42	RESP=1
6945407	42	STIM=t
6953024	42	RESP=1
6962458	42	STIM=j
6966462	42	RESP=1
6977934	42	STIM=w
6982441	42	RESP=1
6993592	42	STIM=p
6999549	42	RESP=1
7009645	42	STIM=u
7013517	42	RESP=1
7028296	42	STIM=s
7032586	42	RESP=1
7047022	42	STIM=5
7054040	42	RESP=2
7062191	42	STIM=s
7068424	42	RESP=1
7078360	42	STIM=7
7081756	42	RESP=1
7095581	42	STIM=m
7098770	42	RESP=1
7110752	42	STIM=z
7115247	42	RESP=1
7126617	42	STIM=o
7131680	42	RESP=1
7143294	42	STIM=h
7147770	42	RESP=1
7160313	42	STIM=5
7169033	42	RESP=2
7175460	42	STIM=u
7177923	42	RESP=1
7192435	42	STIM=d
7197019	42	RESP=1
7209469	42	STIM=m
7214636	42	RESP=2
7227121	42	STIM=a
7234068	42	RESP=1
7242883	42	STIM=1
7252207	42	RESP=2
7258642	42	STIM=o
7261583	42	RESP=1
7275260	42	STIM=b
7282883	42	RESP=1
7291060	42	STIM=6
7298977	42	RESP=2
7308443	42	STIM=w
7313497	42	RESP=1
7324087	42	STIM=b
7330387	42	RESP=1
7340213	42	STIM=5
7350514	42	RESP=2
7355967	42	STIM=a
7363730	42	RESP=1
7373411	42	STIM=m
7378648	42	RESP=1
7391426	42	STIM=j
7394912	42	RESP=2
7408317	42	STIM=r
7411475	42	RESP=1
7423860	42	STIM=i
7428375	42	RESP=1
7442822	42	STIM=u
7448511	42	RESP=1
7460906	42	STIM=m
7464505	42	RESP=2
7477471	42	STIM=d
7485750	42	RESP=1
7493001	42	STIM=i
7498554	42	RESP=1
7509364	42	STIM=b
7515201	42	RESP=1
7525083	42	STIM=3
7532654	42	RESP=2
7541601	42	STIM=o
7553187	42	RESP=1
7556805	42	STIM=l
7564803	42	RESP=1
7574100	42	STIM=4
7580233	42	RESP=2
7592833	42	STIM=o
7599199	42	RESP=2
7608630	42	STIM=h
7615058	42	RESP=1
7624515	42	STIM=e
7633374	42	RESP=1
7639951	42	STIM=o
7646804	42	RESP=1
7657278	42	STIM=1
7665987	42	RESP=2
7675240	42	STIM=8
7679829	42	RESP=2
7690280	42	STIM=e
7694090	42	RESP=1
7706979	42	STIM=f
7712236	42	RESP=1
7725291	42	STIM=t
7729551	42	RESP=1
7742235	42	STIM=c
7748402	42	RESP=1
7757803	42	STIM=8
7762206	42	RESP=2
7775642	42	STIM=4
7779543	42	RESP=2
7792599	42	STIM=a
7798790	42	RESP=1
7810325	42	STIM=3
7818805	42	RESP=2
7826113	42	STIM=a
7830236	42	RESP=1
7844911	42	STIM=n
7853531	42	RESP=1
7862654	42	STIM=o
7868651	42	RESP=1
7877927	42	STIM=r
7883493	42	RESP=1
7893731	42	STIM=2
7898159	42	RESP=1
7912599	42	STIM=f
7915242	42	RESP=1
7929586	42	STIM=y
7935336	42	RESP=1
7947576	42	STIM=5
7953397	42	RESP=2
7964332	42	STIM=h
7970314	42	RESP=1
7979689	42	STIM=s
7983051	42	RESP=1
7996406	42	STIM=w
8000671	42	RESP=1
8015197	42	STIM=0
8020098	42	RESP=2
8033587	42	STIM=z
8040799	42	RESP=1
8049742	42	STIM=q
8055529	42	RESP=1
8067444	42	STIM=1
8079656	42	RESP=2
8082527	42	STIM=h
8092162	42	RESP=1
8101463	42	STIM=e
8107108	42	RESP=1
8118167	42	STIM=t
8123768	42	RESP=1
8135191	42	STIM=w
8138575	42	RESP=1
8153672	42	STIM=m
8156376	42	RESP=1
8171554	42	STIM=o
8175536	42	RESP=1
8188963	42	STIM=f
8196878	42	RESP=1
8204797	42	STIM=f
8213546	42	RESP=1
8220435	42	STIM=k
8225436	42	RESP=1
8238475	42	STIM=e
8242462	42	RESP=1
8256947	42	STIM=9
8261037	42	RESP=2
8274092	42	STIM=w
8280732	42	RESP=1
8291048	42	STIM=6
8297112	42	RESP=2
8308851	42	STIM=r
8316645	42	RESP=1
8326667	42	STIM=y
8330886	42	RESP=1
8343156	42	STIM=e
8348484	42	RESP=1
8360945	42	STIM=g
8364814	42	RESP=1
8379738	42	STIM=m
8386462	42	RESP=1
8396477	42	STIM=h
8400161	42	RESP=1
8412437	42	STIM=6
8418791	42	RESP=1
8429144	42	STIM=u
8433458	42	RESP=1
8444552	42	STIM=6
8450063	42	RESP=2
8461260	42	STIM=q
8465404	42	RESP=1
8478412	42	STIM=e
8484324	42	RESP=1
8497209	42	STIM=o
8499982	42	RESP=1
8514251	42	STIM=4
8521117	42	RESP=2
8530062	42	STIM=v
8534366	42	RESP=1
8547743	42	STIM=l
8553451	42	RESP=1
8566199	42	STIM=4
8574005	42	RESP=2
8582108	42	STIM=t
8587072	42	RESP=1
8598693	42	STIM=q
8602619	42	RESP=1
8617078	42	STIM=n
8622802	42	RESP=1
8632566	42	STIM=k
8639593	42	RESP=1
8647584	42	STIM=r
8654089	42	RESP=1
8663513	42	STIM=h
8670488	42	RESP=1
8678634	42	STIM=y
8683159	42	RESP=1
8694824	42	STIM=g
8699805	42	RESP=1
8711879	42	STIM=2
8715772	42	RESP=2
8727597	42	STIM=w
8732283	42	RESP=1
8746288	42	STIM=8
8750374	42	RESP=2
8762897	42	STIM=h
8766937	42	RESP=1
8778911	42	STIM=7
8789925	42	RESP=2
8797542	42	STIM=k
8803209	42	RESP=1
8813212	42	STIM=z
8820010	42	RESP=1
8831404	42	STIM=o
8840917	42	RESP=1
8850052	42	STIM=g
8853206	42	RESP=1
8867220	42	STIM=p
8872022	42	RESP=1
8884620	42	STIM=a
8894246	42	RESP=2
8903492	42	STIM=a
8910221	42	RESP=1
8918970	42	STIM=i
8927558	42	RESP=1
8936750	42	STIM=n
8941829	42	RESP=1
8954345	42	STIM=t
8959251	42	RESP=1
8970439	42	STIM=w
8977042	42	RESP=1
8986215	42	STIM=s
8993365	42	RESP=1
9003853	42	STIM=w
9006964	42	RESP=1
9022220	42	STIM=9
9029793	42	RESP=2
9038190	42	STIM=1
9044473	42	RESP=2
9053346	42	STIM=6
9062588	42	RESP=2
9068690	42	STIM=q
9074469	42	RESP=1
9087338	42	STIM=c
9093269	42	RESP=1
9104138	42	STIM=x
9111661	42	RESP=2
9120794	42	STIM=k
9128650	42	RESP=1
9137390	42	STIM=s
9142878	42	RESP=1
9153175	42	STIM=c
9157840	42	RESP=1
9172115	42	STIM=i
9178296	42	RESP=1
9189010	42	STIM=b
9192860	42	RESP=1
9204488	42	STIM=n
9209347	42	RESP=1
9220302	42	STIM=b
9224663	42	RESP=1
9236539	42	STIM=r
9239344	42	RESP=1
9253767	42	STIM=6
9262287	42	RESP=2
9269265	42	STIM=l
9272897	42	RESP=1
9284849	42	STIM=i
9288395	42	RESP=1
9300171	42	STIM=m
9306458	42	RESP=1
9317057	42	STIM=s
9320231	42	RESP=1
9332962	42	STIM=r
9341756	42	RESP=1
9348190	42	STIM=q
9354406	42	RESP=1
9366646	42	STIM=c
9375792	42	RESP=1
9382809	42	STIM=k
9387680	42	RESP=1
9398308	42	STIM=u
9409518	42	RESP=1
9415494	42	STIM=9
9422341	42	RESP=2
9434417	42	STIM=h
9442248	42	RESP=2
9450837	42	STIM=r
9458890	42	RESP=1
9467968	42	STIM=5
9472262	42	RESP=2
9483246	42	STIM=c
9487969	42	RESP=1
9500517	42	STIM=d
9504874	42	RESP=1
9516827	42	STIM=2
9523156	42	RESP=2
9532604	42	STIM=p
9541009	42	RESP=1
9548220	42	STIM=g
9555089	42	RESP=1
9563601	42	STIM=f
9568313	42	RESP=1
9582362	42	STIM=4
9587719	42	RESP=2
9599801	42	STIM=l
9603804	42	RESP=1
9616191	42	STIM=9
9624272	42	RESP=2
9632316	42	STIM=i
9635807	42	RESP=1
9649647	42	STIM=7
9660532	42	RESP=2
9665890	42	STIM=p
9675389	42	RESP=1
9682156	42	STIM=8
9688518	42	RESP=2
9701135	42	STIM=n
9707508	42	RESP=1
9716178	42	STIM=h
9722605	42	RESP=1
9732927	42	STIM=m
9736533	42	RESP=1
9751333	42	STIM=h
9760785	42	RESP=1
9766635	42	STIM=t
9770100	42	RESP=1
9781874	42	STIM=z
9786365	42	RESP=2
9800817	42	STIM=c
9806184	42	RESP=1
9816932	42	STIM=z
9828778	42	RESP=1
9833000	42	STIM=t
9837954	42	RESP=1
9851152	42	STIM=3
9858090	42	RESP=2
9869814	42	STIM=7
9878460	42	RESP=2
9888705	42	STIM=0
9893203	42	RESP=2
9907161	42	STIM=4
9912440	42	RESP=2
9925974	42	STIM=w
9930375	42	RESP=1
9942517	42	STIM=b
9946316	42	RESP=1
9960152	42	STIM=v
9963661	42	RESP=1
9976162	42	STIM=a
9980080	42	RESP=1
9994438	42	STIM=s
9999291	42	RESP=1
10010176	42	STIM=3
10017065	42	RESP=2
10026910	42	STIM=9
10031764	42	RESP=2
10043525	42	STIM=a
10047972	42	RESP=1
10061546	42	STIM=w
10067503	42	RESP=1
10079900	42	STIM=9
10084607	42	RESP=2
10098880	42	STIM=i
10104521	42	RESP=1
10116545	42	STIM=b
10121002	42	RESP=1
10131798	42	STIM=g
10137499	42	RESP=1
10150333	42	STIM=e
10154199	42	RESP=2
10167842	42	STIM=k
10171640	42	RESP=1
10185922	42	STIM=v
10195771	42	RESP=1
10202184	42	STIM=f
10209365	42	RESP=1
10220726	42	STIM=q
10225646	42	RESP=1
10237636	42	STIM=o
10244544	42	RESP=1
10252826	42	STIM=h
10256511	42	RESP=1
10268736	42	STIM=t
10272535	42	RESP=1
10287171	42	STIM=7
10290811	42	RESP=2
10302320	42	STIM=h
10306061	42	RESP=1
10319914	42	STIM=t
10327365	42	RESP=2
10336329	42	STIM=x
10346768	42	RESP=1
10353436	42	STIM=s
10362933	42	RESP=1
10371874	42	STIM=9
10377614	42	RESP=2
10389894	42	STIM=y
10396112	42	RESP=1
10405091	42	STIM=m
10409174	42	RESP=1
10422639	42	STIM=t
10431305	42	RESP=1
10441336	42	STIM=h
10445839	42	RESP=1
10457449	42	STIM=v
10462451	42	RESP=1
10474678	42	STIM=4
10480596	42	RESP=2
10493567	42	STIM=j
10501465	42	RESP=1
10511046	42	STIM=8
10517924	42	RESP=1
10528152	42	STIM=d
10533960	42	RESP=1
10545831	42	STIM=d
10559862	42	RESP=1
10564025	42	STIM=k
10571134	42	RESP=1
10582721	42	STIM=6
10586793	42	RESP=2
10600460	42	STIM=4
10605755	42	RESP=2
10617281	42	STIM=n
10620974	42	RESP=1
10634546	42	STIM=p
10640257	42	RESP=1
10650559	42	STIM=5
10658655	42	RESP=1
10666750	42	STIM=a
10671656	42	RESP=1
10685589	42	STIM=p
10689379	42	RESP=1
10701296	42	STIM=r
10705705	42	RESP=1
10717610	42	STIM=s
10720814	42	RESP=1
10732624	42	STIM=t
10739503	42	RESP=1
10748166	42	STIM=w
10753177	42	RESP=1
10765209	42	STIM=d
10771985	42	RESP=1
10783706	42	STIM=s
10788147	42	RESP=1
10799024	42	STIM=x
10802750	42	RESP=1
10814760	42	STIM=q
10825374	42	RESP=1
10830223	42	STIM=8
10839119	42	RESP=2
10847319	42	STIM=a
10851539	42	RESP=1
10864524	42	STIM=o
10868828	42	RESP=1
10883104	42	STIM=8
10890452	42	RESP=2
10900563	42	STIM=k
10907986	42	RESP=1
10919503	42	STIM=u
10925361	42	RESP=1
10936511	42	STIM=e
10941560	42	RESP=1
10953999	42	STIM=h
10959804	42	RESP=1
10971726	42	STIM=k
10979024	42	RESP=1
10989404	42	STIM=a
10994823	42	RESP=1
11007496	42	STIM=u
11014451	42	RESP=1
11025200	42	STIM=e
11029025	42	RESP=1
11042282	42	STIM=b
11048070	42	RESP=1
11060950	42	STIM=t
11069589	42	RESP=1
11076468	42	STIM=a
11082195	42	RESP=1
11095329	42	STIM=l
11101603	42	RESP=1
11113528	42	STIM=n
11119196	42	RESP=1
11131916	42	STIM=d
11137753	42	RESP=1
11149629	42	STIM=i
11154995	42	RESP=1
11166057	42	STIM=n
11174194	42	RESP=1
11183904	42	STIM=8
11189657	42	RESP=2
11200913	42	STIM=z
11209045	42	RESP=1
11217225	42	STIM=m
11221654	42	RESP=1
11232566	42	STIM=u
11236262	42	RESP=1
11251083	42	STIM=h
11259121	42	RESP=1
11266561	42	STIM=1
11271248	42	RESP=2
11284970	42	STIM=l
11291655	42	RESP=1
11300237	42	STIM=6
11309665	42	RESP=2
11317286	42	STIM=n
11325462	42	RESP=1
11334131	42	STIM=j
11337857	42	RESP=1
11350987	42	STIM=m
11359135	42	RESP=1
11369088	42	STIM=i
11379841	42	RESP=1
11387727	42	STIM=g
11395651	42	RESP=1
11406271	42	STIM=e
11414276	42	RESP=1
11423087	42	STIM=s
11430261	42	RESP=1
11441837	42	STIM=r
11446177	42	RESP=1
11458240	42	STIM=h
11462686	42	RESP=1
11474725	42	STIM=i
11483274	42	RESP=1
11490292	42	STIM=v
11493589	42	RESP=1
11508543	42	STIM=o
11514628	42	RESP=1
11524945	42	STIM=v
11530014	42	RESP=1
11543102	42	STIM=l
11549564	42	RESP=1
11558835	42	STIM=1
11563901	42	RESP=2
11574302	42	STIM=i
11580990	42	RESP=1
11590959	42	STIM=i
11594594	42	RESP=1
11609312	42	STIM=u
11613005	42	RESP=1
11626369	42	STIM=p
11632746	42	RESP=1
11644023	42	STIM=r
11648749	42	RESP=1
11662102	42	STIM=c
11667707	42	RESP=1
11677202	42	STIM=r
11683737	42	RESP=1
11693841	42	STIM=i
11698783	42	RESP=1
11710420	42	STIM=h
11717093	42	RESP=1
11726922	42	STIM=x
11731399	42	RESP=1
11742863	42	STIM=u
11750245	42	RESP=1
11760580	42	STIM=a
11765107	42	RESP=1
11776388	42	STIM=a
11778980	42	RESP=2
11792555	42	STIM=j
11796869	42	RESP=1
11808710	42	STIM=y
11812553	42	RESP=1
11827255	42	STIM=5
11832514	42	RESP=2
11845774	42	STIM=q
11849783	42	RESP=1
11863078	42	STIM=3
11869484	42	RESP=2
11881150	42	STIM=5
11889811	42	RESP=2
11896762	42	STIM=v
11901830	42	RESP=1
11911973	42	STIM=t
11921642	42	RESP=1
11930935	42	STIM=d
11942080	42	RESP=1
11948983	42	STIM=f
11952483	42	RESP=1
11964285	42	STIM=f
11968780	42	RESP=1
11982712	42	STIM=z
11993263	42	RESP=1
12000140	42	STIM=n
12007451	42	RESP=1
12016710	42	STIM=4
12022992	42	RESP=1
12032915	42	STIM=i
12038458	42	RESP=1
12050770	42	STIM=3
12058392	42	RESP=2
12066561	42	STIM=e
12069928	42	RESP=1
12082101	42	STIM=v
12087567	42	RESP=1
12099140	42	STIM=0
12107560	42	RESP=1
12116126	42	STIM=u
12122486	42	RESP=1
12133843	42	STIM=v
12139328	42	RESP=1
12152019	42	STIM=l
12155478	42	RESP=1
12170674	42	STIM=z
12176963	42	RESP=1
12188723	42	STIM=u
12193320	42	RESP=1
12207084	42	STIM=j
12216762	42	RESP=1
12223563	42	STIM=b
12232160	42	RESP=1
12240848	42	STIM=5
12247594	42	RESP=2
12259417	42	STIM=h
12265979	42	RESP=1
12276190	42	STIM=v
12279428	42	RESP=1
12294993	42	STIM=c
12303222	42	RESP=1
12311079	42	STIM=c
12315992	42	RESP=1
12328283	42	STIM=f
12336555	42	RESP=2
12344613	42	STIM=r
12348725	42	RESP=1
12362361	42	STIM=v
12368036	42	RESP=1
12379302	42	STIM=5
12385978	42	RESP=1
12396826	42	STIM=k
12403888	42	RESP=1
12415284	42	STIM=z
12428605	42	RESP=1
12432999	42	STIM=w
12441152	42	RESP=2
12449140	42	STIM=k
12453002	42	RESP=1
12464734	42	STIM=i
12467595	42	RESP=1
12481030	42	STIM=j
12486223	42	RESP=1
12497920	42	STIM=1
12502155	42	RESP=2
12513263	42	STIM=f
12520264	42	RESP=1
12529157	42	STIM=i
12537610	42	RESP=1
12546913	42	STIM=5
12552734	42	RESP=2
12563485	42	STIM=y
12572725	42	RESP=1
12581528	42	STIM=b
12593031	42	RESP=1
12597251	42	STIM=o
12603301	42	RESP=1
12613808	42	STIM=x
12617031	42	RESP=1
12631310	42	STIM=l
12639333	42	RESP=1
12646746	42	STIM=w
12651650	42	RESP=1
12661806	42	STIM=t
12669085	42	RESP=1
12680749	42	STIM=y
12686785	42	RESP=1
12699046	42	STIM=n
12702441	42	RESP=1
12716745	42	STIM=y
12720989	42	RESP=1
12732633	42	STIM=2
12736953	42	RESP=2
12750766	42	STIM=v
12756049	42	RESP=1
12767947	42	STIM=l
12772023	42	RESP=1
12784214	42	STIM=o
12794198	42	RESP=1
12799299	42	STIM=f
12804071	42	RESP=1
12814845	42	STIM=a
12821856	42	RESP=1
12832348	42	STIM=y
12837978	42	RESP=1
12847965	42	STIM=y
12852393	42	RESP=1
12866573	42	STIM=g
12872892	42	RESP=1
12881803	42	STIM=1
12887566	42	RESP=2
12899822	42	STIM=c
12903805	42	RESP=1
12916948	42	STIM=y
12923718	42	RESP=1
12932217	42	STIM=6
12937981	42	RESP=1
12949873	42	STIM=i
12955782	42	RESP=1
12965904	42	STIM=3
12969598	42	RESP=2
12984536	42	STIM=u
12989941	42	RESP=1
13001002	42	STIM=q
13010012	42	RESP=1
13018500	42	STIM=2
13023413	42	RESP=2
13036721	42	STIM=6
13053386	42	RESP=2
13053486	42	STIM=q
13057373	42	RESP=1
13070658	42	STIM=s
13074201	42	RESP=1
13086177	42	STIM=k
13093129	42	RESP=2
13103119	42	STIM=0
13109123	42	RESP=2
13120675	42	STIM=q
13125050	42	RESP=1
13137485	42	STIM=l
13146055	42	RESP=1
13156277	42	STIM=7
13162066	42	RESP=2
13171465	42	STIM=h
13174511	42	RESP=1
13188018	42	STIM=p
13192575	42	RESP=1
13206292	42	STIM=x
13213251	42	RESP=1
13221566	42	STIM=i
13228186	42	RESP=1
13238808	42	STIM=y
13242754	42	RESP=1
13256432	42	STIM=2
13262739	42	RESP=2
13274918	42	STIM=9
13281987	42	RESP=2
13290715	42	STIM=j
13297302	42	RESP=1
13308021	42	STIM=a
13313987	42	RESP=1
13323897	42	STIM=7
13330575	42	RESP=2
13342099	42	STIM=a
13345186	42	RESP=1
13360154	42	STIM=i
13368896	42	RESP=1
13375927	42	STIM=l
13381612	42	RESP=1
13394419	42	STIM=p
13398342	42	RESP=1
13412145	42	STIM=6
13419995	42	RESP=2
13428162	42	STIM=l
13433475	42	RESP=1
13445737	42	STIM=3
13449832	42	RESP=2
13464092	42	STIM=4
13472118	42	RESP=1
13480438	42	STIM=n
13489602	42	RESP=1
13496876	42	STIM=2
13502235	42	RESP=1
13514092	42	STIM=d
13518786	42	RESP=1
13532879	42	STIM=f
13537426	42	RESP=1
13549934	42	STIM=8
13556762	42	RESP=2
13565874	42	STIM=a
13575942	42	RESP=1
13582542	42	STIM=t
13589761	42	RESP=1
13598336	42	STIM=z
13603902	42	RESP=1
13614673	42	STIM=h
13623126	42	RESP=1
13633380	42	STIM=g
13637950	42	RESP=1
13648647	42	STIM=0
13655195	42	RESP=2
13665005	42	STIM=4
13673950	42	RESP=2
13683227	42	STIM=l
13686754	42	RESP=1
13698623	42	STIM=7
13704474	42	RESP=2
13716653	42	STIM=i
13725232	42	RESP=1
13733067	42	STIM=j
13737833	42	RESP=1
13750451	42	STIM=7
13758468	42	RESP=2
13768064	42	STIM=p
13771873	42	RESP=1
13786155	42	STIM=k
13789365	42	RESP=1
13801514	42	STIM=8
13810067	42	RESP=1
13816590	42	STIM=u
13819961	42	RESP=1
13835385	42	STIM=1
13844673	42	RESP=2
13850468	42	STIM=c
13854363	42	RESP=1
13867128	42	STIM=w
13872715	42	RESP=1
13886082	42	STIM=1
13891810	42	RESP=2
13903072	42	STIM=m
13909161	42	RESP=1
13920087	42	STIM=a
13924715	42	RESP=1
13936282	42	STIM=a
13939700	42	RESP=1
13952979	42	STIM=6
13959205	42	RESP=2
13970700	42	STIM=g
13979868	42	RESP=1
13989453	42	STIM=n
13994813	42	RESP=1
14005408	42	STIM=o
14011430	42	RESP=1
14023833	42	STIM=p
14033932	42	RESP=1
14040363	42	STIM=l
14044260	42	RESP=1
14058306	42	STIM=w
14066623	42	RESP=1
14073671	42	STIM=q
14078023	42	RESP=1
14090216	42	STIM=n
14093282	42	RESP=1
14106873	42	STIM=u
14113513	42	RESP=1
14124797	42	STIM=o
14127861	42	RESP=2
14142339	42	STIM=k
14149290	42	RESP=1
14160386	42	STIM=h
14171378	42	RESP=1
14177146	42	STIM=p
14186348	42	RESP=1
14195340	42	STIM=h
14200776	42	RESP=1
14210982	42	STIM=t
14219201	42	RESP=1
14227958	42	STIM=f
14231941	42	RESP=1
14245077	42	STIM=m
14250914	42	RESP=1
14260516	42	STIM=g
14265369	42	RESP=1
14276115	42	STIM=a
14283150	42	RESP=1
14293084	42	STIM=6
14301026	42	RESP=2
14309397	42	STIM=r
14312630	42	RESP=1
14325316	42	STIM=4
14338776	42	RESP=2
14340646	42	STIM=p
14345911	42	RESP=1
14358999	42	STIM=1
14367651	42	RESP=2
14375721	42	STIM=g
14381699	42	RESP=1
14393511	42	STIM=b
14396253	42	RESP=1
14409155	42	STIM=7
14415966	42	RESP=1
14426738	42	STIM=b
14429509	42	RESP=2
14443918	42	STIM=y
14448546	42	RESP=1
14462741	42	STIM=v
14466726	42	RESP=1
14479216	42	STIM=t
14488440	42	RESP=1
14495436	42	STIM=d
14501752	42	RESP=1
14511564	42	STIM=g
14518738	42	RESP=1
14528916	42	STIM=e
14531750	42	RESP=1
14545222	42	STIM=n
14548295	42	RESP=1
14561754	42	STIM=6
14570990	42	RESP=2
14579358	42	STIM=n
14584091	42	RESP=1
14596502	42	STIM=s
14602526	42	RESP=2
14613769	42	STIM=o
14622597	42	RESP=1
14632236	42	STIM=d
14638007	42	RESP=1
14650361	42	STIM=j
14661192	42	RESP=1
14667655	42	STIM=5
14676764	42	RESP=2
14686539	42	STIM=z
14691465	42	RESP=1
14702561	42	STIM=n
14709902	42	RESP=1
14721148	42	STIM=e
14727346	42	RESP=1
14738170	42	STIM=f
14750387	42	RESP=1
14756341	42	STIM=4
14761286	42	RESP=2
14774893	42	STIM=v
14781004	42	RESP=1
14790972	42	STIM=i
14797536	42	RESP=1
14807538	42	STIM=d
14811749	42	RESP=1
14824858	42	STIM=a
14827689	42	RESP=1
14841592	42	STIM=1
14846560	42	RESP=2
14859712	42	STIM=1
14866473	42	RESP=2
14876877	42	STIM=h
14880219	42	RESP=1
14894677	42	STIM=m
14897791	42	RESP=1
14911857	42	STIM=9
14917729	42	RESP=2
14927045	42	STIM=j
14931170	42	RESP=1
14945579	42	STIM=c
14951974	42	RESP=2
14963954	42	STIM=9
14969952	42	RESP=2
14980152	42	STIM=w
14985020	42	RESP=1
14998623	42	STIM=m
15002231	42	RESP=1
15016415	42	STIM=z
15023003	42	RESP=1
15033913	42	STIM=y
15038675	42	RESP=1
15049921	42	STIM=a
15061869	42	RESP=2
15067917	42	STIM=f
15075784	42	RESP=1
15085408	42	STIM=y
15089073	42	RESP=1
15102755	42	STIM=8
15107193	42	RESP=2
15119349	42	STIM=u
15122390	42	RESP=1
15134830	42	STIM=l
15139674	42	RESP=1
15150156	42	STIM=x
15157143	42	RESP=1
15166144	42	STIM=r
15171178	42	RESP=1
15182472	42	STIM=p
15187435	42	RESP=1
15199519	42	STIM=s
15203585	42	RESP=1
15214578	42	STIM=m
15218213	42	RESP=1
15232285	42	STIM=q
15238612	42	RESP=1
15250659	42	STIM=p
15254586	42	RESP=2
15269052	42	STIM=e
15274394	42	RESP=1
15284150	42	STIM=z
15288734	42	RESP=1
15299530	42	STIM=k
15307803	42	RESP=1
15317163	42	STIM=o
15323483	42	RESP=1
15335151	42	STIM=9
15339665	42	RESP=2
15351650	42	STIM=f
15354946	42	RESP=1
15368064	42	STIM=i
15371807	42	RESP=1
15383995	42	STIM=c
15386945	42	RESP=1
15400479	42	STIM=l
15405742	42	RESP=1
15418398	42	STIM=4
15423066	42	RESP=2
15436572	42	STIM=n
15443203	42	RESP=1
15452964	42	STIM=y
15459428	42	RESP=1
15470482	42	STIM=7
15476144	42	RESP=2
15487491	42	STIM=y
15494278	42	RESP=1
15505967	42	STIM=e
15509974	42	RESP=1
15522213	42	STIM=d
15526516	42	RESP=1
15540398	42	STIM=1
15546766	42	RESP=2
15558556	42	STIM=u
15561687	42	RESP=1
15577070	42	STIM=5
15581537	42	RESP=1
15594497	42	STIM=4
15603346	42	RESP=2
15612209	42	STIM=z
15615933	42	RESP=1
15629291	42	STIM=x
15633211	42	RESP=1
15644844	42	STIM=p
15650491	42	RESP=1
15663415	42	STIM=t
15667284	42	RESP=1
15679980	42	STIM=p
15687991	42	RESP=1
15697423	42	STIM=c
15702740	42	RESP=1
15712920	42	STIM=g
15717304	42	RESP=1
15731025	42	STIM=s
15738005	42	RESP=1
15747081	42	STIM=z
15751393	42	RESP=1
15763232	42	STIM=m
15769404	42	RESP=1
15780871	42	STIM=i
15784880	42	RESP=1
15797938	42	STIM=d
15802097	42	RESP=1
15813782	42	STIM=4
15819890	42	RESP=2
15830352	42	STIM=m
15838675	42	RESP=1
15848688	42	STIM=c
15854587	42	RESP=1
15867675	42	STIM=n
15871863	42	RESP=1
15886137	42	STIM=p
15892474	42	RESP=1
15903837	42	STIM=o
15907978	42	RESP=1
15921486	42	STIM=f
15926108	42	RESP=1
15936567	42	STIM=z
15940887	42	RESP=1
15953660	42	STIM=9
15960083	42	RESP=2
15970211	42	STIM=k
15977229	42	RESP=1
15989189	42	STIM=c
15993761	42	RESP=1
16006667	42	STIM=f
16009745	42	RESP=1
16022212	42	STIM=i
16027235	42	RESP=1
16038604	42	STIM=z
16042888	42	RESP=1
16055850	42	STIM=t
16061768	42	RESP=1
16072676	42	STIM=s
16082832	42	RESP=1
16087761	42	STIM=e
16095927	42	RESP=1
16104640	42	STIM=p
16107652	42	RESP=1
16119775	42	STIM=8
16125789	42	RESP=2
16135772	42	STIM=7
16142095	42	RESP=2
16154033	42	STIM=e
16157953	42	RESP=1
16171566	42	STIM=l
16176785	42	RESP=1
16187404	42	STIM=9
16191776	42	RESP=2
16202413	42	STIM=0
16209443	42	RESP=2
16220217	42	STIM=h
16224866	42	RESP=1
16236513	42	STIM=m
16242200	42	RESP=1
16253411	42	STIM=4
16258241	42	RESP=2
16270427	42	STIM=s
16274809	42	RESP=1
16286509	42	STIM=k
16291606	42	RESP=1
16304709	42	STIM=f
16309410	42	RESP=1
16323587	42	STIM=s
16332387	42	RESP=1
16341902	42	STIM=x
16344917	42	RESP=1
16357381	42	STIM=0
16362167	42	RESP=1
16374724	42	STIM=o
16377691	42	RESP=1
16392062	42	STIM=2
16398545	42	RESP=2
16407343	42	STIM=4
16412368	42	RESP=2
16424586	42	STIM=1
16429900	42	RESP=2
16443483	42	STIM=w
16449413	42	RESP=1
16460468	42	STIM=p
16464313	42	RESP=2
16476253	42	STIM=g
16480906	42	RESP=1
16494072	42	STIM=1
16500540	42	RESP=2
16510892	42	STIM=i
16515718	42	RESP=2
16527531	42	STIM=s
16535053	42	RESP=1
16543211	42	STIM=z
16549737	42	RESP=1
16561831	42	STIM=9
16568954	42	RESP=2
16579055	42	STIM=7
16586013	42	RESP=2
16596578	42	STIM=6
16602543	42	RESP=2
16615076	42	STIM=2
16619579	42	RESP=2
16631643	42	STIM=y
16638223	42	RESP=2
16648087	42	STIM=k
16653510	42	RESP=1
16664624	42	STIM=3
16674429	42	RESP=2
16680221	42	STIM=i
16686729	42	RESP=1
16695303	42	STIM=2
16699693	42	RESP=2
16711341	42	STIM=n
16714299	42	RESP=1
16726433	42	STIM=s
16730654	42	RESP=1
16743607	42	STIM=0
16749233	42	RESP=2
16762127	42	STIM=g
16768254	42	RESP=1
16779505	42	STIM=w
16785083	42	RESP=1
16794833	42	STIM=n
16799597	42	RESP=1
16811482	42	STIM=c
16815145	42	RESP=2
16829660	42	STIM=w
16835822	42	RESP=1
16846211	42	STIM=f
16853745	42	RESP=1
16864722	42	STIM=t
16869229	42	RESP=2
16882130	42	STIM=2
16888648	42	RESP=2
16897248	42	STIM=n
16902055	42	RESP=1
16913031	42	STIM=e
16919544	42	RESP=1
16930685	42	STIM=k
16935548	42	RESP=1
16946609	42	STIM=o
16951196	42	RESP=1
16964592	42	STIM=b
16972025	42	RESP=1
16980077	42	STIM=7
16986717	42	RESP=2
16995866	42	STIM=a
17000108	42	RESP=1
17014680	42	STIM=8
17021407	42	RESP=2
17032067	42	STIM=t
17037169	42	RESP=1
17047903	42	STIM=u
17053808	42	RESP=1
17065949	42	STIM=9
17074631	42	RESP=1
17084186	42	STIM=i
17090912	42	RESP=1
17101628	42	STIM=h
17106401	42	RESP=1
17118511	42	STIM=r
17124826	42	RESP=2
17136841	42	STIM=3
17141803	42	RESP=2
17155426	42	STIM=q
17162453	42	RESP=1
17172164	42	STIM=6
17176593	42	RESP=1
17188167	42	STIM=6
17195253	42	RESP=2
17205247	42	STIM=t
17208399	42	RESP=1
17221616	42	STIM=m
17225726	42	RESP=1
17238950	42	STIM=r
17242594	42	RESP=1
17255982	42	STIM=p
17260741	42	RESP=1
17274691	42	STIM=j
17280789	42	RESP=1
17293287	42	STIM=f
17301291	42	RESP=1
17308944	42	STIM=z
17314170	42	RESP=1
17326653	42	STIM=4
17333321	42	RESP=1
17341840	42	STIM=8
17347582	42	RESP=2
17360365	42	STIM=d
17365836	42	RESP=1
17377369	42	STIM=w
17386468	42	RESP=1
17392595	42	STIM=h
17398560	42	RESP=1
17410144	42	STIM=w
17413969	42	RESP=1
17428571	42	STIM=1
17437266	42	RESP=2
17443619	42	STIM=y
17448218	42	RESP=1
17462384	42	STIM=3
17472383	42	RESP=2
17478852	42	STIM=6
17484925	42	RESP=2
17494927	42	STIM=n
17501059	42	RESP=1
17513430	42	STIM=o
17519457	42	RESP=1
17529918	42	STIM=z
17535660	42	RESP=1
17548310	42	STIM=t
17554222	42	RESP=1
17564549	42	STIM=4
17570323	42	RESP=2
17580877	42	STIM=f
17583979	42	RESP=1
17595904	42	STIM=h
17600670	42	RESP=1
17611396	42	STIM=w
17617599	42	RESP=1
17630093	42	STIM=l
17636088	42	RESP=1
17647269	42	STIM=w
17652705	42	RESP=1
17665480	42	STIM=w
17670966	42	RESP=2
17684182	42	STIM=r
17689105	42	RESP=1
17703015	42	STIM=n
17706349	42	RESP=1
17719075	42	STIM=0
17724871	42	RESP=2
17734332	42	STIM=a
17740854	42	RESP=1
17750221	42	STIM=1
17756145	42	RESP=2
17768737	42	STIM=k
17775076	42	RESP=1
17784980	42	STIM=n
17792139	42	RESP=1
17801217	42	STIM=r
17806083	42	RESP=1
17819573	42	STIM=o
17823359	42	RESP=1
17835575	42	STIM=n
17841058	42	RESP=1
17854403	42	STIM=0
17861265	42	RESP=2
17870203	42	STIM=d
17874188	42	RESP=1
17888324	42	STIM=u
17892038	42	RESP=1
17903607	42	STIM=s
17906884	42	RESP=1
17921957	42	STIM=w
17925894	42	RESP=1
17940701	42	STIM=3
17950835	42	RESP=2
17957055	42	STIM=b
17965247	42	RESP=1
17975541	42	STIM=g
17984174	42	RESP=1
17994437	42	STIM=9
17998748	42	RESP=2
18010485	42	STIM=q
18017673	42	RESP=1
18028538	42	STIM=v
18035620	42	RESP=1
18046868	42	STIM=a
18050152	42	RESP=1
18064717	42	STIM=h
18068853	42	RESP=1
18081194	42	STIM=s
18088418	42	RESP=1
18099653	42	STIM=s
18105029	42	RESP=1
18117045	42	STIM=e
18120757	42	RESP=1
18133940	42	STIM=o
18142889	42	RESP=1
18151804	42	STIM=n
18161113	42	RESP=1
18170160	42	STIM=u
18174725	42	RESP=1
18186367	42	STIM=x
18194123	42	RESP=1
18205103	42	STIM=q
18210337	42	RESP=1
18221494	42	STIM=o
18225751	42	RESP=1
18238167	42	STIM=1
18246498	42	RESP=2
18256638	42	STIM=k
18262032	42	RESP=1
18275193	42	STIM=n
18278719	42	RESP=1
18291984	42	STIM=d
18295461	42	RESP=1
18310115	42	STIM=j
18313031	42	RESP=1
18326226	42	STIM=7
18331894	42	RESP=2
18343598	42	STIM=h
18347843	42	RESP=1
18359569	42	STIM=5
18367961	42	RESP=2
18374956	42	STIM=w
18378520	42	RESP=1
18393172	42	STIM=o
18396991	42	RESP=1
18411340	42	STIM=b
18415838	42	RESP=2
18427328	42	STIM=o
18431046	42	RESP=1
18445234	42	STIM=1
18454478	42	RESP=2
18462203	42	STIM=c
18468225	42	RESP=1
18479011	42	STIM=l
18482240	42	RESP=1
18495935	42	STIM=q
18500128	42	RESP=1
18512943	42	STIM=z
18518624	42	RESP=1
18531634	42	STIM=i
18537543	42	RESP=1
18549986	42	STIM=q
18556388	42	RESP=1
18566388	42	STIM=u
18574818	42	RESP=1
18583586	42	STIM=g
18589294	42	RESP=1
18599332	42	STIM=u
18605764	42	RESP=1
18615445	42	STIM=7
18620479	42	RESP=2
18632249	42	STIM=m
18641918	42	RESP=1
18647761	42	STIM=y
18652558	42	RESP=1
18666518	42	STIM=o
18670383	42	RESP=1
18683571	42	STIM=k
18686656	42	RESP=1
18700676	42	STIM=i
18709969	42	RESP=1
18719437	42	STIM=o
18728509	42	RESP=1
18737772	42	STIM=6
18741964	42	RESP=2
18754792	42	STIM=s
18760762	42	RESP=1
18772206	42	STIM=r
18777088	42	RESP=1
18790372	42	STIM=f
18794022	42	RESP=1
18806863	42	STIM=y
18814030	42	RESP=1
18822940	42	STIM=1
18828454	42	RESP=2
18838107	42	STIM=q
18844638	42	RESP=1
18853928	42	STIM=j
18861851	42	RESP=1
18869143	42	STIM=h
18878935	42	RESP=1
18885637	42	STIM=d
18891103	42	RESP=1
18901153	42	STIM=j
18905241	42	RESP=2
18916457	42	STIM=7
18920786	42	RESP=2
18934843	42	STIM=r
18939792	42	RESP=1
18951881	42	STIM=p
18956604	42	RESP=1
18969821	42	STIM=7
18977440	42	RESP=2
18985357	42	STIM=f
18990195	42	RESP=1
19002583	42	STIM=n
19008797	42	RESP=1
19019925	42	STIM=q
19026344	42	RESP=1
19038232	42	STIM=z
19042515	42	RESP=1
19056462	42	STIM=x
19061788	42	RESP=1
19072670	42	STIM=l
19083182	42	RESP=1
19088541	42	STIM=8
19094403	42	RESP=2
19103628	42	STIM=q
19106392	42	RESP=1
19118635	42	STIM=n
19127969	42	RESP=1
19135474	42	STIM=r
19141393	42	RESP=1
19152369	42	STIM=s
19157230	42	RESP=1
19171242	42	STIM=u
19174821	42	RESP=1
19189614	42	STIM=j
19192913	42	RESP=1
19207235	42	STIM=k
19215373	42	RESP=1
19223581	42	STIM=t
19227677	42	RESP=1
19238913	42	STIM=i
19243841	42	RESP=1
19256224	42	STIM=v
19259730	42	RESP=1
19274179	42	STIM=d
19279410	42	RESP=1
19292967	42	STIM=1
19302962	42	RESP=1
19310236	42	STIM=5
19315880	42	RESP=1
19327255	42	STIM=f
19330763	42	RESP=2
19344828	42	STIM=5
19349941	42	RESP=2
19360919	42	STIM=x
19368338	42	RESP=1
19376264	42	STIM=0
19381549	42	RESP=2
19391735	42	STIM=v
19399931	42	RESP=1
19407231	42	STIM=e
19415425	42	RESP=1
19424220	42	STIM=d
19427573	42	RESP=1
19439695	42	STIM=9
19445453	42	RESP=1
19457435	42	STIM=b
19461492	42	RESP=1
19472455	42	STIM=v
19480102	42	RESP=1
19488987	42	STIM=2
19495817	42	RESP=2
19504366	42	STIM=x
19513774	42	RESP=1
19519673	42	STIM=b
19523205	42	RESP=1
19537102	42	STIM=g
19544004	42	RESP=1
19552611	42	STIM=z
19557344	42	RESP=1
19570351	42	STIM=e
19575198	42	RESP=1
19585734	42	STIM=m
19589173	42	RESP=1
19604660	42	STIM=y
19611974	42	RESP=1
19621492	42	STIM=y
19631077	42	RESP=1
19638821	42	STIM=7
19644015	42	RESP=2
19657373	42	STIM=w
19661898	42	RESP=1
19674347	42	STIM=m
19680459	42	RESP=1
19692320	42	STIM=e
19696687	42	RESP=1
19707436	42	STIM=l
19713997	42	RESP=1
19724518	42	STIM=j
19733819	42	RESP=1
19740799	42	STIM=4
19747001	42	RESP=2
19757226	42	STIM=t
19762245	42	RESP=1
19774386	42	STIM=l
19777769	42	RESP=1
19790521	42	STIM=c
19796017	42	RESP=1
19807159	42	STIM=4
19811486	42	RESP=2
19824554	42	STIM=y
19831028	42	RESP=1
19843320	42	STIM=h
19847578	42	RESP=1
19859148	42	STIM=5
19867416	42	RESP=2
19874325	42	STIM=w
19877938	42	RESP=1
19891163	42	STIM=h
19895511	42	RESP=1
19909193	42	STIM=d
19914159	42	RESP=1
19925888	42	STIM=i
19929581	42	RESP=1
19943393	42	STIM=r
19948551	42	RESP=1
19960783	42	STIM=6
19965815	42	RESP=2
19979253	42	STIM=8
19986034	42	RESP=1
19996791	42	STIM=0
20004077	42	RESP=1
20012766	42	STIM=b
20020982	42	RESP=1
20028329	42	STIM=z
20034577	42	RESP=1
20046469	42	STIM=x
20053944	42	RESP=1
20062987	42	STIM=s
20073521	42	RESP=1
20078735	42	STIM=x
20086577	42	RESP=1
20094288	42	STIM=m
20099798	42	RESP=1
20111845	42	STIM=b
20119147	42	RESP=1
20129646	42	STIM=r
20134931	42	RESP=1
20147171	42	STIM=l
20152223	42	RESP=1
20162295	42	STIM=3
20167508	42	RESP=1
20177782	42	STIM=n
20181991	42	RESP=1
20194258	42	STIM=z
20200150	42	RESP=1
20210673	42	STIM=h
20216696	42	RESP=1
20227868	42	STIM=r
20234587	42	RESP=1
20243390	42	STIM=9
20248145	42	RESP=2
20260029	42	STIM=a
20262698	42	RESP=1
20275592	42	STIM=j
20281895	42	RESP=1
20292888	42	STIM=h
20301348	42	RESP=1
20309969	42	STIM=v
20317924	42	RESP=1
20327635	42	STIM=v
20333546	42	RESP=1
20343161	42	STIM=2
20351627	42	RESP=2
20358249	42	STIM=p
20363843	42	RESP=2
20376794	42	STIM=j
20381379	42	RESP=1
20391943	42	STIM=q
20398259	42	RESP=2
20409773	42	STIM=a
20417105	42	RESP=1
20427572	42	STIM=5
20436134	42	RESP=2
20446421	42	STIM=p
20451944	42	RESP=1
20463510	42	STIM=r
20466931	42	RESP=1
20480513	42	STIM=s
20488294	42	RESP=1
20496911	42	STIM=x
20500190	42	RESP=1
20512826	42	STIM=q
20517754	42	RESP=1
20530241	42	STIM=q
20535092	42	RESP=1
20547606	42	STIM=4
20552557	42	RESP=2
20563626	42	STIM=v
20572115	42	RESP=1
20579174	42	STIM=0
20585711	42	RESP=2
20596366	42	STIM=a
20599430	42	RESP=1
20614369	42	STIM=f
20618766	42	RESP=1
20632885	42	STIM=i
20638707	42	RESP=1
20650159	42	STIM=t
20655178	42	RESP=1
20667784	42	STIM=g
20672578	42	RESP=1
20685354	42	STIM=z
20691761	42	RESP=1
20700682	42	STIM=n
20704056	42	RESP=1
20715775	42	STIM=v
20720885	42	RESP=1
20734146	42	STIM=3
20741483	42	RESP=2
20751168	42	STIM=7
20757881	42	RESP=2
20767054	42	STIM=d
20772144	42	RESP=1
20785733	42	STIM=u
20790896	42	RESP=1
20802078	42	STIM=9
20808961	42	RESP=2
20820216	42	STIM=i
20823862	42	RESP=2
20835302	42	STIM=c
20842100	42	RESP=1
20850433	42	STIM=n
20854019	42	RESP=1
20869024	42	STIM=m
20873507	42	RESP=1
20886487	42	STIM=3
20892703	42	RESP=1
20902060	42	STIM=3
20906498	42	RESP=2
20918649	42	STIM=5
20924397	42	RESP=1
20934604	42	STIM=n
20939639	42	RESP=1
20953474	42	STIM=k
20959293	42	RESP=1
20968758	42	STIM=c
20972510	42	RESP=1
20986014	42	STIM=u
20990207	42	RESP=1
21002951	42	STIM=5
21009433	42	RESP=2
21021497	42	STIM=i
21026940	42	RESP=1
21039425	42	STIM=d
21044428	42	RESP=1
21055000	42	STIM=l
21061228	42	RESP=1
21071911	42	STIM=w
21082014	42	RESP=1
21088724	42	STIM=t
21094208	42	RESP=1
21103953	42	STIM=s
21107203	42	RESP=1
21120650	42	STIM=z
21128036	42	RESP=1
21137608	42	STIM=b
21142037	42	RESP=1
21154491	42	STIM=0
21163105	42	RESP=2
21173162	42	STIM=o
21176289	42	RESP=1
21190553	42	STIM=j
21198268	42	RESP=1
21207306	42	STIM=v
21210863	42	RESP=2
21225624	42	STIM=o
21230560	42	RESP=1
21243890	42	STIM=n
21247645	42	RESP=1
21260051	42	STIM=k
21264485	42	RESP=1
21277907	42	STIM=1
21284382	42	RESP=2
21295404	42	STIM=g
21300847	42	RESP=1
21310438	42	STIM=b
21315891	42	RESP=1
21329367	42	STIM=d
21334416	42	RESP=1
21345720	42	STIM=q
21351070	42	RESP=1
21363877	42	STIM=y
21366704	42	RESP=1
21381180	42	STIM=o
21385571	42	RESP=1
21397297	42	STIM=l
21404574	42	RESP=1
21415550	42	STIM=3
21419556	42	RESP=2
21431240	42	STIM=4
21436673	42	RESP=2
21448845	42	STIM=d
21455192	42	RESP=1
21466418	42	STIM=4
21471996	42	RESP=2
21482312	42	STIM=p
21486885	42	RESP=1
21497723	42	STIM=l
21504690	42	RESP=1
21515611	42	STIM=9
21525345	42	RESP=2
21531035	42	STIM=f
21535566	42	RESP=2
21546284	42	STIM=c
21551205	42	RESP=1
21563218	42	STIM=k
21566706	42	RESP=1
21578779	42	STIM=0
21583233	42	RESP=2
21595277	42	STIM=c
21600906	42	RESP=1
21613121	42	STIM=s
21620058	42	RESP=1
21631335	42	STIM=p
21638422	42	RESP=1
21647337	42	STIM=1
21654662	42	RESP=2
21663773	42	STIM=j
21667730	42	RESP=1
21680920	42	STIM=1
21687174	42	RESP=2
21698583	42	STIM=f
21704272	42	RESP=1
21717065	42	STIM=v
21723888	42	RESP=1
21734485	42	STIM=s
21738961	42	RESP=1
21751229	42	STIM=s
21756553	42	RESP=1
