# Original filename: 0049_GMC_2017-05-10.log
# Time unit: 100 us
# RARECAT=digit
#
# Time	HHGG	Event
37271	42	STIM=3
44936	42	RESP=2
54434	42	STIM=r
58648	42	RESP=1
70098	42	STIM=s
72976	42	RESP=1
86758	42	STIM=v
91761	42	RESP=1
102198	42	STIM=8
108546	42	RESP=2
121066	42	STIM=2
132090	42	RESP=2
136809	42	STIM=i
143698	42	RESP=1
153244	42	STIM=0
156945	42	RESP=2
169923	42	STIM=4
176854	42	RESP=2
188454	42	STIM=e
192260	42	RESP=1
204475	42	STIM=d
208795	42	RESP=1
222376	42	STIM=b
227867	42	RESP=1
237652	42	STIM=c
241415	42	RESP=1
255578	42	STIM=d
260350	42	RESP=1
271102	42	STIM=6
277493	42	RESP=2
290046	42	STIM=l
293485	42	RESP=1
308200	42	STIM=s
313176	42	RESP=1
323640	42	STIM=b
328820	42	RESP=1
339903	42	STIM=q
344117	42	RESP=1
358894	42	STIM=6
364031	42	RESP=1
374345	42	STIM=q
377987	42	RESP=1
390578	42	STIM=7
395120	42	RESP=1
407939	42	STIM=o
413346	42	RESP=1
425402	42	STIM=b
430455	42	RESP=1
443960	42	STIM=w
447632	42	RESP=1
460968	42	STIM=q
470350	42	RESP=1
476073	42	STIM=5
479779	42	RESP=2
491884	42	STIM=f
498474	42	RESP=2
508515	42	STIM=m
513906	42	RESP=1
525015	42	STIM=f
530242	42	RESP=1
542336	42	STIM=i
546124	42	RESP=1
558524	42	STIM=x
563257	42	RESP=2
573828	42	STIM=m
578473	42	RESP=1
591157	42	STIM=d
596139	42	RESP=1
609876	42	STIM=p
612913	42	RESP=1
626154	42	STIM=j
629539	42	RESP=1
645069	42	STIM=l
648602	42	RESP=1
662250	42	STIM=x
668552	42	RESP=1
678519	42	STIM=p
684192	42	RESP=1
697500	42	STIM=e
700232	42	RESP=1
714810	42	STIM=b
723438	42	RESP=1
733567	42	STIM=f
737599	42	RESP=1
751379	42	STIM=i
755949	42	RESP=1
769391	42	STIM=t
773686	42	RESP=1
788203	42	STIM=7
792508	42	RESP=2
804598	42	STIM=z
809242	42	RESP=1
823331	42	STIM=g
828193	42	RESP=1
839417	42	STIM=3
845650	42	RESP=2
855961	42	STIM=z
860116	42	RESP=1
873149	42	STIM=r
879560	42	RESP=1
890637	42	STIM=m
896896	42	RESP=1
905654	42	STIM=w
911265	42	RESP=1
922679	42	STIM=g
928182	42	RESP=1
940310	42	STIM=g
944226	42	RESP=1
958866	42	STIM=y
964903	42	RESP=1
975760	42	STIM=3
982993	42	RESP=1
991649	42	STIM=a
997642	42	RESP=1
1009304	42	STIM=8
1023215	42	RESP=2
1028053	42	STIM=i
1031828	42	RESP=1
1044331	42	STIM=z
1048536	42	RESP=1
1061703	42	STIM=9
1070114	42	RESP=2
1077429	42	STIM=l
1082902	42	RESP=1
1095953	42	STIM=g
1101895	42	RESP=1
1114494	42	STIM=d
1120904	42	RESP=1
1129998	42	STIM=2
1138536	42	RESP=2
1145941	42	STIM=0
1151636	42	RESP=1
1162138	42	STIM=y
1169500	42	RESP=1
1177191	42	STIM=y
1187458	42	RESP=1
1192768	42	STIM=u
1197231	42	RESP=1
1210697	42	STIM=9
1215324	42	RESP=2
1228041	42	STIM=b
1233263	42	RESP=1
1243906	42	STIM=e
1250725	42	RESP=1
1261416	42	STIM=6
1268135	42	RESP=2
1276696	42	STIM=h
1282048	42	RESP=1
1295607	42	STIM=b
1302287	42	RESP=1
1310625	42	STIM=a
1316226	42	RESP=1
1327413	42	STIM=l
1331104	42	RESP=1
1343889	42	STIM=n
1350561	42	RESP=1
1359362	42	STIM=h
1363039	42	RESP=2
1376422	42	STIM=p
1380171	42	RESP=1
1394013	42	STIM=n
1400019	42	RESP=1
1411697	42	STIM=n
1415749	42	RESP=1
1430310	42	STIM=h
1437441	42	RESP=1
1446925	42	STIM=y
1455073	42	RESP=1
1462341	42	STIM=m
1467832	42	RESP=1
1481166	42	STIM=7
1486478	42	RESP=2
1498792	42	STIM=y
1506835	42	RESP=1
1517746	42	STIM=6
1525372	42	RESP=2
1535477	42	STIM=p
1538980	42	RESP=1
1553715	42	STIM=1
1558517	42	RESP=2
1571769	42	STIM=4
1575460	42	RESP=2
1586944	42	STIM=5
1594748	42	RESP=1
1602835	42	STIM=t
1608061	42	RESP=1
1619366	42	STIM=h
1622328	42	RESP=1
1637470	42	STIM=s
1642420	42	RESP=1
1655374	42	STIM=j
1659258	42	RESP=1
1670842	42	STIM=3
1675363	42	RESP=2
1687243	42	STIM=a
1692286	42	RESP=1
1702857	42	STIM=t
1707347	42	RESP=1
1718253	42	STIM=a
1722973	42	RESP=1
1734802	42	STIM=k
1738241	42	RESP=1
1752965	42	STIM=w
1758456	42	RESP=1
1770309	42	STIM=q
1773082	42	RESP=1
1785667	42	STIM=z
1789687	42	RESP=1
1801446	42	STIM=g
1806189	42	RESP=1
1818761	42	STIM=8
1824407	42	RESP=2
1835730	42	STIM=p
1840920	42	RESP=1
1851411	42	STIM=o
1855840	42	RESP=1
1869565	42	STIM=b
1875767	42	RESP=1
1885787	42	STIM=u
1890803	42	RESP=1
1904454	42	STIM=4
1912553	42	RESP=2
1919470	42	STIM=t
1923274	42	RESP=1
1936753	42	STIM=j
1939946	42	RESP=1
1953956	42	STIM=x
1957319	42	RESP=1
1968992	42	STIM=p
1974843	42	RESP=1
1987550	42	STIM=j
1995527	42	RESP=1
2005525	42	STIM=v
2013625	42	RESP=1
2020758	42	STIM=r
2024977	42	RESP=1
2037115	42	STIM=d
2040095	42	RESP=1
2054996	42	STIM=b
2059258	42	RESP=1
2070415	42	STIM=l
2075599	42	RESP=1
2085884	42	STIM=c
2096831	42	RESP=1
2103002	42	STIM=b
2106720	42	RESP=1
2120630	42	STIM=w
2124379	42	RESP=1
2139117	42	STIM=o
2143840	42	RESP=1
2157616	42	STIM=7
2161842	42	RESP=2
2175542	42	STIM=e
2180533	42	RESP=1
2192002	42	STIM=5
2197026	42	RESP=2
2210261	42	STIM=v
2213374	42	RESP=1
2227855	42	STIM=e
2233978	42	RESP=1
2246850	42	STIM=i
2251604	42	RESP=1
2264055	42	STIM=8
2269882	42	RESP=2
2282422	42	STIM=0
2286795	42	RESP=2
2300614	42	STIM=d
2308358	42	RESP=1
2319419	42	STIM=r
2326867	42	RESP=1
2338257	42	STIM=q
2341262	42	RESP=1
2356371	42	STIM=o
2363140	42	RESP=1
2373051	42	STIM=h
2378233	42	RESP=1
2388371	42	STIM=8
2392425	42	RESP=2
2405438	42	STIM=q
2411631	42	RESP=1
2424298	42	STIM=9
2428208	42	RESP=2
2441734	42	STIM=c
2446041	42	RESP=1
2460090	42	STIM=w
2466306	42	RESP=1
2477490	42	STIM=m
2485290	42	RESP=1
2493632	42	STIM=r
2496153	42	RESP=1
2510630	42	STIM=o
2513643	42	RESP=1
2526387	42	STIM=w
2530596	42	RESP=1
2544798	42	STIM=9
2549688	42	RESP=2
2561464	42	STIM=x
2565490	42	RESP=1
2580228	42	STIM=a
2586851	42	RESP=1
2597861	42	STIM=w
2600827	42	RESP=1
2614134	42	STIM=r
2618467	42	RESP=1
2629660	42	STIM=h
2634856	42	RESP=1
2647943	42	STIM=b
2652487	42	RESP=1
2663791	42	STIM=7
2667648	42	RESP=2
2679793	42	STIM=l
2686604	42	RESP=1
2694982	42	STIM=t
2697681	42	RESP=1
2713902	42	STIM=b
2719621	42	RESP=1
2730392	42	STIM=d
2733816	42	RESP=1
2749002	42	STIM=r
2753800	42	RESP=1
2764759	42	STIM=2
2769555	42	RESP=2
2780988	42	STIM=x
2786009	42	RESP=1
2798679	42	STIM=y
2802744	42	RESP=2
2814521	42	STIM=7
2819180	42	RESP=2
2831376	42	STIM=a
2834711	42	RESP=1
2849792	42	STIM=t
2856109	42	RESP=1
2866260	42	STIM=v
2869920	42	RESP=1
2882854	42	STIM=c
2886527	42	RESP=2
2898691	42	STIM=4
2904523	42	RESP=2
2915094	42	STIM=r
2918856	42	RESP=1
2932496	42	STIM=x
2939327	42	RESP=1
2948445	42	STIM=p
2955280	42	RESP=1
2965260	42	STIM=x
2969621	42	RESP=1
2982109	42	STIM=w
2987044	42	RESP=1
3000788	42	STIM=u
3004656	42	RESP=1
3016016	42	STIM=p
3020583	42	RESP=1
3031231	42	STIM=e
3037909	42	RESP=1
3049389	42	STIM=2
3054155	42	RESP=2
3068212	42	STIM=l
3071953	42	RESP=1
3083578	42	STIM=e
3091888	42	RESP=1
3099437	42	STIM=n
3102468	42	RESP=1
3115256	42	STIM=y
3119291	42	RESP=1
3133404	42	STIM=e
3136354	42	RESP=1
3149983	42	STIM=m
3154215	42	RESP=1
3165891	42	STIM=y
3171128	42	RESP=1
3184649	42	STIM=j
3188154	42	RESP=1
3201043	42	STIM=c
3206220	42	RESP=1
3218136	42	STIM=p
3226219	42	RESP=1
3236734	42	STIM=d
3242225	42	RESP=1
3255698	42	STIM=o
3259074	42	RESP=2
3272947	42	STIM=s
3279139	42	RESP=1
3290735	42	STIM=j
3296684	42	RESP=1
3306824	42	STIM=t
3311371	42	RESP=1
3325452	42	STIM=o
3329864	42	RESP=1
3340485	42	STIM=z
3344890	42	RESP=1
3358830	42	STIM=f
3364011	42	RESP=1
3374935	42	STIM=i
3379779	42	RESP=1
3393038	42	STIM=k
3396546	42	RESP=2
3411217	42	STIM=b
3416303	42	RESP=1
3426359	42	STIM=x
3431304	42	RESP=1
3442089	42	STIM=4
3448813	42	RESP=2
3460606	42	STIM=w
3466232	42	RESP=1
3476472	42	STIM=q
3480564	42	RESP=1
3492085	42	STIM=v
3499845	42	RESP=2
3510028	42	STIM=a
3513356	42	RESP=1
3525847	42	STIM=s
3530886	42	RESP=1
3542507	42	STIM=x
3548493	42	RESP=2
3559299	42	STIM=5
3565072	42	RESP=2
3575009	42	STIM=w
3581256	42	RESP=1
3591626	42	STIM=z
3594237	42	RESP=1
3610583	42	STIM=a
3613454	42	RESP=1
3626240	42	STIM=y
3632370	42	RESP=1
3642563	42	STIM=o
3647870	42	RESP=1
3658028	42	STIM=q
3661411	42	RESP=1
3674538	42	STIM=1
3680252	42	RESP=2
3691244	42	STIM=l
3697452	42	RESP=1
3707272	42	STIM=j
3712545	42	RESP=1
3723688	42	STIM=y
3728130	42	RESP=1
3739245	42	STIM=h
3742154	42	RESP=1
3758057	42	STIM=z
3763749	42	RESP=1
3777011	42	STIM=r
3781991	42	RESP=1
3792923	42	STIM=i
3795979	42	RESP=1
3810710	42	STIM=p
3817799	42	RESP=1
3829092	42	STIM=1
3838019	42	RESP=2
3845293	42	STIM=l
3849329	42	RESP=1
3862327	42	STIM=4
3870658	42	RESP=2
3881035	42	STIM=u
3888205	42	RESP=1
3899709	42	STIM=a
3906104	42	RESP=1
3918649	42	STIM=e
3921455	42	RESP=1
3935035	42	STIM=c
3942480	42	RESP=1
3953741	42	STIM=k
3957370	42	RESP=1
3971711	42	STIM=1
3977562	42	RESP=2
3989050	42	STIM=2
3993589	42	RESP=2
4007204	42	STIM=9
4013209	42	RESP=2
4023361	42	STIM=m
4026319	42	RESP=1
4042280	42	STIM=5
4045795	42	RESP=2
4057457	42	STIM=i
4062692	42	RESP=1
4075661	42	STIM=e
4079523	42	RESP=1
4093296	42	STIM=b
4096013	42	RESP=1
4110328	42	STIM=y
4118244	42	RESP=1
4128311	42	STIM=o
4134093	42	RESP=1
4144775	42	STIM=q
4151666	42	RESP=1
4160237	42	STIM=a
4164571	42	RESP=1
4178763	42	STIM=l
4181749	42	RESP=1
4195935	42	STIM=7
4201644	42	RESP=2
4213193	42	STIM=z
4217689	42	RESP=1
4231496	42	STIM=s
4237228	42	RESP=1
4248169	42	STIM=r
4250989	42	RESP=1
4265486	42	STIM=d
4269109	42	RESP=1
4281922	42	STIM=f
4286260	42	RESP=1
4298587	42	STIM=2
4303471	42	RESP=2
4313763	42	STIM=c
4317778	42	RESP=1
4332363	42	STIM=7
4336076	42	RESP=2
4348392	42	STIM=b
4352254	42	RESP=1
4364418	42	STIM=k
4369522	42	RESP=1
4381764	42	STIM=8
4386884	42	RESP=2
4400196	42	STIM=n
4405116	42	RESP=1
4417732	42	STIM=e
4424215	42	RESP=1
4433566	42	STIM=v
4437284	42	RESP=1
4451286	42	STIM=d
4454480	42	RESP=1
4466686	42	STIM=w
4476330	42	RESP=1
4482739	42	STIM=c
4489546	42	RESP=1
4498942	42	STIM=a
4503628	42	RESP=1
4517915	42	STIM=p
4521883	42	RESP=1
4533820	42	STIM=a
4537891	42	RESP=1
4550937	42	STIM=a
4559132	42	RESP=1
4566397	42	STIM=u
4570068	42	RESP=1
4581643	42	STIM=m
4586932	42	RESP=1
4597058	42	STIM=l
4601517	42	RESP=1
4614487	42	STIM=p
4620200	42	RESP=1
4630284	42	STIM=c
4634055	42	RESP=1
4645481	42	STIM=v
4651297	42	RESP=1
4662816	42	STIM=n
4667958	42	RESP=1
4681386	42	STIM=p
4687108	42	RESP=1
4697187	42	STIM=k
4701941	42	RESP=1
4715410	42	STIM=c
4719931	42	RESP=1
4730830	42	STIM=3
4739088	42	RESP=2
4748624	42	STIM=2
4755113	42	RESP=2
4766364	42	STIM=v
4770157	42	RESP=1
4781499	42	STIM=q
4784206	42	RESP=1
4796536	42	STIM=c
4801453	42	RESP=1
4814118	42	STIM=a
4821286	42	RESP=1
4831789	42	STIM=n
4837088	42	RESP=1
4849693	42	STIM=i
4855226	42	RESP=1
4866705	42	STIM=0
4873338	42	RESP=2
4884047	42	STIM=0
4887320	42	RESP=2
4901265	42	STIM=l
4906094	42	RESP=1
4917505	42	STIM=a
4924163	42	RESP=1
4933092	42	STIM=t
4935752	42	RESP=1
4948935	42	STIM=9
4952934	42	RESP=2
4965462	42	STIM=m
4969175	42	RESP=1
4983803	42	STIM=h
4993484	42	RESP=1
5000594	42	STIM=t
5005133	42	RESP=1
5019211	42	STIM=c
5023343	42	RESP=1
5036004	42	STIM=r
5039845	42	RESP=1
5051365	42	STIM=f
5054550	42	RESP=1
5067514	42	STIM=c
5070716	42	RESP=1
5085759	42	STIM=0
5091779	42	RESP=2
5103445	42	STIM=o
5106533	42	RESP=1
5121753	42	STIM=1
5126060	42	RESP=1
5140742	42	STIM=w
5145403	42	RESP=1
5156429	42	STIM=y
5161375	42	RESP=1
5173404	42	STIM=i
5179666	42	RESP=1
5191572	42	STIM=1
5195667	42	RESP=2
5209401	42	STIM=k
5215814	42	RESP=1
5225013	42	STIM=f
5229822	42	RESP=1
5240330	42	STIM=e
5245006	42	RESP=1
5256543	42	STIM=z
5259452	42	RESP=1
5274531	42	STIM=g
5277860	42	RESP=1
5289760	42	STIM=w
5293828	42	RESP=2
5305762	42	STIM=d
5312555	42	RESP=1
5323894	42	STIM=b
5328653	42	RESP=1
5342110	42	STIM=9
5347402	42	RESP=2
5357494	42	STIM=z
5360216	42	RESP=1
5373034	42	STIM=q
5376990	42	RESP=1
5389998	42	STIM=i
5393109	42	RESP=1
5407015	42	STIM=l
5412309	42	RESP=1
5425026	42	STIM=h
5428388	42	RESP=1
5442494	42	STIM=3
5447202	42	RESP=2
5460832	42	STIM=n
5464693	42	RESP=1
5478957	42	STIM=w
5486061	42	RESP=1
5496271	42	STIM=a
5500203	42	RESP=1
5512661	42	STIM=k
5517803	42	RESP=1
5530685	42	STIM=a
5536994	42	RESP=1
5547519	42	STIM=e
5550790	42	RESP=1
5564119	42	STIM=x
5567919	42	RESP=1
5579882	42	STIM=9
5585330	42	RESP=2
5596640	42	STIM=g
5602112	42	RESP=1
5613403	42	STIM=y
5619398	42	RESP=1
5628911	42	STIM=m
5633358	42	RESP=2
5647394	42	STIM=n
5652442	42	RESP=1
5664792	42	STIM=n
5672737	42	RESP=1
5683080	42	STIM=1
5693408	42	RESP=2
5698489	42	STIM=m
5704517	42	RESP=1
5713517	42	STIM=k
5718671	42	RESP=1
5730790	42	STIM=k
5735171	42	RESP=1
5749133	42	STIM=f
5754628	42	RESP=2
5766019	42	STIM=5
5770016	42	RESP=2
5781447	42	STIM=q
5786287	42	RESP=1
5798320	42	STIM=t
5803039	42	RESP=1
5816325	42	STIM=0
5820553	42	RESP=2
5832375	42	STIM=l
5836205	42	RESP=1
5849695	42	STIM=b
5856670	42	RESP=1
5865416	42	STIM=s
5871567	42	RESP=1
5884006	42	STIM=f
5888032	42	RESP=1
5901085	42	STIM=w
5905576	42	RESP=1
5918308	42	STIM=s
5926015	42	RESP=1
5936500	42	STIM=s
5941169	42	RESP=1
5952986	42	STIM=e
5959003	42	RESP=1
5970782	42	STIM=y
5974207	42	RESP=1
5985843	42	STIM=o
5989087	42	RESP=1
6002715	42	STIM=y
6007432	42	RESP=1
6017721	42	STIM=8
6022115	42	RESP=2
6035392	42	STIM=d
6041469	42	RESP=1
6054073	42	STIM=h
6057906	42	RESP=1
6072018	42	STIM=9
6078940	42	RESP=2
6090679	42	STIM=n
6093643	42	RESP=1
6107364	42	STIM=k
6117857	42	RESP=1
6125370	42	STIM=o
6127790	42	RESP=1
6143698	42	STIM=n
6151579	42	RESP=1
6161183	42	STIM=d
6165922	42	RESP=1
6176570	42	STIM=v
6181375	42	RESP=1
6194192	42	STIM=t
6203457	42	RESP=1
6211218	42	STIM=s
6214774	42	RESP=1
6230159	42	STIM=c
6233842	42	RESP=1
6245370	42	STIM=2
6248779	42	RESP=2
6263938	42	STIM=f
6267881	42	RESP=1
6280025	42	STIM=z
6284460	42	RESP=1
6296403	42	STIM=c
6301665	42	RESP=2
6313900	42	STIM=8
6318894	42	RESP=2
6332509	42	STIM=n
6337470	42	RESP=1
6349120	42	STIM=d
6354931	42	RESP=1
6366443	42	STIM=d
6370425	42	RESP=1
6383100	42	STIM=o
6387420	42	RESP=1
6398416	42	STIM=u
6401475	42	RESP=1
6414245	42	STIM=a
6418270	42	RESP=1
6433184	42	STIM=z
6438142	42	RESP=1
6451823	42	STIM=h
6456540	42	RESP=1
6467306	42	STIM=l
6470723	42	RESP=1
6483996	42	STIM=7
6488997	42	RESP=2
6500638	42	STIM=k
6506932	42	RESP=1
6517363	42	STIM=w
6521042	42	RESP=1
6535904	42	STIM=8
6543283	42	RESP=2
6551570	42	STIM=e
6554910	42	RESP=1
6569625	42	STIM=b
6573311	42	RESP=1
6584993	42	STIM=p
6592814	42	RESP=1
6602190	42	STIM=a
6606281	42	RESP=1
6617211	42	STIM=e
6621298	42	RESP=1
6632536	42	STIM=8
6638507	42	RESP=2
6650365	42	STIM=g
6654704	42	RESP=1
6667165	42	STIM=3
6673822	42	RESP=2
6683078	42	STIM=s
6688781	42	RESP=1
6698302	42	STIM=b
6701726	42	RESP=1
6713353	42	STIM=y
6719012	42	RESP=1
6731550	42	STIM=m
6734996	42	RESP=1
6747663	42	STIM=b
6751010	42	RESP=1
6763906	42	STIM=g
6768035	42	RESP=1
6781437	42	STIM=f
6785591	42	RESP=1
6798283	42	STIM=u
6801545	42	RESP=1
6813407	42	STIM=2
6817342	42	RESP=2
6828748	42	STIM=o
6833387	42	RESP=1
6846907	42	STIM=p
6850464	42	RESP=1
6865070	42	STIM=z
6875060	42	RESP=1
6881071	42	STIM=d
6886585	42	RESP=1
6896318	42	STIM=i
6900068	42	RESP=1
6912286	42	STIM=d
6915893	42	RESP=1
6930741	42	STIM=g
6934335	42	RESP=1
6946109	42	STIM=i
6956184	42	RESP=1
6962608	42	STIM=c
6967037	42	RESP=1
6980903	42	STIM=h
6988062	42	RESP=1
6998649	42	STIM=b
7003762	42	RESP=1
7015222	42	STIM=w
7020680	42	RESP=1
7032131	42	STIM=a
7035277	42	RESP=1
7049893	42	STIM=d
7056928	42	RESP=1
7067870	42	STIM=5
7075565	42	RESP=2
7084849	42	STIM=b
7090271	42	RESP=1
7102649	42	STIM=u
7107581	42	RESP=1
7121624	42	STIM=1
7126839	42	RESP=2
7138701	42	STIM=p
7144542	42	RESP=1
7156650	42	STIM=n
7161545	42	RESP=1
7174215	42	STIM=y
7179338	42	RESP=1
7191731	42	STIM=a
7195548	42	RESP=1
7208970	42	STIM=x
7216824	42	RESP=1
7225914	42	STIM=u
7228513	42	RESP=1
7241610	42	STIM=6
7244863	42	RESP=2
7257455	42	STIM=g
7262016	42	RESP=1
7274746	42	STIM=q
7278832	42	RESP=1
7292122	42	STIM=g
7298535	42	RESP=1
7308493	42	STIM=i
7312876	42	RESP=1
7324765	42	STIM=i
7334630	42	RESP=1
7340795	42	STIM=d
7347975	42	RESP=1
7359573	42	STIM=e
7363472	42	RESP=1
7377317	42	STIM=g
7383359	42	RESP=1
7395735	42	STIM=h
7399994	42	RESP=1
7411094	42	STIM=c
7416376	42	RESP=1
7429443	42	STIM=d
7434513	42	RESP=1
7445206	42	STIM=p
7449062	42	RESP=1
7464101	42	STIM=c
7469670	42	RESP=1
7480807	42	STIM=4
7486675	42	RESP=2
7497543	42	STIM=1
7502969	42	RESP=2
7513435	42	STIM=8
7521820	42	RESP=2
7532423	42	STIM=4
7538170	42	RESP=2
7550637	42	STIM=p
7554469	42	RESP=1
7567338	42	STIM=o
7573923	42	RESP=2
7582463	42	STIM=r
7587796	42	RESP=1
7597513	42	STIM=5
7607670	42	RESP=2
7616158	42	STIM=i
7621396	42	RESP=1
7633881	42	STIM=8
7638557	42	RESP=2
7652149	42	STIM=c
7655630	42	RESP=1
7668507	42	STIM=g
7674613	42	RESP=1
7686164	42	STIM=o
7693994	42	RESP=1
7704443	42	STIM=q
7709669	42	RESP=1
7720009	42	STIM=g
7723240	42	RESP=1
7737179	42	STIM=v
7741999	42	RESP=1
7753168	42	STIM=n
7757794	42	RESP=1
7770501	42	STIM=r
7773019	42	RESP=1
7787387	42	STIM=f
7791463	42	RESP=1
7805077	42	STIM=m
7810012	42	RESP=1
7822889	42	STIM=p
7826880	42	RESP=1
7840958	42	STIM=h
7846805	42	RESP=1
7856796	42	STIM=c
7863061	42	RESP=1
7875188	42	STIM=v
7879558	42	RESP=1
7892599	42	STIM=m
7897624	42	RESP=1
7910422	42	STIM=v
7914609	42	RESP=1
7926311	42	STIM=d
7929926	42	RESP=1
7944503	42	STIM=4
7949780	42	RESP=2
7959768	42	STIM=e
7965482	42	RESP=1
7976560	42	STIM=h
7981682	42	RESP=1
7991615	42	STIM=u
7998815	42	RESP=1
8009180	42	STIM=v
8013239	42	RESP=1
8024880	42	STIM=m
8029768	42	RESP=1
8040462	42	STIM=h
8043655	42	RESP=1
8056270	42	STIM=g
8060338	42	RESP=1
8073287	42	STIM=6
8082457	42	RESP=2
8088764	42	STIM=z
8093465	42	RESP=1
8105852	42	STIM=8
8110369	42	RESP=2
8121123	42	STIM=n
8127032	42	RESP=1
8137042	42	STIM=e
8141631	42	RESP=1
8153591	42	STIM=a
8157295	42	RESP=1
8170511	42	STIM=v
8174576	42	RESP=1
8186455	42	STIM=h
8189910	42	RESP=1
8201729	42	STIM=n
8205872	42	RESP=1
8217067	42	STIM=8
8221047	42	RESP=2
8233461	42	STIM=k
8236312	42	RESP=1
8251992	42	STIM=k
8259271	42	RESP=1
8267438	42	STIM=9
8271026	42	RESP=2
8282611	42	STIM=x
8287038	42	RESP=1
8299843	42	STIM=4
8303940	42	RESP=2
8316471	42	STIM=a
8320296	42	RESP=1
8334908	42	STIM=z
8340419	42	RESP=1
8352104	42	STIM=q
8358006	42	RESP=1
8368043	42	STIM=3
8374047	42	RESP=2
8385193	42	STIM=4
8394659	42	RESP=2
8403213	42	STIM=r
8408263	42	RESP=1
8420885	42	STIM=2
8428721	42	RESP=2
8437245	42	STIM=x
8442575	42	RESP=1
8454264	42	STIM=t
8457689	42	RESP=1
8469271	42	STIM=9
8475356	42	RESP=2
8487753	42	STIM=o
8493888	42	RESP=1
8505251	42	STIM=8
8508984	42	RESP=2
8522748	42	STIM=z
8525733	42	RESP=1
8540965	42	STIM=m
8547693	42	RESP=1
8556406	42	STIM=0
8561339	42	RESP=1
8573546	42	STIM=k
8577614	42	RESP=1
8590348	42	STIM=o
8595270	42	RESP=1
8607413	42	STIM=i
8611320	42	RESP=1
8626142	42	STIM=s
8632082	42	RESP=1
8644238	42	STIM=o
8649445	42	RESP=1
8663013	42	STIM=0
8667765	42	RESP=2
8681405	42	STIM=x
8685160	42	RESP=1
8699427	42	STIM=j
8703005	42	RESP=1
8718272	42	STIM=y
8722868	42	RESP=1
8733390	42	STIM=4
8738789	42	RESP=2
8751106	42	STIM=v
8755243	42	RESP=1
8767529	42	STIM=i
8774804	42	RESP=1
8786303	42	STIM=k
8794260	42	RESP=1
8803561	42	STIM=0
8810418	42	RESP=2
8818741	42	STIM=q
8825780	42	RESP=1
8837077	42	STIM=2
8840262	42	RESP=2
8853156	42	STIM=9
8857987	42	RESP=2
8868657	42	STIM=y
8872826	42	RESP=1
8885650	42	STIM=n
8890207	42	RESP=1
8901496	42	STIM=f
8906022	42	RESP=1
8918064	42	STIM=h
8922288	42	RESP=1
8937020	42	STIM=h
8943110	42	RESP=1
8955110	42	STIM=7
8959006	42	RESP=2
8974047	42	STIM=h
8980847	42	RESP=1
8989396	42	STIM=k
8993330	42	RESP=1
9007232	42	STIM=p
9009515	42	RESP=1
9025723	42	STIM=k
9031267	42	RESP=1
9041233	42	STIM=t
9046785	42	RESP=2
9059998	42	STIM=1
9066861	42	RESP=2
9077479	42	STIM=6
9084716	42	RESP=2
9094800	42	STIM=v
9099326	42	RESP=1
9111972	42	STIM=2
9118695	42	RESP=2
9129576	42	STIM=3
9137739	42	RESP=2
9148041	42	STIM=t
9151789	42	RESP=1
9163718	42	STIM=3
9172515	42	RESP=1
9179837	42	STIM=x
9185948	42	RESP=1
9197649	42	STIM=l
9201958	42	RESP=1
9213941	42	STIM=b
9218744	42	RESP=1
9231709	42	STIM=y
9236947	42	RESP=1
9250544	42	STIM=k
9254087	42	RESP=1
9267064	42	STIM=1
9271353	42	RESP=2
9286025	42	STIM=j
9292813	42	RESP=1
9304370	42	STIM=v
9309549	42	RESP=1
9321209	42	STIM=5
9327133	42	RESP=2
9336432	42	STIM=p
9340500	42	RESP=1
9354910	42	STIM=w
9358790	42	RESP=1
9372624	42	STIM=t
9377538	42	RESP=1
9389562	42	STIM=z
9392773	42	RESP=1
9407545	42	STIM=2
9413820	42	RESP=2
9423444	42	STIM=f
9428690	42	RESP=1
9438607	42	STIM=e
9441210	42	RESP=1
9457110	42	STIM=9
9462178	42	RESP=2
9472258	42	STIM=l
9478006	42	RESP=1
9488017	42	STIM=a
9492688	42	RESP=1
9506587	42	STIM=j
9511346	42	RESP=1
9524431	42	STIM=m
9528476	42	RESP=1
9540797	42	STIM=g
9545772	42	RESP=1
9555990	42	STIM=u
9558664	42	RESP=1
9572517	42	STIM=k
9578364	42	RESP=1
9587890	42	STIM=z
9592352	42	RESP=1
9603138	42	STIM=t
9607253	42	RESP=1
9621309	42	STIM=7
9624748	42	RESP=2
9636957	42	STIM=f
9642661	42	RESP=1
9654183	42	STIM=h
9658546	42	RESP=2
9670495	42	STIM=k
9673639	42	RESP=1
9689097	42	STIM=y
9692713	42	RESP=1
9706298	42	STIM=5
9714112	42	RESP=2
9721543	42	STIM=6
9725813	42	RESP=2
9737306	42	STIM=m
9743126	42	RESP=1
9753312	42	STIM=8
9760594	42	RESP=2
9771314	42	STIM=y
9777012	42	RESP=1
9789022	42	STIM=6
9792345	42	RESP=2
9807703	42	STIM=n
9810240	42	RESP=1
9826339	42	STIM=l
9834461	42	RESP=1
9844039	42	STIM=u
9848302	42	RESP=1
9860495	42	STIM=k
9864148	42	RESP=1
9879363	42	STIM=z
9884095	42	RESP=1
9897230	42	STIM=8
9901599	42	RESP=2
9915220	42	STIM=p
9918711	42	RESP=1
9933134	42	STIM=o
9935931	42	RESP=1
9951072	42	STIM=y
9955034	42	RESP=1
9968523	42	STIM=f
9972192	42	RESP=1
9986527	42	STIM=y
9990085	42	RESP=1
10001697	42	STIM=9
10005594	42	RESP=2
10018846	42	STIM=t
10024930	42	RESP=1
10036353	42	STIM=d
10040147	42	RESP=1
10052340	42	STIM=w
10057930	42	RESP=1
10071228	42	STIM=c
10077200	42	RESP=1
10087075	42	STIM=p
10093201	42	RESP=1
10106046	42	STIM=p
10115786	42	RESP=1
10121132	42	STIM=v
10126193	42	RESP=1
10136851	42	STIM=g
10139847	42	RESP=1
10152484	42	STIM=v
10155575	42	RESP=1
10170022	42	STIM=m
10173749	42	RESP=1
10186224	42	STIM=l
10191160	42	RESP=1
10204142	42	STIM=l
10210435	42	RESP=1
10222752	42	STIM=f
10226987	42	RESP=1
10240237	42	STIM=9
10250575	42	RESP=2
10255887	42	STIM=a
10259765	42	RESP=1
10273208	42	STIM=b
10278075	42	RESP=1
10290137	42	STIM=8
10296449	42	RESP=2
10305251	42	STIM=k
10309996	42	RESP=1
10322522	42	STIM=z
10326387	42	RESP=1
10339428	42	STIM=p
10347417	42	RESP=1
10355079	42	STIM=w
10361579	42	RESP=1
10373409	42	STIM=2
10379885	42	RESP=2
10390385	42	STIM=j
10396212	42	RESP=1
10406878	42	STIM=m
10409820	42	RESP=2
10423005	42	STIM=a
10427371	42	RESP=1
10440287	42	STIM=c
10443629	42	RESP=1
10455694	42	STIM=3
10462186	42	RESP=1
10472900	42	STIM=a
10478538	42	RESP=1
10488833	42	STIM=3
10499822	42	RESP=2
10506915	42	STIM=3
10512607	42	RESP=2
10524329	42	STIM=t
10528924	42	RESP=1
10541154	42	STIM=n
10546711	42	RESP=1
10558111	42	STIM=f
10564033	42	RESP=1
10575673	42	STIM=f
10581345	42	RESP=1
10591709	42	STIM=i
10595239	42	RESP=1
10609862	42	STIM=i
10614292	42	RESP=1
10628621	42	STIM=7
10636043	42	RESP=1
10644915	42	STIM=p
10649348	42	RESP=1
10660964	42	STIM=a
10667920	42	RESP=1
10676094	42	STIM=w
10682253	42	RESP=1
10691256	42	STIM=r
10694771	42	RESP=1
10708074	42	STIM=q
10714982	42	RESP=1
10724365	42	STIM=u
10729336	42	RESP=2
10742315	42	STIM=f
10746499	42	RESP=1
10757394	42	STIM=g
10761952	42	RESP=1
10774164	42	STIM=8
10784234	42	RESP=2
10789933	42	STIM=k
10795474	42	RESP=1
10807859	42	STIM=e
10813792	42	RESP=1
10824418	42	STIM=u
10829235	42	RESP=1
10842336	42	STIM=l
10845942	42	RESP=1
10859271	42	STIM=f
10862974	42	RESP=1
10877337	42	STIM=5
10881433	42	RESP=1
10892562	42	STIM=o
10895943	42	RESP=1
10908481	42	STIM=j
10913606	42	RESP=2
10926335	42	STIM=i
10933574	42	RESP=1
10943379	42	STIM=f
10949290	42	RESP=2
10960493	42	STIM=x
10966250	42	RESP=1
10979084	42	STIM=w
10982978	42	RESP=1
10995990	42	STIM=l
10998605	42	RESP=1
11011827	42	STIM=0
11016397	42	RESP=2
11029686	42	STIM=z
11033281	42	RESP=1
11046273	42	STIM=a
11050019	42	RESP=1
11064060	42	STIM=z
11067648	42	RESP=1
11080382	42	STIM=z
11084854	42	RESP=1
11097937	42	STIM=8
11105963	42	RESP=2
11113759	42	STIM=r
11117967	42	RESP=1
11130446	42	STIM=k
11138596	42	RESP=1
11148668	42	STIM=b
11152565	42	RESP=1
11165414	42	STIM=p
11169268	42	RESP=1
11182526	42	STIM=t
11186426	42	RESP=1
11198705	42	STIM=4
11203716	42	RESP=2
11215454	42	STIM=k
11222439	42	RESP=1
11231273	42	STIM=i
11237316	42	RESP=1
11248602	42	STIM=s
11254542	42	RESP=1
11263772	42	STIM=1
11271744	42	RESP=2
11278965	42	STIM=v
11284183	42	RESP=1
11295243	42	STIM=q
11302924	42	RESP=1
11313379	42	STIM=1
11321497	42	RESP=2
11331671	42	STIM=p
11336754	42	RESP=1
11347748	42	STIM=s
11352650	42	RESP=1
11365929	42	STIM=j
11371796	42	RESP=1
11382049	42	STIM=s
11385910	42	RESP=1
11398493	42	STIM=i
11403744	42	RESP=1
11417364	42	STIM=n
11421931	42	RESP=1
11434793	42	STIM=f
11438630	42	RESP=1
11452955	42	STIM=v
11457967	42	RESP=2
11471491	42	STIM=k
11475520	42	RESP=1
11487632	42	STIM=0
11491211	42	RESP=2
11504875	42	STIM=d
11511647	42	RESP=1
11521105	42	STIM=e
11524322	42	RESP=1
11539236	42	STIM=i
11545346	42	RESP=1
11555685	42	STIM=9
11565331	42	RESP=2
11573985	42	STIM=e
11582434	42	RESP=1
11592545	42	STIM=g
11597600	42	RESP=1
11610772	42	STIM=1
11615710	42	RESP=2
11627437	42	STIM=y
11630630	42	RESP=1
11646422	42	STIM=1
11653186	42	RESP=2
11664535	42	STIM=c
11669065	42	RESP=1
11682561	42	STIM=i
11686687	42	RESP=1
11697594	42	STIM=e
11701286	42	RESP=1
11716357	42	STIM=x
11719797	42	RESP=1
11734535	42	STIM=7
11738037	42	RESP=2
11750342	42	STIM=3
11754867	42	RESP=2
11767322	42	STIM=4
11770921	42	RESP=2
11782826	42	STIM=y
11786362	42	RESP=1
11801175	42	STIM=s
11804680	42	RESP=1
11817695	42	STIM=6
11821695	42	RESP=2
11835974	42	STIM=p
11840040	42	RESP=2
11854867	42	STIM=o
11860495	42	RESP=1
11872707	42	STIM=w
11878372	42	RESP=1
11890952	42	STIM=a
11895614	42	RESP=1
11908932	42	STIM=z
11914884	42	RESP=1
11925229	42	STIM=4
11929790	42	RESP=1
11942152	42	STIM=n
11946685	42	RESP=1
11957665	42	STIM=v
11962042	42	RESP=1
11972811	42	STIM=x
11977560	42	RESP=1
11988285	42	STIM=h
11993347	42	RESP=1
12003682	42	STIM=9
12007659	42	RESP=2
12022452	42	STIM=6
12027572	42	RESP=1
12040247	42	STIM=r
12043806	42	RESP=1
12055359	42	STIM=k
12059376	42	RESP=1
12070401	42	STIM=x
12073331	42	RESP=1
12088833	42	STIM=g
12095191	42	RESP=1
12107801	42	STIM=b
12113916	42	RESP=1
12123451	42	STIM=v
12127651	42	RESP=1
12141153	42	STIM=j
12144515	42	RESP=1
12159803	42	STIM=n
12164144	42	RESP=1
12175641	42	STIM=t
12181868	42	RESP=1
12194276	42	STIM=3
12202394	42	RESP=2
12211921	42	STIM=x
12216692	42	RESP=2
12230692	42	STIM=7
12238326	42	RESP=2
12246516	42	STIM=x
12253052	42	RESP=2
12264150	42	STIM=y
12268991	42	RESP=1
12279409	42	STIM=b
12284237	42	RESP=1
12297415	42	STIM=g
12302747	42	RESP=1
12313023	42	STIM=s
12317804	42	RESP=1
12331351	42	STIM=g
12336645	42	RESP=2
12349704	42	STIM=l
12356167	42	RESP=1
12367476	42	STIM=8
12374218	42	RESP=2
12386109	42	STIM=9
12392460	42	RESP=2
12403443	42	STIM=r
12408632	42	RESP=1
12422269	42	STIM=3
12434255	42	RESP=2
12438965	42	STIM=x
12445085	42	RESP=1
12457739	42	STIM=6
12461968	42	RESP=2
12476133	42	STIM=q
12480442	42	RESP=2
12494977	42	STIM=o
12499623	42	RESP=1
12513331	42	STIM=v
12516019	42	RESP=1
12531437	42	STIM=r
12540833	42	RESP=1
12550078	42	STIM=6
12555835	42	RESP=2
12568016	42	STIM=p
12571226	42	RESP=1
12584295	42	STIM=s
12590552	42	RESP=1
12600688	42	STIM=b
12604949	42	RESP=1
12615711	42	STIM=0
12622109	42	RESP=2
12631486	42	STIM=u
12634743	42	RESP=1
12649355	42	STIM=m
12652466	42	RESP=1
12665286	42	STIM=3
12670010	42	RESP=2
12682451	42	STIM=k
12685781	42	RESP=1
12701358	42	STIM=d
12709149	42	RESP=1
12720356	42	STIM=n
12726098	42	RESP=2
12738381	42	STIM=9
12749023	42	RESP=2
12756329	42	STIM=7
12761979	42	RESP=1
12773189	42	STIM=3
12778950	42	RESP=2
12788949	42	STIM=e
12793470	42	RESP=2
12807571	42	STIM=n
12811877	42	RESP=1
12823581	42	STIM=k
12833271	42	RESP=1
12838767	42	STIM=4
12845601	42	RESP=2
12856744	42	STIM=g
12862395	42	RESP=1
12874593	42	STIM=m
12882159	42	RESP=1
12889870	42	STIM=s
12896756	42	RESP=1
12907026	42	STIM=p
12913481	42	RESP=1
12925585	42	STIM=o
12932580	42	RESP=1
12943146	42	STIM=e
12947705	42	RESP=1
12959696	42	STIM=g
12965842	42	RESP=1
12977770	42	STIM=o
12990450	42	RESP=1
12993013	42	STIM=2
12999545	42	RESP=2
13010940	42	STIM=u
13015768	42	RESP=1
13026683	42	STIM=7
13031184	42	RESP=2
13044646	42	STIM=t
13047769	42	RESP=1
13060909	42	STIM=q
13065220	42	RESP=1
13076260	42	STIM=q
13079936	42	RESP=2
13093970	42	STIM=e
13104111	42	RESP=1
13110422	42	STIM=g
13113902	42	RESP=1
13126718	42	STIM=2
13130728	42	RESP=1
13144639	42	STIM=k
13149683	42	RESP=1
13160117	42	STIM=g
13165874	42	RESP=1
13177282	42	STIM=h
13183858	42	RESP=1
13195219	42	STIM=z
13200581	42	RESP=1
13211920	42	STIM=k
13218424	42	RESP=1
13228411	42	STIM=b
13231371	42	RESP=1
13244312	42	STIM=d
13246993	42	RESP=1
13263302	42	STIM=o
13269153	42	RESP=1
13281608	42	STIM=h
13285913	42	RESP=1
13297404	42	STIM=y
13302214	42	RESP=1
13315467	42	STIM=r
13318241	42	RESP=1
13331123	42	STIM=x
13334873	42	RESP=1
13346245	42	STIM=b
13350366	42	RESP=1
13363695	42	STIM=f
13368785	42	RESP=1
13379476	42	STIM=g
13384838	42	RESP=1
13397669	42	STIM=y
13401885	42	RESP=1
13415900	42	STIM=2
13424170	42	RESP=2
13431311	42	STIM=f
13437466	42	RESP=2
13447375	42	STIM=d
13451671	42	RESP=1
13466353	42	STIM=n
13471172	42	RESP=1
13484057	42	STIM=l
13489660	42	RESP=2
13499893	42	STIM=k
13504448	42	RESP=1
13518316	42	STIM=1
13527234	42	RESP=2
13534279	42	STIM=c
13538526	42	RESP=1
13549412	42	STIM=b
13555331	42	RESP=1
13566441	42	STIM=7
13571308	42	RESP=1
13582235	42	STIM=o
13587404	42	RESP=1
13598843	42	STIM=o
13601814	42	RESP=1
13615128	42	STIM=5
13620121	42	RESP=2
13631638	42	STIM=b
13636274	42	RESP=1
13646698	42	STIM=b
13650631	42	RESP=1
13662587	42	STIM=h
13667635	42	RESP=1
13681082	42	STIM=f
13688320	42	RESP=1
13698383	42	STIM=y
13702999	42	RESP=1
13715984	42	STIM=t
13722679	42	RESP=1
13734243	42	STIM=t
13739947	42	RESP=1
13753172	42	STIM=m
13757644	42	RESP=1
13769688	42	STIM=j
13773018	42	RESP=1
13787228	42	STIM=m
13790355	42	RESP=1
13804435	42	STIM=u
13809403	42	RESP=1
13820392	42	STIM=6
13825249	42	RESP=2
13837996	42	STIM=j
13842339	42	RESP=1
13853153	42	STIM=c
13858653	42	RESP=1
13869696	42	STIM=q
13875665	42	RESP=1
13887973	42	STIM=a
13892293	42	RESP=1
13903969	42	STIM=m
13909175	42	RESP=1
13922853	42	STIM=2
13930186	42	RESP=2
13938773	42	STIM=r
13941598	42	RESP=1
13954752	42	STIM=y
13958603	42	RESP=1
13971215	42	STIM=d
13973911	42	RESP=1
13986985	42	STIM=d
13991996	42	RESP=1
14004353	42	STIM=z
14007371	42	RESP=1
14021567	42	STIM=p
14025316	42	RESP=1
14039639	42	STIM=g
14043115	42	RESP=2
14054738	42	STIM=v
14058551	42	RESP=1
14071982	42	STIM=l
14074805	42	RESP=1
14088463	42	STIM=e
14093115	42	RESP=1
14105467	42	STIM=z
14109176	42	RESP=1
14120856	42	STIM=p
14126401	42	RESP=1
14136117	42	STIM=o
14141760	42	RESP=1
14152949	42	STIM=i
14156512	42	RESP=1
14171582	42	STIM=p
14177248	42	RESP=1
14188493	42	STIM=l
14193246	42	RESP=1
14204280	42	STIM=5
14208363	42	RESP=2
14221410	42	STIM=4
14225401	42	RESP=2
14238378	42	STIM=m
14243308	42	RESP=1
14254583	42	STIM=f
14257918	42	RESP=1
14271463	42	STIM=h
14276707	42	RESP=1
14287201	42	STIM=l
14291063	42	RESP=1
14306190	42	STIM=g
14311715	42	RESP=1
14324864	42	STIM=u
14332074	42	RESP=1
14339993	42	STIM=0
14344561	42	RESP=2
14358571	42	STIM=a
14362045	42	RESP=1
14374525	42	STIM=l
14378318	42	RESP=1
14392110	42	STIM=b
14396411	42	RESP=1
14407968	42	STIM=w
14412607	42	RESP=1
14426886	42	STIM=g
14431790	42	RESP=2
14442057	42	STIM=q
14445588	42	RESP=1
14459692	42	STIM=q
14462972	42	RESP=1
14477837	42	STIM=u
14482197	42	RESP=1
14495175	42	STIM=2
14499653	42	RESP=2
14512487	42	STIM=9
14516258	42	RESP=2
14527724	42	STIM=0
14532522	42	RESP=2
14546354	42	STIM=q
14548795	42	RESP=1
14561908	42	STIM=g
14565628	42	RESP=1
14580411	42	STIM=b
14584763	42	RESP=1
14597032	42	STIM=9
14601520	42	RESP=2
14614940	42	STIM=c
14618575	42	RESP=1
14633035	42	STIM=a
14635714	42	RESP=1
14648196	42	STIM=f
14653061	42	RESP=1
14666590	42	STIM=r
14670766	42	RESP=1
14683864	42	STIM=6
14691132	42	RESP=1
14701837	42	STIM=a
14706072	42	RESP=1
14718534	42	STIM=x
14722281	42	RESP=1
14736614	42	STIM=t
14741671	42	RESP=1
14752969	42	STIM=j
14758418	42	RESP=1
14769444	42	STIM=h
14773913	42	RESP=1
14785195	42	STIM=j
14790334	42	RESP=1
14801852	42	STIM=a
14804736	42	RESP=1
14818403	42	STIM=f
14824148	42	RESP=1
14836732	42	STIM=j
14841963	42	RESP=1
14855238	42	STIM=j
14859497	42	RESP=1
14874007	42	STIM=k
14881693	42	RESP=1
14890963	42	STIM=t
14896119	42	RESP=1
14907247	42	STIM=p
14913008	42	RESP=1
14925720	42	STIM=q
14929281	42	RESP=1
14942796	42	STIM=e
14945824	42	RESP=1
14960744	42	STIM=v
14964780	42	RESP=2
14978001	42	STIM=b
14981845	42	RESP=1
14996179	42	STIM=k
15000832	42	RESP=1
15012009	42	STIM=1
15017076	42	RESP=2
15029531	42	STIM=1
15033220	42	RESP=2
15048267	42	STIM=v
15051253	42	RESP=1
15063393	42	STIM=b
15069479	42	RESP=1
15079222	42	STIM=0
15084215	42	RESP=2
15097207	42	STIM=k
15101092	42	RESP=1
15114713	42	STIM=u
15120840	42	RESP=1
15130794	42	STIM=c
15133379	42	RESP=1
15148921	42	STIM=9
15152907	42	RESP=2
15164223	42	STIM=k
15167716	42	RESP=1
15179694	42	STIM=5
15183883	42	RESP=2
15196071	42	STIM=m
15203853	42	RESP=1
15211295	42	STIM=t
15216127	42	RESP=1
15227930	42	STIM=j
15232408	42	RESP=1
15244457	42	STIM=x
15247189	42	RESP=1
15259718	42	STIM=v
15263478	42	RESP=1
15276553	42	STIM=g
15281249	42	RESP=1
15293277	42	STIM=0
15297267	42	RESP=2
15311160	42	STIM=f
15315865	42	RESP=1
15330053	42	STIM=0
15333714	42	RESP=2
15346241	42	STIM=j
15350127	42	RESP=1
15365052	42	STIM=q
15371997	42	RESP=1
15382234	42	STIM=w
15385493	42	RESP=2
15399951	42	STIM=c
15402709	42	RESP=1
15417294	42	STIM=7
15421983	42	RESP=2
15435788	42	STIM=f
15443183	42	RESP=1
15452944	42	STIM=e
15455766	42	RESP=1
15471683	42	STIM=y
15479449	42	RESP=1
15489751	42	STIM=l
15494291	42	RESP=1
15506756	42	STIM=f
15512489	42	RESP=1
15522892	42	STIM=w
15525329	42	RESP=1
15538802	42	STIM=a
15542452	42	RESP=1
15557013	42	STIM=7
15561760	42	RESP=2
15574167	42	STIM=j
15580036	42	RESP=1
15589766	42	STIM=l
15595776	42	RESP=1
15606465	42	STIM=z
15612492	42	RESP=1
15623981	42	STIM=2
15629027	42	RESP=2
15639953	42	STIM=t
15643764	42	RESP=1
15656532	42	STIM=a
15661263	42	RESP=1
15675494	42	STIM=l
15679826	42	RESP=1
15693489	42	STIM=g
15697906	42	RESP=1
15708583	42	STIM=f
15713028	42	RESP=1
15726525	42	STIM=e
15729256	42	RESP=1
15744436	42	STIM=b
15747767	42	RESP=1
15762654	42	STIM=l
15766428	42	RESP=1
15780074	42	STIM=f
15786064	42	RESP=1
15798724	42	STIM=w
15807600	42	RESP=1
15816725	42	STIM=7
15821836	42	RESP=2
15835343	42	STIM=h
15840938	42	RESP=1
15852926	42	STIM=g
15859361	42	RESP=1
15870346	42	STIM=t
15874277	42	RESP=1
15886962	42	STIM=t
15890802	42	RESP=1
15903793	42	STIM=m
15907300	42	RESP=1
15919781	42	STIM=4
15926503	42	RESP=2
15937058	42	STIM=h
15941555	42	RESP=1
15952583	42	STIM=f
15957070	42	RESP=1
15971183	42	STIM=x
15975857	42	RESP=1
15988551	42	STIM=n
15991865	42	RESP=1
16005344	42	STIM=w
16008221	42	RESP=1
16022509	42	STIM=r
16026402	42	RESP=1
16039881	42	STIM=j
16046645	42	RESP=1
16058514	42	STIM=v
16062847	42	RESP=1
16074890	42	STIM=1
16081055	42	RESP=2
16090454	42	STIM=h
16093439	42	RESP=1
16106031	42	STIM=9
16114275	42	RESP=2
16121112	42	STIM=u
16125953	42	RESP=1
16137103	42	STIM=7
16140914	42	RESP=2
16155541	42	STIM=e
16158943	42	RESP=1
16174508	42	STIM=4
16180130	42	RESP=1
16192825	42	STIM=y
16199943	42	RESP=1
16210755	42	STIM=1
16215620	42	RESP=2
16226683	42	STIM=l
16229919	42	RESP=1
16242831	42	STIM=1
16249929	42	RESP=2
16258621	42	STIM=i
16263934	42	RESP=1
16277157	42	STIM=u
16280090	42	RESP=2
16292285	42	STIM=p
16296325	42	RESP=1
16308425	42	STIM=y
16311859	42	RESP=1
16326127	42	STIM=b
16330169	42	RESP=1
16341317	42	STIM=s
16346166	42	RESP=1
16358070	42	STIM=0
16363417	42	RESP=2
16374313	42	STIM=q
16377396	42	RESP=1
16389954	42	STIM=c
16396468	42	RESP=1
16408209	42	STIM=i
16414819	42	RESP=1
16425641	42	STIM=f
16432322	42	RESP=1
16442962	42	STIM=o
16449045	42	RESP=1
16461325	42	STIM=o
16466281	42	RESP=1
16479470	42	STIM=7
16484389	42	RESP=1
16496967	42	STIM=e
16500937	42	RESP=1
16512823	42	STIM=6
16517589	42	RESP=2
16531478	42	STIM=b
16536256	42	RESP=1
16546502	42	STIM=3
16550796	42	RESP=2
16562227	42	STIM=n
16565286	42	RESP=1
16580794	42	STIM=n
16584273	42	RESP=1
16596487	42	STIM=a
16601128	42	RESP=1
16613385	42	STIM=t
16621121	42	RESP=1
16629551	42	STIM=y
16635570	42	RESP=1
16648162	42	STIM=j
16654214	42	RESP=1
16664556	42	STIM=1
16671026	42	RESP=2
16679799	42	STIM=h
16686551	42	RESP=1
16696101	42	STIM=a
16703331	42	RESP=1
16711592	42	STIM=8
16717389	42	RESP=1
16727068	42	STIM=q
16734531	42	RESP=1
16742726	42	STIM=a
16747027	42	RESP=1
16760613	42	STIM=x
16763455	42	RESP=2
16779548	42	STIM=q
16783424	42	RESP=1
16798042	42	STIM=j
16802321	42	RESP=1
16814336	42	STIM=g
16816839	42	RESP=2
16832154	42	STIM=c
16836668	42	RESP=1
16848173	42	STIM=i
16852010	42	RESP=1
16865990	42	STIM=h
16871627	42	RESP=1
16882273	42	STIM=v
16887210	42	RESP=1
16901135	42	STIM=k
16906204	42	RESP=1
16920053	42	STIM=0
16925939	42	RESP=2
16938640	42	STIM=l
16944302	42	RESP=1
16954153	42	STIM=w
16961900	42	RESP=1
16970275	42	STIM=p
16977110	42	RESP=1
16986068	42	STIM=u
16994386	42	RESP=1
17001733	42	STIM=4
17008183	42	RESP=2
17020032	42	STIM=w
17023014	42	RESP=1
17035240	42	STIM=8
17039319	42	RESP=1
17052970	42	STIM=7
17060016	42	RESP=2
17071095	42	STIM=r
17076947	42	RESP=1
17086571	42	STIM=a
17090548	42	RESP=1
17102457	42	STIM=s
17105729	42	RESP=1
17121079	42	STIM=t
17128104	42	RESP=1
17137037	42	STIM=n
17141449	42	RESP=1
17153689	42	STIM=j
17159371	42	RESP=1
17172049	42	STIM=j
17176694	42	RESP=1
17189829	42	STIM=0
17194225	42	RESP=1
17205320	42	STIM=2
17209295	42	RESP=2
17221478	42	STIM=2
17228409	42	RESP=2
17240250	42	STIM=a
17244275	42	RESP=1
17257714	42	STIM=b
17260705	42	RESP=1
17273536	42	STIM=z
17278086	42	RESP=1
17289062	42	STIM=b
17293589	42	RESP=1
17305819	42	STIM=v
17313325	42	RESP=1
17323269	42	STIM=v
17328078	42	RESP=1
17341589	42	STIM=r
17347080	42	RESP=1
17359433	42	STIM=w
17363751	42	RESP=1
17378421	42	STIM=h
17382401	42	RESP=1
17395328	42	STIM=e
17401503	42	RESP=1
17411609	42	STIM=o
17418927	42	RESP=1
17430351	42	STIM=m
17434506	42	RESP=1
17446014	42	STIM=f
17451135	42	RESP=1
17464046	42	STIM=o
17467048	42	RESP=1
17480262	42	STIM=e
17484153	42	RESP=1
17497695	42	STIM=1
17503422	42	RESP=2
17513399	42	STIM=s
17517630	42	RESP=1
17532183	42	STIM=c
17535924	42	RESP=1
17548706	42	STIM=2
17552668	42	RESP=2
17566664	42	STIM=0
17570322	42	RESP=2
17585607	42	STIM=p
17588343	42	RESP=1
17600849	42	STIM=w
17606274	42	RESP=1
17617804	42	STIM=r
17622059	42	RESP=1
17634896	42	STIM=1
17640396	42	RESP=2
17652530	42	STIM=3
17658230	42	RESP=2
17668352	42	STIM=u
17671707	42	RESP=1
17685136	42	STIM=k
17691951	42	RESP=1
17701585	42	STIM=j
17705757	42	RESP=1
17716784	42	STIM=o
17723330	42	RESP=2
17733744	42	STIM=z
17738536	42	RESP=1
17749355	42	STIM=b
17754595	42	RESP=1
17765370	42	STIM=n
17774554	42	RESP=1
17782318	42	STIM=z
17786839	42	RESP=1
17798840	42	STIM=1
17802962	42	RESP=2
17815443	42	STIM=x
17820391	42	RESP=1
17832787	42	STIM=x
17837152	42	RESP=1
17848672	42	STIM=y
17855058	42	RESP=1
17864875	42	STIM=z
17867551	42	RESP=1
17883230	42	STIM=z
17893997	42	RESP=1
17898497	42	STIM=8
17902610	42	RESP=1
17914421	42	STIM=w
17918970	42	RESP=1
17931678	42	STIM=f
17939035	42	RESP=1
17947763	42	STIM=a
17954107	42	RESP=1
17964559	42	STIM=e
17969045	42	RESP=1
17980827	42	STIM=i
17983554	42	RESP=1
17996463	42	STIM=t
18001215	42	RESP=1
18011613	42	STIM=c
18018179	42	RESP=1
18028960	42	STIM=d
18034400	42	RESP=1
18046118	42	STIM=x
18050427	42	RESP=1
18064875	42	STIM=s
18073746	42	RESP=1
18080506	42	STIM=3
18086956	42	RESP=2
18096370	42	STIM=3
18101500	42	RESP=2
18114834	42	STIM=r
18118284	42	RESP=1
18133359	42	STIM=g
18136544	42	RESP=2
18148636	42	STIM=9
18152293	42	RESP=2
18163929	42	STIM=l
18168653	42	RESP=1
18181106	42	STIM=5
18187263	42	RESP=2
18198228	42	STIM=x
18203525	42	RESP=1
18216932	42	STIM=3
18226233	42	RESP=2
18233799	42	STIM=a
18239409	42	RESP=1
18250138	42	STIM=4
18255785	42	RESP=2
18267740	42	STIM=f
18271320	42	RESP=1
18285413	42	STIM=w
18290193	42	RESP=1
18303215	42	STIM=q
18305980	42	RESP=1
18321535	42	STIM=j
18333483	42	RESP=1
18340258	42	STIM=s
18348021	42	RESP=1
18357042	42	STIM=j
18362191	42	RESP=1
18374259	42	STIM=y
18377236	42	RESP=2
18391231	42	STIM=5
18395370	42	RESP=2
18409552	42	STIM=a
18415328	42	RESP=1
18428339	42	STIM=5
18436248	42	RESP=2
18444276	42	STIM=b
18450354	42	RESP=1
18461956	42	STIM=v
18466221	42	RESP=1
18479424	42	STIM=f
18484687	42	RESP=1
18496592	42	STIM=z
18500127	42	RESP=1
18513850	42	STIM=8
18520494	42	RESP=2
18529713	42	STIM=z
18536807	42	RESP=1
18546263	42	STIM=v
18549896	42	RESP=1
18564286	42	STIM=i
18570328	42	RESP=1
18579500	42	STIM=i
18583795	42	RESP=1
18595621	42	STIM=w
18599952	42	RESP=1
18612754	42	STIM=y
18619068	42	RESP=1
18627757	42	STIM=s
18632834	42	RESP=1
18645702	42	STIM=5
18649524	42	RESP=1
18661416	42	STIM=i
18664243	42	RESP=1
18678655	42	STIM=v
18686770	42	RESP=1
18697155	42	STIM=u
18701003	42	RESP=1
18714161	42	STIM=b
18718892	42	RESP=1
18729734	42	STIM=b
18733619	42	RESP=1
18746511	42	STIM=m
18749818	42	RESP=1
18762388	42	STIM=l
18767409	42	RESP=1
18777425	42	STIM=2
18783114	42	RESP=2
18792438	42	STIM=n
18795594	42	RESP=1
18808301	42	STIM=u
18811689	42	RESP=1
18826621	42	STIM=1
18831512	42	RESP=2
18843559	42	STIM=8
18847924	42	RESP=2
18858726	42	STIM=r
18863910	42	RESP=1
18876299	42	STIM=y
18880545	42	RESP=1
18892736	42	STIM=1
18899013	42	RESP=2
18910118	42	STIM=g
18917244	42	RESP=1
18928996	42	STIM=s
18933648	42	RESP=1
18944437	42	STIM=o
18949096	42	RESP=1
18962785	42	STIM=e
18965570	42	RESP=1
18981228	42	STIM=w
18985869	42	RESP=1
18998295	42	STIM=j
19003385	42	RESP=1
19015403	42	STIM=1
19020817	42	RESP=2
19034138	42	STIM=j
19043194	42	RESP=1
19052767	42	STIM=v
19057475	42	RESP=1
19070242	42	STIM=m
19073591	42	RESP=1
19088602	42	STIM=1
19093360	42	RESP=2
19103638	42	STIM=k
19106554	42	RESP=1
19121182	42	STIM=c
19125378	42	RESP=1
19137550	42	STIM=e
19147018	42	RESP=1
19156379	42	STIM=9
19164378	42	RESP=1
19172030	42	STIM=w
19176775	42	RESP=1
19187563	42	STIM=x
19197344	42	RESP=1
19203556	42	STIM=7
19209299	42	RESP=2
19221552	42	STIM=6
19227802	42	RESP=1
19239862	42	STIM=d
19246013	42	RESP=1
19257171	42	STIM=s
19267450	42	RESP=1
19273811	42	STIM=8
19278144	42	RESP=1
19291558	42	STIM=q
19297294	42	RESP=1
19309590	42	STIM=q
19317898	42	RESP=1
19328335	42	STIM=a
19331735	42	RESP=1
19343338	42	STIM=m
19347929	42	RESP=1
19360221	42	STIM=c
19363118	42	RESP=2
19378943	42	STIM=l
19385550	42	RESP=1
19395814	42	STIM=d
19399592	42	RESP=1
19414603	42	STIM=i
19417986	42	RESP=1
19430457	42	STIM=9
19437301	42	RESP=2
19446992	42	STIM=c
19452197	42	RESP=1
19463205	42	STIM=7
19467725	42	RESP=1
19479876	42	STIM=z
19483858	42	RESP=1
19495815	42	STIM=c
19501911	42	RESP=1
19512163	42	STIM=w
19516023	42	RESP=1
19528061	42	STIM=l
19533757	42	RESP=1
19543345	42	STIM=t
19550572	42	RESP=1
19558565	42	STIM=g
19561929	42	RESP=1
19574436	42	STIM=v
19585090	42	RESP=1
19592576	42	STIM=j
19601226	42	RESP=1
19608785	42	STIM=s
19614400	42	RESP=1
19626814	42	STIM=t
19633556	42	RESP=1
19644185	42	STIM=i
19649638	42	RESP=1
19659993	42	STIM=a
19663477	42	RESP=1
19677548	42	STIM=n
19682484	42	RESP=1
19694224	42	STIM=a
19702583	42	RESP=1
19711767	42	STIM=a
19718234	42	RESP=1
19728862	42	STIM=b
19732831	42	RESP=1
19746040	42	STIM=z
19753628	42	RESP=1
19763220	42	STIM=p
19768890	42	RESP=1
19781980	42	STIM=k
19784844	42	RESP=1
19797802	42	STIM=a
19803238	42	RESP=1
19816296	42	STIM=p
19820794	42	RESP=2
19832260	42	STIM=s
19837359	42	RESP=1
19850097	42	STIM=b
19856833	42	RESP=1
19868140	42	STIM=4
19872662	42	RESP=2
19885628	42	STIM=d
19889847	42	RESP=1
19904566	42	STIM=m
19908026	42	RESP=1
19920523	42	STIM=s
19925195	42	RESP=1
19935978	42	STIM=x
19939407	42	RESP=1
19951742	42	STIM=s
19956054	42	RESP=1
19968237	42	STIM=0
19972670	42	RESP=2
19983299	42	STIM=j
19986982	42	RESP=1
20001451	42	STIM=p
20009433	42	RESP=1
20019041	42	STIM=i
20025860	42	RESP=1
20036956	42	STIM=n
20041936	42	RESP=1
20053903	42	STIM=d
20057497	42	RESP=1
20072013	42	STIM=l
20078522	42	RESP=1
20087285	42	STIM=v
20090678	42	RESP=1
20104217	42	STIM=w
20107396	42	RESP=1
20120950	42	STIM=y
20126542	42	RESP=1
20138929	42	STIM=j
20142868	42	RESP=1
20157141	42	STIM=m
20163455	42	RESP=1
20174230	42	STIM=e
20180387	42	RESP=2
20192178	42	STIM=x
20199401	42	RESP=1
20210827	42	STIM=z
20215863	42	RESP=1
20228773	42	STIM=8
20233826	42	RESP=2
20245144	42	STIM=t
20249672	42	RESP=1
20262422	42	STIM=o
20268289	42	RESP=1
20278835	42	STIM=n
20282874	42	RESP=2
20297633	42	STIM=u
20301301	42	RESP=1
20316072	42	STIM=5
20322101	42	RESP=2
20331737	42	STIM=x
20338311	42	RESP=1
20348688	42	STIM=j
20354254	42	RESP=1
20363889	42	STIM=m
20370014	42	RESP=1
20379665	42	STIM=0
20392696	42	RESP=1
20396705	42	STIM=j
20400698	42	RESP=1
20414649	42	STIM=m
20418317	42	RESP=1
20430522	42	STIM=h
20435814	42	RESP=1
20446030	42	STIM=l
20450441	42	RESP=1
20464286	42	STIM=n
20470847	42	RESP=1
20480642	42	STIM=z
20483602	42	RESP=1
20498833	42	STIM=y
20502329	42	RESP=2
20515818	42	STIM=w
20519422	42	RESP=1
20534760	42	STIM=z
20538865	42	RESP=1
20553369	42	STIM=j
20555995	42	RESP=1
20570549	42	STIM=j
20576249	42	RESP=1
20586697	42	STIM=5
20593932	42	RESP=2
20602157	42	STIM=m
20610327	42	RESP=1
20618184	42	STIM=b
20624170	42	RESP=1
20637132	42	STIM=5
20641201	42	RESP=2
20652761	42	STIM=3
20659176	42	RESP=2
20669162	42	STIM=o
20676604	42	RESP=1
20687885	42	STIM=n
20693234	42	RESP=1
20704769	42	STIM=h
20712833	42	RESP=1
20722489	42	STIM=1
20725920	42	RESP=2
20737641	42	STIM=v
20744149	42	RESP=1
20756296	42	STIM=y
20762345	42	RESP=2
20772802	42	STIM=0
20780516	42	RESP=2
20790853	42	STIM=u
20797267	42	RESP=1
20806018	42	STIM=x
20811499	42	RESP=1
20822854	42	STIM=y
20827653	42	RESP=1
20838401	42	STIM=0
20849068	42	RESP=2
20856779	42	STIM=v
20861631	42	RESP=1
20875115	42	STIM=f
20880076	42	RESP=1
20890205	42	STIM=a
20896303	42	RESP=1
20907193	42	STIM=u
20911102	42	RESP=1
20924291	42	STIM=8
20929961	42	RESP=2
20943037	42	STIM=j
20946664	42	RESP=1
20961776	42	STIM=b
20968236	42	RESP=1
20980237	42	STIM=e
20984351	42	RESP=1
20997264	42	STIM=w
21003051	42	RESP=1
21013076	42	STIM=j
21017693	42	RESP=1
21030152	42	STIM=z
21034732	42	RESP=1
21047847	42	STIM=x
21051537	42	RESP=1
21063324	42	STIM=0
21068371	42	RESP=2
21078878	42	STIM=u
21083476	42	RESP=1
21095781	42	STIM=8
21099040	42	RESP=2
21111460	42	STIM=g
21117539	42	RESP=1
21128168	42	STIM=q
21131888	42	RESP=1
21146110	42	STIM=i
21149663	42	RESP=1
21162183	42	STIM=5
21167784	42	RESP=2
21178355	42	STIM=n
21183707	42	RESP=1
21197004	42	STIM=z
21200192	42	RESP=1
21214477	42	STIM=v
21220703	42	RESP=1
21232735	42	STIM=5
21241773	42	RESP=2
21248526	42	STIM=5
21253132	42	RESP=2
21265166	42	STIM=p
21270991	42	RESP=1
21282539	42	STIM=v
21290701	42	RESP=1
21299777	42	STIM=9
21306628	42	RESP=2
21317449	42	STIM=s
21325348	42	RESP=1
21335142	42	STIM=x
21340909	42	RESP=1
21351099	42	STIM=x
21357321	42	RESP=1
21366844	42	STIM=z
21371918	42	RESP=1
21381901	42	STIM=5
21388569	42	RESP=2
21399661	42	STIM=3
21406668	42	RESP=2
21417564	42	STIM=p
21423201	42	RESP=1
21433644	42	STIM=1
21439056	42	RESP=2
21450309	42	STIM=s
21454827	42	RESP=1
21467892	42	STIM=t
21472863	42	RESP=1
21483563	42	STIM=8
21488244	42	RESP=2
21499523	42	STIM=n
21503818	42	RESP=1
21517055	42	STIM=6
21523999	42	RESP=2
21535558	42	STIM=i
21545039	42	RESP=1
21552569	42	STIM=d
21557151	42	RESP=1
21570777	42	STIM=o
21581982	42	RESP=1
21587790	42	STIM=z
21590926	42	RESP=1
21605113	42	STIM=x
21611040	42	RESP=1
21620312	42	STIM=0
21626530	42	RESP=1
21638468	42	STIM=f
21645726	42	RESP=1
21655871	42	STIM=m
21662742	42	RESP=1
21672011	42	STIM=j
21675320	42	RESP=1
21690460	42	STIM=k
21695427	42	RESP=1
21706991	42	STIM=b
21710076	42	RESP=1
21722638	42	STIM=h
21729076	42	RESP=1
21739216	42	STIM=o
21743270	42	RESP=1
21757029	42	STIM=x
21762734	42	RESP=1
21775945	42	STIM=q
21784186	42	RESP=1
21791903	42	STIM=z
21795736	42	RESP=1
