# Original filename: 0050_VMR_2016-09-19.log
# Time unit: 100 us
# RARECAT=digit
#
# Time	HHGG	Event
38049	42	STIM=m
42621	42	RESP=1
56454	42	STIM=7
61886	42	RESP=2
71569	42	STIM=l
76365	42	RESP=1
87159	42	STIM=b
94032	42	RESP=1
104517	42	STIM=a
108652	42	RESP=1
122608	42	STIM=q
127403	42	RESP=1
139130	42	STIM=t
142544	42	RESP=1
156875	42	STIM=l
160195	42	RESP=1
175644	42	STIM=5
181092	42	RESP=2
193958	42	STIM=l
197377	42	RESP=1
211090	42	STIM=k
215512	42	RESP=1
227881	42	STIM=0
232893	42	RESP=2
243121	42	STIM=j
247904	42	RESP=1
260413	42	STIM=g
264590	42	RESP=1
278955	42	STIM=8
286403	42	RESP=1
297316	42	STIM=0
302750	42	RESP=2
313175	42	STIM=f
319304	42	RESP=1
328704	42	STIM=x
332613	42	RESP=1
346497	42	STIM=4
350882	42	RESP=2
365349	42	STIM=q
369025	42	RESP=1
384347	42	STIM=p
387583	42	RESP=1
399379	42	STIM=p
404409	42	RESP=1
418260	42	STIM=e
421501	42	RESP=1
433998	42	STIM=m
440093	42	RESP=1
452275	42	STIM=g
457070	42	RESP=1
470927	42	STIM=p
474507	42	RESP=1
488013	42	STIM=h
495245	42	RESP=1
505489	42	STIM=n
510957	42	RESP=1
521503	42	STIM=z
524695	42	RESP=1
540271	42	STIM=9
545509	42	RESP=2
555564	42	STIM=n
562899	42	RESP=1
571318	42	STIM=2
578616	42	RESP=2
587884	42	STIM=c
594899	42	RESP=1
603167	42	STIM=e
606649	42	RESP=1
621502	42	STIM=b
625336	42	RESP=1
640445	42	STIM=m
646874	42	RESP=1
658244	42	STIM=4
665451	42	RESP=2
675740	42	STIM=t
678634	42	RESP=2
692462	42	STIM=8
700887	42	RESP=2
710269	42	STIM=l
716005	42	RESP=1
725935	42	STIM=f
731971	42	RESP=1
744774	42	STIM=z
747601	42	RESP=1
763307	42	STIM=w
766132	42	RESP=1
779295	42	STIM=x
783068	42	RESP=1
798156	42	STIM=i
802484	42	RESP=1
817013	42	STIM=y
820947	42	RESP=1
835351	42	STIM=3
845252	42	RESP=2
854281	42	STIM=y
858344	42	RESP=1
871084	42	STIM=g
874359	42	RESP=1
889505	42	STIM=j
894308	42	RESP=1
905217	42	STIM=8
909698	42	RESP=2
920657	42	STIM=b
923927	42	RESP=1
938280	42	STIM=d
942684	42	RESP=1
954505	42	STIM=0
960151	42	RESP=2
972859	42	STIM=h
975947	42	RESP=1
988510	42	STIM=n
992204	42	RESP=1
1007225	42	STIM=e
1013789	42	RESP=1
1024811	42	STIM=w
1029098	42	RESP=1
1041057	42	STIM=p
1046167	42	RESP=1
1058861	42	STIM=h
1062981	42	RESP=1
1075460	42	STIM=f
1080181	42	RESP=1
1092699	42	STIM=u
1098359	42	RESP=1
1111229	42	STIM=z
1115781	42	RESP=1
1126677	42	STIM=8
1131163	42	RESP=1
1143129	42	STIM=v
1147446	42	RESP=1
1159663	42	STIM=k
1164273	42	RESP=1
1176999	42	STIM=2
1183461	42	RESP=1
1195072	42	STIM=l
1199001	42	RESP=1
1212900	42	STIM=b
1219276	42	RESP=1
1228916	42	STIM=g
1232030	42	RESP=1
1247773	42	STIM=e
1252339	42	RESP=1
1264492	42	STIM=y
1267018	42	RESP=1
1280885	42	STIM=h
1285108	42	RESP=1
1297087	42	STIM=d
1302002	42	RESP=1
1313336	42	STIM=r
1318097	42	RESP=1
1330765	42	STIM=w
1336238	42	RESP=1
1349303	42	STIM=8
1355695	42	RESP=2
1365466	42	STIM=c
1375042	42	RESP=1
1383938	42	STIM=f
1389063	42	RESP=1
1402798	42	STIM=4
1407250	42	RESP=2
1421480	42	STIM=g
1424621	42	RESP=1
1440334	42	STIM=n
1444434	42	RESP=1
1458553	42	STIM=l
1463524	42	RESP=1
1475465	42	STIM=i
1480019	42	RESP=1
1491746	42	STIM=t
1496520	42	RESP=1
1510374	42	STIM=j
1515099	42	RESP=1
1527249	42	STIM=0
1535277	42	RESP=1
1544754	42	STIM=y
1549036	42	RESP=1
1563717	42	STIM=k
1567838	42	RESP=1
1581833	42	STIM=o
1589436	42	RESP=1
1598763	42	STIM=8
1609027	42	RESP=2
1614020	42	STIM=g
1619042	42	RESP=1
1631893	42	STIM=t
1640203	42	RESP=1
1650722	42	STIM=n
1655006	42	RESP=1
1666368	42	STIM=i
1672246	42	RESP=1
1683290	42	STIM=f
1686654	42	RESP=1
1698756	42	STIM=d
1706304	42	RESP=1
1714129	42	STIM=c
1721805	42	RESP=1
1729784	42	STIM=7
1734796	42	RESP=2
1746741	42	STIM=7
1752672	42	RESP=2
1762039	42	STIM=e
1766002	42	RESP=1
1777415	42	STIM=p
1782974	42	RESP=1
1792821	42	STIM=u
1798833	42	RESP=1
1810382	42	STIM=v
1813991	42	RESP=1
1829352	42	STIM=o
1831620	42	RESP=1
1846300	42	STIM=k
1849652	42	RESP=1
1865004	42	STIM=z
1869863	42	RESP=1
1882794	42	STIM=j
1889290	42	RESP=1
1899671	42	STIM=u
1902684	42	RESP=1
1917705	42	STIM=5
1923226	42	RESP=2
1933270	42	STIM=y
1936107	42	RESP=1
1949238	42	STIM=7
1958008	42	RESP=2
1966126	42	STIM=x
1970861	42	RESP=2
1983360	42	STIM=e
1988078	42	RESP=1
1999153	42	STIM=9
2004231	42	RESP=2
2014259	42	STIM=z
2018978	42	RESP=1
2030455	42	STIM=t
2035383	42	RESP=1
2048832	42	STIM=s
2053438	42	RESP=1
2067381	42	STIM=t
2071396	42	RESP=1
2082978	42	STIM=h
2086140	42	RESP=1
2101673	42	STIM=x
2105516	42	RESP=1
2117467	42	STIM=t
2120170	42	RESP=1
2136259	42	STIM=8
2140415	42	RESP=2
2154136	42	STIM=4
2160519	42	RESP=2
2170101	42	STIM=s
2176947	42	RESP=1
2188066	42	STIM=b
2192435	42	RESP=1
2203742	42	STIM=7
2207515	42	RESP=2
2221903	42	STIM=w
2225706	42	RESP=1
2238729	42	STIM=i
2241527	42	RESP=2
2254633	42	STIM=j
2258460	42	RESP=1
2270962	42	STIM=y
2274667	42	RESP=1
2287649	42	STIM=s
2290347	42	RESP=1
2302874	42	STIM=j
2310525	42	RESP=1
2319732	42	STIM=t
2324112	42	RESP=2
2337464	42	STIM=p
2342136	42	RESP=1
2356381	42	STIM=a
2360426	42	RESP=1
2375148	42	STIM=n
2379449	42	RESP=1
2392597	42	STIM=w
2399336	42	RESP=1
2408148	42	STIM=s
2412076	42	RESP=1
2425623	42	STIM=s
2429854	42	RESP=1
2441312	42	STIM=a
2448981	42	RESP=1
2459990	42	STIM=i
2464488	42	RESP=1
2475130	42	STIM=y
2480459	42	RESP=1
2490774	42	STIM=w
2494853	42	RESP=1
2509613	42	STIM=k
2514079	42	RESP=1
2526154	42	STIM=z
2530363	42	RESP=1
2544770	42	STIM=b
2548481	42	RESP=1
2560582	42	STIM=f
2565509	42	RESP=1
2577469	42	STIM=0
2581237	42	RESP=2
2594762	42	STIM=j
2599610	42	RESP=1
2610277	42	STIM=p
2614710	42	RESP=1
2628559	42	STIM=n
2633815	42	RESP=1
2647045	42	STIM=v
2649997	42	RESP=1
2664353	42	STIM=f
2668601	42	RESP=1
2681829	42	STIM=b
2686776	42	RESP=1
2700185	42	STIM=4
2704123	42	RESP=2
2719147	42	STIM=s
2726190	42	RESP=1
2734927	42	STIM=8
2740595	42	RESP=1
2753070	42	STIM=o
2758642	42	RESP=1
2771868	42	STIM=0
2781154	42	RESP=2
2787652	42	STIM=i
2791449	42	RESP=1
2806114	42	STIM=7
2811937	42	RESP=2
2822105	42	STIM=3
2829896	42	RESP=2
2839804	42	STIM=u
2845866	42	RESP=1
2858085	42	STIM=f
2864194	42	RESP=1
2876404	42	STIM=7
2883634	42	RESP=2
2895121	42	STIM=g
2901179	42	RESP=2
2911691	42	STIM=w
2915041	42	RESP=1
2927177	42	STIM=4
2931317	42	RESP=2
2945314	42	STIM=x
2948991	42	RESP=1
2960583	42	STIM=o
2972746	42	RESP=1
2975790	42	STIM=n
2979482	42	RESP=1
2992795	42	STIM=5
2999643	42	RESP=2
3007924	42	STIM=z
3013276	42	RESP=1
3026065	42	STIM=j
3029461	42	RESP=1
3042922	42	STIM=y
3047523	42	RESP=2
3058648	42	STIM=m
3061770	42	RESP=1
3076063	42	STIM=k
3081729	42	RESP=1
3091568	42	STIM=x
3096245	42	RESP=2
3106676	42	STIM=m
3110185	42	RESP=1
3123914	42	STIM=0
3133781	42	RESP=2
3142040	42	STIM=t
3146988	42	RESP=1
3157167	42	STIM=f
3162572	42	RESP=1
3173092	42	STIM=x
3176243	42	RESP=1
3188544	42	STIM=0
3192556	42	RESP=2
3204466	42	STIM=7
3208408	42	RESP=2
3222124	42	STIM=v
3226067	42	RESP=1
3240717	42	STIM=s
3245268	42	RESP=1
3256143	42	STIM=l
3259762	42	RESP=1
3273181	42	STIM=n
3276336	42	RESP=1
3291699	42	STIM=p
3297565	42	RESP=1
3309440	42	STIM=i
3317343	42	RESP=1
3326804	42	STIM=m
3334689	42	RESP=1
3343678	42	STIM=x
3346218	42	RESP=1
3358949	42	STIM=e
3363726	42	RESP=1
3376258	42	STIM=9
3381976	42	RESP=2
3391855	42	STIM=w
3395619	42	RESP=1
3409498	42	STIM=0
3413666	42	RESP=2
3425627	42	STIM=h
3433133	42	RESP=1
3440908	42	STIM=m
3445963	42	RESP=1
3457857	42	STIM=h
3461829	42	RESP=1
3473111	42	STIM=i
3476759	42	RESP=1
3490573	42	STIM=m
3495089	42	RESP=1
3507876	42	STIM=w
3513962	42	RESP=1
3524728	42	STIM=g
3530571	42	RESP=1
3541260	42	STIM=u
3547136	42	RESP=1
3558433	42	STIM=i
3564784	42	RESP=1
3576708	42	STIM=w
3579724	42	RESP=1
3591905	42	STIM=v
3596144	42	RESP=1
3610864	42	STIM=m
3615260	42	RESP=1
3629605	42	STIM=h
3637318	42	RESP=1
3645538	42	STIM=a
3648804	42	RESP=1
3662212	42	STIM=e
3667856	42	RESP=1
3677461	42	STIM=y
3682250	42	RESP=1
3694849	42	STIM=w
3698292	42	RESP=1
3713328	42	STIM=f
3718353	42	RESP=1
3731458	42	STIM=f
3735948	42	RESP=1
3749363	42	STIM=z
3754738	42	RESP=1
3767004	42	STIM=p
3770076	42	RESP=1
3782961	42	STIM=p
3785694	42	RESP=1
3798956	42	STIM=5
3804982	42	RESP=2
3817052	42	STIM=j
3820590	42	RESP=1
3833780	42	STIM=l
3837619	42	RESP=1
3849829	42	STIM=f
3859471	42	RESP=1
3866244	42	STIM=w
3870651	42	RESP=1
3882226	42	STIM=y
3888658	42	RESP=1
3899207	42	STIM=q
3903953	42	RESP=1
3917880	42	STIM=y
3923327	42	RESP=1
3933549	42	STIM=3
3939667	42	RESP=2
3949781	42	STIM=u
3953422	42	RESP=1
3966438	42	STIM=l
3972169	42	RESP=1
3985018	42	STIM=1
3989375	42	RESP=2
4000699	42	STIM=z
4005079	42	RESP=1
4016003	42	STIM=u
4019297	42	RESP=1
4034093	42	STIM=j
4036739	42	RESP=1
4051484	42	STIM=k
4059427	42	RESP=1
4066845	42	STIM=5
4075346	42	RESP=2
4084584	42	STIM=h
4090042	42	RESP=1
4100843	42	STIM=h
4105322	42	RESP=1
4119016	42	STIM=w
4123562	42	RESP=1
4136396	42	STIM=9
4141175	42	RESP=2
4152031	42	STIM=e
4155785	42	RESP=1
4170983	42	STIM=u
4176437	42	RESP=1
4186664	42	STIM=y
4190684	42	RESP=1
4205466	42	STIM=l
4208671	42	RESP=1
4221377	42	STIM=u
4225426	42	RESP=1
4239480	42	STIM=l
4245407	42	RESP=1
4256199	42	STIM=u
4262096	42	RESP=1
4273394	42	STIM=y
4279764	42	RESP=1
4289039	42	STIM=q
4292107	42	RESP=1
4306368	42	STIM=b
4312335	42	RESP=1
4325216	42	STIM=k
4331258	42	RESP=1
4341592	42	STIM=c
4345861	42	RESP=1
4358022	42	STIM=p
4362474	42	RESP=1
4376744	42	STIM=u
4381485	42	RESP=1
4392825	42	STIM=9
4401579	42	RESP=2
4408278	42	STIM=8
4412438	42	RESP=2
4426346	42	STIM=f
4432029	42	RESP=1
4443265	42	STIM=k
4446646	42	RESP=1
4460803	42	STIM=t
4466806	42	RESP=1
4478580	42	STIM=q
4481006	42	RESP=1
4494525	42	STIM=l
4498253	42	RESP=1
4510109	42	STIM=n
4515178	42	RESP=1
4529102	42	STIM=0
4532904	42	RESP=2
4547571	42	STIM=o
4550997	42	RESP=1
4564825	42	STIM=x
4569233	42	RESP=1
4582247	42	STIM=k
4587659	42	RESP=1
4601069	42	STIM=h
4604690	42	RESP=1
4616375	42	STIM=y
4621034	42	RESP=1
4633459	42	STIM=m
4637317	42	RESP=1
4652311	42	STIM=y
4655530	42	RESP=1
4667955	42	STIM=b
4673723	42	RESP=1
4685922	42	STIM=s
4693081	42	RESP=1
4704257	42	STIM=v
4707511	42	RESP=1
4721989	42	STIM=k
4725939	42	RESP=1
4740486	42	STIM=a
4746936	42	RESP=1
4756542	42	STIM=c
4762508	42	RESP=1
4772325	42	STIM=4
4783846	42	RESP=2
4789082	42	STIM=3
4797104	42	RESP=2
4804340	42	STIM=z
4809391	42	RESP=1
4822133	42	STIM=c
4827451	42	RESP=1
4838114	42	STIM=u
4842817	42	RESP=1
4854539	42	STIM=h
4858488	42	RESP=1
4872969	42	STIM=a
4876213	42	RESP=1
4889146	42	STIM=s
4895338	42	RESP=1
4905360	42	STIM=o
4908302	42	RESP=1
4920487	42	STIM=v
4925483	42	RESP=1
4938012	42	STIM=y
4945856	42	RESP=1
4957006	42	STIM=y
4963195	42	RESP=1
4973166	42	STIM=5
4980508	42	RESP=2
4989708	42	STIM=r
4994773	42	RESP=1
5005563	42	STIM=t
5008454	42	RESP=1
5021841	42	STIM=b
5025417	42	RESP=1
5038105	42	STIM=7
5043536	42	RESP=2
5055540	42	STIM=w
5059275	42	RESP=1
5071631	42	STIM=s
5077016	42	RESP=1
5089119	42	STIM=x
5092861	42	RESP=1
5104829	42	STIM=v
5109329	42	RESP=1
5122857	42	STIM=t
5127957	42	RESP=1
5141420	42	STIM=v
5144848	42	RESP=1
5157381	42	STIM=j
5163160	42	RESP=1
5172449	42	STIM=w
5177128	42	RESP=1
5189015	42	STIM=r
5191608	42	RESP=1
5206859	42	STIM=s
5210450	42	RESP=1
5223296	42	STIM=t
5227702	42	RESP=2
5238897	42	STIM=y
5243926	42	RESP=1
5255783	42	STIM=i
5261543	42	RESP=1
5272401	42	STIM=z
5276791	42	RESP=1
5288836	42	STIM=l
5292942	42	RESP=1
5305662	42	STIM=w
5309803	42	RESP=1
5323722	42	STIM=c
5327182	42	RESP=1
5340333	42	STIM=l
5344356	42	RESP=1
5359326	42	STIM=t
5361906	42	RESP=1
5377122	42	STIM=k
5381010	42	RESP=1
5395673	42	STIM=p
5401170	42	RESP=1
5413854	42	STIM=9
5423059	42	RESP=2
5432696	42	STIM=5
5439255	42	RESP=2
5451565	42	STIM=7
5457519	42	RESP=2
5466610	42	STIM=y
5469586	42	RESP=1
5484536	42	STIM=p
5489842	42	RESP=1
5501431	42	STIM=i
5507410	42	RESP=1
5517611	42	STIM=t
5522103	42	RESP=1
5533986	42	STIM=4
5541095	42	RESP=2
5549153	42	STIM=c
5557101	42	RESP=1
5564517	42	STIM=a
5567205	42	RESP=1
5582930	42	STIM=o
5586866	42	RESP=1
5598431	42	STIM=b
5605379	42	RESP=1
5614202	42	STIM=4
5619146	42	RESP=2
5630905	42	STIM=b
5633579	42	RESP=1
5646637	42	STIM=i
5651561	42	RESP=1
5662737	42	STIM=s
5666279	42	RESP=1
5678606	42	STIM=u
5683669	42	RESP=1
5695904	42	STIM=f
5701071	42	RESP=1
5711726	42	STIM=z
5716204	42	RESP=2
5727894	42	STIM=x
5737161	42	RESP=1
5744199	42	STIM=1
5748562	42	RESP=2
5761750	42	STIM=p
5766759	42	RESP=1
5777203	42	STIM=y
5781864	42	RESP=1
5795702	42	STIM=y
5800867	42	RESP=1
5812073	42	STIM=t
5815466	42	RESP=1
5830667	42	STIM=c
5837173	42	RESP=1
5849436	42	STIM=9
5856434	42	RESP=2
5868268	42	STIM=i
5875033	42	RESP=1
5887066	42	STIM=3
5896468	42	RESP=2
5904366	42	STIM=n
5908603	42	RESP=1
5920076	42	STIM=z
5924487	42	RESP=1
5937540	42	STIM=6
5945218	42	RESP=2
5954531	42	STIM=l
5959895	42	RESP=1
5972741	42	STIM=u
5977021	42	RESP=2
5987926	42	STIM=n
5997062	42	RESP=1
6004325	42	STIM=w
6009469	42	RESP=1
6021093	42	STIM=m
6025611	42	RESP=1
6038518	42	STIM=b
6043834	42	RESP=1
6053872	42	STIM=4
6059999	42	RESP=2
6069520	42	STIM=p
6073470	42	RESP=1
6087128	42	STIM=y
6090027	42	RESP=1
6103985	42	STIM=q
6107664	42	RESP=1
6121796	42	STIM=9
6126718	42	RESP=2
6138298	42	STIM=r
6142192	42	RESP=1
6155744	42	STIM=i
6159327	42	RESP=1
6173722	42	STIM=b
6178873	42	RESP=1
6191831	42	STIM=3
6197017	42	RESP=1
6208647	42	STIM=f
6216410	42	RESP=1
6227340	42	STIM=6
6234024	42	RESP=1
6244560	42	STIM=p
6248603	42	RESP=1
6262943	42	STIM=s
6266991	42	RESP=1
6280243	42	STIM=b
6284918	42	RESP=1
6297398	42	STIM=h
6300536	42	RESP=1
6313296	42	STIM=g
6318019	42	RESP=1
6329992	42	STIM=z
6335006	42	RESP=2
6345806	42	STIM=r
6349355	42	RESP=2
6363816	42	STIM=9
6370238	42	RESP=2
6381137	42	STIM=t
6384500	42	RESP=1
6397862	42	STIM=8
6402204	42	RESP=2
6414467	42	STIM=e
6417688	42	RESP=1
6432748	42	STIM=g
6436194	42	RESP=1
6451625	42	STIM=0
6458041	42	RESP=2
6468596	42	STIM=z
6473013	42	RESP=1
6486247	42	STIM=n
6489311	42	RESP=1
6503490	42	STIM=5
6508865	42	RESP=2
6519401	42	STIM=6
6526860	42	RESP=1
6535674	42	STIM=b
6539525	42	RESP=1
6554403	42	STIM=3
6561473	42	RESP=2
6570677	42	STIM=l
6574393	42	RESP=1
6589332	42	STIM=3
6593206	42	RESP=2
6606557	42	STIM=0
6612340	42	RESP=2
6622230	42	STIM=a
6625685	42	RESP=1
6639978	42	STIM=c
6644055	42	RESP=1
6655650	42	STIM=a
6661066	42	RESP=1
6671333	42	STIM=t
6676210	42	RESP=1
6688581	42	STIM=0
6693857	42	RESP=2
6704224	42	STIM=3
6712083	42	RESP=2
6722313	42	STIM=r
6726339	42	RESP=1
6737450	42	STIM=8
6743126	42	RESP=2
6754501	42	STIM=5
6758332	42	RESP=2
6772417	42	STIM=3
6777875	42	RESP=2
6790394	42	STIM=d
6793872	42	RESP=1
6806294	42	STIM=c
6814736	42	RESP=1
6822730	42	STIM=7
6827926	42	RESP=2
6841281	42	STIM=x
6845237	42	RESP=1
6857845	42	STIM=s
6861376	42	RESP=1
6873907	42	STIM=a
6879024	42	RESP=1
6890929	42	STIM=g
6895041	42	RESP=1
6906468	42	STIM=p
6911034	42	RESP=1
6924497	42	STIM=u
6927151	42	RESP=1
6943381	42	STIM=b
6949096	42	RESP=1
6961610	42	STIM=o
6971152	42	RESP=1
6978129	42	STIM=3
6984412	42	RESP=2
6996115	42	STIM=c
6999086	42	RESP=1
7014287	42	STIM=9
7018141	42	RESP=2
7029507	42	STIM=e
7034782	42	RESP=1
7046030	42	STIM=e
7049896	42	RESP=1
7063383	42	STIM=v
7070619	42	RESP=1
7081875	42	STIM=x
7085832	42	RESP=1
7098187	42	STIM=7
7103239	42	RESP=2
7115103	42	STIM=y
7117909	42	RESP=1
7133529	42	STIM=k
7142888	42	RESP=1
7151929	42	STIM=x
7157125	42	RESP=1
7169429	42	STIM=b
7176509	42	RESP=1
7187010	42	STIM=g
7191786	42	RESP=1
7202803	42	STIM=g
7207085	42	RESP=1
7221337	42	STIM=0
7225690	42	RESP=2
7238090	42	STIM=e
7242913	42	RESP=1
7254760	42	STIM=u
7258867	42	RESP=1
7272793	42	STIM=8
7276427	42	RESP=2
7288614	42	STIM=4
7296387	42	RESP=2
7305711	42	STIM=c
7310548	42	RESP=1
7322843	42	STIM=k
7326774	42	RESP=1
7338780	42	STIM=6
7343572	42	RESP=2
7354375	42	STIM=l
7360525	42	RESP=1
7371679	42	STIM=e
7376862	42	RESP=1
7387189	42	STIM=f
7390178	42	RESP=1
7405293	42	STIM=h
7409193	42	RESP=1
7420849	42	STIM=u
7425026	42	RESP=1
7435900	42	STIM=d
7440444	42	RESP=1
7454198	42	STIM=0
7458019	42	RESP=2
7469316	42	STIM=z
7474007	42	RESP=1
7484395	42	STIM=1
7490213	42	RESP=2
7500331	42	STIM=k
7505586	42	RESP=1
7518258	42	STIM=k
7524607	42	RESP=1
7536134	42	STIM=o
7541062	42	RESP=1
7551902	42	STIM=v
7555513	42	RESP=1
7568462	42	STIM=y
7572446	42	RESP=1
7585493	42	STIM=v
7589781	42	RESP=1
7602841	42	STIM=z
7608996	42	RESP=1
7619449	42	STIM=m
7624795	42	RESP=1
7636865	42	STIM=n
7644603	42	RESP=1
7654235	42	STIM=r
7658399	42	RESP=1
7670750	42	STIM=s
7677408	42	RESP=1
7689423	42	STIM=3
7693310	42	RESP=2
7708035	42	STIM=1
7711930	42	RESP=2
7725954	42	STIM=p
7732939	42	RESP=1
7742212	42	STIM=k
7747850	42	RESP=1
7760122	42	STIM=g
7764286	42	RESP=1
7776722	42	STIM=c
7780627	42	RESP=1
7791738	42	STIM=o
7796248	42	RESP=1
7808850	42	STIM=h
7813758	42	RESP=1
7825047	42	STIM=f
7828137	42	RESP=1
7840882	42	STIM=6
7845350	42	RESP=2
7858991	42	STIM=v
7865517	42	RESP=1
7874266	42	STIM=x
7877445	42	RESP=1
7890096	42	STIM=9
7898688	42	RESP=2
7908007	42	STIM=d
7913388	42	RESP=1
7925379	42	STIM=x
7929104	42	RESP=1
7943752	42	STIM=9
7949979	42	RESP=2
7959630	42	STIM=t
7965802	42	RESP=1
7976150	42	STIM=x
7980438	42	RESP=1
7992056	42	STIM=3
7996755	42	RESP=2
8009428	42	STIM=6
8020508	42	RESP=2
8025265	42	STIM=k
8030892	42	RESP=1
8042513	42	STIM=1
8047470	42	RESP=2
8059795	42	STIM=d
8065151	42	RESP=1
8077762	42	STIM=h
8084149	42	RESP=1
8093648	42	STIM=0
8101676	42	RESP=2
8109538	42	STIM=f
8113088	42	RESP=1
8128026	42	STIM=m
8134167	42	RESP=1
8143326	42	STIM=a
8146435	42	RESP=1
8159437	42	STIM=f
8165352	42	RESP=1
8174909	42	STIM=o
8180282	42	RESP=1
8192986	42	STIM=x
8196287	42	RESP=1
8211398	42	STIM=9
8217879	42	RESP=2
8226425	42	STIM=q
8229111	42	RESP=1
8241895	42	STIM=p
8248935	42	RESP=1
8258741	42	STIM=l
8267569	42	RESP=1
8275556	42	STIM=b
8281824	42	RESP=1
8291108	42	STIM=o
8297512	42	RESP=1
8306495	42	STIM=e
8311827	42	RESP=1
8323770	42	STIM=f
8327279	42	RESP=1
8340723	42	STIM=b
8344322	42	RESP=2
8359529	42	STIM=s
8363384	42	RESP=1
8377909	42	STIM=h
8383402	42	RESP=1
8394643	42	STIM=t
8402413	42	RESP=1
8412558	42	STIM=4
8417270	42	RESP=2
8431194	42	STIM=s
8442096	42	RESP=1
8447806	42	STIM=o
8455472	42	RESP=1
8463225	42	STIM=i
8469733	42	RESP=1
8479798	42	STIM=c
8483955	42	RESP=1
8498354	42	STIM=a
8504860	42	RESP=1
8513968	42	STIM=a
8518420	42	RESP=1
8529021	42	STIM=t
8535746	42	RESP=1
8544770	42	STIM=d
8550191	42	RESP=1
8561571	42	STIM=d
8565767	42	RESP=1
8578641	42	STIM=p
8583191	42	RESP=1
8597043	42	STIM=e
8601682	42	RESP=1
8614670	42	STIM=2
8620035	42	RESP=2
8631321	42	STIM=5
8636762	42	RESP=2
8647059	42	STIM=e
8655698	42	RESP=1
8663092	42	STIM=h
8666058	42	RESP=1
8679541	42	STIM=s
8687787	42	RESP=1
8695242	42	STIM=v
8700308	42	RESP=1
8713285	42	STIM=3
8717037	42	RESP=2
8728804	42	STIM=e
8733686	42	RESP=1
8747765	42	STIM=r
8752449	42	RESP=2
8763535	42	STIM=7
8767384	42	RESP=2
8782366	42	STIM=9
8788035	42	RESP=2
8801116	42	STIM=f
8806802	42	RESP=1
8819471	42	STIM=t
8824254	42	RESP=1
8834909	42	STIM=f
8838474	42	RESP=1
8850626	42	STIM=e
8854924	42	RESP=1
8868887	42	STIM=i
8874684	42	RESP=1
8885571	42	STIM=j
8891341	42	RESP=1
8904300	42	STIM=r
8914014	42	RESP=1
8922060	42	STIM=z
8925718	42	RESP=1
8937075	42	STIM=p
8942917	42	RESP=1
8954830	42	STIM=0
8960504	42	RESP=2
8973665	42	STIM=e
8982438	42	RESP=1
8991196	42	STIM=n
8995116	42	RESP=1
9009949	42	STIM=l
9014963	42	RESP=1
9027649	42	STIM=b
9032631	42	RESP=1
9045551	42	STIM=7
9049475	42	RESP=2
9061970	42	STIM=w
9064778	42	RESP=1
9079258	42	STIM=u
9085596	42	RESP=1
9097304	42	STIM=f
9101252	42	RESP=1
9116165	42	STIM=c
9119959	42	RESP=1
9133017	42	STIM=5
9136506	42	RESP=2
9151830	42	STIM=7
9158435	42	RESP=2
9170313	42	STIM=x
9174913	42	RESP=1
9186707	42	STIM=v
9190734	42	RESP=1
9205348	42	STIM=9
9208852	42	RESP=2
9223505	42	STIM=n
9229665	42	RESP=1
9241336	42	STIM=w
9245074	42	RESP=1
9256965	42	STIM=p
9260122	42	RESP=1
9275897	42	STIM=o
9282684	42	RESP=1
9294471	42	STIM=q
9301103	42	RESP=1
9310374	42	STIM=0
9315762	42	RESP=2
9328570	42	STIM=p
9333682	42	RESP=1
9344334	42	STIM=i
9348771	42	RESP=1
9363103	42	STIM=a
9366924	42	RESP=1
9378840	42	STIM=k
9388716	42	RESP=1
9395642	42	STIM=y
9398907	42	RESP=1
9410812	42	STIM=k
9420988	42	RESP=1
9426079	42	STIM=a
9429802	42	RESP=1
9442394	42	STIM=s
9447574	42	RESP=1
9457657	42	STIM=t
9460207	42	RESP=1
9473661	42	STIM=f
9478096	42	RESP=1
9490739	42	STIM=s
9493154	42	RESP=1
9509653	42	STIM=a
9517133	42	RESP=1
9525562	42	STIM=3
9532559	42	RESP=2
9542787	42	STIM=a
9548672	42	RESP=1
9559492	42	STIM=l
9563154	42	RESP=1
9574757	42	STIM=8
9580505	42	RESP=2
9590882	42	STIM=y
9596926	42	RESP=1
9608759	42	STIM=r
9612928	42	RESP=1
9625624	42	STIM=5
9634017	42	RESP=1
9640807	42	STIM=6
9647148	42	RESP=2
9657337	42	STIM=c
9662421	42	RESP=1
9675885	42	STIM=2
9679766	42	RESP=2
9693665	42	STIM=3
9698772	42	RESP=1
9709734	42	STIM=8
9715831	42	RESP=2
9725088	42	STIM=e
9730915	42	RESP=1
9744042	42	STIM=v
9748299	42	RESP=1
9763033	42	STIM=p
9767972	42	RESP=1
9781073	42	STIM=y
9784912	42	RESP=1
9799485	42	STIM=f
9802805	42	RESP=1
9815720	42	STIM=w
9818874	42	RESP=1
9833196	42	STIM=7
9837871	42	RESP=2
9850863	42	STIM=m
9853939	42	RESP=1
9867050	42	STIM=0
9870493	42	RESP=1
9885832	42	STIM=8
9893857	42	RESP=2
9902566	42	STIM=n
9909094	42	RESP=1
9919234	42	STIM=y
9926652	42	RESP=2
9936725	42	STIM=c
9940579	42	RESP=1
9954375	42	STIM=a
9958355	42	RESP=1
9969408	42	STIM=h
9972404	42	RESP=1
9988360	42	STIM=e
9991400	42	RESP=1
10006001	42	STIM=g
10013713	42	RESP=1
10023664	42	STIM=j
10027855	42	RESP=1
10041545	42	STIM=2
10046166	42	RESP=1
10057798	42	STIM=g
10064099	42	RESP=1
10074164	42	STIM=6
10080267	42	RESP=2
10089892	42	STIM=t
10097997	42	RESP=1
10105665	42	STIM=z
10111692	42	RESP=1
10124373	42	STIM=4
10130003	42	RESP=1
10140179	42	STIM=3
10147531	42	RESP=2
10157357	42	STIM=7
10162921	42	RESP=2
10175423	42	STIM=e
10178692	42	RESP=2
10194299	42	STIM=t
10200782	42	RESP=1
10209437	42	STIM=e
10212461	42	RESP=1
10226261	42	STIM=s
10231043	42	RESP=1
10244137	42	STIM=1
10249991	42	RESP=2
10262095	42	STIM=u
10266559	42	RESP=1
10277371	42	STIM=e
10281168	42	RESP=1
10295281	42	STIM=a
10298521	42	RESP=1
10313780	42	STIM=p
10319872	42	RESP=1
10330406	42	STIM=l
10335972	42	RESP=1
10346948	42	STIM=x
10351793	42	RESP=1
10365213	42	STIM=h
10368889	42	RESP=1
10382518	42	STIM=h
10387630	42	RESP=1
10400968	42	STIM=s
10407852	42	RESP=1
10417450	42	STIM=a
10423607	42	RESP=1
10433325	42	STIM=h
10438312	42	RESP=1
10450239	42	STIM=w
10457100	42	RESP=1
10467691	42	STIM=9
10471762	42	RESP=2
10485695	42	STIM=9
10491926	42	RESP=2
10502414	42	STIM=y
10507104	42	RESP=1
10518848	42	STIM=k
10523250	42	RESP=1
10535578	42	STIM=6
10540493	42	RESP=2
10551730	42	STIM=g
10556235	42	RESP=1
10570032	42	STIM=n
10576498	42	RESP=1
10585952	42	STIM=q
10590615	42	RESP=1
10601375	42	STIM=w
10608723	42	RESP=1
10617868	42	STIM=g
10623999	42	RESP=1
10635833	42	STIM=d
10642319	42	RESP=1
10651143	42	STIM=b
10656327	42	RESP=1
10666655	42	STIM=1
10672474	42	RESP=2
10685085	42	STIM=o
10687462	42	RESP=1
10700712	42	STIM=2
10709226	42	RESP=2
10716816	42	STIM=l
10722367	42	RESP=1
10733591	42	STIM=z
10737446	42	RESP=1
10749581	42	STIM=v
10753658	42	RESP=1
10764798	42	STIM=7
10768939	42	RESP=1
10781787	42	STIM=o
10786722	42	RESP=1
10797642	42	STIM=l
10801722	42	RESP=1
10813371	42	STIM=7
10818333	42	RESP=1
10830855	42	STIM=v
10837358	42	RESP=1
10848340	42	STIM=9
10851980	42	RESP=2
10864250	42	STIM=q
10867457	42	RESP=1
10879452	42	STIM=e
10884285	42	RESP=1
10895523	42	STIM=e
10900322	42	RESP=1
10910780	42	STIM=a
10916289	42	RESP=1
10927213	42	STIM=p
10931407	42	RESP=1
10943253	42	STIM=4
10949081	42	RESP=2
10960093	42	STIM=r
10964502	42	RESP=1
10976836	42	STIM=e
10984539	42	RESP=1
10995122	42	STIM=t
11000755	42	RESP=1
11011157	42	STIM=u
11015635	42	RESP=1
11027305	42	STIM=x
11034440	42	RESP=1
11044161	42	STIM=0
11049881	42	RESP=1
11062733	42	STIM=p
11067450	42	RESP=2
11080763	42	STIM=h
11087560	42	RESP=1
11097592	42	STIM=d
11101539	42	RESP=1
11115239	42	STIM=o
11119753	42	RESP=1
11130886	42	STIM=d
11139058	42	RESP=2
11148994	42	STIM=l
11154536	42	RESP=1
11167250	42	STIM=o
11171885	42	RESP=1
11186000	42	STIM=l
11189858	42	RESP=1
11201648	42	STIM=w
11208139	42	RESP=1
11219012	42	STIM=b
11223515	42	RESP=1
11236458	42	STIM=w
11240676	42	RESP=1
11252592	42	STIM=i
11258988	42	RESP=1
11270057	42	STIM=x
11278658	42	RESP=1
11287557	42	STIM=j
11297109	42	RESP=1
11305934	42	STIM=d
11315083	42	RESP=1
11322810	42	STIM=j
11328059	42	RESP=2
11338759	42	STIM=n
11341692	42	RESP=1
11353766	42	STIM=6
11359756	42	RESP=2
11369703	42	STIM=b
11373343	42	RESP=1
11388184	42	STIM=x
11392536	42	RESP=1
11406903	42	STIM=n
11410536	42	RESP=1
11424804	42	STIM=k
11427772	42	RESP=1
11441467	42	STIM=u
11447004	42	RESP=1
11457836	42	STIM=o
11462247	42	RESP=1
11474745	42	STIM=l
11481430	42	RESP=1
11492846	42	STIM=u
11496358	42	RESP=1
11509500	42	STIM=y
11515225	42	RESP=1
11528172	42	STIM=q
11533635	42	RESP=1
11544356	42	STIM=a
11549437	42	RESP=1
11559782	42	STIM=u
11564888	42	RESP=1
11577032	42	STIM=c
11581739	42	RESP=1
11592347	42	STIM=w
11599691	42	RESP=1
11608799	42	STIM=x
11613997	42	RESP=2
11625343	42	STIM=y
11630734	42	RESP=1
11642975	42	STIM=u
11646796	42	RESP=1
11659542	42	STIM=t
11662486	42	RESP=1
11676655	42	STIM=p
11679556	42	RESP=1
11694043	42	STIM=l
11697748	42	RESP=1
11711558	42	STIM=g
11717173	42	RESP=1
11726816	42	STIM=3
11732207	42	RESP=2
11744128	42	STIM=h
11752187	42	RESP=1
11760049	42	STIM=q
11763391	42	RESP=1
11775127	42	STIM=c
11780601	42	RESP=1
11790743	42	STIM=j
11797472	42	RESP=1
11808849	42	STIM=j
11812241	42	RESP=1
11825405	42	STIM=l
11828438	42	RESP=1
11843128	42	STIM=j
11848973	42	RESP=1
11860090	42	STIM=q
11866746	42	RESP=1
11877117	42	STIM=t
11883350	42	RESP=1
11895688	42	STIM=n
11899682	42	RESP=1
11913654	42	STIM=f
11916997	42	RESP=1
11931984	42	STIM=l
11934956	42	RESP=1
11950764	42	STIM=t
11953880	42	RESP=1
11967064	42	STIM=q
11970628	42	RESP=1
11983138	42	STIM=j
11986528	42	RESP=1
11998355	42	STIM=o
12006549	42	RESP=1
12016377	42	STIM=x
12020113	42	RESP=1
12033943	42	STIM=z
12038191	42	RESP=1
12052408	42	STIM=u
12055938	42	RESP=1
12069081	42	STIM=b
12072780	42	RESP=1
12084497	42	STIM=n
12088630	42	RESP=1
12099840	42	STIM=q
12102504	42	RESP=1
12117229	42	STIM=e
12122566	42	RESP=1
12136128	42	STIM=d
12141766	42	RESP=1
12152835	42	STIM=w
12155732	42	RESP=1
12168402	42	STIM=l
12172922	42	RESP=1
12185426	42	STIM=v
12192247	42	RESP=1
12200863	42	STIM=q
12203842	42	RESP=1
12218462	42	STIM=s
12223153	42	RESP=1
12235555	42	STIM=2
12240001	42	RESP=2
12253919	42	STIM=g
12259279	42	RESP=1
12270872	42	STIM=k
12276085	42	RESP=1
12287329	42	STIM=m
12293607	42	RESP=1
12305995	42	STIM=p
12312206	42	RESP=1
12323102	42	STIM=f
12328601	42	RESP=1
12338506	42	STIM=o
12343670	42	RESP=1
12353958	42	STIM=k
12356968	42	RESP=1
12372750	42	STIM=q
12377037	42	RESP=1
12390324	42	STIM=x
12393950	42	RESP=1
12407509	42	STIM=b
12414145	42	RESP=1
12422934	42	STIM=d
12427623	42	RESP=1
12438329	42	STIM=m
12444105	42	RESP=1
12454112	42	STIM=t
12457663	42	RESP=1
12470974	42	STIM=u
12474702	42	RESP=1
12486909	42	STIM=w
12495596	42	RESP=1
12502789	42	STIM=1
12508142	42	RESP=2
12521633	42	STIM=z
12525500	42	RESP=1
12540169	42	STIM=u
12545449	42	RESP=1
12556359	42	STIM=b
12559430	42	RESP=1
12573765	42	STIM=r
12576892	42	RESP=1
12589198	42	STIM=c
12592029	42	RESP=1
12607942	42	STIM=m
12612154	42	RESP=1
12624490	42	STIM=o
12627440	42	RESP=1
12642641	42	STIM=5
12649814	42	RESP=2
12661052	42	STIM=j
12667157	42	RESP=1
12679552	42	STIM=1
12684454	42	RESP=2
12695425	42	STIM=p
12699101	42	RESP=1
12711785	42	STIM=c
12715484	42	RESP=1
12729190	42	STIM=b
12737074	42	RESP=1
12744715	42	STIM=p
12747706	42	RESP=1
12761158	42	STIM=o
12764997	42	RESP=1
12776776	42	STIM=9
12781739	42	RESP=2
12794958	42	STIM=x
12797407	42	RESP=1
12812057	42	STIM=l
12820981	42	RESP=1
12829820	42	STIM=a
12836154	42	RESP=1
12847562	42	STIM=c
12851064	42	RESP=1
12866171	42	STIM=m
12869397	42	RESP=2
12884107	42	STIM=l
12887435	42	RESP=1
12901470	42	STIM=1
12908032	42	RESP=2
12917570	42	STIM=5
12923406	42	RESP=2
12935569	42	STIM=l
12940769	42	RESP=1
12952777	42	STIM=1
12956875	42	RESP=2
12969565	42	STIM=k
12974844	42	RESP=1
12986050	42	STIM=c
12990101	42	RESP=1
13004496	42	STIM=1
13012770	42	RESP=2
13019717	42	STIM=0
13027009	42	RESP=1
13037901	42	STIM=t
13040180	42	RESP=1
13053588	42	STIM=7
13057236	42	RESP=2
13070162	42	STIM=j
13076498	42	RESP=1
13086425	42	STIM=1
13091977	42	RESP=2
13104169	42	STIM=m
13109231	42	RESP=1
13123105	42	STIM=8
13130117	42	RESP=2
13141418	42	STIM=1
13144694	42	RESP=1
13159663	42	STIM=k
13165758	42	RESP=1
13175285	42	STIM=4
13181553	42	RESP=2
13192263	42	STIM=r
13198705	42	RESP=1
13209313	42	STIM=p
13216372	42	RESP=1
13225469	42	STIM=i
13230397	42	RESP=1
13242609	42	STIM=q
13245211	42	RESP=1
13259250	42	STIM=e
13262757	42	RESP=1
13277030	42	STIM=3
13283176	42	RESP=2
13293024	42	STIM=m
13297070	42	RESP=1
13309932	42	STIM=i
13316182	42	RESP=1
13325628	42	STIM=s
13329057	42	RESP=1
13340926	42	STIM=f
13347146	42	RESP=1
13357265	42	STIM=l
13360941	42	RESP=1
13375936	42	STIM=q
13381319	42	RESP=1
13393977	42	STIM=7
13399674	42	RESP=2
13410941	42	STIM=3
13415128	42	RESP=2
13428418	42	STIM=j
13437186	42	RESP=1
13444446	42	STIM=1
13448436	42	RESP=2
13460145	42	STIM=n
13468222	42	RESP=1
13478877	42	STIM=t
13482693	42	RESP=1
13493992	42	STIM=r
13497440	42	RESP=1
13509784	42	STIM=z
13512455	42	RESP=1
13526355	42	STIM=5
13531515	42	RESP=2
13542540	42	STIM=u
13546168	42	RESP=1
13560199	42	STIM=u
13566249	42	RESP=1
13578922	42	STIM=s
13582261	42	RESP=1
13597788	42	STIM=n
13602249	42	RESP=1
13613936	42	STIM=r
13617806	42	RESP=1
13630120	42	STIM=6
13635243	42	RESP=2
13648393	42	STIM=e
13655661	42	RESP=1
13665649	42	STIM=7
13670382	42	RESP=2
13682479	42	STIM=p
13689623	42	RESP=1
13698909	42	STIM=y
13705225	42	RESP=1
13716757	42	STIM=x
13719628	42	RESP=1
13734859	42	STIM=4
13738541	42	RESP=2
13753451	42	STIM=j
13756687	42	RESP=1
13769119	42	STIM=1
13773282	42	RESP=2
13787126	42	STIM=x
13790386	42	RESP=1
13805311	42	STIM=t
13811424	42	RESP=1
13820639	42	STIM=c
13824098	42	RESP=1
13837336	42	STIM=a
13840055	42	RESP=1
13854083	42	STIM=r
13857043	42	RESP=1
13871285	42	STIM=v
13879303	42	RESP=1
13886707	42	STIM=k
13889492	42	RESP=1
13903039	42	STIM=m
13906997	42	RESP=1
13920773	42	STIM=v
13929474	42	RESP=1
13938812	42	STIM=v
13944114	42	RESP=1
13956037	42	STIM=g
13964350	42	RESP=1
13972860	42	STIM=x
13976366	42	RESP=1
13990307	42	STIM=y
13996528	42	RESP=2
14008527	42	STIM=j
14015770	42	RESP=1
14027323	42	STIM=5
14032106	42	RESP=2
14042653	42	STIM=j
14047605	42	RESP=1
14059684	42	STIM=7
14064379	42	RESP=2
14075195	42	STIM=n
14079901	42	RESP=1
14094164	42	STIM=n
14099471	42	RESP=1
14110867	42	STIM=f
14118448	42	RESP=1
14127456	42	STIM=k
14134241	42	RESP=1
14143711	42	STIM=f
14153555	42	RESP=1
14159461	42	STIM=q
14163872	42	RESP=1
14177136	42	STIM=6
14183201	42	RESP=2
14192295	42	STIM=o
14199887	42	RESP=1
14207689	42	STIM=c
14215302	42	RESP=1
14224175	42	STIM=v
14230796	42	RESP=1
14241446	42	STIM=u
14246722	42	RESP=1
14259711	42	STIM=p
14262604	42	RESP=1
14277313	42	STIM=2
14283060	42	RESP=2
14294407	42	STIM=i
14299551	42	RESP=1
14309547	42	STIM=m
14313313	42	RESP=1
14328139	42	STIM=g
14331690	42	RESP=1
14346415	42	STIM=x
14350527	42	RESP=1
14364346	42	STIM=s
14367812	42	RESP=2
14382346	42	STIM=u
14386007	42	RESP=1
14399018	42	STIM=f
14406797	42	RESP=1
14415544	42	STIM=m
14420622	42	RESP=1
14433525	42	STIM=k
14436945	42	RESP=1
14448604	42	STIM=c
14452106	42	RESP=1
14467054	42	STIM=t
14471391	42	RESP=1
14484358	42	STIM=4
14491014	42	RESP=1
14499642	42	STIM=f
14503896	42	RESP=1
14517674	42	STIM=x
14524944	42	RESP=1
14535298	42	STIM=3
14540316	42	RESP=2
14551916	42	STIM=8
14558523	42	RESP=2
14568916	42	STIM=o
14573038	42	RESP=1
14587377	42	STIM=l
14591433	42	RESP=1
14603795	42	STIM=r
14607200	42	RESP=1
14620690	42	STIM=b
14626726	42	RESP=1
14637300	42	STIM=b
14642783	42	RESP=1
14653707	42	STIM=i
14657840	42	RESP=1
14670275	42	STIM=n
14673410	42	RESP=1
14686290	42	STIM=1
14693851	42	RESP=2
14701428	42	STIM=h
14705622	42	RESP=1
14719497	42	STIM=t
14723202	42	RESP=1
14736357	42	STIM=4
14741535	42	RESP=2
14754721	42	STIM=o
14763006	42	RESP=1
14769815	42	STIM=s
14774490	42	RESP=1
14786509	42	STIM=n
14794928	42	RESP=1
14802061	42	STIM=l
14805429	42	RESP=1
14820494	42	STIM=s
14824750	42	RESP=1
14837910	42	STIM=k
14841520	42	RESP=1
14854859	42	STIM=u
14860287	42	RESP=1
14870368	42	STIM=6
14877195	42	RESP=1
14886348	42	STIM=n
14891222	42	RESP=1
14902069	42	STIM=z
14906773	42	RESP=1
14918918	42	STIM=o
14921637	42	RESP=1
14936613	42	STIM=r
14942687	42	RESP=1
14954902	42	STIM=q
14959532	42	RESP=1
14971706	42	STIM=j
14976455	42	RESP=1
14989381	42	STIM=r
14994656	42	RESP=1
15005052	42	STIM=y
15008668	42	RESP=1
15022633	42	STIM=4
15027597	42	RESP=2
15040992	42	STIM=v
15045434	42	RESP=1
15056952	42	STIM=3
15061505	42	RESP=2
15074572	42	STIM=d
15080269	42	RESP=1
15089620	42	STIM=r
15094943	42	RESP=1
15106705	42	STIM=x
15111818	42	RESP=1
15122840	42	STIM=r
15126076	42	RESP=1
15138652	42	STIM=b
15144053	42	RESP=1
15155745	42	STIM=j
15161703	42	RESP=1
15171232	42	STIM=q
15175562	42	RESP=1
15187253	42	STIM=k
15192515	42	RESP=1
15202308	42	STIM=d
15209761	42	RESP=1
15218318	42	STIM=2
15223686	42	RESP=2
15234688	42	STIM=k
15240438	42	RESP=1
15251033	42	STIM=q
15258268	42	RESP=1
15266218	42	STIM=z
15269094	42	RESP=1
15282316	42	STIM=n
15288296	42	RESP=1
15299068	42	STIM=2
15302648	42	RESP=2
15314212	42	STIM=q
15321642	42	RESP=1
15331280	42	STIM=j
15337777	42	RESP=1
15349957	42	STIM=c
15353810	42	RESP=1
15366337	42	STIM=e
15374212	42	RESP=1
15382629	42	STIM=v
15389669	42	RESP=1
15399639	42	STIM=h
15407861	42	RESP=1
15418484	42	STIM=n
15422984	42	RESP=1
15436719	42	STIM=l
15441510	42	RESP=2
15452082	42	STIM=v
15455213	42	RESP=1
15467086	42	STIM=d
15472168	42	RESP=1
15482101	42	STIM=d
15485251	42	RESP=1
15498261	42	STIM=p
15501152	42	RESP=1
15515756	42	STIM=l
15521032	42	RESP=1
15532246	42	STIM=b
15537770	42	RESP=1
15550750	42	STIM=x
15555396	42	RESP=1
15568833	42	STIM=m
15571837	42	RESP=1
15584393	42	STIM=d
15589663	42	RESP=1
15602930	42	STIM=4
15608527	42	RESP=2
15619644	42	STIM=l
15626786	42	RESP=1
15638001	42	STIM=u
15640830	42	RESP=1
15655343	42	STIM=w
15662235	42	RESP=1
15672023	42	STIM=a
15674524	42	RESP=1
15689219	42	STIM=t
15694909	42	RESP=1
15706212	42	STIM=d
15713236	42	RESP=1
15723239	42	STIM=s
15728481	42	RESP=1
15740774	42	STIM=n
15744509	42	RESP=1
15756704	42	STIM=g
15764072	42	RESP=1
15772807	42	STIM=w
15777582	42	RESP=1
15791060	42	STIM=h
15794455	42	RESP=1
15808548	42	STIM=v
15814561	42	RESP=1
15826489	42	STIM=f
15830192	42	RESP=1
15844793	42	STIM=b
15847646	42	RESP=1
15862767	42	STIM=u
15867088	42	RESP=1
15878908	42	STIM=2
15882810	42	RESP=2
15896634	42	STIM=1
15903114	42	RESP=2
15911872	42	STIM=f
15922910	42	RESP=1
15927111	42	STIM=0
15932408	42	RESP=2
15942423	42	STIM=f
15946735	42	RESP=1
15957945	42	STIM=h
15964079	42	RESP=1
15975116	42	STIM=d
15978731	42	RESP=1
15992816	42	STIM=5
15998768	42	RESP=2
16010484	42	STIM=j
16016735	42	RESP=1
16026510	42	STIM=l
16030108	42	RESP=1
16044101	42	STIM=l
16047792	42	RESP=1
16060516	42	STIM=c
16066792	42	RESP=1
16075892	42	STIM=7
16080305	42	RESP=2
16093539	42	STIM=h
16099914	42	RESP=1
16111892	42	STIM=6
16117923	42	RESP=2
16130756	42	STIM=k
16136789	42	RESP=1
16146606	42	STIM=e
16154806	42	RESP=1
16163235	42	STIM=u
16166594	42	RESP=1
16181763	42	STIM=8
16185946	42	RESP=2
16197780	42	STIM=g
16202290	42	RESP=1
16214938	42	STIM=s
16223170	42	RESP=1
16231717	42	STIM=h
16235814	42	RESP=1
16250139	42	STIM=a
16253716	42	RESP=1
16266954	42	STIM=8
16273837	42	RESP=2
16282960	42	STIM=r
16286233	42	RESP=2
16298593	42	STIM=o
16303849	42	RESP=1
16316316	42	STIM=6
16322388	42	RESP=1
16331556	42	STIM=u
16335128	42	RESP=1
16350094	42	STIM=6
16356146	42	RESP=2
16368308	42	STIM=5
16375163	42	RESP=2
16385975	42	STIM=n
16391998	42	RESP=1
16401590	42	STIM=z
16407321	42	RESP=1
16417026	42	STIM=y
16425825	42	RESP=1
16433757	42	STIM=y
16437633	42	RESP=1
16450282	42	STIM=x
16453286	42	RESP=1
16466760	42	STIM=j
16473581	42	RESP=1
16483431	42	STIM=x
16486054	42	RESP=1
16501188	42	STIM=d
16507084	42	RESP=1
16516209	42	STIM=n
16521052	42	RESP=1
16533698	42	STIM=0
16538427	42	RESP=2
16552193	42	STIM=i
16560867	42	RESP=1
16570672	42	STIM=1
16573956	42	RESP=1
16589290	42	STIM=k
16595008	42	RESP=1
16608151	42	STIM=v
16611550	42	RESP=1
16626780	42	STIM=v
16630542	42	RESP=1
16643649	42	STIM=w
16651442	42	RESP=1
16661396	42	STIM=n
16666166	42	RESP=1
16679565	42	STIM=m
16686306	42	RESP=1
16697155	42	STIM=a
16701824	42	RESP=1
16714413	42	STIM=l
16717699	42	RESP=1
16733336	42	STIM=m
16736400	42	RESP=1
16748770	42	STIM=y
16752370	42	RESP=1
16765999	42	STIM=6
16772117	42	RESP=2
16781649	42	STIM=o
16787772	42	RESP=1
16796981	42	STIM=n
16799966	42	RESP=1
16812481	42	STIM=8
16819614	42	RESP=2
16829014	42	STIM=j
16832102	42	RESP=1
16845123	42	STIM=j
16854437	42	RESP=1
16862753	42	STIM=s
16866194	42	RESP=1
16878152	42	STIM=h
16883601	42	RESP=1
16895975	42	STIM=r
16901206	42	RESP=1
16911900	42	STIM=j
16917172	42	RESP=1
16929744	42	STIM=7
16935472	42	RESP=2
16947693	42	STIM=t
16954932	42	RESP=1
16962810	42	STIM=q
16966999	42	RESP=1
16980759	42	STIM=7
16985998	42	RESP=2
16997681	42	STIM=j
17001775	42	RESP=1
17016481	42	STIM=u
17024343	42	RESP=1
17033175	42	STIM=p
17038062	42	RESP=1
17048434	42	STIM=a
17053847	42	RESP=1
17064972	42	STIM=t
17070628	42	RESP=1
17083122	42	STIM=f
17088394	42	RESP=1
17099625	42	STIM=u
17105186	42	RESP=1
17116782	42	STIM=u
17122937	42	RESP=1
17133575	42	STIM=3
17145467	42	RESP=2
17151337	42	STIM=2
17158001	42	RESP=2
17166357	42	STIM=c
17171487	42	RESP=1
17182996	42	STIM=p
17186397	42	RESP=1
17200523	42	STIM=k
17204240	42	RESP=1
17216452	42	STIM=x
17222017	42	RESP=1
17233579	42	STIM=p
17239088	42	RESP=1
17249019	42	STIM=f
17254896	42	RESP=1
17264702	42	STIM=g
17268892	42	RESP=1
17279821	42	STIM=j
17284172	42	RESP=1
17295774	42	STIM=j
17299568	42	RESP=1
17314632	42	STIM=e
17318267	42	RESP=1
17332333	42	STIM=s
17336174	42	RESP=1
17348516	42	STIM=j
17354938	42	RESP=1
17364995	42	STIM=d
17368921	42	RESP=1
17381718	42	STIM=1
17386492	42	RESP=2
17398935	42	STIM=s
17403687	42	RESP=1
17415383	42	STIM=y
17420334	42	RESP=1
17432094	42	STIM=u
17439156	42	RESP=1
17448115	42	STIM=z
17453313	42	RESP=1
17466720	42	STIM=q
17470991	42	RESP=1
17481849	42	STIM=6
17487746	42	RESP=2
17498507	42	STIM=u
17501977	42	RESP=1
17516020	42	STIM=x
17519455	42	RESP=1
17534397	42	STIM=g
17539312	42	RESP=1
17550835	42	STIM=w
17556841	42	RESP=1
17568760	42	STIM=3
17572278	42	RESP=2
17584576	42	STIM=m
17592446	42	RESP=1
17601056	42	STIM=v
17606136	42	RESP=1
17619237	42	STIM=i
17621787	42	RESP=1
17637240	42	STIM=q
17643173	42	RESP=1
17655481	42	STIM=g
17660593	42	RESP=1
17673163	42	STIM=h
17675971	42	RESP=1
17691815	42	STIM=8
17700631	42	RESP=2
17710689	42	STIM=6
17718796	42	RESP=2
17726599	42	STIM=y
17731792	42	RESP=1
17744683	42	STIM=w
17748589	42	RESP=1
17763304	42	STIM=4
17769589	42	RESP=2
17779166	42	STIM=6
17784529	42	RESP=2
17794695	42	STIM=l
17797700	42	RESP=1
17809956	42	STIM=u
17818235	42	RESP=1
17826708	42	STIM=m
17832265	42	RESP=1
17842277	42	STIM=5
17849002	42	RESP=2
17860772	42	STIM=z
17865976	42	RESP=1
17877969	42	STIM=w
17887602	42	RESP=1
17894283	42	STIM=m
17900878	42	RESP=1
17909655	42	STIM=d
17915546	42	RESP=1
17925907	42	STIM=q
17930354	42	RESP=1
17941674	42	STIM=9
17949269	42	RESP=1
17958595	42	STIM=r
17963313	42	RESP=1
17977508	42	STIM=c
17982547	42	RESP=1
17993570	42	STIM=u
17998926	42	RESP=1
18011150	42	STIM=9
18014754	42	RESP=2
18028159	42	STIM=s
18034372	42	RESP=1
18044576	42	STIM=u
18048922	42	RESP=1
18063017	42	STIM=n
18067364	42	RESP=1
18079388	42	STIM=8
18083706	42	RESP=2
18097179	42	STIM=6
18102245	42	RESP=2
18113770	42	STIM=3
18120403	42	RESP=2
18130718	42	STIM=f
18137022	42	RESP=1
18147207	42	STIM=n
18151051	42	RESP=1
18165553	42	STIM=8
18168911	42	RESP=2
18184538	42	STIM=d
18187969	42	RESP=1
18202435	42	STIM=4
18206720	42	RESP=2
18217819	42	STIM=g
18222058	42	RESP=1
18233605	42	STIM=b
18238942	42	RESP=1
18251381	42	STIM=6
18259276	42	RESP=2
18268448	42	STIM=l
18275253	42	RESP=1
18285764	42	STIM=u
18292228	42	RESP=1
18302710	42	STIM=6
18307267	42	RESP=2
18319062	42	STIM=p
18322892	42	RESP=1
18334181	42	STIM=y
18339704	42	RESP=1
18352932	42	STIM=q
18356140	42	RESP=1
18370460	42	STIM=s
18377675	42	RESP=1
18389222	42	STIM=a
18393877	42	RESP=1
18407263	42	STIM=p
18410230	42	RESP=1
18422632	42	STIM=i
18427851	42	RESP=1
18438478	42	STIM=q
18444226	42	RESP=1
18457297	42	STIM=2
18460976	42	RESP=2
18472967	42	STIM=r
18477046	42	RESP=1
18490649	42	STIM=l
18495558	42	RESP=1
18506207	42	STIM=e
18511520	42	RESP=1
18524306	42	STIM=g
18535145	42	RESP=1
18540732	42	STIM=k
18548370	42	RESP=1
18556037	42	STIM=x
18559424	42	RESP=1
18571676	42	STIM=h
18574729	42	RESP=1
18587192	42	STIM=b
18591785	42	RESP=1
18605236	42	STIM=a
18609898	42	RESP=1
18623952	42	STIM=0
18629877	42	RESP=2
18639823	42	STIM=i
18644684	42	RESP=1
18658319	42	STIM=9
18665910	42	RESP=2
18675695	42	STIM=2
18681481	42	RESP=2
18694049	42	STIM=l
18701088	42	RESP=1
18709718	42	STIM=v
18719764	42	RESP=1
18727171	42	STIM=q
18731949	42	RESP=1
18742232	42	STIM=3
18746145	42	RESP=2
18757371	42	STIM=y
18761090	42	RESP=1
18773097	42	STIM=j
18779609	42	RESP=1
18790433	42	STIM=w
18793386	42	RESP=1
18807600	42	STIM=0
18813604	42	RESP=2
18825206	42	STIM=n
18829049	42	RESP=1
18842887	42	STIM=d
18846380	42	RESP=1
18861760	42	STIM=9
18869588	42	RESP=1
18880097	42	STIM=r
18885283	42	RESP=1
18895394	42	STIM=w
18900283	42	RESP=1
18912892	42	STIM=x
18918712	42	RESP=1
18930639	42	STIM=f
18932895	42	RESP=1
18946631	42	STIM=u
18950847	42	RESP=1
18964706	42	STIM=g
18967829	42	RESP=1
18983629	42	STIM=u
18986895	42	RESP=1
19001402	42	STIM=e
19007526	42	RESP=1
19018508	42	STIM=x
19023340	42	RESP=1
19035351	42	STIM=m
19042049	42	RESP=1
19052589	42	STIM=g
19056219	42	RESP=1
19067702	42	STIM=j
19073411	42	RESP=1
19084495	42	STIM=u
19088802	42	RESP=1
19100516	42	STIM=9
19104411	42	RESP=2
19118015	42	STIM=a
19123738	42	RESP=1
19134903	42	STIM=e
19141881	42	RESP=1
19153324	42	STIM=e
19162191	42	RESP=1
19169131	42	STIM=h
19171603	42	RESP=1
19185201	42	STIM=u
19191553	42	RESP=1
19200232	42	STIM=u
19204192	42	RESP=1
19215271	42	STIM=y
19219910	42	RESP=1
19231457	42	STIM=v
19237333	42	RESP=1
19246831	42	STIM=y
19254264	42	RESP=1
19265537	42	STIM=5
19269468	42	RESP=2
19283493	42	STIM=a
19288754	42	RESP=1
19299673	42	STIM=y
19305289	42	RESP=1
19316958	42	STIM=h
19321135	42	RESP=1
19335874	42	STIM=z
19342081	42	RESP=1
19353543	42	STIM=t
19358019	42	RESP=1
19369475	42	STIM=9
19374418	42	RESP=2
19385025	42	STIM=a
19395132	42	RESP=1
19401114	42	STIM=n
19404919	42	RESP=1
19419039	42	STIM=f
19422723	42	RESP=1
19437831	42	STIM=e
19441457	42	RESP=1
19455420	42	STIM=w
19461883	42	RESP=1
19471599	42	STIM=s
19475574	42	RESP=1
19488418	42	STIM=7
19494975	42	RESP=2
19505849	42	STIM=9
19509803	42	RESP=2
19521090	42	STIM=d
19523750	42	RESP=1
19539560	42	STIM=z
19543690	42	RESP=1
19556756	42	STIM=x
19560445	42	RESP=1
19574090	42	STIM=4
19579731	42	RESP=2
19591897	42	STIM=r
19595512	42	RESP=1
19607637	42	STIM=i
19614531	42	RESP=1
19623564	42	STIM=b
19627639	42	RESP=1
19642198	42	STIM=q
19646582	42	RESP=1
19660221	42	STIM=o
19663098	42	RESP=1
19676892	42	STIM=e
19680104	42	RESP=1
19695641	42	STIM=f
19699276	42	RESP=1
19713481	42	STIM=c
19718597	42	RESP=1
19731533	42	STIM=r
19737520	42	RESP=1
19748438	42	STIM=x
19754435	42	RESP=1
19766248	42	STIM=k
19770745	42	RESP=1
19784322	42	STIM=1
19788819	42	RESP=2
19803087	42	STIM=v
19808638	42	RESP=1
19819548	42	STIM=n
19824421	42	RESP=1
19835429	42	STIM=f
19839851	42	RESP=1
19850533	42	STIM=u
19854011	42	RESP=1
19868236	42	STIM=i
19875043	42	RESP=1
19886906	42	STIM=2
19893332	42	RESP=2
19902212	42	STIM=o
19905497	42	RESP=1
19917223	42	STIM=1
19922459	42	RESP=1
19934368	42	STIM=a
19938650	42	RESP=1
19949433	42	STIM=u
19953552	42	RESP=1
19966844	42	STIM=g
19973351	42	RESP=1
19983857	42	STIM=6
19988509	42	RESP=2
20001286	42	STIM=a
20007719	42	RESP=1
20017759	42	STIM=n
20022317	42	RESP=1
20036165	42	STIM=a
20040175	42	RESP=1
20053255	42	STIM=l
20059123	42	RESP=1
20068619	42	STIM=l
20073499	42	RESP=1
20084177	42	STIM=q
20090800	42	RESP=1
20101376	42	STIM=a
20105625	42	RESP=1
20117907	42	STIM=5
20122540	42	RESP=2
20136370	42	STIM=e
20139810	42	RESP=1
20151868	42	STIM=v
20155930	42	RESP=1
20169911	42	STIM=8
20175849	42	RESP=2
20185754	42	STIM=2
20192097	42	RESP=2
20200795	42	STIM=y
20205924	42	RESP=1
20217028	42	STIM=1
20220806	42	RESP=2
20235650	42	STIM=f
20241278	42	RESP=1
20253223	42	STIM=q
20256716	42	RESP=1
20270809	42	STIM=g
20275943	42	RESP=2
20287247	42	STIM=w
20292485	42	RESP=1
20305468	42	STIM=k
20311222	42	RESP=2
20321188	42	STIM=0
20328411	42	RESP=2
20339763	42	STIM=q
20344129	42	RESP=1
20357517	42	STIM=t
20361226	42	RESP=1
20374333	42	STIM=e
20376920	42	RESP=1
20390388	42	STIM=e
20394804	42	RESP=1
20407580	42	STIM=z
20413012	42	RESP=1
20424809	42	STIM=i
20430596	42	RESP=1
20441661	42	STIM=t
20445304	42	RESP=1
20459661	42	STIM=k
20464715	42	RESP=1
20476259	42	STIM=d
20478882	42	RESP=1
20493516	42	STIM=s
20498710	42	RESP=1
20509036	42	STIM=r
20512815	42	RESP=1
20525628	42	STIM=s
20530597	42	RESP=1
20541098	42	STIM=3
20545855	42	RESP=2
20556244	42	STIM=w
20561191	42	RESP=1
20571976	42	STIM=v
20575455	42	RESP=1
20590433	42	STIM=8
20594949	42	RESP=2
20607238	42	STIM=e
20610829	42	RESP=1
20625495	42	STIM=n
20630562	42	RESP=1
20643721	42	STIM=2
20649622	42	RESP=1
20659370	42	STIM=l
20662703	42	RESP=1
20676826	42	STIM=9
20683246	42	RESP=2
20694474	42	STIM=v
20698217	42	RESP=1
20709966	42	STIM=x
20713952	42	RESP=1
20726834	42	STIM=d
20731005	42	RESP=1
20745713	42	STIM=i
20748478	42	RESP=1
20763064	42	STIM=x
20766639	42	RESP=1
20778165	42	STIM=c
20784523	42	RESP=1
20794621	42	STIM=m
20798377	42	RESP=1
20810893	42	STIM=j
20815093	42	RESP=1
20829662	42	STIM=7
20833156	42	RESP=2
20848533	42	STIM=q
20853606	42	RESP=1
20865240	42	STIM=v
20875926	42	RESP=1
20880824	42	STIM=e
20884298	42	RESP=1
20897777	42	STIM=p
20901164	42	RESP=1
20916700	42	STIM=t
20919987	42	RESP=1
20931787	42	STIM=p
20939898	42	RESP=1
20949824	42	STIM=x
20954686	42	RESP=1
20965732	42	STIM=j
20973591	42	RESP=1
20983141	42	STIM=3
20988972	42	RESP=2
20999041	42	STIM=x
21003442	42	RESP=1
21016341	42	STIM=p
21024090	42	RESP=1
21034586	42	STIM=0
21039470	42	RESP=2
21050757	42	STIM=z
21054919	42	RESP=1
21067671	42	STIM=h
21072902	42	RESP=1
21084015	42	STIM=8
21088231	42	RESP=2
21102750	42	STIM=g
21106193	42	RESP=1
21118962	42	STIM=x
21122307	42	RESP=1
21137227	42	STIM=7
21141493	42	RESP=2
21154929	42	STIM=8
21164013	42	RESP=2
21172941	42	STIM=j
21176398	42	RESP=1
21190883	42	STIM=c
21194538	42	RESP=1
21208871	42	STIM=v
21212709	42	RESP=1
21226361	42	STIM=m
21229953	42	RESP=1
21242917	42	STIM=y
21247504	42	RESP=1
21258554	42	STIM=9
21262296	42	RESP=2
21275043	42	STIM=y
21279152	42	RESP=1
21293763	42	STIM=u
21300323	42	RESP=1
21310940	42	STIM=5
21319437	42	RESP=2
21327565	42	STIM=8
21331747	42	RESP=2
21343662	42	STIM=2
21350427	42	RESP=2
21361742	42	STIM=f
21369024	42	RESP=1
21377921	42	STIM=m
21382011	42	RESP=1
21396738	42	STIM=w
21402138	42	RESP=1
21412000	42	STIM=w
21415021	42	RESP=1
21430098	42	STIM=g
21433858	42	RESP=1
21448157	42	STIM=l
21452330	42	RESP=1
21464093	42	STIM=v
21470418	42	RESP=1
21479101	42	STIM=x
21484236	42	RESP=1
21496478	42	STIM=s
21502295	42	RESP=1
21514481	42	STIM=8
21520676	42	RESP=2
21532376	42	STIM=p
21537984	42	RESP=1
21550957	42	STIM=x
21553814	42	RESP=1
21568881	42	STIM=s
21572061	42	RESP=1
21585178	42	STIM=e
21592925	42	RESP=1
21604101	42	STIM=2
21608546	42	RESP=2
21620101	42	STIM=f
21625366	42	RESP=1
21638299	42	STIM=6
21642899	42	RESP=2
21653902	42	STIM=1
21659472	42	RESP=2
21669323	42	STIM=z
21672187	42	RESP=1
21686543	42	STIM=1
21692354	42	RESP=2
21702348	42	STIM=v
21708152	42	RESP=1
21718440	42	STIM=h
21725181	42	RESP=1
21734136	42	STIM=5
21738523	42	RESP=2
21749816	42	STIM=f
21754988	42	RESP=1
21768256	42	STIM=d
21772194	42	RESP=1
