# Original filename: 0052_CAQ_2016-11-30.log
# Time unit: 100 us
# RARECAT=digit
#
# Time	HHGG	Event
36554	42	STIM=l
47552	42	RESP=1
55218	42	STIM=2
61655	42	RESP=2
71654	42	STIM=j
76323	42	RESP=1
88445	42	STIM=u
96870	42	RESP=2
103763	42	STIM=r
106552	42	RESP=1
118768	42	STIM=z
124534	42	RESP=1
137720	42	STIM=z
146068	42	RESP=1
156137	42	STIM=v
160917	42	RESP=1
174989	42	STIM=t
180175	42	RESP=1
192774	42	STIM=m
197225	42	RESP=1
210800	42	STIM=q
213918	42	RESP=1
228093	42	STIM=e
233713	42	RESP=1
246500	42	STIM=g
254594	42	RESP=1
265404	42	STIM=t
270549	42	RESP=1
281289	42	STIM=4
287749	42	RESP=1
296595	42	STIM=4
302642	42	RESP=1
315337	42	STIM=5
323711	42	RESP=2
331711	42	STIM=k
336747	42	RESP=2
348328	42	STIM=l
352714	42	RESP=1
363683	42	STIM=c
367372	42	RESP=2
382362	42	STIM=1
391187	42	RESP=2
400687	42	STIM=h
405918	42	RESP=1
416478	42	STIM=x
423309	42	RESP=1
432650	42	STIM=f
437548	42	RESP=2
448177	42	STIM=j
451393	42	RESP=1
466593	42	STIM=s
471577	42	RESP=1
481878	42	STIM=l
485890	42	RESP=1
498351	42	STIM=a
503349	42	RESP=1
514484	42	STIM=z
519357	42	RESP=1
531902	42	STIM=d
539832	42	RESP=1
547609	42	STIM=d
552697	42	RESP=1
565900	42	STIM=k
570408	42	RESP=1
581685	42	STIM=c
589694	42	RESP=1
596956	42	STIM=j
601659	42	RESP=1
613227	42	STIM=k
616536	42	RESP=1
631744	42	STIM=k
635163	42	RESP=1
647617	42	STIM=p
652350	42	RESP=1
665535	42	STIM=j
672877	42	RESP=1
681984	42	STIM=h
686546	42	RESP=2
698386	42	STIM=a
707112	42	RESP=1
715865	42	STIM=d
721809	42	RESP=1
733218	42	STIM=f
739071	42	RESP=1
749564	42	STIM=6
755795	42	RESP=2
768382	42	STIM=e
776369	42	RESP=1
785581	42	STIM=9
790881	42	RESP=1
802938	42	STIM=k
808179	42	RESP=1
818322	42	STIM=a
826375	42	RESP=1
833925	42	STIM=c
838257	42	RESP=1
849016	42	STIM=q
853512	42	RESP=1
868008	42	STIM=e
875142	42	RESP=1
884090	42	STIM=r
888625	42	RESP=1
899184	42	STIM=h
906622	42	RESP=1
918128	42	STIM=8
927318	42	RESP=2
936280	42	STIM=m
942575	42	RESP=1
951676	42	STIM=m
953992	42	RESP=1
970189	42	STIM=4
977971	42	RESP=2
985898	42	STIM=g
995303	42	RESP=1
1003166	42	STIM=3
1007862	42	RESP=2
1020207	42	STIM=c
1025608	42	RESP=1
1035260	42	STIM=5
1039903	42	RESP=2
1054029	42	STIM=2
1061612	42	RESP=2
1071276	42	STIM=f
1078885	42	RESP=1
1087568	42	STIM=j
1096259	42	RESP=1
1103859	42	STIM=j
1109923	42	RESP=1
1119791	42	STIM=y
1128673	42	RESP=1
1135129	42	STIM=d
1141162	42	RESP=1
1153400	42	STIM=g
1158613	42	RESP=1
1169684	42	STIM=b
1174729	42	RESP=1
1188463	42	STIM=d
1197452	42	RESP=1
1204645	42	STIM=k
1210096	42	RESP=1
1222154	42	STIM=f
1226200	42	RESP=1
1240578	42	STIM=w
1244079	42	RESP=1
1258761	42	STIM=y
1265477	42	RESP=1
1273935	42	STIM=r
1280324	42	RESP=1
1289795	42	STIM=g
1296093	42	RESP=1
1307541	42	STIM=x
1314664	42	RESP=1
1324104	42	STIM=d
1328135	42	RESP=1
1342001	42	STIM=e
1351155	42	RESP=1
1358156	42	STIM=q
1363436	42	RESP=1
1375958	42	STIM=a
1384110	42	RESP=1
1391696	42	STIM=v
1394267	42	RESP=1
1407738	42	STIM=o
1411671	42	RESP=1
1425204	42	STIM=9
1430545	42	RESP=1
1442619	42	STIM=e
1451469	42	RESP=1
1459448	42	STIM=9
1466153	42	RESP=2
1474525	42	STIM=s
1478741	42	RESP=1
1490106	42	STIM=6
1495102	42	RESP=2
1508822	42	STIM=d
1513603	42	RESP=1
1527428	42	STIM=m
1531515	42	RESP=1
1544435	42	STIM=t
1549332	42	RESP=1
1562068	42	STIM=x
1568227	42	RESP=1
1578425	42	STIM=a
1581061	42	RESP=1
1596845	42	STIM=h
1601255	42	RESP=1
1613830	42	STIM=i
1616939	42	RESP=1
1632687	42	STIM=z
1635525	42	RESP=1
1648804	42	STIM=l
1653423	42	RESP=1
1666600	42	STIM=6
1680239	42	RESP=2
1683158	42	STIM=u
1687691	42	RESP=1
1701771	42	STIM=u
1706815	42	RESP=1
1717709	42	STIM=c
1720631	42	RESP=1
1734972	42	STIM=b
1738094	42	RESP=1
1751641	42	STIM=v
1757457	42	RESP=1
1769216	42	STIM=z
1773247	42	RESP=1
1786183	42	STIM=y
1791595	42	RESP=1
1802243	42	STIM=o
1807866	42	RESP=1
1819595	42	STIM=i
1828182	42	RESP=1
1837064	42	STIM=e
1845642	42	RESP=1
1854435	42	STIM=m
1860838	42	RESP=2
1872420	42	STIM=z
1878335	42	RESP=1
1890884	42	STIM=g
1896126	42	RESP=1
1906208	42	STIM=e
1911873	42	RESP=1
1924282	42	STIM=h
1927332	42	RESP=1
1939672	42	STIM=3
1946375	42	RESP=2
1956486	42	STIM=m
1959788	42	RESP=1
1973219	42	STIM=e
1978926	42	RESP=1
1990245	42	STIM=n
1993698	42	RESP=1
2006292	42	STIM=7
2013656	42	RESP=1
2022467	42	STIM=o
2027490	42	RESP=1
2040786	42	STIM=8
2045970	42	RESP=2
2057435	42	STIM=a
2062001	42	RESP=1
2075299	42	STIM=v
2081763	42	RESP=1
2093155	42	STIM=s
2097788	42	RESP=1
2110596	42	STIM=d
2114647	42	RESP=1
2127650	42	STIM=n
2133063	42	RESP=1
2142780	42	STIM=c
2148955	42	RESP=1
2159167	42	STIM=x
2161924	42	RESP=1
2176163	42	STIM=3
2181834	42	RESP=2
2193459	42	STIM=3
2200300	42	RESP=2
2211855	42	STIM=m
2215019	42	RESP=1
2229203	42	STIM=e
2234224	42	RESP=1
2246990	42	STIM=a
2250849	42	RESP=1
2262894	42	STIM=k
2269642	42	RESP=1
2281339	42	STIM=2
2286538	42	RESP=2
2298262	42	STIM=p
2310088	42	RESP=1
2315331	42	STIM=w
2319469	42	RESP=1
2334210	42	STIM=w
2339684	42	RESP=2
2350011	42	STIM=i
2352877	42	RESP=1
2366229	42	STIM=n
2371001	42	RESP=1
2383700	42	STIM=h
2390429	42	RESP=1
2400744	42	STIM=j
2407089	42	RESP=1
2418375	42	STIM=w
2422198	42	RESP=1
2435590	42	STIM=d
2443624	42	RESP=1
2454213	42	STIM=k
2463543	42	RESP=1
2471016	42	STIM=o
2475333	42	RESP=1
2486369	42	STIM=c
2491452	42	RESP=1
2502869	42	STIM=3
2507210	42	RESP=2
2521846	42	STIM=x
2526244	42	RESP=1
2538791	42	STIM=1
2544755	42	RESP=2
2555105	42	STIM=t
2560550	42	RESP=1
2570400	42	STIM=i
2575575	42	RESP=1
2587626	42	STIM=j
2592859	42	RESP=1
2605981	42	STIM=5
2610560	42	RESP=2
2621830	42	STIM=m
2627786	42	RESP=1
2637749	42	STIM=j
2641371	42	RESP=1
2654194	42	STIM=a
2663479	42	RESP=1
2670032	42	STIM=o
2674042	42	RESP=1
2685472	42	STIM=5
2695195	42	RESP=2
2702905	42	STIM=i
2708150	42	RESP=2
2721205	42	STIM=u
2724593	42	RESP=1
2738046	42	STIM=u
2743818	42	RESP=1
2754731	42	STIM=1
2766327	42	RESP=2
2772544	42	STIM=g
2780903	42	RESP=1
2789562	42	STIM=p
2794951	42	RESP=2
2805323	42	STIM=e
2808861	42	RESP=1
2821130	42	STIM=s
2829411	42	RESP=1
2838485	42	STIM=2
2842794	42	RESP=2
2855156	42	STIM=s
2859607	42	RESP=2
2873050	42	STIM=4
2879385	42	RESP=2
2888306	42	STIM=9
2899186	42	RESP=2
2903357	42	STIM=d
2909580	42	RESP=1
2918679	42	STIM=p
2922917	42	RESP=1
2937671	42	STIM=q
2942869	42	RESP=1
2953995	42	STIM=f
2957565	42	RESP=1
2969442	42	STIM=9
2973748	42	RESP=1
2986671	42	STIM=r
2991366	42	RESP=2
3005478	42	STIM=y
3011779	42	RESP=1
3022628	42	STIM=x
3026554	42	RESP=1
3038570	42	STIM=3
3043536	42	RESP=1
3056830	42	STIM=6
3062082	42	RESP=2
3072276	42	STIM=1
3076620	42	RESP=2
3090507	42	STIM=x
3096567	42	RESP=2
3106241	42	STIM=i
3110548	42	RESP=1
3124169	42	STIM=f
3127810	42	RESP=1
3143097	42	STIM=u
3147241	42	RESP=1
3160615	42	STIM=p
3164870	42	RESP=1
3176722	42	STIM=q
3184924	42	RESP=1
3195125	42	STIM=t
3199336	42	RESP=2
3210181	42	STIM=q
3214765	42	RESP=1
3225777	42	STIM=g
3232952	42	RESP=1
3242783	42	STIM=y
3255443	42	RESP=1
3260694	42	STIM=5
3267444	42	RESP=2
3277206	42	STIM=s
3282166	42	RESP=1
3292635	42	STIM=t
3302103	42	RESP=1
3310195	42	STIM=5
3322265	42	RESP=2
3327568	42	STIM=0
3332131	42	RESP=2
3343461	42	STIM=e
3350307	42	RESP=1
3361851	42	STIM=4
3366500	42	RESP=2
3377181	42	STIM=k
3381666	42	RESP=1
3392939	42	STIM=c
3397458	42	RESP=1
3408939	42	STIM=e
3419470	42	RESP=1
3426551	42	STIM=s
3430676	42	RESP=1
3442056	42	STIM=h
3446092	42	RESP=1
3460381	42	STIM=n
3467188	42	RESP=1
3478368	42	STIM=f
3481473	42	RESP=1
3495155	42	STIM=4
3500542	42	RESP=2
3511070	42	STIM=m
3514870	42	RESP=1
3527643	42	STIM=a
3536298	42	RESP=1
3543632	42	STIM=k
3547131	42	RESP=1
3560080	42	STIM=7
3563674	42	RESP=2
3576370	42	STIM=c
3584701	42	RESP=1
3592198	42	STIM=4
3600762	42	RESP=2
3610457	42	STIM=6
3619910	42	RESP=2
3627286	42	STIM=8
3634065	42	RESP=2
3642867	42	STIM=k
3647193	42	RESP=1
3660402	42	STIM=d
3664503	42	RESP=1
3675951	42	STIM=p
3682132	42	RESP=1
3691037	42	STIM=d
3696883	42	RESP=1
3709151	42	STIM=b
3714170	42	RESP=1
3726915	42	STIM=h
3732315	42	RESP=1
3741954	42	STIM=l
3746054	42	RESP=1
3758631	42	STIM=q
3764764	42	RESP=1
3775451	42	STIM=t
3781906	42	RESP=1
3794293	42	STIM=1
3801027	42	RESP=2
3810751	42	STIM=l
3823242	42	RESP=1
3827178	42	STIM=d
3831324	42	RESP=1
3844554	42	STIM=f
3849120	42	RESP=1
3863290	42	STIM=5
3868847	42	RESP=2
3881039	42	STIM=g
3886179	42	RESP=1
3896631	42	STIM=a
3900381	42	RESP=1
3915431	42	STIM=k
3922587	42	RESP=1
3931860	42	STIM=r
3937058	42	RESP=1
3947186	42	STIM=g
3951536	42	RESP=1
3964874	42	STIM=o
3971311	42	RESP=1
3982673	42	STIM=s
3988767	42	RESP=1
3999153	42	STIM=x
4002695	42	RESP=1
4014318	42	STIM=2
4018715	42	RESP=1
4031589	42	STIM=p
4037396	42	RESP=1
4047126	42	STIM=k
4053757	42	RESP=1
4063055	42	STIM=a
4066472	42	RESP=1
4078211	42	STIM=z
4082379	42	RESP=1
4094485	42	STIM=k
4101973	42	RESP=1
4110025	42	STIM=l
4116447	42	RESP=1
4127726	42	STIM=8
4135595	42	RESP=2
4145163	42	STIM=p
4149186	42	RESP=2
4160276	42	STIM=2
4168450	42	RESP=2
4177503	42	STIM=q
4181674	42	RESP=1
4193471	42	STIM=x
4198720	42	RESP=1
4209069	42	STIM=p
4218426	42	RESP=1
4227505	42	STIM=8
4232072	42	RESP=2
4245009	42	STIM=a
4249639	42	RESP=1
4262311	42	STIM=5
4269414	42	RESP=2
4279870	42	STIM=6
4285408	42	RESP=2
4296772	42	STIM=k
4299914	42	RESP=1
4315509	42	STIM=y
4318428	42	RESP=1
4332765	42	STIM=f
4337601	42	RESP=1
4349166	42	STIM=a
4356148	42	RESP=1
4367039	42	STIM=2
4374197	42	RESP=2
4383946	42	STIM=a
4390383	42	RESP=1
4399833	42	STIM=2
4408030	42	RESP=2
4415156	42	STIM=j
4421126	42	RESP=1
4433146	42	STIM=s
4438103	42	RESP=1
4449329	42	STIM=q
4453639	42	RESP=1
4467155	42	STIM=3
4474442	42	RESP=2
4484860	42	STIM=j
4492479	42	RESP=2
4500796	42	STIM=2
4509477	42	RESP=2
4516903	42	STIM=f
4524874	42	RESP=1
4534299	42	STIM=y
4542445	42	RESP=1
4551194	42	STIM=z
4555851	42	RESP=1
4567173	42	STIM=e
4575385	42	RESP=1
4583310	42	STIM=9
4592491	42	RESP=1
4599682	42	STIM=l
4604573	42	RESP=1
4617402	42	STIM=n
4622985	42	RESP=1
4634711	42	STIM=y
4640541	42	RESP=1
4651320	42	STIM=r
4657148	42	RESP=1
4669638	42	STIM=k
4675977	42	RESP=1
4688263	42	STIM=f
4692964	42	RESP=1
4704751	42	STIM=q
4712102	42	RESP=1
4723267	42	STIM=l
4733295	42	RESP=1
4740431	42	STIM=t
4749590	42	RESP=1
4756238	42	STIM=i
4760662	42	RESP=1
4771812	42	STIM=r
4776956	42	RESP=1
4789284	42	STIM=r
4793085	42	RESP=1
4807116	42	STIM=r
4812115	42	RESP=2
4825632	42	STIM=z
4831263	42	RESP=1
4840843	42	STIM=2
4847111	42	RESP=1
4857022	42	STIM=n
4865019	42	RESP=1
4874104	42	STIM=o
4882501	42	RESP=1
4889932	42	STIM=9
4898691	42	RESP=2
4906078	42	STIM=v
4911642	42	RESP=1
4923489	42	STIM=j
4930944	42	RESP=1
4939287	42	STIM=o
4943925	42	RESP=1
4957032	42	STIM=u
4966131	42	RESP=1
4972281	42	STIM=2
4978560	42	RESP=2
4988708	42	STIM=q
4994562	42	RESP=1
5003822	42	STIM=1
5009952	42	RESP=2
5020872	42	STIM=3
5025677	42	RESP=2
5037305	42	STIM=u
5041213	42	RESP=1
5054158	42	STIM=f
5059955	42	RESP=1
5069746	42	STIM=o
5072341	42	RESP=2
5085405	42	STIM=n
5090526	42	RESP=1
5103261	42	STIM=m
5107982	42	RESP=1
5119714	42	STIM=5
5126967	42	RESP=2
5135279	42	STIM=w
5139952	42	RESP=1
5153994	42	STIM=a
5157656	42	RESP=1
5171405	42	STIM=n
5176045	42	RESP=1
5189849	42	STIM=r
5194669	42	RESP=1
5207687	42	STIM=q
5212438	42	RESP=1
5226521	42	STIM=t
5231238	42	RESP=1
5244160	42	STIM=n
5251842	42	RESP=2
5262415	42	STIM=v
5265641	42	RESP=1
5278560	42	STIM=2
5283882	42	RESP=2
5296805	42	STIM=4
5308287	42	RESP=2
5315395	42	STIM=b
5322952	42	RESP=1
5330844	42	STIM=g
5336880	42	RESP=1
5346274	42	STIM=z
5354254	42	RESP=1
5362709	42	STIM=u
5369441	42	RESP=1
5380386	42	STIM=k
5387856	42	RESP=2
5395831	42	STIM=g
5400184	42	RESP=1
5412862	42	STIM=8
5423023	42	RESP=2
5431733	42	STIM=7
5438796	42	RESP=2
5446739	42	STIM=g
5450681	42	RESP=1
5462121	42	STIM=9
5468709	42	RESP=2
5478377	42	STIM=d
5481147	42	RESP=1
5494309	42	STIM=d
5500750	42	RESP=1
5509529	42	STIM=h
5515352	42	RESP=1
5526521	42	STIM=a
5531493	42	RESP=1
5545498	42	STIM=k
5552997	42	RESP=1
5561297	42	STIM=g
5571158	42	RESP=1
5579347	42	STIM=r
5585768	42	RESP=1
5594844	42	STIM=a
5600064	42	RESP=1
5611390	42	STIM=o
5616616	42	RESP=1
5630015	42	STIM=9
5641140	42	RESP=2
5648268	42	STIM=1
5653388	42	RESP=2
5666319	42	STIM=3
5671213	42	RESP=2
5684876	42	STIM=7
5689690	42	RESP=2
5703645	42	STIM=i
5708146	42	RESP=1
5720149	42	STIM=v
5725339	42	RESP=1
5736623	42	STIM=b
5743210	42	RESP=1
5754589	42	STIM=v
5761337	42	RESP=1
5773139	42	STIM=y
5779087	42	RESP=1
5791288	42	STIM=o
5795184	42	RESP=1
5807644	42	STIM=f
5818966	42	RESP=1
5825954	42	STIM=o
5832166	42	RESP=1
5841551	42	STIM=p
5847708	42	RESP=1
5860338	42	STIM=i
5866056	42	RESP=1
5875401	42	STIM=f
5881783	42	RESP=1
5890485	42	STIM=x
5899725	42	RESP=1
5908434	42	STIM=9
5915400	42	RESP=2
5923842	42	STIM=n
5928254	42	RESP=2
5942614	42	STIM=p
5945880	42	RESP=1
5957784	42	STIM=d
5966153	42	RESP=1
5975063	42	STIM=n
5981005	42	RESP=1
5994038	42	STIM=u
5998704	42	RESP=1
6010733	42	STIM=g
6016246	42	RESP=1
6029498	42	STIM=f
6035510	42	RESP=1
6047194	42	STIM=f
6050686	42	RESP=1
6065623	42	STIM=o
6072729	42	RESP=1
6084578	42	STIM=b
6093575	42	RESP=1
6102232	42	STIM=0
6106791	42	RESP=1
6118940	42	STIM=2
6125856	42	RESP=2
6135703	42	STIM=b
6143934	42	RESP=1
6153516	42	STIM=9
6157325	42	RESP=2
6172324	42	STIM=g
6178245	42	RESP=1
6190987	42	STIM=d
6194803	42	RESP=1
6206422	42	STIM=a
6210182	42	RESP=1
6224433	42	STIM=y
6228193	42	RESP=1
6242144	42	STIM=q
6248434	42	RESP=2
6258171	42	STIM=0
6262578	42	RESP=2
6274895	42	STIM=v
6279280	42	RESP=1
6290278	42	STIM=9
6296637	42	RESP=1
6308277	42	STIM=5
6312740	42	RESP=2
6325387	42	STIM=i
6332273	42	RESP=1
6342137	42	STIM=d
6351674	42	RESP=1
6358656	42	STIM=6
6364914	42	RESP=2
6374768	42	STIM=5
6382250	42	RESP=2
6389859	42	STIM=7
6395574	42	RESP=2
6404960	42	STIM=5
6413969	42	RESP=2
6419999	42	STIM=o
6426045	42	RESP=1
6436616	42	STIM=3
6445751	42	RESP=2
6454372	42	STIM=z
6459039	42	RESP=1
6470008	42	STIM=i
6478478	42	RESP=1
6488160	42	STIM=l
6494136	42	RESP=1
6506986	42	STIM=z
6510323	42	RESP=1
6524009	42	STIM=u
6527089	42	RESP=1
6539836	42	STIM=v
6542980	42	RESP=1
6556827	42	STIM=z
6563130	42	RESP=1
6572941	42	STIM=k
6576401	42	RESP=1
6591406	42	STIM=k
6597793	42	RESP=1
6607039	42	STIM=n
6611573	42	RESP=1
6623339	42	STIM=j
6626925	42	RESP=1
6641912	42	STIM=p
6647124	42	RESP=1
6657443	42	STIM=h
6660775	42	RESP=1
6672541	42	STIM=1
6676999	42	RESP=2
6690139	42	STIM=3
6697463	42	RESP=1
6707872	42	STIM=d
6715216	42	RESP=1
6724675	42	STIM=f
6728521	42	RESP=1
6740675	42	STIM=r
6747520	42	RESP=1
6757345	42	STIM=y
6761911	42	RESP=1
6773574	42	STIM=z
6779496	42	RESP=1
6790016	42	STIM=c
6794820	42	RESP=1
6807066	42	STIM=o
6817258	42	RESP=1
6824868	42	STIM=v
6829421	42	RESP=1
6843563	42	STIM=e
6849288	42	RESP=1
6858575	42	STIM=h
6863366	42	RESP=1
6873835	42	STIM=l
6878995	42	RESP=1
6889694	42	STIM=c
6894249	42	RESP=1
6905097	42	STIM=k
6916991	42	RESP=1
6921595	42	STIM=g
6930340	42	RESP=1
6938356	42	STIM=9
6943537	42	RESP=2
6957351	42	STIM=v
6961292	42	RESP=1
6972787	42	STIM=5
6976914	42	RESP=2
6990013	42	STIM=t
6997370	42	RESP=1
7005327	42	STIM=m
7015752	42	RESP=1
7022944	42	STIM=c
7027691	42	RESP=1
7039621	42	STIM=n
7045533	42	RESP=1
7056584	42	STIM=c
7059256	42	RESP=1
7073684	42	STIM=s
7078355	42	RESP=2
7091608	42	STIM=x
7095639	42	RESP=1
7107118	42	STIM=s
7114741	42	RESP=1
7125445	42	STIM=a
7132696	42	RESP=1
7142971	42	STIM=y
7150471	42	RESP=1
7161704	42	STIM=h
7166481	42	RESP=1
7179700	42	STIM=e
7182989	42	RESP=1
7195723	42	STIM=b
7200763	42	RESP=1
7211577	42	STIM=u
7218827	42	RESP=1
7228800	42	STIM=d
7237551	42	RESP=1
7244724	42	STIM=b
7252769	42	RESP=1
7263642	42	STIM=m
7267495	42	RESP=1
7280318	42	STIM=q
7286309	42	RESP=1
7299031	42	STIM=y
7303408	42	RESP=2
7317130	42	STIM=j
7325301	42	RESP=1
7335486	42	STIM=f
7339127	42	RESP=1
7350995	42	STIM=h
7354650	42	RESP=1
7368223	42	STIM=6
7374189	42	RESP=1
7387156	42	STIM=3
7396439	42	RESP=2
7403904	42	STIM=4
7410501	42	RESP=2
7420124	42	STIM=r
7426042	42	RESP=1
7438043	42	STIM=6
7444390	42	RESP=2
7454131	42	STIM=p
7457713	42	RESP=1
7471243	42	STIM=m
7476695	42	RESP=1
7486840	42	STIM=w
7491645	42	RESP=1
7504837	42	STIM=1
7513382	42	RESP=2
7521120	42	STIM=5
7528928	42	RESP=1
7538791	42	STIM=7
7550057	42	RESP=2
7555689	42	STIM=j
7562041	42	RESP=1
7573004	42	STIM=o
7577558	42	RESP=1
7591194	42	STIM=e
7597755	42	RESP=1
7606692	42	STIM=n
7612600	42	RESP=1
7623080	42	STIM=h
7627235	42	RESP=1
7638393	42	STIM=f
7643183	42	RESP=1
7654766	42	STIM=o
7659860	42	RESP=1
7670381	42	STIM=0
7676458	42	RESP=1
7688755	42	STIM=h
7698077	42	RESP=1
7705178	42	STIM=2
7714720	42	RESP=2
7723259	42	STIM=m
7726496	42	RESP=1
7741542	42	STIM=k
7746836	42	RESP=1
7757772	42	STIM=a
7762087	42	RESP=1
7775113	42	STIM=8
7779609	42	RESP=2
7790600	42	STIM=4
7795227	42	RESP=2
7807663	42	STIM=x
7812884	42	RESP=1
7825877	42	STIM=x
7829840	42	RESP=1
7843657	42	STIM=w
7848821	42	RESP=1
7858680	42	STIM=m
7866131	42	RESP=1
7876171	42	STIM=o
7881635	42	RESP=1
7895051	42	STIM=y
7900841	42	RESP=1
7914021	42	STIM=m
7922109	42	RESP=1
7932607	42	STIM=u
7940849	42	RESP=1
7949444	42	STIM=l
7956679	42	RESP=1
7967197	42	STIM=x
7971976	42	RESP=1
7985055	42	STIM=6
7990858	42	RESP=1
8001663	42	STIM=s
8008747	42	RESP=1
8017100	42	STIM=w
8023359	42	RESP=1
8036027	42	STIM=x
8044801	42	RESP=1
8054191	42	STIM=c
8057884	42	RESP=1
8069341	42	STIM=d
8077324	42	RESP=1
8086032	42	STIM=a
8094587	42	RESP=1
8101896	42	STIM=o
8108076	42	RESP=1
8119251	42	STIM=b
8123979	42	RESP=1
8136643	42	STIM=w
8145715	42	RESP=1
8155346	42	STIM=u
8160409	42	RESP=1
8170629	42	STIM=o
8174941	42	RESP=1
8186644	42	STIM=h
8196424	42	RESP=1
8202537	42	STIM=5
8214737	42	RESP=1
8217835	42	STIM=z
8220897	42	RESP=1
8236245	42	STIM=e
8241452	42	RESP=1
8252172	42	STIM=v
8255691	42	RESP=1
8267374	42	STIM=w
8271189	42	RESP=1
8284387	42	STIM=9
8292739	42	RESP=2
8302648	42	STIM=s
8306894	42	RESP=1
8317655	42	STIM=z
8321290	42	RESP=1
8335757	42	STIM=i
8343312	42	RESP=1
8352094	42	STIM=f
8360345	42	RESP=1
8368702	42	STIM=t
8376128	42	RESP=1
8384751	42	STIM=7
8388432	42	RESP=2
8399770	42	STIM=6
8404324	42	RESP=2
8417684	42	STIM=r
8422301	42	RESP=1
8434645	42	STIM=4
8439390	42	RESP=2
8449661	42	STIM=d
8460508	42	RESP=1
8467392	42	STIM=l
8471734	42	RESP=1
8485059	42	STIM=d
8493589	42	RESP=1
8500219	42	STIM=p
8509244	42	RESP=1
8515494	42	STIM=v
8521645	42	RESP=1
8530766	42	STIM=y
8540900	42	RESP=1
8548052	42	STIM=t
8554260	42	RESP=1
8564921	42	STIM=y
8569692	42	RESP=1
8583581	42	STIM=u
8593239	42	RESP=1
8599481	42	STIM=4
8604153	42	RESP=2
8618294	42	STIM=e
8622468	42	RESP=2
8633777	42	STIM=n
8638892	42	RESP=1
8651309	42	STIM=f
8658255	42	RESP=1
8669507	42	STIM=d
8676553	42	RESP=1
8687993	42	STIM=v
8692193	42	RESP=1
8705019	42	STIM=7
8711175	42	RESP=2
8722194	42	STIM=k
8730522	42	RESP=1
8740005	42	STIM=j
8746054	42	RESP=1
8757030	42	STIM=q
8761974	42	RESP=1
8772043	42	STIM=3
8778905	42	RESP=2
8789125	42	STIM=d
8796388	42	RESP=1
8805870	42	STIM=m
8809473	42	RESP=1
8822226	42	STIM=e
8825900	42	RESP=1
8837255	42	STIM=k
8848647	42	RESP=2
8854914	42	STIM=q
8862309	42	RESP=1
8870923	42	STIM=e
8877937	42	RESP=1
8886602	42	STIM=u
8892455	42	RESP=1
8903506	42	STIM=w
8910058	42	RESP=1
8921402	42	STIM=j
8927223	42	RESP=1
8939422	42	STIM=9
8945899	42	RESP=1
8955957	42	STIM=f
8959614	42	RESP=1
8972387	42	STIM=g
8983005	42	RESP=1
8990461	42	STIM=i
8995786	42	RESP=1
9009411	42	STIM=w
9013299	42	RESP=1
9026790	42	STIM=j
9033116	42	RESP=1
9045323	42	STIM=s
9050582	42	RESP=1
9062002	42	STIM=l
9068119	42	RESP=1
9079324	42	STIM=f
9083911	42	RESP=1
9098261	42	STIM=y
9106361	42	RESP=1
9115966	42	STIM=0
9121309	42	RESP=2
9131211	42	STIM=x
9138849	42	RESP=1
9148582	42	STIM=s
9152435	42	RESP=1
9166212	42	STIM=k
9169046	42	RESP=1
9181612	42	STIM=e
9188655	42	RESP=1
9196631	42	STIM=k
9203414	42	RESP=1
9213879	42	STIM=4
9221388	42	RESP=2
9230544	42	STIM=a
9236662	42	RESP=1
9248517	42	STIM=u
9251506	42	RESP=1
9266951	42	STIM=a
9270327	42	RESP=1
9283475	42	STIM=m
9286655	42	RESP=1
9301331	42	STIM=b
9304556	42	RESP=1
9319112	42	STIM=2
9327284	42	RESP=2
9334867	42	STIM=9
9340738	42	RESP=2
9350547	42	STIM=3
9356691	42	RESP=2
9367103	42	STIM=u
9370363	42	RESP=1
9385665	42	STIM=c
9392491	42	RESP=1
9401760	42	STIM=y
9408812	42	RESP=1
9419435	42	STIM=x
9425627	42	RESP=1
9435767	42	STIM=o
9439519	42	RESP=1
9453771	42	STIM=s
9458142	42	RESP=1
9470952	42	STIM=l
9474265	42	RESP=2
9488707	42	STIM=p
9494469	42	RESP=1
9503844	42	STIM=o
9506984	42	RESP=2
9522697	42	STIM=8
9527032	42	RESP=2
9540123	42	STIM=n
9544943	42	RESP=1
9557352	42	STIM=5
9565423	42	RESP=2
9573366	42	STIM=m
9578245	42	RESP=1
9591643	42	STIM=n
9597363	42	RESP=1
9608341	42	STIM=t
9617280	42	RESP=1
9624690	42	STIM=x
9627902	42	RESP=2
9642994	42	STIM=d
9647323	42	RESP=1
9658800	42	STIM=r
9663950	42	RESP=1
9674315	42	STIM=u
9683795	42	RESP=1
9691866	42	STIM=o
9698266	42	RESP=1
9709877	42	STIM=b
9715310	42	RESP=1
9728858	42	STIM=0
9736455	42	RESP=2
9746493	42	STIM=5
9752598	42	RESP=2
9763555	42	STIM=h
9769414	42	RESP=1
9782095	42	STIM=a
9788565	42	RESP=2
9798474	42	STIM=e
9802519	42	RESP=1
9817410	42	STIM=h
9822696	42	RESP=1
9835520	42	STIM=e
9840417	42	RESP=1
9853749	42	STIM=d
9858079	42	RESP=1
9871311	42	STIM=u
9874837	42	RESP=1
9886778	42	STIM=p
9889414	42	RESP=1
9903342	42	STIM=4
9910967	42	RESP=2
9922019	42	STIM=f
9927121	42	RESP=1
9940130	42	STIM=t
9944731	42	RESP=1
9957266	42	STIM=w
9961391	42	RESP=1
9974429	42	STIM=k
9981329	42	RESP=1
9992504	42	STIM=k
10001557	42	RESP=2
10008945	42	STIM=l
10014060	42	RESP=1
10025368	42	STIM=c
10033137	42	RESP=1
10041483	42	STIM=8
10049079	42	RESP=2
10059430	42	STIM=t
10062616	42	RESP=1
10077450	42	STIM=p
10084994	42	RESP=1
10095395	42	STIM=l
10099582	42	RESP=1
10110397	42	STIM=n
10115614	42	RESP=1
10128455	42	STIM=6
10134392	42	RESP=2
10146469	42	STIM=z
10152109	42	RESP=2
10162922	42	STIM=s
10167377	42	RESP=1
10178874	42	STIM=q
10188346	42	RESP=1
10195437	42	STIM=j
10200646	42	RESP=1
10214269	42	STIM=t
10218353	42	RESP=1
10232299	42	STIM=7
10240924	42	RESP=1
10248023	42	STIM=h
10253638	42	RESP=1
10265616	42	STIM=j
10269613	42	RESP=1
10283071	42	STIM=i
10288403	42	RESP=1
10300907	42	STIM=v
10304649	42	RESP=1
10316270	42	STIM=p
10319238	42	RESP=1
10332055	42	STIM=x
10337501	42	RESP=1
10348148	42	STIM=t
10354690	42	RESP=1
10365819	42	STIM=4
10370071	42	RESP=2
10383490	42	STIM=n
10388196	42	RESP=1
10400004	42	STIM=f
10408295	42	RESP=1
10415838	42	STIM=q
10421255	42	RESP=1
10433788	42	STIM=n
10443165	42	RESP=1
10449869	42	STIM=z
10453525	42	RESP=1
10468542	42	STIM=m
10473668	42	RESP=1
10484506	42	STIM=8
10493724	42	RESP=1
10500965	42	STIM=h
10505596	42	RESP=1
10519834	42	STIM=8
10524515	42	RESP=2
10537149	42	STIM=5
10543526	42	RESP=2
10556048	42	STIM=t
10559826	42	RESP=1
10572125	42	STIM=y
10575408	42	RESP=1
10589186	42	STIM=e
10594312	42	RESP=1
10605582	42	STIM=w
10608724	42	RESP=1
10622566	42	STIM=g
10633512	42	RESP=1
10639338	42	STIM=h
10648263	42	RESP=1
10656828	42	STIM=6
10662166	42	RESP=2
10674671	42	STIM=q
10681779	42	RESP=1
10690310	42	STIM=k
10699819	42	RESP=1
10707017	42	STIM=b
10710221	42	RESP=1
10725995	42	STIM=k
10735602	42	RESP=1
10741998	42	STIM=a
10746326	42	RESP=1
10758617	42	STIM=7
10768303	42	RESP=2
10774113	42	STIM=b
10779664	42	RESP=1
10790202	42	STIM=r
10796132	42	RESP=1
10806324	42	STIM=l
10811536	42	RESP=1
10823381	42	STIM=s
10828864	42	RESP=1
10840547	42	STIM=z
10846181	42	RESP=1
10859350	42	STIM=w
10864567	42	RESP=1
10877503	42	STIM=1
10885172	42	RESP=2
10894372	42	STIM=c
10899144	42	RESP=1
10910184	42	STIM=d
10915670	42	RESP=1
10928378	42	STIM=1
10933255	42	RESP=2
10947138	42	STIM=2
10952135	42	RESP=2
10962165	42	STIM=n
10966564	42	RESP=2
10979213	42	STIM=j
10986466	42	RESP=1
10994419	42	STIM=q
11000620	42	RESP=2
11011443	42	STIM=y
11016110	42	RESP=1
11027239	42	STIM=q
11030137	42	RESP=1
11045271	42	STIM=h
11051936	42	RESP=1
11062292	42	STIM=t
11066102	42	RESP=1
11079897	42	STIM=b
11086214	42	RESP=1
11095517	42	STIM=d
11098452	42	RESP=1
11113890	42	STIM=z
11116777	42	RESP=1
11129572	42	STIM=y
11133895	42	RESP=1
11148036	42	STIM=s
11152011	42	RESP=1
11163763	42	STIM=r
11175513	42	RESP=1
11179896	42	STIM=a
11182815	42	RESP=1
11195335	42	STIM=7
11201082	42	RESP=1
11211578	42	STIM=j
11216686	42	RESP=1
11228663	42	STIM=a
11233932	42	RESP=1
11244971	42	STIM=b
11249815	42	RESP=1
11260232	42	STIM=8
11272506	42	RESP=2
11277365	42	STIM=g
11283441	42	RESP=1
11292767	42	STIM=x
11296164	42	RESP=1
11309050	42	STIM=e
11317979	42	RESP=1
11325779	42	STIM=0
11332948	42	RESP=2
11344559	42	STIM=3
11351622	42	RESP=2
11362038	42	STIM=q
11366127	42	RESP=1
11377381	42	STIM=i
11381329	42	RESP=1
11395592	42	STIM=1
11405872	42	RESP=2
11411285	42	STIM=q
11417191	42	RESP=1
11427030	42	STIM=u
11433751	42	RESP=1
11444459	42	STIM=o
11448190	42	RESP=1
11463093	42	STIM=b
11467990	42	RESP=1
11479267	42	STIM=a
11496978	42	RESP=1
11497078	42	STIM=s
11500539	42	RESP=1
11512653	42	STIM=a
11519832	42	RESP=1
11530191	42	STIM=1
11538077	42	RESP=2
11548543	42	STIM=o
11552857	42	RESP=1
11564428	42	STIM=o
11569173	42	RESP=1
11582493	42	STIM=h
11588024	42	RESP=1
11599477	42	STIM=p
11602345	42	RESP=1
11614993	42	STIM=c
11619298	42	RESP=1
11631506	42	STIM=t
11640952	42	RESP=1
11648617	42	STIM=d
11657810	42	RESP=1
11666055	42	STIM=a
11673680	42	RESP=1
11681330	42	STIM=w
11691353	42	RESP=1
11699092	42	STIM=u
11705520	42	RESP=1
11717050	42	STIM=3
11724395	42	RESP=2
11732758	42	STIM=3
11738391	42	RESP=1
11750576	42	STIM=w
11755286	42	RESP=1
11766766	42	STIM=h
11769780	42	RESP=1
11783746	42	STIM=7
11793106	42	RESP=2
11802474	42	STIM=a
11808667	42	RESP=1
11819519	42	STIM=g
11824992	42	RESP=1
11835202	42	STIM=b
11840123	42	RESP=1
11851528	42	STIM=j
11855171	42	RESP=1
11868849	42	STIM=c
11874096	42	RESP=1
11885582	42	STIM=a
11890183	42	RESP=1
11902907	42	STIM=d
11907651	42	RESP=1
11919790	42	STIM=2
11924100	42	RESP=1
11936404	42	STIM=r
11941474	42	RESP=1
11953108	42	STIM=9
11959095	42	RESP=2
11970378	42	STIM=h
11975828	42	RESP=1
11987894	42	STIM=3
11995129	42	RESP=2
12004695	42	STIM=n
12008052	42	RESP=2
12021518	42	STIM=u
12027203	42	RESP=1
12037933	42	STIM=9
12046776	42	RESP=2
12055876	42	STIM=x
12065141	42	RESP=1
12073194	42	STIM=r
12078105	42	RESP=1
12090895	42	STIM=e
12094954	42	RESP=1
12108134	42	STIM=w
12113268	42	RESP=1
12124551	42	STIM=i
12128638	42	RESP=1
12140828	42	STIM=9
12146895	42	RESP=2
12155954	42	STIM=o
12161220	42	RESP=1
12171365	42	STIM=y
12176240	42	RESP=2
12187859	42	STIM=t
12192679	42	RESP=1
12204364	42	STIM=q
12207273	42	RESP=1
12221869	42	STIM=r
12226020	42	RESP=2
12236976	42	STIM=s
12245124	42	RESP=2
12254566	42	STIM=o
12266146	42	RESP=1
12272579	42	STIM=c
12276384	42	RESP=1
12288848	42	STIM=9
12299171	42	RESP=2
12305830	42	STIM=2
12314057	42	RESP=2
12323170	42	STIM=n
12328212	42	RESP=2
12341438	42	STIM=j
12345125	42	RESP=1
12358441	42	STIM=i
12365903	42	RESP=1
12376150	42	STIM=d
12382351	42	RESP=1
12394160	42	STIM=7
12404078	42	RESP=1
12410913	42	STIM=t
12418851	42	RESP=1
12426546	42	STIM=2
12431703	42	RESP=1
12443819	42	STIM=y
12450937	42	RESP=1
12460050	42	STIM=5
12467156	42	RESP=2
12477622	42	STIM=z
12484440	42	RESP=1
12495212	42	STIM=x
12501479	42	RESP=1
12512157	42	STIM=y
12516257	42	RESP=1
12529091	42	STIM=t
12539220	42	RESP=2
12547628	42	STIM=w
12550921	42	RESP=1
12564792	42	STIM=w
12572826	42	RESP=1
12582005	42	STIM=5
12588632	42	RESP=2
12597688	42	STIM=z
12604055	42	RESP=1
12615530	42	STIM=e
12622900	42	RESP=1
12631947	42	STIM=t
12636047	42	RESP=1
12650880	42	STIM=t
12665265	42	RESP=1
12666799	42	STIM=r
12671501	42	RESP=1
12683998	42	STIM=w
12689760	42	RESP=1
12702203	42	STIM=3
12707606	42	RESP=2
12718659	42	STIM=z
12723092	42	RESP=1
12734506	42	STIM=w
12741109	42	RESP=1
12752679	42	STIM=a
12757976	42	RESP=1
12767794	42	STIM=q
12774920	42	RESP=1
12783292	42	STIM=g
12787816	42	RESP=1
12802109	42	STIM=y
12806432	42	RESP=1
12820382	42	STIM=f
12827081	42	RESP=1
12836473	42	STIM=o
12840515	42	RESP=1
12852045	42	STIM=4
12857337	42	RESP=1
12867969	42	STIM=u
12873871	42	RESP=1
12883224	42	STIM=s
12889289	42	RESP=1
12899302	42	STIM=3
12902747	42	RESP=2
12917096	42	STIM=8
12921778	42	RESP=2
12932521	42	STIM=g
12937955	42	RESP=1
12948564	42	STIM=x
12952533	42	RESP=1
12965776	42	STIM=9
12971674	42	RESP=2
12983850	42	STIM=i
12990694	42	RESP=1
13000700	42	STIM=9
13006976	42	RESP=1
13017703	42	STIM=4
13022846	42	RESP=2
13033374	42	STIM=7
13043282	42	RESP=2
13051027	42	STIM=c
13057285	42	RESP=1
13069854	42	STIM=4
13075545	42	RESP=2
13086864	42	STIM=h
13092625	42	RESP=1
13102511	42	STIM=b
13106520	42	RESP=1
13120698	42	STIM=r
13125939	42	RESP=1
13138067	42	STIM=c
13145034	42	RESP=2
13153558	42	STIM=3
13158994	42	RESP=2
13169991	42	STIM=0
13174555	42	RESP=2
13186764	42	STIM=u
13189350	42	RESP=1
13202163	42	STIM=f
13205794	42	RESP=1
13218662	42	STIM=g
13224348	42	RESP=1
13237429	42	STIM=i
13241387	42	RESP=1
13252565	42	STIM=a
13258814	42	RESP=1
13268142	42	STIM=z
13272245	42	RESP=1
13283635	42	STIM=q
13289820	42	RESP=1
13299527	42	STIM=6
13307656	42	RESP=2
13315041	42	STIM=w
13323402	42	RESP=1
13333871	42	STIM=e
13339201	42	RESP=1
13349501	42	STIM=y
13353309	42	RESP=1
13367299	42	STIM=m
13372578	42	RESP=1
13384223	42	STIM=n
13387742	42	RESP=1
13401048	42	STIM=g
13404464	42	RESP=1
13418078	42	STIM=4
13430342	42	RESP=2
13433268	42	STIM=p
13439308	42	RESP=2
13448498	42	STIM=u
13457122	42	RESP=1
13464281	42	STIM=u
13469705	42	RESP=1
13481159	42	STIM=k
13486945	42	RESP=1
13499854	42	STIM=z
13504640	42	RESP=1
13516393	42	STIM=0
13520399	42	RESP=2
13533207	42	STIM=1
13538555	42	RESP=1
13551334	42	STIM=y
13558063	42	RESP=1
13567343	42	STIM=m
13572199	42	RESP=1
13582525	42	STIM=6
13590873	42	RESP=2
13600737	42	STIM=x
13604559	42	RESP=1
13615754	42	STIM=7
13622514	42	RESP=2
13633672	42	STIM=7
13639543	42	RESP=2
13649290	42	STIM=s
13655288	42	RESP=1
13665708	42	STIM=r
13671797	42	RESP=1
13683679	42	STIM=q
13689653	42	RESP=1
13699010	42	STIM=h
13702469	42	RESP=1
13715647	42	STIM=c
13719804	42	RESP=1
13733805	42	STIM=3
13740171	42	RESP=2
13750577	42	STIM=q
13758234	42	RESP=1
13765899	42	STIM=2
13774255	42	RESP=2
13781042	42	STIM=n
13784504	42	RESP=1
13798866	42	STIM=z
13805477	42	RESP=1
13816112	42	STIM=9
13821414	42	RESP=2
13833468	42	STIM=l
13838604	42	RESP=1
13849057	42	STIM=n
13855101	42	RESP=1
13865327	42	STIM=y
13869979	42	RESP=1
13881181	42	STIM=b
13887083	42	RESP=1
13899432	42	STIM=f
13905821	42	RESP=1
13916117	42	STIM=e
13919036	42	RESP=1
13931306	42	STIM=z
13935722	42	RESP=1
13949646	42	STIM=f
13955940	42	RESP=1
13967709	42	STIM=h
13973415	42	RESP=1
13986452	42	STIM=k
13993037	42	RESP=1
14003657	42	STIM=l
14011542	42	RESP=1
14018850	42	STIM=f
14023238	42	RESP=1
14036842	42	STIM=p
14042536	42	RESP=1
14053119	42	STIM=o
14056088	42	RESP=1
14071262	42	STIM=7
14079036	42	RESP=2
14087946	42	STIM=9
14099057	42	RESP=2
14104288	42	STIM=b
14113969	42	RESP=1
14122768	42	STIM=d
14128843	42	RESP=1
14139874	42	STIM=u
14143394	42	RESP=1
14156415	42	STIM=p
14159940	42	RESP=1
14173519	42	STIM=t
14176880	42	RESP=1
14189509	42	STIM=1
14195820	42	RESP=2
14205805	42	STIM=m
14211675	42	RESP=1
14222320	42	STIM=p
14229444	42	RESP=1
14238836	42	STIM=b
14241851	42	RESP=1
14254182	42	STIM=4
14259368	42	RESP=2
14269934	42	STIM=b
14275498	42	RESP=1
14288920	42	STIM=m
14294862	42	RESP=1
14304026	42	STIM=7
14314913	42	RESP=2
14319657	42	STIM=u
14323784	42	RESP=1
14337621	42	STIM=r
14345414	42	RESP=1
14353776	42	STIM=z
14358814	42	RESP=2
14369922	42	STIM=8
14377951	42	RESP=1
14385848	42	STIM=5
14391826	42	RESP=2
14404003	42	STIM=3
14411584	42	RESP=2
14421650	42	STIM=2
14427814	42	RESP=2
14437347	42	STIM=p
14444796	42	RESP=2
14456319	42	STIM=j
14461731	42	RESP=1
14474753	42	STIM=s
14479402	42	RESP=1
14492437	42	STIM=f
14501063	42	RESP=1
14509812	42	STIM=o
14514209	42	RESP=1
14526092	42	STIM=z
14530975	42	RESP=1
14542127	42	STIM=g
14547687	42	RESP=1
14558098	42	STIM=a
14565821	42	RESP=1
14573697	42	STIM=2
14578034	42	RESP=2
14589803	42	STIM=2
14595181	42	RESP=2
14606870	42	STIM=k
14610625	42	RESP=1
14622995	42	STIM=x
14631392	42	RESP=1
14641953	42	STIM=g
14648450	42	RESP=1
14660664	42	STIM=m
14668368	42	RESP=1
14675779	42	STIM=1
14680901	42	RESP=1
14694172	42	STIM=u
14701896	42	RESP=1
14710603	42	STIM=v
14713320	42	RESP=1
14728812	42	STIM=a
14736989	42	RESP=1
14746500	42	STIM=v
14750485	42	RESP=1
14765431	42	STIM=f
14770415	42	RESP=1
14783322	42	STIM=p
14789585	42	RESP=1
14801974	42	STIM=5
14806714	42	RESP=2
14817390	42	STIM=5
14823002	42	RESP=2
14833089	42	STIM=6
14844055	42	RESP=2
14851817	42	STIM=q
14859103	42	RESP=1
14867204	42	STIM=x
14871452	42	RESP=2
14883622	42	STIM=t
14888568	42	RESP=1
14901289	42	STIM=c
14904954	42	RESP=1
14917089	42	STIM=1
14921405	42	RESP=2
14932498	42	STIM=e
14936563	42	RESP=1
14950814	42	STIM=j
14954467	42	RESP=1
14969449	42	STIM=p
14975735	42	RESP=2
14986145	42	STIM=7
14991676	42	RESP=1
15002141	42	STIM=f
15010036	42	RESP=1
15018912	42	STIM=b
15022329	42	RESP=1
15037061	42	STIM=j
15041447	42	RESP=1
15055070	42	STIM=f
15060969	42	RESP=1
15070940	42	STIM=f
15077454	42	RESP=2
15086469	42	STIM=o
15091164	42	RESP=1
15104048	42	STIM=n
15110514	42	RESP=1
15122771	42	STIM=g
15129980	42	RESP=1
15140726	42	STIM=b
15150913	42	RESP=1
15158066	42	STIM=n
15163236	42	RESP=2
15174133	42	STIM=0
15180693	42	RESP=2
15192469	42	STIM=r
15197268	42	RESP=1
15207974	42	STIM=b
15214510	42	RESP=1
15226937	42	STIM=q
15231931	42	RESP=1
15242355	42	STIM=s
15246681	42	RESP=1
15258095	42	STIM=p
15262183	42	RESP=1
15274652	42	STIM=6
15281711	42	RESP=2
15289986	42	STIM=m
15299983	42	RESP=1
15305023	42	STIM=x
15308457	42	RESP=1
15321244	42	STIM=g
15324505	42	RESP=1
15337047	42	STIM=y
15342976	42	RESP=1
15355939	42	STIM=5
15361641	42	RESP=2
15373121	42	STIM=z
15383291	42	RESP=1
15389895	42	STIM=z
15395907	42	RESP=1
15407564	42	STIM=v
15414852	42	RESP=1
15423246	42	STIM=g
15427102	42	RESP=1
15439231	42	STIM=u
15449716	42	RESP=1
15454326	42	STIM=n
15459504	42	RESP=1
15470701	42	STIM=g
15475251	42	RESP=1
15487147	42	STIM=b
15490342	42	RESP=1
15502438	42	STIM=y
15516257	42	RESP=1
15519519	42	STIM=m
15524201	42	RESP=1
15536309	42	STIM=1
15543242	42	RESP=1
15553311	42	STIM=3
15562276	42	RESP=2
15569526	42	STIM=a
15574843	42	RESP=1
15588049	42	STIM=0
15592560	42	RESP=2
15603579	42	STIM=w
15610176	42	RESP=1
15622342	42	STIM=t
15626423	42	RESP=1
15641044	42	STIM=d
15645127	42	RESP=1
15656307	42	STIM=w
15662598	42	RESP=1
15674726	42	STIM=b
15679138	42	RESP=1
15691621	42	STIM=c
15696463	42	RESP=1
15709552	42	STIM=h
15715244	42	RESP=1
15725838	42	STIM=1
15733906	42	RESP=2
15743880	42	STIM=l
15747323	42	RESP=1
15759842	42	STIM=t
15767668	42	RESP=1
15775280	42	STIM=z
15783832	42	RESP=1
15792099	42	STIM=b
15797106	42	RESP=1
15810025	42	STIM=z
15815749	42	RESP=1
15825936	42	STIM=7
15832032	42	RESP=2
15843789	42	STIM=n
15847388	42	RESP=1
15860758	42	STIM=k
15864219	42	RESP=1
15879224	42	STIM=f
15889076	42	RESP=1
15895160	42	STIM=g
15899525	42	RESP=1
15911795	42	STIM=t
15921525	42	RESP=1
15927801	42	STIM=9
15934622	42	RESP=2
15945922	42	STIM=i
15951734	42	RESP=1
15960955	42	STIM=j
15971668	42	RESP=1
15979845	42	STIM=z
15983777	42	RESP=1
15996956	42	STIM=o
16002453	42	RESP=1
16013586	42	STIM=r
16019897	42	RESP=1
16031425	42	STIM=q
16037411	42	RESP=1
16046506	42	STIM=m
16054474	42	RESP=1
16063977	42	STIM=r
16070486	42	RESP=1
16082862	42	STIM=3
16088862	42	RESP=2
16099314	42	STIM=i
16104728	42	RESP=1
16117813	42	STIM=b
16125182	42	RESP=1
16135060	42	STIM=3
16140920	42	RESP=2
16150775	42	STIM=w
16155377	42	RESP=1
16168146	42	STIM=k
16177778	42	RESP=1
16185849	42	STIM=b
16192104	42	RESP=1
16202017	42	STIM=w
16205053	42	RESP=1
16220269	42	STIM=o
16224780	42	RESP=1
16238667	42	STIM=i
16242281	42	RESP=1
16253922	42	STIM=4
16263064	42	RESP=2
16272534	42	STIM=w
16276945	42	RESP=1
16288884	42	STIM=j
16291845	42	RESP=1
16307873	42	STIM=y
16313111	42	RESP=1
16323582	42	STIM=l
16330286	42	RESP=1
16340135	42	STIM=c
16344049	42	RESP=1
16355856	42	STIM=e
16362209	42	RESP=1
16372670	42	STIM=x
16382792	42	RESP=1
16389065	42	STIM=7
16395363	42	RESP=2
16404906	42	STIM=b
16410234	42	RESP=1
16420083	42	STIM=r
16425944	42	RESP=1
16435955	42	STIM=d
16442323	42	RESP=1
16452790	42	STIM=6
16462839	42	RESP=2
16469680	42	STIM=m
16475896	42	RESP=1
16486479	42	STIM=j
16490421	42	RESP=1
16502382	42	STIM=6
16506630	42	RESP=2
16520571	42	STIM=e
16527734	42	RESP=1
16537827	42	STIM=w
16544043	42	RESP=1
16553364	42	STIM=m
16559685	42	RESP=1
16571916	42	STIM=g
16577472	42	RESP=1
16588887	42	STIM=0
16593110	42	RESP=2
16604781	42	STIM=6
16623202	42	RESP=2
16623302	42	STIM=j
16630846	42	RESP=1
16639446	42	STIM=b
16644968	42	RESP=1
16655205	42	STIM=l
16659651	42	RESP=1
16670786	42	STIM=c
16679487	42	RESP=1
16689463	42	STIM=u
16696881	42	RESP=2
16707932	42	STIM=z
16711448	42	RESP=1
16726109	42	STIM=r
16734532	42	RESP=1
16742734	42	STIM=o
16747718	42	RESP=1
16758839	42	STIM=l
16763445	42	RESP=1
16775762	42	STIM=o
16781188	42	RESP=1
16794206	42	STIM=d
16799935	42	RESP=1
16811091	42	STIM=g
16816450	42	RESP=1
16826340	42	STIM=k
16830353	42	RESP=1
16843172	42	STIM=c
16849336	42	RESP=1
16861282	42	STIM=j
16867821	42	RESP=1
16878070	42	STIM=d
16894598	42	RESP=1
16894698	42	STIM=t
16900697	42	RESP=1
16913108	42	STIM=n
16918801	42	RESP=1
16931199	42	STIM=5
16936149	42	RESP=1
16947904	42	STIM=e
16952794	42	RESP=1
16965935	42	STIM=s
16970998	42	RESP=1
16982581	42	STIM=r
16988797	42	RESP=1
17000567	42	STIM=u
17005699	42	RESP=2
17017354	42	STIM=w
17022610	42	RESP=1
17033224	42	STIM=r
17038144	42	RESP=1
17048604	42	STIM=p
17052910	42	RESP=1
17067483	42	STIM=2
17072871	42	RESP=1
17086476	42	STIM=r
17091766	42	RESP=1
17105405	42	STIM=l
17109976	42	RESP=1
17121050	42	STIM=0
17128832	42	RESP=2
17139967	42	STIM=c
17145606	42	RESP=1
17156963	42	STIM=e
17166181	42	RESP=1
17175029	42	STIM=0
17179002	42	RESP=2
17193325	42	STIM=a
17201486	42	RESP=1
17211669	42	STIM=i
17216892	42	RESP=1
17229902	42	STIM=u
17235480	42	RESP=1
17247608	42	STIM=m
17252103	42	RESP=1
17263428	42	STIM=r
17267571	42	RESP=1
17279112	42	STIM=5
17285913	42	RESP=2
17297395	42	STIM=4
17304531	42	RESP=1
17314404	42	STIM=n
17321099	42	RESP=1
17331900	42	STIM=5
17340977	42	RESP=2
17350896	42	STIM=m
17358230	42	RESP=1
17367391	42	STIM=e
17371971	42	RESP=1
17384397	42	STIM=z
17387536	42	RESP=1
17403193	42	STIM=i
17414117	42	RESP=1
17421439	42	STIM=f
17425567	42	RESP=1
17439544	42	STIM=b
17447577	42	RESP=1
17456243	42	STIM=g
17461364	42	RESP=1
17472077	42	STIM=i
17475379	42	RESP=1
17489616	42	STIM=g
17494315	42	RESP=2
17504776	42	STIM=d
17510664	42	RESP=1
17520297	42	STIM=s
17526714	42	RESP=1
17535369	42	STIM=x
17544552	42	RESP=1
17554026	42	STIM=i
17558520	42	RESP=1
17571015	42	STIM=j
17577813	42	RESP=1
17587530	42	STIM=m
17591755	42	RESP=1
17603175	42	STIM=m
17610162	42	RESP=1
17619327	42	STIM=x
17626865	42	RESP=1
17634424	42	STIM=1
17640986	42	RESP=2
17651481	42	STIM=s
17658369	42	RESP=2
17668832	42	STIM=r
17675503	42	RESP=1
17685898	42	STIM=k
17690705	42	RESP=1
17702272	42	STIM=5
17715072	42	RESP=2
17719022	42	STIM=a
17722532	42	RESP=2
17735020	42	STIM=v
17741822	42	RESP=1
17752405	42	STIM=z
17757906	42	RESP=1
17770325	42	STIM=u
17774682	42	RESP=1
17786852	42	STIM=g
17792757	42	RESP=1
17805161	42	STIM=d
17810064	42	RESP=1
17823143	42	STIM=q
17827181	42	RESP=1
17841248	42	STIM=a
17844610	42	RESP=1
17856927	42	STIM=a
17861262	42	RESP=1
17872921	42	STIM=g
17877507	42	RESP=1
17891435	42	STIM=b
17898386	42	RESP=1
17909095	42	STIM=k
17912789	42	RESP=1
17926164	42	STIM=f
17930117	42	RESP=1
17941310	42	STIM=7
17947919	42	RESP=2
17957529	42	STIM=v
17963327	42	RESP=1
17976330	42	STIM=x
17981760	42	RESP=1
17991850	42	STIM=l
17998471	42	RESP=1
18007948	42	STIM=a
18018249	42	RESP=1
18023779	42	STIM=k
18028008	42	RESP=1
18041914	42	STIM=8
18050348	42	RESP=2
18058195	42	STIM=y
18066755	42	RESP=1
18073398	42	STIM=s
18080836	42	RESP=1
18088659	42	STIM=3
18095027	42	RESP=2
18106181	42	STIM=e
18109342	42	RESP=1
18121573	42	STIM=4
18126354	42	RESP=2
18137787	42	STIM=a
18143647	42	RESP=1
18156094	42	STIM=u
18160545	42	RESP=1
18173666	42	STIM=0
18181871	42	RESP=2
18190181	42	STIM=p
18194429	42	RESP=1
18205693	42	STIM=t
18209126	42	RESP=1
18224583	42	STIM=v
18229111	42	RESP=1
18242470	42	STIM=p
18249686	42	RESP=1
18258395	42	STIM=2
18264261	42	RESP=2
18276425	42	STIM=j
18280706	42	RESP=1
18291822	42	STIM=z
18299530	42	RESP=2
18306860	42	STIM=0
18313818	42	RESP=2
18324596	42	STIM=f
18329410	42	RESP=1
18341644	42	STIM=5
18347748	42	RESP=2
18360536	42	STIM=j
18364623	42	RESP=1
18378862	42	STIM=n
18384533	42	RESP=1
18394182	42	STIM=3
18401652	42	RESP=2
18410184	42	STIM=5
18416429	42	RESP=1
18429136	42	STIM=m
18432126	42	RESP=1
18446484	42	STIM=u
18450813	42	RESP=1
18464806	42	STIM=g
18471686	42	RESP=1
18482437	42	STIM=r
18490108	42	RESP=1
18501110	42	STIM=g
18507040	42	RESP=1
18518643	42	STIM=s
18523822	42	RESP=1
18533797	42	STIM=r
18537236	42	RESP=1
18548946	42	STIM=g
18556482	42	RESP=1
18564353	42	STIM=p
18568862	42	RESP=1
18580027	42	STIM=a
18586671	42	RESP=1
18598333	42	STIM=o
18603191	42	RESP=1
18615233	42	STIM=n
18623813	42	RESP=1
18633125	42	STIM=p
18636398	42	RESP=1
18649932	42	STIM=2
18656708	42	RESP=2
18666378	42	STIM=4
18675690	42	RESP=2
18683899	42	STIM=m
18688279	42	RESP=2
18699685	42	STIM=f
18705753	42	RESP=1
18716887	42	STIM=i
18724765	42	RESP=1
18732823	42	STIM=j
18738143	42	RESP=1
18750925	42	STIM=l
18758932	42	RESP=1
18767034	42	STIM=w
18776868	42	RESP=1
18785794	42	STIM=t
18790005	42	RESP=1
18803867	42	STIM=b
18807753	42	RESP=1
18821925	42	STIM=f
18830963	42	RESP=1
18837578	42	STIM=o
18843851	42	RESP=1
18854471	42	STIM=7
18862973	42	RESP=2
18869601	42	STIM=p
18873495	42	RESP=1
18885420	42	STIM=2
18890156	42	RESP=2
18901063	42	STIM=g
18906996	42	RESP=1
18919974	42	STIM=f
18924898	42	RESP=1
18938260	42	STIM=0
18941895	42	RESP=1
18955486	42	STIM=1
18961541	42	RESP=1
18971641	42	STIM=w
18980933	42	RESP=1
18988371	42	STIM=p
18994860	42	RESP=1
19004304	42	STIM=l
19013017	42	RESP=1
19021081	42	STIM=p
19025979	42	RESP=1
19039196	42	STIM=q
19047631	42	RESP=1
19056336	42	STIM=7
19062606	42	RESP=2
19074361	42	STIM=e
19091896	42	RESP=1
19091996	42	STIM=f
19095704	42	RESP=1
19107622	42	STIM=f
19114837	42	RESP=1
19122995	42	STIM=n
19133497	42	RESP=1
19138533	42	STIM=4
19146718	42	RESP=2
19156779	42	STIM=d
19160277	42	RESP=1
19173954	42	STIM=o
19180962	42	RESP=1
19191341	42	STIM=y
19197802	42	RESP=1
19206660	42	STIM=k
19210420	42	RESP=1
19222496	42	STIM=0
19226879	42	RESP=2
19240583	42	STIM=e
19245582	42	RESP=1
19256616	42	STIM=g
19261895	42	RESP=1
19272216	42	STIM=t
19277915	42	RESP=1
19287980	42	STIM=2
19292259	42	RESP=2
19306775	42	STIM=1
19316141	42	RESP=2
19324693	42	STIM=o
19338182	42	RESP=1
19342194	42	STIM=f
19353292	42	RESP=1
19358474	42	STIM=w
19361716	42	RESP=1
19373577	42	STIM=o
19378278	42	RESP=1
19389325	42	STIM=7
19398092	42	RESP=2
19406133	42	STIM=z
19410398	42	RESP=1
19423412	42	STIM=y
19426637	42	RESP=1
19441488	42	STIM=d
19445681	42	RESP=1
19458541	42	STIM=n
19464977	42	RESP=1
19475956	42	STIM=k
19478824	42	RESP=1
19494112	42	STIM=h
19503871	42	RESP=1
19510636	42	STIM=h
19518292	42	RESP=1
19527183	42	STIM=o
19531445	42	RESP=1
19542673	42	STIM=o
19548072	42	RESP=2
19560768	42	STIM=y
19565516	42	RESP=2
19576527	42	STIM=y
19583908	42	RESP=2
19594613	42	STIM=f
19599966	42	RESP=1
19610479	42	STIM=q
19621935	42	RESP=1
19628565	42	STIM=u
19635367	42	RESP=1
19645995	42	STIM=1
19655821	42	RESP=2
19661086	42	STIM=d
19669146	42	RESP=1
19676806	42	STIM=j
19683077	42	RESP=1
19692953	42	STIM=s
19700011	42	RESP=1
19709191	42	STIM=3
19716581	42	RESP=2
19725596	42	STIM=g
19735047	42	RESP=1
19743463	42	STIM=s
19751870	42	RESP=2
19760489	42	STIM=c
19764176	42	RESP=1
19778563	42	STIM=2
19785439	42	RESP=2
19793729	42	STIM=p
19798803	42	RESP=1
19808926	42	STIM=j
19811788	42	RESP=1
19827093	42	STIM=g
19831973	42	RESP=1
19845327	42	STIM=f
19849200	42	RESP=1
19864125	42	STIM=r
19872593	42	RESP=1
19880920	42	STIM=9
19886418	42	RESP=2
19896676	42	STIM=n
19904368	42	RESP=1
19912259	42	STIM=g
19916716	42	RESP=1
19930562	42	STIM=0
19938797	42	RESP=1
19947142	42	STIM=3
19952206	42	RESP=2
19962961	42	STIM=v
19969011	42	RESP=1
19981942	42	STIM=e
19991531	42	RESP=1
19999708	42	STIM=d
20002352	42	RESP=2
20017477	42	STIM=o
20024282	42	RESP=1
20034469	42	STIM=v
20040560	42	RESP=2
20052776	42	STIM=9
20061083	42	RESP=1
20067978	42	STIM=e
20077007	42	RESP=1
20083805	42	STIM=h
20089399	42	RESP=1
20101472	42	STIM=c
20105737	42	RESP=1
20118482	42	STIM=k
20128781	42	RESP=1
20136696	42	STIM=b
20142706	42	RESP=1
20153441	42	STIM=0
20158574	42	RESP=2
20171106	42	STIM=i
20176695	42	RESP=1
20188514	42	STIM=4
20194812	42	RESP=2
20203688	42	STIM=y
20211199	42	RESP=1
20220615	42	STIM=s
20225929	42	RESP=1
20238785	42	STIM=a
20242700	42	RESP=1
20256218	42	STIM=c
20262133	42	RESP=1
20275045	42	STIM=4
20283491	42	RESP=2
20291029	42	STIM=u
20298142	42	RESP=1
20307405	42	STIM=w
20313513	42	RESP=1
20324580	42	STIM=x
20328162	42	RESP=1
20341970	42	STIM=m
20346479	42	RESP=1
20357532	42	STIM=d
20361879	42	RESP=1
20375656	42	STIM=j
20381261	42	RESP=1
20393981	42	STIM=c
20399152	42	RESP=1
20412645	42	STIM=s
20417447	42	RESP=1
20428738	42	STIM=i
20433249	42	RESP=1
20446692	42	STIM=p
20452631	42	RESP=1
20465035	42	STIM=l
20469440	42	RESP=1
20483040	42	STIM=e
20489501	42	RESP=1
20501700	42	STIM=q
20509028	42	RESP=1
20517482	42	STIM=1
20523958	42	RESP=2
20534278	42	STIM=p
20541542	42	RESP=1
20550263	42	STIM=x
20553791	42	RESP=1
20568625	42	STIM=n
20572013	42	RESP=1
20583743	42	STIM=e
20593304	42	RESP=1
20601728	42	STIM=l
20610939	42	RESP=1
20618303	42	STIM=z
20623786	42	RESP=1
20637067	42	STIM=l
20644737	42	RESP=1
20653201	42	STIM=u
20657019	42	RESP=1
20670223	42	STIM=k
20685776	42	RESP=1
20688769	42	STIM=5
20694044	42	RESP=2
20705637	42	STIM=z
20711878	42	RESP=1
20723770	42	STIM=q
20728608	42	RESP=1
20739439	42	STIM=b
20745369	42	RESP=1
20757057	42	STIM=n
20764560	42	RESP=1
20775060	42	STIM=q
20780079	42	RESP=1
20791140	42	STIM=b
20794459	42	RESP=2
20809502	42	STIM=g
20814676	42	RESP=1
20827271	42	STIM=b
20831711	42	RESP=1
20845670	42	STIM=j
20849845	42	RESP=1
20861098	42	STIM=l
20864564	42	RESP=1
20879482	42	STIM=y
20886864	42	RESP=1
20895982	42	STIM=8
20902932	42	RESP=2
20913316	42	STIM=i
20919640	42	RESP=1
20928916	42	STIM=l
20936971	42	RESP=1
20944676	42	STIM=9
20951941	42	RESP=1
20960863	42	STIM=r
20965929	42	RESP=2
20977219	42	STIM=f
20981931	42	RESP=1
20992730	42	STIM=5
20997786	42	RESP=1
21008625	42	STIM=y
21014609	42	RESP=1
21027147	42	STIM=q
21032110	42	RESP=1
21043002	42	STIM=z
21050538	42	RESP=1
21061083	42	STIM=1
21067042	42	RESP=2
21078275	42	STIM=g
21087588	42	RESP=1
21093991	42	STIM=k
21100231	42	RESP=1
21111164	42	STIM=d
21114952	42	RESP=1
21127083	42	STIM=j
21135462	42	RESP=1
21142731	42	STIM=o
21150377	42	RESP=1
21160290	42	STIM=i
21168881	42	RESP=1
21175294	42	STIM=s
21182063	42	RESP=1
21191161	42	STIM=g
21195196	42	RESP=1
21207211	42	STIM=s
21212600	42	RESP=1
21224487	42	STIM=x
21229833	42	RESP=1
21242531	42	STIM=e
21246274	42	RESP=1
21258073	42	STIM=s
21261060	42	RESP=1
21274154	42	STIM=m
21282156	42	RESP=1
21292311	42	STIM=a
21298367	42	RESP=1
21309999	42	STIM=i
21315356	42	RESP=1
21325087	42	STIM=4
21334520	42	RESP=2
21341288	42	STIM=v
21350329	42	RESP=1
21359794	42	STIM=r
21365757	42	RESP=1
21376311	42	STIM=h
21386151	42	RESP=1
21393076	42	STIM=e
21396840	42	RESP=1
21410371	42	STIM=x
21414623	42	RESP=1
21425435	42	STIM=q
21430160	42	RESP=1
21441595	42	STIM=h
21447127	42	RESP=1
21459865	42	STIM=s
21464708	42	RESP=1
21476909	42	STIM=m
21480377	42	RESP=1
21494909	42	STIM=l
21503316	42	RESP=1
21512892	42	STIM=6
21520939	42	RESP=2
21529340	42	STIM=l
21536236	42	RESP=1
21546800	42	STIM=u
21552486	42	RESP=2
21565446	42	STIM=w
21571490	42	RESP=1
21583591	42	STIM=q
21589554	42	RESP=1
21599156	42	STIM=h
21605601	42	RESP=1
21617888	42	STIM=9
21622800	42	RESP=2
21636512	42	STIM=7
21647556	42	RESP=2
21652526	42	STIM=r
21661047	42	RESP=1
21669574	42	STIM=f
21673395	42	RESP=1
21686696	42	STIM=f
21690943	42	RESP=1
21703897	42	STIM=q
21708654	42	RESP=1
