# Original filename: 0053_BOP_2017-05-26.log
# Time unit: 100 us
# RARECAT=digit
#
# Time	HHGG	Event
35794	42	STIM=z
39354	42	RESP=1
51323	42	STIM=m
55664	42	RESP=1
68412	42	STIM=b
74515	42	RESP=1
87254	42	STIM=s
95472	42	RESP=1
104242	42	STIM=e
109165	42	RESP=1
119631	42	STIM=w
127120	42	RESP=1
136512	42	STIM=t
143778	42	RESP=2
152542	42	STIM=d
155845	42	RESP=1
168366	42	STIM=7
175942	42	RESP=2
185474	42	STIM=2
191951	42	RESP=2
201933	42	STIM=d
209445	42	RESP=1
217715	42	STIM=l
221923	42	RESP=1
235860	42	STIM=1
240133	42	RESP=2
252844	42	STIM=u
257206	42	RESP=1
270619	42	STIM=r
280293	42	RESP=1
288233	42	STIM=4
293903	42	RESP=2
304176	42	STIM=4
309576	42	RESP=1
319451	42	STIM=c
324160	42	RESP=1
338043	42	STIM=p
342342	42	RESP=1
353787	42	STIM=1
363545	42	RESP=2
372026	42	STIM=1
377297	42	RESP=2
388324	42	STIM=n
394053	42	RESP=2
405695	42	STIM=g
409488	42	RESP=1
421557	42	STIM=9
427043	42	RESP=2
438742	42	STIM=9
444544	42	RESP=2
454906	42	STIM=x
458496	42	RESP=1
470188	42	STIM=j
478521	42	RESP=1
488752	42	STIM=g
493539	42	RESP=1
507571	42	STIM=g
510877	42	RESP=1
523264	42	STIM=z
528440	42	RESP=1
541113	42	STIM=v
548994	42	RESP=1
559491	42	STIM=1
564826	42	RESP=2
577439	42	STIM=r
583695	42	RESP=1
593177	42	STIM=5
604083	42	RESP=2
612055	42	STIM=v
617206	42	RESP=1
627155	42	STIM=y
633135	42	RESP=1
645216	42	STIM=l
649492	42	RESP=1
661066	42	STIM=g
664141	42	RESP=1
676628	42	STIM=8
682537	42	RESP=2
695356	42	STIM=e
704440	42	RESP=1
712391	42	STIM=d
720868	42	RESP=1
730700	42	STIM=i
738460	42	RESP=1
747222	42	STIM=3
751949	42	RESP=2
764939	42	STIM=l
769777	42	RESP=1
780330	42	STIM=f
784884	42	RESP=1
797244	42	STIM=g
801242	42	RESP=1
814529	42	STIM=u
820297	42	RESP=1
833067	42	STIM=w
841374	42	RESP=1
848473	42	STIM=8
861884	42	RESP=2
864556	42	STIM=j
872571	42	RESP=1
880473	42	STIM=6
886832	42	RESP=2
897745	42	STIM=7
904739	42	RESP=1
915587	42	STIM=p
921476	42	RESP=1
933584	42	STIM=m
939035	42	RESP=1
951484	42	STIM=0
956092	42	RESP=2
968003	42	STIM=m
972819	42	RESP=1
985217	42	STIM=7
993277	42	RESP=2
1003438	42	STIM=f
1011331	42	RESP=2
1020235	42	STIM=3
1026971	42	RESP=2
1037500	42	STIM=l
1040518	42	RESP=1
1055377	42	STIM=e
1059240	42	RESP=1
1071446	42	STIM=o
1074621	42	RESP=1
1088175	42	STIM=n
1092327	42	RESP=1
1105188	42	STIM=k
1114918	42	RESP=1
1122517	42	STIM=u
1127286	42	RESP=1
1139636	42	STIM=m
1144812	42	RESP=1
1155136	42	STIM=6
1160803	42	RESP=2
1172217	42	STIM=r
1176334	42	RESP=1
1190833	42	STIM=p
1194270	42	RESP=1
1207568	42	STIM=k
1211986	42	RESP=1
1225431	42	STIM=b
1232389	42	RESP=1
1243057	42	STIM=k
1247597	42	RESP=1
1261859	42	STIM=s
1265799	42	RESP=1
1280706	42	STIM=u
1284921	42	RESP=1
1299080	42	STIM=q
1306351	42	RESP=1
1317391	42	STIM=d
1327898	42	RESP=1
1335779	42	STIM=u
1344527	42	RESP=1
1351890	42	STIM=m
1355103	42	RESP=1
1368130	42	STIM=v
1373936	42	RESP=1
1386611	42	STIM=x
1392887	42	RESP=1
1402636	42	STIM=y
1411985	42	RESP=1
1420704	42	STIM=b
1429835	42	RESP=1
1439534	42	STIM=z
1445968	42	RESP=1
1455634	42	STIM=p
1462139	42	RESP=1
1470747	42	STIM=w
1476845	42	RESP=1
1488400	42	STIM=q
1492625	42	RESP=1
1506442	42	STIM=x
1511566	42	RESP=1
1524583	42	STIM=k
1528951	42	RESP=1
1542958	42	STIM=x
1551407	42	RESP=1
1559871	42	STIM=g
1567664	42	RESP=1
1577880	42	STIM=f
1583940	42	RESP=1
1595966	42	STIM=q
1603610	42	RESP=1
1614853	42	STIM=j
1620777	42	RESP=1
1632974	42	STIM=s
1636887	42	RESP=1
1651581	42	STIM=z
1658644	42	RESP=1
1670577	42	STIM=e
1678309	42	RESP=1
1688570	42	STIM=o
1692074	42	RESP=1
1705948	42	STIM=b
1710838	42	RESP=1
1721814	42	STIM=z
1725713	42	RESP=1
1738503	42	STIM=k
1742415	42	RESP=1
1754875	42	STIM=u
1760452	42	RESP=1
1771281	42	STIM=3
1777475	42	RESP=2
1789824	42	STIM=4
1797045	42	RESP=2
1807881	42	STIM=n
1812971	42	RESP=1
1822891	42	STIM=t
1827126	42	RESP=1
1839931	42	STIM=8
1844030	42	RESP=2
1855474	42	STIM=i
1859698	42	RESP=1
1872996	42	STIM=3
1880638	42	RESP=1
1888149	42	STIM=q
1892012	42	RESP=1
1906893	42	STIM=h
1913796	42	RESP=1
1924798	42	STIM=o
1929930	42	RESP=1
1942976	42	STIM=c
1951211	42	RESP=1
1959639	42	STIM=n
1965913	42	RESP=1
1977916	42	STIM=f
1985181	42	RESP=1
1992975	42	STIM=8
1996823	42	RESP=2
2011642	42	STIM=u
2015859	42	RESP=1
2027095	42	STIM=l
2031584	42	RESP=2
2042337	42	STIM=d
2045457	42	RESP=1
2057523	42	STIM=h
2062350	42	RESP=1
2075745	42	STIM=y
2079821	42	RESP=1
2091897	42	STIM=6
2102741	42	RESP=2
2107169	42	STIM=v
2110749	42	RESP=1
2123884	42	STIM=n
2128122	42	RESP=1
2139160	42	STIM=p
2143959	42	RESP=1
2158014	42	STIM=1
2166301	42	RESP=2
2176538	42	STIM=i
2183468	42	RESP=1
2191796	42	STIM=d
2195199	42	RESP=1
2210395	42	STIM=b
2219539	42	RESP=1
2228372	42	STIM=6
2237075	42	RESP=2
2246133	42	STIM=v
2252329	42	RESP=1
2262001	42	STIM=w
2270474	42	RESP=1
2277011	42	STIM=f
2282470	42	RESP=1
2292202	42	STIM=h
2301855	42	RESP=1
2308609	42	STIM=6
2315580	42	RESP=2
2325677	42	STIM=g
2330111	42	RESP=1
2340696	42	STIM=y
2343655	42	RESP=1
2357605	42	STIM=v
2362028	42	RESP=1
2373217	42	STIM=x
2378599	42	RESP=2
2388619	42	STIM=g
2392351	42	RESP=1
2405165	42	STIM=r
2410487	42	RESP=2
2423853	42	STIM=x
2428259	42	RESP=1
2439125	42	STIM=r
2445021	42	RESP=1
2455831	42	STIM=w
2460692	42	RESP=1
2474675	42	STIM=k
2482763	42	RESP=1
2492783	42	STIM=q
2497184	42	RESP=1
2508539	42	STIM=l
2519872	42	RESP=1
2523947	42	STIM=9
2532293	42	RESP=2
2541465	42	STIM=u
2549696	42	RESP=1
2556867	42	STIM=c
2562806	42	RESP=1
2574975	42	STIM=s
2582083	42	RESP=1
2590467	42	STIM=u
2597899	42	RESP=1
2608363	42	STIM=e
2613225	42	RESP=2
2627050	42	STIM=r
2631845	42	RESP=1
2645228	42	STIM=3
2650458	42	RESP=2
2663077	42	STIM=v
2668350	42	RESP=1
2679638	42	STIM=e
2682887	42	RESP=1
2694641	42	STIM=6
2699904	42	RESP=2
2712467	42	STIM=d
2717847	42	RESP=1
2730198	42	STIM=v
2737734	42	RESP=1
2746647	42	STIM=j
2754844	42	RESP=1
2764237	42	STIM=h
2768581	42	RESP=1
2781670	42	STIM=i
2789226	42	RESP=1
2796803	42	STIM=r
2800057	42	RESP=1
2812529	42	STIM=h
2816741	42	RESP=1
2829545	42	STIM=e
2834036	42	RESP=1
2848104	42	STIM=k
2855364	42	RESP=1
2863601	42	STIM=l
2871086	42	RESP=1
2882340	42	STIM=y
2887348	42	RESP=1
2899221	42	STIM=g
2905396	42	RESP=1
2917081	42	STIM=s
2922773	42	RESP=1
2933528	42	STIM=t
2937052	42	RESP=1
2949007	42	STIM=v
2953838	42	RESP=1
2965988	42	STIM=4
2971153	42	RESP=2
2981692	42	STIM=w
2985286	42	RESP=1
2999649	42	STIM=l
3006042	42	RESP=1
3018612	42	STIM=s
3027810	42	RESP=1
3037148	42	STIM=u
3042065	42	RESP=1
3055046	42	STIM=l
3059945	42	RESP=1
3073352	42	STIM=x
3076427	42	RESP=1
3092210	42	STIM=c
3097844	42	RESP=1
3110887	42	STIM=x
3116004	42	RESP=1
3126076	42	STIM=9
3130468	42	RESP=2
3141983	42	STIM=y
3150607	42	RESP=1
3158189	42	STIM=d
3164910	42	RESP=1
3176099	42	STIM=2
3182155	42	RESP=2
3193005	42	STIM=g
3197767	42	RESP=1
3209090	42	STIM=h
3215344	42	RESP=1
3225504	42	STIM=l
3228809	42	RESP=1
3243048	42	STIM=8
3249796	42	RESP=1
3259028	42	STIM=d
3265052	42	RESP=1
3277077	42	STIM=w
3286795	42	RESP=1
3293502	42	STIM=5
3301150	42	RESP=2
3311486	42	STIM=k
3315757	42	RESP=1
3328805	42	STIM=k
3333170	42	RESP=1
3346367	42	STIM=u
3353935	42	RESP=1
3361870	42	STIM=d
3367138	42	RESP=1
3379046	42	STIM=g
3382119	42	RESP=1
3396017	42	STIM=4
3410894	42	RESP=2
3413946	42	STIM=s
3426467	42	RESP=1
3431592	42	STIM=8
3436684	42	RESP=2
3449206	42	STIM=w
3453293	42	RESP=1
3467118	42	STIM=g
3472258	42	RESP=1
3482844	42	STIM=u
3487211	42	RESP=1
3498528	42	STIM=o
3503764	42	RESP=1
3513689	42	STIM=q
3519691	42	RESP=1
3531022	42	STIM=h
3536118	42	RESP=1
3546929	42	STIM=5
3556471	42	RESP=1
3565418	42	STIM=i
3578853	42	RESP=2
3580759	42	STIM=m
3593709	42	RESP=1
3597128	42	STIM=k
3602001	42	RESP=1
3612247	42	STIM=y
3618976	42	RESP=1
3628593	42	STIM=9
3635476	42	RESP=2
3647240	42	STIM=h
3654107	42	RESP=1
3663301	42	STIM=d
3668418	42	RESP=1
3680017	42	STIM=c
3684861	42	RESP=1
3695056	42	STIM=d
3699398	42	RESP=1
3712369	42	STIM=d
3718629	42	RESP=1
3727483	42	STIM=q
3731823	42	RESP=1
3745500	42	STIM=s
3749445	42	RESP=1
3760810	42	STIM=c
3765563	42	RESP=1
3778614	42	STIM=y
3783950	42	RESP=1
3793912	42	STIM=t
3798361	42	RESP=1
3809801	42	STIM=f
3814173	42	RESP=1
3828005	42	STIM=t
3834604	42	RESP=1
3843573	42	STIM=g
3849807	42	RESP=2
3860719	42	STIM=i
3865377	42	RESP=1
3876123	42	STIM=q
3884076	42	RESP=1
3894619	42	STIM=z
3900500	42	RESP=1
3911711	42	STIM=b
3920320	42	RESP=1
3926938	42	STIM=s
3931653	42	RESP=1
3944978	42	STIM=2
3951067	42	RESP=1
3960186	42	STIM=i
3966646	42	RESP=1
3978728	42	STIM=p
3989810	42	RESP=1
3997153	42	STIM=2
4002474	42	RESP=2
4014557	42	STIM=0
4019452	42	RESP=2
4029597	42	STIM=j
4036987	42	RESP=1
4047723	42	STIM=e
4055798	42	RESP=1
4065372	42	STIM=h
4071360	42	RESP=1
4081170	42	STIM=4
4087710	42	RESP=2
4099235	42	STIM=z
4104958	42	RESP=1
4115299	42	STIM=z
4120645	42	RESP=1
4133262	42	STIM=k
4136873	42	RESP=1
4151170	42	STIM=7
4155348	42	RESP=1
4167685	42	STIM=4
4173933	42	RESP=2
4185563	42	STIM=i
4191412	42	RESP=2
4202688	42	STIM=7
4209037	42	RESP=2
4219106	42	STIM=y
4224300	42	RESP=1
4234714	42	STIM=9
4240407	42	RESP=2
4249881	42	STIM=b
4257274	42	RESP=1
4268169	42	STIM=e
4272113	42	RESP=1
4286541	42	STIM=v
4294491	42	RESP=1
4304162	42	STIM=k
4311775	42	RESP=1
4320733	42	STIM=q
4324880	42	RESP=1
4339122	42	STIM=c
4344177	42	RESP=2
4356020	42	STIM=k
4363060	42	RESP=1
4371115	42	STIM=q
4378339	42	RESP=1
4387290	42	STIM=e
4392299	42	RESP=1
4402892	42	STIM=w
4412286	42	RESP=1
4419176	42	STIM=w
4422742	42	RESP=1
4436567	42	STIM=c
4441928	42	RESP=1
4455000	42	STIM=c
4458794	42	RESP=1
4472907	42	STIM=8
4479873	42	RESP=1
4489510	42	STIM=3
4501602	42	RESP=2
4505905	42	STIM=m
4511540	42	RESP=1
4522687	42	STIM=s
4527851	42	RESP=1
4537756	42	STIM=a
4540691	42	RESP=1
4554199	42	STIM=g
4562427	42	RESP=1
4571067	42	STIM=5
4579076	42	RESP=2
4589738	42	STIM=i
4595904	42	RESP=1
4608298	42	STIM=g
4611435	42	RESP=1
4623398	42	STIM=6
4632995	42	RESP=2
4640182	42	STIM=t
4648378	42	RESP=1
4655999	42	STIM=d
4660870	42	RESP=1
4673554	42	STIM=9
4678961	42	RESP=2
4688941	42	STIM=8
4698184	42	RESP=2
4705073	42	STIM=b
4713734	42	RESP=1
4720605	42	STIM=b
4726911	42	RESP=2
4737112	42	STIM=e
4740254	42	RESP=1
4755560	42	STIM=r
4760717	42	RESP=1
4772848	42	STIM=e
4776119	42	RESP=1
4791514	42	STIM=y
4798914	42	RESP=1
4810435	42	STIM=e
4815808	42	RESP=1
4825451	42	STIM=j
4830275	42	RESP=1
4842958	42	STIM=s
4847993	42	RESP=1
4858206	42	STIM=l
4862379	42	RESP=1
4873210	42	STIM=x
4879101	42	RESP=1
4890344	42	STIM=b
4893647	42	RESP=1
4905506	42	STIM=m
4909340	42	RESP=2
4924014	42	STIM=8
4929190	42	RESP=2
4941858	42	STIM=6
4947569	42	RESP=2
4960758	42	STIM=2
4969843	42	RESP=2
4978425	42	STIM=d
4986820	42	RESP=1
4997293	42	STIM=c
5001362	42	RESP=2
5013762	42	STIM=v
5020336	42	RESP=1
5030984	42	STIM=n
5037841	42	RESP=1
5046474	42	STIM=g
5050435	42	RESP=1
5062967	42	STIM=e
5073335	42	RESP=1
5080702	42	STIM=c
5084843	42	RESP=1
5098867	42	STIM=h
5107760	42	RESP=1
5114389	42	STIM=x
5119274	42	RESP=1
5130877	42	STIM=7
5136891	42	RESP=2
5147815	42	STIM=c
5153362	42	RESP=1
5166763	42	STIM=p
5172467	42	RESP=1
5181958	42	STIM=l
5187694	42	RESP=1
5199102	42	STIM=o
5203422	42	RESP=1
5216394	42	STIM=s
5221710	42	RESP=1
5234752	42	STIM=u
5241739	42	RESP=1
5250530	42	STIM=y
5257134	42	RESP=1
5268197	42	STIM=l
5274667	42	RESP=1
5284445	42	STIM=w
5288911	42	RESP=1
5303430	42	STIM=s
5309293	42	RESP=1
5319005	42	STIM=r
5323684	42	RESP=1
5337353	42	STIM=w
5345372	42	RESP=1
5353999	42	STIM=y
5360778	42	RESP=1
5369470	42	STIM=b
5373788	42	RESP=1
5387853	42	STIM=t
5395898	42	RESP=1
5405981	42	STIM=6
5411618	42	RESP=2
5424487	42	STIM=r
5427223	42	RESP=1
5440283	42	STIM=n
5446886	42	RESP=1
5455761	42	STIM=2
5461693	42	RESP=2
5472652	42	STIM=n
5475159	42	RESP=1
5489370	42	STIM=1
5495560	42	RESP=1
5505435	42	STIM=8
5511202	42	RESP=2
5524298	42	STIM=j
5530353	42	RESP=1
5540316	42	STIM=q
5546107	42	RESP=1
5555919	42	STIM=8
5563006	42	RESP=1
5573169	42	STIM=g
5577729	42	RESP=1
5589476	42	STIM=s
5597561	42	RESP=1
5607595	42	STIM=z
5612102	42	RESP=1
5623532	42	STIM=j
5629389	42	RESP=1
5641383	42	STIM=8
5647869	42	RESP=2
5659882	42	STIM=b
5666005	42	RESP=1
5678298	42	STIM=d
5682907	42	RESP=1
5693380	42	STIM=p
5700090	42	RESP=1
5711402	42	STIM=2
5718909	42	RESP=2
5727384	42	STIM=u
5730991	42	RESP=1
5742898	42	STIM=c
5745880	42	RESP=1
5760408	42	STIM=g
5765373	42	RESP=1
5778164	42	STIM=6
5781518	42	RESP=2
5795542	42	STIM=c
5800442	42	RESP=1
5814157	42	STIM=6
5820981	42	RESP=2
5829674	42	STIM=5
5834476	42	RESP=2
5845700	42	STIM=p
5850873	42	RESP=1
5860984	42	STIM=a
5867202	42	RESP=1
5876817	42	STIM=z
5881651	42	RESP=1
5891864	42	STIM=v
5897038	42	RESP=1
5908224	42	STIM=e
5912002	42	RESP=1
5926492	42	STIM=9
5931668	42	RESP=2
5942778	42	STIM=p
5951520	42	RESP=1
5960072	42	STIM=d
5965801	42	RESP=2
5976000	42	STIM=9
5983513	42	RESP=2
5991307	42	STIM=5
5999964	42	RESP=2
6010063	42	STIM=y
6019644	42	RESP=1
6025356	42	STIM=4
6030552	42	RESP=2
6043128	42	STIM=u
6047556	42	RESP=1
6058147	42	STIM=i
6062695	42	RESP=1
6073424	42	STIM=l
6080721	42	RESP=1
6091393	42	STIM=e
6097839	42	RESP=1
6107393	42	STIM=1
6114172	42	RESP=1
6124127	42	STIM=n
6127545	42	RESP=1
6139912	42	STIM=2
6146636	42	RESP=2
6156654	42	STIM=w
6160911	42	RESP=1
6174128	42	STIM=q
6179400	42	RESP=1
6190767	42	STIM=6
6196417	42	RESP=1
6206733	42	STIM=q
6210652	42	RESP=1
6224799	42	STIM=y
6230285	42	RESP=1
6240585	42	STIM=y
6244151	42	RESP=1
6257853	42	STIM=0
6264129	42	RESP=2
6275873	42	STIM=k
6283327	42	RESP=1
6292642	42	STIM=o
6300928	42	RESP=1
6308029	42	STIM=t
6312240	42	RESP=1
6326476	42	STIM=c
6331301	42	RESP=1
6344222	42	STIM=r
6346966	42	RESP=1
6360173	42	STIM=o
6366533	42	RESP=1
6376733	42	STIM=g
6382061	42	RESP=1
6393168	42	STIM=9
6402846	42	RESP=2
6409216	42	STIM=v
6413945	42	RESP=1
6427072	42	STIM=g
6436027	42	RESP=1
6445976	42	STIM=2
6451673	42	RESP=2
6462937	42	STIM=r
6466329	42	RESP=1
6480422	42	STIM=k
6485722	42	RESP=1
6495927	42	STIM=i
6501651	42	RESP=1
6513656	42	STIM=k
6521666	42	RESP=1
6531119	42	STIM=b
6539658	42	RESP=1
6549074	42	STIM=f
6554269	42	RESP=1
6565681	42	STIM=q
6572865	42	RESP=1
6584469	42	STIM=k
6590228	42	RESP=1
6602453	42	STIM=z
6608415	42	RESP=1
6621001	42	STIM=i
6624726	42	RESP=1
6638852	42	STIM=5
6645970	42	RESP=2
6654749	42	STIM=u
6658957	42	RESP=1
6673667	42	STIM=x
6678253	42	RESP=1
6690717	42	STIM=v
6696563	42	RESP=1
6707308	42	STIM=t
6711215	42	RESP=1
6725164	42	STIM=a
6734084	42	RESP=1
6742176	42	STIM=3
6746577	42	RESP=2
6757516	42	STIM=q
6762636	42	RESP=1
6776515	42	STIM=c
6786338	42	RESP=1
6793400	42	STIM=h
6801210	42	RESP=1
6810585	42	STIM=k
6819182	42	RESP=1
6825633	42	STIM=t
6830997	42	RESP=1
6841773	42	STIM=d
6849208	42	RESP=1
6856930	42	STIM=i
6861990	42	RESP=1
6872146	42	STIM=f
6880811	42	RESP=1
6887636	42	STIM=f
6892016	42	RESP=2
6905459	42	STIM=g
6912467	42	RESP=1
6923796	42	STIM=g
6931931	42	RESP=1
6942765	42	STIM=o
6951316	42	RESP=1
6958230	42	STIM=p
6967922	42	RESP=1
6975674	42	STIM=d
6982709	42	RESP=1
6991729	42	STIM=l
7003745	42	RESP=1
7006957	42	STIM=9
7011316	42	RESP=2
7023110	42	STIM=d
7027160	42	RESP=1
7038716	42	STIM=w
7045805	42	RESP=1
7053757	42	STIM=m
7065548	42	RESP=1
7070617	42	STIM=g
7074075	42	RESP=1
7086117	42	STIM=q
7089086	42	RESP=1
7101915	42	STIM=h
7108530	42	RESP=1
7120291	42	STIM=f
7123992	42	RESP=1
7135769	42	STIM=7
7146333	42	RESP=2
7152512	42	STIM=6
7159722	42	RESP=2
7167602	42	STIM=3
7172446	42	RESP=2
7186385	42	STIM=o
7189565	42	RESP=1
7203442	42	STIM=w
7207347	42	RESP=1
7221362	42	STIM=q
7226383	42	RESP=1
7239719	42	STIM=l
7246137	42	RESP=1
7257140	42	STIM=f
7262452	42	RESP=2
7275794	42	STIM=l
7280768	42	RESP=1
7291448	42	STIM=m
7296684	42	RESP=1
7306825	42	STIM=y
7312435	42	RESP=1
7323268	42	STIM=z
7330374	42	RESP=1
7341448	42	STIM=t
7344430	42	RESP=1
7356841	42	STIM=t
7365376	42	RESP=1
7375365	42	STIM=k
7383454	42	RESP=1
7392370	42	STIM=9
7403536	42	RESP=2
7408499	42	STIM=r
7412724	42	RESP=1
7425724	42	STIM=i
7433798	42	RESP=1
7444219	42	STIM=o
7450713	42	RESP=1
7461840	42	STIM=r
7471137	42	RESP=1
7479665	42	STIM=c
7482802	42	RESP=1
7496349	42	STIM=7
7503603	42	RESP=2
7511819	42	STIM=q
7520330	42	RESP=1
7530697	42	STIM=0
7540343	42	RESP=2
7549456	42	STIM=e
7552810	42	RESP=1
7566488	42	STIM=t
7570007	42	RESP=2
7583262	42	STIM=g
7586119	42	RESP=1
7601020	42	STIM=f
7605139	42	RESP=1
7616023	42	STIM=2
7626518	42	RESP=2
7634284	42	STIM=7
7641803	42	RESP=2
7652040	42	STIM=s
7658661	42	RESP=2
7668324	42	STIM=h
7673282	42	RESP=1
7683633	42	STIM=q
7686861	42	RESP=1
7702095	42	STIM=g
7706657	42	RESP=1
7718055	42	STIM=j
7722163	42	RESP=1
7737039	42	STIM=z
7741950	42	RESP=1
7755011	42	STIM=q
7761736	42	RESP=1
7772912	42	STIM=g
7779997	42	RESP=1
7791367	42	STIM=y
7796094	42	RESP=1
7807917	42	STIM=u
7815950	42	RESP=1
7826046	42	STIM=u
7830058	42	RESP=1
7843729	42	STIM=i
7848448	42	RESP=1
7862661	42	STIM=o
7869650	42	RESP=2
7878195	42	STIM=a
7887641	42	RESP=1
7895735	42	STIM=x
7899225	42	RESP=1
7911525	42	STIM=z
7916135	42	RESP=1
7927325	42	STIM=y
7934726	42	RESP=1
7942486	42	STIM=d
7946631	42	RESP=1
7959734	42	STIM=3
7964418	42	RESP=2
7976148	42	STIM=v
7985479	42	RESP=1
7994220	42	STIM=p
8000502	42	RESP=1
8011969	42	STIM=9
8022449	42	RESP=2
8028695	42	STIM=3
8034830	42	RESP=2
8047027	42	STIM=6
8052605	42	RESP=2
8062760	42	STIM=0
8072520	42	RESP=2
8078567	42	STIM=d
8082526	42	RESP=1
8094275	42	STIM=t
8099040	42	RESP=1
8111273	42	STIM=u
8115483	42	RESP=1
8128673	42	STIM=t
8136306	42	RESP=1
8144162	42	STIM=r
8147701	42	RESP=1
8159619	42	STIM=r
8167888	42	RESP=1
8175623	42	STIM=l
8179532	42	RESP=1
8190790	42	STIM=o
8195180	42	RESP=1
8209416	42	STIM=r
8214898	42	RESP=1
8226817	42	STIM=a
8230704	42	RESP=1
8243243	42	STIM=o
8248657	42	RESP=2
8261965	42	STIM=j
8265982	42	RESP=1
8278062	42	STIM=w
8282065	42	RESP=1
8293303	42	STIM=a
8298178	42	RESP=2
8308409	42	STIM=o
8311266	42	RESP=1
8324177	42	STIM=i
8327602	42	RESP=1
8342513	42	STIM=l
8350561	42	RESP=1
8358931	42	STIM=4
8364784	42	RESP=2
8376695	42	STIM=k
8379921	42	RESP=1
8395163	42	STIM=s
8399041	42	RESP=1
8411033	42	STIM=o
8414690	42	RESP=1
8427366	42	STIM=d
8434119	42	RESP=1
8442558	42	STIM=x
8453336	42	RESP=1
8457754	42	STIM=u
8463202	42	RESP=2
8476524	42	STIM=8
8483114	42	RESP=2
8492768	42	STIM=5
8500308	42	RESP=2
8508020	42	STIM=h
8516750	42	RESP=1
8523168	42	STIM=w
8532511	42	RESP=1
8541094	42	STIM=j
8546904	42	RESP=1
8556723	42	STIM=0
8564322	42	RESP=2
8571863	42	STIM=n
8578787	42	RESP=1
8588051	42	STIM=z
8591637	42	RESP=1
8606800	42	STIM=x
8610937	42	RESP=1
8622196	42	STIM=x
8629450	42	RESP=1
8640121	42	STIM=n
8644785	42	RESP=1
8655765	42	STIM=c
8659412	42	RESP=1
8671148	42	STIM=6
8678650	42	RESP=2
8689251	42	STIM=j
8693955	42	RESP=1
8704960	42	STIM=b
8710851	42	RESP=1
8723423	42	STIM=z
8730825	42	RESP=1
8738865	42	STIM=f
8741525	42	RESP=1
8757242	42	STIM=a
8762673	42	RESP=1
8773360	42	STIM=0
8780431	42	RESP=2
8791295	42	STIM=m
8799277	42	RESP=1
8808879	42	STIM=o
8814858	42	RESP=1
8823902	42	STIM=j
8832429	42	RESP=1
8840854	42	STIM=f
8844604	42	RESP=1
8859647	42	STIM=6
8865171	42	RESP=2
8877829	42	STIM=x
8881757	42	RESP=1
8894715	42	STIM=x
8897366	42	RESP=1
8911645	42	STIM=n
8915745	42	RESP=1
8928663	42	STIM=z
8933467	42	RESP=1
8945786	42	STIM=k
8951624	42	RESP=1
8964120	42	STIM=j
8970241	42	RESP=1
8982778	42	STIM=n
8992135	42	RESP=1
8998653	42	STIM=o
9004591	42	RESP=1
9015473	42	STIM=l
9019364	42	RESP=1
9032063	42	STIM=3
9039251	42	RESP=1
9047280	42	STIM=c
9051113	42	RESP=1
9062355	42	STIM=b
9070293	42	RESP=1
9081109	42	STIM=r
9085758	42	RESP=1
9097702	42	STIM=6
9103296	42	RESP=2
9114324	42	STIM=s
9121607	42	RESP=2
9131058	42	STIM=l
9136104	42	RESP=2
9146169	42	STIM=9
9154794	42	RESP=2
9163846	42	STIM=1
9169437	42	RESP=1
9180119	42	STIM=x
9184944	42	RESP=1
9195360	42	STIM=9
9200144	42	RESP=2
9211734	42	STIM=d
9218293	42	RESP=2
9230684	42	STIM=z
9234142	42	RESP=1
9247940	42	STIM=u
9251262	42	RESP=1
9264951	42	STIM=l
9269210	42	RESP=1
9283085	42	STIM=n
9289004	42	RESP=1
9298372	42	STIM=c
9303969	42	RESP=1
9313889	42	STIM=g
9320457	42	RESP=1
9330611	42	STIM=k
9334609	42	RESP=1
9346485	42	STIM=g
9351391	42	RESP=1
9364020	42	STIM=k
9373203	42	RESP=1
9379140	42	STIM=b
9387252	42	RESP=1
9394930	42	STIM=k
9400287	42	RESP=1
9410855	42	STIM=b
9414117	42	RESP=1
9427768	42	STIM=5
9435763	42	RESP=2
9443530	42	STIM=w
9452483	42	RESP=1
9461992	42	STIM=o
9466947	42	RESP=1
9479630	42	STIM=a
9486529	42	RESP=1
9497604	42	STIM=k
9500234	42	RESP=1
9512692	42	STIM=v
9517420	42	RESP=1
9529394	42	STIM=q
9535759	42	RESP=1
9548373	42	STIM=g
9554738	42	RESP=1
9566838	42	STIM=p
9573155	42	RESP=1
9582660	42	STIM=n
9585946	42	RESP=1
9599003	42	STIM=3
9607509	42	RESP=2
9615609	42	STIM=0
9622420	42	RESP=2
9632234	42	STIM=g
9634839	42	RESP=1
9647326	42	STIM=q
9651086	42	RESP=1
9665735	42	STIM=f
9676932	42	RESP=1
9684571	42	STIM=0
9690662	42	RESP=2
9699585	42	STIM=s
9705072	42	RESP=1
9717657	42	STIM=b
9724660	42	RESP=1
9735427	42	STIM=w
9741738	42	RESP=1
9750602	42	STIM=7
9759288	42	RESP=2
9769137	42	STIM=d
9776187	42	RESP=1
9786095	42	STIM=v
9789057	42	RESP=1
9804222	42	STIM=v
9808766	42	RESP=1
9822268	42	STIM=k
9829693	42	RESP=1
9838427	42	STIM=1
9848909	42	RESP=2
9855000	42	STIM=3
9859844	42	RESP=2
9872659	42	STIM=y
9878078	42	RESP=1
9890430	42	STIM=q
9894617	42	RESP=1
9907894	42	STIM=n
9915905	42	RESP=1
9923562	42	STIM=t
9927646	42	RESP=1
9938773	42	STIM=5
9944301	42	RESP=2
9956729	42	STIM=c
9963687	42	RESP=1
9973920	42	STIM=p
9979406	42	RESP=1
9989265	42	STIM=2
9996082	42	RESP=2
10006371	42	STIM=l
10010211	42	RESP=1
10024126	42	STIM=o
10029878	42	RESP=1
10039136	42	STIM=b
10045785	42	RESP=1
10057977	42	STIM=g
10064954	42	RESP=1
10074643	42	STIM=w
10078713	42	RESP=1
10091024	42	STIM=q
10099161	42	RESP=1
10108216	42	STIM=x
10111274	42	RESP=1
10125983	42	STIM=l
10135683	42	RESP=1
10144310	42	STIM=p
10148079	42	RESP=2
10159330	42	STIM=3
10163764	42	RESP=2
10177164	42	STIM=9
10188579	42	RESP=2
10194567	42	STIM=w
10203599	42	RESP=1
10210283	42	STIM=u
10217170	42	RESP=1
10228096	42	STIM=g
10231845	42	RESP=1
10243646	42	STIM=l
10248364	42	RESP=2
10261620	42	STIM=9
10272810	42	RESP=2
10277434	42	STIM=8
10286253	42	RESP=2
10292673	42	STIM=y
10297734	42	RESP=1
10309364	42	STIM=s
10316361	42	RESP=1
10327006	42	STIM=1
10333355	42	RESP=2
10343152	42	STIM=b
10348370	42	RESP=1
10359825	42	STIM=t
10367326	42	RESP=1
10374991	42	STIM=0
10381444	42	RESP=2
10390367	42	STIM=g
10395911	42	RESP=1
10406307	42	STIM=e
10409923	42	RESP=1
10421788	42	STIM=o
10429047	42	RESP=1
10439705	42	STIM=n
10442974	42	RESP=2
10458069	42	STIM=x
10466722	42	RESP=2
10473361	42	STIM=n
10481146	42	RESP=1
10491682	42	STIM=8
10498135	42	RESP=1
10510232	42	STIM=f
10516233	42	RESP=1
10527365	42	STIM=g
10532337	42	RESP=1
10544622	42	STIM=d
10554311	42	RESP=1
10561781	42	STIM=i
10569058	42	RESP=1
10578738	42	STIM=i
10583706	42	RESP=1
10596812	42	STIM=y
10602706	42	RESP=1
10615793	42	STIM=l
10619873	42	RESP=1
10632874	42	STIM=2
10637613	42	RESP=2
10651815	42	STIM=6
10656402	42	RESP=2
10670749	42	STIM=c
10679279	42	RESP=1
10688397	42	STIM=s
10691745	42	RESP=1
10705724	42	STIM=u
10717317	42	RESP=1
10722585	42	STIM=a
10729877	42	RESP=1
10741246	42	STIM=0
10747476	42	RESP=2
10759692	42	STIM=q
10765543	42	RESP=1
10777409	42	STIM=r
10785585	42	RESP=1
10794265	42	STIM=h
10798690	42	RESP=1
10812372	42	STIM=w
10818927	42	RESP=1
10828042	42	STIM=u
10835585	42	RESP=1
10846459	42	STIM=j
10851367	42	RESP=1
10861502	42	STIM=p
10868437	42	RESP=1
10878292	42	STIM=h
10881855	42	RESP=2
10894289	42	STIM=q
10908822	42	RESP=1
10911540	42	STIM=n
10916797	42	RESP=1
10930315	42	STIM=z
10938006	42	RESP=2
10948527	42	STIM=q
10955772	42	RESP=1
10964346	42	STIM=e
10971102	42	RESP=1
10981421	42	STIM=v
10988887	42	RESP=1
10999101	42	STIM=m
11007730	42	RESP=2
11017903	42	STIM=b
11021507	42	RESP=1
11035725	42	STIM=y
11042049	42	RESP=1
11052477	42	STIM=p
11059893	42	RESP=2
11067489	42	STIM=c
11071857	42	RESP=1
11083302	42	STIM=j
11088867	42	RESP=1
11101351	42	STIM=7
11114893	42	RESP=2
11118628	42	STIM=x
11122819	42	RESP=1
11136030	42	STIM=c
11141370	42	RESP=1
11152361	42	STIM=e
11158422	42	RESP=1
11168042	42	STIM=z
11174525	42	RESP=1
11186322	42	STIM=l
11192148	42	RESP=1
11202186	42	STIM=9
11208564	42	RESP=1
11220787	42	STIM=b
11229703	42	RESP=1
11236059	42	STIM=x
11241424	42	RESP=1
11254860	42	STIM=b
11264328	42	RESP=1
11273153	42	STIM=c
11277732	42	RESP=1
11291619	42	STIM=l
11297417	42	RESP=1
11307861	42	STIM=z
11311035	42	RESP=1
11323543	42	STIM=w
11326230	42	RESP=1
11341227	42	STIM=h
11349799	42	RESP=1
11358104	42	STIM=9
11366217	42	RESP=2
11377028	42	STIM=j
11382199	42	RESP=1
11395714	42	STIM=f
11400390	42	RESP=1
11412972	42	STIM=f
11425810	42	RESP=1
11431963	42	STIM=g
11437816	42	RESP=1
11448286	42	STIM=e
11455262	42	RESP=1
11465112	42	STIM=p
11471655	42	RESP=1
11480472	42	STIM=h
11486677	42	RESP=1
11496346	42	STIM=o
11500659	42	RESP=1
11513983	42	STIM=8
11518641	42	RESP=2
11530691	42	STIM=8
11535002	42	RESP=2
11549486	42	STIM=w
11555807	42	RESP=1
11566107	42	STIM=y
11573723	42	RESP=1
11581513	42	STIM=e
11588605	42	RESP=1
11599797	42	STIM=u
11603875	42	RESP=1
11617877	42	STIM=z
11622047	42	RESP=1
11634987	42	STIM=r
11640321	42	RESP=1
11650141	42	STIM=4
11656102	42	RESP=2
11666858	42	STIM=2
11673054	42	RESP=2
11682485	42	STIM=g
11686538	42	RESP=2
11700116	42	STIM=0
11705968	42	RESP=2
11717600	42	STIM=2
11723540	42	RESP=2
11733778	42	STIM=z
11737074	42	RESP=1
11751440	42	STIM=b
11759629	42	RESP=1
11766676	42	STIM=m
11775410	42	RESP=1
11783580	42	STIM=5
11792839	42	RESP=2
11798851	42	STIM=1
11805945	42	RESP=2
11814239	42	STIM=t
11824515	42	RESP=1
11831205	42	STIM=m
11837838	42	RESP=1
11847589	42	STIM=w
11851571	42	RESP=1
11865276	42	STIM=7
11870866	42	RESP=2
11882475	42	STIM=f
11888763	42	RESP=1
11898846	42	STIM=c
11903152	42	RESP=1
11913913	42	STIM=v
11919439	42	RESP=1
11931399	42	STIM=e
11937605	42	RESP=1
11947057	42	STIM=t
11958120	42	RESP=1
11964922	42	STIM=v
11970453	42	RESP=1
11982146	42	STIM=b
11989284	42	RESP=1
11998800	42	STIM=u
12003643	42	RESP=1
12015890	42	STIM=d
12022743	42	RESP=1
12031153	42	STIM=o
12036239	42	RESP=1
12046927	42	STIM=j
12056975	42	RESP=1
12062312	42	STIM=s
12068924	42	RESP=1
12078404	42	STIM=w
12082496	42	RESP=1
12097301	42	STIM=3
12101733	42	RESP=2
12115317	42	STIM=s
12121226	42	RESP=2
12132646	42	STIM=m
12138475	42	RESP=1
12149952	42	STIM=t
12155480	42	RESP=1
12168033	42	STIM=j
12173634	42	RESP=1
12186816	42	STIM=j
12190645	42	RESP=1
12203752	42	STIM=x
12207063	42	RESP=1
12220569	42	STIM=f
12227352	42	RESP=1
12236187	42	STIM=e
12241174	42	RESP=1
12255064	42	STIM=r
12259804	42	RESP=1
12271471	42	STIM=h
12277461	42	RESP=1
12287398	42	STIM=i
12295186	42	RESP=1
12305454	42	STIM=t
12310514	42	RESP=1
12322874	42	STIM=8
12327072	42	RESP=2
12341051	42	STIM=u
12346016	42	RESP=1
12357617	42	STIM=u
12362518	42	RESP=1
12374195	42	STIM=0
12384341	42	RESP=2
12390727	42	STIM=x
12398894	42	RESP=1
12405816	42	STIM=t
12409039	42	RESP=1
12421831	42	STIM=g
12425697	42	RESP=1
12440638	42	STIM=9
12446479	42	RESP=2
12457433	42	STIM=n
12460911	42	RESP=1
12474311	42	STIM=5
12480148	42	RESP=2
12489444	42	STIM=y
12495892	42	RESP=1
12507626	42	STIM=o
12512274	42	RESP=1
12526573	42	STIM=4
12536527	42	RESP=2
12545406	42	STIM=i
12551393	42	RESP=1
12561732	42	STIM=o
12565469	42	RESP=1
12577261	42	STIM=y
12582484	42	RESP=1
12595077	42	STIM=s
12600183	42	RESP=1
12611766	42	STIM=q
12616020	42	RESP=1
12627094	42	STIM=f
12635930	42	RESP=1
12642374	42	STIM=e
12649404	42	RESP=1
12660098	42	STIM=q
12665396	42	RESP=1
12676567	42	STIM=8
12681185	42	RESP=2
12694842	42	STIM=b
12702079	42	RESP=1
12712359	42	STIM=t
12718777	42	RESP=1
12731306	42	STIM=l
12736519	42	RESP=1
12748609	42	STIM=u
12752694	42	RESP=1
12767487	42	STIM=p
12778558	42	RESP=1
12785807	42	STIM=t
12792730	42	RESP=2
12803301	42	STIM=u
12809183	42	RESP=1
12819800	42	STIM=9
12824725	42	RESP=2
12836160	42	STIM=r
12839985	42	RESP=1
12854448	42	STIM=m
12858386	42	RESP=2
12872575	42	STIM=8
12883544	42	RESP=2
12891412	42	STIM=x
12899359	42	RESP=1
12909907	42	STIM=5
12916720	42	RESP=2
12927375	42	STIM=c
12934089	42	RESP=1
12944923	42	STIM=r
12953460	42	RESP=1
12962515	42	STIM=p
12969248	42	RESP=1
12979141	42	STIM=e
12983308	42	RESP=1
12996453	42	STIM=w
13000088	42	RESP=1
13012767	42	STIM=t
13017207	42	RESP=1
13031664	42	STIM=n
13037578	42	RESP=1
13047129	42	STIM=c
13054379	42	RESP=1
13065631	42	STIM=o
13073335	42	RESP=1
13081614	42	STIM=z
13086164	42	RESP=1
13097846	42	STIM=y
13101933	42	RESP=1
13116091	42	STIM=g
13119872	42	RESP=1
13131899	42	STIM=m
13137100	42	RESP=1
13147312	42	STIM=c
13156418	42	RESP=1
13163919	42	STIM=y
13171351	42	RESP=1
13180807	42	STIM=6
13184823	42	RESP=1
13198302	42	STIM=i
13204292	42	RESP=1
13216124	42	STIM=m
13220583	42	RESP=1
13234083	42	STIM=r
13237627	42	RESP=1
13252877	42	STIM=e
13259104	42	RESP=2
13268398	42	STIM=h
13273186	42	RESP=1
13285195	42	STIM=c
13288356	42	RESP=1
13301505	42	STIM=s
13309742	42	RESP=2
13317633	42	STIM=l
13321989	42	RESP=1
13333782	42	STIM=5
13341457	42	RESP=2
13349249	42	STIM=m
13354053	42	RESP=1
13367928	42	STIM=6
13375569	42	RESP=2
13383929	42	STIM=y
13389002	42	RESP=1
13401674	42	STIM=n
13407261	42	RESP=1
13418794	42	STIM=9
13427666	42	RESP=2
13434868	42	STIM=l
13439711	42	RESP=1
13451373	42	STIM=p
13457182	42	RESP=1
13467848	42	STIM=h
13480184	42	RESP=1
13483110	42	STIM=p
13487257	42	RESP=1
13499879	42	STIM=n
13504201	42	RESP=1
13515015	42	STIM=p
13521641	42	RESP=1
13532539	42	STIM=r
13537084	42	RESP=1
13549612	42	STIM=c
13554891	42	RESP=1
13568425	42	STIM=n
13572935	42	RESP=1
13586130	42	STIM=o
13591547	42	RESP=1
13603844	42	STIM=g
13609770	42	RESP=1
13619348	42	STIM=6
13624000	42	RESP=1
13636383	42	STIM=g
13640823	42	RESP=1
13655259	42	STIM=s
13659593	42	RESP=1
13673096	42	STIM=f
13680160	42	RESP=2
13691764	42	STIM=q
13695785	42	RESP=1
13707041	42	STIM=k
13711128	42	RESP=2
13722700	42	STIM=r
13727890	42	RESP=1
13741438	42	STIM=q
13751157	42	RESP=2
13758883	42	STIM=q
13763560	42	RESP=1
13773921	42	STIM=7
13781708	42	RESP=2
13789846	42	STIM=c
13794923	42	RESP=1
13807668	42	STIM=r
13817644	42	RESP=1
13825774	42	STIM=m
13830834	42	RESP=1
13842561	42	STIM=2
13848757	42	RESP=2
13859196	42	STIM=i
13865231	42	RESP=1
13877733	42	STIM=g
13883212	42	RESP=1
13892761	42	STIM=w
13896949	42	RESP=1
13911636	42	STIM=i
13919580	42	RESP=1
13930114	42	STIM=z
13935873	42	RESP=1
13947610	42	STIM=k
13952290	42	RESP=1
13965667	42	STIM=i
13971353	42	RESP=1
13982056	42	STIM=j
13987245	42	RESP=1
13999085	42	STIM=r
14003455	42	RESP=1
14015530	42	STIM=y
14025201	42	RESP=1
14033064	42	STIM=u
14037257	42	RESP=1
14048198	42	STIM=7
14055245	42	RESP=2
14065559	42	STIM=d
14069997	42	RESP=1
14082163	42	STIM=f
14086015	42	RESP=1
14097997	42	STIM=k
14103713	42	RESP=1
14114264	42	STIM=z
14120448	42	RESP=1
14131815	42	STIM=j
14139392	42	RESP=1
14148383	42	STIM=v
14152628	42	RESP=1
14165887	42	STIM=o
14172197	42	RESP=1
14183520	42	STIM=o
14190369	42	RESP=1
14200893	42	STIM=d
14213127	42	RESP=1
14217031	42	STIM=m
14222515	42	RESP=1
14234901	42	STIM=7
14242191	42	RESP=2
14253140	42	STIM=f
14259117	42	RESP=1
14268776	42	STIM=d
14273184	42	RESP=1
14284153	42	STIM=p
14293954	42	RESP=1
14300377	42	STIM=2
14306272	42	RESP=2
14315444	42	STIM=y
14320615	42	RESP=2
14330840	42	STIM=u
14337220	42	RESP=1
14346398	42	STIM=a
14351089	42	RESP=1
14362427	42	STIM=y
14366063	42	RESP=1
14381398	42	STIM=n
14384834	42	RESP=1
14399817	42	STIM=6
14404225	42	RESP=2
14418191	42	STIM=n
14422946	42	RESP=1
14437030	42	STIM=o
14443781	42	RESP=1
14453217	42	STIM=x
14457717	42	RESP=1
14470996	42	STIM=j
14482458	42	RESP=2
14488391	42	STIM=q
14491721	42	RESP=2
14505431	42	STIM=s
14509999	42	RESP=1
14522142	42	STIM=b
14528108	42	RESP=1
14537816	42	STIM=o
14542918	42	RESP=1
14553190	42	STIM=a
14557196	42	RESP=1
14571850	42	STIM=a
14578283	42	RESP=1
14588610	42	STIM=h
14594846	42	RESP=1
14606264	42	STIM=8
14610808	42	RESP=2
14624922	42	STIM=q
14632571	42	RESP=1
14641847	42	STIM=m
14648133	42	RESP=1
14659853	42	STIM=c
14663525	42	RESP=1
14677414	42	STIM=6
14682030	42	RESP=2
14695155	42	STIM=z
14700622	42	RESP=1
14711870	42	STIM=8
14720483	42	RESP=2
14730226	42	STIM=s
14736587	42	RESP=1
14746556	42	STIM=r
14751869	42	RESP=1
14762510	42	STIM=d
14767768	42	RESP=1
14778066	42	STIM=z
14782245	42	RESP=1
14796799	42	STIM=8
14802113	42	RESP=2
14814040	42	STIM=0
14821329	42	RESP=2
14831906	42	STIM=5
14842059	42	RESP=2
14849866	42	STIM=c
14856393	42	RESP=1
14868258	42	STIM=d
14874679	42	RESP=1
14884200	42	STIM=b
14888385	42	RESP=1
14901366	42	STIM=4
14908110	42	RESP=2
14919971	42	STIM=h
14927524	42	RESP=1
14937109	42	STIM=6
14941701	42	RESP=1
14955291	42	STIM=1
14960712	42	RESP=2
14971621	42	STIM=i
14978519	42	RESP=1
14990481	42	STIM=6
14994273	42	RESP=1
15008824	42	STIM=g
15016920	42	RESP=1
15025296	42	STIM=j
15031073	42	RESP=1
15042621	42	STIM=4
15050392	42	RESP=2
15060265	42	STIM=w
15066174	42	RESP=1
15077504	42	STIM=b
15085830	42	RESP=1
15092725	42	STIM=0
15099042	42	RESP=2
15108049	42	STIM=1
15114685	42	RESP=1
15123322	42	STIM=p
15126737	42	RESP=1
15140701	42	STIM=f
15147264	42	RESP=1
15158753	42	STIM=w
15169811	42	RESP=1
15176762	42	STIM=c
15182779	42	RESP=1
15192947	42	STIM=x
15196447	42	RESP=1
15209059	42	STIM=z
15213059	42	RESP=1
15225048	42	STIM=b
15230992	42	RESP=1
15244038	42	STIM=u
15249621	42	RESP=1
15261971	42	STIM=y
15266936	42	RESP=1
15279347	42	STIM=o
15284822	42	RESP=1
15296692	42	STIM=z
15300682	42	RESP=1
15313720	42	STIM=5
15321268	42	RESP=2
15329245	42	STIM=v
15334559	42	RESP=1
15344833	42	STIM=t
15356319	42	RESP=1
15359854	42	STIM=2
15364539	42	RESP=2
15376587	42	STIM=1
15383541	42	RESP=1
15392141	42	STIM=v
15403085	42	RESP=1
15407176	42	STIM=4
15410837	42	RESP=1
15425946	42	STIM=1
15437726	42	RESP=1
15441634	42	STIM=o
15448553	42	RESP=1
15457484	42	STIM=g
15460410	42	RESP=1
15475950	42	STIM=a
15480185	42	RESP=1
15492406	42	STIM=r
15496709	42	RESP=1
15510793	42	STIM=1
15515026	42	RESP=2
15526450	42	STIM=i
15530412	42	RESP=1
15542665	42	STIM=5
15551114	42	RESP=2
15559810	42	STIM=q
15563567	42	RESP=2
15577461	42	STIM=e
15585502	42	RESP=1
15593340	42	STIM=x
15597675	42	RESP=1
15611028	42	STIM=c
15615172	42	RESP=1
15627689	42	STIM=w
15638100	42	RESP=1
15645783	42	STIM=t
15649695	42	RESP=1
15661390	42	STIM=c
15667567	42	RESP=1
15680377	42	STIM=o
15686698	42	RESP=1
15699031	42	STIM=o
15702582	42	RESP=1
15715890	42	STIM=e
15722691	42	RESP=1
15732327	42	STIM=c
15737969	42	RESP=2
15750711	42	STIM=a
15756143	42	RESP=1
15766771	42	STIM=4
15774674	42	RESP=2
15785161	42	STIM=s
15788131	42	RESP=1
15801651	42	STIM=m
15806078	42	RESP=1
15817869	42	STIM=0
15823871	42	RESP=2
15835010	42	STIM=x
15840006	42	RESP=1
15850471	42	STIM=z
15853329	42	RESP=1
15866283	42	STIM=q
15872378	42	RESP=1
15884334	42	STIM=y
15889448	42	RESP=1
15903160	42	STIM=f
15908049	42	RESP=1
15919331	42	STIM=e
15924660	42	RESP=1
15934715	42	STIM=g
15938821	42	RESP=1
15952191	42	STIM=k
15956987	42	RESP=1
15968573	42	STIM=w
15973165	42	RESP=1
15984662	42	STIM=o
15988777	42	RESP=1
16003120	42	STIM=e
16006498	42	RESP=1
16021538	42	STIM=k
16024587	42	RESP=1
16039922	42	STIM=i
16046382	42	RESP=1
16056025	42	STIM=s
16061941	42	RESP=1
16074144	42	STIM=k
16080199	42	RESP=1
16093077	42	STIM=g
16098226	42	RESP=1
16108927	42	STIM=r
16114398	42	RESP=1
16124296	42	STIM=h
16129433	42	RESP=1
16140609	42	STIM=y
16146638	42	RESP=1
16156001	42	STIM=t
16161511	42	RESP=1
16172420	42	STIM=d
16178892	42	RESP=1
16187661	42	STIM=c
16195527	42	RESP=1
16205054	42	STIM=b
16209193	42	RESP=1
16222423	42	STIM=4
16230933	42	RESP=2
16237806	42	STIM=c
16243164	42	RESP=1
16255429	42	STIM=9
16262542	42	RESP=2
16273429	42	STIM=8
16280036	42	RESP=1
16289094	42	STIM=8
16294867	42	RESP=2
16307967	42	STIM=h
16318032	42	RESP=1
16326461	42	STIM=c
16331295	42	RESP=1
16345390	42	STIM=w
16350046	42	RESP=1
16362115	42	STIM=5
16368703	42	RESP=2
16379552	42	STIM=5
16383631	42	RESP=1
16397435	42	STIM=m
16404008	42	RESP=1
16415111	42	STIM=c
16421426	42	RESP=1
16432351	42	STIM=y
16437384	42	RESP=1
16447720	42	STIM=g
16452145	42	RESP=1
16465802	42	STIM=9
16471825	42	RESP=2
16482944	42	STIM=k
16490908	42	RESP=1
16498832	42	STIM=k
16505082	42	RESP=1
16515294	42	STIM=7
16520579	42	RESP=1
16533535	42	STIM=7
16540154	42	RESP=2
16549841	42	STIM=z
16555946	42	RESP=1
16566816	42	STIM=2
16572405	42	RESP=2
16585792	42	STIM=e
16588921	42	RESP=1
16602769	42	STIM=b
16606402	42	RESP=2
16618671	42	STIM=b
16623472	42	RESP=2
16634211	42	STIM=q
16641633	42	RESP=1
16651395	42	STIM=t
16656564	42	RESP=2
16667315	42	STIM=5
16673645	42	RESP=2
16684716	42	STIM=d
16688255	42	RESP=1
16702862	42	STIM=7
16711733	42	RESP=2
16720880	42	STIM=s
16727320	42	RESP=1
16739440	42	STIM=n
16745223	42	RESP=1
16756783	42	STIM=9
16767474	42	RESP=2
16775615	42	STIM=p
16780607	42	RESP=1
16790637	42	STIM=q
16796084	42	RESP=1
16806878	42	STIM=4
16814320	42	RESP=2
16825185	42	STIM=5
16831001	42	RESP=1
16840190	42	STIM=1
16848078	42	RESP=2
16858690	42	STIM=q
16864790	42	RESP=1
16876357	42	STIM=f
16880300	42	RESP=1
16895213	42	STIM=w
16904686	42	RESP=1
16910280	42	STIM=g
16915148	42	RESP=1
16926045	42	STIM=z
16934854	42	RESP=1
16942721	42	STIM=k
16953993	42	RESP=1
16958567	42	STIM=l
16963361	42	RESP=2
16973996	42	STIM=q
16977767	42	RESP=1
16990744	42	STIM=c
16994512	42	RESP=1
17009651	42	STIM=7
17018228	42	RESP=2
17027104	42	STIM=3
17033825	42	RESP=2
17045497	42	STIM=f
17050087	42	RESP=1
17060750	42	STIM=v
17065190	42	RESP=1
17075994	42	STIM=j
17081253	42	RESP=1
17091934	42	STIM=v
17095348	42	RESP=1
17106999	42	STIM=w
17110138	42	RESP=1
17123707	42	STIM=f
17128991	42	RESP=1
17139157	42	STIM=p
17142559	42	RESP=1
17155782	42	STIM=p
17161135	42	RESP=1
17173250	42	STIM=r
17179906	42	RESP=1
17190879	42	STIM=f
17196418	42	RESP=1
17206274	42	STIM=c
17217273	42	RESP=1
17223903	42	STIM=i
17228907	42	RESP=1
17239843	42	STIM=z
17243506	42	RESP=1
17254986	42	STIM=l
17257742	42	RESP=1
17272590	42	STIM=t
17276541	42	RESP=1
17288179	42	STIM=2
17298145	42	RESP=2
17305460	42	STIM=m
17310397	42	RESP=1
17322468	42	STIM=z
17325480	42	RESP=1
17338138	42	STIM=c
17343416	42	RESP=1
17355114	42	STIM=q
17359816	42	RESP=1
17371793	42	STIM=4
17377918	42	RESP=2
17390194	42	STIM=8
17394686	42	RESP=1
17406911	42	STIM=k
17412561	42	RESP=1
17423335	42	STIM=s
17432020	42	RESP=1
17441624	42	STIM=t
17446875	42	RESP=1
17459244	42	STIM=4
17467075	42	RESP=2
17477820	42	STIM=j
17485748	42	RESP=1
17492901	42	STIM=f
17497528	42	RESP=1
17511430	42	STIM=j
17517458	42	RESP=1
17529802	42	STIM=r
17537646	42	RESP=2
17546652	42	STIM=h
17551194	42	RESP=1
17562325	42	STIM=b
17566492	42	RESP=1
17577718	42	STIM=p
17584723	42	RESP=1
17596425	42	STIM=n
17607025	42	RESP=1
17613576	42	STIM=y
17618629	42	RESP=1
17631413	42	STIM=o
17638621	42	RESP=1
17647922	42	STIM=e
17653995	42	RESP=1
17663019	42	STIM=r
17668558	42	RESP=1
17680668	42	STIM=s
17690381	42	RESP=1
17696423	42	STIM=m
17701435	42	RESP=1
17712611	42	STIM=t
17716997	42	RESP=1
17728361	42	STIM=r
17737068	42	RESP=1
17745376	42	STIM=a
17749035	42	RESP=1
17760812	42	STIM=3
17765898	42	RESP=2
17779700	42	STIM=z
17783445	42	RESP=1
17794843	42	STIM=m
17798741	42	RESP=1
17811422	42	STIM=l
17816048	42	RESP=1
17830110	42	STIM=d
17833143	42	RESP=1
17848524	42	STIM=8
17853752	42	RESP=2
17863599	42	STIM=8
17868293	42	RESP=1
17878968	42	STIM=m
17884593	42	RESP=1
17895860	42	STIM=0
17899144	42	RESP=2
17914322	42	STIM=s
17917594	42	RESP=1
17929699	42	STIM=3
17934878	42	RESP=2
17945280	42	STIM=1
17951404	42	RESP=2
17963293	42	STIM=8
17972878	42	RESP=2
17980042	42	STIM=z
17984356	42	RESP=1
17998397	42	STIM=6
18004820	42	RESP=2
18015509	42	STIM=e
18021915	42	RESP=1
18032038	42	STIM=b
18035798	42	RESP=1
18047294	42	STIM=n
18055943	42	RESP=1
18064185	42	STIM=v
18070740	42	RESP=1
18079919	42	STIM=m
18086594	42	RESP=1
18096674	42	STIM=0
18102827	42	RESP=2
18112281	42	STIM=w
18115120	42	RESP=1
18128937	42	STIM=p
18134091	42	RESP=1
18146133	42	STIM=d
18151876	42	RESP=1
18163262	42	STIM=d
18170389	42	RESP=1
18180538	42	STIM=l
18183874	42	RESP=1
18198388	42	STIM=4
18204060	42	RESP=2
18216614	42	STIM=f
18219839	42	RESP=1
18232830	42	STIM=b
18238738	42	RESP=1
18250454	42	STIM=i
18255889	42	RESP=1
18267295	42	STIM=w
18273684	42	RESP=1
18283810	42	STIM=9
18289744	42	RESP=2
18300171	42	STIM=a
18306886	42	RESP=1
18316858	42	STIM=6
18321030	42	RESP=2
18333032	42	STIM=w
18336969	42	RESP=1
18349884	42	STIM=f
18359123	42	RESP=1
18368167	42	STIM=b
18372423	42	RESP=1
18384020	42	STIM=3
18391182	42	RESP=2
18400771	42	STIM=f
18405059	42	RESP=1
18416804	42	STIM=u
18424697	42	RESP=1
18433022	42	STIM=p
18435821	42	RESP=1
18449462	42	STIM=g
18455142	42	RESP=1
18468118	42	STIM=z
18477631	42	RESP=1
18486708	42	STIM=h
18491331	42	RESP=1
18502092	42	STIM=l
18506907	42	RESP=1
18520076	42	STIM=a
18524081	42	RESP=1
18536093	42	STIM=f
18540442	42	RESP=1
18553916	42	STIM=z
18561807	42	RESP=2
18570063	42	STIM=y
18576969	42	RESP=1
18587733	42	STIM=e
18597029	42	RESP=1
18603800	42	STIM=e
18611690	42	RESP=1
18619655	42	STIM=o
18626474	42	RESP=1
18635045	42	STIM=g
18640030	42	RESP=1
18650438	42	STIM=i
18654143	42	RESP=1
18667184	42	STIM=o
18671008	42	RESP=1
18684139	42	STIM=n
18689377	42	RESP=1
18702691	42	STIM=v
18706634	42	RESP=1
18718811	42	STIM=l
18726232	42	RESP=1
18734984	42	STIM=7
18740341	42	RESP=2
18752332	42	STIM=3
18757946	42	RESP=1
18769178	42	STIM=e
18773037	42	RESP=1
18785213	42	STIM=4
18791601	42	RESP=2
18803514	42	STIM=1
18807890	42	RESP=1
18821504	42	STIM=q
18824620	42	RESP=1
18837081	42	STIM=v
18841455	42	RESP=1
18855899	42	STIM=1
18861135	42	RESP=2
18871056	42	STIM=z
18875240	42	RESP=1
18890016	42	STIM=v
18894256	42	RESP=1
18907079	42	STIM=n
18910349	42	RESP=1
18924577	42	STIM=m
18927527	42	RESP=1
18940891	42	STIM=x
18946307	42	RESP=1
18958256	42	STIM=u
18971344	42	RESP=1
18976483	42	STIM=q
18981721	42	RESP=1
18995075	42	STIM=y
19001495	42	RESP=1
19012434	42	STIM=g
19018886	42	RESP=1
19030257	42	STIM=z
19035906	42	RESP=1
19049032	42	STIM=3
19054675	42	RESP=2
19064696	42	STIM=c
19075609	42	RESP=1
19082027	42	STIM=f
19085519	42	RESP=1
19099901	42	STIM=4
19105554	42	RESP=1
19115403	42	STIM=c
19123563	42	RESP=1
19132393	42	STIM=4
19139131	42	RESP=2
19147627	42	STIM=a
19151204	42	RESP=1
19164220	42	STIM=a
19168825	42	RESP=1
19179796	42	STIM=3
19195453	42	RESP=2
19198593	42	STIM=t
19202632	42	RESP=1
19216941	42	STIM=v
19221697	42	RESP=1
19232802	42	STIM=1
19239719	42	RESP=1
19251662	42	STIM=l
19260275	42	RESP=1
19268347	42	STIM=k
19271762	42	RESP=1
19286408	42	STIM=b
19294801	42	RESP=1
19302936	42	STIM=g
19310056	42	RESP=1
19319156	42	STIM=c
19324533	42	RESP=1
19337470	42	STIM=e
19342208	42	RESP=1
19355940	42	STIM=v
19359376	42	RESP=1
19372368	42	STIM=q
19376045	42	RESP=1
19389404	42	STIM=s
19397129	42	RESP=1
19404684	42	STIM=g
19410456	42	RESP=1
19422062	42	STIM=2
19426681	42	RESP=2
19440118	42	STIM=e
19444660	42	RESP=1
19458251	42	STIM=i
19462361	42	RESP=2
19474916	42	STIM=e
19483280	42	RESP=1
19493594	42	STIM=c
19499228	42	RESP=1
19510462	42	STIM=f
19516062	42	RESP=1
19525826	42	STIM=3
19532093	42	RESP=2
19544789	42	STIM=o
19550047	42	RESP=1
19563109	42	STIM=p
19570077	42	RESP=1
19580063	42	STIM=z
19585887	42	RESP=1
19596820	42	STIM=n
19605380	42	RESP=1
19614176	42	STIM=a
19620839	42	RESP=1
19632971	42	STIM=p
19642375	42	RESP=1
19649092	42	STIM=b
19653369	42	RESP=1
19665060	42	STIM=9
19672468	42	RESP=2
19681653	42	STIM=1
19687699	42	RESP=2
19697388	42	STIM=m
19702516	42	RESP=1
19713102	42	STIM=r
19717265	42	RESP=1
19731315	42	STIM=3
19736167	42	RESP=2
19749565	42	STIM=6
19753934	42	RESP=2
19765958	42	STIM=k
19770621	42	RESP=1
19781173	42	STIM=4
19785533	42	RESP=2
19799081	42	STIM=9
19804493	42	RESP=2
19817962	42	STIM=9
19825701	42	RESP=2
19835002	42	STIM=2
19840760	42	RESP=2
19852697	42	STIM=a
19856225	42	RESP=1
19868245	42	STIM=k
19871163	42	RESP=1
19886871	42	STIM=5
19891601	42	RESP=2
19902576	42	STIM=n
19904988	42	RESP=1
19920739	42	STIM=a
19923748	42	RESP=1
19936872	42	STIM=q
19940566	42	RESP=1
19955131	42	STIM=d
19968921	42	RESP=1
19971257	42	STIM=3
19978273	42	RESP=2
19989142	42	STIM=3
19996307	42	RESP=2
20007144	42	STIM=v
20016216	42	RESP=2
20024301	42	STIM=l
20029390	42	RESP=1
20041070	42	STIM=s
20048634	42	RESP=1
20057437	42	STIM=o
20060053	42	RESP=1
20073630	42	STIM=q
20079310	42	RESP=1
20091713	42	STIM=b
20096163	42	RESP=1
20107016	42	STIM=t
20111844	42	RESP=1
20122361	42	STIM=b
20126916	42	RESP=1
20139528	42	STIM=l
20145258	42	RESP=1
20156293	42	STIM=1
20166941	42	RESP=1
20172209	42	STIM=o
20176008	42	RESP=1
20188645	42	STIM=l
20199131	42	RESP=1
20205855	42	STIM=e
20211457	42	RESP=1
20224214	42	STIM=l
20228030	42	RESP=1
20240685	42	STIM=c
20244037	42	RESP=1
20256591	42	STIM=w
20262701	42	RESP=1
20271786	42	STIM=9
20279405	42	RESP=2
20290591	42	STIM=d
20297870	42	RESP=1
20308361	42	STIM=m
20313165	42	RESP=1
20325941	42	STIM=h
20334095	42	RESP=1
20344522	42	STIM=b
20350507	42	RESP=1
20361578	42	STIM=k
20368752	42	RESP=1
20380560	42	STIM=q
20386720	42	RESP=1
20396444	42	STIM=q
20402908	42	RESP=1
20415027	42	STIM=t
20418398	42	RESP=1
20433028	42	STIM=e
20440356	42	RESP=1
20449636	42	STIM=o
20452888	42	RESP=1
20467500	42	STIM=n
20470914	42	RESP=1
20486446	42	STIM=a
20489833	42	RESP=1
20501551	42	STIM=g
20507747	42	RESP=1
20520177	42	STIM=v
20523907	42	RESP=1
20539100	42	STIM=u
20545759	42	RESP=2
20557077	42	STIM=j
20561279	42	RESP=1
20573298	42	STIM=j
20577973	42	RESP=1
20588593	42	STIM=p
20594047	42	RESP=1
20607184	42	STIM=d
20612442	42	RESP=1
20622508	42	STIM=7
20628460	42	RESP=2
20640123	42	STIM=2
20648026	42	RESP=1
20656598	42	STIM=z
20662944	42	RESP=1
20674420	42	STIM=m
20681326	42	RESP=1
20690367	42	STIM=6
20698875	42	RESP=1
20706756	42	STIM=a
20713299	42	RESP=1
20723615	42	STIM=d
20731480	42	RESP=1
20741545	42	STIM=a
20748190	42	RESP=1
20757858	42	STIM=i
20766437	42	RESP=1
20774869	42	STIM=v
20778555	42	RESP=2
20791947	42	STIM=k
20799209	42	RESP=1
20809619	42	STIM=g
20817243	42	RESP=1
20825494	42	STIM=2
20830975	42	RESP=2
20842051	42	STIM=q
20846236	42	RESP=1
20860550	42	STIM=o
20865122	42	RESP=1
20879178	42	STIM=5
20883968	42	RESP=1
20896394	42	STIM=x
20900959	42	RESP=1
20914337	42	STIM=w
20923500	42	RESP=1
20932764	42	STIM=f
20939629	42	RESP=1
20949272	42	STIM=f
20955788	42	RESP=1
20965145	42	STIM=e
20969091	42	RESP=2
20983527	42	STIM=t
20988675	42	RESP=1
20999829	42	STIM=v
21004887	42	RESP=1
21015424	42	STIM=u
21019953	42	RESP=2
21031763	42	STIM=6
21038936	42	RESP=2
21050478	42	STIM=u
21055796	42	RESP=1
21069213	42	STIM=b
21074075	42	RESP=1
21085988	42	STIM=m
21093619	42	RESP=1
21104287	42	STIM=d
21113361	42	RESP=1
21119965	42	STIM=h
21127119	42	RESP=1
21135447	42	STIM=a
21138635	42	RESP=1
21151499	42	STIM=u
21155464	42	RESP=1
21166531	42	STIM=q
21177000	42	RESP=1
21183085	42	STIM=2
21192796	42	RESP=2
21198309	42	STIM=s
21203372	42	RESP=1
21217132	42	STIM=9
21222141	42	RESP=1
21233661	42	STIM=b
21238678	42	RESP=1
21250730	42	STIM=v
21254166	42	RESP=1
21268964	42	STIM=e
21273943	42	RESP=1
21285874	42	STIM=1
21294305	42	RESP=2
21304264	42	STIM=h
21309665	42	RESP=1
21319766	42	STIM=p
21331329	42	RESP=1
21334873	42	STIM=p
21339638	42	RESP=1
21351639	42	STIM=t
21355265	42	RESP=1
21369332	42	STIM=1
21373884	42	RESP=2
21385663	42	STIM=t
21394553	42	RESP=2
21403308	42	STIM=t
21409993	42	RESP=1
21418543	42	STIM=d
21424562	42	RESP=1
21436343	42	STIM=7
21443695	42	RESP=1
21452370	42	STIM=z
21458481	42	RESP=1
21470276	42	STIM=6
21475619	42	RESP=2
21485534	42	STIM=o
21490079	42	RESP=1
21501509	42	STIM=n
21507552	42	RESP=1
21516936	42	STIM=6
21522239	42	RESP=2
21534482	42	STIM=6
21538473	42	RESP=2
21549770	42	STIM=k
21553471	42	RESP=1
21567049	42	STIM=m
21573143	42	RESP=1
21583802	42	STIM=i
21588901	42	RESP=1
21598922	42	STIM=d
21604716	42	RESP=1
21617120	42	STIM=k
21621938	42	RESP=1
21634733	42	STIM=o
21639862	42	RESP=1
21652131	42	STIM=2
21656004	42	RESP=2
21668135	42	STIM=b
21673218	42	RESP=1
21684619	42	STIM=g
21689674	42	RESP=1
21702390	42	STIM=d
21705723	42	RESP=1
21721156	42	STIM=h
21725583	42	RESP=1
21736994	42	STIM=r
21742526	42	RESP=1
