# Original filename: 0055_NSP_2016-11-03.log
# Time unit: 100 us
# RARECAT=digit
#
# Time	HHGG	Event
37126	42	STIM=y
44963	42	RESP=1
52530	42	STIM=s
58431	42	RESP=1
70904	42	STIM=1
81498	42	RESP=2
89314	42	STIM=q
95075	42	RESP=1
104460	42	STIM=a
113283	42	RESP=1
123376	42	STIM=8
127071	42	RESP=2
141439	42	STIM=2
149300	42	RESP=2
159809	42	STIM=o
163403	42	RESP=1
175575	42	STIM=o
186016	42	RESP=1
193961	42	STIM=r
198095	42	RESP=1
209482	42	STIM=l
214729	42	RESP=1
226285	42	STIM=v
230800	42	RESP=1
245278	42	STIM=v
249218	42	RESP=1
261354	42	STIM=o
267518	42	RESP=1
279842	42	STIM=7
285716	42	RESP=1
297654	42	STIM=g
301612	42	RESP=1
313555	42	STIM=a
317200	42	RESP=1
330355	42	STIM=z
339048	42	RESP=1
347589	42	STIM=a
353549	42	RESP=1
364792	42	STIM=q
368135	42	RESP=1
382121	42	STIM=f
385234	42	RESP=1
399317	42	STIM=4
405182	42	RESP=2
416303	42	STIM=l
420462	42	RESP=1
432015	42	STIM=e
437422	42	RESP=1
447666	42	STIM=h
452467	42	RESP=1
466060	42	STIM=e
472157	42	RESP=1
482916	42	STIM=k
487287	42	RESP=1
497928	42	STIM=2
506560	42	RESP=2
516902	42	STIM=f
520908	42	RESP=1
533461	42	STIM=q
538824	42	RESP=1
548830	42	STIM=u
555514	42	RESP=1
564819	42	STIM=i
569800	42	RESP=1
583359	42	STIM=m
586837	42	RESP=1
601947	42	STIM=s
606262	42	RESP=1
617199	42	STIM=v
620698	42	RESP=1
634378	42	STIM=n
638505	42	RESP=1
652440	42	STIM=d
657392	42	RESP=1
670772	42	STIM=s
677523	42	RESP=1
689766	42	STIM=x
694773	42	RESP=1
705239	42	STIM=w
708929	42	RESP=1
722913	42	STIM=a
729793	42	RESP=1
738981	42	STIM=h
743685	42	RESP=1
755756	42	STIM=p
760433	42	RESP=1
771385	42	STIM=3
777189	42	RESP=1
789757	42	STIM=b
793621	42	RESP=1
805774	42	STIM=j
808760	42	RESP=1
821359	42	STIM=x
825902	42	RESP=1
840203	42	STIM=g
845392	42	RESP=1
855677	42	STIM=c
862567	42	RESP=1
870957	42	STIM=x
878709	42	RESP=1
886359	42	STIM=m
890284	42	RESP=1
905214	42	STIM=8
915103	42	RESP=1
922787	42	STIM=v
926160	42	RESP=1
941325	42	STIM=y
946146	42	RESP=1
958566	42	STIM=o
965338	42	RESP=1
976312	42	STIM=d
982199	42	RESP=1
992537	42	STIM=d
996193	42	RESP=1
1008898	42	STIM=l
1012733	42	RESP=1
1026724	42	STIM=a
1030800	42	RESP=1
1045110	42	STIM=b
1049025	42	RESP=1
1062940	42	STIM=5
1067755	42	RESP=2
1079912	42	STIM=g
1083911	42	RESP=1
1098420	42	STIM=7
1104554	42	RESP=2
1116004	42	STIM=p
1119355	42	RESP=1
1132087	42	STIM=8
1137083	42	RESP=2
1150375	42	STIM=a
1157819	42	RESP=2
1167530	42	STIM=0
1172711	42	RESP=2
1184424	42	STIM=n
1190205	42	RESP=1
1199943	42	STIM=4
1209736	42	RESP=2
1218186	42	STIM=w
1223688	42	RESP=1
1234582	42	STIM=x
1238278	42	RESP=1
1251706	42	STIM=b
1256051	42	RESP=1
1270699	42	STIM=8
1278690	42	RESP=2
1286614	42	STIM=i
1290448	42	RESP=2
1303672	42	STIM=w
1306744	42	RESP=2
1321405	42	STIM=x
1327484	42	RESP=1
1339015	42	STIM=4
1342879	42	RESP=2
1355263	42	STIM=d
1360799	42	RESP=1
1374012	42	STIM=s
1379641	42	RESP=1
1391298	42	STIM=y
1394839	42	RESP=1
1408190	42	STIM=0
1414875	42	RESP=2
1426891	42	STIM=1
1431343	42	RESP=1
1442239	42	STIM=q
1448468	42	RESP=1
1458934	42	STIM=q
1463346	42	RESP=1
1475664	42	STIM=4
1483057	42	RESP=2
1491052	42	STIM=h
1496045	42	RESP=1
1507094	42	STIM=y
1511567	42	RESP=1
1522710	42	STIM=z
1528375	42	RESP=1
1540359	42	STIM=4
1547161	42	RESP=2
1557072	42	STIM=3
1562073	42	RESP=2
1575218	42	STIM=k
1582946	42	RESP=1
1593722	42	STIM=o
1598006	42	RESP=1
1609002	42	STIM=f
1612722	42	RESP=1
1624759	42	STIM=z
1629345	42	RESP=1
1643590	42	STIM=1
1651011	42	RESP=1
1661477	42	STIM=j
1666313	42	RESP=1
1678346	42	STIM=j
1681805	42	RESP=1
1696189	42	STIM=c
1700978	42	RESP=1
1711811	42	STIM=h
1714778	42	RESP=2
1728906	42	STIM=e
1732219	42	RESP=1
1744948	42	STIM=d
1749337	42	RESP=1
1762129	42	STIM=i
1768345	42	RESP=1
1779818	42	STIM=u
1785327	42	RESP=2
1798216	42	STIM=h
1802002	42	RESP=1
1814802	42	STIM=b
1820711	42	RESP=1
1831739	42	STIM=o
1838157	42	RESP=1
1847871	42	STIM=h
1857038	42	RESP=1
1865141	42	STIM=u
1869328	42	RESP=1
1881089	42	STIM=x
1888025	42	RESP=1
1898706	42	STIM=4
1904144	42	RESP=2
1917674	42	STIM=r
1924163	42	RESP=1
1936303	42	STIM=p
1938855	42	RESP=1
1951765	42	STIM=e
1957054	42	RESP=1
1969613	42	STIM=8
1973116	42	RESP=2
1986654	42	STIM=n
1991083	42	RESP=1
2002961	42	STIM=a
2008387	42	RESP=1
2019788	42	STIM=f
2024602	42	RESP=1
2037627	42	STIM=w
2041308	42	RESP=1
2053550	42	STIM=7
2059056	42	RESP=2
2071630	42	STIM=p
2076368	42	RESP=1
2090053	42	STIM=i
2097802	42	RESP=1
2105709	42	STIM=s
2109111	42	RESP=1
2124371	42	STIM=4
2130694	42	RESP=2
2142794	42	STIM=h
2148174	42	RESP=1
2159152	42	STIM=e
2162671	42	RESP=1
2177163	42	STIM=x
2180351	42	RESP=1
2195280	42	STIM=3
2202071	42	RESP=2
2213850	42	STIM=e
2219326	42	RESP=1
2231937	42	STIM=c
2241363	42	RESP=1
2250336	42	STIM=o
2254009	42	RESP=1
2265718	42	STIM=u
2269340	42	RESP=1
2283931	42	STIM=m
2287711	42	RESP=1
2299254	42	STIM=o
2306264	42	RESP=2
2318044	42	STIM=i
2323106	42	RESP=1
2333166	42	STIM=q
2336540	42	RESP=1
2350374	42	STIM=p
2353032	42	RESP=1
2366702	42	STIM=8
2372235	42	RESP=2
2385516	42	STIM=a
2388819	42	RESP=1
2403860	42	STIM=4
2408085	42	RESP=2
2421023	42	STIM=m
2425781	42	RESP=1
2438377	42	STIM=3
2446792	42	RESP=2
2455624	42	STIM=e
2460962	42	RESP=1
2471132	42	STIM=u
2474357	42	RESP=1
2489500	42	STIM=f
2492687	42	RESP=1
2506552	42	STIM=b
2510728	42	RESP=1
2521907	42	STIM=s
2527469	42	RESP=1
2538465	42	STIM=n
2544796	42	RESP=1
2557380	42	STIM=8
2566527	42	RESP=2
2575811	42	STIM=m
2581536	42	RESP=1
2593935	42	STIM=e
2599179	42	RESP=1
2610240	42	STIM=8
2614740	42	RESP=2
2627959	42	STIM=s
2632366	42	RESP=1
2645988	42	STIM=o
2648441	42	RESP=1
2662489	42	STIM=s
2667659	42	RESP=1
2679465	42	STIM=l
2685216	42	RESP=1
2696778	42	STIM=h
2702073	42	RESP=1
2715535	42	STIM=i
2719609	42	RESP=1
2731197	42	STIM=g
2735169	42	RESP=1
2748194	42	STIM=l
2755372	42	RESP=1
2765126	42	STIM=d
2769744	42	RESP=1
2783140	42	STIM=1
2788125	42	RESP=2
2799828	42	STIM=d
2803687	42	RESP=1
2817129	42	STIM=y
2820602	42	RESP=1
2833177	42	STIM=4
2838036	42	RESP=2
2851004	42	STIM=d
2854136	42	RESP=1
2869523	42	STIM=n
2874160	42	RESP=1
2884532	42	STIM=3
2891669	42	RESP=2
2900057	42	STIM=6
2906069	42	RESP=2
2916265	42	STIM=c
2919448	42	RESP=2
2932551	42	STIM=n
2936910	42	RESP=1
2950010	42	STIM=h
2953192	42	RESP=1
2965483	42	STIM=r
2970104	42	RESP=1
2981773	42	STIM=c
2986472	42	RESP=1
3000034	42	STIM=y
3006458	42	RESP=1
3016798	42	STIM=i
3024229	42	RESP=1
3035176	42	STIM=a
3037827	42	RESP=1
3051033	42	STIM=s
3054707	42	RESP=1
3066518	42	STIM=3
3073085	42	RESP=2
3085384	42	STIM=2
3096613	42	RESP=2
3103093	42	STIM=7
3115457	42	RESP=2
3120559	42	STIM=y
3127963	42	RESP=1
3135915	42	STIM=m
3139258	42	RESP=1
3151516	42	STIM=m
3157009	42	RESP=1
3169767	42	STIM=z
3173786	42	RESP=1
3185390	42	STIM=t
3192561	42	RESP=1
3202200	42	STIM=e
3207724	42	RESP=1
3220684	42	STIM=u
3232111	42	RESP=1
3239051	42	STIM=c
3243649	42	RESP=1
3256861	42	STIM=h
3260098	42	RESP=1
3274210	42	STIM=y
3278246	42	RESP=1
3290818	42	STIM=6
3295306	42	RESP=2
3308972	42	STIM=u
3315766	42	RESP=1
3326855	42	STIM=s
3332910	42	RESP=2
3344355	42	STIM=y
3348458	42	RESP=1
3359396	42	STIM=i
3365671	42	RESP=1
3374960	42	STIM=i
3380696	42	RESP=1
3390334	42	STIM=y
3393713	42	RESP=1
3407849	42	STIM=r
3413561	42	RESP=1
3423402	42	STIM=s
3426689	42	RESP=1
3441257	42	STIM=j
3446070	42	RESP=1
3458522	42	STIM=e
3462207	42	RESP=1
3476098	42	STIM=b
3482881	42	RESP=1
3492574	42	STIM=p
3496778	42	RESP=1
3508039	42	STIM=z
3514197	42	RESP=1
3524594	42	STIM=3
3528432	42	RESP=2
3542855	42	STIM=o
3546639	42	RESP=1
3560965	42	STIM=r
3570477	42	RESP=1
3579326	42	STIM=g
3585409	42	RESP=1
3597105	42	STIM=q
3602524	42	RESP=1
3615202	42	STIM=n
3618524	42	RESP=1
3632889	42	STIM=w
3640014	42	RESP=1
3651885	42	STIM=w
3654808	42	RESP=1
3667935	42	STIM=w
3671522	42	RESP=1
3683871	42	STIM=u
3687665	42	RESP=1
3702454	42	STIM=n
3710203	42	RESP=1
3717526	42	STIM=h
3720981	42	RESP=1
3733479	42	STIM=t
3737261	42	RESP=1
3751135	42	STIM=a
3756916	42	RESP=1
3770019	42	STIM=5
3774693	42	RESP=2
3785649	42	STIM=z
3794729	42	RESP=2
3802063	42	STIM=t
3808177	42	RESP=1
3820098	42	STIM=l
3824744	42	RESP=1
3836427	42	STIM=c
3839519	42	RESP=1
3853222	42	STIM=2
3857380	42	RESP=2
3868521	42	STIM=d
3872766	42	RESP=1
3883907	42	STIM=j
3888434	42	RESP=1
3901753	42	STIM=7
3909739	42	RESP=2
3918756	42	STIM=o
3922490	42	RESP=1
3934558	42	STIM=j
3939598	42	RESP=1
3952870	42	STIM=w
3959346	42	RESP=1
3971012	42	STIM=o
3976144	42	RESP=1
3988306	42	STIM=k
3993234	42	RESP=1
4006824	42	STIM=x
4014332	42	RESP=1
4025641	42	STIM=5
4030227	42	RESP=2
4044425	42	STIM=0
4049788	42	RESP=2
4060810	42	STIM=j
4065509	42	RESP=1
4078541	42	STIM=p
4084685	42	RESP=1
4094419	42	STIM=q
4103210	42	RESP=1
4109891	42	STIM=s
4116911	42	RESP=1
4128882	42	STIM=s
4131675	42	RESP=1
4145993	42	STIM=k
4150180	42	RESP=1
4163016	42	STIM=3
4168209	42	RESP=2
4179901	42	STIM=i
4183543	42	RESP=1
4195915	42	STIM=n
4201863	42	RESP=1
4214586	42	STIM=l
4218639	42	RESP=1
4232468	42	STIM=m
4235670	42	RESP=1
4248878	42	STIM=g
4252591	42	RESP=1
4266050	42	STIM=d
4270201	42	RESP=1
4281513	42	STIM=1
4291055	42	RESP=2
4298729	42	STIM=z
4303414	42	RESP=1
4314587	42	STIM=x
4319513	42	RESP=1
4333565	42	STIM=s
4339027	42	RESP=1
4350983	42	STIM=j
4359009	42	RESP=1
4368077	42	STIM=q
4373016	42	RESP=1
4383459	42	STIM=j
4386781	42	RESP=1
4398808	42	STIM=e
4401292	42	RESP=1
4414407	42	STIM=y
4421603	42	RESP=1
4432344	42	STIM=e
4438725	42	RESP=1
4447967	42	STIM=9
4454472	42	RESP=2
4465724	42	STIM=j
4471761	42	RESP=1
4483039	42	STIM=0
4488211	42	RESP=2
4501530	42	STIM=5
4505867	42	RESP=2
4518835	42	STIM=c
4523797	42	RESP=1
4537445	42	STIM=h
4541649	42	RESP=1
4555976	42	STIM=0
4568097	42	RESP=2
4572220	42	STIM=h
4575570	42	RESP=1
4587858	42	STIM=m
4593220	42	RESP=1
4603216	42	STIM=d
4608344	42	RESP=1
4619799	42	STIM=d
4623002	42	RESP=1
4637245	42	STIM=o
4639876	42	RESP=2
4655312	42	STIM=n
4660699	42	RESP=1
4673327	42	STIM=a
4683497	42	RESP=1
4691847	42	STIM=w
4695881	42	RESP=1
4710195	42	STIM=o
4714584	42	RESP=1
4727836	42	STIM=r
4731989	42	RESP=1
4745288	42	STIM=0
4751216	42	RESP=2
4762529	42	STIM=e
4769604	42	RESP=1
4778224	42	STIM=6
4784257	42	RESP=2
4796910	42	STIM=x
4801224	42	RESP=1
4814601	42	STIM=n
4820092	42	RESP=2
4830797	42	STIM=j
4836683	42	RESP=1
4846122	42	STIM=n
4853166	42	RESP=1
4863099	42	STIM=i
4867125	42	RESP=1
4879424	42	STIM=9
4889183	42	RESP=2
4895324	42	STIM=e
4898981	42	RESP=1
4910525	42	STIM=j
4913569	42	RESP=1
4929522	42	STIM=s
4937703	42	RESP=1
4946329	42	STIM=2
4950543	42	RESP=2
4962135	42	STIM=5
4966754	42	RESP=2
4979182	42	STIM=r
4983710	42	RESP=1
4996443	42	STIM=2
5003406	42	RESP=2
5012075	42	STIM=f
5015492	42	RESP=1
5028012	42	STIM=1
5032513	42	RESP=2
5043800	42	STIM=w
5046798	42	RESP=1
5060396	42	STIM=k
5065337	42	RESP=1
5078854	42	STIM=b
5084090	42	RESP=2
5097703	42	STIM=4
5101884	42	RESP=2
5113920	42	STIM=a
5120903	42	RESP=1
5132665	42	STIM=u
5139300	42	RESP=1
5150137	42	STIM=v
5153573	42	RESP=1
5165824	42	STIM=a
5169313	42	RESP=1
5181227	42	STIM=x
5186810	42	RESP=1
5196674	42	STIM=r
5201324	42	RESP=1
5213402	42	STIM=0
5219833	42	RESP=2
5228668	42	STIM=i
5232326	42	RESP=1
5247464	42	STIM=8
5253987	42	RESP=2
5265504	42	STIM=4
5271158	42	RESP=2
5282246	42	STIM=d
5286883	42	RESP=1
5301102	42	STIM=l
5306533	42	RESP=1
5319781	42	STIM=1
5323885	42	RESP=2
5335836	42	STIM=f
5338763	42	RESP=1
5353713	42	STIM=5
5360019	42	RESP=2
5371514	42	STIM=o
5375085	42	RESP=1
5386869	42	STIM=o
5393076	42	RESP=1
5403494	42	STIM=b
5406303	42	RESP=1
5420948	42	STIM=o
5426449	42	RESP=1
5437539	42	STIM=z
5443496	42	RESP=1
5455243	42	STIM=r
5459944	42	RESP=1
5473261	42	STIM=k
5478050	42	RESP=1
5491428	42	STIM=k
5497698	42	RESP=1
5507071	42	STIM=t
5512328	42	RESP=1
5522653	42	STIM=i
5527694	42	RESP=1
5538969	42	STIM=h
5542003	42	RESP=2
5555969	42	STIM=4
5561881	42	RESP=1
5572833	42	STIM=r
5577498	42	RESP=1
5590213	42	STIM=p
5594877	42	RESP=1
5606017	42	STIM=c
5609881	42	RESP=1
5622031	42	STIM=t
5626819	42	RESP=1
5637687	42	STIM=e
5644769	42	RESP=1
5655039	42	STIM=b
5659513	42	RESP=1
5671810	42	STIM=j
5675511	42	RESP=1
5687831	42	STIM=o
5691790	42	RESP=1
5702995	42	STIM=g
5707668	42	RESP=1
5718273	42	STIM=r
5723700	42	RESP=2
5735189	42	STIM=5
5739773	42	RESP=1
5750424	42	STIM=u
5754477	42	RESP=1
5767246	42	STIM=7
5775488	42	RESP=2
5786138	42	STIM=a
5789979	42	RESP=1
5804781	42	STIM=b
5810755	42	RESP=1
5820789	42	STIM=w
5823350	42	RESP=1
5837280	42	STIM=0
5844229	42	RESP=2
5854112	42	STIM=n
5857025	42	RESP=1
5869384	42	STIM=w
5873299	42	RESP=1
5887647	42	STIM=k
5891373	42	RESP=1
5903532	42	STIM=o
5910777	42	RESP=1
5918819	42	STIM=n
5922522	42	RESP=1
5934509	42	STIM=j
5938813	42	RESP=1
5953436	42	STIM=o
5958276	42	RESP=1
5971126	42	STIM=f
5974596	42	RESP=1
5987631	42	STIM=j
5991552	42	RESP=1
6003305	42	STIM=q
6008784	42	RESP=1
6021876	42	STIM=d
6026138	42	RESP=1
6039017	42	STIM=8
6044600	42	RESP=2
6057777	42	STIM=d
6064869	42	RESP=1
6073844	42	STIM=q
6078539	42	RESP=1
6089698	42	STIM=e
6094704	42	RESP=1
6107022	42	STIM=b
6112973	42	RESP=1
6123494	42	STIM=j
6126566	42	RESP=1
6138694	42	STIM=a
6143238	42	RESP=1
6155075	42	STIM=x
6160129	42	RESP=1
6172697	42	STIM=j
6178863	42	RESP=1
6187806	42	STIM=0
6192392	42	RESP=2
6203318	42	STIM=n
6208389	42	RESP=1
6219110	42	STIM=f
6223234	42	RESP=1
6234290	42	STIM=h
6237404	42	RESP=1
6251458	42	STIM=c
6257572	42	RESP=1
6267626	42	STIM=w
6271783	42	RESP=1
6283232	42	STIM=7
6286617	42	RESP=1
6299268	42	STIM=7
6307153	42	RESP=2
6315771	42	STIM=r
6321621	42	RESP=1
6334688	42	STIM=k
6339050	42	RESP=1
6353336	42	STIM=m
6360125	42	RESP=1
6368408	42	STIM=z
6373785	42	RESP=1
6385769	42	STIM=n
6393471	42	RESP=1
6402738	42	STIM=q
6409157	42	RESP=1
6420294	42	STIM=j
6425748	42	RESP=1
6435377	42	STIM=o
6447400	42	RESP=1
6451856	42	STIM=2
6458364	42	RESP=2
6469558	42	STIM=r
6476369	42	RESP=1
6486920	42	STIM=q
6492926	42	RESP=1
6502472	42	STIM=n
6505978	42	RESP=2
6519913	42	STIM=w
6523833	42	RESP=1
6537806	42	STIM=p
6542213	42	RESP=1
6556099	42	STIM=f
6561645	42	RESP=1
6574047	42	STIM=t
6577290	42	RESP=1
6591083	42	STIM=l
6594501	42	RESP=1
6609144	42	STIM=8
6614407	42	RESP=2
6625431	42	STIM=m
6630010	42	RESP=1
6643823	42	STIM=g
6648869	42	RESP=1
6662590	42	STIM=j
6670899	42	RESP=1
6680397	42	STIM=9
6684263	42	RESP=2
6697989	42	STIM=8
6702726	42	RESP=2
6714795	42	STIM=f
6722316	42	RESP=1
6731638	42	STIM=g
6739033	42	RESP=1
6750316	42	STIM=6
6755194	42	RESP=2
6768920	42	STIM=x
6772949	42	RESP=1
6787278	42	STIM=o
6790879	42	RESP=1
6803348	42	STIM=h
6809126	42	RESP=2
6818413	42	STIM=g
6822323	42	RESP=1
6837181	42	STIM=w
6840446	42	RESP=1
6855129	42	STIM=0
6861671	42	RESP=2
6871704	42	STIM=c
6878888	42	RESP=1
6888969	42	STIM=y
6892764	42	RESP=1
6907148	42	STIM=n
6916257	42	RESP=1
6922704	42	STIM=e
6927507	42	RESP=1
6940159	42	STIM=x
6950563	42	RESP=1
6957066	42	STIM=b
6961344	42	RESP=1
6976050	42	STIM=h
6982473	42	RESP=1
6992268	42	STIM=s
6996441	42	RESP=1
7010883	42	STIM=k
7015281	42	RESP=1
7026944	42	STIM=d
7032647	42	RESP=1
7045442	42	STIM=m
7048839	42	RESP=1
7062123	42	STIM=s
7066638	42	RESP=1
7078410	42	STIM=f
7083651	42	RESP=1
7096629	42	STIM=1
7105321	42	RESP=1
7112193	42	STIM=h
7120301	42	RESP=1
7127468	42	STIM=s
7134784	42	RESP=1
7143277	42	STIM=k
7147052	42	RESP=1
7161296	42	STIM=5
7167638	42	RESP=2
7176821	42	STIM=f
7184006	42	RESP=1
7194715	42	STIM=w
7197763	42	RESP=1
7210694	42	STIM=8
7215425	42	RESP=1
7227682	42	STIM=u
7231530	42	RESP=1
7244034	42	STIM=0
7247438	42	RESP=2
7261856	42	STIM=p
7269310	42	RESP=1
7277392	42	STIM=c
7280876	42	RESP=1
7292721	42	STIM=p
7298668	42	RESP=1
7308550	42	STIM=w
7314773	42	RESP=1
7323836	42	STIM=r
7331894	42	RESP=1
7340134	42	STIM=z
7344200	42	RESP=1
7357519	42	STIM=a
7360511	42	RESP=1
7374929	42	STIM=s
7377962	42	RESP=1
7390359	42	STIM=c
7394739	42	RESP=2
7406056	42	STIM=j
7411111	42	RESP=1
7422376	42	STIM=2
7429706	42	RESP=2
7438248	42	STIM=9
7444603	42	RESP=2
7454458	42	STIM=w
7459650	42	RESP=1
7472122	42	STIM=u
7477385	42	RESP=1
7490803	42	STIM=o
7498061	42	RESP=1
7506752	42	STIM=2
7511935	42	RESP=2
7524649	42	STIM=x
7532732	42	RESP=1
7541768	42	STIM=c
7549118	42	RESP=1
7560647	42	STIM=l
7566207	42	RESP=1
7576584	42	STIM=z
7579632	42	RESP=1
7593853	42	STIM=7
7599451	42	RESP=2
7610578	42	STIM=n
7615607	42	RESP=1
7627510	42	STIM=3
7636689	42	RESP=2
7643256	42	STIM=z
7647677	42	RESP=1
7661520	42	STIM=i
7665457	42	RESP=1
7678561	42	STIM=z
7681205	42	RESP=1
7694208	42	STIM=2
7698791	42	RESP=2
7709992	42	STIM=k
7717021	42	RESP=1
7725224	42	STIM=2
7730128	42	RESP=2
7741438	42	STIM=1
7747229	42	RESP=2
7758467	42	STIM=i
7763645	42	RESP=1
7774266	42	STIM=o
7777981	42	RESP=1
7792851	42	STIM=9
7798405	42	RESP=2
7808443	42	STIM=3
7815576	42	RESP=2
7823568	42	STIM=k
7827765	42	RESP=1
7842082	42	STIM=7
7847226	42	RESP=2
7858179	42	STIM=7
7862635	42	RESP=2
7877163	42	STIM=m
7882093	42	RESP=1
7893560	42	STIM=p
7900931	42	RESP=1
7908581	42	STIM=o
7912019	42	RESP=1
7924125	42	STIM=r
7927106	42	RESP=1
7942112	42	STIM=a
7949971	42	RESP=1
7957723	42	STIM=1
7961400	42	RESP=2
7974577	42	STIM=2
7985808	42	RESP=1
7992495	42	STIM=n
7997551	42	RESP=1
8007733	42	STIM=2
8011727	42	RESP=2
8023858	42	STIM=f
8029953	42	RESP=1
8040246	42	STIM=j
8043765	42	RESP=1
8057553	42	STIM=z
8062604	42	RESP=1
8076178	42	STIM=n
8078779	42	RESP=1
8093923	42	STIM=x
8099239	42	RESP=1
8110703	42	STIM=x
8116323	42	RESP=1
8129423	42	STIM=w
8132899	42	RESP=1
8145265	42	STIM=r
8149888	42	RESP=1
8162399	42	STIM=o
8165419	42	RESP=1
8180216	42	STIM=x
8184397	42	RESP=1
8196072	42	STIM=j
8203810	42	RESP=1
8214133	42	STIM=e
8218684	42	RESP=1
8229934	42	STIM=e
8234077	42	RESP=1
8247379	42	STIM=c
8251653	42	RESP=1
8263136	42	STIM=7
8268850	42	RESP=2
8282011	42	STIM=r
8287361	42	RESP=1
8297972	42	STIM=r
8303599	42	RESP=1
8313993	42	STIM=x
8319697	42	RESP=1
8329291	42	STIM=x
8336370	42	RESP=1
8345763	42	STIM=i
8349641	42	RESP=1
8361492	42	STIM=u
8365052	42	RESP=2
8378317	42	STIM=g
8382467	42	RESP=1
8395354	42	STIM=9
8400550	42	RESP=2
8413614	42	STIM=v
8417653	42	RESP=1
8431774	42	STIM=b
8437060	42	RESP=1
8446781	42	STIM=c
8449960	42	RESP=1
8462395	42	STIM=h
8467345	42	RESP=1
8481265	42	STIM=3
8486827	42	RESP=2
8499924	42	STIM=u
8505085	42	RESP=1
8516986	42	STIM=x
8520897	42	RESP=1
8534971	42	STIM=5
8538743	42	RESP=2
8552329	42	STIM=u
8555358	42	RESP=1
8569254	42	STIM=a
8576349	42	RESP=1
8586514	42	STIM=x
8591468	42	RESP=1
8603813	42	STIM=l
8609993	42	RESP=1
8619753	42	STIM=x
8626227	42	RESP=1
8637198	42	STIM=l
8641136	42	RESP=1
8653432	42	STIM=u
8661518	42	RESP=1
8671582	42	STIM=c
8675196	42	RESP=1
8688898	42	STIM=c
8692548	42	RESP=1
8705547	42	STIM=e
8709828	42	RESP=1
8722230	42	STIM=c
8725377	42	RESP=1
8740755	42	STIM=u
8747426	42	RESP=1
8758074	42	STIM=s
8766888	42	RESP=1
8775437	42	STIM=q
8779885	42	RESP=1
8790643	42	STIM=t
8795085	42	RESP=1
8806092	42	STIM=p
8811697	42	RESP=1
8823909	42	STIM=p
8827360	42	RESP=1
8839499	42	STIM=6
8845165	42	RESP=2
8856568	42	STIM=v
8862315	42	RESP=1
8874326	42	STIM=c
8879572	42	RESP=1
8891267	42	STIM=f
8897408	42	RESP=1
8907577	42	STIM=q
8910509	42	RESP=1
8924152	42	STIM=u
8929534	42	RESP=1
8943095	42	STIM=a
8949253	42	RESP=1
8962046	42	STIM=a
8965172	42	RESP=1
8977541	42	STIM=f
8981427	42	RESP=1
8995172	42	STIM=s
9003150	42	RESP=1
9012710	42	STIM=6
9019384	42	RESP=2
9031061	42	STIM=s
9042077	42	RESP=1
9046663	42	STIM=x
9054150	42	RESP=1
9065508	42	STIM=6
9069167	42	RESP=2
9083710	42	STIM=d
9087064	42	RESP=1
9102271	42	STIM=8
9108554	42	RESP=2
9117993	42	STIM=o
9121376	42	RESP=1
9134666	42	STIM=q
9137778	42	RESP=1
9153072	42	STIM=s
9158537	42	RESP=1
9171413	42	STIM=9
9180943	42	RESP=2
9187813	42	STIM=e
9191614	42	RESP=1
9206680	42	STIM=b
9210956	42	RESP=1
9222318	42	STIM=3
9228576	42	RESP=2
9241026	42	STIM=r
9245212	42	RESP=1
9256672	42	STIM=c
9261385	42	RESP=2
9273309	42	STIM=v
9276858	42	RESP=1
9292027	42	STIM=x
9298044	42	RESP=1
9310076	42	STIM=v
9314254	42	RESP=1
9328809	42	STIM=g
9331972	42	RESP=1
9347319	42	STIM=u
9350661	42	RESP=1
9364686	42	STIM=c
9368494	42	RESP=1
9379709	42	STIM=1
9384172	42	RESP=2
9398397	42	STIM=a
9407030	42	RESP=1
9414295	42	STIM=8
9420845	42	RESP=2
9431837	42	STIM=9
9437619	42	RESP=2
9447198	42	STIM=g
9451562	42	RESP=1
9464062	42	STIM=x
9469389	42	RESP=1
9481236	42	STIM=9
9488283	42	RESP=2
9497970	42	STIM=a
9504963	42	RESP=1
9516763	42	STIM=v
9519628	42	RESP=1
9533177	42	STIM=u
9536095	42	RESP=1
9548566	42	STIM=6
9555959	42	RESP=2
9566322	42	STIM=e
9571254	42	RESP=1
9583861	42	STIM=a
9588280	42	RESP=1
9599805	42	STIM=h
9611060	42	RESP=1
9617412	42	STIM=s
9622347	42	RESP=1
9633060	42	STIM=5
9643385	42	RESP=2
9651866	42	STIM=j
9655334	42	RESP=1
9669667	42	STIM=4
9673848	42	RESP=2
9687222	42	STIM=6
9693152	42	RESP=2
9703295	42	STIM=l
9709820	42	RESP=1
9719791	42	STIM=g
9725883	42	RESP=1
9738062	42	STIM=s
9743102	42	RESP=1
9754242	42	STIM=a
9759388	42	RESP=1
9770595	42	STIM=t
9780408	42	RESP=1
9787208	42	STIM=i
9794720	42	RESP=2
9804914	42	STIM=y
9810769	42	RESP=2
9821335	42	STIM=0
9826298	42	RESP=1
9838810	42	STIM=f
9842977	42	RESP=1
9857008	42	STIM=9
9862481	42	RESP=2
9875207	42	STIM=m
9880519	42	RESP=1
9893000	42	STIM=f
9897250	42	RESP=1
9911480	42	STIM=m
9914457	42	RESP=1
9930010	42	STIM=f
9933516	42	RESP=1
9948920	42	STIM=y
9953798	42	RESP=1
9963973	42	STIM=l
9968291	42	RESP=1
9981201	42	STIM=j
9984405	42	RESP=1
9996699	42	STIM=o
10002507	42	RESP=1
10014853	42	STIM=r
10018655	42	RESP=1
10032673	42	STIM=n
10035863	42	RESP=1
10049042	42	STIM=k
10052011	42	RESP=1
10067049	42	STIM=2
10071112	42	RESP=2
10084244	42	STIM=o
10089443	42	RESP=1
10101312	42	STIM=b
10104906	42	RESP=1
10117318	42	STIM=e
10121237	42	RESP=1
10135983	42	STIM=j
10141550	42	RESP=1
10154712	42	STIM=z
10158659	42	RESP=1
10171875	42	STIM=e
10177633	42	RESP=1
10190772	42	STIM=n
10198997	42	RESP=1
10207929	42	STIM=r
10211735	42	RESP=1
10223424	42	STIM=z
10226347	42	RESP=1
10240272	42	STIM=0
10244635	42	RESP=2
10256924	42	STIM=h
10265688	42	RESP=1
10275803	42	STIM=j
10280188	42	RESP=1
10291338	42	STIM=9
10298781	42	RESP=2
10310275	42	STIM=d
10322539	42	RESP=1
10325690	42	STIM=6
10333935	42	RESP=2
10341312	42	STIM=t
10344718	42	RESP=1
10356815	42	STIM=c
10359603	42	RESP=1
10374441	42	STIM=z
10379982	42	RESP=1
10390800	42	STIM=5
10396542	42	RESP=2
10405831	42	STIM=w
10410872	42	RESP=1
10423682	42	STIM=i
10428915	42	RESP=1
10439391	42	STIM=j
10443897	42	RESP=1
10455899	42	STIM=n
10460176	42	RESP=1
10471297	42	STIM=m
10475333	42	RESP=1
10486875	42	STIM=y
10492452	42	RESP=1
10502501	42	STIM=h
10509585	42	RESP=1
10518704	42	STIM=5
10523896	42	RESP=2
10537550	42	STIM=n
10541709	42	RESP=1
10554501	42	STIM=t
10557719	42	RESP=1
10572004	42	STIM=8
10581915	42	RESP=2
10590970	42	STIM=e
10596564	42	RESP=1
10608740	42	STIM=v
10617703	42	RESP=1
10624558	42	STIM=e
10630237	42	RESP=1
10641862	42	STIM=w
10647432	42	RESP=1
10659307	42	STIM=x
10664850	42	RESP=1
10675392	42	STIM=s
10678473	42	RESP=1
10692849	42	STIM=9
10697970	42	RESP=2
10708115	42	STIM=1
10714568	42	RESP=2
10725867	42	STIM=r
10728572	42	RESP=1
10742864	42	STIM=w
10749208	42	RESP=1
10760683	42	STIM=c
10769748	42	RESP=1
10776261	42	STIM=h
10783779	42	RESP=1
10794401	42	STIM=p
10801452	42	RESP=1
10812809	42	STIM=9
10819842	42	RESP=2
10828757	42	STIM=r
10834309	42	RESP=1
10846574	42	STIM=o
10851484	42	RESP=1
10864146	42	STIM=e
10869304	42	RESP=1
10880022	42	STIM=s
10884184	42	RESP=1
10898267	42	STIM=f
10903371	42	RESP=1
10915519	42	STIM=f
10920405	42	RESP=1
10933441	42	STIM=g
10937196	42	RESP=1
10948998	42	STIM=c
10952518	42	RESP=1
10965422	42	STIM=9
10971121	42	RESP=2
10980778	42	STIM=t
10985051	42	RESP=1
10997373	42	STIM=6
11001396	42	RESP=2
11015526	42	STIM=1
11021852	42	RESP=2
11031021	42	STIM=u
11034923	42	RESP=1
11049242	42	STIM=9
11055829	42	RESP=1
11067334	42	STIM=3
11070699	42	RESP=2
11083328	42	STIM=4
11086846	42	RESP=2
11098869	42	STIM=0
11103614	42	RESP=2
11117697	42	STIM=b
11121431	42	RESP=1
11133164	42	STIM=p
11137950	42	RESP=1
11150833	42	STIM=w
11153798	42	RESP=1
11167554	42	STIM=o
11176654	42	RESP=1
11185248	42	STIM=k
11189372	42	RESP=1
11202757	42	STIM=5
11208895	42	RESP=2
11221671	42	STIM=i
11231455	42	RESP=1
11238968	42	STIM=x
11242176	42	RESP=1
11254748	42	STIM=8
11259278	42	RESP=1
11270254	42	STIM=e
11274802	42	RESP=1
11286109	42	STIM=o
11290773	42	RESP=1
11302408	42	STIM=e
11306130	42	RESP=1
11320631	42	STIM=h
11328812	42	RESP=1
11337673	42	STIM=y
11341683	42	RESP=1
11352898	42	STIM=n
11356282	42	RESP=1
11368298	42	STIM=e
11372039	42	RESP=1
11384027	42	STIM=h
11386542	42	RESP=1
11400820	42	STIM=k
11403709	42	RESP=1
11418049	42	STIM=6
11422632	42	RESP=2
11434048	42	STIM=n
11438576	42	RESP=1
11449101	42	STIM=9
11455246	42	RESP=2
11466140	42	STIM=1
11472147	42	RESP=2
11482955	42	STIM=q
11487307	42	RESP=2
11500596	42	STIM=a
11506542	42	RESP=1
11519197	42	STIM=a
11524322	42	RESP=1
11537843	42	STIM=a
11544147	42	RESP=1
11556476	42	STIM=k
11563757	42	RESP=1
11574557	42	STIM=6
11579626	42	RESP=2
11591886	42	STIM=i
11597105	42	RESP=1
11608066	42	STIM=w
11611742	42	RESP=1
11625890	42	STIM=e
11629615	42	RESP=1
11643537	42	STIM=u
11647643	42	RESP=1
11660196	42	STIM=a
11665601	42	RESP=1
11677598	42	STIM=f
11681608	42	RESP=1
11695290	42	STIM=j
11703284	42	RESP=1
11712373	42	STIM=a
11718967	42	RESP=1
11730980	42	STIM=6
11734955	42	RESP=1
11748914	42	STIM=9
11753424	42	RESP=2
11766714	42	STIM=c
11770029	42	RESP=1
11783095	42	STIM=p
11787803	42	RESP=1
11799114	42	STIM=c
11802150	42	RESP=1
11817591	42	STIM=h
11821385	42	RESP=1
11835143	42	STIM=9
11839357	42	RESP=1
11851760	42	STIM=a
11857293	42	RESP=1
11868435	42	STIM=5
11872756	42	RESP=2
11884685	42	STIM=x
11890544	42	RESP=1
11903265	42	STIM=x
11907688	42	RESP=1
11919371	42	STIM=2
11924006	42	RESP=2
11936411	42	STIM=p
11940884	42	RESP=1
11952288	42	STIM=x
11955168	42	RESP=1
11967493	42	STIM=g
11970900	42	RESP=1
11982635	42	STIM=j
11986310	42	RESP=1
11998271	42	STIM=u
12002070	42	RESP=1
12016132	42	STIM=a
12020467	42	RESP=1
12034000	42	STIM=t
12043111	42	RESP=1
12051355	42	STIM=h
12056328	42	RESP=1
12066758	42	STIM=g
12071657	42	RESP=1
12085675	42	STIM=n
12091033	42	RESP=2
12100680	42	STIM=p
12105573	42	RESP=1
12117354	42	STIM=z
12120853	42	RESP=1
12134561	42	STIM=b
12140825	42	RESP=1
12152036	42	STIM=q
12156402	42	RESP=1
12170343	42	STIM=1
12174170	42	RESP=2
12186904	42	STIM=j
12189479	42	RESP=1
12202722	42	STIM=t
12206612	42	RESP=1
12219775	42	STIM=8
12223725	42	RESP=2
12238561	42	STIM=k
12243968	42	RESP=1
12254109	42	STIM=e
12262870	42	RESP=1
12270914	42	STIM=3
12274651	42	RESP=2
12286187	42	STIM=1
12297224	42	RESP=2
12301411	42	STIM=q
12305459	42	RESP=1
12316721	42	STIM=r
12319792	42	RESP=1
12333038	42	STIM=p
12338126	42	RESP=1
12349296	42	STIM=d
12354691	42	RESP=1
12364605	42	STIM=b
12369871	42	RESP=1
12381388	42	STIM=e
12386642	42	RESP=1
12398936	42	STIM=t
12404815	42	RESP=1
12414064	42	STIM=d
12420841	42	RESP=1
12430765	42	STIM=i
12435044	42	RESP=1
12449470	42	STIM=r
12453322	42	RESP=1
12466643	42	STIM=e
12470619	42	RESP=1
12485424	42	STIM=n
12489202	42	RESP=1
12502265	42	STIM=f
12507995	42	RESP=1
12517306	42	STIM=8
12521300	42	RESP=2
12534704	42	STIM=d
12537771	42	RESP=1
12550908	42	STIM=h
12553839	42	RESP=1
12567639	42	STIM=9
12575243	42	RESP=2
12582670	42	STIM=e
12589054	42	RESP=1
12600620	42	STIM=s
12604509	42	RESP=1
12617949	42	STIM=o
12621474	42	RESP=1
12634741	42	STIM=i
12637475	42	RESP=1
12652061	42	STIM=5
12659234	42	RESP=2
12670058	42	STIM=s
12674618	42	RESP=1
12687146	42	STIM=p
12690101	42	RESP=2
12702262	42	STIM=g
12708249	42	RESP=1
12717328	42	STIM=o
12721966	42	RESP=1
12733655	42	STIM=k
12737499	42	RESP=1
12751529	42	STIM=m
12757087	42	RESP=1
12767062	42	STIM=l
12771157	42	RESP=1
12784130	42	STIM=q
12788428	42	RESP=1
12801485	42	STIM=0
12805524	42	RESP=2
12818094	42	STIM=b
12821283	42	RESP=1
12836740	42	STIM=p
12845647	42	RESP=1
12853692	42	STIM=n
12856866	42	RESP=1
12869640	42	STIM=l
12873829	42	RESP=1
12885831	42	STIM=9
12892580	42	RESP=2
12901115	42	STIM=2
12905246	42	RESP=2
12917487	42	STIM=h
12920383	42	RESP=1
12936373	42	STIM=t
12940784	42	RESP=1
12954115	42	STIM=3
12963301	42	RESP=2
12969414	42	STIM=v
12973923	42	RESP=1
12985558	42	STIM=5
12990053	42	RESP=2
13001540	42	STIM=8
13009062	42	RESP=2
13019297	42	STIM=x
13025040	42	RESP=1
13035952	42	STIM=p
13044033	42	RESP=1
13054760	42	STIM=d
13058150	42	RESP=1
13071841	42	STIM=p
13076676	42	RESP=1
13088876	42	STIM=n
13092042	42	RESP=1
13107470	42	STIM=l
13110481	42	RESP=1
13124813	42	STIM=x
13127743	42	RESP=1
13143053	42	STIM=e
13147884	42	RESP=1
13161099	42	STIM=q
13165267	42	RESP=2
13177238	42	STIM=v
13180240	42	RESP=1
13193869	42	STIM=k
13198776	42	RESP=1
13209360	42	STIM=s
13214414	42	RESP=1
13225826	42	STIM=x
13232869	42	RESP=1
13243422	42	STIM=i
13248324	42	RESP=1
13258528	42	STIM=6
13262338	42	RESP=2
13275273	42	STIM=a
13278722	42	RESP=1
13293152	42	STIM=n
13296940	42	RESP=1
13308489	42	STIM=1
13316052	42	RESP=1
13324585	42	STIM=b
13330613	42	RESP=1
13342147	42	STIM=n
13345769	42	RESP=1
13358411	42	STIM=g
13361808	42	RESP=1
13376939	42	STIM=g
13383422	42	RESP=1
13393717	42	STIM=h
13396872	42	RESP=1
13409852	42	STIM=i
13415914	42	RESP=1
13424919	42	STIM=c
13430919	42	RESP=1
13440766	42	STIM=i
13443657	42	RESP=1
13456134	42	STIM=m
13463096	42	RESP=1
13474812	42	STIM=p
13477475	42	RESP=1
13493523	42	STIM=e
13499731	42	RESP=1
13510721	42	STIM=i
13518244	42	RESP=1
13525990	42	STIM=a
13532253	42	RESP=1
13541302	42	STIM=y
13544812	42	RESP=1
13559171	42	STIM=d
13565808	42	RESP=1
13577989	42	STIM=h
13582563	42	RESP=1
13596278	42	STIM=b
13600092	42	RESP=1
13614445	42	STIM=b
13622591	42	RESP=1
13629581	42	STIM=l
13635476	42	RESP=1
13646707	42	STIM=e
13652434	42	RESP=1
13665587	42	STIM=p
13669186	42	RESP=1
13681203	42	STIM=g
13684921	42	RESP=1
13699861	42	STIM=6
13707849	42	RESP=2
13716515	42	STIM=3
13719781	42	RESP=2
13734380	42	STIM=j
13739369	42	RESP=2
13750465	42	STIM=o
13755829	42	RESP=2
13765579	42	STIM=s
13768750	42	RESP=1
13784263	42	STIM=v
13789006	42	RESP=1
13802932	42	STIM=9
13807446	42	RESP=2
13818038	42	STIM=v
13823365	42	RESP=1
13834785	42	STIM=y
13840318	42	RESP=1
13853706	42	STIM=p
13859253	42	RESP=1
13870763	42	STIM=x
13874366	42	RESP=1
13887357	42	STIM=1
13892703	42	RESP=2
13903181	42	STIM=w
13906271	42	RESP=1
13919826	42	STIM=r
13925150	42	RESP=1
13938287	42	STIM=q
13944074	42	RESP=1
13953912	42	STIM=k
13957162	42	RESP=1
13972408	42	STIM=6
13978014	42	RESP=2
13987519	42	STIM=t
13995600	42	RESP=1
14005252	42	STIM=k
14009017	42	RESP=1
14021998	42	STIM=r
14024748	42	RESP=1
14038986	42	STIM=v
14044716	42	RESP=1
14055018	42	STIM=d
14061888	42	RESP=1
14072061	42	STIM=k
14078634	42	RESP=1
14088159	42	STIM=o
14092193	42	RESP=1
14104188	42	STIM=3
14110203	42	RESP=2
14119343	42	STIM=u
14128114	42	RESP=1
14137649	42	STIM=z
14141498	42	RESP=1
14155060	42	STIM=p
14159308	42	RESP=1
14172441	42	STIM=o
14179189	42	RESP=1
14188112	42	STIM=o
14194262	42	RESP=1
14206969	42	STIM=w
14209839	42	RESP=1
14224424	42	STIM=e
14227930	42	RESP=2
14241359	42	STIM=k
14245660	42	RESP=1
14260101	42	STIM=q
14265073	42	RESP=1
14275234	42	STIM=6
14279921	42	RESP=2
14293510	42	STIM=n
14296695	42	RESP=1
14308962	42	STIM=h
14312054	42	RESP=1
14327068	42	STIM=w
14332161	42	RESP=1
14343448	42	STIM=9
14348453	42	RESP=2
14360169	42	STIM=s
14365179	42	RESP=1
14379000	42	STIM=y
14385035	42	RESP=1
14394028	42	STIM=e
14399667	42	RESP=1
14412509	42	STIM=p
14416064	42	RESP=1
14427913	42	STIM=g
14432628	42	RESP=1
14445026	42	STIM=x
14453043	42	RESP=1
14463625	42	STIM=3
14468562	42	RESP=2
14479384	42	STIM=9
14483442	42	RESP=2
14494973	42	STIM=h
14498075	42	RESP=1
14511042	42	STIM=h
14514460	42	RESP=1
14529863	42	STIM=t
14535447	42	RESP=1
14548079	42	STIM=e
14552214	42	RESP=2
14563323	42	STIM=k
14567829	42	RESP=1
14580993	42	STIM=q
14589863	42	RESP=1
14596383	42	STIM=n
14602666	42	RESP=1
14611668	42	STIM=y
14615346	42	RESP=1
14630409	42	STIM=f
14633987	42	RESP=1
14648348	42	STIM=o
14654966	42	RESP=1
14664891	42	STIM=d
14668673	42	RESP=1
14681641	42	STIM=c
14686933	42	RESP=1
14698712	42	STIM=n
14702463	42	RESP=1
14714012	42	STIM=e
14717932	42	RESP=1
14730878	42	STIM=v
14734680	42	RESP=1
14748201	42	STIM=u
14755824	42	RESP=1
14763799	42	STIM=w
14767694	42	RESP=1
14781856	42	STIM=q
14791753	42	RESP=1
14800001	42	STIM=h
14803751	42	RESP=1
14816225	42	STIM=3
14824329	42	RESP=2
14835050	42	STIM=f
14838926	42	RESP=1
14851228	42	STIM=0
14855684	42	RESP=2
14867736	42	STIM=c
14872661	42	RESP=1
14886443	42	STIM=b
14891513	42	RESP=1
14904980	42	STIM=1
14912118	42	RESP=2
14920388	42	STIM=b
14922950	42	RESP=1
14938053	42	STIM=w
14943807	42	RESP=1
14956900	42	STIM=k
14966791	42	RESP=1
14973213	42	STIM=k
14976781	42	RESP=1
14990859	42	STIM=g
14994177	42	RESP=1
15006582	42	STIM=y
15010672	42	RESP=1
15025553	42	STIM=l
15028601	42	RESP=1
15040653	42	STIM=w
15049950	42	RESP=1
15056678	42	STIM=s
15060078	42	RESP=1
15074268	42	STIM=0
15083836	42	RESP=2
15090881	42	STIM=q
15093698	42	RESP=1
15109544	42	STIM=w
15113407	42	RESP=1
15126960	42	STIM=z
15132066	42	RESP=1
15143015	42	STIM=e
15149149	42	RESP=1
15158769	42	STIM=s
15162844	42	RESP=1
15175536	42	STIM=x
15183663	42	RESP=1
15191305	42	STIM=0
15196377	42	RESP=2
15208108	42	STIM=5
15214176	42	RESP=1
15226751	42	STIM=j
15235409	42	RESP=1
15244302	42	STIM=y
15250166	42	RESP=1
15260841	42	STIM=0
15268095	42	RESP=2
15278169	42	STIM=h
15284357	42	RESP=1
15294291	42	STIM=g
15299094	42	RESP=1
15309573	42	STIM=l
15313595	42	RESP=1
15327029	42	STIM=3
15331213	42	RESP=2
15344568	42	STIM=v
15349808	42	RESP=1
15361945	42	STIM=s
15366573	42	RESP=1
15380245	42	STIM=h
15383448	42	RESP=1
15396105	42	STIM=j
15400315	42	RESP=1
15414807	42	STIM=p
15421535	42	RESP=1
15430650	42	STIM=v
15434878	42	RESP=1
15447520	42	STIM=i
15451473	42	RESP=1
15464808	42	STIM=o
15472529	42	RESP=1
15481971	42	STIM=v
15487162	42	RESP=1
15497412	42	STIM=3
15501565	42	RESP=2
15513953	42	STIM=k
15516906	42	RESP=1
15529554	42	STIM=q
15535958	42	RESP=1
15546818	42	STIM=9
15552541	42	RESP=2
15565557	42	STIM=b
15569318	42	RESP=1
15584541	42	STIM=h
15591157	42	RESP=1
15602126	42	STIM=2
15608771	42	RESP=2
15620538	42	STIM=t
15625275	42	RESP=1
15637844	42	STIM=7
15643383	42	RESP=2
15653336	42	STIM=u
15658699	42	RESP=1
15669160	42	STIM=q
15672353	42	RESP=1
15684659	42	STIM=m
15688981	42	RESP=1
15699687	42	STIM=a
15702340	42	RESP=1
15716408	42	STIM=6
15720521	42	RESP=2
15734029	42	STIM=y
15741641	42	RESP=1
15751618	42	STIM=g
15755465	42	RESP=1
15767962	42	STIM=g
15773206	42	RESP=1
15784982	42	STIM=1
15791104	42	RESP=2
15802581	42	STIM=b
15806713	42	RESP=1
15820794	42	STIM=x
15827814	42	RESP=1
15836886	42	STIM=x
15841906	42	RESP=1
15853771	42	STIM=q
15857090	42	RESP=1
15870388	42	STIM=2
15881815	42	RESP=2
15885835	42	STIM=m
15891640	42	RESP=1
15904508	42	STIM=v
15909076	42	RESP=2
15919639	42	STIM=8
15927925	42	RESP=2
15938161	42	STIM=n
15943197	42	RESP=1
15953589	42	STIM=f
15958088	42	RESP=1
15970398	42	STIM=3
15975246	42	RESP=2
15989030	42	STIM=k
15996901	42	RESP=1
16004215	42	STIM=0
16008874	42	RESP=2
16020253	42	STIM=z
16023627	42	RESP=1
16037758	42	STIM=v
16041936	42	RESP=1
16054871	42	STIM=y
16058055	42	RESP=1
16073847	42	STIM=3
16082335	42	RESP=2
16091770	42	STIM=g
16095711	42	RESP=1
16107892	42	STIM=b
16111473	42	RESP=1
16123663	42	STIM=a
16130756	42	RESP=1
16141544	42	STIM=g
16146845	42	RESP=1
16160135	42	STIM=b
16162959	42	RESP=1
16176766	42	STIM=g
16180231	42	RESP=1
16193445	42	STIM=r
16201121	42	RESP=1
16210335	42	STIM=m
16216133	42	RESP=1
16226454	42	STIM=a
16231422	42	RESP=1
16243375	42	STIM=j
16247221	42	RESP=1
16261166	42	STIM=q
16266870	42	RESP=1
16279915	42	STIM=t
16283880	42	RESP=1
16298660	42	STIM=7
16305149	42	RESP=2
16313777	42	STIM=0
16319091	42	RESP=2
16330040	42	STIM=c
16333988	42	RESP=1
16347032	42	STIM=z
16353271	42	RESP=1
16365323	42	STIM=2
16370444	42	RESP=2
16381030	42	STIM=a
16387760	42	RESP=1
16396613	42	STIM=9
16403113	42	RESP=2
16412328	42	STIM=8
16416812	42	RESP=2
16429510	42	STIM=w
16436702	42	RESP=1
16447122	42	STIM=q
16451765	42	RESP=1
16463613	42	STIM=2
16470926	42	RESP=2
16481134	42	STIM=b
16484326	42	RESP=1
16496924	42	STIM=0
16502227	42	RESP=2
16513456	42	STIM=8
16517317	42	RESP=2
16529559	42	STIM=h
16532452	42	RESP=1
16548219	42	STIM=k
16551339	42	RESP=1
16565170	42	STIM=2
16571508	42	RESP=1
16580444	42	STIM=j
16586352	42	RESP=1
16599218	42	STIM=9
16603102	42	RESP=2
16615059	42	STIM=o
16619670	42	RESP=1
16633476	42	STIM=4
16638178	42	RESP=1
16650711	42	STIM=2
16658267	42	RESP=2
16668139	42	STIM=b
16673775	42	RESP=1
16686960	42	STIM=z
16693380	42	RESP=1
16704972	42	STIM=a
16708244	42	RESP=1
16722420	42	STIM=e
16728266	42	RESP=1
16741215	42	STIM=c
16745356	42	RESP=1
16758037	42	STIM=9
16762484	42	RESP=2
16774228	42	STIM=b
16778503	42	RESP=2
16790265	42	STIM=i
16796349	42	RESP=1
16807661	42	STIM=9
16812955	42	RESP=2
16825152	42	STIM=s
16828043	42	RESP=1
16840723	42	STIM=8
16844886	42	RESP=2
16857871	42	STIM=d
16863322	42	RESP=1
16875061	42	STIM=s
16878543	42	RESP=1
16893076	42	STIM=k
16899479	42	RESP=1
16908696	42	STIM=l
16911322	42	RESP=1
16924847	42	STIM=q
16931904	42	RESP=1
16942254	42	STIM=y
16946464	42	RESP=1
16960984	42	STIM=6
16966222	42	RESP=2
16979113	42	STIM=l
16984253	42	RESP=1
16998022	42	STIM=e
17000919	42	RESP=1
17013908	42	STIM=g
17018619	42	RESP=1
17032230	42	STIM=f
17038685	42	RESP=1
17049967	42	STIM=p
17054041	42	RESP=1
17065656	42	STIM=w
17068935	42	RESP=1
17084024	42	STIM=6
17089806	42	RESP=1
17101247	42	STIM=z
17106575	42	RESP=1
17118985	42	STIM=k
17124264	42	RESP=1
17136984	42	STIM=0
17142458	42	RESP=2
17154751	42	STIM=t
17161037	42	RESP=1
17171591	42	STIM=c
17176445	42	RESP=1
17189688	42	STIM=l
17195881	42	RESP=1
17205443	42	STIM=a
17208810	42	RESP=1
17223268	42	STIM=i
17230213	42	RESP=1
17239325	42	STIM=b
17243303	42	RESP=1
17256963	42	STIM=p
17261417	42	RESP=1
17275948	42	STIM=i
17281737	42	RESP=1
17292453	42	STIM=y
17296459	42	RESP=1
17310961	42	STIM=a
17315559	42	RESP=1
17326111	42	STIM=0
17332657	42	RESP=2
17342044	42	STIM=p
17348164	42	RESP=1
17357945	42	STIM=k
17361769	42	RESP=1
17374374	42	STIM=t
17378286	42	RESP=1
17392473	42	STIM=y
17398364	42	RESP=1
17410717	42	STIM=7
17417712	42	RESP=2
17427352	42	STIM=n
17431728	42	RESP=1
17446293	42	STIM=q
17449754	42	RESP=1
17462814	42	STIM=f
17466246	42	RESP=1
17481044	42	STIM=x
17487202	42	RESP=1
17496627	42	STIM=1
17500623	42	RESP=1
17513926	42	STIM=j
17518607	42	RESP=1
17531079	42	STIM=l
17536203	42	RESP=1
17549719	42	STIM=i
17556894	42	RESP=1
17564841	42	STIM=g
17568108	42	RESP=1
17581291	42	STIM=3
17587354	42	RESP=2
17598676	42	STIM=8
17602572	42	RESP=2
17615444	42	STIM=y
17620739	42	RESP=1
17631304	42	STIM=c
17638399	42	RESP=1
17649409	42	STIM=c
17655156	42	RESP=1
17666165	42	STIM=y
17669891	42	RESP=1
17683912	42	STIM=c
17690768	42	RESP=1
17699103	42	STIM=o
17708407	42	RESP=1
17714466	42	STIM=a
17719762	42	RESP=1
17730877	42	STIM=4
17737455	42	RESP=2
17747354	42	STIM=h
17751490	42	RESP=1
17763468	42	STIM=q
17773218	42	RESP=1
17778845	42	STIM=x
17784388	42	RESP=1
17797365	42	STIM=e
17801658	42	RESP=1
17814814	42	STIM=e
17820145	42	RESP=1
17832830	42	STIM=b
17836611	42	RESP=1
17848558	42	STIM=3
17853154	42	RESP=2
17865135	42	STIM=w
17868322	42	RESP=1
17883356	42	STIM=h
17891722	42	RESP=1
17901024	42	STIM=h
17907420	42	RESP=1
17916355	42	STIM=a
17925065	42	RESP=1
17931384	42	STIM=o
17936233	42	RESP=1
17948411	42	STIM=m
17952005	42	RESP=2
17965388	42	STIM=r
17971072	42	RESP=1
17983757	42	STIM=d
17986903	42	RESP=1
17999396	42	STIM=b
18005448	42	RESP=1
18017505	42	STIM=l
18020212	42	RESP=1
18033865	42	STIM=x
18038012	42	RESP=1
18049661	42	STIM=g
18055117	42	RESP=1
18065522	42	STIM=w
18071181	42	RESP=1
18080909	42	STIM=z
18084425	42	RESP=1
18095972	42	STIM=u
18107716	42	RESP=1
18112476	42	STIM=n
18117861	42	RESP=1
18128917	42	STIM=6
18134363	42	RESP=2
18146008	42	STIM=r
18151141	42	RESP=1
18164047	42	STIM=n
18170645	42	RESP=1
18180176	42	STIM=b
18188790	42	RESP=1
18198501	42	STIM=m
18206344	42	RESP=1
18215150	42	STIM=h
18218128	42	RESP=1
18230324	42	STIM=f
18233852	42	RESP=1
18246010	42	STIM=t
18251048	42	RESP=1
18262855	42	STIM=o
18268708	42	RESP=1
18278794	42	STIM=g
18284130	42	RESP=1
18294361	42	STIM=j
18298064	42	RESP=1
18312849	42	STIM=g
18316673	42	RESP=1
18331366	42	STIM=u
18337303	42	RESP=1
18349701	42	STIM=n
18357532	42	RESP=1
18364980	42	STIM=j
18370138	42	RESP=1
18382127	42	STIM=f
18388745	42	RESP=1
18399028	42	STIM=0
18404623	42	RESP=2
18415193	42	STIM=f
18419042	42	RESP=1
18431080	42	STIM=k
18436560	42	RESP=1
18448594	42	STIM=5
18458341	42	RESP=1
18463909	42	STIM=t
18469055	42	RESP=1
18478987	42	STIM=3
18483064	42	RESP=2
18495387	42	STIM=w
18500272	42	RESP=1
18514025	42	STIM=2
18519901	42	RESP=2
18530165	42	STIM=i
18535942	42	RESP=1
18547126	42	STIM=v
18559253	42	RESP=1
18563773	42	STIM=h
18567086	42	RESP=1
18582769	42	STIM=c
18586077	42	RESP=1
18598951	42	STIM=4
18605048	42	RESP=2
18617294	42	STIM=s
18621272	42	RESP=1
18634088	42	STIM=2
18640511	42	RESP=2
18652679	42	STIM=d
18656351	42	RESP=1
18669360	42	STIM=7
18673764	42	RESP=2
18686184	42	STIM=l
18690569	42	RESP=1
18703925	42	STIM=p
18709702	42	RESP=1
18719086	42	STIM=a
18724437	42	RESP=1
18735887	42	STIM=v
18744728	42	RESP=2
18751827	42	STIM=7
18757898	42	RESP=2
18770115	42	STIM=h
18773159	42	RESP=1
18785722	42	STIM=7
18791189	42	RESP=2
18804591	42	STIM=c
18808569	42	RESP=1
18821298	42	STIM=9
18826150	42	RESP=2
18837804	42	STIM=y
18842183	42	RESP=1
18854333	42	STIM=o
18859378	42	RESP=1
18872709	42	STIM=w
18877031	42	RESP=1
18891211	42	STIM=x
18895462	42	RESP=1
18907994	42	STIM=l
18910875	42	RESP=1
18923249	42	STIM=b
18926414	42	RESP=1
18940592	42	STIM=m
18944093	42	RESP=1
18956893	42	STIM=v
18960632	42	RESP=1
18971894	42	STIM=k
18976689	42	RESP=1
18988370	42	STIM=p
18992694	42	RESP=1
19006774	42	STIM=3
19013215	42	RESP=2
19024663	42	STIM=2
19029353	42	RESP=2
19041407	42	STIM=z
19045195	42	RESP=1
19060017	42	STIM=s
19064960	42	RESP=1
19076715	42	STIM=s
19081817	42	RESP=1
19095427	42	STIM=o
19099856	42	RESP=1
19111003	42	STIM=0
19114855	42	RESP=2
19128422	42	STIM=p
19133460	42	RESP=1
19143660	42	STIM=q
19148574	42	RESP=1
19160714	42	STIM=y
19165153	42	RESP=1
19179590	42	STIM=y
19183772	42	RESP=1
19196466	42	STIM=9
19201809	42	RESP=2
19212630	42	STIM=m
19216753	42	RESP=1
19228839	42	STIM=6
19235451	42	RESP=2
19243952	42	STIM=s
19248706	42	RESP=1
19259549	42	STIM=u
19266458	42	RESP=1
19277188	42	STIM=b
19281747	42	RESP=1
19295802	42	STIM=c
19299260	42	RESP=1
19313945	42	STIM=n
19318296	42	RESP=1
19330492	42	STIM=e
19334152	42	RESP=1
19346196	42	STIM=k
19355620	42	RESP=1
19362200	42	STIM=h
19366599	42	RESP=1
19378054	42	STIM=3
19383453	42	RESP=2
19393157	42	STIM=d
19400383	42	RESP=1
19409390	42	STIM=m
19417060	42	RESP=1
19424925	42	STIM=1
19429234	42	RESP=2
19442734	42	STIM=l
19446878	42	RESP=1
19459694	42	STIM=2
19465739	42	RESP=2
19477180	42	STIM=i
19480425	42	RESP=1
19492483	42	STIM=s
19499435	42	RESP=1
19509795	42	STIM=j
19514367	42	RESP=1
19527828	42	STIM=r
19533036	42	RESP=1
19546053	42	STIM=u
19550700	42	RESP=1
19563155	42	STIM=t
19569360	42	RESP=1
19581863	42	STIM=9
19587581	42	RESP=2
19600017	42	STIM=j
19606943	42	RESP=1
19618168	42	STIM=h
19622905	42	RESP=1
19635157	42	STIM=i
19639768	42	RESP=1
19650540	42	STIM=g
19654943	42	RESP=1
19667453	42	STIM=x
19675547	42	RESP=1
19683856	42	STIM=h
19690384	42	RESP=1
19702109	42	STIM=g
19706141	42	RESP=1
19720832	42	STIM=h
19725711	42	RESP=1
19735903	42	STIM=v
19741555	42	RESP=2
19753773	42	STIM=u
19758600	42	RESP=1
19768882	42	STIM=m
19773357	42	RESP=1
19787619	42	STIM=f
19793187	42	RESP=1
19802940	42	STIM=9
19808727	42	RESP=2
19819343	42	STIM=8
19825311	42	RESP=2
19837186	42	STIM=z
19841798	42	RESP=1
19855591	42	STIM=x
19859406	42	RESP=1
19872698	42	STIM=k
19877440	42	RESP=1
19889462	42	STIM=3
19894635	42	RESP=2
19906723	42	STIM=p
19912573	42	RESP=1
19922424	42	STIM=s
19929306	42	RESP=1
19941064	42	STIM=j
19944924	42	RESP=1
19959627	42	STIM=d
19964342	42	RESP=1
19977928	42	STIM=b
19980811	42	RESP=1
19993726	42	STIM=o
20000272	42	RESP=1
20010254	42	STIM=t
20015910	42	RESP=1
20028691	42	STIM=6
20033551	42	RESP=2
20044225	42	STIM=0
20048562	42	RESP=2
20062863	42	STIM=m
20067563	42	RESP=1
20078008	42	STIM=k
20083837	42	RESP=1
20096643	42	STIM=r
20102410	42	RESP=2
20114615	42	STIM=f
20122140	42	RESP=1
20133093	42	STIM=p
20137880	42	RESP=1
20150071	42	STIM=z
20156986	42	RESP=1
20166054	42	STIM=o
20171162	42	RESP=1
20182916	42	STIM=y
20186804	42	RESP=1
20200573	42	STIM=s
20204872	42	RESP=1
20217642	42	STIM=i
20221686	42	RESP=1
20233567	42	STIM=i
20236745	42	RESP=1
20252211	42	STIM=0
20260127	42	RESP=1
20270492	42	STIM=f
20273749	42	RESP=1
20287164	42	STIM=r
20291951	42	RESP=1
20303589	42	STIM=q
20310692	42	RESP=1
20319228	42	STIM=t
20324584	42	RESP=1
20334984	42	STIM=2
20339264	42	RESP=2
20351572	42	STIM=j
20360259	42	RESP=1
20367990	42	STIM=u
20371593	42	RESP=1
20386105	42	STIM=e
20389472	42	RESP=1
20401559	42	STIM=p
20412133	42	RESP=1
20417581	42	STIM=4
20421555	42	RESP=2
20435659	42	STIM=r
20439000	42	RESP=1
20451282	42	STIM=y
20453927	42	RESP=1
20467630	42	STIM=3
20473477	42	RESP=2
20482899	42	STIM=d
20491031	42	RESP=1
20499892	42	STIM=v
20509681	42	RESP=1
20515667	42	STIM=t
20521464	42	RESP=1
20531485	42	STIM=e
20537430	42	RESP=1
20550325	42	STIM=l
20556890	42	RESP=1
20565639	42	STIM=r
20569789	42	RESP=1
20583197	42	STIM=r
20588315	42	RESP=1
20602079	42	STIM=4
20609643	42	RESP=2
20621047	42	STIM=c
20624177	42	RESP=1
20636172	42	STIM=r
20639131	42	RESP=1
20652111	42	STIM=y
20656345	42	RESP=1
20668680	42	STIM=i
20671688	42	RESP=1
20685073	42	STIM=l
20689656	42	RESP=2
20700090	42	STIM=y
20703526	42	RESP=1
20716323	42	STIM=f
20722945	42	RESP=1
20731382	42	STIM=c
20735458	42	RESP=1
20746423	42	STIM=v
20752132	42	RESP=1
20761863	42	STIM=a
20765621	42	RESP=1
20777561	42	STIM=q
20781678	42	RESP=1
20794672	42	STIM=8
20799913	42	RESP=2
20812293	42	STIM=0
20817941	42	RESP=2
20829834	42	STIM=r
20832255	42	RESP=1
20848197	42	STIM=f
20852029	42	RESP=1
20865292	42	STIM=6
20869277	42	RESP=2
20883612	42	STIM=j
20888761	42	RESP=1
20900961	42	STIM=s
20905642	42	RESP=1
20917739	42	STIM=2
20924064	42	RESP=2
20933811	42	STIM=o
20937091	42	RESP=1
20952492	42	STIM=z
20966469	42	RESP=1
20968236	42	STIM=k
20971723	42	RESP=1
20983808	42	STIM=m
20993000	42	RESP=1
21000368	42	STIM=s
21003714	42	RESP=1
21015681	42	STIM=r
21020633	42	RESP=1
21033795	42	STIM=a
21039729	42	RESP=1
21049339	42	STIM=u
21054595	42	RESP=1
21065497	42	STIM=z
21073393	42	RESP=1
21082729	42	STIM=s
21085632	42	RESP=1
21099010	42	STIM=1
21106746	42	RESP=2
21115389	42	STIM=8
21119540	42	RESP=2
21132305	42	STIM=n
21142575	42	RESP=1
21151228	42	STIM=d
21154822	42	RESP=1
21168134	42	STIM=v
21174852	42	RESP=1
21183267	42	STIM=d
21189910	42	RESP=1
21198308	42	STIM=j
21202787	42	RESP=1
21217187	42	STIM=j
21221181	42	RESP=1
21234084	42	STIM=b
21242518	42	RESP=1
21251521	42	STIM=c
21255036	42	RESP=1
21267516	42	STIM=9
21275053	42	RESP=2
21283028	42	STIM=y
21287099	42	RESP=1
21299157	42	STIM=j
21304400	42	RESP=1
21314506	42	STIM=v
21317615	42	RESP=1
21332811	42	STIM=h
21337842	42	RESP=2
21350039	42	STIM=z
21356064	42	RESP=1
21365608	42	STIM=x
21371124	42	RESP=1
21382909	42	STIM=l
21388495	42	RESP=1
21401746	42	STIM=w
21406546	42	RESP=1
21417351	42	STIM=e
21421529	42	RESP=1
21434008	42	STIM=q
21440380	42	RESP=1
21451990	42	STIM=o
21454917	42	RESP=1
21468575	42	STIM=s
21473475	42	RESP=1
21486769	42	STIM=6
21491996	42	RESP=2
21502638	42	STIM=z
21505642	42	RESP=1
21517755	42	STIM=x
21522542	42	RESP=1
21535768	42	STIM=e
21543866	42	RESP=1
21551274	42	STIM=l
21558104	42	RESP=1
21566606	42	STIM=e
21569910	42	RESP=1
21583443	42	STIM=g
21587671	42	RESP=1
21598516	42	STIM=0
21606357	42	RESP=2
21614810	42	STIM=m
21619591	42	RESP=1
21633525	42	STIM=e
21639119	42	RESP=1
21650137	42	STIM=0
21654148	42	RESP=2
21665689	42	STIM=9
21668958	42	RESP=2
21682054	42	STIM=b
21685245	42	RESP=2
21700904	42	STIM=q
21708245	42	RESP=1
21719816	42	STIM=j
21724614	42	RESP=1
21736529	42	STIM=4
21742214	42	RESP=2
