# Original filename: 0057_JSI_2017-08-21.log
# Time unit: 100 us
# RARECAT=digit
#
# Time	HHGG	Event
38965	42	STIM=m
45473	42	RESP=1
54351	42	STIM=j
62549	42	RESP=1
69625	42	STIM=o
74288	42	RESP=1
87052	42	STIM=c
90236	42	RESP=1
103706	42	STIM=f
109494	42	RESP=1
120320	42	STIM=4
128803	42	RESP=2
135611	42	STIM=j
143051	42	RESP=1
153838	42	STIM=5
158702	42	RESP=2
171030	42	STIM=r
173916	42	RESP=1
187776	42	STIM=m
193014	42	RESP=1
205643	42	STIM=5
212410	42	RESP=2
224473	42	STIM=r
231053	42	RESP=1
242615	42	STIM=m
247132	42	RESP=1
259007	42	STIM=9
265503	42	RESP=2
276605	42	STIM=2
282629	42	RESP=1
294750	42	STIM=h
298311	42	RESP=1
309978	42	STIM=6
313625	42	RESP=2
325346	42	STIM=u
330922	42	RESP=1
340586	42	STIM=i
344301	42	RESP=1
356009	42	STIM=m
359365	42	RESP=1
373549	42	STIM=i
377067	42	RESP=1
388823	42	STIM=e
398039	42	RESP=1
405425	42	STIM=2
410479	42	RESP=2
422709	42	STIM=j
426836	42	RESP=1
437943	42	STIM=r
444846	42	RESP=1
453618	42	STIM=t
459626	42	RESP=1
469573	42	STIM=6
478444	42	RESP=2
485276	42	STIM=9
489442	42	RESP=2
500331	42	STIM=7
504571	42	RESP=2
518719	42	STIM=3
525546	42	RESP=2
536540	42	STIM=o
540567	42	RESP=1
555325	42	STIM=y
561262	42	RESP=1
573021	42	STIM=k
576536	42	RESP=1
590417	42	STIM=j
598721	42	RESP=1
609166	42	STIM=v
615317	42	RESP=1
626400	42	STIM=2
630196	42	RESP=2
644775	42	STIM=n
650374	42	RESP=1
660563	42	STIM=0
666459	42	RESP=1
676617	42	STIM=k
684415	42	RESP=1
695060	42	STIM=a
700769	42	RESP=1
712167	42	STIM=w
717076	42	RESP=1
728012	42	STIM=j
732081	42	RESP=1
743802	42	STIM=y
749124	42	RESP=1
761136	42	STIM=w
766443	42	RESP=1
777671	42	STIM=k
782744	42	RESP=1
793799	42	STIM=y
799138	42	RESP=1
810286	42	STIM=p
816244	42	RESP=1
825600	42	STIM=w
830917	42	RESP=1
843126	42	STIM=b
850370	42	RESP=1
859958	42	STIM=j
862833	42	RESP=1
875431	42	STIM=o
879221	42	RESP=1
892526	42	STIM=s
896177	42	RESP=1
911173	42	STIM=v
915145	42	RESP=1
928692	42	STIM=0
933162	42	RESP=1
947075	42	STIM=s
953846	42	RESP=1
962653	42	STIM=n
965944	42	RESP=1
980775	42	STIM=h
984416	42	RESP=1
999304	42	STIM=o
1003879	42	RESP=1
1018274	42	STIM=v
1021401	42	RESP=1
1035027	42	STIM=d
1039415	42	RESP=1
1053765	42	STIM=5
1058971	42	RESP=1
1072289	42	STIM=2
1082955	42	RESP=2
1090388	42	STIM=f
1094244	42	RESP=1
1106862	42	STIM=f
1113942	42	RESP=1
1123309	42	STIM=x
1130587	42	RESP=1
1140183	42	STIM=s
1143446	42	RESP=1
1156339	42	STIM=k
1162289	42	RESP=1
1172224	42	STIM=f
1179430	42	RESP=1
1189087	42	STIM=3
1193543	42	RESP=2
1207050	42	STIM=5
1212655	42	RESP=2
1223969	42	STIM=4
1228861	42	RESP=2
1242244	42	STIM=c
1245830	42	RESP=1
1258940	42	STIM=f
1264091	42	RESP=1
1275917	42	STIM=h
1279148	42	RESP=1
1292520	42	STIM=9
1296752	42	RESP=2
1310483	42	STIM=z
1319901	42	RESP=1
1329188	42	STIM=y
1338314	42	RESP=1
1347738	42	STIM=n
1354964	42	RESP=1
1366251	42	STIM=s
1369845	42	RESP=1
1383210	42	STIM=k
1388292	42	RESP=1
1400921	42	STIM=a
1404673	42	RESP=1
1416969	42	STIM=m
1424305	42	RESP=1
1435240	42	STIM=e
1440374	42	RESP=1
1453325	42	STIM=k
1460028	42	RESP=1
1470561	42	STIM=f
1474981	42	RESP=1
1488303	42	STIM=z
1491241	42	RESP=1
1506283	42	STIM=8
1513384	42	RESP=2
1523145	42	STIM=d
1529063	42	RESP=1
1540185	42	STIM=r
1544314	42	RESP=1
1558897	42	STIM=5
1565413	42	RESP=2
1577244	42	STIM=s
1585011	42	RESP=1
1595255	42	STIM=s
1599210	42	RESP=1
1612391	42	STIM=w
1616092	42	RESP=1
1629920	42	STIM=b
1633409	42	RESP=1
1646191	42	STIM=z
1651870	42	RESP=1
1662763	42	STIM=l
1666103	42	RESP=1
1681304	42	STIM=1
1685423	42	RESP=2
1697176	42	STIM=p
1703298	42	RESP=1
1714690	42	STIM=v
1721349	42	RESP=1
1732301	42	STIM=p
1737513	42	RESP=1
1748044	42	STIM=k
1754185	42	RESP=1
1765457	42	STIM=d
1773440	42	RESP=1
1781994	42	STIM=4
1787726	42	RESP=2
1798022	42	STIM=m
1801641	42	RESP=1
1813425	42	STIM=m
1816688	42	RESP=1
1828639	42	STIM=y
1834809	42	RESP=1
1844579	42	STIM=w
1850422	42	RESP=1
1859651	42	STIM=i
1863245	42	RESP=1
1875779	42	STIM=g
1882261	42	RESP=1
1890976	42	STIM=y
1894514	42	RESP=1
1908079	42	STIM=g
1916851	42	RESP=1
1924963	42	STIM=z
1930361	42	RESP=1
1942433	42	STIM=o
1945301	42	RESP=1
1960280	42	STIM=p
1963627	42	RESP=1
1976249	42	STIM=h
1980937	42	RESP=1
1992411	42	STIM=x
1995983	42	RESP=1
2010064	42	STIM=s
2014120	42	RESP=1
2027419	42	STIM=p
2033380	42	RESP=1
2044267	42	STIM=5
2049595	42	RESP=2
2061777	42	STIM=j
2065843	42	RESP=1
2079875	42	STIM=a
2085443	42	RESP=1
2096668	42	STIM=w
2102761	42	RESP=1
2114477	42	STIM=b
2119585	42	RESP=1
2132815	42	STIM=5
2138252	42	RESP=2
2151573	42	STIM=9
2160132	42	RESP=2
2166790	42	STIM=y
2173561	42	RESP=1
2183781	42	STIM=x
2188468	42	RESP=1
2202059	42	STIM=y
2205122	42	RESP=1
2218065	42	STIM=r
2225349	42	RESP=1
2236136	42	STIM=q
2239255	42	RESP=1
2252652	42	STIM=j
2257523	42	RESP=1
2269128	42	STIM=5
2273776	42	RESP=2
2286898	42	STIM=v
2290480	42	RESP=1
2303346	42	STIM=t
2306668	42	RESP=1
2318714	42	STIM=r
2323598	42	RESP=1
2335538	42	STIM=a
2342323	42	RESP=1
2354190	42	STIM=m
2357245	42	RESP=1
2369791	42	STIM=c
2373834	42	RESP=1
2388657	42	STIM=s
2394606	42	RESP=1
2403668	42	STIM=s
2407088	42	RESP=1
2418672	42	STIM=x
2426479	42	RESP=1
2435542	42	STIM=s
2440487	42	RESP=1
2450882	42	STIM=k
2458726	42	RESP=1
2468157	42	STIM=c
2474122	42	RESP=1
2486326	42	STIM=n
2491115	42	RESP=1
2503196	42	STIM=q
2511252	42	RESP=1
2519973	42	STIM=4
2525435	42	RESP=1
2536827	42	STIM=y
2547627	42	RESP=1
2555797	42	STIM=r
2562759	42	RESP=1
2572363	42	STIM=r
2578180	42	RESP=1
2588889	42	STIM=d
2592996	42	RESP=1
2604345	42	STIM=x
2610727	42	RESP=1
2622258	42	STIM=3
2626533	42	RESP=2
2638407	42	STIM=6
2641560	42	RESP=1
2656857	42	STIM=4
2665548	42	RESP=1
2674859	42	STIM=d
2678944	42	RESP=1
2693747	42	STIM=o
2698862	42	RESP=1
2710149	42	STIM=d
2715040	42	RESP=1
2727394	42	STIM=c
2731266	42	RESP=1
2744525	42	STIM=5
2760785	42	RESP=1
2760885	42	STIM=0
2766071	42	RESP=1
2776467	42	STIM=i
2784832	42	RESP=1
2794949	42	STIM=l
2798920	42	RESP=1
2810967	42	STIM=o
2814282	42	RESP=1
2827257	42	STIM=s
2831627	42	RESP=1
2842416	42	STIM=o
2846088	42	RESP=1
2858769	42	STIM=r
2863168	42	RESP=1
2877171	42	STIM=7
2880658	42	RESP=2
2896050	42	STIM=g
2904852	42	RESP=1
2911712	42	STIM=8
2918662	42	RESP=2
2929342	42	STIM=3
2936021	42	RESP=2
2944583	42	STIM=5
2949219	42	RESP=2
2962954	42	STIM=x
2967873	42	RESP=1
2979383	42	STIM=d
2986829	42	RESP=1
2994668	42	STIM=a
2998946	42	RESP=1
3009821	42	STIM=s
3014818	42	RESP=1
3027065	42	STIM=9
3033619	42	RESP=2
3044825	42	STIM=f
3051817	42	RESP=1
3062212	42	STIM=f
3067716	42	RESP=1
3080287	42	STIM=1
3087167	42	RESP=2
3098761	42	STIM=q
3107689	42	RESP=1
3116299	42	STIM=8
3122530	42	RESP=2
3131548	42	STIM=w
3135685	42	RESP=1
3148057	42	STIM=j
3156795	42	RESP=1
3164433	42	STIM=m
3168639	42	RESP=1
3182096	42	STIM=1
3189845	42	RESP=2
3200765	42	STIM=c
3205107	42	RESP=1
3219153	42	STIM=b
3222578	42	RESP=1
3236761	42	STIM=v
3240945	42	RESP=1
3251941	42	STIM=f
3255834	42	RESP=1
3268908	42	STIM=m
3273212	42	RESP=1
3286305	42	STIM=n
3289377	42	RESP=1
3302105	42	STIM=y
3306938	42	RESP=1
3319424	42	STIM=5
3325519	42	RESP=2
3335272	42	STIM=y
3338125	42	RESP=1
3351068	42	STIM=b
3354641	42	RESP=1
3369020	42	STIM=e
3379063	42	RESP=1
3384021	42	STIM=h
3388689	42	RESP=1
3401405	42	STIM=h
3404820	42	RESP=1
3418236	42	STIM=f
3422873	42	RESP=1
3437102	42	STIM=p
3441805	42	RESP=1
3452146	42	STIM=t
3459313	42	RESP=1
3468422	42	STIM=m
3474312	42	RESP=1
3484887	42	STIM=f
3491250	42	RESP=1
3502804	42	STIM=0
3510177	42	RESP=2
3521750	42	STIM=j
3527568	42	RESP=1
3539888	42	STIM=v
3543707	42	RESP=1
3557606	42	STIM=h
3561806	42	RESP=1
3573654	42	STIM=4
3578669	42	RESP=2
3589607	42	STIM=7
3593249	42	RESP=2
3606719	42	STIM=n
3611984	42	RESP=1
3623413	42	STIM=p
3628386	42	RESP=1
3638847	42	STIM=0
3643834	42	RESP=2
3654773	42	STIM=f
3659038	42	RESP=1
3673583	42	STIM=f
3676448	42	RESP=1
3690012	42	STIM=w
3694248	42	RESP=1
3708344	42	STIM=n
3714079	42	RESP=1
3725714	42	STIM=m
3729245	42	RESP=1
3741557	42	STIM=u
3746108	42	RESP=1
3759984	42	STIM=u
3766624	42	RESP=1
3778110	42	STIM=v
3782987	42	RESP=1
3794595	42	STIM=d
3799099	42	RESP=1
3812794	42	STIM=e
3818204	42	RESP=1
3829120	42	STIM=e
3833259	42	RESP=2
3844967	42	STIM=f
3848475	42	RESP=1
3860229	42	STIM=0
3864225	42	RESP=2
3875405	42	STIM=o
3879657	42	RESP=1
3893876	42	STIM=e
3897605	42	RESP=1
3911962	42	STIM=l
3915007	42	RESP=1
3928154	42	STIM=g
3931550	42	RESP=1
3946448	42	STIM=h
3950971	42	RESP=1
3965235	42	STIM=t
3970173	42	RESP=1
3982634	42	STIM=q
3989206	42	RESP=1
4000714	42	STIM=0
4007998	42	RESP=2
4019608	42	STIM=0
4027133	42	RESP=2
4035807	42	STIM=q
4039323	42	RESP=1
4053254	42	STIM=f
4057104	42	RESP=1
4070964	42	STIM=9
4077401	42	RESP=2
4087353	42	STIM=8
4093609	42	RESP=2
4105634	42	STIM=t
4111357	42	RESP=1
4120953	42	STIM=g
4128403	42	RESP=1
4139210	42	STIM=r
4144816	42	RESP=1
4155372	42	STIM=q
4158195	42	RESP=1
4173064	42	STIM=j
4177060	42	RESP=1
4190554	42	STIM=u
4194029	42	RESP=1
4205975	42	STIM=c
4211147	42	RESP=1
4223235	42	STIM=7
4228473	42	RESP=2
4241641	42	STIM=b
4246371	42	RESP=1
4259107	42	STIM=k
4263747	42	RESP=1
4276599	42	STIM=0
4282154	42	RESP=2
4292290	42	STIM=q
4295988	42	RESP=1
4309713	42	STIM=4
4314100	42	RESP=2
4325565	42	STIM=s
4328998	42	RESP=1
4344040	42	STIM=5
4349165	42	RESP=2
4362047	42	STIM=y
4372251	42	RESP=1
4380426	42	STIM=b
4387962	42	RESP=1
4395945	42	STIM=s
4401012	42	RESP=1
4412426	42	STIM=v
4415629	42	RESP=1
4427713	42	STIM=i
4431082	42	RESP=1
4443174	42	STIM=q
4449460	42	RESP=1
4460853	42	STIM=k
4470563	42	RESP=1
4478219	42	STIM=r
4482070	42	RESP=1
4493536	42	STIM=y
4498114	42	RESP=1
4511635	42	STIM=h
4514631	42	RESP=1
4527159	42	STIM=t
4533791	42	RESP=1
4545964	42	STIM=a
4552313	42	RESP=1
4563347	42	STIM=u
4567919	42	RESP=1
4580024	42	STIM=r
4583973	42	RESP=1
4598556	42	STIM=2
4605248	42	RESP=2
4614884	42	STIM=d
4620031	42	RESP=1
4630642	42	STIM=9
4634546	42	RESP=2
4647216	42	STIM=h
4650952	42	RESP=1
4664143	42	STIM=p
4667844	42	RESP=1
4682575	42	STIM=e
4688124	42	RESP=1
4701063	42	STIM=o
4705548	42	RESP=1
4717756	42	STIM=r
4720666	42	RESP=1
4736448	42	STIM=k
4741742	42	RESP=1
4754895	42	STIM=m
4758624	42	RESP=1
4773210	42	STIM=h
4778944	42	RESP=1
4788502	42	STIM=l
4795707	42	RESP=1
4804483	42	STIM=l
4810208	42	RESP=1
4820289	42	STIM=d
4824425	42	RESP=1
4838733	42	STIM=z
4842599	42	RESP=1
4854293	42	STIM=7
4862221	42	RESP=2
4869591	42	STIM=q
4874014	42	RESP=1
4885001	42	STIM=f
4889141	42	RESP=1
4900857	42	STIM=r
4903567	42	RESP=1
4919337	42	STIM=c
4924602	42	RESP=1
4937292	42	STIM=d
4940100	42	RESP=2
4954256	42	STIM=5
4960150	42	RESP=2
4969395	42	STIM=9
4973802	42	RESP=2
4987505	42	STIM=v
4994040	42	RESP=1
5005987	42	STIM=g
5009696	42	RESP=1
5024142	42	STIM=f
5028059	42	RESP=1
5043027	42	STIM=b
5047135	42	RESP=1
5058890	42	STIM=e
5064332	42	RESP=1
5075307	42	STIM=a
5080089	42	RESP=1
5093545	42	STIM=j
5096132	42	RESP=1
5110685	42	STIM=u
5114403	42	RESP=1
5126110	42	STIM=b
5131519	42	RESP=1
5144231	42	STIM=8
5147616	42	RESP=2
5161986	42	STIM=x
5166247	42	RESP=1
5179583	42	STIM=9
5185161	42	RESP=1
5197601	42	STIM=k
5206944	42	RESP=1
5215613	42	STIM=f
5220076	42	RESP=1
5231986	42	STIM=m
5235092	42	RESP=1
5250882	42	STIM=g
5256833	42	RESP=1
5266823	42	STIM=l
5269935	42	RESP=1
5285736	42	STIM=l
5293165	42	RESP=1
5302778	42	STIM=7
5307023	42	RESP=2
5320342	42	STIM=v
5323503	42	RESP=2
5337180	42	STIM=e
5339810	42	RESP=1
5352850	42	STIM=s
5356724	42	RESP=1
5371228	42	STIM=e
5375166	42	RESP=1
5387531	42	STIM=z
5391613	42	RESP=1
5402815	42	STIM=h
5406195	42	RESP=1
5418994	42	STIM=o
5423516	42	RESP=1
5436824	42	STIM=0
5441125	42	RESP=2
5455062	42	STIM=c
5458222	42	RESP=1
5473372	42	STIM=r
5477649	42	RESP=1
5491064	42	STIM=f
5494922	42	RESP=1
5506764	42	STIM=h
5511669	42	RESP=1
5525717	42	STIM=4
5529401	42	RESP=2
5542463	42	STIM=b
5549053	42	RESP=1
5559311	42	STIM=8
5563123	42	RESP=2
5577512	42	STIM=f
5581136	42	RESP=1
5595540	42	STIM=u
5601605	42	RESP=1
5613999	42	STIM=8
5618670	42	RESP=2
5629904	42	STIM=j
5633249	42	RESP=1
5648763	42	STIM=r
5653059	42	RESP=1
5665946	42	STIM=e
5678336	42	RESP=1
5683373	42	STIM=j
5687950	42	RESP=1
5701861	42	STIM=c
5707425	42	RESP=1
5719810	42	STIM=f
5722944	42	RESP=1
5738092	42	STIM=1
5742772	42	RESP=2
5757044	42	STIM=9
5761218	42	RESP=2
5775725	42	STIM=b
5783037	42	RESP=1
5792955	42	STIM=l
5799620	42	RESP=2
5810141	42	STIM=t
5814159	42	RESP=1
5828262	42	STIM=m
5831599	42	RESP=1
5844711	42	STIM=m
5849960	42	RESP=1
5860890	42	STIM=n
5866346	42	RESP=1
5879238	42	STIM=u
5884561	42	RESP=1
5895673	42	STIM=v
5902781	42	RESP=1
5912299	42	STIM=o
5916252	42	RESP=1
5929875	42	STIM=j
5934716	42	RESP=1
5945312	42	STIM=x
5948759	42	RESP=1
5960633	42	STIM=a
5965051	42	RESP=1
5978091	42	STIM=j
5987462	42	RESP=1
5995703	42	STIM=n
5999994	42	RESP=1
6013818	42	STIM=y
6016494	42	RESP=1
6031393	42	STIM=r
6036770	42	RESP=1
6046867	42	STIM=3
6051509	42	RESP=2
6064334	42	STIM=6
6071033	42	RESP=2
6080561	42	STIM=k
6085429	42	RESP=1
6096831	42	STIM=z
6104532	42	RESP=1
6114318	42	STIM=1
6118402	42	RESP=2
6132620	42	STIM=k
6136901	42	RESP=1
6149423	42	STIM=i
6154763	42	RESP=1
6164849	42	STIM=r
6169992	42	RESP=1
6180660	42	STIM=u
6187224	42	RESP=1
6197613	42	STIM=s
6200291	42	RESP=1
6214071	42	STIM=y
6221765	42	RESP=1
6230454	42	STIM=1
6236664	42	RESP=2
6246187	42	STIM=v
6248837	42	RESP=1
6263373	42	STIM=f
6270893	42	RESP=1
6279960	42	STIM=h
6285627	42	RESP=1
6295562	42	STIM=g
6305036	42	RESP=1
6311763	42	STIM=5
6315985	42	RESP=2
6328519	42	STIM=b
6333176	42	RESP=1
6343777	42	STIM=6
6351639	42	RESP=2
6361674	42	STIM=t
6366194	42	RESP=1
6379652	42	STIM=v
6385090	42	RESP=1
6396750	42	STIM=v
6400862	42	RESP=1
6412825	42	STIM=2
6421590	42	RESP=2
6430790	42	STIM=a
6435630	42	RESP=1
6447633	42	STIM=4
6453796	42	RESP=2
6466612	42	STIM=g
6470782	42	RESP=2
6483141	42	STIM=s
6489791	42	RESP=1
6501083	42	STIM=s
6506442	42	RESP=1
6516983	42	STIM=o
6520580	42	RESP=1
6534055	42	STIM=g
6538123	42	RESP=1
6549430	42	STIM=1
6555518	42	RESP=2
6567836	42	STIM=b
6571284	42	RESP=1
6586627	42	STIM=m
6594682	42	RESP=1
6601707	42	STIM=6
6605804	42	RESP=2
6619175	42	STIM=8
6624014	42	RESP=1
6636289	42	STIM=h
6642575	42	RESP=1
6651668	42	STIM=l
6660548	42	RESP=1
6666919	42	STIM=q
6673262	42	RESP=1
6683957	42	STIM=d
6688078	42	RESP=1
6699136	42	STIM=l
6703058	42	RESP=1
6717181	42	STIM=a
6723018	42	RESP=1
6733292	42	STIM=3
6738169	42	RESP=2
6750328	42	STIM=u
6755669	42	RESP=1
6767762	42	STIM=n
6775708	42	RESP=1
6783683	42	STIM=m
6787649	42	RESP=1
6802051	42	STIM=e
6806770	42	RESP=1
6820132	42	STIM=l
6825272	42	RESP=1
6836251	42	STIM=y
6843111	42	RESP=1
6854809	42	STIM=x
6859337	42	RESP=1
6872419	42	STIM=g
6876044	42	RESP=1
6887958	42	STIM=a
6891808	42	RESP=1
6904484	42	STIM=s
6907724	42	RESP=2
6920930	42	STIM=w
6927387	42	RESP=1
6936976	42	STIM=h
6940859	42	RESP=1
6954133	42	STIM=o
6958169	42	RESP=1
6972507	42	STIM=w
6977147	42	RESP=1
6989122	42	STIM=c
6993858	42	RESP=1
7006940	42	STIM=p
7012786	42	RESP=1
7023872	42	STIM=p
7028551	42	RESP=1
7040291	42	STIM=a
7046190	42	RESP=1
7058833	42	STIM=j
7065289	42	RESP=1
7075868	42	STIM=g
7081142	42	RESP=1
7094159	42	STIM=u
7098489	42	RESP=1
7111787	42	STIM=c
7119751	42	RESP=1
7128675	42	STIM=9
7135545	42	RESP=2
7147497	42	STIM=0
7151548	42	RESP=2
7165916	42	STIM=e
7170849	42	RESP=1
7182561	42	STIM=i
7187421	42	RESP=1
7199822	42	STIM=q
7203871	42	RESP=1
7216757	42	STIM=b
7220750	42	RESP=1
7234396	42	STIM=g
7238324	42	RESP=1
7251704	42	STIM=4
7256080	42	RESP=1
7270242	42	STIM=p
7273629	42	RESP=1
7286008	42	STIM=i
7291821	42	RESP=1
7302404	42	STIM=f
7307686	42	RESP=1
7320355	42	STIM=k
7327804	42	RESP=1
7336997	42	STIM=7
7341703	42	RESP=2
7353587	42	STIM=5
7358675	42	RESP=2
7372479	42	STIM=8
7378541	42	RESP=2
7389790	42	STIM=i
7396204	42	RESP=1
7406358	42	STIM=g
7409783	42	RESP=1
7425045	42	STIM=q
7429905	42	RESP=1
7442481	42	STIM=0
7446784	42	RESP=2
7461180	42	STIM=g
7468100	42	RESP=1
7478484	42	STIM=a
7483309	42	RESP=1
7494246	42	STIM=m
7499372	42	RESP=2
7509824	42	STIM=f
7515787	42	RESP=1
7524978	42	STIM=k
7529788	42	RESP=1
7542355	42	STIM=x
7548766	42	RESP=1
7558624	42	STIM=c
7561151	42	RESP=1
7576181	42	STIM=j
7579652	42	RESP=1
7593008	42	STIM=v
7602820	42	RESP=1
7609618	42	STIM=6
7618169	42	RESP=2
7627781	42	STIM=q
7631973	42	RESP=1
7643201	42	STIM=d
7648669	42	RESP=1
7659026	42	STIM=4
7663586	42	RESP=2
7674467	42	STIM=w
7679390	42	RESP=1
7692603	42	STIM=g
7698617	42	RESP=1
7710792	42	STIM=g
7714795	42	RESP=1
7726178	42	STIM=d
7731510	42	RESP=1
7742408	42	STIM=2
7745924	42	RESP=2
7759121	42	STIM=u
7763573	42	RESP=1
7776209	42	STIM=a
7780570	42	RESP=1
7791787	42	STIM=o
7795237	42	RESP=1
7808180	42	STIM=u
7811713	42	RESP=1
7826236	42	STIM=n
7831576	42	RESP=1
7842173	42	STIM=n
7846518	42	RESP=1
7858771	42	STIM=3
7861861	42	RESP=2
7876025	42	STIM=y
7878864	42	RESP=1
7893274	42	STIM=o
7896496	42	RESP=1
7911719	42	STIM=c
7916680	42	RESP=1
7929579	42	STIM=z
7933417	42	RESP=1
7947690	42	STIM=c
7955992	42	RESP=1
7963548	42	STIM=b
7966903	42	RESP=1
7978579	42	STIM=3
7984471	42	RESP=2
7997544	42	STIM=z
8000900	42	RESP=1
8014806	42	STIM=i
8021737	42	RESP=1
8032234	42	STIM=p
8036380	42	RESP=1
8050475	42	STIM=x
8054056	42	RESP=2
8067474	42	STIM=i
8072544	42	RESP=1
8083943	42	STIM=g
8088643	42	RESP=1
8102698	42	STIM=y
8109921	42	RESP=1
8119307	42	STIM=j
8124982	42	RESP=1
8136849	42	STIM=y
8142916	42	RESP=1
8153704	42	STIM=1
8162302	42	RESP=1
8170999	42	STIM=9
8175537	42	RESP=2
8186566	42	STIM=y
8191027	42	RESP=1
8202283	42	STIM=4
8211798	42	RESP=2
8219408	42	STIM=9
8225561	42	RESP=2
8237954	42	STIM=x
8240871	42	RESP=1
8253123	42	STIM=y
8256560	42	RESP=2
8271125	42	STIM=5
8276179	42	RESP=2
8288901	42	STIM=q
8291289	42	RESP=1
8304903	42	STIM=2
8311305	42	RESP=2
8322918	42	STIM=k
8325921	42	RESP=1
8339667	42	STIM=3
8342878	42	RESP=2
8357184	42	STIM=u
8361507	42	RESP=1
8375491	42	STIM=9
8379247	42	RESP=2
8393931	42	STIM=i
8397321	42	RESP=1
8412690	42	STIM=1
8418101	42	RESP=2
8430653	42	STIM=w
8434240	42	RESP=1
8446463	42	STIM=q
8450538	42	RESP=1
8464684	42	STIM=g
8469578	42	RESP=1
8481863	42	STIM=j
8485049	42	RESP=1
8500210	42	STIM=0
8506962	42	RESP=1
8515405	42	STIM=x
8518939	42	RESP=1
8532456	42	STIM=w
8535925	42	RESP=1
8548832	42	STIM=1
8552556	42	RESP=2
8567025	42	STIM=8
8571209	42	RESP=2
8583292	42	STIM=v
8588059	42	RESP=1
8600673	42	STIM=r
8604523	42	RESP=1
8619329	42	STIM=5
8625560	42	RESP=2
8635455	42	STIM=o
8643811	42	RESP=1
8654359	42	STIM=s
8663378	42	RESP=1
8670917	42	STIM=k
8675786	42	RESP=1
8689686	42	STIM=m
8693336	42	RESP=1
8705299	42	STIM=7
8710446	42	RESP=2
8722264	42	STIM=z
8727296	42	RESP=1
8740417	42	STIM=b
8745059	42	RESP=1
8757256	42	STIM=l
8761472	42	RESP=1
8774180	42	STIM=b
8778035	42	RESP=1
8792828	42	STIM=f
8798857	42	RESP=1
8811573	42	STIM=8
8817066	42	RESP=1
8828032	42	STIM=3
8834610	42	RESP=1
8845716	42	STIM=f
8851743	42	RESP=1
8861959	42	STIM=t
8865799	42	RESP=1
8880123	42	STIM=d
8886372	42	RESP=1
8898384	42	STIM=3
8902983	42	RESP=2
8915635	42	STIM=8
8922804	42	RESP=2
8931643	42	STIM=i
8935555	42	RESP=1
8949198	42	STIM=r
8952265	42	RESP=1
8964874	42	STIM=o
8971406	42	RESP=1
8981614	42	STIM=4
8985122	42	RESP=2
8999998	42	STIM=f
9004416	42	RESP=1
9017378	42	STIM=o
9022050	42	RESP=1
9034243	42	STIM=9
9037627	42	RESP=2
9050667	42	STIM=a
9056840	42	RESP=1
9065776	42	STIM=4
9070916	42	RESP=2
9083997	42	STIM=j
9088727	42	RESP=1
9099442	42	STIM=u
9102780	42	RESP=1
9117655	42	STIM=o
9123500	42	RESP=2
9134461	42	STIM=c
9140499	42	RESP=2
9153184	42	STIM=y
9156800	42	RESP=1
9168349	42	STIM=a
9175141	42	RESP=1
9183566	42	STIM=2
9187583	42	RESP=2
9199359	42	STIM=m
9202529	42	RESP=1
9217880	42	STIM=w
9221044	42	RESP=1
9233910	42	STIM=g
9243904	42	RESP=1
9249315	42	STIM=n
9255502	42	RESP=1
9265046	42	STIM=w
9270971	42	RESP=1
9281187	42	STIM=b
9287734	42	RESP=1
9296445	42	STIM=s
9301943	42	RESP=1
9314205	42	STIM=y
9319666	42	RESP=1
9332980	42	STIM=s
9336652	42	RESP=1
9350623	42	STIM=m
9356603	42	RESP=1
9367868	42	STIM=d
9375470	42	RESP=2
9383561	42	STIM=m
9387722	42	RESP=1
9399566	42	STIM=5
9404544	42	RESP=1
9416957	42	STIM=c
9421376	42	RESP=1
9433227	42	STIM=c
9437600	42	RESP=1
9450383	42	STIM=p
9456399	42	RESP=1
9466478	42	STIM=y
9470908	42	RESP=1
9483515	42	STIM=j
9487430	42	RESP=1
9500269	42	STIM=x
9506586	42	RESP=1
9517529	42	STIM=h
9522105	42	RESP=1
9536025	42	STIM=w
9539612	42	RESP=1
9553503	42	STIM=f
9559760	42	RESP=1
9572230	42	STIM=8
9576672	42	RESP=2
9589519	42	STIM=n
9595249	42	RESP=1
9604534	42	STIM=j
9612182	42	RESP=1
9619911	42	STIM=4
9628902	42	RESP=2
9636787	42	STIM=w
9642122	42	RESP=1
9654297	42	STIM=n
9659482	42	RESP=1
9671784	42	STIM=i
9675069	42	RESP=1
9688861	42	STIM=6
9693035	42	RESP=2
9705578	42	STIM=a
9710375	42	RESP=1
9723878	42	STIM=2
9728337	42	RESP=2
9742857	42	STIM=q
9748062	42	RESP=1
9761024	42	STIM=2
9767281	42	RESP=2
9779234	42	STIM=z
9783622	42	RESP=1
9795032	42	STIM=7
9800353	42	RESP=2
9811511	42	STIM=d
9815987	42	RESP=1
9826751	42	STIM=z
9831165	42	RESP=1
9841768	42	STIM=j
9850229	42	RESP=1
9857780	42	STIM=z
9863852	42	RESP=1
9874537	42	STIM=p
9877179	42	RESP=1
9893382	42	STIM=y
9898804	42	RESP=1
9910447	42	STIM=a
9915833	42	RESP=1
9928553	42	STIM=h
9933070	42	RESP=1
9945544	42	STIM=f
9949018	42	RESP=1
9962789	42	STIM=h
9967356	42	RESP=1
9981421	42	STIM=d
9986301	42	RESP=1
9999054	42	STIM=u
10002975	42	RESP=1
10017534	42	STIM=x
10021725	42	RESP=1
10033074	42	STIM=m
10038779	42	RESP=1
10048751	42	STIM=8
10054061	42	RESP=2
10064944	42	STIM=r
10073833	42	RESP=1
10080082	42	STIM=d
10085477	42	RESP=1
10096637	42	STIM=n
10101178	42	RESP=1
10113309	42	STIM=e
10117265	42	RESP=1
10131239	42	STIM=j
10135048	42	RESP=1
10148425	42	STIM=o
10150920	42	RESP=1
10167364	42	STIM=7
10172261	42	RESP=2
10185866	42	STIM=1
10195879	42	RESP=2
10203376	42	STIM=o
10211191	42	RESP=1
10221759	42	STIM=a
10224928	42	RESP=1
10239413	42	STIM=x
10245679	42	RESP=1
10256822	42	STIM=v
10259781	42	RESP=1
10274300	42	STIM=r
10277784	42	RESP=2
10290463	42	STIM=3
10294729	42	RESP=2
10308224	42	STIM=4
10312672	42	RESP=2
10323742	42	STIM=e
10329495	42	RESP=1
10340471	42	STIM=k
10347250	42	RESP=1
10357367	42	STIM=1
10360774	42	RESP=2
10373657	42	STIM=c
10379448	42	RESP=1
10391473	42	STIM=9
10397946	42	RESP=2
10407010	42	STIM=u
10414309	42	RESP=1
10425954	42	STIM=i
10429761	42	RESP=1
10441345	42	STIM=p
10446210	42	RESP=1
10459430	42	STIM=v
10464808	42	RESP=1
10477640	42	STIM=i
10481488	42	RESP=1
10494703	42	STIM=c
10501499	42	RESP=1
10511382	42	STIM=q
10515545	42	RESP=1
10526632	42	STIM=4
10532505	42	RESP=2
10544665	42	STIM=i
10548034	42	RESP=1
10562603	42	STIM=p
10566331	42	RESP=1
10580549	42	STIM=6
10589198	42	RESP=2
10596107	42	STIM=g
10600085	42	RESP=1
10611679	42	STIM=a
10617331	42	RESP=1
10630572	42	STIM=0
10635251	42	RESP=2
10648339	42	STIM=g
10651556	42	RESP=1
10663986	42	STIM=c
10672292	42	RESP=1
10681949	42	STIM=n
10685517	42	RESP=1
10699892	42	STIM=b
10703042	42	RESP=1
10717111	42	STIM=7
10722259	42	RESP=2
10733676	42	STIM=2
10739627	42	RESP=2
10752662	42	STIM=b
10756514	42	RESP=1
10769308	42	STIM=z
10772469	42	RESP=1
10784727	42	STIM=s
10789837	42	RESP=1
10800718	42	STIM=u
10804697	42	RESP=1
10817087	42	STIM=s
10821789	42	RESP=1
10834862	42	STIM=i
10840768	42	RESP=1
10851315	42	STIM=q
10854775	42	RESP=1
10870174	42	STIM=z
10873873	42	RESP=1
10886371	42	STIM=7
10891255	42	RESP=2
10902624	42	STIM=f
10906117	42	RESP=1
10918286	42	STIM=j
10922918	42	RESP=1
10936995	42	STIM=g
10940126	42	RESP=1
10952926	42	STIM=w
10957330	42	RESP=1
10970284	42	STIM=5
10975086	42	RESP=1
10988718	42	STIM=s
10993754	42	RESP=1
11006224	42	STIM=m
11011626	42	RESP=1
11022161	42	STIM=2
11026564	42	RESP=2
11040000	42	STIM=k
11046428	42	RESP=1
11057149	42	STIM=e
11061178	42	RESP=2
11074546	42	STIM=9
11078902	42	RESP=2
11093408	42	STIM=9
11097008	42	RESP=1
11109929	42	STIM=2
11113668	42	RESP=2
11128481	42	STIM=q
11132526	42	RESP=1
11143845	42	STIM=j
11149254	42	RESP=1
11161440	42	STIM=n
11166454	42	RESP=1
11178923	42	STIM=a
11182083	42	RESP=1
11197205	42	STIM=b
11202829	42	RESP=1
11214142	42	STIM=q
11219752	42	RESP=1
11231194	42	STIM=5
11235767	42	RESP=2
11246502	42	STIM=c
11249449	42	RESP=1
11262518	42	STIM=m
11272533	42	RESP=1
11281210	42	STIM=f
11284989	42	RESP=1
11300156	42	STIM=m
11303187	42	RESP=1
11315938	42	STIM=l
11325182	42	RESP=1
11333844	42	STIM=f
11337813	42	RESP=1
11351296	42	STIM=u
11354070	42	RESP=1
11369015	42	STIM=n
11373276	42	RESP=1
11387029	42	STIM=e
11389423	42	RESP=1
11402226	42	STIM=a
11407783	42	RESP=1
11417250	42	STIM=f
11422983	42	RESP=1
11433170	42	STIM=x
11435786	42	RESP=1
11449965	42	STIM=w
11457264	42	RESP=1
11468018	42	STIM=s
11473468	42	RESP=1
11486760	42	STIM=t
11491172	42	RESP=1
11504042	42	STIM=j
11509485	42	RESP=1
11519962	42	STIM=f
11523324	42	RESP=1
11538710	42	STIM=r
11541573	42	RESP=1
11554523	42	STIM=g
11560646	42	RESP=1
11571341	42	STIM=p
11576418	42	RESP=1
11587826	42	STIM=i
11590719	42	RESP=1
11606441	42	STIM=e
11611528	42	RESP=1
11623949	42	STIM=a
11629060	42	RESP=1
11639627	42	STIM=4
11646875	42	RESP=2
11656706	42	STIM=8
11662664	42	RESP=2
11674441	42	STIM=k
11681618	42	RESP=1
11693158	42	STIM=g
11698309	42	RESP=1
11711887	42	STIM=p
11715634	42	RESP=1
11730407	42	STIM=f
11733300	42	RESP=1
11747799	42	STIM=v
11752298	42	RESP=1
11763364	42	STIM=s
11768918	42	RESP=1
11781917	42	STIM=4
11787641	42	RESP=2
11799001	42	STIM=4
11805041	42	RESP=1
11816655	42	STIM=v
11821372	42	RESP=1
11833060	42	STIM=j
11839964	42	RESP=1
11848349	42	STIM=r
11852726	42	RESP=1
11863859	42	STIM=x
11866833	42	RESP=1
11882389	42	STIM=n
11886924	42	RESP=1
11897909	42	STIM=m
11901521	42	RESP=1
11916775	42	STIM=v
11923929	42	RESP=1
11935345	42	STIM=z
11941319	42	RESP=1
11950601	42	STIM=a
11955939	42	RESP=1
11965750	42	STIM=w
11971591	42	RESP=1
11983019	42	STIM=n
11989617	42	RESP=1
12000709	42	STIM=z
12005610	42	RESP=2
12018074	42	STIM=t
12022744	42	RESP=1
12033396	42	STIM=k
12036649	42	RESP=1
12051123	42	STIM=p
12054779	42	RESP=1
12068047	42	STIM=n
12072211	42	RESP=1
12085050	42	STIM=g
12092494	42	RESP=1
12102026	42	STIM=o
12107165	42	RESP=1
12120982	42	STIM=o
12126680	42	RESP=1
12137515	42	STIM=s
12148934	42	RESP=1
12154617	42	STIM=f
12162857	42	RESP=1
12170051	42	STIM=7
12176379	42	RESP=2
12187004	42	STIM=d
12189974	42	RESP=1
12204215	42	STIM=p
12211470	42	RESP=1
12220848	42	STIM=n
12224642	42	RESP=1
12236176	42	STIM=f
12240476	42	RESP=2
12255056	42	STIM=h
12262771	42	RESP=1
12271552	42	STIM=k
12274816	42	RESP=1
12289276	42	STIM=m
12294364	42	RESP=1
12308057	42	STIM=f
12311783	42	RESP=1
12325180	42	STIM=z
12330012	42	RESP=1
12342577	42	STIM=v
12350431	42	RESP=1
12359331	42	STIM=s
12364431	42	RESP=1
12377734	42	STIM=z
12383287	42	RESP=1
12393567	42	STIM=y
12404728	42	RESP=1
12411763	42	STIM=n
12415747	42	RESP=1
12428506	42	STIM=6
12432449	42	RESP=2
12443946	42	STIM=2
12449997	42	RESP=2
12460768	42	STIM=p
12467028	42	RESP=1
12478322	42	STIM=n
12483656	42	RESP=1
12494067	42	STIM=h
12499105	42	RESP=2
12509369	42	STIM=n
12514305	42	RESP=1
12525460	42	STIM=c
12529102	42	RESP=1
12542196	42	STIM=k
12546902	42	RESP=1
12559298	42	STIM=y
12562859	42	RESP=1
12577589	42	STIM=7
12583392	42	RESP=1
12594791	42	STIM=d
12598889	42	RESP=1
12613454	42	STIM=n
12619593	42	RESP=1
12629052	42	STIM=x
12634497	42	RESP=1
12646605	42	STIM=j
12650940	42	RESP=1
12664995	42	STIM=v
12673441	42	RESP=1
12681567	42	STIM=m
12685349	42	RESP=1
12698804	42	STIM=t
12704295	42	RESP=1
12716972	42	STIM=6
12724599	42	RESP=1
12734058	42	STIM=u
12739879	42	RESP=1
12752858	42	STIM=t
12756966	42	RESP=1
12768885	42	STIM=8
12775383	42	RESP=2
12784888	42	STIM=h
12790364	42	RESP=1
12802114	42	STIM=p
12806059	42	RESP=1
12819267	42	STIM=5
12825864	42	RESP=2
12834597	42	STIM=m
12840180	42	RESP=1
12850784	42	STIM=b
12860198	42	RESP=1
12867750	42	STIM=0
12873041	42	RESP=1
12885698	42	STIM=z
12889759	42	RESP=1
12903281	42	STIM=i
12907657	42	RESP=1
12922247	42	STIM=t
12927022	42	RESP=1
12937504	42	STIM=5
12941411	42	RESP=2
12955049	42	STIM=z
12962405	42	RESP=1
12971464	42	STIM=v
12975648	42	RESP=1
12988612	42	STIM=2
12995472	42	RESP=2
13007070	42	STIM=n
13015561	42	RESP=1
13024961	42	STIM=u
13028618	42	RESP=1
13042954	42	STIM=o
13047064	42	RESP=1
13061685	42	STIM=g
13066778	42	RESP=1
13077063	42	STIM=s
13080907	42	RESP=1
13094675	42	STIM=r
13098571	42	RESP=1
13112123	42	STIM=v
13116166	42	RESP=1
13127706	42	STIM=j
13131295	42	RESP=1
13145797	42	STIM=t
13148920	42	RESP=1
13161871	42	STIM=6
13166167	42	RESP=2
13178829	42	STIM=k
13183010	42	RESP=1
13193852	42	STIM=o
13200020	42	RESP=1
13211574	42	STIM=0
13215459	42	RESP=2
13230355	42	STIM=z
13233410	42	RESP=1
13245457	42	STIM=t
13249774	42	RESP=1
13261849	42	STIM=r
13266148	42	RESP=1
13280129	42	STIM=n
13284865	42	RESP=1
13295421	42	STIM=3
13299948	42	RESP=2
13313305	42	STIM=w
13316501	42	RESP=1
13328965	42	STIM=e
13332001	42	RESP=1
13345842	42	STIM=r
13349463	42	RESP=2
13364641	42	STIM=q
13367860	42	RESP=1
13380485	42	STIM=q
13392053	42	RESP=1
13398681	42	STIM=j
13402505	42	RESP=1
13416406	42	STIM=n
13425196	42	RESP=1
13431804	42	STIM=y
13439227	42	RESP=1
13446928	42	STIM=g
13451465	42	RESP=1
13463148	42	STIM=w
13467969	42	RESP=1
13478749	42	STIM=2
13485344	42	RESP=2
13495363	42	STIM=1
13501371	42	RESP=2
13510521	42	STIM=z
13515292	42	RESP=1
13528110	42	STIM=s
13535830	42	RESP=2
13544641	42	STIM=m
13548957	42	RESP=1
13563385	42	STIM=g
13569191	42	RESP=1
13581043	42	STIM=q
13591577	42	RESP=1
13597350	42	STIM=0
13603369	42	RESP=2
13615154	42	STIM=e
13618869	42	RESP=1
13633169	42	STIM=y
13638204	42	RESP=1
13648345	42	STIM=d
13651387	42	RESP=1
13666858	42	STIM=x
13670603	42	RESP=1
13685342	42	STIM=e
13688513	42	RESP=1
13704277	42	STIM=n
13708942	42	RESP=1
13721280	42	STIM=u
13726647	42	RESP=1
13736300	42	STIM=7
13741492	42	RESP=2
13751310	42	STIM=y
13754359	42	RESP=1
13770107	42	STIM=s
13774934	42	RESP=1
13788373	42	STIM=s
13795441	42	RESP=2
13806885	42	STIM=d
13814853	42	RESP=1
13821960	42	STIM=1
13826967	42	RESP=2
13839342	42	STIM=8
13846001	42	RESP=2
13857559	42	STIM=j
13861632	42	RESP=1
13875218	42	STIM=g
13880951	42	RESP=1
13890706	42	STIM=8
13897497	42	RESP=2
13908748	42	STIM=r
13913505	42	RESP=1
13927109	42	STIM=o
13932012	42	RESP=1
13946060	42	STIM=p
13950042	42	RESP=1
13961529	42	STIM=q
13964092	42	RESP=1
13979764	42	STIM=c
13985908	42	RESP=1
13995107	42	STIM=l
14006775	42	RESP=1
14011539	42	STIM=k
14017004	42	RESP=1
14028947	42	STIM=1
14034959	42	RESP=2
14046474	42	STIM=v
14051450	42	RESP=1
14064091	42	STIM=o
14068949	42	RESP=1
14081734	42	STIM=h
14088134	42	RESP=1
14097797	42	STIM=l
14102111	42	RESP=1
14115881	42	STIM=h
14121253	42	RESP=1
14132224	42	STIM=1
14135808	42	RESP=2
14148045	42	STIM=v
14150998	42	RESP=1
14165345	42	STIM=x
14172120	42	RESP=1
14180506	42	STIM=p
14185314	42	RESP=1
14198543	42	STIM=2
14202826	42	RESP=2
14214111	42	STIM=x
14218289	42	RESP=1
14229414	42	STIM=y
14233320	42	RESP=1
14245633	42	STIM=s
14250424	42	RESP=1
14262755	42	STIM=t
14268497	42	RESP=1
14278550	42	STIM=d
14283653	42	RESP=1
14293942	42	STIM=i
14299872	42	RESP=1
14309240	42	STIM=6
14316001	42	RESP=2
14324820	42	STIM=b
14330432	42	RESP=1
14342975	42	STIM=z
14347916	42	RESP=1
14360952	42	STIM=0
14368024	42	RESP=1
14378218	42	STIM=i
14383036	42	RESP=1
14394504	42	STIM=5
14403822	42	RESP=2
14412586	42	STIM=q
14415605	42	RESP=1
14429837	42	STIM=w
14434424	42	RESP=1
14447709	42	STIM=y
14453152	42	RESP=1
14463948	42	STIM=5
14468538	42	RESP=2
14481134	42	STIM=n
14485157	42	RESP=1
14497842	42	STIM=z
14502602	42	RESP=1
14514817	42	STIM=6
14521683	42	RESP=2
14530378	42	STIM=b
14533986	42	RESP=2
14547086	42	STIM=e
14551573	42	RESP=1
14563447	42	STIM=6
14567395	42	RESP=2
14579253	42	STIM=7
14584916	42	RESP=1
14597181	42	STIM=q
14602157	42	RESP=1
14613218	42	STIM=e
14618623	42	RESP=1
14632095	42	STIM=a
14635492	42	RESP=1
14651028	42	STIM=l
14655423	42	RESP=1
14669919	42	STIM=k
14673687	42	RESP=1
14684964	42	STIM=6
14688691	42	RESP=2
14702675	42	STIM=c
14708681	42	RESP=1
14718415	42	STIM=l
14723638	42	RESP=1
14733890	42	STIM=2
14737154	42	RESP=2
14751704	42	STIM=4
14758792	42	RESP=1
14767011	42	STIM=s
14771225	42	RESP=1
14783556	42	STIM=i
14787087	42	RESP=2
14801363	42	STIM=b
14805193	42	RESP=1
14818514	42	STIM=u
14823958	42	RESP=1
14836203	42	STIM=b
14840283	42	RESP=1
14854958	42	STIM=8
14860514	42	RESP=2
14873133	42	STIM=f
14879033	42	RESP=1
14891342	42	STIM=h
14897400	42	RESP=1
14910166	42	STIM=x
14914934	42	RESP=1
14928137	42	STIM=i
14932962	42	RESP=1
14943235	42	STIM=l
14949833	42	RESP=1
14960066	42	STIM=k
14964933	42	RESP=1
14978856	42	STIM=9
14984197	42	RESP=2
14994710	42	STIM=h
14997886	42	RESP=1
15009792	42	STIM=b
15014146	42	RESP=1
15025408	42	STIM=v
15030622	42	RESP=1
15044398	42	STIM=v
15049049	42	RESP=1
15061272	42	STIM=4
15066539	42	RESP=2
15076518	42	STIM=a
15080908	42	RESP=1
15094683	42	STIM=e
15100227	42	RESP=1
15110491	42	STIM=d
15114673	42	RESP=1
15126863	42	STIM=u
15130347	42	RESP=1
15143206	42	STIM=w
15146209	42	RESP=1
15160739	42	STIM=4
15165968	42	RESP=2
15179482	42	STIM=l
15183474	42	RESP=1
15195548	42	STIM=x
15200887	42	RESP=1
15211797	42	STIM=z
15216414	42	RESP=1
15229329	42	STIM=l
15233306	42	RESP=1
15245609	42	STIM=k
15250433	42	RESP=1
15262821	42	STIM=d
15267429	42	RESP=1
15278821	42	STIM=p
15282998	42	RESP=1
15296841	42	STIM=r
15303418	42	RESP=1
15315513	42	STIM=p
15318635	42	RESP=1
15332770	42	STIM=0
15343925	42	RESP=2
15348405	42	STIM=3
15355309	42	RESP=2
15365204	42	STIM=y
15369770	42	RESP=1
15383791	42	STIM=4
15390601	42	RESP=2
15399715	42	STIM=d
15404842	42	RESP=1
15415660	42	STIM=u
15419700	42	RESP=1
15433396	42	STIM=8
15437282	42	RESP=2
15451993	42	STIM=k
15457893	42	RESP=1
15470205	42	STIM=a
15473749	42	RESP=1
15489093	42	STIM=n
15491912	42	RESP=1
15505603	42	STIM=v
15511341	42	RESP=1
15523033	42	STIM=c
15528561	42	RESP=1
15538989	42	STIM=3
15545350	42	RESP=2
15555469	42	STIM=s
15560369	42	RESP=1
15570870	42	STIM=d
15574860	42	RESP=1
15587689	42	STIM=2
15592823	42	RESP=2
15604257	42	STIM=k
15610897	42	RESP=1
15621363	42	STIM=x
15625992	42	RESP=2
15638588	42	STIM=v
15642844	42	RESP=1
15653877	42	STIM=w
15661436	42	RESP=1
15671664	42	STIM=o
15675298	42	RESP=1
15687245	42	STIM=d
15691221	42	RESP=1
15704500	42	STIM=e
15715444	42	RESP=1
15720959	42	STIM=d
15726357	42	RESP=1
15739350	42	STIM=7
15744381	42	RESP=2
15754710	42	STIM=b
15765156	42	RESP=1
15772239	42	STIM=a
15776372	42	RESP=1
15790961	42	STIM=s
15796840	42	RESP=1
15806299	42	STIM=v
15810310	42	RESP=1
15823886	42	STIM=u
15828606	42	RESP=1
15839348	42	STIM=4
15845150	42	RESP=2
15854712	42	STIM=9
15860720	42	RESP=2
15870116	42	STIM=0
15874021	42	RESP=2
15885329	42	STIM=f
15889600	42	RESP=1
15900816	42	STIM=d
15903594	42	RESP=1
15917920	42	STIM=v
15920675	42	RESP=1
15936031	42	STIM=k
15938965	42	RESP=1
15954372	42	STIM=m
15960242	42	RESP=1
15971163	42	STIM=d
15974916	42	RESP=1
15988973	42	STIM=m
15995790	42	RESP=1
16007888	42	STIM=l
16016405	42	RESP=1
16023143	42	STIM=x
16027275	42	RESP=1
16041287	42	STIM=h
16047352	42	RESP=1
16058698	42	STIM=j
16063877	42	RESP=1
16074326	42	STIM=l
16080275	42	RESP=1
16092665	42	STIM=4
16099063	42	RESP=2
16110358	42	STIM=p
16117888	42	RESP=1
16127906	42	STIM=8
16134610	42	RESP=2
16143247	42	STIM=w
16149960	42	RESP=1
16160820	42	STIM=d
16166833	42	RESP=1
16178781	42	STIM=o
16183798	42	RESP=1
16193955	42	STIM=q
16200931	42	RESP=1
16210471	42	STIM=k
16216283	42	RESP=1
16226269	42	STIM=k
16230371	42	RESP=1
16244371	42	STIM=l
16250724	42	RESP=1
16260312	42	STIM=e
16263626	42	RESP=1
16279180	42	STIM=y
16284063	42	RESP=1
16297842	42	STIM=u
16302476	42	RESP=1
16313029	42	STIM=v
16321513	42	RESP=1
16330179	42	STIM=w
16336967	42	RESP=1
16347404	42	STIM=p
16351112	42	RESP=1
16365232	42	STIM=j
16369374	42	RESP=1
16383161	42	STIM=h
16387686	42	RESP=1
16399620	42	STIM=r
16404782	42	RESP=1
16416950	42	STIM=a
16423250	42	RESP=1
16434985	42	STIM=q
16444533	42	RESP=1
16453723	42	STIM=v
16457034	42	RESP=1
16470794	42	STIM=7
16475823	42	RESP=2
16487909	42	STIM=x
16495693	42	RESP=1
16506338	42	STIM=3
16517249	42	RESP=2
16523252	42	STIM=o
16527229	42	RESP=1
16539351	42	STIM=5
16543435	42	RESP=2
16554944	42	STIM=m
16558974	42	RESP=1
16570958	42	STIM=5
16574863	42	RESP=1
16587374	42	STIM=i
16591308	42	RESP=1
16603006	42	STIM=s
16605775	42	RESP=1
16619944	42	STIM=6
16627523	42	RESP=2
16637306	42	STIM=o
16642156	42	RESP=1
16653760	42	STIM=7
16660429	42	RESP=2
16671737	42	STIM=b
16679678	42	RESP=1
16689906	42	STIM=p
16694301	42	RESP=1
16705909	42	STIM=k
16713189	42	RESP=1
16723155	42	STIM=m
16728073	42	RESP=1
16741601	42	STIM=h
16747381	42	RESP=1
16760505	42	STIM=h
16765623	42	RESP=1
16776545	42	STIM=m
16783666	42	RESP=1
16792491	42	STIM=m
16798282	42	RESP=1
16808482	42	STIM=o
16811772	42	RESP=1
16827134	42	STIM=f
16835942	42	RESP=1
16842857	42	STIM=b
16849601	42	RESP=1
16859889	42	STIM=5
16863989	42	RESP=2
16876071	42	STIM=a
16880518	42	RESP=1
16892178	42	STIM=g
16898576	42	RESP=1
16910877	42	STIM=6
16917554	42	RESP=1
16928291	42	STIM=3
16933295	42	RESP=2
16944938	42	STIM=6
16952658	42	RESP=2
16962231	42	STIM=p
16965967	42	RESP=1
16978174	42	STIM=i
16982223	42	RESP=1
16997156	42	STIM=o
17000934	42	RESP=1
17014414	42	STIM=b
17021956	42	RESP=1
17030119	42	STIM=7
17034674	42	RESP=2
17045829	42	STIM=8
17050081	42	RESP=2
17062824	42	STIM=h
17066813	42	RESP=1
17081003	42	STIM=a
17085020	42	RESP=1
17096399	42	STIM=n
17099457	42	RESP=1
17114705	42	STIM=d
17120822	42	RESP=1
17131914	42	STIM=d
17134936	42	RESP=1
17150754	42	STIM=c
17154085	42	RESP=1
17166256	42	STIM=w
17174000	42	RESP=1
17181418	42	STIM=h
17184623	42	RESP=1
17197115	42	STIM=g
17200771	42	RESP=1
17213418	42	STIM=1
17218411	42	RESP=2
17231600	42	STIM=n
17235041	42	RESP=1
17249177	42	STIM=q
17252413	42	RESP=1
17264216	42	STIM=w
17269401	42	RESP=1
17280706	42	STIM=4
17285298	42	RESP=2
17295725	42	STIM=q
17299284	42	RESP=1
17311350	42	STIM=j
17314811	42	RESP=1
17330302	42	STIM=v
17334353	42	RESP=1
17346154	42	STIM=p
17350974	42	RESP=1
17364197	42	STIM=h
17368122	42	RESP=1
17382923	42	STIM=j
17387656	42	RESP=1
17399551	42	STIM=i
17406498	42	RESP=1
17415106	42	STIM=d
17421814	42	RESP=1
17431753	42	STIM=l
17434672	42	RESP=1
17448903	42	STIM=2
17453780	42	RESP=2
17465146	42	STIM=t
17470237	42	RESP=1
17481602	42	STIM=9
17489028	42	RESP=2
17496930	42	STIM=x
17502000	42	RESP=1
17514382	42	STIM=v
17522039	42	RESP=1
17530831	42	STIM=3
17535467	42	RESP=2
17547811	42	STIM=n
17554495	42	RESP=1
17565161	42	STIM=u
17569967	42	RESP=1
17582808	42	STIM=q
17588428	42	RESP=1
17600206	42	STIM=s
17607895	42	RESP=1
17618728	42	STIM=l
17623400	42	RESP=1
17635350	42	STIM=b
17641705	42	RESP=1
17650353	42	STIM=v
17653872	42	RESP=1
17668573	42	STIM=l
17672820	42	RESP=1
17685717	42	STIM=s
17689058	42	RESP=1
17701958	42	STIM=b
17704819	42	RESP=1
17718189	42	STIM=n
17723167	42	RESP=1
17735531	42	STIM=e
17741871	42	RESP=2
17751211	42	STIM=q
17754631	42	RESP=1
17769440	42	STIM=c
17773874	42	RESP=1
17788153	42	STIM=c
17794696	42	RESP=1
17803502	42	STIM=9
17807962	42	RESP=2
17822319	42	STIM=x
17830303	42	RESP=1
17840592	42	STIM=3
17846387	42	RESP=2
17857473	42	STIM=t
17862287	42	RESP=1
17874782	42	STIM=q
17879820	42	RESP=1
17891355	42	STIM=g
17896804	42	RESP=1
17909440	42	STIM=s
17914496	42	RESP=1
17926006	42	STIM=m
17931058	42	RESP=1
17942594	42	STIM=y
17946821	42	RESP=1
17959019	42	STIM=i
17967657	42	RESP=1
17976171	42	STIM=b
17983258	42	RESP=1
17993659	42	STIM=z
18002143	42	RESP=1
18009910	42	STIM=f
18015957	42	RESP=1
18025880	42	STIM=l
18035150	42	RESP=1
18044769	42	STIM=9
18050758	42	RESP=2
18060063	42	STIM=b
18064580	42	RESP=1
18078202	42	STIM=z
18081357	42	RESP=1
18096012	42	STIM=e
18099590	42	RESP=1
18112316	42	STIM=i
18118206	42	RESP=2
18131213	42	STIM=k
18135597	42	RESP=1
18146774	42	STIM=5
18153298	42	RESP=2
18165101	42	STIM=e
18170044	42	RESP=1
18180784	42	STIM=t
18186368	42	RESP=1
18199360	42	STIM=7
18205281	42	RESP=2
18217254	42	STIM=7
18224298	42	RESP=2
18235842	42	STIM=j
18239401	42	RESP=1
18254253	42	STIM=a
18260612	42	RESP=1
18272871	42	STIM=u
18278518	42	RESP=1
18290954	42	STIM=w
18295515	42	RESP=1
18306534	42	STIM=t
18311881	42	RESP=1
18325022	42	STIM=w
18331171	42	RESP=1
18342807	42	STIM=0
18347937	42	RESP=2
18360040	42	STIM=b
18368821	42	RESP=1
18377639	42	STIM=s
18382626	42	RESP=1
18395391	42	STIM=a
18398317	42	RESP=1
18413121	42	STIM=e
18417646	42	RESP=1
18431237	42	STIM=a
18438436	42	RESP=1
18449225	42	STIM=p
18457479	42	RESP=1
18466141	42	STIM=u
18473942	42	RESP=1
18481399	42	STIM=w
18486220	42	RESP=1
18499146	42	STIM=y
18505430	42	RESP=1
18515677	42	STIM=l
18518448	42	RESP=1
18534170	42	STIM=k
18537361	42	RESP=1
18549530	42	STIM=j
18556791	42	RESP=1
18567040	42	STIM=t
18572292	42	RESP=1
18583171	42	STIM=q
18586798	42	RESP=1
18600225	42	STIM=o
18603545	42	RESP=1
18618559	42	STIM=m
18625275	42	RESP=1
18635783	42	STIM=d
18638516	42	RESP=1
18651807	42	STIM=x
18655247	42	RESP=1
18669763	42	STIM=9
18674461	42	RESP=2
18685623	42	STIM=3
18691985	42	RESP=2
18703248	42	STIM=c
18709540	42	RESP=1
18721583	42	STIM=s
18730406	42	RESP=1
18739072	42	STIM=g
18745372	42	RESP=1
18756355	42	STIM=b
18762302	42	RESP=2
18774592	42	STIM=3
18780207	42	RESP=2
18793058	42	STIM=2
18801157	42	RESP=2
18811184	42	STIM=p
18817595	42	RESP=1
18826673	42	STIM=u
18829488	42	RESP=1
18844968	42	STIM=t
18848530	42	RESP=1
18861889	42	STIM=n
18866617	42	RESP=1
18878304	42	STIM=r
18882130	42	RESP=1
18893420	42	STIM=k
18896436	42	RESP=1
18910310	42	STIM=l
18914676	42	RESP=1
18925329	42	STIM=v
18929262	42	RESP=1
18941769	42	STIM=m
18947232	42	RESP=1
18957498	42	STIM=t
18961707	42	RESP=1
18973261	42	STIM=j
18976399	42	RESP=1
18989758	42	STIM=p
18994463	42	RESP=1
19005973	42	STIM=i
19009412	42	RESP=1
19021176	42	STIM=t
19024897	42	RESP=1
19036331	42	STIM=w
19041130	42	RESP=1
19052606	42	STIM=s
19058572	42	RESP=1
19069882	42	STIM=h
19076287	42	RESP=1
19085524	42	STIM=m
19089469	42	RESP=1
19102860	42	STIM=z
19111268	42	RESP=1
19118032	42	STIM=w
19122163	42	RESP=1
19133123	42	STIM=z
19138065	42	RESP=1
19151378	42	STIM=k
19158892	42	RESP=1
19169446	42	STIM=i
19175973	42	RESP=1
19186935	42	STIM=8
19192643	42	RESP=1
19203396	42	STIM=u
19210539	42	RESP=1
19221331	42	STIM=s
19226457	42	RESP=1
19236341	42	STIM=5
19240974	42	RESP=2
19252206	42	STIM=h
19256791	42	RESP=1
19269165	42	STIM=w
19272391	42	RESP=2
19286881	42	STIM=f
19293801	42	RESP=1
19303097	42	STIM=v
19305747	42	RESP=1
19318969	42	STIM=b
19322629	42	RESP=1
19335359	42	STIM=x
19340432	42	RESP=1
19350499	42	STIM=v
19355647	42	RESP=1
19367851	42	STIM=e
19372169	42	RESP=1
19382962	42	STIM=i
19390959	42	RESP=1
19398416	42	STIM=q
19402986	42	RESP=1
19415035	42	STIM=l
19424131	42	RESP=1
19431074	42	STIM=8
19436164	42	RESP=2
19446480	42	STIM=4
19452032	42	RESP=2
19461865	42	STIM=e
19467086	42	RESP=1
19479815	42	STIM=f
19484469	42	RESP=1
19498451	42	STIM=l
19501862	42	RESP=1
19516785	42	STIM=x
19522284	42	RESP=1
19534458	42	STIM=u
19537609	42	RESP=1
19551896	42	STIM=q
19555739	42	RESP=1
19569824	42	STIM=q
19574124	42	RESP=1
19588604	42	STIM=b
19592191	42	RESP=1
19604378	42	STIM=l
19608437	42	RESP=1
19623262	42	STIM=6
19626848	42	RESP=2
19641390	42	STIM=g
19646086	42	RESP=1
19657781	42	STIM=p
19662747	42	RESP=1
19673093	42	STIM=v
19676460	42	RESP=1
19690116	42	STIM=k
19694296	42	RESP=1
19706894	42	STIM=6
19711841	42	RESP=2
19722186	42	STIM=s
19725698	42	RESP=1
19739152	42	STIM=6
19744751	42	RESP=2
19756895	42	STIM=t
19762726	42	RESP=1
19772780	42	STIM=9
19777955	42	RESP=2
19788462	42	STIM=p
19792800	42	RESP=1
19803710	42	STIM=5
19809107	42	RESP=1
19822036	42	STIM=c
19827006	42	RESP=1
19838723	42	STIM=e
19842263	42	RESP=1
19854115	42	STIM=t
19859240	42	RESP=1
19872633	42	STIM=3
19880562	42	RESP=2
19890483	42	STIM=j
19894443	42	RESP=1
19908335	42	STIM=g
19913637	42	RESP=1
19926574	42	STIM=t
19930555	42	RESP=1
19941953	42	STIM=z
19945631	42	RESP=1
19958254	42	STIM=h
19963211	42	RESP=1
19976237	42	STIM=f
19981100	42	RESP=1
19991644	42	STIM=7
19995364	42	RESP=2
20008648	42	STIM=p
20012792	42	RESP=2
20026007	42	STIM=p
20031881	42	RESP=1
20044683	42	STIM=l
20049254	42	RESP=1
20061645	42	STIM=i
20066375	42	RESP=1
20079059	42	STIM=g
20083028	42	RESP=1
20094751	42	STIM=0
20102869	42	RESP=2
20111928	42	STIM=5
20116361	42	RESP=1
20129776	42	STIM=w
20135149	42	RESP=1
20147433	42	STIM=6
20159497	42	RESP=2
20163655	42	STIM=i
20167445	42	RESP=2
20181486	42	STIM=a
20188698	42	RESP=1
20200130	42	STIM=s
20208459	42	RESP=1
20219015	42	STIM=f
20222032	42	RESP=1
20236455	42	STIM=9
20243145	42	RESP=2
20255344	42	STIM=r
20259583	42	RESP=1
20270940	42	STIM=p
20274537	42	RESP=1
20288816	42	STIM=2
20293771	42	RESP=2
20304405	42	STIM=i
20310328	42	RESP=1
20323266	42	STIM=h
20331209	42	RESP=1
20340402	42	STIM=q
20342829	42	RESP=1
20355924	42	STIM=p
20362538	42	RESP=1
20371469	42	STIM=u
20375950	42	RESP=1
20389522	42	STIM=5
20394708	42	RESP=2
20407183	42	STIM=e
20410915	42	RESP=2
20425799	42	STIM=p
20428400	42	RESP=1
20442041	42	STIM=v
20447681	42	RESP=1
20459147	42	STIM=z
20462568	42	RESP=2
20477447	42	STIM=w
20482009	42	RESP=1
20493624	42	STIM=f
20500232	42	RESP=1
20512494	42	STIM=1
20517831	42	RESP=2
20529731	42	STIM=u
20534273	42	RESP=1
20548370	42	STIM=z
20552378	42	RESP=1
20563447	42	STIM=t
20566986	42	RESP=1
20579723	42	STIM=k
20585156	42	RESP=1
20595212	42	STIM=m
20598397	42	RESP=1
20610711	42	STIM=b
20615769	42	RESP=1
20626083	42	STIM=l
20629479	42	RESP=1
20643897	42	STIM=g
20647616	42	RESP=1
20660024	42	STIM=b
20669649	42	RESP=1
20678963	42	STIM=1
20683156	42	RESP=2
20696063	42	STIM=l
20703710	42	RESP=1
20714722	42	STIM=m
20718119	42	RESP=1
20733017	42	STIM=q
20736753	42	RESP=1
20751577	42	STIM=w
20757711	42	RESP=1
20767803	42	STIM=o
20771128	42	RESP=1
20785715	42	STIM=m
20790561	42	RESP=1
20802359	42	STIM=g
20805729	42	RESP=1
20819094	42	STIM=z
20824573	42	RESP=1
20837459	42	STIM=b
20841046	42	RESP=1
20854682	42	STIM=g
20864622	42	RESP=1
20873095	42	STIM=a
20876678	42	RESP=1
20889732	42	STIM=7
20894971	42	RESP=2
20907832	42	STIM=k
20920331	42	RESP=2
20924893	42	STIM=p
20930113	42	RESP=1
20943250	42	STIM=z
20949318	42	RESP=1
20960450	42	STIM=z
20963947	42	RESP=1
20978030	42	STIM=j
20983271	42	RESP=1
20995917	42	STIM=j
21005021	42	RESP=1
21012018	42	STIM=2
21016407	42	RESP=2
21027330	42	STIM=4
21033039	42	RESP=2
21044159	42	STIM=n
21047219	42	RESP=1
21061994	42	STIM=w
21067078	42	RESP=1
21078182	42	STIM=g
21084132	42	RESP=1
21094781	42	STIM=9
21103373	42	RESP=2
21110197	42	STIM=t
21115825	42	RESP=1
21127791	42	STIM=a
21136235	42	RESP=1
21144968	42	STIM=v
21150081	42	RESP=1
21162737	42	STIM=z
21168617	42	RESP=1
21179550	42	STIM=2
21183281	42	RESP=2
21195109	42	STIM=6
21200585	42	RESP=1
21212203	42	STIM=m
21217097	42	RESP=2
21228541	42	STIM=p
21232639	42	RESP=1
21244899	42	STIM=2
21249200	42	RESP=2
21263188	42	STIM=k
21268387	42	RESP=1
21279776	42	STIM=3
21284681	42	RESP=1
21294841	42	STIM=n
21298539	42	RESP=1
21312288	42	STIM=o
21317128	42	RESP=1
21331263	42	STIM=8
21338883	42	RESP=2
21347595	42	STIM=z
21351317	42	RESP=1
21364832	42	STIM=n
21368500	42	RESP=1
21382489	42	STIM=z
21391690	42	RESP=1
21400066	42	STIM=u
21404419	42	RESP=1
21417008	42	STIM=f
21420523	42	RESP=1
21433219	42	STIM=e
21435717	42	RESP=1
21451364	42	STIM=j
21455759	42	RESP=1
21466594	42	STIM=h
21470017	42	RESP=1
21484144	42	STIM=9
21491616	42	RESP=2
21502190	42	STIM=4
21509318	42	RESP=2
21520420	42	STIM=m
21525557	42	RESP=1
21535861	42	STIM=4
21541671	42	RESP=2
21552776	42	STIM=t
21559768	42	RESP=1
21568107	42	STIM=0
21576914	42	RESP=2
21584456	42	STIM=h
21588489	42	RESP=1
21601866	42	STIM=w
21606345	42	RESP=1
21620733	42	STIM=x
21626933	42	RESP=2
21637766	42	STIM=v
21642438	42	RESP=1
21653231	42	STIM=8
21658762	42	RESP=2
21669902	42	STIM=m
21673642	42	RESP=1
21685636	42	STIM=e
21693934	42	RESP=1
21701282	42	STIM=b
21704449	42	RESP=1
21716545	42	STIM=f
21720380	42	RESP=1
21734951	42	STIM=v
21737923	42	RESP=1
21752953	42	STIM=t
21756234	42	RESP=1
21769865	42	STIM=y
21772709	42	RESP=1
21786501	42	STIM=x
21790989	42	RESP=1
21803665	42	STIM=x
21808871	42	RESP=1
21819804	42	STIM=d
21823747	42	RESP=1
