# Original filename: 0058_CTC_2016-09-30.log
# Time unit: 100 us
# RARECAT=digit
#
# Time	HHGG	Event
37029	42	STIM=o
45543	42	RESP=1
55926	42	STIM=n
58868	42	RESP=1
72564	42	STIM=l
78453	42	RESP=1
87578	42	STIM=l
90273	42	RESP=1
105691	42	STIM=y
108370	42	RESP=1
122847	42	STIM=q
128086	42	RESP=1
140450	42	STIM=q
146738	42	RESP=1
157480	42	STIM=7
161602	42	RESP=1
174618	42	STIM=t
181191	42	RESP=1
190094	42	STIM=k
194873	42	RESP=1
205821	42	STIM=b
210213	42	RESP=1
222493	42	STIM=5
228544	42	RESP=2
239056	42	STIM=q
242875	42	RESP=1
257861	42	STIM=k
263076	42	RESP=1
274214	42	STIM=h
282028	42	RESP=1
291420	42	STIM=n
297889	42	RESP=1
310365	42	STIM=y
314107	42	RESP=1
325628	42	STIM=x
328960	42	RESP=1
344342	42	STIM=z
348831	42	RESP=1
362347	42	STIM=d
364804	42	RESP=1
377883	42	STIM=z
384635	42	RESP=1
395389	42	STIM=0
402233	42	RESP=2
411012	42	STIM=x
414817	42	RESP=1
428446	42	STIM=e
432571	42	RESP=1
444067	42	STIM=w
447191	42	RESP=1
460071	42	STIM=j
464368	42	RESP=1
477877	42	STIM=m
482333	42	RESP=1
493000	42	STIM=w
497119	42	RESP=2
510084	42	STIM=w
517293	42	RESP=1
525300	42	STIM=3
534620	42	RESP=2
541027	42	STIM=u
545000	42	RESP=1
557686	42	STIM=v
563522	42	RESP=1
574849	42	STIM=4
583445	42	RESP=2
591301	42	STIM=3
596265	42	RESP=2
609750	42	STIM=m
614928	42	RESP=1
628735	42	STIM=6
639498	42	RESP=2
644518	42	STIM=c
653482	42	RESP=1
661674	42	STIM=l
666270	42	RESP=1
678430	42	STIM=m
682161	42	RESP=1
696064	42	STIM=b
703207	42	RESP=1
714094	42	STIM=g
718853	42	RESP=1
731666	42	STIM=e
737187	42	RESP=1
749534	42	STIM=7
754376	42	RESP=2
765603	42	STIM=e
773484	42	RESP=1
781232	42	STIM=6
786248	42	RESP=2
798362	42	STIM=x
803928	42	RESP=1
816880	42	STIM=k
823069	42	RESP=1
835412	42	STIM=z
838505	42	RESP=1
852556	42	STIM=l
855578	42	RESP=1
867810	42	STIM=g
873245	42	RESP=1
884627	42	STIM=r
889060	42	RESP=1
902303	42	STIM=p
909052	42	RESP=1
919508	42	STIM=8
925104	42	RESP=2
937606	42	STIM=u
944638	42	RESP=1
952961	42	STIM=o
958408	42	RESP=1
968769	42	STIM=i
974231	42	RESP=1
986905	42	STIM=e
993516	42	RESP=1
1003487	42	STIM=b
1006045	42	RESP=1
1020151	42	STIM=1
1024839	42	RESP=2
1036594	42	STIM=o
1044625	42	RESP=1
1055295	42	STIM=5
1061852	42	RESP=2
1074215	42	STIM=v
1078746	42	RESP=1
1092443	42	STIM=l
1096410	42	RESP=1
1110499	42	STIM=6
1116599	42	RESP=2
1127929	42	STIM=w
1131421	42	RESP=1
1145429	42	STIM=e
1151938	42	RESP=1
1163913	42	STIM=x
1170199	42	RESP=1
1179814	42	STIM=o
1185744	42	RESP=1
1197806	42	STIM=z
1201868	42	RESP=1
1213083	42	STIM=c
1217203	42	RESP=1
1229850	42	STIM=n
1234888	42	RESP=1
1248037	42	STIM=k
1251630	42	RESP=1
1263689	42	STIM=n
1267153	42	RESP=1
1279067	42	STIM=k
1283058	42	RESP=1
1297351	42	STIM=8
1302051	42	RESP=2
1312994	42	STIM=h
1318541	42	RESP=2
1328375	42	STIM=5
1333057	42	RESP=2
1346201	42	STIM=9
1358237	42	RESP=2
1362055	42	STIM=y
1367938	42	RESP=1
1379723	42	STIM=y
1385269	42	RESP=1
1396761	42	STIM=g
1399754	42	RESP=1
1412996	42	STIM=j
1418734	42	RESP=1
1428181	42	STIM=x
1431799	42	RESP=1
1444100	42	STIM=b
1448601	42	RESP=1
1459399	42	STIM=b
1464955	42	RESP=1
1477363	42	STIM=2
1482197	42	RESP=2
1493381	42	STIM=z
1502708	42	RESP=1
1510218	42	STIM=i
1516465	42	RESP=1
1525637	42	STIM=g
1530488	42	RESP=1
1543785	42	STIM=e
1546918	42	RESP=1
1562329	42	STIM=w
1566431	42	RESP=1
1580101	42	STIM=b
1584310	42	RESP=1
1597694	42	STIM=g
1600934	42	RESP=1
1613908	42	STIM=n
1618637	42	RESP=1
1630049	42	STIM=c
1635357	42	RESP=1
1645188	42	STIM=f
1648249	42	RESP=1
1663867	42	STIM=f
1669121	42	RESP=1
1681405	42	STIM=d
1685049	42	RESP=1
1700185	42	STIM=l
1704491	42	RESP=1
1716243	42	STIM=i
1718957	42	RESP=1
1734960	42	STIM=g
1740062	42	RESP=1
1751113	42	STIM=z
1757307	42	RESP=1
1770010	42	STIM=j
1772986	42	RESP=1
1786694	42	STIM=7
1790488	42	RESP=2
1801833	42	STIM=d
1804988	42	RESP=1
1818008	42	STIM=j
1821607	42	RESP=1
1836661	42	STIM=b
1841106	42	RESP=1
1854604	42	STIM=d
1859476	42	RESP=1
1869858	42	STIM=s
1873551	42	RESP=1
1888075	42	STIM=6
1895590	42	RESP=2
1906275	42	STIM=9
1915264	42	RESP=2
1921829	42	STIM=e
1926827	42	RESP=1
1938518	42	STIM=b
1942460	42	RESP=1
1957296	42	STIM=k
1961945	42	RESP=1
1976213	42	STIM=c
1979656	42	RESP=1
1993374	42	STIM=p
1998382	42	RESP=1
2011142	42	STIM=l
2015468	42	RESP=1
2027092	42	STIM=v
2032053	42	RESP=1
2043956	42	STIM=s
2052996	42	RESP=1
2060567	42	STIM=b
2066311	42	RESP=1
2075984	42	STIM=g
2080312	42	RESP=1
2093701	42	STIM=o
2101410	42	RESP=1
2112660	42	STIM=n
2116161	42	RESP=1
2128892	42	STIM=l
2133387	42	RESP=1
2146470	42	STIM=b
2154306	42	RESP=1
2164497	42	STIM=g
2174357	42	RESP=1
2183015	42	STIM=3
2187927	42	RESP=2
2199191	42	STIM=y
2203781	42	RESP=1
2214200	42	STIM=p
2219980	42	RESP=1
2229482	42	STIM=s
2236425	42	RESP=1
2244628	42	STIM=n
2249035	42	RESP=1
2263454	42	STIM=q
2266571	42	RESP=1
2281838	42	STIM=m
2285447	42	RESP=1
2300778	42	STIM=w
2304677	42	RESP=1
2319375	42	STIM=r
2323129	42	RESP=1
2337952	42	STIM=l
2342634	42	RESP=1
2356415	42	STIM=g
2359151	42	RESP=1
2373943	42	STIM=c
2377993	42	RESP=1
2392824	42	STIM=b
2397186	42	RESP=1
2409375	42	STIM=q
2420006	42	RESP=1
2427932	42	STIM=e
2433302	42	RESP=1
2445783	42	STIM=e
2452592	42	RESP=1
2462381	42	STIM=a
2466849	42	RESP=1
2478203	42	STIM=q
2482973	42	RESP=1
2494380	42	STIM=b
2500542	42	RESP=1
2512312	42	STIM=c
2520047	42	RESP=1
2528903	42	STIM=2
2533836	42	RESP=2
2547780	42	STIM=r
2551822	42	RESP=1
2563090	42	STIM=h
2566704	42	RESP=1
2578923	42	STIM=1
2585894	42	RESP=2
2595028	42	STIM=f
2600720	42	RESP=1
2612069	42	STIM=x
2619833	42	RESP=1
2630326	42	STIM=k
2634190	42	RESP=1
2648032	42	STIM=k
2651527	42	RESP=1
2664598	42	STIM=0
2670051	42	RESP=2
2680805	42	STIM=m
2685298	42	RESP=1
2698026	42	STIM=i
2703069	42	RESP=1
2713484	42	STIM=o
2716259	42	RESP=1
2731762	42	STIM=0
2737060	42	RESP=2
2749177	42	STIM=u
2754754	42	RESP=1
2767680	42	STIM=l
2771732	42	RESP=1
2786370	42	STIM=x
2790502	42	RESP=1
2803127	42	STIM=b
2808781	42	RESP=1
2820013	42	STIM=i
2828079	42	RESP=1
2836385	42	STIM=x
2840944	42	RESP=1
2853955	42	STIM=n
2857614	42	RESP=1
2872646	42	STIM=u
2877677	42	RESP=1
2889000	42	STIM=p
2896941	42	RESP=2
2905888	42	STIM=j
2911878	42	RESP=1
2923570	42	STIM=a
2929575	42	RESP=1
2940881	42	STIM=g
2946624	42	RESP=1
2959187	42	STIM=p
2961737	42	RESP=2
2975668	42	STIM=x
2979293	42	RESP=1
2993693	42	STIM=q
2999145	42	RESP=1
3009307	42	STIM=z
3012456	42	RESP=1
3024795	42	STIM=h
3029586	42	RESP=1
3041704	42	STIM=z
3044937	42	RESP=1
3057576	42	STIM=l
3063863	42	RESP=1
3073550	42	STIM=g
3079525	42	RESP=1
3090513	42	STIM=g
3094165	42	RESP=1
3108416	42	STIM=c
3112957	42	RESP=2
3124920	42	STIM=y
3128369	42	RESP=1
3140078	42	STIM=v
3145784	42	RESP=1
3156663	42	STIM=a
3160324	42	RESP=1
3173029	42	STIM=u
3176854	42	RESP=1
3189339	42	STIM=q
3192637	42	RESP=1
3206951	42	STIM=r
3210431	42	RESP=1
3224229	42	STIM=v
3229457	42	RESP=1
3239715	42	STIM=l
3244255	42	RESP=1
3257783	42	STIM=d
3261313	42	RESP=1
3273662	42	STIM=n
3276746	42	RESP=1
3291037	42	STIM=y
3295446	42	RESP=1
3308337	42	STIM=x
3316140	42	RESP=1
3326765	42	STIM=3
3330919	42	RESP=2
3342610	42	STIM=o
3346281	42	RESP=1
3360902	42	STIM=b
3365363	42	RESP=2
3378449	42	STIM=d
3383423	42	RESP=1
3393696	42	STIM=m
3400337	42	RESP=1
3409989	42	STIM=m
3415592	42	RESP=2
3428053	42	STIM=x
3433536	42	RESP=2
3445107	42	STIM=9
3453004	42	RESP=2
3461654	42	STIM=c
3466494	42	RESP=1
3477734	42	STIM=3
3484346	42	RESP=2
3493296	42	STIM=y
3502758	42	RESP=1
3510492	42	STIM=b
3514422	42	RESP=1
3527096	42	STIM=7
3534663	42	RESP=2
3546014	42	STIM=g
3548778	42	RESP=1
3562485	42	STIM=3
3568520	42	RESP=2
3579625	42	STIM=y
3582503	42	RESP=1
3597592	42	STIM=r
3601992	42	RESP=1
3613712	42	STIM=y
3617403	42	RESP=1
3629896	42	STIM=s
3634408	42	RESP=1
3646881	42	STIM=a
3650433	42	RESP=1
3665581	42	STIM=n
3668999	42	RESP=1
3680859	42	STIM=6
3688333	42	RESP=2
3696964	42	STIM=y
3701344	42	RESP=1
3713259	42	STIM=t
3719237	42	RESP=1
3728368	42	STIM=x
3734093	42	RESP=1
3743511	42	STIM=x
3748525	42	RESP=1
3762339	42	STIM=4
3766970	42	RESP=1
3781071	42	STIM=0
3787118	42	RESP=2
3799374	42	STIM=a
3802215	42	RESP=1
3816680	42	STIM=q
3821393	42	RESP=1
3833901	42	STIM=s
3838391	42	RESP=2
3849477	42	STIM=e
3855419	42	RESP=2
3867788	42	STIM=w
3873318	42	RESP=1
3886328	42	STIM=m
3891735	42	RESP=1
3901954	42	STIM=t
3908172	42	RESP=1
3920026	42	STIM=k
3925563	42	RESP=1
3938445	42	STIM=x
3941791	42	RESP=1
3954256	42	STIM=p
3960266	42	RESP=1
3972276	42	STIM=8
3978873	42	RESP=2
3987308	42	STIM=l
3990942	42	RESP=1
4004282	42	STIM=e
4006629	42	RESP=1
4021299	42	STIM=n
4029560	42	RESP=1
4038734	42	STIM=b
4044060	42	RESP=1
4056755	42	STIM=3
4060318	42	RESP=2
4074527	42	STIM=s
4079010	42	RESP=1
4091335	42	STIM=y
4097212	42	RESP=1
4110273	42	STIM=6
4121281	42	RESP=2
4126351	42	STIM=o
4131431	42	RESP=1
4141527	42	STIM=k
4145082	42	RESP=1
4158235	42	STIM=2
4166364	42	RESP=2
4173850	42	STIM=3
4180388	42	RESP=2
4191263	42	STIM=5
4195131	42	RESP=2
4209773	42	STIM=b
4214324	42	RESP=1
4224829	42	STIM=c
4229878	42	RESP=1
4240750	42	STIM=g
4248998	42	RESP=1
4259324	42	STIM=t
4268504	42	RESP=1
4276987	42	STIM=e
4281643	42	RESP=1
4292961	42	STIM=4
4298211	42	RESP=2
4309677	42	STIM=h
4314540	42	RESP=1
4328568	42	STIM=1
4333133	42	RESP=1
4344379	42	STIM=o
4348038	42	RESP=1
4363085	42	STIM=q
4367142	42	RESP=1
4379035	42	STIM=0
4385106	42	RESP=1
4397341	42	STIM=g
4401810	42	RESP=1
4412973	42	STIM=i
4419695	42	RESP=1
4428232	42	STIM=n
4433832	42	RESP=1
4446645	42	STIM=d
4451509	42	RESP=1
4462902	42	STIM=b
4473231	42	RESP=1
4479680	42	STIM=f
4484153	42	RESP=1
4497029	42	STIM=c
4500209	42	RESP=1
4512435	42	STIM=g
4516294	42	RESP=1
4528730	42	STIM=z
4532158	42	RESP=1
4544588	42	STIM=g
4549460	42	RESP=1
4562522	42	STIM=l
4566387	42	RESP=1
4579360	42	STIM=u
4584382	42	RESP=1
4598195	42	STIM=f
4603168	42	RESP=1
4615211	42	STIM=p
4620064	42	RESP=1
4634083	42	STIM=r
4639919	42	RESP=1
4650677	42	STIM=l
4653884	42	RESP=1
4669440	42	STIM=v
4672954	42	RESP=1
4686417	42	STIM=d
4690104	42	RESP=1
4703381	42	STIM=m
4710506	42	RESP=1
4718466	42	STIM=g
4724904	42	RESP=1
4736798	42	STIM=v
4740428	42	RESP=1
4754490	42	STIM=w
4759532	42	RESP=1
4770324	42	STIM=b
4774162	42	RESP=1
4786228	42	STIM=t
4792142	42	RESP=1
4801636	42	STIM=b
4807917	42	RESP=1
4817932	42	STIM=k
4821860	42	RESP=1
4833822	42	STIM=8
4838322	42	RESP=2
4850207	42	STIM=g
4855339	42	RESP=1
4867982	42	STIM=t
4872112	42	RESP=1
4885076	42	STIM=8
4893687	42	RESP=2
4903906	42	STIM=3
4907717	42	RESP=2
4919001	42	STIM=d
4931685	42	RESP=1
4936535	42	STIM=s
4941105	42	RESP=1
4954398	42	STIM=t
4959138	42	RESP=2
4970870	42	STIM=4
4980155	42	RESP=2
4986649	42	STIM=b
4990284	42	RESP=2
5004412	42	STIM=f
5009391	42	RESP=1
5020035	42	STIM=n
5022791	42	RESP=1
5035522	42	STIM=y
5039225	42	RESP=1
5053835	42	STIM=r
5056693	42	RESP=1
5070157	42	STIM=d
5074595	42	RESP=1
5086691	42	STIM=y
5090848	42	RESP=1
5104672	42	STIM=k
5108642	42	RESP=1
5123158	42	STIM=f
5127094	42	RESP=1
5138870	42	STIM=d
5143491	42	RESP=1
5156160	42	STIM=b
5161975	42	RESP=1
5172569	42	STIM=f
5175678	42	RESP=1
5190204	42	STIM=b
5194587	42	RESP=1
5208121	42	STIM=r
5214813	42	RESP=2
5224265	42	STIM=n
5228352	42	RESP=1
5239678	42	STIM=3
5243579	42	RESP=2
5258353	42	STIM=w
5265625	42	RESP=1
5274995	42	STIM=c
5282156	42	RESP=1
5291438	42	STIM=0
5296813	42	RESP=2
5307452	42	STIM=q
5313494	42	RESP=1
5322787	42	STIM=n
5328448	42	RESP=1
5340569	42	STIM=d
5347416	42	RESP=1
5356810	42	STIM=m
5361765	42	RESP=1
5372563	42	STIM=v
5376808	42	RESP=1
5387914	42	STIM=a
5393746	42	RESP=1
5403143	42	STIM=c
5406918	42	RESP=1
5421522	42	STIM=w
5424566	42	RESP=1
5436933	42	STIM=j
5444315	42	RESP=1
5453566	42	STIM=4
5461169	42	RESP=1
5471933	42	STIM=r
5475950	42	RESP=1
5489770	42	STIM=n
5495445	42	RESP=1
5505762	42	STIM=v
5509364	42	RESP=1
5521215	42	STIM=f
5526433	42	RESP=1
5537600	42	STIM=j
5542462	42	RESP=1
5554708	42	STIM=v
5559416	42	RESP=1
5572671	42	STIM=r
5577163	42	RESP=1
5590020	42	STIM=i
5598822	42	RESP=2
5606259	42	STIM=a
5610856	42	RESP=1
5623360	42	STIM=v
5627263	42	RESP=1
5638560	42	STIM=u
5641499	42	RESP=1
5654584	42	STIM=y
5658223	42	RESP=1
5672638	42	STIM=0
5677190	42	RESP=2
5688225	42	STIM=r
5692785	42	RESP=1
5704642	42	STIM=e
5708013	42	RESP=1
5723206	42	STIM=k
5731996	42	RESP=1
5739885	42	STIM=c
5745200	42	RESP=1
5755485	42	STIM=b
5760213	42	RESP=1
5773482	42	STIM=r
5779018	42	RESP=1
5790275	42	STIM=f
5795434	42	RESP=1
5809127	42	STIM=w
5813466	42	RESP=1
5826601	42	STIM=f
5829691	42	RESP=1
5844049	42	STIM=1
5849029	42	RESP=2
5859150	42	STIM=8
5866584	42	RESP=2
5877377	42	STIM=c
5879910	42	RESP=1
5893975	42	STIM=5
5897877	42	RESP=2
5910010	42	STIM=l
5914693	42	RESP=1
5927570	42	STIM=0
5931090	42	RESP=2
5944367	42	STIM=e
5947837	42	RESP=1
5959836	42	STIM=s
5964649	42	RESP=1
5976541	42	STIM=a
5980573	42	RESP=1
5994496	42	STIM=n
6000600	42	RESP=1
6010579	42	STIM=g
6014167	42	RESP=2
6027580	42	STIM=z
6032079	42	RESP=1
6043135	42	STIM=u
6048035	42	RESP=1
6058658	42	STIM=w
6066190	42	RESP=1
6073827	42	STIM=r
6080996	42	RESP=1
6090453	42	STIM=3
6094779	42	RESP=2
6109409	42	STIM=h
6115561	42	RESP=1
6125319	42	STIM=k
6128536	42	RESP=1
6140925	42	STIM=7
6147337	42	RESP=2
6156394	42	STIM=f
6161197	42	RESP=1
6174455	42	STIM=w
6180393	42	RESP=1
6192203	42	STIM=b
6195604	42	RESP=1
6209736	42	STIM=7
6215304	42	RESP=2
6227553	42	STIM=b
6232229	42	RESP=1
6243726	42	STIM=u
6249624	42	RESP=1
6262570	42	STIM=a
6272909	42	RESP=1
6281487	42	STIM=2
6286254	42	RESP=1
6297138	42	STIM=c
6303525	42	RESP=1
6313120	42	STIM=5
6320818	42	RESP=2
6331731	42	STIM=v
6337609	42	RESP=1
6350091	42	STIM=v
6354923	42	RESP=1
6365842	42	STIM=q
6370042	42	RESP=1
6384576	42	STIM=s
6389310	42	RESP=1
6400536	42	STIM=l
6406225	42	RESP=1
6416819	42	STIM=s
6420847	42	RESP=1
6432128	42	STIM=4
6435325	42	RESP=2
6448935	42	STIM=2
6454976	42	RESP=2
6465494	42	STIM=n
6469652	42	RESP=1
6482654	42	STIM=p
6487740	42	RESP=1
6498808	42	STIM=y
6502591	42	RESP=1
6514471	42	STIM=q
6519793	42	RESP=1
6531112	42	STIM=b
6536193	42	RESP=1
6547150	42	STIM=e
6550295	42	RESP=1
6565408	42	STIM=o
6569355	42	RESP=1
6583930	42	STIM=i
6589829	42	RESP=1
6602062	42	STIM=9
6606753	42	RESP=2
6620536	42	STIM=z
6625808	42	RESP=1
6637343	42	STIM=r
6640254	42	RESP=1
6656109	42	STIM=n
6663580	42	RESP=1
6674500	42	STIM=l
6680450	42	RESP=1
6691778	42	STIM=j
6695183	42	RESP=1
6709448	42	STIM=r
6713240	42	RESP=1
6725484	42	STIM=9
6734320	42	RESP=2
6743307	42	STIM=n
6747581	42	RESP=1
6760210	42	STIM=x
6768923	42	RESP=1
6778947	42	STIM=j
6783240	42	RESP=1
6794065	42	STIM=h
6800240	42	RESP=1
6810272	42	STIM=m
6819557	42	RESP=1
6827081	42	STIM=h
6831190	42	RESP=1
6842841	42	STIM=o
6850435	42	RESP=1
6858842	42	STIM=q
6863376	42	RESP=1
6874198	42	STIM=6
6878720	42	RESP=2
6892748	42	STIM=w
6896706	42	RESP=1
6909197	42	STIM=k
6913215	42	RESP=1
6927786	42	STIM=a
6935311	42	RESP=1
6943955	42	STIM=3
6951150	42	RESP=2
6962245	42	STIM=v
6968198	42	RESP=1
6978767	42	STIM=d
6988804	42	RESP=1
6995955	42	STIM=h
7000020	42	RESP=1
7011730	42	STIM=d
7016817	42	RESP=1
7028661	42	STIM=x
7032956	42	RESP=1
7046269	42	STIM=2
7052953	42	RESP=2
7061757	42	STIM=u
7066352	42	RESP=1
7078808	42	STIM=z
7082936	42	RESP=1
7094695	42	STIM=p
7098620	42	RESP=2
7112658	42	STIM=7
7116685	42	RESP=2
7129240	42	STIM=u
7133650	42	RESP=1
7147922	42	STIM=3
7154092	42	RESP=2
7166659	42	STIM=n
7174644	42	RESP=1
7182006	42	STIM=l
7186044	42	RESP=1
7200104	42	STIM=5
7204828	42	RESP=2
7219003	42	STIM=j
7223404	42	RESP=1
7237734	42	STIM=m
7240461	42	RESP=1
7253042	42	STIM=w
7256572	42	RESP=1
7269593	42	STIM=7
7279027	42	RESP=2
7287909	42	STIM=9
7292823	42	RESP=2
7304878	42	STIM=4
7309372	42	RESP=2
7320022	42	STIM=q
7322894	42	RESP=1
7338503	42	STIM=m
7342692	42	RESP=1
7355347	42	STIM=u
7359060	42	RESP=1
7373416	42	STIM=4
7377577	42	RESP=2
7388766	42	STIM=0
7393346	42	RESP=2
7405678	42	STIM=j
7411308	42	RESP=1
7424274	42	STIM=j
7429367	42	RESP=1
7442507	42	STIM=l
7447911	42	RESP=1
7461453	42	STIM=6
7467381	42	RESP=1
7476595	42	STIM=k
7480790	42	RESP=1
7495538	42	STIM=m
7501252	42	RESP=1
7511660	42	STIM=b
7515573	42	RESP=1
7530623	42	STIM=e
7533720	42	RESP=1
7547686	42	STIM=i
7553714	42	RESP=1
7563193	42	STIM=3
7569074	42	RESP=2
7580520	42	STIM=4
7584316	42	RESP=2
7597812	42	STIM=2
7606088	42	RESP=2
7614910	42	STIM=h
7618316	42	RESP=1
7630207	42	STIM=u
7634520	42	RESP=1
7647967	42	STIM=z
7652497	42	RESP=1
7665923	42	STIM=u
7670754	42	RESP=1
7681100	42	STIM=j
7688955	42	RESP=1
7699383	42	STIM=p
7704319	42	RESP=1
7715908	42	STIM=8
7721000	42	RESP=2
7731773	42	STIM=m
7735513	42	RESP=1
7747828	42	STIM=0
7754337	42	RESP=2
7765333	42	STIM=5
7769794	42	RESP=2
7780435	42	STIM=3
7786899	42	RESP=2
7797334	42	STIM=0
7804563	42	RESP=2
7813597	42	STIM=j
7817897	42	RESP=1
7828705	42	STIM=8
7833873	42	RESP=2
7846941	42	STIM=w
7851146	42	RESP=1
7862372	42	STIM=f
7867110	42	RESP=1
7879915	42	STIM=f
7883643	42	RESP=1
7897064	42	STIM=q
7904068	42	RESP=1
7912742	42	STIM=b
7917377	42	RESP=1
7928105	42	STIM=n
7936246	42	RESP=1
7944473	42	STIM=k
7948080	42	RESP=1
7959510	42	STIM=i
7964485	42	RESP=1
7977379	42	STIM=b
7983042	42	RESP=1
7992505	42	STIM=y
7999456	42	RESP=1
8010132	42	STIM=j
8016325	42	RESP=1
8026108	42	STIM=f
8032250	42	RESP=1
8044434	42	STIM=q
8050429	42	RESP=1
8062535	42	STIM=k
8066649	42	RESP=1
8078509	42	STIM=r
8086016	42	RESP=1
8096940	42	STIM=3
8102083	42	RESP=2
8114732	42	STIM=j
8120740	42	RESP=1
8130513	42	STIM=4
8134631	42	RESP=2
8148769	42	STIM=v
8152156	42	RESP=1
8165529	42	STIM=h
8169948	42	RESP=1
8182519	42	STIM=n
8186630	42	RESP=1
8200121	42	STIM=g
8204431	42	RESP=1
8215458	42	STIM=n
8219693	42	RESP=1
8232788	42	STIM=p
8237765	42	RESP=1
8250209	42	STIM=b
8253989	42	RESP=1
8265736	42	STIM=a
8270195	42	RESP=1
8284703	42	STIM=d
8289584	42	RESP=1
8301429	42	STIM=x
8306554	42	RESP=1
8316691	42	STIM=x
8322311	42	RESP=1
8334250	42	STIM=g
8343069	42	RESP=1
8352749	42	STIM=i
8357416	42	RESP=1
8368450	42	STIM=0
8374617	42	RESP=2
8386131	42	STIM=l
8391085	42	RESP=1
8403215	42	STIM=u
8407749	42	RESP=1
8418646	42	STIM=c
8423695	42	RESP=1
8436474	42	STIM=w
8440423	42	RESP=1
8452046	42	STIM=6
8456303	42	RESP=2
8467816	42	STIM=m
8472757	42	RESP=1
8485289	42	STIM=b
8489951	42	RESP=1
8503092	42	STIM=5
8507023	42	RESP=2
8520339	42	STIM=g
8524308	42	RESP=1
8538138	42	STIM=6
8543448	42	RESP=1
8555630	42	STIM=r
8558606	42	RESP=1
8572836	42	STIM=y
8579120	42	RESP=1
8590784	42	STIM=w
8594300	42	RESP=1
8606126	42	STIM=3
8612417	42	RESP=2
8623520	42	STIM=z
8629052	42	RESP=1
8639494	42	STIM=m
8651335	42	RESP=1
8658279	42	STIM=6
8664708	42	RESP=2
8674834	42	STIM=2
8679911	42	RESP=1
8691987	42	STIM=i
8696284	42	RESP=1
8708177	42	STIM=j
8711213	42	RESP=1
8724534	42	STIM=u
8728404	42	RESP=1
8743191	42	STIM=u
8747482	42	RESP=1
8760225	42	STIM=1
8764126	42	RESP=2
8776559	42	STIM=z
8782745	42	RESP=1
8795283	42	STIM=g
8802304	42	RESP=1
8812471	42	STIM=1
8816442	42	RESP=2
8827945	42	STIM=n
8832940	42	RESP=1
8846117	42	STIM=b
8849279	42	RESP=1
8862011	42	STIM=i
8865964	42	RESP=1
8879003	42	STIM=j
8886347	42	RESP=1
8894833	42	STIM=z
8902265	42	RESP=1
8910432	42	STIM=e
8918753	42	RESP=1
8925946	42	STIM=s
8930011	42	RESP=1
8943019	42	STIM=n
8947662	42	RESP=1
8959520	42	STIM=a
8965725	42	RESP=1
8975549	42	STIM=5
8981880	42	RESP=2
8991745	42	STIM=9
8998955	42	RESP=2
9007535	42	STIM=0
9012025	42	RESP=2
9022862	42	STIM=n
9027693	42	RESP=1
9041675	42	STIM=h
9046746	42	RESP=1
9060636	42	STIM=q
9063837	42	RESP=1
9079620	42	STIM=g
9084767	42	RESP=1
9096005	42	STIM=1
9101333	42	RESP=2
9112226	42	STIM=9
9119574	42	RESP=2
9128947	42	STIM=f
9134130	42	RESP=1
9147488	42	STIM=a
9150676	42	RESP=1
9165961	42	STIM=i
9169007	42	RESP=1
9184632	42	STIM=n
9188935	42	RESP=1
9202790	42	STIM=6
9210522	42	RESP=2
9221123	42	STIM=i
9228419	42	RESP=1
9239703	42	STIM=l
9246385	42	RESP=1
9257650	42	STIM=x
9261016	42	RESP=2
9274908	42	STIM=v
9278906	42	RESP=1
9293326	42	STIM=o
9297697	42	RESP=1
9310061	42	STIM=e
9313721	42	RESP=1
9328763	42	STIM=u
9334193	42	RESP=1
9347136	42	STIM=g
9353142	42	RESP=1
9364635	42	STIM=u
9370930	42	RESP=1
9383124	42	STIM=y
9389761	42	RESP=1
9400067	42	STIM=i
9405195	42	RESP=1
9418136	42	STIM=1
9424347	42	RESP=2
9434253	42	STIM=y
9437466	42	RESP=1
9450979	42	STIM=k
9455375	42	RESP=1
9469035	42	STIM=m
9476134	42	RESP=1
9487885	42	STIM=7
9492076	42	RESP=2
9506795	42	STIM=t
9510408	42	RESP=1
9522019	42	STIM=i
9527031	42	RESP=1
9537169	42	STIM=u
9542986	42	RESP=1
9552292	42	STIM=h
9555298	42	RESP=1
9570128	42	STIM=1
9575377	42	RESP=2
9585889	42	STIM=r
9590786	42	RESP=1
9601060	42	STIM=d
9606426	42	RESP=1
9617908	42	STIM=6
9621764	42	RESP=2
9635267	42	STIM=5
9641021	42	RESP=2
9650483	42	STIM=6
9656897	42	RESP=2
9666219	42	STIM=y
9673856	42	RESP=1
9683207	42	STIM=8
9686745	42	RESP=2
9699771	42	STIM=d
9703106	42	RESP=1
9718404	42	STIM=c
9722959	42	RESP=1
9735172	42	STIM=9
9741962	42	RESP=2
9753738	42	STIM=u
9756712	42	RESP=1
9769474	42	STIM=x
9775492	42	RESP=1
9786042	42	STIM=s
9795662	42	RESP=1
9803475	42	STIM=l
9806682	42	RESP=1
9819295	42	STIM=s
9826135	42	RESP=1
9838244	42	STIM=h
9841673	42	RESP=1
9853867	42	STIM=t
9857805	42	RESP=1
9871902	42	STIM=w
9875388	42	RESP=1
9887184	42	STIM=z
9895273	42	RESP=1
9905099	42	STIM=c
9910937	42	RESP=1
9920774	42	STIM=y
9924161	42	RESP=2
9938662	42	STIM=l
9942700	42	RESP=1
9955246	42	STIM=y
9961351	42	RESP=1
9973137	42	STIM=t
9977335	42	RESP=1
9989816	42	STIM=8
9995510	42	RESP=2
10007124	42	STIM=i
10014850	42	RESP=1
10024509	42	STIM=9
10029023	42	RESP=2
10043499	42	STIM=a
10047760	42	RESP=1
10062481	42	STIM=f
10067749	42	RESP=1
10081329	42	STIM=b
10086777	42	RESP=1
10099625	42	STIM=x
10105135	42	RESP=1
10117266	42	STIM=a
10120319	42	RESP=1
10133432	42	STIM=m
10137464	42	RESP=1
10148855	42	STIM=p
10157283	42	RESP=1
10164261	42	STIM=h
10168488	42	RESP=1
10182727	42	STIM=k
10186982	42	RESP=1
10198019	42	STIM=q
10201952	42	RESP=1
10216863	42	STIM=v
10225616	42	RESP=1
10234779	42	STIM=o
10240546	42	RESP=1
10252329	42	STIM=0
10260389	42	RESP=2
10270564	42	STIM=x
10276518	42	RESP=1
10288227	42	STIM=u
10294880	42	RESP=1
10305148	42	STIM=d
10310396	42	RESP=1
10322220	42	STIM=d
10325813	42	RESP=1
10338859	42	STIM=r
10342745	42	RESP=1
10357636	42	STIM=5
10364281	42	RESP=2
10375099	42	STIM=y
10378499	42	RESP=1
10391385	42	STIM=3
10396118	42	RESP=2
10407563	42	STIM=b
10411528	42	RESP=1
10425951	42	STIM=4
10433664	42	RESP=2
10443016	42	STIM=l
10446577	42	RESP=1
10460757	42	STIM=n
10464821	42	RESP=1
10477034	42	STIM=p
10482717	42	RESP=1
10495647	42	STIM=n
10498245	42	RESP=1
10511619	42	STIM=q
10515205	42	RESP=1
10529988	42	STIM=j
10534500	42	RESP=1
10546565	42	STIM=a
10550302	42	RESP=1
10562546	42	STIM=u
10567291	42	RESP=1
10577856	42	STIM=n
10587500	42	RESP=1
10593701	42	STIM=n
10597314	42	RESP=1
10609321	42	STIM=9
10613980	42	RESP=2
10625919	42	STIM=o
10629492	42	RESP=1
10643039	42	STIM=r
10647487	42	RESP=1
10660278	42	STIM=r
10663400	42	RESP=1
10675753	42	STIM=h
10678128	42	RESP=1
10691219	42	STIM=v
10695066	42	RESP=1
10708626	42	STIM=1
10717033	42	RESP=2
10726019	42	STIM=v
10729543	42	RESP=1
10743832	42	STIM=9
10750029	42	RESP=2
10762588	42	STIM=e
10767487	42	RESP=1
10778806	42	STIM=w
10783195	42	RESP=1
10796573	42	STIM=b
10799592	42	RESP=1
10814080	42	STIM=n
10819154	42	RESP=1
10831647	42	STIM=i
10834867	42	RESP=1
10848186	42	STIM=u
10852206	42	RESP=1
10866933	42	STIM=f
10872267	42	RESP=1
10884029	42	STIM=e
10890603	42	RESP=1
10899341	42	STIM=g
10903959	42	RESP=1
10917204	42	STIM=k
10922208	42	RESP=1
10935709	42	STIM=4
10941432	42	RESP=2
10951690	42	STIM=m
10955831	42	RESP=1
10968666	42	STIM=n
10978458	42	RESP=1
10986337	42	STIM=x
10991456	42	RESP=1
11004264	42	STIM=k
11009740	42	RESP=1
11019671	42	STIM=z
11023736	42	RESP=1
11034698	42	STIM=2
11040669	42	RESP=2
11052301	42	STIM=c
11057927	42	RESP=1
11070602	42	STIM=7
11075081	42	RESP=2
11085774	42	STIM=6
11090404	42	RESP=2
11102899	42	STIM=j
11107164	42	RESP=1
11120328	42	STIM=r
11124482	42	RESP=1
11136776	42	STIM=2
11142550	42	RESP=2
11154207	42	STIM=d
11158536	42	RESP=1
11170085	42	STIM=i
11175968	42	RESP=1
11185270	42	STIM=e
11188904	42	RESP=1
11202798	42	STIM=6
11207479	42	RESP=1
11221730	42	STIM=y
11227173	42	RESP=1
11238690	42	STIM=i
11243354	42	RESP=1
11254252	42	STIM=x
11258089	42	RESP=1
11271907	42	STIM=q
11275705	42	RESP=1
11289198	42	STIM=z
11294314	42	RESP=1
11305951	42	STIM=1
11310150	42	RESP=2
11321944	42	STIM=h
11329963	42	RESP=1
11338309	42	STIM=z
11341553	42	RESP=1
11355961	42	STIM=b
11361514	42	RESP=1
11373454	42	STIM=d
11377408	42	RESP=1
11391977	42	STIM=u
11398416	42	RESP=1
11409983	42	STIM=v
11415158	42	RESP=1
11428321	42	STIM=s
11431315	42	RESP=1
11447199	42	STIM=8
11453065	42	RESP=2
11462776	42	STIM=w
11468869	42	RESP=1
11478958	42	STIM=k
11482688	42	RESP=1
11495355	42	STIM=d
11498033	42	RESP=1
11513895	42	STIM=1
11517931	42	RESP=2
11529134	42	STIM=n
11533920	42	RESP=1
11545113	42	STIM=x
11550187	42	RESP=1
11561702	42	STIM=y
11568205	42	RESP=1
11577830	42	STIM=c
11582984	42	RESP=1
11594607	42	STIM=a
11597143	42	RESP=1
11611347	42	STIM=h
11619338	42	RESP=1
11629211	42	STIM=9
11633727	42	RESP=2
11644277	42	STIM=v
11650790	42	RESP=1
11660367	42	STIM=r
11664814	42	RESP=1
11675873	42	STIM=o
11679125	42	RESP=1
11693985	42	STIM=2
11697607	42	RESP=2
11710881	42	STIM=6
11715813	42	RESP=1
11726437	42	STIM=j
11730938	42	RESP=1
11744553	42	STIM=r
11753584	42	RESP=1
11760644	42	STIM=m
11765643	42	RESP=1
11777688	42	STIM=l
11782028	42	RESP=1
11795502	42	STIM=x
11799725	42	RESP=1
11813944	42	STIM=g
11820311	42	RESP=1
11830447	42	STIM=3
11836596	42	RESP=1
11847650	42	STIM=k
11851750	42	RESP=2
11862651	42	STIM=e
11866092	42	RESP=1
11879023	42	STIM=h
11887645	42	RESP=1
11895076	42	STIM=o
11900326	42	RESP=1
11913629	42	STIM=8
11920599	42	RESP=2
11931251	42	STIM=p
11934616	42	RESP=1
11950073	42	STIM=f
11958058	42	RESP=1
11967507	42	STIM=d
11971999	42	RESP=1
11983624	42	STIM=g
11989344	42	RESP=1
11999856	42	STIM=y
12003812	42	RESP=1
12017160	42	STIM=7
12022944	42	RESP=2
12033853	42	STIM=e
12038075	42	RESP=1
12051017	42	STIM=b
12055086	42	RESP=1
12067417	42	STIM=7
12073539	42	RESP=2
12082678	42	STIM=e
12086628	42	RESP=1
12100653	42	STIM=f
12106881	42	RESP=1
12117483	42	STIM=w
12122731	42	RESP=1
12134481	42	STIM=f
12137558	42	RESP=1
12152202	42	STIM=x
12155529	42	RESP=1
12168234	42	STIM=h
12173456	42	RESP=1
12184395	42	STIM=l
12188140	42	RESP=1
12202269	42	STIM=j
12207439	42	RESP=1
12217532	42	STIM=c
12224455	42	RESP=1
12234764	42	STIM=g
12241798	42	RESP=1
12252162	42	STIM=a
12258711	42	RESP=1
12268572	42	STIM=2
12274384	42	RESP=2
12284071	42	STIM=q
12290753	42	RESP=1
12299922	42	STIM=0
12306090	42	RESP=2
12316037	42	STIM=n
12320551	42	RESP=1
12331787	42	STIM=g
12340183	42	RESP=1
12347263	42	STIM=z
12353351	42	RESP=1
12366008	42	STIM=y
12369435	42	RESP=1
12382981	42	STIM=a
12388481	42	RESP=1
12399834	42	STIM=f
12406551	42	RESP=2
12415321	42	STIM=7
12419732	42	RESP=1
12430614	42	STIM=5
12435931	42	RESP=2
12448106	42	STIM=0
12453908	42	RESP=2
12466264	42	STIM=m
12469832	42	RESP=1
12484205	42	STIM=w
12486975	42	RESP=1
12501353	42	STIM=b
12506018	42	RESP=1
12516811	42	STIM=q
12519902	42	RESP=1
12532644	42	STIM=t
12541186	42	RESP=1
12549098	42	STIM=6
12553541	42	RESP=2
12565082	42	STIM=p
12568868	42	RESP=1
12584017	42	STIM=f
12589807	42	RESP=1
12599619	42	STIM=9
12606350	42	RESP=2
12615892	42	STIM=c
12618914	42	RESP=1
12633612	42	STIM=9
12642906	42	RESP=2
12650337	42	STIM=9
12654723	42	RESP=2
12667024	42	STIM=e
12670795	42	RESP=1
12682942	42	STIM=8
12691572	42	RESP=2
12699390	42	STIM=g
12703517	42	RESP=1
12716706	42	STIM=w
12721266	42	RESP=1
12733973	42	STIM=g
12742371	42	RESP=1
12750753	42	STIM=v
12753906	42	RESP=1
12768208	42	STIM=w
12774499	42	RESP=1
12787008	42	STIM=9
12792991	42	RESP=2
12803450	42	STIM=p
12806631	42	RESP=2
12819974	42	STIM=s
12824043	42	RESP=1
12836719	42	STIM=4
12847009	42	RESP=2
12855692	42	STIM=v
12859295	42	RESP=1
12873904	42	STIM=d
12877890	42	RESP=1
12891612	42	STIM=5
12897379	42	RESP=2
12909866	42	STIM=i
12913502	42	RESP=1
12924942	42	STIM=q
12928591	42	RESP=1
12943922	42	STIM=u
12947878	42	RESP=1
12960761	42	STIM=k
12965063	42	RESP=1
12977211	42	STIM=z
12981296	42	RESP=1
12993950	42	STIM=j
12999454	42	RESP=1
13011399	42	STIM=d
13019409	42	RESP=1
13028104	42	STIM=3
13032567	42	RESP=2
13044345	42	STIM=q
13051144	42	RESP=1
13060694	42	STIM=u
13063417	42	RESP=1
13075989	42	STIM=w
13081143	42	RESP=1
13093583	42	STIM=3
13098947	42	RESP=2
13111088	42	STIM=z
13114398	42	RESP=1
13129342	42	STIM=l
13135064	42	RESP=1
13145353	42	STIM=i
13148960	42	RESP=2
13162407	42	STIM=t
13166082	42	RESP=1
13181087	42	STIM=d
13187208	42	RESP=1
13198731	42	STIM=b
13203710	42	RESP=1
13215686	42	STIM=v
13218534	42	RESP=1
13233775	42	STIM=p
13237558	42	RESP=1
13252742	42	STIM=w
13257510	42	RESP=1
13268903	42	STIM=a
13271992	42	RESP=1
13287633	42	STIM=p
13293218	42	RESP=1
13305193	42	STIM=m
13308846	42	RESP=1
13321112	42	STIM=0
13324877	42	RESP=1
13339232	42	STIM=v
13344063	42	RESP=1
13357996	42	STIM=h
13363457	42	RESP=1
13376292	42	STIM=k
13379274	42	RESP=1
13391375	42	STIM=9
13395846	42	RESP=2
13407949	42	STIM=o
13412043	42	RESP=1
13424481	42	STIM=n
13427857	42	RESP=1
13441142	42	STIM=9
13451298	42	RESP=2
13458205	42	STIM=6
13465347	42	RESP=2
13473407	42	STIM=k
13477498	42	RESP=1
13488931	42	STIM=c
13492765	42	RESP=1
13505366	42	STIM=o
13511627	42	RESP=1
13521276	42	STIM=1
13525005	42	RESP=2
13538558	42	STIM=y
13542214	42	RESP=1
13556538	42	STIM=t
13562842	42	RESP=1
13574983	42	STIM=x
13582522	42	RESP=1
13591261	42	STIM=r
13594909	42	RESP=1
13609297	42	STIM=r
13615725	42	RESP=1
13626863	42	STIM=4
13635207	42	RESP=2
13644292	42	STIM=q
13646722	42	RESP=1
13660662	42	STIM=p
13668114	42	RESP=1
13677064	42	STIM=2
13682584	42	RESP=2
13692803	42	STIM=q
13695336	42	RESP=1
13709782	42	STIM=v
13712612	42	RESP=1
13727311	42	STIM=n
13731385	42	RESP=1
13744513	42	STIM=8
13752706	42	RESP=2
13762775	42	STIM=c
13767782	42	RESP=1
13778906	42	STIM=m
13782227	42	RESP=1
13795993	42	STIM=6
13800953	42	RESP=2
13814825	42	STIM=8
13820468	42	RESP=2
13831375	42	STIM=a
13836181	42	RESP=1
13848824	42	STIM=h
13854461	42	RESP=1
13866625	42	STIM=9
13872611	42	RESP=2
13884570	42	STIM=f
13892860	42	RESP=1
13901829	42	STIM=5
13910440	42	RESP=2
13920073	42	STIM=h
13925828	42	RESP=1
13936199	42	STIM=y
13940159	42	RESP=1
13954406	42	STIM=v
13960073	42	RESP=1
13970633	42	STIM=k
13974009	42	RESP=1
13986471	42	STIM=y
13994671	42	RESP=1
14002549	42	STIM=r
14005664	42	RESP=1
14020171	42	STIM=j
14032050	42	RESP=1
14035228	42	STIM=m
14039140	42	RESP=1
14052015	42	STIM=x
14055483	42	RESP=1
14069595	42	STIM=r
14074963	42	RESP=1
14085998	42	STIM=q
14091452	42	RESP=1
14102938	42	STIM=q
14107650	42	RESP=1
14120502	42	STIM=8
14129716	42	RESP=2
14136013	42	STIM=u
14140461	42	RESP=1
14153062	42	STIM=z
14160393	42	RESP=1
14169188	42	STIM=x
14173722	42	RESP=1
14185138	42	STIM=h
14190082	42	RESP=1
14202765	42	STIM=1
14206439	42	RESP=2
14221736	42	STIM=l
14226520	42	RESP=1
14237239	42	STIM=o
14240566	42	RESP=1
14254521	42	STIM=v
14258345	42	RESP=1
14270540	42	STIM=1
14275056	42	RESP=1
14287322	42	STIM=q
14292191	42	RESP=1
14304979	42	STIM=b
14311014	42	RESP=1
14321880	42	STIM=d
14324953	42	RESP=1
14337727	42	STIM=0
14345227	42	RESP=2
14353156	42	STIM=r
14357483	42	RESP=1
14370981	42	STIM=j
14377249	42	RESP=1
14388293	42	STIM=x
14396778	42	RESP=1
14403830	42	STIM=j
14409319	42	RESP=1
14419008	42	STIM=t
14423266	42	RESP=1
14436580	42	STIM=r
14440586	42	RESP=1
14454952	42	STIM=y
14460306	42	RESP=1
14470604	42	STIM=j
14474705	42	RESP=1
14488934	42	STIM=d
14492358	42	RESP=1
14506325	42	STIM=v
14510088	42	RESP=1
14523930	42	STIM=g
14529301	42	RESP=1
14542001	42	STIM=g
14550249	42	RESP=1
14558629	42	STIM=m
14564424	42	RESP=2
14575762	42	STIM=b
14580706	42	RESP=1
14591351	42	STIM=o
14595682	42	RESP=1
14609041	42	STIM=b
14617604	42	RESP=1
14625467	42	STIM=x
14631836	42	RESP=1
14641679	42	STIM=o
14646952	42	RESP=1
14659389	42	STIM=k
14668947	42	RESP=1
14676839	42	STIM=u
14683298	42	RESP=1
14692046	42	STIM=b
14695974	42	RESP=1
14707984	42	STIM=n
14713930	42	RESP=1
14724676	42	STIM=j
14727423	42	RESP=1
14740210	42	STIM=x
14743054	42	RESP=1
14756845	42	STIM=h
14760814	42	RESP=1
14774403	42	STIM=e
14778727	42	RESP=1
14789448	42	STIM=4
14795838	42	RESP=2
14806807	42	STIM=a
14814339	42	RESP=1
14825095	42	STIM=u
14829739	42	RESP=1
14842544	42	STIM=c
14848206	42	RESP=1
14857619	42	STIM=6
14862192	42	RESP=1
14873091	42	STIM=u
14877849	42	RESP=1
14890211	42	STIM=z
14893989	42	RESP=1
14907109	42	STIM=c
14911065	42	RESP=1
14925169	42	STIM=9
14930727	42	RESP=2
14940856	42	STIM=i
14944957	42	RESP=1
14957313	42	STIM=g
14962517	42	RESP=1
14974367	42	STIM=l
14977379	42	RESP=1
14993305	42	STIM=x
14996550	42	RESP=1
15011647	42	STIM=o
15015149	42	RESP=1
15030504	42	STIM=1
15036134	42	RESP=2
15047750	42	STIM=z
15051851	42	RESP=1
15066287	42	STIM=k
15072941	42	RESP=1
15081891	42	STIM=h
15085162	42	RESP=1
15096981	42	STIM=o
15102911	42	RESP=1
15115651	42	STIM=f
15120966	42	RESP=1
15134008	42	STIM=y
15137499	42	RESP=1
15152103	42	STIM=m
15158062	42	RESP=1
15168586	42	STIM=q
15173115	42	RESP=2
15186065	42	STIM=p
15189985	42	RESP=1
15204206	42	STIM=i
15207831	42	RESP=1
15219772	42	STIM=k
15223191	42	RESP=1
15238610	42	STIM=z
15242870	42	RESP=1
15255180	42	STIM=0
15261388	42	RESP=2
15273300	42	STIM=x
15277913	42	RESP=1
15290379	42	STIM=l
15294757	42	RESP=1
15306302	42	STIM=r
15312574	42	RESP=1
15321585	42	STIM=w
15324740	42	RESP=1
15337212	42	STIM=q
15342228	42	RESP=2
15352525	42	STIM=1
15357050	42	RESP=2
15368791	42	STIM=s
15373753	42	RESP=1
15384081	42	STIM=m
15386397	42	RESP=1
15402994	42	STIM=c
15408876	42	RESP=1
15420729	42	STIM=x
15424410	42	RESP=1
15438384	42	STIM=c
15443287	42	RESP=1
15455442	42	STIM=2
15459681	42	RESP=2
15471842	42	STIM=x
15475817	42	RESP=1
15488889	42	STIM=n
15494616	42	RESP=1
15504047	42	STIM=6
15507587	42	RESP=1
15519215	42	STIM=t
15523193	42	RESP=1
15535891	42	STIM=v
15542616	42	RESP=1
15551478	42	STIM=h
15555934	42	RESP=1
15569451	42	STIM=0
15574261	42	RESP=2
15585678	42	STIM=q
15593226	42	RESP=1
15602510	42	STIM=y
15606531	42	RESP=2
15620795	42	STIM=r
15624307	42	RESP=1
15636418	42	STIM=x
15639832	42	RESP=1
15652197	42	STIM=m
15656541	42	RESP=1
15670994	42	STIM=4
15676343	42	RESP=1
15687237	42	STIM=d
15693484	42	RESP=1
15705938	42	STIM=n
15711204	42	RESP=1
15724422	42	STIM=r
15729676	42	RESP=1
15740884	42	STIM=w
15745963	42	RESP=1
15755921	42	STIM=i
15764533	42	RESP=1
15773445	42	STIM=8
15777936	42	RESP=2
15789195	42	STIM=f
15793743	42	RESP=1
15806418	42	STIM=t
15814423	42	RESP=1
15824878	42	STIM=g
15828754	42	RESP=1
15842187	42	STIM=z
15846498	42	RESP=1
15859592	42	STIM=d
15866137	42	RESP=1
15877071	42	STIM=l
15881304	42	RESP=1
15894585	42	STIM=p
15897830	42	RESP=1
15912061	42	STIM=6
15917533	42	RESP=2
15928913	42	STIM=l
15933068	42	RESP=1
15947322	42	STIM=u
15952911	42	RESP=1
15963344	42	STIM=y
15967894	42	RESP=1
15981784	42	STIM=u
15990854	42	RESP=1
15999818	42	STIM=q
16003736	42	RESP=2
16018136	42	STIM=m
16025992	42	RESP=1
16035558	42	STIM=n
16040099	42	RESP=2
16053963	42	STIM=f
16063305	42	RESP=1
16072658	42	STIM=p
16076483	42	RESP=1
16088490	42	STIM=v
16094053	42	RESP=1
16103989	42	STIM=a
16108847	42	RESP=1
16119046	42	STIM=4
16123551	42	RESP=1
16134797	42	STIM=n
16138209	42	RESP=1
16150778	42	STIM=z
16154674	42	RESP=1
16165797	42	STIM=9
16173762	42	RESP=2
16182920	42	STIM=6
16186713	42	RESP=2
16200080	42	STIM=n
16203817	42	RESP=1
16217782	42	STIM=t
16227561	42	RESP=1
16233368	42	STIM=h
16240133	42	RESP=1
16251716	42	STIM=0
16255123	42	RESP=2
16268484	42	STIM=v
16273583	42	RESP=1
16287170	42	STIM=y
16292056	42	RESP=1
16303576	42	STIM=2
16308237	42	RESP=2
16320384	42	STIM=x
16325586	42	RESP=1
16338452	42	STIM=f
16344519	42	RESP=1
16356005	42	STIM=m
16361955	42	RESP=1
16372647	42	STIM=o
16377779	42	RESP=1
16388721	42	STIM=p
16395139	42	RESP=1
16404042	42	STIM=7
16412461	42	RESP=2
16420160	42	STIM=d
16423170	42	RESP=1
16438726	42	STIM=o
16442154	42	RESP=1
16455521	42	STIM=a
16459687	42	RESP=1
16474432	42	STIM=2
16480233	42	RESP=2
16491080	42	STIM=r
16497052	42	RESP=1
16509436	42	STIM=4
16514056	42	RESP=2
16527057	42	STIM=g
16535266	42	RESP=1
16543294	42	STIM=e
16550196	42	RESP=1
16559859	42	STIM=r
16563814	42	RESP=1
16575842	42	STIM=b
16579586	42	RESP=1
16591739	42	STIM=x
16595713	42	RESP=1
16610460	42	STIM=d
16616414	42	RESP=1
16626978	42	STIM=p
16630482	42	RESP=1
16643126	42	STIM=c
16648284	42	RESP=1
16661291	42	STIM=y
16667453	42	RESP=1
16677168	42	STIM=e
16681846	42	RESP=1
16693506	42	STIM=i
16698281	42	RESP=1
16708858	42	STIM=b
16713870	42	RESP=1
16725511	42	STIM=w
16728493	42	RESP=1
16744035	42	STIM=f
16752711	42	RESP=1
16760389	42	STIM=a
16764091	42	RESP=1
16778350	42	STIM=k
16781759	42	RESP=1
16794330	42	STIM=v
16798334	42	RESP=1
16809453	42	STIM=x
16815613	42	RESP=1
16827308	42	STIM=p
16831779	42	RESP=1
16844953	42	STIM=h
16849393	42	RESP=1
16863779	42	STIM=r
16868556	42	RESP=1
16881701	42	STIM=g
16885379	42	RESP=1
16898187	42	STIM=k
16901665	42	RESP=1
16916341	42	STIM=p
16920025	42	RESP=2
16934258	42	STIM=0
16944003	42	RESP=2
16949638	42	STIM=a
16957876	42	RESP=1
16967581	42	STIM=5
16974138	42	RESP=2
16983062	42	STIM=8
16988293	42	RESP=2
17000031	42	STIM=j
17003538	42	RESP=1
17017009	42	STIM=i
17019824	42	RESP=1
17032484	42	STIM=c
17037617	42	RESP=1
17049932	42	STIM=p
17055110	42	RESP=1
17066694	42	STIM=p
17072369	42	RESP=1
17085079	42	STIM=t
17089469	42	RESP=1
17103986	42	STIM=v
17108085	42	RESP=1
17119089	42	STIM=1
17127784	42	RESP=2
17136587	42	STIM=s
17140211	42	RESP=1
17152861	42	STIM=u
17158074	42	RESP=1
17170676	42	STIM=5
17175495	42	RESP=2
17187150	42	STIM=p
17193307	42	RESP=1
17204912	42	STIM=6
17215255	42	RESP=2
17221142	42	STIM=b
17227616	42	RESP=1
17237472	42	STIM=1
17243312	42	RESP=2
17253398	42	STIM=e
17258693	42	RESP=1
17272276	42	STIM=h
17277614	42	RESP=1
17289452	42	STIM=0
17295094	42	RESP=2
17304960	42	STIM=f
17307636	42	RESP=1
17323397	42	STIM=a
17327858	42	RESP=1
17341828	42	STIM=s
17345370	42	RESP=1
17357757	42	STIM=g
17361423	42	RESP=1
17375327	42	STIM=r
17382191	42	RESP=1
17390904	42	STIM=e
17395281	42	RESP=1
17408958	42	STIM=y
17412850	42	RESP=1
17425677	42	STIM=u
17429367	42	RESP=1
17440922	42	STIM=i
17443649	42	RESP=1
17457718	42	STIM=n
17465213	42	RESP=1
17474109	42	STIM=t
17480953	42	RESP=2
17491235	42	STIM=n
17494547	42	RESP=1
17509394	42	STIM=r
17515136	42	RESP=1
17528028	42	STIM=v
17533395	42	RESP=1
17545377	42	STIM=h
17551457	42	RESP=1
17564350	42	STIM=i
17567753	42	RESP=1
17580996	42	STIM=l
17585816	42	RESP=1
17598425	42	STIM=q
17602785	42	RESP=2
17615693	42	STIM=y
17618395	42	RESP=1
17633487	42	STIM=d
17636694	42	RESP=1
17648778	42	STIM=c
17656139	42	RESP=1
17667020	42	STIM=p
17674905	42	RESP=1
17685516	42	STIM=m
17690369	42	RESP=1
17702297	42	STIM=q
17711376	42	RESP=1
17719637	42	STIM=7
17725668	42	RESP=2
17735839	42	STIM=d
17743009	42	RESP=1
17754486	42	STIM=h
17759651	42	RESP=1
17769549	42	STIM=b
17776933	42	RESP=1
17787821	42	STIM=h
17791230	42	RESP=1
17804903	42	STIM=7
17812112	42	RESP=2
17821491	42	STIM=h
17826561	42	RESP=1
17839178	42	STIM=x
17841662	42	RESP=1
17856968	42	STIM=k
17862856	42	RESP=1
17874777	42	STIM=8
17880959	42	RESP=1
17892571	42	STIM=z
17896761	42	RESP=1
17909765	42	STIM=1
17915706	42	RESP=2
17928114	42	STIM=x
17935184	42	RESP=1
17943277	42	STIM=h
17949529	42	RESP=1
17961374	42	STIM=y
17967280	42	RESP=1
17978966	42	STIM=c
17983003	42	RESP=1
17995129	42	STIM=2
18001173	42	RESP=2
18010215	42	STIM=7
18014323	42	RESP=2
18028105	42	STIM=6
18032696	42	RESP=2
18044321	42	STIM=y
18048977	42	RESP=1
18061346	42	STIM=2
18065431	42	RESP=2
18078842	42	STIM=x
18082481	42	RESP=1
18095344	42	STIM=b
18100901	42	RESP=1
18112833	42	STIM=u
18116440	42	RESP=1
18128792	42	STIM=7
18133045	42	RESP=2
18147361	42	STIM=8
18150963	42	RESP=2
18163014	42	STIM=b
18169391	42	RESP=1
18178112	42	STIM=k
18181923	42	RESP=1
18195203	42	STIM=v
18198560	42	RESP=1
18213929	42	STIM=w
18224567	42	RESP=1
18231583	42	STIM=w
18237925	42	RESP=1
18248949	42	STIM=u
18255225	42	RESP=1
18265113	42	STIM=n
18269754	42	RESP=1
18283349	42	STIM=8
18289196	42	RESP=1
18301097	42	STIM=x
18308027	42	RESP=1
18317109	42	STIM=1
18322907	42	RESP=1
18336098	42	STIM=c
18340443	42	RESP=1
18354526	42	STIM=s
18362711	42	RESP=1
18370958	42	STIM=6
18375957	42	RESP=2
18387039	42	STIM=7
18393753	42	RESP=2
18403442	42	STIM=4
18408283	42	RESP=1
18421308	42	STIM=7
18425382	42	RESP=2
18436965	42	STIM=3
18440965	42	RESP=2
18454440	42	STIM=5
18462119	42	RESP=2
18472441	42	STIM=c
18476041	42	RESP=1
18490675	42	STIM=j
18493588	42	RESP=1
18508596	42	STIM=b
18514184	42	RESP=1
18526487	42	STIM=g
18531589	42	RESP=1
18543211	42	STIM=c
18550934	42	RESP=1
18561409	42	STIM=e
18566195	42	RESP=1
18576486	42	STIM=d
18580118	42	RESP=2
18593362	42	STIM=b
18596768	42	RESP=1
18611841	42	STIM=n
18616582	42	RESP=1
18629624	42	STIM=l
18635505	42	RESP=1
18646372	42	STIM=u
18654508	42	RESP=1
18664296	42	STIM=z
18668685	42	RESP=1
18679654	42	STIM=2
18685859	42	RESP=2
18695394	42	STIM=l
18698847	42	RESP=1
18713498	42	STIM=i
18720966	42	RESP=1
18730982	42	STIM=6
18735512	42	RESP=2
18747857	42	STIM=h
18755303	42	RESP=1
18765595	42	STIM=j
18769196	42	RESP=1
18781758	42	STIM=2
18785519	42	RESP=2
18797754	42	STIM=c
18802247	42	RESP=1
18812902	42	STIM=5
18819504	42	RESP=2
18829751	42	STIM=t
18833394	42	RESP=1
18848745	42	STIM=j
18851603	42	RESP=1
18865494	42	STIM=y
18867941	42	RESP=2
18880783	42	STIM=o
18889711	42	RESP=1
18898976	42	STIM=f
18904629	42	RESP=1
18915586	42	STIM=x
18918341	42	RESP=1
18931829	42	STIM=p
18940285	42	RESP=1
18949903	42	STIM=q
18952977	42	RESP=1
18967065	42	STIM=x
18973451	42	RESP=1
18986021	42	STIM=b
18989674	42	RESP=1
19004407	42	STIM=j
19007984	42	RESP=1
19020072	42	STIM=7
19024579	42	RESP=2
19038561	42	STIM=z
19042210	42	RESP=1
19055259	42	STIM=l
19062102	42	RESP=1
19070738	42	STIM=5
19075206	42	RESP=2
19087862	42	STIM=c
19092736	42	RESP=1
19104692	42	STIM=r
19108445	42	RESP=1
19119768	42	STIM=8
19125068	42	RESP=2
19137953	42	STIM=c
19142345	42	RESP=1
19155280	42	STIM=n
19160083	42	RESP=1
19173397	42	STIM=2
19178741	42	RESP=2
19191382	42	STIM=v
19195329	42	RESP=1
19207105	42	STIM=v
19211883	42	RESP=1
19224191	42	STIM=r
19228134	42	RESP=1
19242570	42	STIM=v
19246443	42	RESP=1
19259409	42	STIM=a
19265945	42	RESP=1
19276397	42	STIM=e
19281769	42	RESP=1
19292799	42	STIM=o
19295674	42	RESP=1
19309618	42	STIM=3
19316118	42	RESP=2
19326243	42	STIM=6
19335856	42	RESP=2
19343610	42	STIM=p
19348583	42	RESP=1
19358991	42	STIM=m
19363342	42	RESP=1
19376447	42	STIM=a
19380847	42	RESP=1
19394602	42	STIM=4
19403850	42	RESP=2
19410667	42	STIM=t
19417098	42	RESP=1
19427187	42	STIM=l
19430615	42	RESP=1
19444893	42	STIM=9
19450166	42	RESP=2
19463684	42	STIM=2
19468634	42	RESP=1
19482413	42	STIM=v
19486044	42	RESP=1
19497797	42	STIM=u
19503207	42	RESP=1
19514962	42	STIM=e
19519804	42	RESP=1
19531360	42	STIM=z
19535037	42	RESP=1
19548140	42	STIM=f
19553602	42	RESP=1
19567060	42	STIM=j
19572753	42	RESP=1
19582335	42	STIM=z
19593327	42	RESP=1
19600924	42	STIM=n
19604803	42	RESP=1
19618756	42	STIM=b
19622665	42	RESP=1
19637051	42	STIM=o
19641630	42	RESP=1
19654672	42	STIM=b
19658426	42	RESP=2
19669821	42	STIM=z
19674259	42	RESP=1
19687934	42	STIM=g
19691932	42	RESP=1
19706920	42	STIM=u
19711420	42	RESP=1
19725165	42	STIM=y
19729604	42	RESP=1
19743527	42	STIM=z
19748340	42	RESP=1
19758774	42	STIM=s
19761995	42	RESP=1
19776356	42	STIM=w
19781478	42	RESP=1
19791845	42	STIM=k
19797426	42	RESP=1
19809490	42	STIM=g
19813357	42	RESP=1
19827990	42	STIM=h
19835442	42	RESP=1
19845257	42	STIM=g
19851020	42	RESP=1
19863381	42	STIM=e
19867709	42	RESP=1
19880243	42	STIM=0
19886195	42	RESP=2
19898052	42	STIM=9
19903538	42	RESP=2
19916474	42	STIM=q
19920199	42	RESP=1
19933740	42	STIM=u
19937433	42	RESP=1
19950782	42	STIM=2
19954874	42	RESP=2
19966955	42	STIM=9
19973796	42	RESP=2
19985586	42	STIM=j
19992162	42	RESP=1
20003416	42	STIM=j
20007044	42	RESP=1
20018781	42	STIM=8
20023080	42	RESP=2
20036852	42	STIM=7
20040642	42	RESP=2
20054663	42	STIM=z
20059261	42	RESP=1
20071047	42	STIM=v
20074877	42	RESP=1
20087434	42	STIM=p
20092656	42	RESP=2
20103292	42	STIM=l
20110886	42	RESP=1
20119083	42	STIM=s
20125614	42	RESP=1
20134884	42	STIM=r
20138707	42	RESP=1
20153645	42	STIM=c
20160637	42	RESP=1
20170858	42	STIM=p
20174119	42	RESP=1
20186705	42	STIM=g
20190548	42	RESP=1
20205150	42	STIM=b
20211116	42	RESP=1
20221366	42	STIM=n
20232022	42	RESP=1
20240051	42	STIM=h
20242803	42	RESP=1
20258614	42	STIM=z
20263519	42	RESP=1
20276129	42	STIM=p
20281089	42	RESP=1
20292368	42	STIM=o
20296849	42	RESP=1
20310069	42	STIM=9
20315793	42	RESP=2
20327677	42	STIM=v
20332983	42	RESP=1
20346348	42	STIM=s
20353938	42	RESP=1
20361372	42	STIM=a
20364606	42	RESP=1
20379816	42	STIM=l
20383590	42	RESP=1
20398425	42	STIM=9
20405136	42	RESP=2
20416019	42	STIM=w
20421718	42	RESP=1
20432592	42	STIM=m
20438754	42	RESP=1
20448163	42	STIM=u
20454911	42	RESP=1
20464456	42	STIM=a
20466981	42	RESP=1
20480439	42	STIM=2
20484602	42	RESP=2
20497918	42	STIM=7
20503012	42	RESP=2
20516247	42	STIM=o
20519610	42	RESP=1
20532549	42	STIM=p
20538995	42	RESP=1
20551219	42	STIM=l
20554845	42	RESP=1
20568721	42	STIM=n
20573083	42	RESP=1
20585812	42	STIM=9
20594056	42	RESP=2
20603633	42	STIM=8
20607723	42	RESP=2
20622603	42	STIM=l
20625106	42	RESP=1
20641454	42	STIM=i
20644811	42	RESP=1
20659007	42	STIM=o
20664224	42	RESP=1
20674548	42	STIM=0
20681458	42	RESP=2
20691608	42	STIM=v
20697424	42	RESP=1
20707104	42	STIM=9
20711881	42	RESP=2
20723440	42	STIM=0
20731646	42	RESP=1
20741082	42	STIM=2
20746316	42	RESP=1
20758631	42	STIM=z
20762144	42	RESP=1
20774428	42	STIM=t
20777958	42	RESP=1
20792556	42	STIM=8
20798419	42	RESP=2
20810353	42	STIM=b
20818052	42	RESP=1
20825892	42	STIM=a
20830624	42	RESP=1
20842881	42	STIM=o
20847509	42	RESP=1
20861426	42	STIM=r
20866770	42	RESP=1
20877016	42	STIM=1
20881568	42	RESP=2
20894108	42	STIM=t
20899704	42	RESP=1
20911984	42	STIM=9
20920747	42	RESP=1
20930296	42	STIM=5
20934452	42	RESP=1
20947309	42	STIM=4
20953110	42	RESP=2
20963933	42	STIM=0
20970007	42	RESP=2
20979018	42	STIM=i
20985656	42	RESP=1
20995209	42	STIM=d
21005638	42	RESP=1
21013513	42	STIM=v
21016093	42	RESP=1
21028870	42	STIM=2
21035417	42	RESP=2
21046496	42	STIM=6
21052822	42	RESP=2
21061640	42	STIM=h
21066836	42	RESP=1
21077981	42	STIM=z
21083971	42	RESP=1
21093834	42	STIM=m
21099415	42	RESP=1
21110913	42	STIM=n
21113938	42	RESP=1
21129734	42	STIM=k
21135319	42	RESP=1
21148487	42	STIM=e
21153515	42	RESP=1
21167360	42	STIM=u
21175814	42	RESP=1
21185428	42	STIM=9
21190500	42	RESP=2
21201369	42	STIM=f
21207326	42	RESP=1
21218818	42	STIM=x
21223984	42	RESP=1
21234908	42	STIM=t
21238214	42	RESP=1
21250732	42	STIM=d
21258333	42	RESP=1
21267605	42	STIM=h
21271787	42	RESP=1
21285684	42	STIM=a
21291128	42	RESP=1
21302640	42	STIM=k
21306679	42	RESP=1
21318102	42	STIM=x
21321742	42	RESP=1
21334669	42	STIM=u
21339697	42	RESP=1
21353459	42	STIM=1
21360029	42	RESP=2
21372179	42	STIM=c
21377132	42	RESP=1
21390743	42	STIM=9
21400029	42	RESP=2
21409436	42	STIM=r
21414058	42	RESP=1
21428157	42	STIM=6
21432638	42	RESP=2
21445528	42	STIM=a
21449072	42	RESP=1
21463901	42	STIM=6
21470718	42	RESP=2
21478973	42	STIM=w
21483134	42	RESP=1
21496155	42	STIM=e
21499882	42	RESP=1
21511716	42	STIM=t
21516566	42	RESP=1
21528743	42	STIM=g
21534013	42	RESP=1
21544636	42	STIM=b
21553539	42	RESP=1
21561132	42	STIM=2
21568566	42	RESP=2
21577288	42	STIM=l
21581061	42	RESP=1
21594686	42	STIM=i
21598262	42	RESP=1
21613288	42	STIM=u
21616785	42	RESP=1
21630111	42	STIM=y
21636613	42	RESP=1
21646202	42	STIM=d
21649703	42	RESP=1
21663166	42	STIM=i
21666987	42	RESP=1
21681733	42	STIM=m
21685578	42	RESP=1
21698247	42	STIM=a
21704813	42	RESP=1
21716988	42	STIM=i
21720681	42	RESP=1
21733887	42	STIM=v
21739960	42	RESP=1
21750063	42	STIM=f
21754469	42	RESP=1
21765428	42	STIM=1
21772730	42	RESP=2
21781133	42	STIM=h
21785793	42	RESP=1
21797875	42	STIM=8
21802812	42	RESP=2
