# Original filename: 0059_VIV_2017-07-30.log
# Time unit: 100 us
# RARECAT=digit
#
# Time	HHGG	Event
36019	42	STIM=c
39116	42	RESP=1
54334	42	STIM=2
59114	42	RESP=2
70188	42	STIM=6
75044	42	RESP=2
86507	42	STIM=n
90512	42	RESP=1
102306	42	STIM=a
104715	42	RESP=1
120383	42	STIM=3
126714	42	RESP=2
135519	42	STIM=k
141100	42	RESP=1
150617	42	STIM=k
155229	42	RESP=1
166777	42	STIM=p
172771	42	RESP=1
182278	42	STIM=z
187151	42	RESP=1
198705	42	STIM=m
204385	42	RESP=1
216733	42	STIM=e
232446	42	RESP=1
234476	42	STIM=l
239726	42	RESP=1
252534	42	STIM=4
257659	42	RESP=1
270221	42	STIM=i
273644	42	RESP=1
286806	42	STIM=s
290824	42	RESP=1
304287	42	STIM=w
310229	42	RESP=1
319377	42	STIM=g
325044	42	RESP=1
336903	42	STIM=k
340866	42	RESP=2
353921	42	STIM=z
359548	42	RESP=1
372078	42	STIM=o
378005	42	RESP=1
389654	42	STIM=4
395757	42	RESP=2
405459	42	STIM=s
412808	42	RESP=1
421164	42	STIM=g
424335	42	RESP=1
439337	42	STIM=s
444584	42	RESP=2
458161	42	STIM=x
463432	42	RESP=1
474245	42	STIM=b
478129	42	RESP=1
492355	42	STIM=v
500623	42	RESP=1
508328	42	STIM=a
511781	42	RESP=1
523955	42	STIM=p
529792	42	RESP=1
540916	42	STIM=m
546708	42	RESP=1
558957	42	STIM=h
565537	42	RESP=1
574048	42	STIM=e
577765	42	RESP=1
590573	42	STIM=v
595107	42	RESP=1
606804	42	STIM=7
613170	42	RESP=2
622862	42	STIM=f
627077	42	RESP=1
641071	42	STIM=0
648772	42	RESP=2
659508	42	STIM=t
662936	42	RESP=1
674713	42	STIM=x
680373	42	RESP=2
690759	42	STIM=e
696633	42	RESP=1
706884	42	STIM=j
715681	42	RESP=1
724889	42	STIM=t
730456	42	RESP=1
740328	42	STIM=n
747960	42	RESP=1
756372	42	STIM=y
759242	42	RESP=1
772429	42	STIM=z
776549	42	RESP=1
790357	42	STIM=q
794363	42	RESP=1
808159	42	STIM=c
814573	42	RESP=1
826903	42	STIM=y
832711	42	RESP=1
843615	42	STIM=t
849499	42	RESP=1
859581	42	STIM=e
864174	42	RESP=2
874932	42	STIM=3
880623	42	RESP=2
891757	42	STIM=9
902293	42	RESP=2
907086	42	STIM=t
910983	42	RESP=1
924504	42	STIM=7
932973	42	RESP=2
941480	42	STIM=n
945609	42	RESP=1
958489	42	STIM=2
964436	42	RESP=2
974609	42	STIM=n
979061	42	RESP=1
990161	42	STIM=y
994430	42	RESP=1
1008035	42	STIM=2
1014431	42	RESP=2
1024901	42	STIM=8
1029678	42	RESP=2
1042357	42	STIM=6
1048645	42	RESP=2
1058983	42	STIM=t
1063768	42	RESP=1
1075563	42	STIM=c
1078907	42	RESP=1
1092232	42	STIM=b
1097560	42	RESP=1
1107332	42	STIM=p
1112365	42	RESP=1
1124126	42	STIM=s
1127768	42	RESP=1
1142052	42	STIM=j
1150021	42	RESP=1
1159272	42	STIM=2
1165407	42	RESP=2
1175583	42	STIM=u
1179206	42	RESP=1
1191971	42	STIM=j
1197134	42	RESP=1
1208542	42	STIM=y
1216693	42	RESP=1
1226981	42	STIM=1
1231863	42	RESP=2
1242335	42	STIM=u
1248166	42	RESP=1
1260127	42	STIM=o
1265621	42	RESP=1
1275178	42	STIM=g
1283626	42	RESP=1
1293679	42	STIM=j
1298168	42	RESP=1
1312372	42	STIM=h
1316200	42	RESP=1
1328743	42	STIM=h
1333889	42	RESP=1
1347332	42	STIM=9
1351682	42	RESP=1
1364654	42	STIM=u
1368551	42	RESP=1
1380752	42	STIM=d
1385085	42	RESP=1
1396176	42	STIM=g
1403117	42	RESP=1
1413347	42	STIM=p
1417282	42	RESP=1
1431138	42	STIM=3
1437610	42	RESP=1
1446277	42	STIM=k
1452335	42	RESP=1
1463802	42	STIM=a
1469353	42	RESP=1
1479827	42	STIM=b
1484172	42	RESP=1
1498186	42	STIM=t
1502941	42	RESP=1
1515171	42	STIM=r
1521709	42	RESP=2
1534066	42	STIM=w
1541277	42	RESP=1
1551116	42	STIM=o
1560155	42	RESP=1
1568072	42	STIM=l
1575601	42	RESP=1
1585588	42	STIM=6
1592382	42	RESP=2
1601543	42	STIM=q
1605375	42	RESP=1
1618058	42	STIM=t
1625987	42	RESP=1
1633925	42	STIM=a
1638696	42	RESP=1
1652010	42	STIM=k
1656639	42	RESP=1
1670152	42	STIM=6
1675485	42	RESP=2
1688936	42	STIM=o
1692027	42	RESP=1
1704593	42	STIM=n
1711354	42	RESP=1
1723381	42	STIM=r
1729844	42	RESP=1
1742269	42	STIM=p
1749283	42	RESP=2
1757905	42	STIM=y
1763332	42	RESP=1
1775937	42	STIM=u
1784226	42	RESP=1
1794493	42	STIM=t
1800480	42	RESP=1
1810245	42	STIM=8
1815800	42	RESP=2
1827148	42	STIM=j
1832040	42	RESP=1
1845256	42	STIM=j
1848265	42	RESP=1
1860956	42	STIM=s
1863644	42	RESP=1
1879715	42	STIM=6
1885377	42	RESP=2
1894975	42	STIM=c
1903431	42	RESP=1
1911142	42	STIM=j
1916065	42	RESP=1
1926617	42	STIM=v
1930930	42	RESP=1
1945525	42	STIM=l
1950534	42	RESP=1
1962310	42	STIM=b
1966488	42	RESP=1
1978902	42	STIM=f
1984595	42	RESP=1
1996857	42	STIM=w
2003701	42	RESP=1
2013634	42	STIM=i
2019252	42	RESP=1
2028878	42	STIM=7
2032238	42	RESP=2
2046710	42	STIM=z
2050257	42	RESP=1
2065406	42	STIM=l
2069630	42	RESP=1
2083256	42	STIM=w
2087983	42	RESP=1
2101274	42	STIM=a
2105695	42	RESP=1
2118362	42	STIM=7
2123229	42	RESP=2
2137170	42	STIM=z
2141781	42	RESP=1
2154303	42	STIM=v
2158790	42	RESP=1
2171450	42	STIM=i
2174805	42	RESP=1
2188423	42	STIM=1
2194280	42	RESP=2
2206699	42	STIM=w
2209267	42	RESP=1
2224247	42	STIM=r
2230243	42	RESP=1
2242251	42	STIM=e
2245384	42	RESP=1
2259437	42	STIM=9
2262581	42	RESP=2
2275244	42	STIM=f
2279132	42	RESP=1
2291371	42	STIM=x
2294350	42	RESP=1
2307099	42	STIM=1
2313457	42	RESP=2
2325153	42	STIM=i
2328958	42	RESP=1
2341655	42	STIM=a
2345025	42	RESP=1
2357092	42	STIM=n
2360638	42	RESP=1
2375717	42	STIM=j
2384213	42	RESP=1
2392289	42	STIM=a
2395462	42	RESP=1
2409044	42	STIM=p
2411725	42	RESP=1
2426647	42	STIM=7
2433016	42	RESP=2
2445615	42	STIM=v
2448668	42	RESP=1
2461193	42	STIM=f
2465403	42	RESP=1
2479354	42	STIM=w
2483308	42	RESP=1
2498040	42	STIM=9
2507085	42	RESP=2
2516864	42	STIM=2
2521279	42	RESP=2
2534499	42	STIM=m
2538500	42	RESP=1
2550882	42	STIM=m
2553955	42	RESP=1
2566388	42	STIM=z
2573814	42	RESP=1
2583448	42	STIM=a
2588243	42	RESP=1
2600709	42	STIM=c
2606572	42	RESP=1
2615916	42	STIM=a
2620552	42	RESP=1
2632106	42	STIM=i
2638768	42	RESP=1
2648387	42	STIM=b
2655366	42	RESP=1
2663839	42	STIM=2
2670791	42	RESP=2
2682496	42	STIM=v
2688010	42	RESP=1
2698704	42	STIM=c
2701888	42	RESP=1
2714078	42	STIM=d
2718603	42	RESP=1
2729501	42	STIM=m
2735808	42	RESP=1
2747866	42	STIM=8
2754675	42	RESP=2
2763137	42	STIM=p
2767206	42	RESP=1
2779403	42	STIM=8
2786973	42	RESP=2
2796819	42	STIM=m
2800224	42	RESP=1
2815718	42	STIM=x
2819928	42	RESP=1
2832087	42	STIM=f
2836756	42	RESP=1
2848387	42	STIM=u
2854307	42	RESP=1
2865683	42	STIM=s
2868746	42	RESP=1
2884212	42	STIM=n
2890456	42	RESP=1
2902523	42	STIM=z
2906325	42	RESP=1
2920523	42	STIM=h
2927540	42	RESP=1
2938658	42	STIM=w
2946436	42	RESP=1
2956317	42	STIM=g
2961622	42	RESP=1
2972574	42	STIM=0
2978235	42	RESP=2
2987626	42	STIM=w
2992292	42	RESP=1
3005006	42	STIM=q
3009822	42	RESP=1
3023592	42	STIM=z
3026855	42	RESP=1
3039126	42	STIM=l
3045945	42	RESP=1
3055478	42	STIM=s
3060878	42	RESP=1
3070767	42	STIM=x
3075197	42	RESP=1
3089049	42	STIM=4
3097028	42	RESP=2
3106400	42	STIM=7
3110685	42	RESP=2
3125075	42	STIM=s
3129064	42	RESP=1
3143076	42	STIM=c
3148232	42	RESP=1
3158800	42	STIM=7
3162578	42	RESP=1
3176638	42	STIM=c
3183452	42	RESP=2
3194670	42	STIM=h
3198612	42	RESP=1
3210733	42	STIM=s
3216648	42	RESP=1
3225774	42	STIM=x
3228056	42	RESP=1
3242945	42	STIM=n
3247630	42	RESP=1
3261271	42	STIM=5
3269500	42	RESP=2
3278664	42	STIM=k
3281347	42	RESP=1
3296522	42	STIM=d
3300204	42	RESP=1
3313513	42	STIM=w
3317499	42	RESP=1
3331536	42	STIM=z
3340688	42	RESP=1
3350366	42	STIM=q
3353890	42	RESP=1
3365626	42	STIM=4
3369736	42	RESP=2
3383143	42	STIM=2
3389357	42	RESP=2
3401008	42	STIM=q
3405212	42	RESP=1
3418805	42	STIM=m
3425847	42	RESP=1
3434946	42	STIM=8
3440018	42	RESP=2
3452519	42	STIM=u
3461226	42	RESP=1
3470937	42	STIM=y
3473718	42	RESP=1
3487833	42	STIM=6
3492568	42	RESP=2
3503807	42	STIM=i
3508450	42	RESP=1
3518967	42	STIM=p
3524701	42	RESP=1
3535713	42	STIM=d
3541927	42	RESP=2
3551643	42	STIM=y
3556454	42	RESP=1
3568537	42	STIM=c
3574045	42	RESP=1
3586574	42	STIM=d
3589821	42	RESP=1
3602394	42	STIM=n
3608135	42	RESP=1
3617582	42	STIM=p
3622149	42	RESP=1
3636570	42	STIM=4
3641360	42	RESP=2
3653859	42	STIM=v
3657950	42	RESP=1
3671004	42	STIM=f
3677255	42	RESP=1
3686513	42	STIM=7
3690920	42	RESP=2
3703619	42	STIM=t
3708733	42	RESP=1
3722569	42	STIM=6
3726058	42	RESP=1
3739466	42	STIM=i
3749713	42	RESP=1
3754996	42	STIM=y
3759750	42	RESP=2
3773003	42	STIM=b
3775818	42	RESP=1
3790345	42	STIM=e
3796002	42	RESP=1
3806557	42	STIM=2
3811972	42	RESP=2
3821869	42	STIM=r
3828254	42	RESP=1
3839599	42	STIM=l
3843642	42	RESP=1
3856904	42	STIM=1
3864350	42	RESP=2
3875299	42	STIM=1
3878944	42	RESP=2
3893590	42	STIM=m
3897683	42	RESP=1
3912236	42	STIM=c
3915528	42	RESP=1
3929541	42	STIM=n
3933354	42	RESP=1
3947625	42	STIM=4
3953432	42	RESP=2
3965637	42	STIM=f
3971225	42	RESP=1
3984219	42	STIM=y
3988134	42	RESP=1
4000084	42	STIM=q
4007102	42	RESP=1
4016393	42	STIM=a
4021199	42	RESP=1
4032843	42	STIM=2
4037890	42	RESP=2
4051571	42	STIM=2
4057622	42	RESP=2
4070248	42	STIM=p
4072685	42	RESP=2
4086965	42	STIM=l
4094936	42	RESP=1
4103502	42	STIM=w
4110731	42	RESP=1
4119804	42	STIM=q
4125757	42	RESP=1
4138252	42	STIM=r
4142165	42	RESP=1
4153799	42	STIM=c
4160480	42	RESP=2
4170622	42	STIM=l
4175232	42	RESP=1
4186429	42	STIM=n
4189493	42	RESP=1
4202183	42	STIM=s
4207882	42	RESP=1
4220160	42	STIM=y
4223813	42	RESP=1
4238644	42	STIM=u
4241564	42	RESP=1
4256416	42	STIM=o
4260089	42	RESP=1
4272175	42	STIM=5
4276285	42	RESP=2
4287228	42	STIM=5
4292517	42	RESP=2
4303299	42	STIM=k
4307336	42	RESP=1
4318655	42	STIM=4
4325155	42	RESP=2
4335771	42	STIM=n
4339847	42	RESP=1
4353794	42	STIM=s
4358522	42	RESP=1
4369071	42	STIM=d
4373879	42	RESP=1
4387286	42	STIM=w
4389912	42	RESP=1
4405865	42	STIM=c
4408694	42	RESP=1
4424440	42	STIM=q
4431418	42	RESP=1
4442536	42	STIM=j
4445541	42	RESP=1
4459567	42	STIM=u
4469742	42	RESP=1
4477909	42	STIM=q
4483902	42	RESP=1
4496861	42	STIM=e
4501076	42	RESP=1
4514255	42	STIM=u
4519706	42	RESP=1
4530544	42	STIM=x
4538421	42	RESP=1
4546792	42	STIM=e
4551959	42	RESP=1
4565336	42	STIM=0
4572055	42	RESP=1
4584194	42	STIM=g
4590174	42	RESP=1
4602952	42	STIM=x
4608152	42	RESP=2
4621367	42	STIM=r
4626754	42	RESP=1
4640219	42	STIM=r
4647214	42	RESP=1
4658274	42	STIM=1
4665018	42	RESP=2
4675406	42	STIM=a
4683433	42	RESP=1
4690412	42	STIM=2
4695529	42	RESP=2
4708230	42	STIM=f
4711218	42	RESP=1
4724975	42	STIM=8
4730804	42	RESP=2
4743726	42	STIM=x
4747010	42	RESP=1
4759873	42	STIM=0
4765597	42	RESP=1
4778686	42	STIM=h
4781486	42	RESP=1
4794003	42	STIM=r
4798043	42	RESP=1
4809483	42	STIM=a
4815006	42	RESP=1
4827842	42	STIM=x
4832571	42	RESP=1
4843516	42	STIM=q
4847608	42	RESP=1
4861495	42	STIM=s
4866807	42	RESP=1
4879283	42	STIM=p
4885270	42	RESP=1
4897091	42	STIM=a
4902595	42	RESP=1
4915509	42	STIM=r
4920099	42	RESP=1
4932845	42	STIM=5
4940351	42	RESP=2
4950123	42	STIM=d
4953046	42	RESP=1
4968475	42	STIM=w
4973542	42	RESP=1
4985935	42	STIM=e
4990906	42	RESP=1
5003978	42	STIM=l
5007929	42	RESP=1
5021775	42	STIM=s
5024839	42	RESP=1
5038540	42	STIM=f
5041477	42	RESP=1
5057141	42	STIM=c
5062979	42	RESP=1
5073361	42	STIM=o
5076904	42	RESP=2
5090139	42	STIM=0
5093710	42	RESP=2
5108475	42	STIM=g
5113463	42	RESP=1
5125586	42	STIM=i
5130548	42	RESP=1
5142323	42	STIM=q
5148881	42	RESP=1
5161182	42	STIM=g
5167052	42	RESP=2
5179182	42	STIM=o
5185115	42	RESP=1
5194464	42	STIM=9
5200152	42	RESP=1
5209871	42	STIM=j
5212985	42	RESP=1
5226305	42	STIM=1
5230793	42	RESP=2
5244624	42	STIM=q
5250759	42	RESP=2
5262053	42	STIM=c
5266221	42	RESP=1
5277082	42	STIM=9
5284179	42	RESP=1
5294924	42	STIM=r
5303132	42	RESP=1
5311370	42	STIM=y
5320190	42	RESP=1
5328456	42	STIM=d
5332243	42	RESP=2
5346197	42	STIM=c
5351838	42	RESP=1
5362911	42	STIM=c
5367539	42	RESP=1
5381706	42	STIM=6
5384978	42	RESP=2
5397416	42	STIM=9
5402793	42	RESP=2
5413467	42	STIM=6
5419911	42	RESP=2
5432145	42	STIM=f
5437852	42	RESP=1
5450484	42	STIM=s
5454521	42	RESP=1
5466918	42	STIM=z
5471777	42	RESP=1
5482156	42	STIM=c
5493626	42	RESP=1
5499724	42	STIM=t
5504527	42	RESP=1
5516460	42	STIM=h
5520555	42	RESP=1
5532581	42	STIM=d
5536611	42	RESP=1
5550671	42	STIM=0
5560760	42	RESP=2
5568952	42	STIM=o
5576901	42	RESP=1
5584811	42	STIM=i
5590068	42	RESP=1
5601317	42	STIM=v
5606243	42	RESP=1
5619177	42	STIM=e
5625588	42	RESP=1
5636879	42	STIM=r
5644561	42	RESP=1
5652256	42	STIM=w
5656477	42	RESP=1
5669954	42	STIM=u
5673868	42	RESP=1
5685827	42	STIM=f
5689123	42	RESP=1
5703878	42	STIM=r
5712971	42	RESP=1
5720884	42	STIM=v
5728374	42	RESP=1
5736238	42	STIM=9
5744387	42	RESP=2
5752512	42	STIM=c
5759133	42	RESP=1
5767949	42	STIM=b
5771388	42	RESP=1
5782998	42	STIM=4
5789623	42	RESP=2
5801873	42	STIM=h
5805917	42	RESP=1
5819871	42	STIM=4
5824255	42	RESP=2
5835164	42	STIM=o
5844334	42	RESP=1
5852872	42	STIM=q
5860523	42	RESP=1
5870402	42	STIM=d
5873624	42	RESP=1
5886389	42	STIM=a
5889335	42	RESP=1
5903177	42	STIM=n
5907812	42	RESP=1
5922064	42	STIM=u
5928214	42	RESP=1
5938518	42	STIM=h
5944722	42	RESP=1
5954993	42	STIM=m
5960630	42	RESP=1
5971038	42	STIM=v
5976589	42	RESP=1
5989558	42	STIM=f
5998016	42	RESP=1
6007157	42	STIM=k
6012307	42	RESP=1
6023315	42	STIM=v
6029999	42	RESP=1
6040523	42	STIM=z
6044956	42	RESP=1
6059482	42	STIM=4
6065678	42	RESP=2
6074542	42	STIM=l
6084919	42	RESP=1
6091318	42	STIM=h
6096509	42	RESP=1
6108308	42	STIM=q
6111885	42	RESP=1
6126124	42	STIM=k
6131571	42	RESP=1
6143648	42	STIM=y
6146345	42	RESP=1
6159085	42	STIM=y
6165075	42	RESP=1
6174425	42	STIM=9
6179033	42	RESP=2
6192302	42	STIM=2
6198651	42	RESP=2
6210524	42	STIM=k
6213912	42	RESP=1
6229476	42	STIM=l
6233298	42	RESP=2
6246535	42	STIM=u
6256094	42	RESP=1
6261973	42	STIM=q
6265577	42	RESP=1
6280246	42	STIM=q
6288174	42	RESP=1
6296593	42	STIM=q
6300765	42	RESP=1
6315516	42	STIM=z
6318608	42	RESP=1
6331928	42	STIM=f
6335323	42	RESP=1
6349320	42	STIM=b
6352129	42	RESP=1
6365191	42	STIM=j
6369187	42	RESP=1
6381108	42	STIM=d
6383985	42	RESP=2
6398552	42	STIM=h
6402269	42	RESP=1
6415111	42	STIM=p
6419163	42	RESP=1
6432955	42	STIM=2
6439528	42	RESP=2
6451540	42	STIM=y
6455048	42	RESP=1
6469400	42	STIM=n
6472850	42	RESP=1
6487015	42	STIM=9
6491488	42	RESP=2
6505858	42	STIM=h
6512145	42	RESP=1
6522349	42	STIM=1
6528679	42	RESP=2
6539724	42	STIM=8
6545969	42	RESP=2
6555999	42	STIM=c
6559555	42	RESP=1
6571347	42	STIM=y
6576682	42	RESP=1
6589905	42	STIM=a
6593245	42	RESP=1
6606771	42	STIM=y
6611435	42	RESP=1
6625265	42	STIM=q
6630808	42	RESP=1
6641289	42	STIM=n
6644426	42	RESP=1
6658798	42	STIM=l
6662145	42	RESP=1
6675161	42	STIM=v
6679407	42	RESP=1
6690444	42	STIM=u
6697450	42	RESP=1
6705604	42	STIM=b
6709797	42	RESP=1
6723916	42	STIM=o
6728049	42	RESP=1
6741513	42	STIM=z
6745351	42	RESP=1
6757714	42	STIM=a
6762212	42	RESP=1
6774869	42	STIM=s
6783560	42	RESP=1
6790818	42	STIM=3
6796632	42	RESP=2
6807069	42	STIM=p
6814421	42	RESP=1
6824589	42	STIM=0
6830456	42	RESP=2
6840321	42	STIM=e
6845047	42	RESP=1
6856831	42	STIM=r
6865446	42	RESP=1
6874937	42	STIM=u
6880694	42	RESP=1
6890962	42	STIM=2
6895537	42	RESP=2
6907561	42	STIM=r
6912687	42	RESP=1
6924779	42	STIM=4
6933357	42	RESP=2
6940206	42	STIM=a
6945789	42	RESP=1
6955309	42	STIM=0
6964691	42	RESP=2
6971740	42	STIM=3
6977651	42	RESP=2
6989695	42	STIM=v
6993770	42	RESP=1
7007359	42	STIM=2
7013512	42	RESP=2
7022484	42	STIM=n
7030053	42	RESP=1
7038288	42	STIM=6
7047590	42	RESP=2
7055090	42	STIM=c
7057728	42	RESP=1
7070335	42	STIM=q
7076348	42	RESP=1
7088363	42	STIM=r
7096663	42	RESP=1
7106040	42	STIM=i
7109351	42	RESP=1
7124527	42	STIM=q
7135327	42	RESP=1
7142350	42	STIM=v
7149033	42	RESP=1
7160908	42	STIM=z
7165137	42	RESP=1
7178843	42	STIM=7
7185793	42	RESP=2
7195213	42	STIM=7
7201000	42	RESP=2
7214143	42	STIM=i
7216947	42	RESP=1
7231807	42	STIM=8
7235408	42	RESP=2
7249695	42	STIM=a
7252483	42	RESP=1
7267081	42	STIM=d
7275878	42	RESP=1
7282964	42	STIM=6
7290340	42	RESP=1
7300580	42	STIM=9
7306699	42	RESP=2
7318586	42	STIM=w
7321873	42	RESP=1
7334121	42	STIM=t
7341576	42	RESP=1
7350599	42	STIM=o
7353564	42	RESP=1
7366099	42	STIM=8
7373695	42	RESP=2
7384923	42	STIM=l
7389997	42	RESP=1
7402160	42	STIM=m
7406387	42	RESP=1
7417585	42	STIM=j
7421310	42	RESP=1
7432832	42	STIM=r
7438927	42	RESP=1
7447882	42	STIM=t
7452995	42	RESP=1
7464139	42	STIM=h
7470032	42	RESP=1
7482762	42	STIM=h
7489415	42	RESP=1
7500529	42	STIM=i
7503995	42	RESP=1
7518432	42	STIM=i
7525446	42	RESP=1
7533823	42	STIM=r
7537386	42	RESP=1
7549293	42	STIM=h
7555661	42	RESP=1
7565104	42	STIM=6
7569517	42	RESP=2
7582538	42	STIM=n
7585096	42	RESP=1
7598491	42	STIM=g
7601891	42	RESP=2
7616922	42	STIM=f
7621437	42	RESP=1
7634507	42	STIM=a
7638770	42	RESP=1
7651492	42	STIM=t
7657536	42	RESP=1
7669069	42	STIM=f
7671990	42	RESP=1
7684704	42	STIM=h
7688707	42	RESP=1
7703243	42	STIM=0
7707829	42	RESP=2
7718280	42	STIM=k
7724404	42	RESP=1
7733884	42	STIM=0
7738383	42	RESP=2
7751163	42	STIM=v
7755984	42	RESP=1
7769660	42	STIM=q
7773439	42	RESP=1
7787138	42	STIM=9
7790994	42	RESP=1
7805207	42	STIM=d
7808606	42	RESP=1
7821201	42	STIM=i
7830331	42	RESP=1
7838758	42	STIM=n
7841668	42	RESP=1
7856161	42	STIM=x
7862541	42	RESP=1
7871811	42	STIM=b
7874611	42	RESP=1
7888697	42	STIM=g
7892429	42	RESP=1
7904552	42	STIM=e
7909997	42	RESP=2
7923397	42	STIM=f
7926426	42	RESP=1
7941427	42	STIM=f
7944773	42	RESP=1
7956952	42	STIM=2
7960220	42	RESP=2
7972839	42	STIM=k
7978270	42	RESP=1
7991693	42	STIM=o
7996661	42	RESP=1
8007426	42	STIM=p
8013758	42	RESP=1
8023464	42	STIM=x
8027628	42	RESP=1
8041482	42	STIM=k
8047151	42	RESP=1
8057549	42	STIM=g
8062841	42	RESP=1
8075884	42	STIM=w
8080946	42	RESP=1
8094273	42	STIM=l
8099920	42	RESP=1
8110253	42	STIM=7
8116294	42	RESP=2
8125511	42	STIM=m
8129283	42	RESP=1
8144009	42	STIM=m
8150251	42	RESP=1
8161482	42	STIM=s
8163862	42	RESP=1
8179708	42	STIM=r
8187205	42	RESP=1
8196826	42	STIM=j
8200529	42	RESP=1
8214386	42	STIM=8
8220469	42	RESP=2
8231042	42	STIM=e
8234370	42	RESP=1
8247441	42	STIM=n
8253441	42	RESP=1
8263426	42	STIM=u
8266268	42	RESP=1
8281449	42	STIM=3
8290133	42	RESP=2
8297164	42	STIM=u
8306919	42	RESP=1
8312779	42	STIM=4
8316643	42	RESP=2
8328901	42	STIM=o
8335805	42	RESP=1
8344471	42	STIM=g
8348947	42	RESP=1
8361707	42	STIM=h
8366186	42	RESP=1
8379645	42	STIM=e
8383696	42	RESP=1
8397526	42	STIM=2
8404553	42	RESP=2
8413406	42	STIM=m
8419862	42	RESP=1
8430067	42	STIM=k
8434336	42	RESP=1
8447399	42	STIM=d
8455424	42	RESP=1
8463489	42	STIM=w
8470565	42	RESP=1
8479154	42	STIM=a
8484071	42	RESP=1
8495464	42	STIM=y
8498922	42	RESP=1
8513600	42	STIM=3
8517890	42	RESP=2
8529546	42	STIM=a
8534981	42	RESP=1
8546470	42	STIM=i
8554921	42	RESP=1
8563695	42	STIM=o
8569799	42	RESP=1
8578722	42	STIM=v
8581867	42	RESP=1
8597051	42	STIM=m
8604260	42	RESP=1
8612791	42	STIM=e
8617388	42	RESP=1
8628976	42	STIM=4
8633717	42	RESP=2
8647899	42	STIM=i
8651777	42	RESP=2
8664409	42	STIM=c
8667448	42	RESP=1
8683104	42	STIM=3
8688256	42	RESP=2
8699670	42	STIM=f
8705053	42	RESP=1
8717272	42	STIM=e
8721743	42	RESP=1
8732972	42	STIM=n
8738058	42	RESP=1
8749358	42	STIM=m
8755649	42	RESP=1
8765794	42	STIM=y
8770335	42	RESP=1
8780934	42	STIM=t
8785626	42	RESP=1
8797006	42	STIM=j
8802069	42	RESP=1
8814051	42	STIM=d
8823893	42	RESP=1
8832776	42	STIM=j
8837064	42	RESP=2
8848555	42	STIM=e
8853262	42	RESP=1
8865643	42	STIM=z
8871527	42	RESP=1
8881960	42	STIM=a
8885473	42	RESP=1
8900792	42	STIM=1
8908584	42	RESP=1
8918141	42	STIM=g
8922049	42	RESP=1
8933307	42	STIM=k
8937176	42	RESP=1
8951076	42	STIM=o
8960666	42	RESP=1
8966544	42	STIM=e
8969418	42	RESP=1
8983553	42	STIM=y
8988040	42	RESP=1
9002485	42	STIM=i
9005771	42	RESP=1
9019036	42	STIM=i
9024789	42	RESP=1
9036282	42	STIM=4
9041439	42	RESP=2
9052824	42	STIM=h
9057382	42	RESP=1
9068617	42	STIM=6
9073505	42	RESP=2
9084184	42	STIM=g
9089232	42	RESP=1
9102761	42	STIM=c
9105749	42	RESP=1
9119679	42	STIM=n
9125550	42	RESP=1
9136658	42	STIM=4
9142200	42	RESP=1
9154140	42	STIM=7
9157941	42	RESP=2
9170633	42	STIM=z
9176583	42	RESP=1
9188671	42	STIM=g
9192800	42	RESP=1
9207106	42	STIM=7
9211430	42	RESP=2
9224094	42	STIM=d
9230510	42	RESP=1
9242503	42	STIM=z
9245559	42	RESP=2
9258601	42	STIM=7
9262596	42	RESP=2
9276098	42	STIM=o
9280019	42	RESP=1
9293964	42	STIM=l
9300009	42	RESP=1
9311262	42	STIM=h
9316761	42	RESP=1
9329762	42	STIM=p
9332838	42	RESP=1
9344810	42	STIM=o
9348997	42	RESP=1
9360237	42	STIM=b
9364672	42	RESP=1
9378027	42	STIM=m
9382572	42	RESP=1
9394847	42	STIM=f
9399035	42	RESP=1
9411918	42	STIM=f
9416941	42	RESP=1
9428055	42	STIM=n
9433499	42	RESP=1
9443778	42	STIM=h
9448151	42	RESP=1
9459659	42	STIM=k
9463414	42	RESP=1
9475147	42	STIM=k
9478947	42	RESP=1
9493321	42	STIM=j
9497138	42	RESP=1
9510978	42	STIM=b
9513975	42	RESP=1
9526904	42	STIM=u
9531590	42	RESP=1
9543894	42	STIM=e
9548644	42	RESP=1
9561042	42	STIM=p
9564266	42	RESP=1
9576646	42	STIM=c
9581421	42	RESP=1
9592987	42	STIM=h
9598465	42	RESP=1
9609390	42	STIM=y
9615484	42	RESP=1
9627235	42	STIM=c
9631889	42	RESP=1
9643324	42	STIM=l
9645824	42	RESP=1
9660483	42	STIM=n
9665138	42	RESP=1
9679392	42	STIM=g
9684698	42	RESP=1
9695692	42	STIM=s
9700303	42	RESP=1
9712108	42	STIM=d
9716934	42	RESP=2
9729625	42	STIM=v
9734298	42	RESP=1
9746071	42	STIM=3
9755891	42	RESP=2
9762431	42	STIM=n
9766285	42	RESP=1
9779286	42	STIM=7
9785650	42	RESP=2
9796157	42	STIM=l
9802824	42	RESP=1
9813940	42	STIM=l
9819841	42	RESP=1
9832234	42	STIM=0
9838941	42	RESP=2
9849124	42	STIM=f
9852152	42	RESP=1
9867440	42	STIM=u
9871777	42	RESP=1
9884119	42	STIM=y
9889129	42	RESP=1
9902181	42	STIM=j
9906576	42	RESP=1
9920434	42	STIM=u
9923668	42	RESP=1
9938309	42	STIM=d
9943684	42	RESP=1
9956148	42	STIM=r
9961638	42	RESP=1
9972560	42	STIM=a
9975566	42	RESP=1
9988918	42	STIM=4
9995958	42	RESP=2
10006876	42	STIM=r
10011304	42	RESP=1
10024337	42	STIM=s
10028088	42	RESP=1
10043082	42	STIM=n
10048144	42	RESP=1
10060989	42	STIM=m
10066188	42	RESP=1
10076370	42	STIM=3
10080746	42	RESP=1
10091823	42	STIM=a
10097131	42	RESP=1
10107695	42	STIM=h
10114774	42	RESP=1
10126574	42	STIM=y
10130231	42	RESP=1
10143780	42	STIM=i
10150184	42	RESP=1
10159349	42	STIM=9
10163993	42	RESP=2
10177419	42	STIM=t
10180662	42	RESP=1
10196141	42	STIM=3
10202352	42	RESP=2
10214439	42	STIM=t
10218874	42	RESP=1
10231339	42	STIM=p
10237417	42	RESP=1
10249080	42	STIM=f
10255020	42	RESP=1
10267870	42	STIM=k
10273709	42	RESP=1
10285092	42	STIM=t
10290075	42	RESP=1
10302744	42	STIM=n
10308648	42	RESP=1
10321364	42	STIM=9
10325190	42	RESP=2
10340054	42	STIM=b
10344709	42	RESP=1
10356733	42	STIM=o
10359628	42	RESP=1
10372183	42	STIM=l
10375366	42	RESP=1
10389687	42	STIM=s
10393150	42	RESP=1
10405969	42	STIM=w
10410747	42	RESP=2
10423899	42	STIM=3
10427300	42	RESP=2
10439580	42	STIM=t
10445809	42	RESP=1
10454919	42	STIM=c
10458332	42	RESP=1
10470289	42	STIM=9
10476030	42	RESP=2
10485723	42	STIM=c
10490346	42	RESP=1
10501351	42	STIM=l
10505478	42	RESP=1
10517409	42	STIM=y
10521396	42	RESP=2
10533547	42	STIM=x
10538043	42	RESP=1
10550936	42	STIM=r
10554418	42	RESP=1
10569204	42	STIM=i
10573573	42	RESP=1
10584443	42	STIM=e
10591125	42	RESP=1
10600248	42	STIM=y
10604093	42	RESP=1
10618724	42	STIM=p
10624303	42	RESP=1
10637033	42	STIM=f
10641250	42	RESP=1
10654074	42	STIM=i
10657397	42	RESP=2
10672990	42	STIM=r
10679853	42	RESP=1
10689874	42	STIM=f
10693901	42	RESP=1
10708054	42	STIM=k
10713427	42	RESP=2
10726887	42	STIM=t
10731185	42	RESP=1
10743143	42	STIM=r
10750364	42	RESP=1
10761347	42	STIM=u
10764202	42	RESP=1
10778238	42	STIM=d
10782457	42	RESP=1
10796092	42	STIM=1
10801807	42	RESP=2
10814935	42	STIM=4
10821761	42	RESP=2
10833714	42	STIM=a
10840094	42	RESP=1
10850766	42	STIM=n
10857042	42	RESP=1
10869579	42	STIM=0
10877647	42	RESP=2
10887923	42	STIM=n
10891466	42	RESP=1
10904364	42	STIM=p
10909190	42	RESP=2
10921688	42	STIM=1
10927238	42	RESP=1
10940080	42	STIM=5
10944015	42	RESP=2
10957019	42	STIM=w
10964442	42	RESP=1
10973812	42	STIM=j
10979640	42	RESP=1
10990544	42	STIM=j
10994865	42	RESP=1
11009059	42	STIM=k
11012272	42	RESP=1
11024217	42	STIM=3
11029442	42	RESP=2
11039353	42	STIM=m
11043536	42	RESP=1
11055047	42	STIM=0
11058735	42	RESP=2
11073031	42	STIM=q
11077560	42	RESP=1
11088655	42	STIM=y
11095374	42	RESP=1
11105844	42	STIM=u
11110880	42	RESP=1
11123395	42	STIM=a
11128408	42	RESP=1
11140064	42	STIM=b
11143024	42	RESP=1
11158039	42	STIM=h
11163125	42	RESP=1
11173116	42	STIM=p
11176854	42	RESP=1
11191922	42	STIM=y
11195498	42	RESP=1
11207903	42	STIM=4
11211965	42	RESP=2
11224283	42	STIM=k
11228651	42	RESP=1
11241743	42	STIM=y
11246336	42	RESP=1
11258376	42	STIM=y
11262311	42	RESP=1
11276355	42	STIM=4
11280887	42	RESP=2
11295236	42	STIM=m
11299198	42	RESP=1
11312249	42	STIM=i
11320754	42	RESP=1
11328428	42	STIM=z
11332926	42	RESP=1
11346595	42	STIM=c
11352242	42	RESP=2
11363941	42	STIM=i
11367419	42	RESP=1
11381248	42	STIM=c
11384811	42	RESP=1
11398634	42	STIM=4
11403817	42	RESP=2
11416738	42	STIM=a
11420713	42	RESP=1
11433025	42	STIM=r
11437154	42	RESP=1
11451500	42	STIM=b
11455996	42	RESP=1
11466814	42	STIM=k
11470962	42	RESP=1
11483421	42	STIM=w
11491547	42	RESP=1
11502112	42	STIM=9
11506819	42	RESP=1
11517246	42	STIM=t
11522226	42	RESP=1
11535473	42	STIM=l
11541110	42	RESP=1
11554448	42	STIM=5
11562482	42	RESP=2
11571475	42	STIM=y
11576022	42	RESP=1
11586588	42	STIM=g
11595288	42	RESP=1
11601814	42	STIM=i
11605969	42	RESP=1
11619202	42	STIM=8
11624174	42	RESP=2
11637292	42	STIM=v
11640529	42	RESP=1
11654422	42	STIM=k
11658080	42	RESP=1
11672312	42	STIM=e
11676840	42	RESP=1
11688612	42	STIM=p
11693715	42	RESP=1
11707137	42	STIM=t
11711030	42	RESP=1
11722618	42	STIM=i
11725714	42	RESP=1
11740181	42	STIM=1
11745693	42	RESP=2
11758181	42	STIM=s
11763270	42	RESP=2
11775779	42	STIM=l
11782486	42	RESP=1
11793579	42	STIM=n
11798398	42	RESP=1
11809336	42	STIM=y
11813063	42	RESP=1
11826153	42	STIM=p
11830243	42	RESP=1
11843249	42	STIM=j
11848733	42	RESP=1
11860808	42	STIM=9
11866028	42	RESP=2
11877928	42	STIM=u
11882745	42	RESP=1
11895903	42	STIM=g
11900697	42	RESP=1
11912345	42	STIM=7
11917716	42	RESP=2
11931240	42	STIM=m
11936558	42	RESP=1
11946269	42	STIM=i
11951954	42	RESP=1
11963143	42	STIM=v
11967142	42	RESP=1
11980991	42	STIM=v
11986400	42	RESP=1
11998753	42	STIM=b
12002349	42	RESP=1
12013865	42	STIM=x
12017416	42	RESP=1
12030414	42	STIM=h
12035575	42	RESP=1
12046235	42	STIM=w
12048850	42	RESP=1
12063909	42	STIM=o
12068563	42	RESP=1
12079624	42	STIM=k
12087314	42	RESP=1
12096503	42	STIM=x
12101237	42	RESP=1
12115362	42	STIM=f
12118732	42	RESP=1
12132529	42	STIM=p
12137441	42	RESP=1
12149199	42	STIM=7
12154669	42	RESP=2
12164775	42	STIM=m
12168785	42	RESP=1
12182183	42	STIM=t
12185007	42	RESP=1
12200807	42	STIM=z
12206219	42	RESP=1
12217320	42	STIM=n
12220219	42	RESP=1
12235847	42	STIM=1
12241132	42	RESP=2
12252049	42	STIM=l
12258105	42	RESP=1
12267527	42	STIM=6
12274771	42	RESP=2
12283922	42	STIM=5
12293234	42	RESP=1
12302473	42	STIM=f
12306975	42	RESP=1
12320667	42	STIM=j
12325373	42	RESP=1
12338305	42	STIM=f
12341014	42	RESP=1
12355471	42	STIM=b
12360082	42	RESP=1
12370926	42	STIM=m
12377011	42	RESP=1
12389724	42	STIM=j
12395150	42	RESP=1
12405176	42	STIM=w
12408848	42	RESP=1
12420666	42	STIM=q
12424443	42	RESP=1
12438268	42	STIM=u
12440784	42	RESP=1
12455689	42	STIM=k
12460321	42	RESP=1
12471638	42	STIM=h
12475809	42	RESP=1
12486995	42	STIM=d
12490474	42	RESP=2
12503272	42	STIM=6
12507792	42	RESP=2
12518482	42	STIM=u
12523016	42	RESP=1
12536837	42	STIM=6
12540800	42	RESP=2
12555288	42	STIM=a
12558690	42	RESP=1
12572436	42	STIM=f
12576491	42	RESP=1
12587768	42	STIM=u
12592922	42	RESP=1
12604307	42	STIM=w
12608065	42	RESP=1
12622075	42	STIM=b
12625844	42	RESP=1
12639490	42	STIM=w
12644523	42	RESP=1
12658220	42	STIM=7
12662965	42	RESP=2
12674457	42	STIM=z
12679092	42	RESP=1
12692830	42	STIM=d
12696309	42	RESP=1
12710344	42	STIM=n
12718300	42	RESP=1
12729311	42	STIM=w
12734085	42	RESP=1
12747175	42	STIM=y
12753823	42	RESP=1
12766076	42	STIM=7
12772302	42	RESP=2
12783475	42	STIM=4
12794629	42	RESP=2
12800241	42	STIM=q
12802886	42	RESP=1
12815287	42	STIM=z
12821723	42	RESP=1
12833662	42	STIM=t
12840014	42	RESP=1
12850756	42	STIM=0
12857304	42	RESP=2
12869259	42	STIM=g
12873340	42	RESP=1
12885204	42	STIM=l
12892676	42	RESP=1
12904202	42	STIM=n
12916111	42	RESP=1
12920561	42	STIM=4
12925070	42	RESP=2
12937355	42	STIM=l
12943148	42	RESP=2
12953020	42	STIM=b
12962652	42	RESP=1
12968822	42	STIM=8
12974584	42	RESP=2
12984951	42	STIM=b
12992446	42	RESP=1
13002661	42	STIM=h
13006737	42	RESP=1
13018839	42	STIM=s
13022211	42	RESP=1
13033955	42	STIM=m
13040099	42	RESP=1
13051100	42	STIM=k
13057279	42	RESP=1
13069931	42	STIM=a
13073300	42	RESP=1
13085588	42	STIM=t
13091320	42	RESP=1
13101341	42	STIM=e
13105458	42	RESP=1
13117667	42	STIM=a
13120810	42	RESP=1
13134738	42	STIM=3
13142265	42	RESP=2
13153543	42	STIM=v
13157666	42	RESP=1
13169136	42	STIM=j
13173074	42	RESP=1
13187934	42	STIM=h
13192286	42	RESP=1
13203528	42	STIM=0
13207975	42	RESP=2
13219225	42	STIM=b
13225071	42	RESP=1
13235650	42	STIM=z
13239075	42	RESP=1
13254296	42	STIM=j
13258698	42	RESP=1
13272690	42	STIM=y
13276749	42	RESP=1
13290694	42	STIM=y
13297995	42	RESP=1
13307019	42	STIM=k
13310322	42	RESP=1
13325099	42	STIM=l
13328049	42	RESP=1
13342844	42	STIM=6
13347124	42	RESP=2
13359421	42	STIM=m
13363976	42	RESP=1
13377539	42	STIM=y
13384577	42	RESP=1
13393205	42	STIM=t
13396209	42	RESP=1
13410596	42	STIM=v
13414909	42	RESP=1
13427497	42	STIM=h
13432332	42	RESP=1
13445519	42	STIM=f
13449172	42	RESP=1
13463511	42	STIM=v
13466346	42	RESP=1
13479974	42	STIM=y
13482960	42	RESP=1
13495617	42	STIM=n
13499943	42	RESP=1
13510715	42	STIM=o
13515903	42	RESP=1
13529705	42	STIM=e
13536344	42	RESP=1
13546296	42	STIM=w
13554743	42	RESP=1
13564425	42	STIM=o
13567815	42	RESP=1
13583265	42	STIM=r
13595194	42	RESP=1
13600734	42	STIM=j
13604801	42	RESP=1
13615834	42	STIM=m
13622249	42	RESP=1
13633525	42	STIM=c
13637638	42	RESP=1
13650884	42	STIM=l
13657401	42	RESP=1
13666458	42	STIM=f
13669368	42	RESP=1
13684114	42	STIM=u
13692731	42	RESP=1
13699713	42	STIM=9
13704037	42	RESP=2
13714757	42	STIM=5
13722555	42	RESP=2
13731851	42	STIM=a
13736587	42	RESP=1
13750797	42	STIM=i
13756100	42	RESP=1
13768259	42	STIM=w
13773100	42	RESP=1
13784200	42	STIM=l
13795691	42	RESP=1
13801762	42	STIM=x
13806949	42	RESP=1
13820091	42	STIM=m
13824300	42	RESP=1
13836147	42	STIM=u
13839876	42	RESP=1
13854542	42	STIM=v
13860976	42	RESP=1
13870753	42	STIM=5
13882172	42	RESP=2
13889346	42	STIM=j
13892301	42	RESP=1
13906792	42	STIM=t
13912475	42	RESP=2
13923056	42	STIM=i
13927775	42	RESP=1
13940763	42	STIM=w
13946212	42	RESP=1
13958138	42	STIM=a
13962129	42	RESP=1
13977050	42	STIM=p
13981104	42	RESP=1
13994761	42	STIM=m
14001423	42	RESP=1
14012347	42	STIM=w
14016648	42	RESP=1
14030026	42	STIM=p
14036672	42	RESP=1
14048400	42	STIM=y
14056472	42	RESP=1
14064452	42	STIM=h
14075273	42	RESP=1
14081089	42	STIM=s
14086145	42	RESP=1
14099521	42	STIM=z
14104098	42	RESP=1
14114923	42	STIM=e
14118744	42	RESP=1
14132148	42	STIM=h
14136336	42	RESP=1
14148821	42	STIM=u
14151415	42	RESP=1
14166549	42	STIM=f
14170030	42	RESP=1
14185372	42	STIM=4
14192979	42	RESP=2
14203205	42	STIM=w
14207418	42	RESP=1
14221857	42	STIM=c
14225281	42	RESP=1
14240295	42	STIM=4
14243584	42	RESP=2
14258876	42	STIM=r
14266059	42	RESP=1
14276279	42	STIM=9
14279858	42	RESP=2
14294457	42	STIM=f
14300096	42	RESP=1
14310760	42	STIM=i
14314697	42	RESP=1
14326598	42	STIM=i
14333564	42	RESP=1
14344751	42	STIM=b
14351584	42	RESP=1
14363328	42	STIM=2
14371071	42	RESP=2
14379718	42	STIM=r
14383787	42	RESP=1
14397986	42	STIM=4
14403101	42	RESP=2
14413070	42	STIM=c
14418870	42	RESP=1
14429540	42	STIM=w
14435471	42	RESP=1
14446681	42	STIM=g
14449704	42	RESP=1
14464277	42	STIM=1
14471486	42	RESP=2
14479825	42	STIM=j
14482821	42	RESP=1
14496609	42	STIM=8
14500729	42	RESP=1
14512465	42	STIM=k
14517088	42	RESP=1
14530219	42	STIM=d
14536252	42	RESP=1
14548973	42	STIM=f
14555042	42	RESP=1
14567632	42	STIM=5
14573348	42	RESP=2
14585053	42	STIM=o
14588108	42	RESP=1
14603238	42	STIM=h
14605883	42	RESP=1
14622139	42	STIM=i
14627492	42	RESP=1
14639625	42	STIM=r
14642910	42	RESP=1
14656376	42	STIM=g
14662569	42	RESP=1
14674944	42	STIM=w
14684413	42	RESP=1
14692722	42	STIM=6
14700862	42	RESP=2
14709013	42	STIM=3
14716318	42	RESP=1
14725486	42	STIM=w
14730126	42	RESP=1
14743221	42	STIM=9
14751606	42	RESP=2
14760946	42	STIM=1
14765978	42	RESP=2
14777571	42	STIM=a
14784376	42	RESP=1
14795980	42	STIM=m
14799827	42	RESP=1
14813932	42	STIM=b
14820241	42	RESP=1
14830587	42	STIM=5
14835532	42	RESP=2
14847737	42	STIM=8
14853687	42	RESP=2
14863431	42	STIM=x
14870458	42	RESP=1
14882059	42	STIM=x
14888831	42	RESP=1
14899943	42	STIM=x
14905941	42	RESP=1
14918421	42	STIM=u
14923846	42	RESP=1
14936046	42	STIM=b
14942239	42	RESP=1
14952411	42	STIM=5
14959171	42	RESP=2
14969917	42	STIM=r
14973408	42	RESP=1
14985994	42	STIM=u
14993011	42	RESP=1
15003652	42	STIM=y
15008891	42	RESP=1
15019619	42	STIM=0
15027954	42	RESP=2
15036696	42	STIM=s
15045054	42	RESP=1
15055341	42	STIM=j
15060942	42	RESP=1
15071204	42	STIM=j
15075935	42	RESP=1
15089948	42	STIM=t
15094494	42	RESP=1
15108537	42	STIM=d
15113573	42	RESP=1
15125171	42	STIM=p
15132734	42	RESP=1
15143625	42	STIM=i
15147937	42	RESP=1
15158721	42	STIM=h
15163299	42	RESP=1
15175448	42	STIM=o
15179382	42	RESP=1
15193509	42	STIM=y
15196257	42	RESP=1
15212153	42	STIM=w
15220645	42	RESP=1
15228890	42	STIM=b
15233133	42	RESP=1
15244296	42	STIM=o
15248962	42	RESP=1
15263212	42	STIM=2
15267683	42	RESP=2
15279817	42	STIM=3
15284540	42	RESP=2
15297046	42	STIM=j
15300717	42	RESP=1
15313351	42	STIM=z
15317015	42	RESP=1
15329741	42	STIM=b
15333845	42	RESP=1
15347896	42	STIM=q
15351349	42	RESP=1
15363911	42	STIM=h
15367255	42	RESP=1
15381950	42	STIM=m
15384884	42	RESP=2
15397364	42	STIM=5
15407223	42	RESP=1
15415625	42	STIM=w
15421018	42	RESP=1
15432632	42	STIM=e
15437374	42	RESP=1
15449156	42	STIM=x
15455085	42	RESP=1
15464725	42	STIM=x
15470936	42	RESP=1
15481083	42	STIM=n
15484373	42	RESP=1
15496685	42	STIM=q
15499689	42	RESP=1
15514271	42	STIM=3
15519229	42	RESP=2
15531112	42	STIM=q
15535354	42	RESP=2
15547611	42	STIM=a
15550707	42	RESP=2
15563084	42	STIM=b
15565901	42	RESP=1
15581359	42	STIM=n
15587885	42	RESP=1
15598804	42	STIM=b
15605309	42	RESP=1
15617686	42	STIM=w
15623535	42	RESP=1
15636595	42	STIM=z
15641960	42	RESP=2
15652827	42	STIM=q
15656084	42	RESP=1
15670093	42	STIM=1
15675376	42	RESP=1
15687282	42	STIM=r
15690161	42	RESP=1
15703209	42	STIM=9
15709494	42	RESP=2
15720437	42	STIM=r
15727135	42	RESP=1
15738515	42	STIM=c
15742321	42	RESP=1
15755636	42	STIM=g
15760731	42	RESP=1
15771420	42	STIM=t
15774114	42	RESP=1
15788318	42	STIM=y
15793342	42	RESP=1
15804945	42	STIM=c
15810091	42	RESP=1
15823267	42	STIM=7
15830739	42	RESP=2
15841883	42	STIM=l
15849207	42	RESP=1
15857396	42	STIM=o
15860115	42	RESP=1
15874288	42	STIM=c
15878129	42	RESP=1
15892729	42	STIM=k
15897565	42	RESP=1
15909309	42	STIM=8
15913232	42	RESP=2
15928304	42	STIM=u
15931772	42	RESP=1
15945241	42	STIM=z
15951542	42	RESP=1
15961437	42	STIM=x
15965324	42	RESP=2
15979177	42	STIM=r
15987318	42	RESP=1
15995413	42	STIM=i
15999541	42	RESP=2
16013271	42	STIM=i
16019142	42	RESP=1
16031568	42	STIM=p
16037976	42	RESP=1
16049038	42	STIM=1
16057365	42	RESP=2
16066906	42	STIM=5
16072660	42	RESP=2
16081995	42	STIM=b
16085389	42	RESP=1
16097023	42	STIM=8
16103264	42	RESP=1
16113674	42	STIM=s
16118612	42	RESP=2
16131136	42	STIM=n
16136793	42	RESP=1
16148023	42	STIM=s
16153208	42	RESP=1
16166741	42	STIM=c
16176956	42	RESP=1
16184888	42	STIM=x
16189456	42	RESP=1
16202146	42	STIM=7
16206026	42	RESP=2
16219822	42	STIM=m
16226291	42	RESP=1
16235554	42	STIM=j
16238667	42	RESP=1
16254338	42	STIM=w
16260036	42	RESP=1
16271026	42	STIM=1
16277655	42	RESP=1
16289711	42	STIM=l
16297107	42	RESP=1
16307726	42	STIM=o
16316970	42	RESP=1
16325884	42	STIM=c
16332514	42	RESP=1
16342685	42	STIM=8
16348532	42	RESP=2
16360084	42	STIM=c
16364735	42	RESP=1
16377999	42	STIM=7
16382844	42	RESP=2
16396864	42	STIM=w
16401815	42	RESP=1
16412549	42	STIM=d
16417879	42	RESP=1
16429200	42	STIM=d
16433293	42	RESP=1
16447901	42	STIM=r
16451738	42	RESP=1
16466245	42	STIM=e
16469774	42	RESP=1
16483388	42	STIM=h
16488702	42	RESP=1
16501857	42	STIM=2
16508992	42	RESP=2
16516918	42	STIM=6
16522308	42	RESP=1
16534247	42	STIM=h
16538442	42	RESP=1
16549725	42	STIM=g
16557756	42	RESP=1
16567249	42	STIM=f
16570158	42	RESP=1
16582745	42	STIM=e
16589255	42	RESP=1
16601257	42	STIM=a
16606734	42	RESP=2
16619603	42	STIM=z
16623196	42	RESP=1
16635072	42	STIM=7
16639570	42	RESP=2
16652070	42	STIM=w
16658593	42	RESP=1
16670477	42	STIM=1
16675470	42	RESP=2
16687327	42	STIM=k
16691769	42	RESP=1
16704117	42	STIM=k
16708247	42	RESP=1
16721158	42	STIM=v
16726337	42	RESP=1
16737787	42	STIM=0
16742054	42	RESP=2
16753932	42	STIM=g
16762016	42	RESP=1
16771387	42	STIM=9
16777328	42	RESP=2
16787001	42	STIM=f
16792279	42	RESP=1
16802750	42	STIM=w
16808110	42	RESP=1
16819511	42	STIM=y
16825971	42	RESP=1
16836495	42	STIM=h
16840186	42	RESP=1
16852388	42	STIM=x
16856783	42	RESP=1
16870897	42	STIM=6
16877836	42	RESP=2
16888633	42	STIM=z
16895203	42	RESP=1
16906778	42	STIM=d
16913061	42	RESP=1
16925482	42	STIM=d
16930307	42	RESP=1
16941487	42	STIM=p
16947447	42	RESP=1
16956876	42	STIM=c
16959874	42	RESP=1
16974624	42	STIM=l
16979904	42	RESP=1
16991019	42	STIM=3
16995312	42	RESP=2
17007975	42	STIM=q
17014069	42	RESP=1
17026218	42	STIM=5
17033091	42	RESP=2
17044712	42	STIM=0
17050154	42	RESP=2
17061122	42	STIM=7
17066240	42	RESP=2
17078762	42	STIM=x
17086326	42	RESP=1
17097351	42	STIM=f
17100056	42	RESP=1
17114061	42	STIM=3
17119470	42	RESP=1
17132956	42	STIM=q
17135530	42	RESP=1
17150202	42	STIM=a
17157678	42	RESP=1
17165914	42	STIM=j
17170014	42	RESP=1
17183818	42	STIM=y
17190166	42	RESP=1
17200347	42	STIM=o
17210073	42	RESP=1
17217023	42	STIM=o
17224648	42	RESP=1
17235212	42	STIM=m
17238968	42	RESP=2
17252816	42	STIM=f
17255997	42	RESP=1
17267826	42	STIM=w
17270768	42	RESP=1
17285523	42	STIM=1
17289803	42	RESP=2
17301459	42	STIM=m
17304944	42	RESP=1
17317795	42	STIM=c
17321208	42	RESP=2
17333047	42	STIM=m
17337036	42	RESP=1
17349022	42	STIM=a
17354081	42	RESP=1
17365714	42	STIM=5
17370575	42	RESP=2
17384395	42	STIM=s
17386986	42	RESP=1
17399815	42	STIM=y
17404370	42	RESP=1
17418603	42	STIM=w
17422075	42	RESP=1
17435061	42	STIM=u
17439313	42	RESP=1
17452872	42	STIM=5
17461469	42	RESP=2
17471071	42	STIM=6
17476411	42	RESP=2
17487368	42	STIM=i
17496970	42	RESP=1
17503461	42	STIM=h
17509107	42	RESP=1
17521902	42	STIM=i
17527840	42	RESP=1
17540841	42	STIM=u
17545415	42	RESP=1
17559361	42	STIM=r
17568705	42	RESP=1
17574711	42	STIM=u
17579718	42	RESP=1
17591725	42	STIM=n
17594721	42	RESP=1
17608578	42	STIM=u
17612692	42	RESP=1
17627287	42	STIM=l
17634303	42	RESP=1
17644122	42	STIM=s
17655995	42	RESP=1
17659880	42	STIM=y
17666546	42	RESP=1
17678144	42	STIM=w
17680755	42	RESP=1
17693638	42	STIM=d
17697296	42	RESP=1
17708645	42	STIM=b
17712767	42	RESP=1
17724753	42	STIM=b
17729400	42	RESP=1
17743132	42	STIM=d
17746850	42	RESP=1
17760264	42	STIM=g
17764276	42	RESP=1
17777220	42	STIM=k
17783045	42	RESP=1
17794056	42	STIM=j
17800222	42	RESP=1
17812088	42	STIM=o
17818555	42	RESP=1
17827429	42	STIM=u
17832533	42	RESP=1
17845464	42	STIM=p
17851421	42	RESP=1
17863669	42	STIM=d
17869183	42	RESP=1
17879630	42	STIM=f
17883857	42	RESP=1
17896449	42	STIM=v
17902324	42	RESP=1
17912901	42	STIM=n
17916995	42	RESP=1
17929832	42	STIM=9
17939748	42	RESP=2
17948662	42	STIM=9
17954819	42	RESP=2
17967201	42	STIM=z
17970456	42	RESP=1
17984700	42	STIM=x
17990401	42	RESP=1
18001731	42	STIM=a
18006478	42	RESP=1
18017269	42	STIM=5
18022254	42	RESP=2
18036019	42	STIM=7
18043042	42	RESP=2
18054052	42	STIM=x
18056785	42	RESP=1
18071513	42	STIM=s
18075005	42	RESP=1
18090510	42	STIM=v
18093988	42	RESP=1
18107520	42	STIM=b
18110915	42	RESP=1
18126295	42	STIM=f
18130909	42	RESP=1
18143620	42	STIM=e
18146251	42	RESP=1
18159210	42	STIM=k
18161840	42	RESP=1
18175990	42	STIM=v
18180635	42	RESP=1
18193605	42	STIM=k
18197479	42	RESP=1
18210537	42	STIM=a
18213648	42	RESP=1
18226429	42	STIM=s
18232376	42	RESP=1
18245214	42	STIM=i
18249304	42	RESP=1
18260617	42	STIM=b
18264333	42	RESP=2
18279094	42	STIM=7
18283274	42	RESP=2
18296252	42	STIM=g
18300442	42	RESP=1
18314688	42	STIM=v
18320564	42	RESP=1
18329826	42	STIM=w
18333794	42	RESP=1
18347598	42	STIM=i
18355189	42	RESP=1
18365490	42	STIM=4
18372694	42	RESP=1
18383730	42	STIM=i
18389793	42	RESP=1
18400491	42	STIM=s
18406497	42	RESP=1
18416560	42	STIM=v
18419559	42	RESP=1
18433445	42	STIM=1
18438533	42	RESP=1
18450173	42	STIM=j
18453676	42	RESP=1
18467220	42	STIM=5
18474869	42	RESP=2
18483283	42	STIM=5
18486493	42	RESP=1
18501439	42	STIM=l
18505556	42	RESP=1
18518449	42	STIM=h
18523033	42	RESP=1
18534439	42	STIM=s
18538816	42	RESP=1
18553438	42	STIM=v
18563465	42	RESP=1
18570003	42	STIM=z
18573892	42	RESP=1
18585488	42	STIM=i
18591411	42	RESP=1
18602894	42	STIM=b
18608963	42	RESP=1
18620031	42	STIM=7
18627182	42	RESP=2
18635562	42	STIM=7
18643432	42	RESP=2
18653818	42	STIM=u
18663166	42	RESP=1
18669330	42	STIM=w
18673509	42	RESP=1
18686768	42	STIM=q
18695317	42	RESP=1
18704541	42	STIM=e
18708460	42	RESP=2
18721645	42	STIM=i
18725503	42	RESP=1
18739896	42	STIM=g
18745775	42	RESP=1
18757103	42	STIM=y
18763534	42	RESP=1
18775570	42	STIM=0
18783560	42	RESP=2
18793213	42	STIM=s
18797367	42	RESP=1
18810956	42	STIM=o
18814254	42	RESP=1
18828651	42	STIM=f
18833913	42	RESP=1
18844644	42	STIM=1
18849567	42	RESP=2
18863311	42	STIM=m
18867053	42	RESP=1
18879090	42	STIM=j
18887274	42	RESP=1
18894097	42	STIM=m
18898124	42	RESP=1
18910401	42	STIM=9
18915443	42	RESP=2
18926111	42	STIM=t
18931189	42	RESP=1
18943238	42	STIM=s
18946567	42	RESP=1
18958943	42	STIM=t
18964999	42	RESP=1
18977349	42	STIM=k
18980713	42	RESP=1
18993539	42	STIM=6
19001702	42	RESP=1
19011168	42	STIM=w
19015172	42	RESP=1
19027569	42	STIM=o
19030101	42	RESP=1
19044839	42	STIM=s
19051416	42	RESP=1
19062925	42	STIM=u
19065835	42	RESP=1
19080305	42	STIM=w
19085283	42	RESP=1
19098769	42	STIM=a
19103213	42	RESP=1
19114478	42	STIM=f
19119411	42	RESP=1
19131503	42	STIM=2
19135039	42	RESP=2
19146597	42	STIM=s
19151366	42	RESP=1
19164675	42	STIM=8
19169259	42	RESP=2
19180903	42	STIM=w
19187594	42	RESP=1
19199718	42	STIM=r
19203622	42	RESP=1
19215879	42	STIM=u
19222036	42	RESP=1
19234823	42	STIM=g
19240143	42	RESP=1
19251224	42	STIM=j
19256499	42	RESP=1
19267602	42	STIM=b
19274788	42	RESP=1
19285957	42	STIM=r
19290660	42	RESP=1
19303896	42	STIM=e
19308026	42	RESP=1
19322800	42	STIM=8
19327553	42	RESP=2
19338919	42	STIM=l
19343593	42	RESP=1
19355697	42	STIM=p
19364493	42	RESP=1
19373626	42	STIM=o
19378058	42	RESP=1
19390806	42	STIM=q
19395390	42	RESP=1
19408079	42	STIM=v
19413599	42	RESP=1
19425030	42	STIM=k
19429786	42	RESP=1
19440894	42	STIM=8
19446190	42	RESP=2
19456508	42	STIM=y
19460855	42	RESP=1
19474501	42	STIM=x
19476871	42	RESP=2
19491403	42	STIM=g
19495102	42	RESP=1
19509443	42	STIM=s
19512705	42	RESP=1
19528186	42	STIM=n
19532135	42	RESP=1
19545282	42	STIM=w
19550475	42	RESP=1
19562110	42	STIM=e
19564693	42	RESP=1
19580414	42	STIM=x
19587922	42	RESP=1
19596088	42	STIM=h
19600086	42	RESP=1
19614627	42	STIM=i
19619628	42	RESP=1
19631704	42	STIM=i
19636939	42	RESP=1
19647991	42	STIM=r
19653068	42	RESP=1
19665998	42	STIM=t
19669651	42	RESP=1
19682281	42	STIM=0
19692941	42	RESP=2
19699392	42	STIM=9
19705806	42	RESP=2
19716355	42	STIM=j
19720623	42	RESP=1
19732071	42	STIM=w
19737435	42	RESP=1
19747290	42	STIM=9
19751418	42	RESP=2
19764585	42	STIM=v
19770981	42	RESP=1
19782349	42	STIM=m
19791957	42	RESP=1
19800059	42	STIM=2
19808145	42	RESP=2
19816864	42	STIM=x
19822643	42	RESP=1
19832252	42	STIM=x
19839133	42	RESP=1
19850480	42	STIM=t
19856932	42	RESP=1
19866992	42	STIM=5
19873827	42	RESP=2
19885055	42	STIM=w
19891525	42	RESP=1
19903687	42	STIM=u
19908051	42	RESP=1
19921886	42	STIM=e
19925307	42	RESP=1
19937421	42	STIM=x
19942054	42	RESP=1
19954944	42	STIM=8
19958932	42	RESP=2
19971562	42	STIM=a
19974083	42	RESP=1
19988766	42	STIM=a
19991777	42	RESP=1
20007132	42	STIM=s
20013445	42	RESP=1
20025845	42	STIM=k
20031163	42	RESP=1
20043819	42	STIM=i
20047733	42	RESP=1
20060677	42	STIM=j
20063423	42	RESP=1
20078020	42	STIM=d
20083468	42	RESP=1
20093587	42	STIM=i
20097286	42	RESP=1
20109388	42	STIM=7
20115749	42	RESP=2
20125781	42	STIM=w
20131490	42	RESP=1
20141658	42	STIM=k
20145939	42	RESP=1
20158754	42	STIM=n
20162839	42	RESP=1
20177562	42	STIM=y
20181254	42	RESP=1
20193900	42	STIM=v
20199911	42	RESP=1
20211746	42	STIM=3
20217594	42	RESP=2
20229348	42	STIM=s
20232285	42	RESP=1
20244763	42	STIM=f
20250568	42	RESP=1
20260488	42	STIM=4
20265062	42	RESP=2
20277884	42	STIM=z
20283699	42	RESP=1
20293698	42	STIM=8
20299862	42	RESP=2
20311891	42	STIM=s
20314870	42	RESP=1
20330261	42	STIM=a
20335144	42	RESP=2
20348183	42	STIM=k
20351712	42	RESP=1
20365507	42	STIM=h
20370698	42	RESP=1
20382269	42	STIM=y
20386816	42	RESP=1
20400750	42	STIM=i
20410519	42	RESP=1
20419545	42	STIM=2
20426380	42	RESP=2
20437472	42	STIM=o
20442158	42	RESP=1
20453146	42	STIM=z
20459986	42	RESP=1
20471887	42	STIM=q
20478607	42	RESP=1
20487430	42	STIM=f
20491657	42	RESP=1
20504062	42	STIM=g
20509275	42	RESP=1
20520997	42	STIM=q
20525793	42	RESP=1
20536801	42	STIM=v
20543341	42	RESP=1
20554659	42	STIM=z
20558299	42	RESP=1
20572815	42	STIM=l
20575632	42	RESP=1
20591262	42	STIM=4
20595606	42	RESP=2
20609341	42	STIM=u
20614615	42	RESP=1
20624486	42	STIM=o
20629463	42	RESP=1
20640216	42	STIM=s
20645207	42	RESP=1
20656643	42	STIM=4
20660194	42	RESP=2
20675052	42	STIM=3
20680925	42	RESP=2
20692755	42	STIM=6
20697450	42	RESP=2
20708210	42	STIM=h
20710860	42	RESP=1
20725561	42	STIM=0
20729800	42	RESP=2
20741441	42	STIM=i
20747301	42	RESP=1
20759707	42	STIM=r
20769200	42	RESP=1
20777355	42	STIM=j
20781099	42	RESP=1
20795179	42	STIM=f
20799955	42	RESP=1
20810875	42	STIM=7
20817906	42	RESP=2
20827098	42	STIM=n
20832412	42	RESP=1
20842363	42	STIM=h
20846169	42	RESP=1
20860543	42	STIM=m
20863703	42	RESP=1
20878749	42	STIM=w
20881828	42	RESP=1
20896747	42	STIM=a
20903087	42	RESP=1
20912896	42	STIM=y
20919844	42	RESP=1
20931741	42	STIM=9
20939058	42	RESP=2
20947914	42	STIM=y
20951848	42	RESP=1
20966119	42	STIM=9
20974396	42	RESP=2
20982653	42	STIM=6
20986791	42	RESP=2
20998149	42	STIM=m
21001750	42	RESP=1
21014692	42	STIM=0
21018644	42	RESP=2
21030180	42	STIM=k
21033990	42	RESP=1
21047176	42	STIM=t
21050713	42	RESP=1
21064139	42	STIM=g
21068230	42	RESP=1
21079430	42	STIM=l
21082263	42	RESP=1
21095385	42	STIM=n
21102606	42	RESP=1
21112968	42	STIM=8
21118524	42	RESP=2
21129458	42	STIM=2
21135599	42	RESP=2
21148277	42	STIM=0
21151470	42	RESP=2
21166478	42	STIM=q
21175677	42	RESP=1
21182607	42	STIM=y
21189085	42	RESP=2
21198257	42	STIM=1
21203283	42	RESP=2
21214427	42	STIM=j
21217739	42	RESP=1
21232441	42	STIM=o
21236071	42	RESP=1
21250179	42	STIM=c
21255021	42	RESP=1
21267757	42	STIM=c
21271005	42	RESP=1
21282911	42	STIM=w
21289044	42	RESP=1
21298515	42	STIM=l
21306176	42	RESP=1
21314754	42	STIM=f
21318235	42	RESP=1
21332021	42	STIM=u
21335038	42	RESP=1
21350484	42	STIM=3
21354058	42	RESP=2
21366857	42	STIM=l
21372942	42	RESP=1
21385050	42	STIM=x
21392453	42	RESP=1
21402913	42	STIM=f
21406226	42	RESP=1
21419487	42	STIM=u
21423674	42	RESP=1
21435717	42	STIM=b
21439825	42	RESP=1
21452692	42	STIM=d
21457982	42	RESP=1
21471160	42	STIM=h
21475763	42	RESP=1
21487486	42	STIM=f
21491970	42	RESP=2
21502626	42	STIM=g
21507300	42	RESP=1
21518801	42	STIM=z
21522603	42	RESP=1
21535667	42	STIM=s
21540267	42	RESP=1
21551966	42	STIM=o
21555689	42	RESP=1
21567205	42	STIM=a
21570438	42	RESP=1
21583310	42	STIM=6
21587260	42	RESP=2
21598847	42	STIM=2
21603987	42	RESP=2
21615369	42	STIM=8
21620140	42	RESP=2
21634079	42	STIM=i
21637108	42	RESP=1
21651565	42	STIM=u
21655487	42	RESP=1
21669073	42	STIM=j
21675550	42	RESP=1
21685498	42	STIM=w
21689741	42	RESP=1
21703980	42	STIM=j
21708219	42	RESP=1
21721929	42	STIM=4
21726210	42	RESP=2
21738032	42	STIM=8
21743126	42	RESP=2
21753135	42	STIM=a
21758473	42	RESP=1
21771641	42	STIM=8
21776295	42	RESP=2
21787266	42	STIM=c
21793577	42	RESP=1
21802925	42	STIM=c
21807404	42	RESP=1
21818701	42	STIM=t
21823178	42	RESP=1
21836260	42	STIM=7
21841348	42	RESP=2
21851366	42	STIM=k
21858075	42	RESP=1
21866485	42	STIM=1
21874858	42	RESP=2
